                T3:1              <= [3.0]: 'OK'
                T3:1[    0-0    ] <= [3.0]
                T3:1              <= [3.0]: 'OK'
                T3:1[    0-0    ] <= [3.0]
                T3:1              <= [3.0]: 'OK'
                T3:1[    0-0    ] <= [3.0]
                T3:1              <= [3.0]: 'OK'
                T3:1[    0-0    ] <= [3.0]
                T3:1              <= [3.0]: 'OK'
                T3:1[    0-0    ] <= [3.0]
                T3:1              <= [3.0]: 'OK'
                T3:1[    0-0    ] <= [3.0]
                T3:1[    0-0    ] <= [3.0]
                T3:1              <= [3.0]: 'OK'
                T3:1              <= [3.0]: 'OK'
                T3:1[    0-0    ] <= [3.0]
                T3:1              <= [3.0]: 'OK'
                T3:1[    0-0    ] <= [3.0]
                T3:1[    0-0    ] <= [3.0]
                T3:1              <= [3.0]: 'OK'
                T3:1              <= [3.0]: 'OK'
                T3:1[    0-0    ] <= [3.0]
                T3:1              <= [3.0]: 'OK'
                T3:1[    0-0    ] <= [3.0]
                T3:1              <= [2.0736985]: 'OK'
                T3:1[    0-0    ] <= [2.0736985206604004]
                T3:1              <= [2.0736985]: 'OK'
                T3:1[    0-0    ] <= [2.0736985206604004]
                T3:1[    0-0    ] <= [2.0736985206604004]
                T3:1              <= [2.0736985]: 'OK'
                T3:1              <= [2.0736985]: 'OK'
                T3:1[    0-0    ] <= [2.0736985206604004]
                T3:1              <= [2.0736985]: 'OK'
                T3:1[    0-0    ] <= [2.0736985206604004]
                T3:1[    0-0    ] <= [2.0736985206604004]
                T3:1              <= [2.0736985]: 'OK'
                T3:1              <= [2.0736985]: 'OK'
                T3:1[    0-0    ] <= [2.0736985206604004]
                T3:1              <= [2.0736985]: 'OK'
                T3:1[    0-0    ] <= [2.0736985206604004]
                T3:1              <= [2.0736985]: 'OK'
                T3:1[    0-0    ] <= [2.0736985206604004]
                T3:1              <= [2.0736985]: 'OK'
                T3:1[    0-0    ] <= [2.0736985206604004]
                T3:1              <= [2.0736985]: 'OK'
                T3:1[    0-0    ] <= [2.0736985206604004]
                T3:1              <= [2.0736985]: 'OK'
                T3:1[    0-0    ] <= [2.0736985206604004]
                T3:1              <= [2.0736985]: 'OK'
                T3:1[    0-0    ] <= [2.0736985206604004]
                T3:1[    0-0    ] <= [2.0736985206604004]
                T3:1              <= [2.0736985]: 'OK'
                T3:1              <= [2.0736985]: 'OK'
                T3:1[    0-0    ] <= [2.0736985206604004]
                T3:1              <= [2.0736985]: 'OK'
                T3:1[    0-0    ] <= [2.0736985206604004]
                T3:1              <= [2.0736985]: 'OK'
                T3:1[    0-0    ] <= [2.0736985206604004]
                T3:1              <= [2.0736985]: 'OK'
                T3:1[    0-0    ] <= [2.0736985206604004]
                T3:1              <= [2.0736985]: 'OK'
                T3:1[    0-0    ] <= [2.0736985206604004]
                T3:1[    0-0    ] <= [2.0736985206604004]
                T3:1              <= [2.0736985]: 'OK'
                T3:1              <= [2.0736985]: 'OK'
                T3:1[    0-0    ] <= [2.0736985206604004]
                T3:1              <= [2.0736985]: 'OK'
                T3:1[    0-0    ] <= [2.0736985206604004]
                T3:1              <= [2.0736985]: 'OK'
                T3:1[    0-0    ] <= [2.0736985206604004]
                T3:1              <= [2.0736985]: 'OK'
                T3:1[    0-0    ] <= [2.0736985206604004]
                T3:1              <= [2.0736985]: 'OK'
                T3:1[    0-0    ] <= [2.0736985206604004]
                T3:1              <= [2.0736985]: 'OK'
                T3:1[    0-0    ] <= [2.0736985206604004]
                T3:1              <= [2.0736985]: 'OK'
                T3:1[    0-0    ] <= [2.0736985206604004]
                T3:1              <= [2.0736985]: 'OK'
                T3:1[    0-0    ] <= [2.0736985206604004]
                T3:1              <= [2.0736985]: 'OK'
                T3:1[    0-0    ] <= [2.0736985206604004]
                T3:1              <= [2.0736985]: 'OK'
                T3:1[    0-0    ] <= [2.0736985206604004]
                T3:1              <= [2.0736985]: 'OK'
                T3:1[    0-0    ] <= [2.0736985206604004]
                T3:1              <= [2.0736985]: 'OK'
                T3:1[    0-0    ] <= [2.0736985206604004]
                T3:1              <= [2.0736985]: 'OK'
                T3:1[    0-0    ] <= [2.0736985206604004]
                T3:1              <= [2.0736985]: 'OK'
                T3:1[    0-0    ] <= [2.0736985206604004]
                T3:1              <= [2.0736985]: 'OK'
                T3:1[    0-0    ] <= [2.0736985206604004]
                T3:1              <= [2.0736985]: 'OK'
                T3:1[    0-0    ] <= [2.0736985206604004]
                T3:1              <= [2.0736985]: 'OK'
                T3:1[    0-0    ] <= [2.0736985206604004]
                T3:1              <= [2.0736985]: 'OK'
                T3:1[    0-0    ] <= [2.0736985206604004]
                T3:1              <= [2.0736985]: 'OK'
                T3:1[    0-0    ] <= [2.0736985206604004]
                T3:1              <= [2.0736985]: 'OK'
                T3:1[    0-0    ] <= [2.0736985206604004]
                T3:1              <= [2.0736985]: 'OK'
                T3:1[    0-0    ] <= [2.0736985206604004]
                T3:1              <= [2.0736985]: 'OK'
                T3:1[    0-0    ] <= [2.0736985206604004]
                T3:1              <= [2.0736985]: 'OK'
                T3:1[    0-0    ] <= [2.0736985206604004]
                T3:1              <= [2.0736985]: 'OK'
                T3:1[    0-0    ] <= [2.0736985206604004]
                T3:1              <= [2.0736985]: 'OK'
                T3:1[    0-0    ] <= [2.0736985206604004]
                T3:1              <= [2.0736985]: 'OK'
                T3:1[    0-0    ] <= [2.0736985206604004]
                T3:1              <= [2.0736985]: 'OK'
                T3:1[    0-0    ] <= [2.0736985206604004]
                T3:1[    0-0    ] <= [2.0736985206604004]
                T3:1              <= [2.0736985]: 'OK'
                T3:1              <= [2.0736985]: 'OK'
                T3:1[    0-0    ] <= [2.0736985206604004]
                T3:1              <= [2.0736985]: 'OK'
                T3:1[    0-0    ] <= [2.0736985206604004]
                T3:1              <= [2.0736985]: 'OK'
                T3:1[    0-0    ] <= [2.0736985206604004]
                T3:1              <= [2.0736985]: 'OK'
                T3:1[    0-0    ] <= [2.0736985206604004]
                T3:1              <= [2.0736985]: 'OK'
                T3:1[    0-0    ] <= [2.0736985206604004]
                T3:1              <= [2.0736985]: 'OK'
                T3:1[    0-0    ] <= [2.0736985206604004]
                T3:1              <= [2.0736985]: 'OK'
                T3:1[    0-0    ] <= [2.0736985206604004]
                T3:1              <= [2.0736985]: 'OK'
                T3:1[    0-0    ] <= [2.0736985206604004]
                T3:1              <= [2.0736985]: 'OK'
                T3:1[    0-0    ] <= [2.0736985206604004]
                T3:1              <= [2.0736985]: 'OK'
                T3:1[    0-0    ] <= [2.0736985206604004]
                T3:1              <= [2.0736985]: 'OK'
                T3:1[    0-0    ] <= [2.0736985206604004]
                T3:1              <= [2.0736985]: 'OK'
                T3:1[    0-0    ] <= [2.0736985206604004]
                T3:1              <= [2.0736985]: 'OK'
                T3:1[    0-0    ] <= [2.0736985206604004]
                T3:1[    0-0    ] <= [2.0736985206604004]
                T3:1              <= [2.0736985]: 'OK'
                T3:1              <= [2.0736985]: 'OK'
                T3:1[    0-0    ] <= [2.0736985206604004]
                T3:1              <= [2.0736985]: 'OK'
                T3:1[    0-0    ] <= [2.0736985206604004]
                T3:1[    0-0    ] <= [2.0736985206604004]
                T3:1              <= [2.0736985]: 'OK'
                T3:1              <= [2.0736985]: 'OK'
                T3:1[    0-0    ] <= [2.0736985206604004]
                T3:1              <= [2.0736985]: 'OK'
                T3:1[    0-0    ] <= [2.0736985206604004]
                T3:1              <= [2.0736985]: 'OK'
                T3:1[    0-0    ] <= [2.0736985206604004]
                T3:1              <= [2.0736985]: 'OK'
                T3:1[    0-0    ] <= [2.0736985206604004]
                T3:1              <= [2.0736985]: 'OK'
                T3:1[    0-0    ] <= [2.0736985206604004]
                T3:1              <= [2.0736985]: 'OK'
                T3:1[    0-0    ] <= [2.0736985206604004]
                T3:1              <= [2.0736985]: 'OK'
                T3:1[    0-0    ] <= [2.0736985206604004]
                T3:1              <= [2.0736985]: 'OK'
                T3:1[    0-0    ] <= [2.0736985206604004]
                T3:1              <= [2.0736985]: 'OK'
                T3:1[    0-0    ] <= [2.0736985206604004]
                T3:1              <= [2.0736985]: 'OK'
                T3:1[    0-0    ] <= [2.0736985206604004]
                T3:1              <= [2.0736985]: 'OK'
                T3:1[    0-0    ] <= [2.0736985206604004]
                T3:1[    0-0    ] <= [2.0736985206604004]
                T3:1              <= [2.0736985]: 'OK'
                T3:1              <= [2.0736985]: 'OK'
                T3:1[    0-0    ] <= [2.0736985206604004]
                T3:1              <= [2.0736985]: 'OK'
                T3:1[    0-0    ] <= [2.0736985206604004]
                T3:1              <= [2.0736985]: 'OK'
                T3:1[    0-0    ] <= [2.0736985206604004]
                T3:1              <= [2.0736985]: 'OK'
                T3:1[    0-0    ] <= [2.0736985206604004]
                T3:1              <= [2.0736985]: 'OK'
                T3:1[    0-0    ] <= [2.0736985206604004]
                T3:1              <= [2.0736985]: 'OK'
                T3:1[    0-0    ] <= [2.0736985206604004]
                T3:1              <= [2.0736985]: 'OK'
                T3:1[    0-0    ] <= [2.0736985206604004]
                T3:1              <= [2.0736985]: 'OK'
                T3:1[    0-0    ] <= [2.0736985206604004]
                T3:1              <= [2.0736985]: 'OK'
                T3:1[    0-0    ] <= [2.0736985206604004]
                T3:1[    0-0    ] <= [2.0736985206604004]
                T3:1              <= [2.0736985]: 'OK'
                T3:1              <= [2.0736985]: 'OK'
                T3:1[    0-0    ] <= [2.0736985206604004]
                T3:1              <= [2.0736985]: 'OK'
                T3:1[    0-0    ] <= [2.0736985206604004]
                T3:1              <= [2.0736985]: 'OK'
                T3:1[    0-0    ] <= [2.0736985206604004]
                T3:1              <= [2.0736985]: 'OK'
                T3:1[    0-0    ] <= [2.0736985206604004]
                T3:1              <= [2.0736985]: 'OK'
                T3:1[    0-0    ] <= [2.0736985206604004]
                T3:1              <= [2.0736985]: 'OK'
                T3:1[    0-0    ] <= [2.0736985206604004]
                T3:1              <= [2.0736985]: 'OK'
                T3:1[    0-0    ] <= [2.0736985206604004]
                T3:1              <= [2.0736985]: 'OK'
                T3:1[    0-0    ] <= [2.0736985206604004]
                T3:1              <= [2.0736985]: 'OK'
                T3:1[    0-0    ] <= [2.0736985206604004]
                T3:1              <= [2.0736985]: 'OK'
                T3:1[    0-0    ] <= [2.0736985206604004]
                T3:1              <= [2.0736985]: 'OK'
                T3:1[    0-0    ] <= [2.0736985206604004]
                T3:1              <= [2.0736985]: 'OK'
                T3:1[    0-0    ] <= [2.0736985206604004]
                T3:1              <= [2.0736985]: 'OK'
                T3:1[    0-0    ] <= [2.0736985206604004]
                T3:1              <= [2.0736985]: 'OK'
                T3:1[    0-0    ] <= [2.0736985206604004]
                T3:1              <= [2.0736985]: 'OK'
                T3:1[    0-0    ] <= [2.0736985206604004]
                T3:1              <= [2.0736985]: 'OK'
                T3:1[    0-0    ] <= [2.0736985206604004]
                T3:1              <= [2.0736985]: 'OK'
                T3:1[    0-0    ] <= [2.0736985206604004]
                T3:1              <= [2.0736985]: 'OK'
                T3:1[    0-0    ] <= [2.0736985206604004]
DEBUG get_query: SELECT value FROM ctown WHERE name = ? AND pid = ?
DEBUG set_query: UPDATE ctown SET value = ? WHERE name = ? AND pid = ?
DEBUG EnipProtocol server addr:  192.168.1.1
DEBUG: concatenating server address with default port.
DEBUG enip server tags_string:  T3:1=REAL CONTROL:1=REAL 
DEBUG enip _start_server cmd:  ['/usr/bin/python', '-m', 'cpppo.server.enip', '--print', '--log', 'logs/protocols_tests_enip_server', '--address', '192.168.1.1:44818', 'T3:1=REAL', 'CONTROL:1=REAL']
DEBUG: plc4 enters pre_loop
Starting main loop
DEBUG plc shutdown
IF WE PRINT THIS, IT MEANS THE GENERIC PLC CODE WORKS! YASSSS!!!
                T3:1              <= [2.0736985]: 'OK'
                T3:1[    0-0    ] <= [2.0736985206604004]
plc4
Stopping Tcp dump process on PLC...
Stopping PLC...
