                T4:1              <= [2.5]: 'OK'
                T4:1[    0-0    ] <= [2.5]
                T4:1              <= [2.5]: 'OK'
                T4:1[    0-0    ] <= [2.5]
                T4:1              <= [2.5]: 'OK'
                T4:1[    0-0    ] <= [2.5]
                T4:1              <= [2.5]: 'OK'
                T4:1[    0-0    ] <= [2.5]
                T4:1[    0-0    ] <= [2.5]
                T4:1              <= [2.5]: 'OK'
                T4:1              <= [2.5]: 'OK'
                T4:1[    0-0    ] <= [2.5]
                T4:1              <= [2.5]: 'OK'
                T4:1[    0-0    ] <= [2.5]
                T4:1              <= [2.5]: 'OK'
                T4:1[    0-0    ] <= [2.5]
                T4:1              <= [2.5]: 'OK'
                T4:1[    0-0    ] <= [2.5]
                T4:1              <= [2.5]: 'OK'
                T4:1[    0-0    ] <= [2.5]
                T4:1              <= [2.5]: 'OK'
                T4:1[    0-0    ] <= [2.5]
                T4:1              <= [3.5512862]: 'OK'
                T4:1[    0-0    ] <= [3.551286220550537]
                T4:1              <= [3.5512862]: 'OK'
                T4:1[    0-0    ] <= [3.551286220550537]
                T4:1              <= [3.5512862]: 'OK'
                T4:1[    0-0    ] <= [3.551286220550537]
                T4:1              <= [3.5512862]: 'OK'
                T4:1[    0-0    ] <= [3.551286220550537]
                T4:1              <= [3.5512862]: 'OK'
                T4:1[    0-0    ] <= [3.551286220550537]
                T4:1              <= [3.5512862]: 'OK'
                T4:1[    0-0    ] <= [3.551286220550537]
                T4:1              <= [3.5512862]: 'OK'
                T4:1[    0-0    ] <= [3.551286220550537]
                T4:1              <= [3.5512862]: 'OK'
                T4:1[    0-0    ] <= [3.551286220550537]
                T4:1[    0-0    ] <= [3.551286220550537]
                T4:1              <= [3.5512862]: 'OK'
                T4:1              <= [3.5512862]: 'OK'
                T4:1[    0-0    ] <= [3.551286220550537]
                T4:1              <= [3.5512862]: 'OK'
                T4:1[    0-0    ] <= [3.551286220550537]
                T4:1              <= [3.5512862]: 'OK'
                T4:1[    0-0    ] <= [3.551286220550537]
                T4:1              <= [3.5512862]: 'OK'
                T4:1[    0-0    ] <= [3.551286220550537]
                T4:1              <= [3.5512862]: 'OK'
                T4:1[    0-0    ] <= [3.551286220550537]
                T4:1              <= [3.5512862]: 'OK'
                T4:1[    0-0    ] <= [3.551286220550537]
                T4:1              <= [3.5512862]: 'OK'
                T4:1[    0-0    ] <= [3.551286220550537]
                T4:1              <= [3.5512862]: 'OK'
                T4:1[    0-0    ] <= [3.551286220550537]
                T4:1[    0-0    ] <= [3.551286220550537]
                T4:1              <= [3.5512862]: 'OK'
                T4:1              <= [3.5512862]: 'OK'
                T4:1[    0-0    ] <= [3.551286220550537]
                T4:1              <= [3.5512862]: 'OK'
                T4:1[    0-0    ] <= [3.551286220550537]
                T4:1              <= [3.5512862]: 'OK'
                T4:1[    0-0    ] <= [3.551286220550537]
                T4:1              <= [3.5512862]: 'OK'
                T4:1[    0-0    ] <= [3.551286220550537]
                T4:1              <= [3.5512862]: 'OK'
                T4:1[    0-0    ] <= [3.551286220550537]
                T4:1              <= [3.5512862]: 'OK'
                T4:1[    0-0    ] <= [3.551286220550537]
                T4:1              <= [3.5512862]: 'OK'
                T4:1[    0-0    ] <= [3.551286220550537]
                T4:1              <= [3.5512862]: 'OK'
                T4:1[    0-0    ] <= [3.551286220550537]
                T4:1[    0-0    ] <= [3.551286220550537]
                T4:1              <= [3.5512862]: 'OK'
                T4:1              <= [3.5512862]: 'OK'
                T4:1[    0-0    ] <= [3.551286220550537]
                T4:1              <= [3.5512862]: 'OK'
                T4:1[    0-0    ] <= [3.551286220550537]
                T4:1[    0-0    ] <= [3.551286220550537]
                T4:1              <= [3.5512862]: 'OK'
                T4:1              <= [3.5512862]: 'OK'
                T4:1[    0-0    ] <= [3.551286220550537]
                T4:1              <= [3.5512862]: 'OK'
                T4:1[    0-0    ] <= [3.551286220550537]
                T4:1              <= [3.5512862]: 'OK'
                T4:1[    0-0    ] <= [3.551286220550537]
                T4:1[    0-0    ] <= [3.551286220550537]
                T4:1              <= [3.5512862]: 'OK'
                T4:1              <= [3.5512862]: 'OK'
                T4:1[    0-0    ] <= [3.551286220550537]
                T4:1              <= [3.5512862]: 'OK'
                T4:1[    0-0    ] <= [3.551286220550537]
                T4:1              <= [3.5512862]: 'OK'
                T4:1[    0-0    ] <= [3.551286220550537]
                T4:1              <= [3.5512862]: 'OK'
                T4:1[    0-0    ] <= [3.551286220550537]
                T4:1              <= [3.5512862]: 'OK'
                T4:1[    0-0    ] <= [3.551286220550537]
                T4:1              <= [3.5512862]: 'OK'
                T4:1[    0-0    ] <= [3.551286220550537]
                T4:1[    0-0    ] <= [3.551286220550537]
                T4:1              <= [3.5512862]: 'OK'
                T4:1              <= [3.5512862]: 'OK'
                T4:1[    0-0    ] <= [3.551286220550537]
                T4:1              <= [3.5512862]: 'OK'
                T4:1[    0-0    ] <= [3.551286220550537]
                T4:1              <= [3.5512862]: 'OK'
                T4:1[    0-0    ] <= [3.551286220550537]
                T4:1              <= [3.5512862]: 'OK'
                T4:1[    0-0    ] <= [3.551286220550537]
                T4:1              <= [3.5512862]: 'OK'
                T4:1[    0-0    ] <= [3.551286220550537]
                T4:1              <= [3.5512862]: 'OK'
                T4:1[    0-0    ] <= [3.551286220550537]
                T4:1              <= [3.5512862]: 'OK'
                T4:1[    0-0    ] <= [3.551286220550537]
                T4:1              <= [3.5512862]: 'OK'
                T4:1[    0-0    ] <= [3.551286220550537]
                T4:1              <= [3.5512862]: 'OK'
                T4:1[    0-0    ] <= [3.551286220550537]
                T4:1              <= [3.5512862]: 'OK'
                T4:1[    0-0    ] <= [3.551286220550537]
                T4:1              <= [3.5512862]: 'OK'
                T4:1[    0-0    ] <= [3.551286220550537]
                T4:1              <= [3.5512862]: 'OK'
                T4:1[    0-0    ] <= [3.551286220550537]
                T4:1[    0-0    ] <= [3.551286220550537]
                T4:1              <= [3.5512862]: 'OK'
                T4:1              <= [3.5512862]: 'OK'
                T4:1[    0-0    ] <= [3.551286220550537]
                T4:1              <= [3.5512862]: 'OK'
                T4:1[    0-0    ] <= [3.551286220550537]
                T4:1              <= [3.5512862]: 'OK'
                T4:1[    0-0    ] <= [3.551286220550537]
                T4:1              <= [3.5512862]: 'OK'
                T4:1[    0-0    ] <= [3.551286220550537]
                T4:1              <= [3.5512862]: 'OK'
                T4:1[    0-0    ] <= [3.551286220550537]
                T4:1              <= [3.5512862]: 'OK'
                T4:1[    0-0    ] <= [3.551286220550537]
                T4:1              <= [3.5512862]: 'OK'
                T4:1[    0-0    ] <= [3.551286220550537]
                T4:1              <= [3.5512862]: 'OK'
                T4:1[    0-0    ] <= [3.551286220550537]
                T4:1              <= [3.5512862]: 'OK'
                T4:1[    0-0    ] <= [3.551286220550537]
                T4:1              <= [3.5512862]: 'OK'
                T4:1[    0-0    ] <= [3.551286220550537]
                T4:1              <= [3.5512862]: 'OK'
                T4:1[    0-0    ] <= [3.551286220550537]
                T4:1              <= [3.5512862]: 'OK'
                T4:1[    0-0    ] <= [3.551286220550537]
                T4:1              <= [3.5512862]: 'OK'
                T4:1[    0-0    ] <= [3.551286220550537]
                T4:1              <= [3.5512862]: 'OK'
                T4:1[    0-0    ] <= [3.551286220550537]
                T4:1              <= [3.5512862]: 'OK'
                T4:1[    0-0    ] <= [3.551286220550537]
                T4:1              <= [3.5512862]: 'OK'
                T4:1[    0-0    ] <= [3.551286220550537]
                T4:1              <= [3.5512862]: 'OK'
                T4:1[    0-0    ] <= [3.551286220550537]
                T4:1              <= [3.5512862]: 'OK'
                T4:1[    0-0    ] <= [3.551286220550537]
                T4:1              <= [3.5512862]: 'OK'
                T4:1[    0-0    ] <= [3.551286220550537]
                T4:1              <= [3.5512862]: 'OK'
                T4:1[    0-0    ] <= [3.551286220550537]
                T4:1              <= [3.5512862]: 'OK'
                T4:1[    0-0    ] <= [3.551286220550537]
                T4:1              <= [3.5512862]: 'OK'
                T4:1[    0-0    ] <= [3.551286220550537]
                T4:1              <= [3.5512862]: 'OK'
                T4:1[    0-0    ] <= [3.551286220550537]
                T4:1[    0-0    ] <= [3.551286220550537]
                T4:1              <= [3.5512862]: 'OK'
                T4:1              <= [3.5512862]: 'OK'
                T4:1[    0-0    ] <= [3.551286220550537]
                T4:1              <= [3.5512862]: 'OK'
                T4:1[    0-0    ] <= [3.551286220550537]
                T4:1              <= [3.5512862]: 'OK'
                T4:1[    0-0    ] <= [3.551286220550537]
                T4:1              <= [3.5512862]: 'OK'
                T4:1[    0-0    ] <= [3.551286220550537]
                T4:1[    0-0    ] <= [3.551286220550537]
                T4:1              <= [3.5512862]: 'OK'
                T4:1              <= [3.5512862]: 'OK'
                T4:1[    0-0    ] <= [3.551286220550537]
                T4:1              <= [3.5512862]: 'OK'
                T4:1[    0-0    ] <= [3.551286220550537]
                T4:1              <= [3.5512862]: 'OK'
                T4:1[    0-0    ] <= [3.551286220550537]
                T4:1              <= [3.5512862]: 'OK'
                T4:1[    0-0    ] <= [3.551286220550537]
                T4:1              <= [3.5512862]: 'OK'
                T4:1[    0-0    ] <= [3.551286220550537]
                T4:1              <= [3.5512862]: 'OK'
                T4:1[    0-0    ] <= [3.551286220550537]
                T4:1              <= [3.5512862]: 'OK'
                T4:1[    0-0    ] <= [3.551286220550537]
                T4:1              <= [3.5512862]: 'OK'
                T4:1[    0-0    ] <= [3.551286220550537]
                T4:1              <= [3.5512862]: 'OK'
                T4:1[    0-0    ] <= [3.551286220550537]
                T4:1              <= [3.5512862]: 'OK'
                T4:1[    0-0    ] <= [3.551286220550537]
                T4:1[    0-0    ] <= [3.551286220550537]
                T4:1              <= [3.5512862]: 'OK'
                T4:1[    0-0    ] <= [3.551286220550537]
                T4:1              <= [3.5512862]: 'OK'
                T4:1              <= [3.5512862]: 'OK'
                T4:1[    0-0    ] <= [3.551286220550537]
                T4:1              <= [3.5512862]: 'OK'
                T4:1[    0-0    ] <= [3.551286220550537]
                T4:1[    0-0    ] <= [3.551286220550537]
                T4:1              <= [3.5512862]: 'OK'
                T4:1              <= [3.5512862]: 'OK'
                T4:1[    0-0    ] <= [3.551286220550537]
                T4:1              <= [3.5512862]: 'OK'
                T4:1[    0-0    ] <= [3.551286220550537]
                T4:1              <= [3.5512862]: 'OK'
                T4:1[    0-0    ] <= [3.551286220550537]
                T4:1              <= [3.5512862]: 'OK'
                T4:1[    0-0    ] <= [3.551286220550537]
                T4:1              <= [3.5512862]: 'OK'
                T4:1[    0-0    ] <= [3.551286220550537]
                T4:1              <= [3.5512862]: 'OK'
                T4:1[    0-0    ] <= [3.551286220550537]
                T4:1              <= [3.5512862]: 'OK'
                T4:1[    0-0    ] <= [3.551286220550537]
                T4:1              <= [3.5512862]: 'OK'
                T4:1[    0-0    ] <= [3.551286220550537]
                T4:1[    0-0    ] <= [3.551286220550537]
                T4:1              <= [3.5512862]: 'OK'
DEBUG get_query: SELECT value FROM ctown WHERE name = ? AND pid = ?
DEBUG set_query: UPDATE ctown SET value = ? WHERE name = ? AND pid = ?
DEBUG EnipProtocol server addr:  192.168.1.1
DEBUG: concatenating server address with default port.
DEBUG enip server tags_string:  T4:1=REAL CONTROL:1=REAL 
DEBUG enip _start_server cmd:  ['/usr/bin/python', '-m', 'cpppo.server.enip', '--print', '--log', 'logs/protocols_tests_enip_server', '--address', '192.168.1.1:44818', 'T4:1=REAL', 'CONTROL:1=REAL']
DEBUG: plc6 enters pre_loop
DEBUG plc shutdown
IF WE PRINT THIS, IT MEANS THE GENERIC PLC CODE WORKS! YASSSS!!!
                T4:1              <= [3.5512862]: 'OK'
                T4:1[    0-0    ] <= [3.551286220550537]
plc6
Stopping Tcp dump process on PLC...
Stopping PLC...
