                T5:1              <= [1.0]: 'OK'
                T5:1[    0-0    ] <= [1.0]
                T5:1              <= [1.0]: 'OK'
                T5:1[    0-0    ] <= [1.0]
                T5:1              <= [1.0]: 'OK'
                T5:1[    0-0    ] <= [1.0]
                T5:1              <= [1.0]: 'OK'
                T5:1[    0-0    ] <= [1.0]
                T5:1              <= [1.0]: 'OK'
                T5:1[    0-0    ] <= [1.0]
                T5:1              <= [1.0]: 'OK'
                T5:1[    0-0    ] <= [1.0]
                T5:1              <= [1.0]: 'OK'
                T5:1[    0-0    ] <= [1.0]
                T5:1              <= [1.0]: 'OK'
                T5:1[    0-0    ] <= [1.0]
                T5:1              <= [1.0]: 'OK'
                T5:1[    0-0    ] <= [1.0]
                T5:1              <= [1.3957267]: 'OK'
                T5:1[    0-0    ] <= [1.3957266807556152]
                T5:1              <= [1.3957267]: 'OK'
                T5:1[    0-0    ] <= [1.3957266807556152]
                T5:1              <= [1.3957267]: 'OK'
                T5:1[    0-0    ] <= [1.3957266807556152]
                T5:1              <= [1.3957267]: 'OK'
                T5:1[    0-0    ] <= [1.3957266807556152]
                T5:1              <= [1.3957267]: 'OK'
                T5:1[    0-0    ] <= [1.3957266807556152]
                T5:1              <= [1.3957267]: 'OK'
                T5:1[    0-0    ] <= [1.3957266807556152]
                T5:1              <= [1.3957267]: 'OK'
                T5:1[    0-0    ] <= [1.3957266807556152]
                T5:1              <= [1.3957267]: 'OK'
                T5:1[    0-0    ] <= [1.3957266807556152]
                T5:1              <= [1.3957267]: 'OK'
                T5:1[    0-0    ] <= [1.3957266807556152]
                T5:1              <= [1.3957267]: 'OK'
                T5:1[    0-0    ] <= [1.3957266807556152]
                T5:1              <= [1.3957267]: 'OK'
                T5:1[    0-0    ] <= [1.3957266807556152]
                T5:1              <= [1.3957267]: 'OK'
                T5:1[    0-0    ] <= [1.3957266807556152]
                T5:1              <= [1.3957267]: 'OK'
                T5:1[    0-0    ] <= [1.3957266807556152]
                T5:1              <= [1.3957267]: 'OK'
                T5:1[    0-0    ] <= [1.3957266807556152]
                T5:1              <= [1.3957267]: 'OK'
                T5:1[    0-0    ] <= [1.3957266807556152]
                T5:1              <= [1.3957267]: 'OK'
                T5:1[    0-0    ] <= [1.3957266807556152]
                T5:1              <= [1.3957267]: 'OK'
                T5:1[    0-0    ] <= [1.3957266807556152]
                T5:1              <= [1.3957267]: 'OK'
                T5:1[    0-0    ] <= [1.3957266807556152]
                T5:1              <= [1.3957267]: 'OK'
                T5:1[    0-0    ] <= [1.3957266807556152]
                T5:1              <= [1.3957267]: 'OK'
                T5:1[    0-0    ] <= [1.3957266807556152]
                T5:1              <= [1.3957267]: 'OK'
                T5:1[    0-0    ] <= [1.3957266807556152]
                T5:1[    0-0    ] <= [1.3957266807556152]
                T5:1              <= [1.3957267]: 'OK'
                T5:1              <= [1.3957267]: 'OK'
                T5:1[    0-0    ] <= [1.3957266807556152]
                T5:1              <= [1.3957267]: 'OK'
                T5:1[    0-0    ] <= [1.3957266807556152]
                T5:1              <= [1.3957267]: 'OK'
                T5:1[    0-0    ] <= [1.3957266807556152]
                T5:1              <= [1.3957267]: 'OK'
                T5:1[    0-0    ] <= [1.3957266807556152]
                T5:1              <= [1.3957267]: 'OK'
                T5:1[    0-0    ] <= [1.3957266807556152]
                T5:1              <= [1.3957267]: 'OK'
                T5:1[    0-0    ] <= [1.3957266807556152]
                T5:1[    0-0    ] <= [1.3957266807556152]
                T5:1              <= [1.3957267]: 'OK'
                T5:1              <= [1.3957267]: 'OK'
                T5:1[    0-0    ] <= [1.3957266807556152]
                T5:1              <= [1.3957267]: 'OK'
                T5:1[    0-0    ] <= [1.3957266807556152]
                T5:1              <= [1.3957267]: 'OK'
                T5:1[    0-0    ] <= [1.3957266807556152]
                T5:1              <= [1.3957267]: 'OK'
                T5:1[    0-0    ] <= [1.3957266807556152]
                T5:1              <= [1.3957267]: 'OK'
                T5:1[    0-0    ] <= [1.3957266807556152]
                T5:1              <= [1.3957267]: 'OK'
                T5:1[    0-0    ] <= [1.3957266807556152]
                T5:1              <= [1.3957267]: 'OK'
                T5:1[    0-0    ] <= [1.3957266807556152]
                T5:1              <= [1.3957267]: 'OK'
                T5:1[    0-0    ] <= [1.3957266807556152]
                T5:1              <= [1.3957267]: 'OK'
                T5:1[    0-0    ] <= [1.3957266807556152]
                T5:1              <= [1.3957267]: 'OK'
                T5:1[    0-0    ] <= [1.3957266807556152]
                T5:1              <= [1.3957267]: 'OK'
                T5:1[    0-0    ] <= [1.3957266807556152]
                T5:1              <= [1.3957267]: 'OK'
                T5:1[    0-0    ] <= [1.3957266807556152]
                T5:1              <= [1.3957267]: 'OK'
                T5:1[    0-0    ] <= [1.3957266807556152]
                T5:1              <= [1.3957267]: 'OK'
                T5:1[    0-0    ] <= [1.3957266807556152]
                T5:1              <= [1.3957267]: 'OK'
                T5:1[    0-0    ] <= [1.3957266807556152]
                T5:1              <= [1.3957267]: 'OK'
                T5:1[    0-0    ] <= [1.3957266807556152]
                T5:1              <= [1.3957267]: 'OK'
                T5:1[    0-0    ] <= [1.3957266807556152]
                T5:1[    0-0    ] <= [1.3957266807556152]
                T5:1              <= [1.3957267]: 'OK'
                T5:1[    0-0    ] <= [1.3957266807556152]
                T5:1              <= [1.3957267]: 'OK'
                T5:1              <= [1.3957267]: 'OK'
                T5:1[    0-0    ] <= [1.3957266807556152]
                T5:1              <= [1.3957267]: 'OK'
                T5:1[    0-0    ] <= [1.3957266807556152]
                T5:1              <= [1.3957267]: 'OK'
                T5:1[    0-0    ] <= [1.3957266807556152]
                T5:1              <= [1.3957267]: 'OK'
                T5:1[    0-0    ] <= [1.3957266807556152]
                T5:1              <= [1.3957267]: 'OK'
                T5:1[    0-0    ] <= [1.3957266807556152]
                T5:1              <= [1.3957267]: 'OK'
                T5:1[    0-0    ] <= [1.3957266807556152]
                T5:1              <= [1.3957267]: 'OK'
                T5:1[    0-0    ] <= [1.3957266807556152]
                T5:1              <= [1.3957267]: 'OK'
                T5:1[    0-0    ] <= [1.3957266807556152]
                T5:1              <= [1.3957267]: 'OK'
                T5:1[    0-0    ] <= [1.3957266807556152]
                T5:1              <= [1.3957267]: 'OK'
                T5:1[    0-0    ] <= [1.3957266807556152]
                T5:1              <= [1.3957267]: 'OK'
                T5:1[    0-0    ] <= [1.3957266807556152]
                T5:1              <= [1.3957267]: 'OK'
                T5:1[    0-0    ] <= [1.3957266807556152]
                T5:1              <= [1.3957267]: 'OK'
                T5:1[    0-0    ] <= [1.3957266807556152]
                T5:1[    0-0    ] <= [1.3957266807556152]
                T5:1              <= [1.3957267]: 'OK'
                T5:1              <= [1.3957267]: 'OK'
                T5:1[    0-0    ] <= [1.3957266807556152]
                T5:1[    0-0    ] <= [1.3957266807556152]
                T5:1              <= [1.3957267]: 'OK'
                T5:1              <= [1.3957267]: 'OK'
                T5:1[    0-0    ] <= [1.3957266807556152]
                T5:1              <= [1.3957267]: 'OK'
                T5:1[    0-0    ] <= [1.3957266807556152]
                T5:1              <= [1.3957267]: 'OK'
                T5:1[    0-0    ] <= [1.3957266807556152]
                T5:1              <= [1.3957267]: 'OK'
                T5:1[    0-0    ] <= [1.3957266807556152]
                T5:1              <= [1.3957267]: 'OK'
                T5:1[    0-0    ] <= [1.3957266807556152]
                T5:1              <= [1.3957267]: 'OK'
                T5:1[    0-0    ] <= [1.3957266807556152]
                T5:1              <= [1.3957267]: 'OK'
                T5:1[    0-0    ] <= [1.3957266807556152]
                T5:1              <= [1.3957267]: 'OK'
                T5:1[    0-0    ] <= [1.3957266807556152]
                T5:1              <= [1.3957267]: 'OK'
                T5:1[    0-0    ] <= [1.3957266807556152]
                T5:1              <= [1.3957267]: 'OK'
                T5:1[    0-0    ] <= [1.3957266807556152]
                T5:1              <= [1.3957267]: 'OK'
                T5:1[    0-0    ] <= [1.3957266807556152]
                T5:1[    0-0    ] <= [1.3957266807556152]
                T5:1              <= [1.3957267]: 'OK'
                T5:1[    0-0    ] <= [1.3957266807556152]
                T5:1              <= [1.3957267]: 'OK'
                T5:1              <= [1.3957267]: 'OK'
                T5:1[    0-0    ] <= [1.3957266807556152]
                T5:1              <= [1.3957267]: 'OK'
                T5:1[    0-0    ] <= [1.3957266807556152]
                T5:1              <= [1.3957267]: 'OK'
                T5:1[    0-0    ] <= [1.3957266807556152]
                T5:1              <= [1.3957267]: 'OK'
                T5:1[    0-0    ] <= [1.3957266807556152]
                T5:1[    0-0    ] <= [1.3957266807556152]
                T5:1              <= [1.3957267]: 'OK'
                T5:1[    0-0    ] <= [1.3957266807556152]
                T5:1              <= [1.3957267]: 'OK'
                T5:1[    0-0    ] <= [1.3957266807556152]
                T5:1              <= [1.3957267]: 'OK'
                T5:1              <= [1.3957267]: 'OK'
                T5:1[    0-0    ] <= [1.3957266807556152]
                T5:1              <= [1.3957267]: 'OK'
                T5:1[    0-0    ] <= [1.3957266807556152]
                T5:1              <= [1.3957267]: 'OK'
                T5:1[    0-0    ] <= [1.3957266807556152]
                T5:1              <= [1.3957267]: 'OK'
                T5:1[    0-0    ] <= [1.3957266807556152]
                T5:1              <= [1.3957267]: 'OK'
                T5:1[    0-0    ] <= [1.3957266807556152]
                T5:1              <= [1.3957267]: 'OK'
                T5:1[    0-0    ] <= [1.3957266807556152]
                T5:1              <= [1.3957267]: 'OK'
                T5:1[    0-0    ] <= [1.3957266807556152]
                T5:1              <= [1.3957267]: 'OK'
                T5:1[    0-0    ] <= [1.3957266807556152]
                T5:1              <= [1.3957267]: 'OK'
                T5:1[    0-0    ] <= [1.3957266807556152]
                T5:1[    0-0    ] <= [1.3957266807556152]
                T5:1              <= [1.3957267]: 'OK'
                T5:1              <= [1.3957267]: 'OK'
                T5:1[    0-0    ] <= [1.3957266807556152]
                T5:1              <= [1.3957267]: 'OK'
                T5:1[    0-0    ] <= [1.3957266807556152]
                T5:1              <= [1.3957267]: 'OK'
                T5:1[    0-0    ] <= [1.3957266807556152]
                T5:1              <= [1.3957267]: 'OK'
                T5:1[    0-0    ] <= [1.3957266807556152]
                T5:1              <= [1.3957267]: 'OK'
                T5:1[    0-0    ] <= [1.3957266807556152]
                T5:1              <= [1.3957267]: 'OK'
                T5:1[    0-0    ] <= [1.3957266807556152]
                T5:1              <= [1.3957267]: 'OK'
                T5:1[    0-0    ] <= [1.3957266807556152]
                T5:1              <= [1.3957267]: 'OK'
                T5:1[    0-0    ] <= [1.3957266807556152]
                T5:1              <= [1.3957267]: 'OK'
                T5:1[    0-0    ] <= [1.3957266807556152]
DEBUG get_query: SELECT value FROM ctown WHERE name = ? AND pid = ?
DEBUG set_query: UPDATE ctown SET value = ? WHERE name = ? AND pid = ?
DEBUG EnipProtocol server addr:  192.168.1.1
DEBUG: concatenating server address with default port.
DEBUG enip server tags_string:  T5:1=REAL CONTROL:1=REAL 
DEBUG enip _start_server cmd:  ['/usr/bin/python', '-m', 'cpppo.server.enip', '--print', '--log', 'logs/protocols_tests_enip_server', '--address', '192.168.1.1:44818', 'T5:1=REAL', 'CONTROL:1=REAL']
DEBUG: plc7 enters pre_loop
DEBUG plc shutdown
IF WE PRINT THIS, IT MEANS THE GENERIC PLC CODE WORKS! YASSSS!!!
plc7
Stopping Tcp dump process on PLC...
Stopping PLC...
