DEBUG get_query: SELECT value FROM ctown WHERE name = ? AND pid = ?
DEBUG set_query: UPDATE ctown SET value = ? WHERE name = ? AND pid = ?
DEBUG EnipProtocol server addr:  192.168.1.1
DEBUG: concatenating server address with default port.
DEBUG enip server tags_string:  T1:1=REAL PU1:1=REAL PU2:1=REAL ATT_1:1=REAL ATT_2:1=REAL 
DEBUG enip _start_server cmd:  ['/usr/bin/python', '-m', 'cpppo.server.enip', '--print', '--log', 'logs/protocols_tests_enip_server', '--address', '192.168.1.1:44818', 'T1:1=REAL', 'PU1:1=REAL', 'PU2:1=REAL', 'ATT_1:1=REAL', 'ATT_2:1=REAL']
DEBUG: plc1 enters pre_loop
ITERATION 1 ------------- 
Tank 1 Level 3.000000 
Opening P1
ITERATION 2 ------------- 
Tank 1 Level 3.000000 
Opening P1
ITERATION 3 ------------- 
Tank 1 Level 3.000000 
Opening P1
ITERATION 4 ------------- 
Tank 1 Level 3.000000 
Opening P1
ITERATION 5 ------------- 
Tank 1 Level 3.000000 
Opening P1
ITERATION 6 ------------- 
Tank 1 Level 3.045248 
Opening P1
ITERATION 7 ------------- 
Tank 1 Level 3.045248 
Opening P1
ITERATION 8 ------------- 
Tank 1 Level 3.077113 
Opening P1
ITERATION 9 ------------- 
Tank 1 Level 3.077113 
Opening P1
ITERATION 10 ------------- 
Tank 1 Level 3.108957 
Opening P1
ITERATION 11 ------------- 
Tank 1 Level 3.108957 
Opening P1
ITERATION 12 ------------- 
Tank 1 Level 3.108957 
Opening P1
ITERATION 13 ------------- 
Tank 1 Level 3.130464 
Opening P1
ITERATION 14 ------------- 
Tank 1 Level 3.130464 
Opening P1
ITERATION 15 ------------- 
Tank 1 Level 3.151959 
Opening P1
ITERATION 16 ------------- 
Tank 1 Level 3.151959 
Opening P1
ITERATION 17 ------------- 
Tank 1 Level 3.136113 
Opening P1
ITERATION 18 ------------- 
Tank 1 Level 3.136113 
Opening P1
ITERATION 19 ------------- 
Tank 1 Level 3.120349 
Opening P1
ITERATION 20 ------------- 
Tank 1 Level 3.120349 
Opening P1
ITERATION 21 ------------- 
Tank 1 Level 3.104667 
Opening P1
ITERATION 22 ------------- 
Tank 1 Level 3.104667 
Opening P1
ITERATION 23 ------------- 
Tank 1 Level 3.089066 
Opening P1
ITERATION 24 ------------- 
Tank 1 Level 3.073546 
Opening P1
ITERATION 25 ------------- 
Tank 1 Level 3.073546 
Opening P1
ITERATION 26 ------------- 
Tank 1 Level 3.058107 
Opening P1
ITERATION 27 ------------- 
Tank 1 Level 3.058107 
Opening P1
ITERATION 28 ------------- 
Tank 1 Level 3.042748 
Opening P1
ITERATION 29 ------------- 
Tank 1 Level 3.042748 
Opening P1
ITERATION 30 ------------- 
Tank 1 Level 3.030962 
Opening P1
ITERATION 31 ------------- 
Tank 1 Level 3.030962 
Opening P1
ITERATION 32 ------------- 
Tank 1 Level 3.019253 
Opening P1
ITERATION 33 ------------- 
Tank 1 Level 3.019253 
Opening P1
ITERATION 34 ------------- 
Tank 1 Level 3.007623 
Opening P1
ITERATION 35 ------------- 
Tank 1 Level 3.007623 
Opening P1
ITERATION 36 ------------- 
Tank 1 Level 2.996070 
Opening P1
ITERATION 37 ------------- 
Tank 1 Level 2.996070 
Opening P1
ITERATION 38 ------------- 
Tank 1 Level 2.984594 
Opening P1
ITERATION 39 ------------- 
Tank 1 Level 2.984594 
Opening P1
ITERATION 40 ------------- 
Tank 1 Level 2.973195 
Opening P1
ITERATION 41 ------------- 
Tank 1 Level 2.973195 
Opening P1
ITERATION 42 ------------- 
Tank 1 Level 2.961873 
Opening P1
ITERATION 43 ------------- 
Tank 1 Level 2.961873 
Opening P1
ITERATION 44 ------------- 
Tank 1 Level 2.955388 
Opening P1
ITERATION 45 ------------- 
Tank 1 Level 2.955388 
Opening P1
ITERATION 46 ------------- 
Tank 1 Level 2.950800 
Opening P1
ITERATION 47 ------------- 
Tank 1 Level 2.950800 
Opening P1
ITERATION 48 ------------- 
Tank 1 Level 2.939996 
Opening P1
ITERATION 49 ------------- 
Tank 1 Level 2.939996 
Opening P1
ITERATION 50 ------------- 
Tank 1 Level 2.939996 
Opening P1
ITERATION 51 ------------- 
Tank 1 Level 2.929269 
Opening P1
ITERATION 52 ------------- 
Tank 1 Level 2.929269 
Opening P1
ITERATION 53 ------------- 
Tank 1 Level 2.918620 
Opening P1
ITERATION 54 ------------- 
Tank 1 Level 2.908047 
Opening P1
ITERATION 55 ------------- 
Tank 1 Level 2.908047 
Opening P1
ITERATION 56 ------------- 
Tank 1 Level 2.908047 
Opening P1
ITERATION 57 ------------- 
Tank 1 Level 2.898472 
Opening P1
ITERATION 58 ------------- 
Tank 1 Level 2.898472 
Opening P1
ITERATION 59 ------------- 
Tank 1 Level 2.888974 
Opening P1
ITERATION 60 ------------- 
Tank 1 Level 2.888974 
Opening P1
ITERATION 61 ------------- 
Tank 1 Level 2.879551 
Opening P1
ITERATION 62 ------------- 
Tank 1 Level 2.879551 
Opening P1
ITERATION 63 ------------- 
Tank 1 Level 2.870203 
Opening P1
ITERATION 64 ------------- 
Tank 1 Level 2.870203 
Opening P1
ITERATION 65 ------------- 
Tank 1 Level 2.860930 
Opening P1
ITERATION 66 ------------- 
Tank 1 Level 2.860930 
Opening P1
ITERATION 67 ------------- 
Tank 1 Level 2.851733 
Opening P1
ITERATION 68 ------------- 
Tank 1 Level 2.851733 
Opening P1
ITERATION 69 ------------- 
Tank 1 Level 2.842609 
Opening P1
ITERATION 70 ------------- 
Tank 1 Level 2.842609 
Opening P1
ITERATION 71 ------------- 
Tank 1 Level 2.833560 
Opening P1
ITERATION 72 ------------- 
Tank 1 Level 2.833560 
Opening P1
ITERATION 73 ------------- 
Tank 1 Level 2.833560 
Opening P1
ITERATION 74 ------------- 
Tank 1 Level 2.824585 
Opening P1
ITERATION 75 ------------- 
Tank 1 Level 2.824585 
Opening P1
ITERATION 76 ------------- 
Tank 1 Level 2.824585 
Opening P1
ITERATION 77 ------------- 
Tank 1 Level 2.815683 
Opening P1
ITERATION 78 ------------- 
Tank 1 Level 2.815683 
Opening P1
ITERATION 79 ------------- 
Tank 1 Level 2.806855 
Opening P1
ITERATION 80 ------------- 
Tank 1 Level 2.806855 
Opening P1
ITERATION 81 ------------- 
Tank 1 Level 2.798100 
Opening P1
ITERATION 82 ------------- 
Tank 1 Level 2.798100 
Opening P1
ITERATION 83 ------------- 
Tank 1 Level 2.792440 
Opening P1
ITERATION 84 ------------- 
Tank 1 Level 2.792440 
Opening P1
ITERATION 85 ------------- 
Tank 1 Level 2.792440 
Opening P1
ITERATION 86 ------------- 
Tank 1 Level 2.786853 
Opening P1
ITERATION 87 ------------- 
Tank 1 Level 2.786853 
Opening P1
ITERATION 88 ------------- 
Tank 1 Level 2.781337 
Opening P1
ITERATION 89 ------------- 
Tank 1 Level 2.781337 
Opening P1
ITERATION 90 ------------- 
Tank 1 Level 2.775893 
Opening P1
ITERATION 91 ------------- 
Tank 1 Level 2.775893 
Opening P1
ITERATION 92 ------------- 
Tank 1 Level 2.775893 
Opening P1
ITERATION 93 ------------- 
Tank 1 Level 2.771453 
Opening P1
ITERATION 94 ------------- 
Tank 1 Level 2.771453 
Opening P1
ITERATION 95 ------------- 
Tank 1 Level 2.771453 
Opening P1
ITERATION 96 ------------- 
Tank 1 Level 2.771451 
Opening P1
ITERATION 97 ------------- 
Tank 1 Level 2.775945 
Opening P1
ITERATION 98 ------------- 
Tank 1 Level 2.780476 
Opening P1
ITERATION 99 ------------- 
Tank 1 Level 2.780476 
Opening P1
ITERATION 100 ------------- 
Tank 1 Level 2.780476 
Opening P1
ITERATION 101 ------------- 
Tank 1 Level 2.785045 
Opening P1
ITERATION 102 ------------- 
Tank 1 Level 2.789652 
Opening P1
ITERATION 103 ------------- 
Tank 1 Level 2.789652 
Opening P1
ITERATION 104 ------------- 
Tank 1 Level 2.794295 
Opening P1
ITERATION 105 ------------- 
Tank 1 Level 2.794295 
Opening P1
ITERATION 106 ------------- 
Tank 1 Level 2.798976 
Opening P1
ITERATION 107 ------------- 
Tank 1 Level 2.798976 
Opening P1
ITERATION 108 ------------- 
Tank 1 Level 2.803693 
Opening P1
ITERATION 109 ------------- 
Tank 1 Level 2.803693 
Opening P1
ITERATION 110 ------------- 
Tank 1 Level 2.803693 
Opening P1
ITERATION 111 ------------- 
Tank 1 Level 2.803693 
Opening P1
ITERATION 112 ------------- 
Tank 1 Level 2.803693 
Opening P1
ITERATION 113 ------------- 
Tank 1 Level 2.803693 
Opening P1
ITERATION 114 ------------- 
Tank 1 Level 2.803693 
Opening P1
ITERATION 115 ------------- 
Tank 1 Level 2.803693 
Opening P1
ITERATION 116 ------------- 
Tank 1 Level 2.803693 
Opening P1
ITERATION 117 ------------- 
Tank 1 Level 2.803693 
Opening P1
ITERATION 118 ------------- 
Tank 1 Level 2.809881 
Opening P1
ITERATION 119 ------------- 
Tank 1 Level 2.809881 
Opening P1
ITERATION 120 ------------- 
Tank 1 Level 2.810199 
Opening P1
ITERATION 121 ------------- 
Tank 1 Level 2.810199 
Opening P1
ITERATION 122 ------------- 
Tank 1 Level 2.820794 
Opening P1
ITERATION 123 ------------- 
Tank 1 Level 2.820794 
Opening P1
ITERATION 124 ------------- 
Tank 1 Level 2.831450 
Opening P1
ITERATION 125 ------------- 
Tank 1 Level 2.831450 
Opening P1
ITERATION 126 ------------- 
Tank 1 Level 2.842167 
Opening P1
ITERATION 127 ------------- 
Tank 1 Level 2.842167 
Opening P1
ITERATION 128 ------------- 
Tank 1 Level 2.852943 
Opening P1
ITERATION 129 ------------- 
Tank 1 Level 2.852943 
Opening P1
ITERATION 130 ------------- 
Tank 1 Level 2.852943 
Opening P1
ITERATION 131 ------------- 
Tank 1 Level 2.863779 
Opening P1
ITERATION 132 ------------- 
Tank 1 Level 2.863779 
Opening P1
ITERATION 133 ------------- 
Tank 1 Level 2.874675 
Opening P1
ITERATION 134 ------------- 
Tank 1 Level 2.874675 
Opening P1
ITERATION 135 ------------- 
Tank 1 Level 2.885630 
Opening P1
ITERATION 136 ------------- 
Tank 1 Level 2.885630 
Opening P1
ITERATION 137 ------------- 
Tank 1 Level 2.896643 
Opening P1
ITERATION 138 ------------- 
Tank 1 Level 2.896643 
Opening P1
ITERATION 139 ------------- 
Tank 1 Level 2.922850 
Opening P1
ITERATION 140 ------------- 
Tank 1 Level 2.922850 
Opening P1
ITERATION 141 ------------- 
Tank 1 Level 2.922850 
Opening P1
ITERATION 142 ------------- 
Tank 1 Level 2.938054 
Opening P1
ITERATION 143 ------------- 
Tank 1 Level 2.948693 
Opening P1
ITERATION 144 ------------- 
Tank 1 Level 2.948693 
Opening P1
ITERATION 145 ------------- 
Tank 1 Level 2.954755 
Opening P1
ITERATION 146 ------------- 
Tank 1 Level 2.954755 
Opening P1
ITERATION 147 ------------- 
Tank 1 Level 2.977500 
Opening P1
ITERATION 148 ------------- 
Tank 1 Level 2.977500 
Opening P1
ITERATION 149 ------------- 
Tank 1 Level 2.977500 
Opening P1
ITERATION 150 ------------- 
Tank 1 Level 3.000294 
Opening P1
ITERATION 151 ------------- 
Tank 1 Level 3.000294 
Opening P1
ITERATION 152 ------------- 
Tank 1 Level 3.026738 
Opening P1
ITERATION 153 ------------- 
Tank 1 Level 3.026738 
Opening P1
ITERATION 154 ------------- 
Tank 1 Level 3.053222 
Opening P1
ITERATION 155 ------------- 
Tank 1 Level 3.053222 
Opening P1
ITERATION 156 ------------- 
Tank 1 Level 3.079747 
Opening P1
ITERATION 157 ------------- 
Tank 1 Level 3.079747 
Opening P1
ITERATION 158 ------------- 
Tank 1 Level 3.106312 
Opening P1
ITERATION 159 ------------- 
Tank 1 Level 3.106312 
Opening P1
ITERATION 160 ------------- 
Tank 1 Level 3.106312 
Opening P1
ITERATION 161 ------------- 
Tank 1 Level 3.132917 
Opening P1
ITERATION 162 ------------- 
Tank 1 Level 3.159561 
Opening P1
ITERATION 163 ------------- 
Tank 1 Level 3.159561 
Opening P1
ITERATION 164 ------------- 
Tank 1 Level 3.186245 
Opening P1
ITERATION 165 ------------- 
Tank 1 Level 3.186245 
Opening P1
ITERATION 166 ------------- 
Tank 1 Level 3.186245 
Opening P1
ITERATION 167 ------------- 
Tank 1 Level 3.212968 
Opening P1
ITERATION 168 ------------- 
Tank 1 Level 3.212968 
Opening P1
ITERATION 169 ------------- 
Tank 1 Level 3.239731 
Opening P1
ITERATION 170 ------------- 
Tank 1 Level 3.265079 
Opening P1
ITERATION 171 ------------- 
Tank 1 Level 3.265079 
Opening P1
ITERATION 172 ------------- 
Tank 1 Level 3.265079 
Opening P1
ITERATION 173 ------------- 
Tank 1 Level 3.290468 
Opening P1
ITERATION 174 ------------- 
Tank 1 Level 3.290468 
Opening P1
ITERATION 175 ------------- 
Tank 1 Level 3.290468 
Opening P1
ITERATION 176 ------------- 
Tank 1 Level 3.315898 
Opening P1
ITERATION 177 ------------- 
Tank 1 Level 3.341369 
Opening P1
ITERATION 178 ------------- 
Tank 1 Level 3.341369 
Opening P1
ITERATION 179 ------------- 
Tank 1 Level 3.366880 
Opening P1
ITERATION 180 ------------- 
Tank 1 Level 3.366880 
Opening P1
ITERATION 181 ------------- 
Tank 1 Level 3.392432 
Opening P1
ITERATION 182 ------------- 
Tank 1 Level 3.392432 
Opening P1
ITERATION 183 ------------- 
Tank 1 Level 3.407431 
Opening P1
ITERATION 184 ------------- 
Tank 1 Level 3.407431 
Opening P1
ITERATION 185 ------------- 
Tank 1 Level 3.416894 
Opening P1
ITERATION 186 ------------- 
Tank 1 Level 3.416894 
Opening P1
ITERATION 187 ------------- 
Tank 1 Level 3.426400 
Opening P1
ITERATION 188 ------------- 
Tank 1 Level 3.426400 
Opening P1
ITERATION 189 ------------- 
Tank 1 Level 3.426400 
Opening P1
ITERATION 190 ------------- 
Tank 1 Level 3.435949 
Opening P1
ITERATION 191 ------------- 
Tank 1 Level 3.435949 
Opening P1
ITERATION 192 ------------- 
Tank 1 Level 3.445539 
Opening P1
ITERATION 193 ------------- 
Tank 1 Level 3.445539 
Opening P1
ITERATION 194 ------------- 
Tank 1 Level 3.445539 
Opening P1
ITERATION 195 ------------- 
Tank 1 Level 3.455171 
Opening P1
ITERATION 196 ------------- 
Tank 1 Level 3.455171 
Opening P1
ITERATION 197 ------------- 
Tank 1 Level 3.455171 
Opening P1
ITERATION 198 ------------- 
Tank 1 Level 3.462065 
Opening P1
ITERATION 199 ------------- 
Tank 1 Level 3.462065 
Opening P1
ITERATION 200 ------------- 
Tank 1 Level 3.469008 
Opening P1
ITERATION 201 ------------- 
Tank 1 Level 3.469008 
Opening P1
ITERATION 202 ------------- 
Tank 1 Level 3.475997 
Opening P1
ITERATION 203 ------------- 
Tank 1 Level 3.475997 
Opening P1
ITERATION 204 ------------- 
Tank 1 Level 3.475997 
Opening P1
ITERATION 205 ------------- 
Tank 1 Level 3.483033 
Opening P1
ITERATION 206 ------------- 
Tank 1 Level 3.483033 
Opening P1
ITERATION 207 ------------- 
Tank 1 Level 3.490116 
Opening P1
ITERATION 208 ------------- 
Tank 1 Level 3.490116 
Opening P1
ITERATION 209 ------------- 
Tank 1 Level 3.490116 
Opening P1
ITERATION 210 ------------- 
Tank 1 Level 3.504421 
Opening P1
ITERATION 211 ------------- 
Tank 1 Level 3.504421 
Opening P1
ITERATION 212 ------------- 
Tank 1 Level 3.511642 
Opening P1
ITERATION 213 ------------- 
Tank 1 Level 3.511642 
Opening P1
ITERATION 214 ------------- 
Tank 1 Level 3.518909 
Opening P1
ITERATION 215 ------------- 
Tank 1 Level 3.518909 
Opening P1
ITERATION 216 ------------- 
Tank 1 Level 3.526221 
Opening P1
ITERATION 217 ------------- 
Tank 1 Level 3.526221 
Opening P1
ITERATION 218 ------------- 
Tank 1 Level 3.533578 
Opening P1
ITERATION 219 ------------- 
Tank 1 Level 3.533578 
Opening P1
ITERATION 220 ------------- 
Tank 1 Level 3.540980 
Opening P1
ITERATION 221 ------------- 
Tank 1 Level 3.540980 
Opening P1
ITERATION 222 ------------- 
Tank 1 Level 3.545701 
Opening P1
ITERATION 223 ------------- 
Tank 1 Level 3.545701 
Opening P1
ITERATION 224 ------------- 
Tank 1 Level 3.550472 
Opening P1
ITERATION 225 ------------- 
Tank 1 Level 3.550472 
Opening P1
ITERATION 226 ------------- 
Tank 1 Level 3.555291 
Opening P1
ITERATION 227 ------------- 
Tank 1 Level 3.560159 
Opening P1
ITERATION 228 ------------- 
Tank 1 Level 3.560159 
Opening P1
ITERATION 229 ------------- 
Tank 1 Level 3.565075 
Opening P1
ITERATION 230 ------------- 
Tank 1 Level 3.570039 
Opening P1
ITERATION 231 ------------- 
Tank 1 Level 3.570039 
Opening P1
ITERATION 232 ------------- 
Tank 1 Level 3.574215 
Opening P1
ITERATION 233 ------------- 
Tank 1 Level 3.574215 
Opening P1
ITERATION 234 ------------- 
Tank 1 Level 3.575116 
Opening P1
ITERATION 235 ------------- 
Tank 1 Level 3.575116 
Opening P1
ITERATION 236 ------------- 
Tank 1 Level 3.580532 
Opening P1
ITERATION 237 ------------- 
Tank 1 Level 3.580532 
Opening P1
ITERATION 238 ------------- 
Tank 1 Level 3.585997 
Opening P1
ITERATION 239 ------------- 
Tank 1 Level 3.585997 
Opening P1
ITERATION 240 ------------- 
Tank 1 Level 3.591508 
Opening P1
ITERATION 241 ------------- 
Tank 1 Level 3.591508 
Opening P1
ITERATION 242 ------------- 
Tank 1 Level 3.597068 
Opening P1
ITERATION 243 ------------- 
Tank 1 Level 3.597068 
Opening P1
ITERATION 244 ------------- 
Tank 1 Level 3.602674 
Opening P1
ITERATION 245 ------------- 
Tank 1 Level 3.602674 
Opening P1
ITERATION 246 ------------- 
Tank 1 Level 3.603773 
Opening P1
ITERATION 247 ------------- 
Tank 1 Level 3.603773 
Opening P1
ITERATION 248 ------------- 
Tank 1 Level 3.604929 
Opening P1
ITERATION 249 ------------- 
Tank 1 Level 3.604929 
Opening P1
ITERATION 250 ------------- 
Tank 1 Level 3.604929 
Opening P1
ITERATION 251 ------------- 
Tank 1 Level 3.606142 
Opening P1
ITERATION 252 ------------- 
Tank 1 Level 3.606142 
Opening P1
ITERATION 253 ------------- 
Tank 1 Level 3.607412 
Opening P1
ITERATION 254 ------------- 
Tank 1 Level 3.608738 
Opening P1
ITERATION 255 ------------- 
Tank 1 Level 3.608738 
Opening P1
ITERATION 256 ------------- 
Tank 1 Level 3.608738 
Opening P1
ITERATION 257 ------------- 
Tank 1 Level 3.610120 
Opening P1
ITERATION 258 ------------- 
Tank 1 Level 3.610120 
Opening P1
ITERATION 259 ------------- 
Tank 1 Level 3.611557 
Opening P1
ITERATION 260 ------------- 
Tank 1 Level 3.611557 
Opening P1
ITERATION 261 ------------- 
Tank 1 Level 3.613049 
Opening P1
ITERATION 262 ------------- 
Tank 1 Level 3.613049 
Opening P1
ITERATION 263 ------------- 
Tank 1 Level 3.614596 
Opening P1
ITERATION 264 ------------- 
Tank 1 Level 3.614596 
Opening P1
ITERATION 265 ------------- 
Tank 1 Level 3.614596 
Opening P1
ITERATION 266 ------------- 
Tank 1 Level 3.616198 
Opening P1
ITERATION 267 ------------- 
Tank 1 Level 3.616198 
Opening P1
ITERATION 268 ------------- 
Tank 1 Level 3.623624 
Opening P1
ITERATION 269 ------------- 
Tank 1 Level 3.623624 
Opening P1
ITERATION 270 ------------- 
Tank 1 Level 3.631130 
Opening P1
ITERATION 271 ------------- 
Tank 1 Level 3.631130 
Opening P1
ITERATION 272 ------------- 
Tank 1 Level 3.637927 
Opening P1
ITERATION 273 ------------- 
Tank 1 Level 3.637927 
Opening P1
ITERATION 274 ------------- 
Tank 1 Level 3.637927 
Opening P1
ITERATION 275 ------------- 
Tank 1 Level 3.644804 
Opening P1
ITERATION 276 ------------- 
Tank 1 Level 3.644804 
Opening P1
ITERATION 277 ------------- 
Tank 1 Level 3.651762 
Opening P1
ITERATION 278 ------------- 
Tank 1 Level 3.651762 
Opening P1
ITERATION 279 ------------- 
Tank 1 Level 3.651762 
Opening P1
ITERATION 280 ------------- 
Tank 1 Level 3.658801 
Opening P1
ITERATION 281 ------------- 
Tank 1 Level 3.658801 
Opening P1
ITERATION 282 ------------- 
Tank 1 Level 3.665919 
Opening P1
ITERATION 283 ------------- 
Tank 1 Level 3.665919 
Opening P1
ITERATION 284 ------------- 
Tank 1 Level 3.673116 
Opening P1
ITERATION 285 ------------- 
Tank 1 Level 3.673116 
Opening P1
ITERATION 286 ------------- 
Tank 1 Level 3.680393 
Opening P1
ITERATION 287 ------------- 
Tank 1 Level 3.680393 
Opening P1
ITERATION 288 ------------- 
Tank 1 Level 3.680393 
Opening P1
ITERATION 289 ------------- 
Tank 1 Level 3.687748 
Opening P1
ITERATION 290 ------------- 
Tank 1 Level 3.687748 
Opening P1
ITERATION 291 ------------- 
Tank 1 Level 3.705959 
Opening P1
ITERATION 292 ------------- 
Tank 1 Level 3.705959 
Opening P1
ITERATION 293 ------------- 
Tank 1 Level 3.724218 
Opening P1
ITERATION 294 ------------- 
Tank 1 Level 3.724218 
Opening P1
ITERATION 295 ------------- 
Tank 1 Level 3.724218 
Opening P1
ITERATION 296 ------------- 
Tank 1 Level 3.729459 
Opening P1
ITERATION 297 ------------- 
Tank 1 Level 3.729459 
Opening P1
ITERATION 298 ------------- 
Tank 1 Level 3.734786 
Opening P1
ITERATION 299 ------------- 
Tank 1 Level 3.734786 
Opening P1
ITERATION 300 ------------- 
Tank 1 Level 3.741242 
Opening P1
ITERATION 301 ------------- 
Tank 1 Level 3.741242 
Opening P1
ITERATION 302 ------------- 
Tank 1 Level 3.741242 
Opening P1
ITERATION 303 ------------- 
Tank 1 Level 3.747780 
Opening P1
ITERATION 304 ------------- 
Tank 1 Level 3.747780 
Opening P1
ITERATION 305 ------------- 
Tank 1 Level 3.748645 
Opening P1
ITERATION 306 ------------- 
Tank 1 Level 3.748645 
Opening P1
ITERATION 307 ------------- 
Tank 1 Level 3.749561 
Opening P1
ITERATION 308 ------------- 
Tank 1 Level 3.749561 
Opening P1
ITERATION 309 ------------- 
Tank 1 Level 3.750525 
Opening P1
ITERATION 310 ------------- 
Tank 1 Level 3.750525 
Opening P1
ITERATION 311 ------------- 
Tank 1 Level 3.750525 
Opening P1
ITERATION 312 ------------- 
Tank 1 Level 3.751539 
Opening P1
ITERATION 313 ------------- 
Tank 1 Level 3.751539 
Opening P1
ITERATION 314 ------------- 
Tank 1 Level 3.752600 
Opening P1
ITERATION 315 ------------- 
Tank 1 Level 3.752600 
Opening P1
ITERATION 316 ------------- 
Tank 1 Level 3.753710 
Opening P1
ITERATION 317 ------------- 
Tank 1 Level 3.753710 
Opening P1
ITERATION 318 ------------- 
Tank 1 Level 3.754868 
Opening P1
ITERATION 319 ------------- 
Tank 1 Level 3.754868 
Opening P1
ITERATION 320 ------------- 
Tank 1 Level 3.754868 
Opening P1
ITERATION 321 ------------- 
Tank 1 Level 3.756073 
Opening P1
ITERATION 322 ------------- 
Tank 1 Level 3.757326 
Opening P1
ITERATION 323 ------------- 
Tank 1 Level 3.757326 
Opening P1
ITERATION 324 ------------- 
Tank 1 Level 3.784936 
Opening P1
ITERATION 325 ------------- 
Tank 1 Level 3.784936 
Opening P1
ITERATION 326 ------------- 
Tank 1 Level 3.784936 
Opening P1
ITERATION 327 ------------- 
Tank 1 Level 3.808125 
Opening P1
ITERATION 328 ------------- 
Tank 1 Level 3.808125 
Opening P1
ITERATION 329 ------------- 
Tank 1 Level 3.820608 
Opening P1
ITERATION 330 ------------- 
Tank 1 Level 3.820608 
Opening P1
ITERATION 331 ------------- 
Tank 1 Level 3.833082 
Opening P1
ITERATION 332 ------------- 
Tank 1 Level 3.833082 
Opening P1
ITERATION 333 ------------- 
Tank 1 Level 3.845547 
Opening P1
ITERATION 334 ------------- 
Tank 1 Level 3.845547 
Opening P1
ITERATION 335 ------------- 
Tank 1 Level 3.845547 
Opening P1
ITERATION 336 ------------- 
Tank 1 Level 3.858002 
Opening P1
ITERATION 337 ------------- 
Tank 1 Level 3.870449 
Opening P1
ITERATION 338 ------------- 
Tank 1 Level 3.870449 
Opening P1
ITERATION 339 ------------- 
Tank 1 Level 3.870449 
Opening P1
ITERATION 340 ------------- 
Tank 1 Level 3.882886 
Opening P1
ITERATION 341 ------------- 
Tank 1 Level 3.882886 
Opening P1
ITERATION 342 ------------- 
Tank 1 Level 3.895314 
Opening P1
ITERATION 343 ------------- 
Tank 1 Level 3.907732 
Opening P1
ITERATION 344 ------------- 
Tank 1 Level 3.907732 
Opening P1
ITERATION 345 ------------- 
Tank 1 Level 3.920142 
Opening P1
ITERATION 346 ------------- 
Tank 1 Level 3.920142 
Opening P1
ITERATION 347 ------------- 
Tank 1 Level 3.920142 
Opening P1
ITERATION 348 ------------- 
Tank 1 Level 3.932542 
Opening P1
ITERATION 349 ------------- 
Tank 1 Level 3.932542 
Opening P1
ITERATION 350 ------------- 
Tank 1 Level 3.944934 
Opening P1
ITERATION 351 ------------- 
Tank 1 Level 3.944934 
Opening P1
ITERATION 352 ------------- 
Tank 1 Level 3.944934 
Opening P1
ITERATION 353 ------------- 
Tank 1 Level 3.960122 
Opening P1
ITERATION 354 ------------- 
Tank 1 Level 3.960122 
Opening P1
ITERATION 355 ------------- 
Tank 1 Level 3.975299 
Opening P1
ITERATION 356 ------------- 
Tank 1 Level 3.975299 
Opening P1
ITERATION 357 ------------- 
Tank 1 Level 3.990464 
Opening P1
ITERATION 358 ------------- 
Tank 1 Level 3.990464 
Opening P1
ITERATION 359 ------------- 
Tank 1 Level 4.005619 
ITERATION 360 ------------- 
Tank 1 Level 4.005619 
ITERATION 361 ------------- 
Tank 1 Level 4.020763 
ITERATION 362 ------------- 
Tank 1 Level 4.020763 
ITERATION 363 ------------- 
Tank 1 Level 4.035895 
ITERATION 364 ------------- 
Tank 1 Level 4.035895 
ITERATION 365 ------------- 
Tank 1 Level 4.051017 
ITERATION 366 ------------- 
Tank 1 Level 4.051017 
ITERATION 367 ------------- 
Tank 1 Level 4.051017 
ITERATION 368 ------------- 
Tank 1 Level 4.066127 
ITERATION 369 ------------- 
Tank 1 Level 4.066127 
ITERATION 370 ------------- 
Tank 1 Level 4.081227 
ITERATION 371 ------------- 
Tank 1 Level 4.096315 
ITERATION 372 ------------- 
Tank 1 Level 4.096315 
ITERATION 373 ------------- 
Tank 1 Level 4.096315 
ITERATION 374 ------------- 
Tank 1 Level 4.111392 
ITERATION 375 ------------- 
Tank 1 Level 4.111392 
ITERATION 376 ------------- 
Tank 1 Level 4.126459 
ITERATION 377 ------------- 
Tank 1 Level 4.126459 
ITERATION 378 ------------- 
Tank 1 Level 4.139747 
ITERATION 379 ------------- 
Tank 1 Level 4.139747 
ITERATION 380 ------------- 
Tank 1 Level 4.153026 
ITERATION 381 ------------- 
Tank 1 Level 4.153026 
ITERATION 382 ------------- 
Tank 1 Level 4.153026 
ITERATION 383 ------------- 
Tank 1 Level 4.166296 
ITERATION 384 ------------- 
Tank 1 Level 4.166296 
ITERATION 385 ------------- 
Tank 1 Level 4.179558 
ITERATION 386 ------------- 
Tank 1 Level 4.179558 
ITERATION 387 ------------- 
Tank 1 Level 4.179558 
ITERATION 388 ------------- 
Tank 1 Level 4.192811 
ITERATION 389 ------------- 
Tank 1 Level 4.192811 
ITERATION 390 ------------- 
Tank 1 Level 4.206055 
ITERATION 391 ------------- 
Tank 1 Level 4.206055 
ITERATION 392 ------------- 
Tank 1 Level 4.219290 
ITERATION 393 ------------- 
Tank 1 Level 4.219290 
ITERATION 394 ------------- 
Tank 1 Level 4.232517 
ITERATION 395 ------------- 
Tank 1 Level 4.232517 
ITERATION 396 ------------- 
Tank 1 Level 4.232517 
ITERATION 397 ------------- 
Tank 1 Level 4.245734 
ITERATION 398 ------------- 
Tank 1 Level 4.258944 
ITERATION 399 ------------- 
Tank 1 Level 4.258944 
ITERATION 400 ------------- 
Tank 1 Level 4.258944 
ITERATION 401 ------------- 
Tank 1 Level 4.272143 
ITERATION 402 ------------- 
Tank 1 Level 4.272143 
ITERATION 403 ------------- 
Tank 1 Level 4.285335 
ITERATION 404 ------------- 
Tank 1 Level 4.285335 
ITERATION 405 ------------- 
Tank 1 Level 4.299611 
ITERATION 406 ------------- 
Tank 1 Level 4.299611 
ITERATION 407 ------------- 
Tank 1 Level 4.299611 
ITERATION 408 ------------- 
Tank 1 Level 4.313876 
ITERATION 409 ------------- 
Tank 1 Level 4.313876 
ITERATION 410 ------------- 
Tank 1 Level 4.328132 
ITERATION 411 ------------- 
Tank 1 Level 4.328132 
ITERATION 412 ------------- 
Tank 1 Level 4.342378 
ITERATION 413 ------------- 
Tank 1 Level 4.342378 
ITERATION 414 ------------- 
Tank 1 Level 4.356614 
ITERATION 415 ------------- 
Tank 1 Level 4.356614 
ITERATION 416 ------------- 
Tank 1 Level 4.356614 
ITERATION 417 ------------- 
Tank 1 Level 4.370840 
ITERATION 418 ------------- 
Tank 1 Level 4.370840 
ITERATION 419 ------------- 
Tank 1 Level 4.385056 
ITERATION 420 ------------- 
Tank 1 Level 4.385056 
ITERATION 421 ------------- 
Tank 1 Level 4.399261 
ITERATION 422 ------------- 
Tank 1 Level 4.399261 
ITERATION 423 ------------- 
Tank 1 Level 4.399261 
ITERATION 424 ------------- 
Tank 1 Level 4.413457 
ITERATION 425 ------------- 
Tank 1 Level 4.413457 
ITERATION 426 ------------- 
Tank 1 Level 4.427644 
ITERATION 427 ------------- 
Tank 1 Level 4.427644 
ITERATION 428 ------------- 
Tank 1 Level 4.441820 
ITERATION 429 ------------- 
Tank 1 Level 4.455986 
ITERATION 430 ------------- 
Tank 1 Level 4.455986 
ITERATION 431 ------------- 
Tank 1 Level 4.467295 
ITERATION 432 ------------- 
Tank 1 Level 4.467295 
ITERATION 433 ------------- 
Tank 1 Level 4.478594 
ITERATION 434 ------------- 
Tank 1 Level 4.478594 
ITERATION 435 ------------- 
Tank 1 Level 4.489883 
ITERATION 436 ------------- 
Tank 1 Level 4.489883 
ITERATION 437 ------------- 
Tank 1 Level 4.489883 
ITERATION 438 ------------- 
Tank 1 Level 4.501164 
Closing P2
ITERATION 439 ------------- 
Tank 1 Level 4.501164 
Closing P2
ITERATION 440 ------------- 
Tank 1 Level 4.512435 
Closing P2
ITERATION 441 ------------- 
Tank 1 Level 4.512435 
Closing P2
ITERATION 442 ------------- 
Tank 1 Level 4.512435 
Closing P2
ITERATION 443 ------------- 
Tank 1 Level 4.523697 
Closing P2
ITERATION 444 ------------- 
Tank 1 Level 4.523697 
Closing P2
ITERATION 445 ------------- 
Tank 1 Level 4.507476 
Closing P2
ITERATION 446 ------------- 
Tank 1 Level 4.507476 
Closing P2
ITERATION 447 ------------- 
Tank 1 Level 4.491269 
ITERATION 448 ------------- 
Tank 1 Level 4.491269 
ITERATION 449 ------------- 
Tank 1 Level 4.491269 
ITERATION 450 ------------- 
Tank 1 Level 4.475076 
ITERATION 451 ------------- 
Tank 1 Level 4.475076 
ITERATION 452 ------------- 
Tank 1 Level 4.458897 
ITERATION 453 ------------- 
Tank 1 Level 4.458897 
ITERATION 454 ------------- 
Tank 1 Level 4.442731 
ITERATION 455 ------------- 
Tank 1 Level 4.442731 
ITERATION 456 ------------- 
Tank 1 Level 4.442731 
ITERATION 457 ------------- 
Tank 1 Level 4.426580 
ITERATION 458 ------------- 
Tank 1 Level 4.426580 
ITERATION 459 ------------- 
Tank 1 Level 4.413959 
ITERATION 460 ------------- 
Tank 1 Level 4.413959 
ITERATION 461 ------------- 
Tank 1 Level 4.401348 
ITERATION 462 ------------- 
Tank 1 Level 4.401348 
ITERATION 463 ------------- 
Tank 1 Level 4.388749 
ITERATION 464 ------------- 
Tank 1 Level 4.388749 
ITERATION 465 ------------- 
Tank 1 Level 4.388749 
ITERATION 466 ------------- 
Tank 1 Level 4.376162 
ITERATION 467 ------------- 
Tank 1 Level 4.376162 
ITERATION 468 ------------- 
Tank 1 Level 4.365473 
ITERATION 469 ------------- 
Tank 1 Level 4.365473 
ITERATION 470 ------------- 
Tank 1 Level 4.365473 
ITERATION 471 ------------- 
Tank 1 Level 4.363595 
ITERATION 472 ------------- 
Tank 1 Level 4.363595 
ITERATION 473 ------------- 
Tank 1 Level 4.351074 
ITERATION 474 ------------- 
Tank 1 Level 4.351074 
ITERATION 475 ------------- 
Tank 1 Level 4.338566 
ITERATION 476 ------------- 
Tank 1 Level 4.338566 
ITERATION 477 ------------- 
Tank 1 Level 4.338566 
ITERATION 478 ------------- 
Tank 1 Level 4.326068 
ITERATION 479 ------------- 
Tank 1 Level 4.326068 
ITERATION 480 ------------- 
Tank 1 Level 4.313581 
ITERATION 481 ------------- 
Tank 1 Level 4.313581 
ITERATION 482 ------------- 
Tank 1 Level 4.301106 
ITERATION 483 ------------- 
Tank 1 Level 4.301106 
ITERATION 484 ------------- 
Tank 1 Level 4.288642 
ITERATION 485 ------------- 
Tank 1 Level 4.288642 
ITERATION 486 ------------- 
Tank 1 Level 4.288642 
ITERATION 487 ------------- 
Tank 1 Level 4.276189 
ITERATION 488 ------------- 
Tank 1 Level 4.276189 
ITERATION 489 ------------- 
Tank 1 Level 4.260602 
ITERATION 490 ------------- 
Tank 1 Level 4.260602 
ITERATION 491 ------------- 
Tank 1 Level 4.260602 
ITERATION 492 ------------- 
Tank 1 Level 4.245028 
ITERATION 493 ------------- 
Tank 1 Level 4.245028 
ITERATION 494 ------------- 
Tank 1 Level 4.229470 
ITERATION 495 ------------- 
Tank 1 Level 4.229470 
ITERATION 496 ------------- 
Tank 1 Level 4.182479 
ITERATION 497 ------------- 
Tank 1 Level 4.182479 
ITERATION 498 ------------- 
Tank 1 Level 4.135600 
ITERATION 499 ------------- 
Tank 1 Level 4.135600 
ITERATION 500 ------------- 
Tank 1 Level 4.088830 
ITERATION 501 ------------- 
Tank 1 Level 4.088830 
ITERATION 502 ------------- 
Tank 1 Level 4.042171 
ITERATION 503 ------------- 
Tank 1 Level 4.042171 
ITERATION 504 ------------- 
Tank 1 Level 3.995623 
Opening P1
ITERATION 505 ------------- 
Tank 1 Level 3.995623 
Opening P1
ITERATION 506 ------------- 
Tank 1 Level 3.949184 
Opening P1
ITERATION 507 ------------- 
Tank 1 Level 3.949184 
Opening P1
ITERATION 508 ------------- 
Tank 1 Level 3.949184 
Opening P1
ITERATION 509 ------------- 
Tank 1 Level 3.902855 
Opening P1
ITERATION 510 ------------- 
Tank 1 Level 3.902855 
Opening P1
ITERATION 511 ------------- 
Tank 1 Level 3.856635 
Opening P1
ITERATION 512 ------------- 
Tank 1 Level 3.856635 
Opening P1
ITERATION 513 ------------- 
Tank 1 Level 3.810525 
Opening P1
ITERATION 514 ------------- 
Tank 1 Level 3.810525 
Opening P1
ITERATION 515 ------------- 
Tank 1 Level 3.810525 
Opening P1
ITERATION 516 ------------- 
Tank 1 Level 3.766698 
Opening P1
ITERATION 517 ------------- 
Tank 1 Level 3.766698 
Opening P1
ITERATION 518 ------------- 
Tank 1 Level 3.723005 
Opening P1
ITERATION 519 ------------- 
Tank 1 Level 3.723005 
Opening P1
ITERATION 520 ------------- 
Tank 1 Level 3.679447 
Opening P1
ITERATION 521 ------------- 
Tank 1 Level 3.679447 
Opening P1
ITERATION 522 ------------- 
Tank 1 Level 3.636022 
Opening P1
ITERATION 523 ------------- 
Tank 1 Level 3.636022 
Opening P1
ITERATION 524 ------------- 
Tank 1 Level 3.592731 
Opening P1
ITERATION 525 ------------- 
Tank 1 Level 3.592731 
Opening P1
ITERATION 526 ------------- 
Tank 1 Level 3.549574 
Opening P1
ITERATION 527 ------------- 
Tank 1 Level 3.549574 
Opening P1
ITERATION 528 ------------- 
Tank 1 Level 3.549574 
Opening P1
ITERATION 529 ------------- 
Tank 1 Level 3.505340 
Opening P1
ITERATION 530 ------------- 
Tank 1 Level 3.505340 
Opening P1
ITERATION 531 ------------- 
Tank 1 Level 3.461223 
Opening P1
ITERATION 532 ------------- 
Tank 1 Level 3.461223 
Opening P1
ITERATION 533 ------------- 
Tank 1 Level 3.417222 
Opening P1
ITERATION 534 ------------- 
Tank 1 Level 3.417222 
Opening P1
ITERATION 535 ------------- 
Tank 1 Level 3.373338 
Opening P1
ITERATION 536 ------------- 
Tank 1 Level 3.373338 
Opening P1
ITERATION 537 ------------- 
Tank 1 Level 3.373338 
Opening P1
ITERATION 538 ------------- 
Tank 1 Level 3.329569 
Opening P1
ITERATION 539 ------------- 
Tank 1 Level 3.329569 
Opening P1
ITERATION 540 ------------- 
Tank 1 Level 3.285916 
Opening P1
ITERATION 541 ------------- 
Tank 1 Level 3.285916 
Opening P1
ITERATION 542 ------------- 
Tank 1 Level 3.240180 
Opening P1
ITERATION 543 ------------- 
Tank 1 Level 3.240180 
Opening P1
ITERATION 544 ------------- 
Tank 1 Level 3.240180 
Opening P1
ITERATION 545 ------------- 
Tank 1 Level 3.194561 
Opening P1
ITERATION 546 ------------- 
Tank 1 Level 3.194561 
Opening P1
ITERATION 547 ------------- 
Tank 1 Level 3.149057 
Opening P1
ITERATION 548 ------------- 
Tank 1 Level 3.149057 
Opening P1
ITERATION 549 ------------- 
Tank 1 Level 3.103668 
Opening P1
ITERATION 550 ------------- 
Tank 1 Level 3.103668 
Opening P1
ITERATION 551 ------------- 
Tank 1 Level 3.058395 
Opening P1
ITERATION 552 ------------- 
Tank 1 Level 3.013237 
Opening P1
ITERATION 553 ------------- 
Tank 1 Level 3.013237 
Opening P1
ITERATION 554 ------------- 
Tank 1 Level 3.013237 
Opening P1
ITERATION 555 ------------- 
Tank 1 Level 2.968194 
Opening P1
ITERATION 556 ------------- 
Tank 1 Level 2.968194 
Opening P1
ITERATION 557 ------------- 
Tank 1 Level 2.923267 
Opening P1
ITERATION 558 ------------- 
Tank 1 Level 2.923267 
Opening P1
ITERATION 559 ------------- 
Tank 1 Level 2.878454 
Opening P1
ITERATION 560 ------------- 
Tank 1 Level 2.878454 
Opening P1
ITERATION 561 ------------- 
Tank 1 Level 2.878454 
Opening P1
ITERATION 562 ------------- 
Tank 1 Level 2.833757 
Opening P1
ITERATION 563 ------------- 
Tank 1 Level 2.833757 
Opening P1
ITERATION 564 ------------- 
Tank 1 Level 2.789174 
Opening P1
ITERATION 565 ------------- 
Tank 1 Level 2.787544 
Opening P1
ITERATION 566 ------------- 
Tank 1 Level 2.746570 
Opening P1
ITERATION 567 ------------- 
Tank 1 Level 2.746570 
Opening P1
ITERATION 568 ------------- 
Tank 1 Level 2.744639 
Opening P1
ITERATION 569 ------------- 
Tank 1 Level 2.744639 
Opening P1
ITERATION 570 ------------- 
Tank 1 Level 2.708049 
Opening P1
ITERATION 571 ------------- 
Tank 1 Level 2.708049 
Opening P1
ITERATION 572 ------------- 
Tank 1 Level 2.708049 
Opening P1
ITERATION 573 ------------- 
Tank 1 Level 2.708049 
Opening P1
ITERATION 574 ------------- 
Tank 1 Level 2.708049 
Opening P1
ITERATION 575 ------------- 
Tank 1 Level 2.708049 
Opening P1
ITERATION 576 ------------- 
Tank 1 Level 2.708049 
Opening P1
ITERATION 577 ------------- 
Tank 1 Level 2.708049 
Opening P1
ITERATION 578 ------------- 
Tank 1 Level 2.708049 
Opening P1
ITERATION 579 ------------- 
Tank 1 Level 2.669635 
Opening P1
ITERATION 580 ------------- 
Tank 1 Level 2.669635 
Opening P1
ITERATION 581 ------------- 
Tank 1 Level 2.637926 
Opening P1
ITERATION 582 ------------- 
Tank 1 Level 2.637926 
Opening P1
ITERATION 583 ------------- 
Tank 1 Level 2.606315 
Opening P1
ITERATION 584 ------------- 
Tank 1 Level 2.606315 
Opening P1
ITERATION 585 ------------- 
Tank 1 Level 2.543387 
Opening P1
ITERATION 586 ------------- 
Tank 1 Level 2.543387 
Opening P1
ITERATION 587 ------------- 
Tank 1 Level 2.512069 
Opening P1
ITERATION 588 ------------- 
Tank 1 Level 2.512069 
Opening P1
ITERATION 589 ------------- 
Tank 1 Level 2.480849 
Opening P1
ITERATION 590 ------------- 
Tank 1 Level 2.480849 
Opening P1
ITERATION 591 ------------- 
Tank 1 Level 2.449725 
Opening P1
ITERATION 592 ------------- 
Tank 1 Level 2.449725 
Opening P1
ITERATION 593 ------------- 
Tank 1 Level 2.449725 
Opening P1
ITERATION 594 ------------- 
Tank 1 Level 2.418697 
Opening P1
ITERATION 595 ------------- 
Tank 1 Level 2.418697 
Opening P1
ITERATION 596 ------------- 
Tank 1 Level 2.387766 
Opening P1
ITERATION 597 ------------- 
Tank 1 Level 2.387766 
Opening P1
ITERATION 598 ------------- 
Tank 1 Level 2.387766 
Opening P1
ITERATION 599 ------------- 
Tank 1 Level 2.356931 
Opening P1
ITERATION 600 ------------- 
Tank 1 Level 2.356931 
Opening P1
ITERATION 601 ------------- 
Tank 1 Level 2.328238 
Opening P1
ITERATION 602 ------------- 
Tank 1 Level 2.328238 
Opening P1
ITERATION 603 ------------- 
Tank 1 Level 2.299641 
Opening P1
ITERATION 604 ------------- 
Tank 1 Level 2.299641 
Opening P1
ITERATION 605 ------------- 
Tank 1 Level 2.272596 
Opening P1
ITERATION 606 ------------- 
Tank 1 Level 2.272596 
Opening P1
ITERATION 607 ------------- 
Tank 1 Level 2.245663 
Opening P1
ITERATION 608 ------------- 
Tank 1 Level 2.245663 
Opening P1
ITERATION 609 ------------- 
Tank 1 Level 2.218843 
Opening P1
ITERATION 610 ------------- 
Tank 1 Level 2.218843 
Opening P1
ITERATION 611 ------------- 
Tank 1 Level 2.218843 
Opening P1
ITERATION 612 ------------- 
Tank 1 Level 2.192135 
Opening P1
ITERATION 613 ------------- 
Tank 1 Level 2.192135 
Opening P1
ITERATION 614 ------------- 
Tank 1 Level 2.165539 
Opening P1
ITERATION 615 ------------- 
Tank 1 Level 2.165539 
Opening P1
ITERATION 616 ------------- 
Tank 1 Level 2.139055 
Opening P1
ITERATION 617 ------------- 
Tank 1 Level 2.139055 
Opening P1
ITERATION 618 ------------- 
Tank 1 Level 2.112683 
Opening P1
ITERATION 619 ------------- 
Tank 1 Level 2.112683 
Opening P1
ITERATION 620 ------------- 
Tank 1 Level 2.112683 
Opening P1
ITERATION 621 ------------- 
Tank 1 Level 2.086421 
Opening P1
ITERATION 622 ------------- 
Tank 1 Level 2.060272 
Opening P1
ITERATION 623 ------------- 
Tank 1 Level 2.060272 
Opening P1
ITERATION 624 ------------- 
Tank 1 Level 2.034233 
Opening P1
ITERATION 625 ------------- 
Tank 1 Level 2.034233 
Opening P1
ITERATION 626 ------------- 
Tank 1 Level 2.009655 
Opening P1
ITERATION 627 ------------- 
Tank 1 Level 2.009655 
Opening P1
ITERATION 628 ------------- 
Tank 1 Level 2.009655 
Opening P1
ITERATION 629 ------------- 
Tank 1 Level 1.985189 
Opening P1
ITERATION 630 ------------- 
Tank 1 Level 1.985189 
Opening P1
ITERATION 631 ------------- 
Tank 1 Level 1.960834 
Opening P1
ITERATION 632 ------------- 
Tank 1 Level 1.960834 
Opening P1
ITERATION 633 ------------- 
Tank 1 Level 1.936590 
Opening P1
DEBUG plc1 shutdown
plc1
Stopping Tcp dump process on PLC...
Stopping PLC...
