DEBUG get_query: SELECT value FROM ctown WHERE name = ? AND pid = ?
DEBUG set_query: UPDATE ctown SET value = ? WHERE name = ? AND pid = ?
DEBUG EnipProtocol server addr:  192.168.1.1
DEBUG: concatenating server address with default port.
DEBUG enip server tags_string:  T5:1=REAL T7:1=REAL PU8:1=REAL PU10:1=REAL PU11:1=REAL ATT_1:1=REAL ATT_2:1=REAL 
DEBUG enip _start_server cmd:  ['/usr/bin/python', '-m', 'cpppo.server.enip', '--print', '--log', 'logs/protocols_tests_enip_server', '--address', '192.168.1.1:44818', 'T5:1=REAL', 'T7:1=REAL', 'PU8:1=REAL', 'PU10:1=REAL', 'PU11:1=REAL', 'ATT_1:1=REAL', 'ATT_2:1=REAL']
DEBUG: plc5 enters pre_loop
ITERATION 1 ------------- 
T5 Level 1.000000 
T7 Level 2.500000 
Opening PU8
ITERATION 2 ------------- 
T5 Level 1.000000 
T7 Level 2.500000 
Opening PU8
ITERATION 3 ------------- 
T5 Level 1.000000 
T7 Level 2.385125 
Opening PU8
Opening PU10
ITERATION 4 ------------- 
T5 Level 0.951080 
T7 Level 2.385125 
Opening PU8
Opening PU10
ITERATION 5 ------------- 
T5 Level 1.005361 
T7 Level 2.270536 
Opening PU8
Opening PU10
ITERATION 6 ------------- 
T5 Level 1.059622 
T7 Level 2.156233 
Opening PU8
Opening PU10
ITERATION 7 ------------- 
T5 Level 1.107855 
T7 Level 2.203060 
Opening PU8
Opening PU10
ITERATION 8 ------------- 
T5 Level 1.156065 
T7 Level 2.249794 
Opening PU8
Opening PU10
ITERATION 9 ------------- 
T5 Level 1.202851 
T7 Level 2.294560 
Opening PU8
Opening PU10
ITERATION 10 ------------- 
T5 Level 1.249591 
T7 Level 2.339203 
Opening PU8
Opening PU10
ITERATION 11 ------------- 
T5 Level 1.249591 
T7 Level 2.383724 
Opening PU8
Opening PU10
ITERATION 12 ------------- 
T5 Level 1.296283 
T7 Level 2.428123 
Opening PU8
Opening PU10
ITERATION 13 ------------- 
T5 Level 1.342928 
T7 Level 2.428123 
Opening PU8
Opening PU10
ITERATION 14 ------------- 
T5 Level 1.389526 
T7 Level 2.472400 
Opening PU8
Opening PU10
ITERATION 15 ------------- 
T5 Level 1.389526 
T7 Level 2.516556 
Opening PU8
ITERATION 16 ------------- 
T5 Level 1.436077 
T7 Level 2.560592 
Opening PU8
ITERATION 17 ------------- 
T5 Level 1.482581 
T7 Level 2.621093 
Opening PU8
ITERATION 18 ------------- 
T5 Level 1.537070 
T7 Level 2.621093 
ITERATION 19 ------------- 
T5 Level 1.591507 
T7 Level 2.681434 
ITERATION 20 ------------- 
T5 Level 1.591507 
T7 Level 2.741616 
ITERATION 21 ------------- 
T5 Level 1.645894 
T7 Level 2.741616 
ITERATION 22 ------------- 
T5 Level 1.700230 
T7 Level 2.801640 
ITERATION 23 ------------- 
T5 Level 1.754515 
T7 Level 2.861507 
ITERATION 24 ------------- 
T5 Level 1.754515 
T7 Level 2.921217 
ITERATION 25 ------------- 
T5 Level 1.808750 
T7 Level 2.980771 
ITERATION 26 ------------- 
T5 Level 1.862934 
T7 Level 2.980771 
ITERATION 27 ------------- 
T5 Level 1.894150 
T7 Level 3.015024 
Closing PU11
ITERATION 28 ------------- 
T5 Level 1.917159 
T7 Level 3.051326 
Closing PU11
ITERATION 29 ------------- 
T5 Level 1.971490 
T7 Level 3.137010 
Closing PU11
ITERATION 30 ------------- 
T5 Level 2.025773 
T7 Level 3.222531 
Closing PU11
ITERATION 31 ------------- 
T5 Level 2.025773 
T7 Level 3.307892 
Closing PU11
ITERATION 32 ------------- 
T5 Level 2.080006 
T7 Level 3.393091 
Closing PU11
ITERATION 33 ------------- 
T5 Level 2.191175 
T7 Level 3.481276 
Closing PU11
ITERATION 34 ------------- 
T5 Level 2.191175 
T7 Level 3.569297 
Closing PU11
ITERATION 35 ------------- 
T5 Level 2.248110 
T7 Level 3.657154 
Closing PU11
ITERATION 36 ------------- 
T5 Level 2.304994 
T7 Level 3.744848 
Closing PU11
ITERATION 37 ------------- 
T5 Level 2.361828 
T7 Level 3.744848 
Closing PU11
ITERATION 38 ------------- 
T5 Level 2.418612 
T7 Level 3.919745 
Closing PU11
ITERATION 39 ------------- 
T5 Level 2.475345 
T7 Level 3.919745 
Closing PU11
ITERATION 40 ------------- 
T5 Level 2.532028 
T7 Level 4.006949 
Closing PU11
ITERATION 41 ------------- 
T5 Level 2.588661 
T7 Level 4.093991 
Closing PU11
ITERATION 42 ------------- 
T5 Level 2.588661 
T7 Level 4.180871 
Closing PU11
ITERATION 43 ------------- 
T5 Level 2.645244 
T7 Level 4.180871 
Closing PU11
ITERATION 44 ------------- 
T5 Level 2.701777 
T7 Level 4.267588 
Closing PU11
ITERATION 45 ------------- 
T5 Level 2.701777 
T7 Level 4.354145 
Closing PU11
ITERATION 46 ------------- 
T5 Level 2.758260 
T7 Level 4.354145 
Closing PU11
ITERATION 47 ------------- 
T5 Level 2.814692 
T7 Level 4.440540 
Closing PU11
ITERATION 48 ------------- 
T5 Level 2.881157 
T7 Level 4.556851 
Closing PU11
ITERATION 49 ------------- 
T5 Level 2.881157 
T7 Level 4.672958 
Closing PU11
ITERATION 50 ------------- 
T5 Level 2.947566 
T7 Level 4.788861 
Closing PU11
ITERATION 51 ------------- 
T5 Level 3.013919 
T7 Level 4.788861 
Closing PU11
ITERATION 52 ------------- 
T5 Level 3.080218 
T7 Level 4.904559 
Closing PU10
Closing PU11
ITERATION 53 ------------- 
T5 Level 3.134979 
T7 Level 5.000034 
Closing PU10
Closing PU11
ITERATION 54 ------------- 
T5 Level 3.134979 
T7 Level 5.000034 
Closing PU10
Closing PU11
ITERATION 55 ------------- 
T5 Level 3.146933 
T7 Level 5.000034 
Closing PU10
Closing PU11
ITERATION 56 ------------- 
T5 Level 3.217749 
T7 Level 4.925706 
Closing PU10
Closing PU11
ITERATION 57 ------------- 
T5 Level 3.217749 
T7 Level 4.851693 
Closing PU10
Closing PU11
ITERATION 58 ------------- 
T5 Level 3.288509 
T7 Level 4.851693 
Closing PU10
Closing PU11
ITERATION 59 ------------- 
T5 Level 3.359215 
T7 Level 4.777989 
Closing PU11
ITERATION 60 ------------- 
T5 Level 3.429865 
T7 Level 4.704590 
Closing PU11
ITERATION 61 ------------- 
T5 Level 3.429865 
T7 Level 4.631490 
Closing PU11
ITERATION 62 ------------- 
T5 Level 3.500461 
T7 Level 4.558684 
Closing PU11
ITERATION 63 ------------- 
T5 Level 3.571001 
T7 Level 4.486169 
Closing PU11
ITERATION 64 ------------- 
T5 Level 3.641487 
T7 Level 4.486169 
Closing PU11
ITERATION 65 ------------- 
T5 Level 3.641487 
T7 Level 4.486169 
Closing PU11
ITERATION 66 ------------- 
T5 Level 3.641487 
T7 Level 4.486169 
Closing PU11
ITERATION 67 ------------- 
T5 Level 3.641487 
T7 Level 4.486169 
Closing PU11
ITERATION 68 ------------- 
T5 Level 3.641487 
T7 Level 4.486169 
Closing PU11
ITERATION 69 ------------- 
T5 Level 3.709040 
T7 Level 4.413948 
Closing PU11
ITERATION 70 ------------- 
T5 Level 3.709040 
T7 Level 4.342000 
Closing PU11
ITERATION 71 ------------- 
T5 Level 3.776694 
T7 Level 4.342000 
Closing PU11
ITERATION 72 ------------- 
T5 Level 3.844301 
T7 Level 4.270329 
Closing PU11
ITERATION 73 ------------- 
T5 Level 3.911863 
T7 Level 4.198932 
Closing PU11
ITERATION 74 ------------- 
T5 Level 3.911863 
T7 Level 4.127804 
Closing PU11
ITERATION 75 ------------- 
T5 Level 3.979380 
T7 Level 4.056942 
Closing PU11
ITERATION 76 ------------- 
T5 Level 4.046851 
T7 Level 3.986342 
Closing PU11
ITERATION 77 ------------- 
T5 Level 4.114276 
T7 Level 3.916001 
Closing PU11
ITERATION 78 ------------- 
T5 Level 4.181656 
T7 Level 3.845915 
Closing PU11
ITERATION 79 ------------- 
T5 Level 4.248991 
T7 Level 3.845915 
Closing PU11
ITERATION 80 ------------- 
T5 Level 4.316280 
T7 Level 3.776081 
Closing PU11
ITERATION 81 ------------- 
T5 Level 4.383729 
T7 Level 3.706496 
Closing PU11
ITERATION 82 ------------- 
T5 Level 4.451136 
T7 Level 3.637156 
Closing PU11
ITERATION 83 ------------- 
T5 Level 4.500032 
T7 Level 3.584782 
Closing PU8
Closing PU11
ITERATION 84 ------------- 
T5 Level 4.500032 
T7 Level 3.565785 
Closing PU8
Closing PU11
ITERATION 85 ------------- 
T5 Level 4.500032 
T7 Level 3.494611 
Closing PU8
Closing PU11
ITERATION 86 ------------- 
T5 Level 4.500032 
T7 Level 3.494611 
Closing PU8
Closing PU11
ITERATION 87 ------------- 
T5 Level 4.500032 
T7 Level 3.423677 
Closing PU8
Closing PU11
ITERATION 88 ------------- 
T5 Level 4.500032 
T7 Level 3.423677 
Closing PU8
Closing PU11
ITERATION 89 ------------- 
T5 Level 4.469817 
T7 Level 3.352982 
Closing PU11
ITERATION 90 ------------- 
T5 Level 4.439601 
T7 Level 3.282523 
Closing PU11
ITERATION 91 ------------- 
T5 Level 4.409386 
T7 Level 3.212296 
Closing PU11
ITERATION 92 ------------- 
T5 Level 4.409386 
T7 Level 3.142300 
Closing PU11
ITERATION 93 ------------- 
T5 Level 4.379171 
T7 Level 3.072532 
Closing PU11
ITERATION 94 ------------- 
T5 Level 4.348956 
T7 Level 3.072532 
Closing PU11
ITERATION 95 ------------- 
T5 Level 4.318740 
T7 Level 3.002989 
Closing PU11
ITERATION 96 ------------- 
T5 Level 4.288525 
T7 Level 2.933668 
ITERATION 97 ------------- 
T5 Level 4.258309 
T7 Level 2.864567 
ITERATION 98 ------------- 
T5 Level 4.228094 
T7 Level 2.795684 
ITERATION 99 ------------- 
T5 Level 4.194522 
T7 Level 2.703087 
ITERATION 100 ------------- 
T5 Level 4.160949 
T7 Level 2.610753 
ITERATION 101 ------------- 
T5 Level 4.160949 
T7 Level 2.518678 
ITERATION 102 ------------- 
T5 Level 4.127377 
T7 Level 2.426862 
Opening PU10
ITERATION 103 ------------- 
T5 Level 4.093804 
T7 Level 2.335302 
Opening PU10
ITERATION 104 ------------- 
T5 Level 4.060231 
T7 Level 2.335302 
Opening PU10
ITERATION 105 ------------- 
T5 Level 4.026659 
T7 Level 2.243994 
Opening PU10
ITERATION 106 ------------- 
T5 Level 3.993086 
T7 Level 2.318744 
Opening PU10
ITERATION 107 ------------- 
T5 Level 3.993086 
T7 Level 2.392976 
Opening PU10
ITERATION 108 ------------- 
T5 Level 3.959514 
T7 Level 2.392976 
Opening PU10
ITERATION 109 ------------- 
T5 Level 3.892369 
T7 Level 2.614680 
ITERATION 110 ------------- 
T5 Level 3.858796 
T7 Level 2.614680 
ITERATION 111 ------------- 
T5 Level 3.825223 
T7 Level 2.688254 
ITERATION 112 ------------- 
T5 Level 3.779181 
T7 Level 2.759946 
ITERATION 113 ------------- 
T5 Level 3.779181 
T7 Level 2.831477 
ITERATION 114 ------------- 
T5 Level 3.733139 
T7 Level 2.902847 
ITERATION 115 ------------- 
T5 Level 3.687096 
T7 Level 2.902847 
ITERATION 116 ------------- 
T5 Level 3.641054 
T7 Level 2.974056 
ITERATION 117 ------------- 
T5 Level 3.595011 
T7 Level 3.045105 
Closing PU11
ITERATION 118 ------------- 
T5 Level 3.595011 
T7 Level 3.115996 
Closing PU11
ITERATION 119 ------------- 
T5 Level 3.548969 
T7 Level 3.115996 
Closing PU11
ITERATION 120 ------------- 
T5 Level 3.502927 
T7 Level 3.186728 
Closing PU11
ITERATION 121 ------------- 
T5 Level 3.502927 
T7 Level 3.257303 
Closing PU11
ITERATION 122 ------------- 
T5 Level 3.456884 
T7 Level 3.327720 
Closing PU11
ITERATION 123 ------------- 
T5 Level 3.410842 
T7 Level 3.397981 
Closing PU11
ITERATION 124 ------------- 
T5 Level 3.364799 
T7 Level 3.468086 
Closing PU11
ITERATION 125 ------------- 
T5 Level 3.318757 
T7 Level 3.468086 
Closing PU11
ITERATION 126 ------------- 
T5 Level 3.272715 
T7 Level 3.538037 
Closing PU11
ITERATION 127 ------------- 
T5 Level 3.272715 
T7 Level 3.576966 
Closing PU11
ITERATION 128 ------------- 
T5 Level 3.218998 
T7 Level 3.615817 
Closing PU11
ITERATION 129 ------------- 
T5 Level 3.165282 
T7 Level 3.615817 
Closing PU11
ITERATION 130 ------------- 
T5 Level 3.111566 
T7 Level 3.693286 
Closing PU11
ITERATION 131 ------------- 
T5 Level 3.057850 
T7 Level 3.693286 
Closing PU11
ITERATION 132 ------------- 
T5 Level 3.004134 
T7 Level 3.731905 
Closing PU11
ITERATION 133 ------------- 
T5 Level 2.950418 
T7 Level 3.770447 
Closing PU11
ITERATION 134 ------------- 
T5 Level 2.905654 
T7 Level 3.802502 
Closing PU11
ITERATION 135 ------------- 
T5 Level 2.896702 
T7 Level 3.813196 
Closing PU11
ITERATION 136 ------------- 
T5 Level 2.789269 
T7 Level 3.941386 
Closing PU11
ITERATION 137 ------------- 
T5 Level 2.735553 
T7 Level 4.005322 
Closing PU11
ITERATION 138 ------------- 
T5 Level 2.681837 
T7 Level 4.069154 
Closing PU11
ITERATION 139 ------------- 
T5 Level 2.681837 
T7 Level 4.132880 
Closing PU11
ITERATION 140 ------------- 
T5 Level 2.628121 
T7 Level 4.132880 
Closing PU11
ITERATION 141 ------------- 
T5 Level 2.571287 
T7 Level 4.172770 
Closing PU11
ITERATION 142 ------------- 
T5 Level 2.514454 
T7 Level 4.212588 
Closing PU11
ITERATION 143 ------------- 
T5 Level 2.400787 
T7 Level 4.292010 
Closing PU11
ITERATION 144 ------------- 
T5 Level 2.343953 
T7 Level 4.331615 
Closing PU11
ITERATION 145 ------------- 
T5 Level 2.343953 
T7 Level 4.371149 
Closing PU11
ITERATION 146 ------------- 
T5 Level 2.287120 
T7 Level 4.371149 
Closing PU11
ITERATION 147 ------------- 
T5 Level 2.230286 
T7 Level 4.410614 
Closing PU11
ITERATION 148 ------------- 
T5 Level 2.173452 
T7 Level 4.450007 
Closing PU11
ITERATION 149 ------------- 
T5 Level 2.173452 
T7 Level 4.489332 
Closing PU11
ITERATION 150 ------------- 
T5 Level 2.116619 
T7 Level 4.489332 
Closing PU11
ITERATION 151 ------------- 
T5 Level 2.059785 
T7 Level 4.528586 
Closing PU11
ITERATION 152 ------------- 
T5 Level 2.002952 
T7 Level 4.568045 
Closing PU11
ITERATION 153 ------------- 
T5 Level 2.002952 
T7 Level 4.607447 
Closing PU11
ITERATION 154 ------------- 
T5 Level 1.946118 
T7 Level 4.639859 
Closing PU11
ITERATION 155 ------------- 
T5 Level 1.879932 
T7 Level 4.639859 
Closing PU11
ITERATION 156 ------------- 
T5 Level 1.813746 
T7 Level 4.672225 
Closing PU11
ITERATION 157 ------------- 
T5 Level 1.747560 
T7 Level 4.704547 
Closing PU11
ITERATION 158 ------------- 
T5 Level 1.747560 
T7 Level 4.736824 
Closing PU11
ITERATION 159 ------------- 
T5 Level 1.681374 
T7 Level 4.736824 
Closing PU11
ITERATION 160 ------------- 
T5 Level 1.615188 
T7 Level 4.769057 
Closing PU11
ITERATION 161 ------------- 
T5 Level 1.549002 
T7 Level 4.801245 
Closing PU10
Closing PU11
ITERATION 162 ------------- 
T5 Level 1.549002 
T7 Level 4.833390 
Closing PU10
Closing PU11
ITERATION 163 ------------- 
T5 Level 1.482816 
T7 Level 4.833390 
Opening PU8
Closing PU10
Closing PU11
ITERATION 164 ------------- 
T5 Level 1.416631 
T7 Level 4.865491 
Opening PU8
Closing PU10
Closing PU11
ITERATION 165 ------------- 
T5 Level 1.416631 
T7 Level 4.704774 
Opening PU8
Closing PU11
ITERATION 166 ------------- 
T5 Level 1.350445 
T7 Level 4.544443 
Opening PU8
Closing PU11
ITERATION 167 ------------- 
T5 Level 1.284259 
T7 Level 4.544443 
Opening PU8
Closing PU11
ITERATION 168 ------------- 
T5 Level 1.284259 
T7 Level 4.384494 
Opening PU8
Closing PU11
ITERATION 169 ------------- 
T5 Level 1.321464 
T7 Level 4.224926 
Opening PU8
Closing PU11
ITERATION 170 ------------- 
T5 Level 1.358646 
T7 Level 4.054092 
Opening PU8
Closing PU11
ITERATION 171 ------------- 
T5 Level 1.394767 
T7 Level 4.054092 
Opening PU8
Closing PU11
ITERATION 172 ------------- 
T5 Level 1.430867 
T7 Level 3.883646 
Opening PU8
Closing PU11
ITERATION 173 ------------- 
T5 Level 1.430867 
T7 Level 3.713587 
Opening PU8
Closing PU11
ITERATION 174 ------------- 
T5 Level 1.502735 
T7 Level 3.543911 
Closing PU11
ITERATION 175 ------------- 
T5 Level 1.502735 
T7 Level 3.374618 
Closing PU11
ITERATION 176 ------------- 
T5 Level 1.538626 
T7 Level 3.374618 
Closing PU11
ITERATION 177 ------------- 
T5 Level 1.574489 
T7 Level 3.205704 
Closing PU11
ITERATION 178 ------------- 
T5 Level 1.610323 
T7 Level 3.037168 
Closing PU11
ITERATION 179 ------------- 
T5 Level 1.610323 
T7 Level 2.869008 
ITERATION 180 ------------- 
T5 Level 1.646129 
T7 Level 2.701223 
ITERATION 181 ------------- 
T5 Level 1.681907 
T7 Level 2.533812 
ITERATION 182 ------------- 
T5 Level 1.717657 
T7 Level 2.366771 
Opening PU10
ITERATION 183 ------------- 
T5 Level 1.753379 
T7 Level 2.366771 
Opening PU10
ITERATION 184 ------------- 
T5 Level 1.790493 
T7 Level 2.200101 
Opening PU10
ITERATION 185 ------------- 
T5 Level 1.790493 
T7 Level 2.028760 
Opening PU10
ITERATION 186 ------------- 
T5 Level 1.852434 
T7 Level 2.024903 
Opening PU10
ITERATION 187 ------------- 
T5 Level 1.880312 
T7 Level 2.021113 
Opening PU10
ITERATION 188 ------------- 
T5 Level 1.880312 
T7 Level 2.017389 
Opening PU10
ITERATION 189 ------------- 
T5 Level 1.908177 
T7 Level 2.013731 
Opening PU10
ITERATION 190 ------------- 
T5 Level 1.936027 
T7 Level 2.010138 
Opening PU10
ITERATION 191 ------------- 
T5 Level 1.963863 
T7 Level 2.010138 
Opening PU10
ITERATION 192 ------------- 
T5 Level 1.991685 
T7 Level 2.006610 
Opening PU10
ITERATION 193 ------------- 
T5 Level 2.019493 
T7 Level 2.003146 
Opening PU10
ITERATION 194 ------------- 
T5 Level 2.019493 
T7 Level 1.999747 
Opening PU10
ITERATION 195 ------------- 
T5 Level 2.047286 
T7 Level 1.996411 
Opening PU10
ITERATION 196 ------------- 
T5 Level 2.075065 
T7 Level 1.996411 
Opening PU10
ITERATION 197 ------------- 
T5 Level 2.102830 
T7 Level 1.993138 
Opening PU10
ITERATION 198 ------------- 
T5 Level 2.102830 
T7 Level 1.989929 
Opening PU10
ITERATION 199 ------------- 
T5 Level 2.130581 
T7 Level 1.986630 
Opening PU10
ITERATION 200 ------------- 
T5 Level 2.164891 
T7 Level 1.986630 
Opening PU10
ITERATION 201 ------------- 
T5 Level 2.199183 
T7 Level 1.983397 
Opening PU10
ITERATION 202 ------------- 
T5 Level 2.199183 
T7 Level 1.980229 
Opening PU10
ITERATION 203 ------------- 
T5 Level 2.233457 
T7 Level 1.977127 
Opening PU10
ITERATION 204 ------------- 
T5 Level 2.267714 
T7 Level 1.977127 
Opening PU10
ITERATION 205 ------------- 
T5 Level 2.301953 
T7 Level 1.974089 
Opening PU10
ITERATION 206 ------------- 
T5 Level 2.301953 
T7 Level 1.971116 
Opening PU10
ITERATION 207 ------------- 
T5 Level 2.370378 
T7 Level 1.968207 
Opening PU10
ITERATION 208 ------------- 
T5 Level 2.370378 
T7 Level 1.965361 
Opening PU10
ITERATION 209 ------------- 
T5 Level 2.404564 
T7 Level 1.965361 
Opening PU10
ITERATION 210 ------------- 
T5 Level 2.438732 
T7 Level 1.962578 
Opening PU10
ITERATION 211 ------------- 
T5 Level 2.472883 
T7 Level 1.959859 
Opening PU10
ITERATION 212 ------------- 
T5 Level 2.507016 
T7 Level 1.957201 
Opening PU10
ITERATION 213 ------------- 
T5 Level 2.541131 
T7 Level 1.954606 
Opening PU10
ITERATION 214 ------------- 
T5 Level 2.541131 
T7 Level 1.961293 
Opening PU10
ITERATION 215 ------------- 
T5 Level 2.575098 
T7 Level 1.968001 
Opening PU10
ITERATION 216 ------------- 
T5 Level 2.609047 
T7 Level 1.968001 
Opening PU10
ITERATION 217 ------------- 
T5 Level 2.642977 
T7 Level 1.974733 
Opening PU10
ITERATION 218 ------------- 
T5 Level 2.642977 
T7 Level 1.981487 
Opening PU10
ITERATION 219 ------------- 
T5 Level 2.676889 
T7 Level 1.988263 
Opening PU10
ITERATION 220 ------------- 
T5 Level 2.710782 
T7 Level 1.995061 
Opening PU10
ITERATION 221 ------------- 
T5 Level 2.744657 
T7 Level 1.995061 
Opening PU10
ITERATION 222 ------------- 
T5 Level 2.778513 
T7 Level 2.001881 
Opening PU10
ITERATION 223 ------------- 
T5 Level 2.812351 
T7 Level 2.008723 
Opening PU10
ITERATION 224 ------------- 
T5 Level 2.812351 
T7 Level 2.015587 
Opening PU10
ITERATION 225 ------------- 
T5 Level 2.879972 
T7 Level 2.022472 
Opening PU10
ITERATION 226 ------------- 
T5 Level 2.879972 
T7 Level 2.029379 
Opening PU10
ITERATION 227 ------------- 
T5 Level 2.913754 
T7 Level 2.029379 
Opening PU10
ITERATION 228 ------------- 
T5 Level 2.947518 
T7 Level 2.036307 
Opening PU10
ITERATION 229 ------------- 
T5 Level 2.975899 
T7 Level 2.050273 
Opening PU10
ITERATION 230 ------------- 
T5 Level 2.975899 
T7 Level 2.064235 
Opening PU10
ITERATION 231 ------------- 
T5 Level 3.004267 
T7 Level 2.064235 
Opening PU10
ITERATION 232 ------------- 
T5 Level 3.032622 
T7 Level 2.078194 
Opening PU10
ITERATION 233 ------------- 
T5 Level 3.060964 
T7 Level 2.092148 
Opening PU10
ITERATION 234 ------------- 
T5 Level 3.089293 
T7 Level 2.106098 
Opening PU10
ITERATION 235 ------------- 
T5 Level 3.089293 
T7 Level 2.120044 
Opening PU10
ITERATION 236 ------------- 
T5 Level 3.117610 
T7 Level 2.133986 
Opening PU10
ITERATION 237 ------------- 
T5 Level 3.145914 
T7 Level 2.133986 
Opening PU10
ITERATION 238 ------------- 
T5 Level 3.174205 
T7 Level 2.147924 
Opening PU10
ITERATION 239 ------------- 
T5 Level 3.174205 
T7 Level 2.161858 
Opening PU10
ITERATION 240 ------------- 
T5 Level 3.202484 
T7 Level 2.175788 
Opening PU10
ITERATION 241 ------------- 
T5 Level 3.230749 
T7 Level 2.175788 
Opening PU10
ITERATION 242 ------------- 
T5 Level 3.259002 
T7 Level 2.189714 
Opening PU10
ITERATION 243 ------------- 
T5 Level 3.259002 
T7 Level 2.203636 
Opening PU10
ITERATION 244 ------------- 
T5 Level 3.310578 
T7 Level 2.187989 
Opening PU10
ITERATION 245 ------------- 
T5 Level 3.333902 
T7 Level 2.172457 
Opening PU10
ITERATION 246 ------------- 
T5 Level 3.357213 
T7 Level 2.157042 
Opening PU10
ITERATION 247 ------------- 
T5 Level 3.357213 
T7 Level 2.141740 
Opening PU10
ITERATION 248 ------------- 
T5 Level 3.380514 
T7 Level 2.141740 
Opening PU10
ITERATION 249 ------------- 
T5 Level 3.403802 
T7 Level 2.126553 
Opening PU10
ITERATION 250 ------------- 
T5 Level 3.427078 
T7 Level 2.111478 
Opening PU10
ITERATION 251 ------------- 
T5 Level 3.449506 
T7 Level 2.095614 
Opening PU10
ITERATION 252 ------------- 
T5 Level 3.471900 
T7 Level 2.079843 
Opening PU10
ITERATION 253 ------------- 
T5 Level 3.471900 
T7 Level 2.064165 
Opening PU10
ITERATION 254 ------------- 
T5 Level 3.494262 
T7 Level 2.048579 
Opening PU10
ITERATION 255 ------------- 
T5 Level 3.516591 
T7 Level 2.048579 
Opening PU10
ITERATION 256 ------------- 
T5 Level 3.538888 
T7 Level 2.033086 
Opening PU10
ITERATION 257 ------------- 
T5 Level 3.538888 
T7 Level 2.017684 
Opening PU10
ITERATION 258 ------------- 
T5 Level 3.561152 
T7 Level 2.002649 
Opening PU10
ITERATION 259 ------------- 
T5 Level 3.607424 
T7 Level 1.987706 
Opening PU10
ITERATION 260 ------------- 
T5 Level 3.607424 
T7 Level 1.972854 
Opening PU10
ITERATION 261 ------------- 
T5 Level 3.630515 
T7 Level 1.958092 
Opening PU10
ITERATION 262 ------------- 
T5 Level 3.653575 
T7 Level 1.958092 
Opening PU10
ITERATION 263 ------------- 
T5 Level 3.673150 
T7 Level 1.945621 
Opening PU10
ITERATION 264 ------------- 
T5 Level 3.673150 
T7 Level 1.944098 
Opening PU10
ITERATION 265 ------------- 
T5 Level 3.676605 
T7 Level 1.933945 
Opening PU10
ITERATION 266 ------------- 
T5 Level 3.699634 
T7 Level 1.923797 
Opening PU10
ITERATION 267 ------------- 
T5 Level 3.722632 
T7 Level 1.923797 
Opening PU10
ITERATION 268 ------------- 
T5 Level 3.745600 
T7 Level 1.913655 
Opening PU10
ITERATION 269 ------------- 
T5 Level 3.768537 
T7 Level 1.903520 
Opening PU10
ITERATION 270 ------------- 
T5 Level 3.768537 
T7 Level 1.893390 
Opening PU10
ITERATION 271 ------------- 
T5 Level 3.791443 
T7 Level 1.893390 
Opening PU10
ITERATION 272 ------------- 
T5 Level 3.814319 
T7 Level 1.883266 
Opening PU10
ITERATION 273 ------------- 
T5 Level 3.814319 
T7 Level 1.873149 
Opening PU10
ITERATION 274 ------------- 
T5 Level 3.837165 
T7 Level 1.884906 
Opening PU10
ITERATION 275 ------------- 
T5 Level 3.856060 
T7 Level 1.884906 
Opening PU10
ITERATION 276 ------------- 
T5 Level 3.874927 
T7 Level 1.896620 
Opening PU10
ITERATION 277 ------------- 
T5 Level 3.874927 
T7 Level 1.908290 
Opening PU10
ITERATION 278 ------------- 
T5 Level 3.893765 
T7 Level 1.914782 
Opening PU10
ITERATION 279 ------------- 
T5 Level 3.909749 
T7 Level 1.914782 
Opening PU10
ITERATION 280 ------------- 
T5 Level 3.925692 
T7 Level 1.921217 
Opening PU10
ITERATION 281 ------------- 
T5 Level 3.941596 
T7 Level 1.927593 
Opening PU10
ITERATION 282 ------------- 
T5 Level 3.941596 
T7 Level 1.933912 
Opening PU10
ITERATION 283 ------------- 
T5 Level 3.957460 
T7 Level 1.940174 
Opening PU10
ITERATION 284 ------------- 
T5 Level 3.973284 
T7 Level 1.946377 
Opening PU10
ITERATION 285 ------------- 
T5 Level 3.989068 
T7 Level 1.946377 
Opening PU10
ITERATION 286 ------------- 
T5 Level 4.004813 
T7 Level 1.952524 
Opening PU10
ITERATION 287 ------------- 
T5 Level 4.004813 
T7 Level 1.958614 
Opening PU10
ITERATION 288 ------------- 
T5 Level 4.020517 
T7 Level 1.958614 
Opening PU10
ITERATION 289 ------------- 
T5 Level 4.036182 
T7 Level 1.964646 
Opening PU10
ITERATION 290 ------------- 
T5 Level 4.055161 
T7 Level 1.953964 
Opening PU10
ITERATION 291 ------------- 
T5 Level 4.074100 
T7 Level 1.943270 
Opening PU10
ITERATION 292 ------------- 
T5 Level 4.093000 
T7 Level 1.932562 
Opening PU10
ITERATION 293 ------------- 
T5 Level 4.093000 
T7 Level 1.921842 
Opening PU10
ITERATION 294 ------------- 
T5 Level 4.111862 
T7 Level 1.911109 
Opening PU10
ITERATION 295 ------------- 
T5 Level 4.130685 
T7 Level 1.911109 
Opening PU10
ITERATION 296 ------------- 
T5 Level 4.149469 
T7 Level 1.900364 
Opening PU10
ITERATION 297 ------------- 
T5 Level 4.149469 
T7 Level 1.889332 
Opening PU10
ITERATION 298 ------------- 
T5 Level 4.168066 
T7 Level 1.889332 
Opening PU10
ITERATION 299 ------------- 
T5 Level 4.186620 
T7 Level 1.878284 
Opening PU10
ITERATION 300 ------------- 
T5 Level 4.205133 
T7 Level 1.867219 
Opening PU10
ITERATION 301 ------------- 
T5 Level 4.223606 
T7 Level 1.856138 
Opening PU10
ITERATION 302 ------------- 
T5 Level 4.223606 
T7 Level 1.856138 
Opening PU10
ITERATION 303 ------------- 
T5 Level 4.242038 
T7 Level 1.845041 
Opening PU10
ITERATION 304 ------------- 
T5 Level 4.260428 
T7 Level 1.833927 
Opening PU10
ITERATION 305 ------------- 
T5 Level 4.260428 
T7 Level 1.816408 
Opening PU10
ITERATION 306 ------------- 
T5 Level 4.282366 
T7 Level 1.816408 
Opening PU10
ITERATION 307 ------------- 
T5 Level 4.304259 
T7 Level 1.798886 
Opening PU10
ITERATION 308 ------------- 
T5 Level 4.326106 
T7 Level 1.781360 
Opening PU10
ITERATION 309 ------------- 
T5 Level 4.326106 
T7 Level 1.763830 
Opening PU10
ITERATION 310 ------------- 
T5 Level 4.347908 
T7 Level 1.763830 
Opening PU10
ITERATION 311 ------------- 
T5 Level 4.369663 
T7 Level 1.746297 
Opening PU10
ITERATION 312 ------------- 
T5 Level 4.369663 
T7 Level 1.728810 
Opening PU10
ITERATION 313 ------------- 
T5 Level 4.391374 
T7 Level 1.711422 
Opening PU10
ITERATION 314 ------------- 
T5 Level 4.413041 
T7 Level 1.711422 
Opening PU10
ITERATION 315 ------------- 
T5 Level 4.434662 
T7 Level 1.694129 
Opening PU10
ITERATION 316 ------------- 
T5 Level 4.456239 
T7 Level 1.676930 
Opening PU10
ITERATION 317 ------------- 
T5 Level 4.477771 
T7 Level 1.659824 
Opening PU10
ITERATION 318 ------------- 
T5 Level 4.477771 
T7 Level 1.642808 
Opening PU10
ITERATION 319 ------------- 
T5 Level 4.499259 
T7 Level 1.642187 
Opening PU10
ITERATION 320 ------------- 
T5 Level 4.500046 
T7 Level 1.627461 
Closing PU8
Opening PU10
ITERATION 321 ------------- 
T5 Level 4.500046 
T7 Level 1.628002 
Closing PU8
Opening PU10
ITERATION 322 ------------- 
T5 Level 4.500046 
T7 Level 1.648982 
Closing PU8
Opening PU10
ITERATION 323 ------------- 
T5 Level 4.500046 
T7 Level 1.648982 
Closing PU8
Opening PU10
ITERATION 324 ------------- 
T5 Level 4.500046 
T7 Level 1.648982 
Closing PU8
Opening PU10
ITERATION 325 ------------- 
T5 Level 4.500046 
T7 Level 1.648982 
Closing PU8
Opening PU10
ITERATION 326 ------------- 
T5 Level 4.500046 
T7 Level 1.648982 
Closing PU8
Opening PU10
ITERATION 327 ------------- 
T5 Level 4.500046 
T7 Level 1.670984 
Closing PU8
Opening PU10
ITERATION 328 ------------- 
T5 Level 4.500046 
T7 Level 1.701065 
Closing PU8
Opening PU10
ITERATION 329 ------------- 
T5 Level 4.434819 
T7 Level 1.731053 
Opening PU10
ITERATION 330 ------------- 
T5 Level 4.369592 
T7 Level 1.731053 
Opening PU10
ITERATION 331 ------------- 
T5 Level 4.304366 
T7 Level 1.760949 
Opening PU10
ITERATION 332 ------------- 
T5 Level 4.239139 
T7 Level 1.790753 
Opening PU10
ITERATION 333 ------------- 
T5 Level 4.239139 
T7 Level 1.820465 
Opening PU10
ITERATION 334 ------------- 
T5 Level 4.173912 
T7 Level 1.850085 
Opening PU10
ITERATION 335 ------------- 
T5 Level 4.108685 
T7 Level 1.879614 
Opening PU10
ITERATION 336 ------------- 
T5 Level 4.043458 
T7 Level 1.909052 
Opening PU10
ITERATION 337 ------------- 
T5 Level 3.978232 
T7 Level 1.909052 
Opening PU10
ITERATION 338 ------------- 
T5 Level 3.913005 
T7 Level 1.938400 
Opening PU10
ITERATION 339 ------------- 
T5 Level 3.913005 
T7 Level 1.967656 
Opening PU10
ITERATION 340 ------------- 
T5 Level 3.847779 
T7 Level 1.967656 
Opening PU10
ITERATION 341 ------------- 
T5 Level 3.774878 
T7 Level 1.978390 
Opening PU10
ITERATION 342 ------------- 
T5 Level 3.701977 
T7 Level 1.989071 
Opening PU10
ITERATION 343 ------------- 
T5 Level 3.629077 
T7 Level 1.999932 
Opening PU10
ITERATION 344 ------------- 
T5 Level 3.556177 
T7 Level 2.010745 
Opening PU10
ITERATION 345 ------------- 
T5 Level 3.483276 
T7 Level 2.021510 
Opening PU10
ITERATION 346 ------------- 
T5 Level 3.410376 
T7 Level 2.042897 
Opening PU10
ITERATION 347 ------------- 
T5 Level 3.337475 
T7 Level 2.053519 
Opening PU10
ITERATION 348 ------------- 
T5 Level 3.264575 
T7 Level 2.053519 
Opening PU10
ITERATION 349 ------------- 
T5 Level 3.191674 
T7 Level 2.064093 
Opening PU10
ITERATION 350 ------------- 
T5 Level 3.118774 
T7 Level 2.074620 
Opening PU10
ITERATION 351 ------------- 
T5 Level 3.118774 
T7 Level 2.085100 
Opening PU10
ITERATION 352 ------------- 
T5 Level 3.045873 
T7 Level 2.095534 
Opening PU10
ITERATION 353 ------------- 
T5 Level 2.972973 
T7 Level 2.095534 
Opening PU10
ITERATION 354 ------------- 
T5 Level 2.914461 
T7 Level 2.138672 
Opening PU10
ITERATION 355 ------------- 
T5 Level 2.855948 
T7 Level 2.181704 
Opening PU10
ITERATION 356 ------------- 
T5 Level 2.855948 
T7 Level 2.224630 
Opening PU10
ITERATION 357 ------------- 
T5 Level 2.797436 
T7 Level 2.267450 
Opening PU10
DEBUG plc5 shutdown
plc5
Stopping Tcp dump process on PLC...
Stopping PLC...
