DEBUG get_query: SELECT value FROM ctown WHERE name = ? AND pid = ?
DEBUG set_query: UPDATE ctown SET value = ? WHERE name = ? AND pid = ?
DEBUG EnipProtocol server addr:  192.168.1.1
DEBUG: concatenating server address with default port.
DEBUG enip server tags_string:  T1:1=REAL PU1:1=REAL PU2:1=REAL ATT_1:1=REAL ATT_2:1=REAL 
DEBUG enip _start_server cmd:  ['/usr/bin/python', '-m', 'cpppo.server.enip', '--print', '--log', 'logs/protocols_tests_enip_server', '--address', '192.168.1.1:44818', 'T1:1=REAL', 'PU1:1=REAL', 'PU2:1=REAL', 'ATT_1:1=REAL', 'ATT_2:1=REAL']
DEBUG: plc1 enters pre_loop
ITERATION 1 ------------- 
Tank 1 Level 3.000000 
Opening P1
ITERATION 2 ------------- 
Tank 1 Level 3.000000 
Opening P1
ITERATION 3 ------------- 
Tank 1 Level 3.000000 
Opening P1
ITERATION 4 ------------- 
Tank 1 Level 3.000000 
Opening P1
ITERATION 5 ------------- 
Tank 1 Level 3.000000 
Opening P1
ITERATION 6 ------------- 
Tank 1 Level 3.000000 
Opening P1
ITERATION 7 ------------- 
Tank 1 Level 3.000000 
Opening P1
ITERATION 8 ------------- 
Tank 1 Level 3.000000 
Opening P1
ITERATION 9 ------------- 
Tank 1 Level 1.364964 
Opening P1
ITERATION 10 ------------- 
Tank 1 Level 1.364964 
Opening P1
ITERATION 11 ------------- 
Tank 1 Level 1.364964 
Opening P1
ITERATION 12 ------------- 
Tank 1 Level 1.364964 
Opening P1
ITERATION 13 ------------- 
Tank 1 Level 1.398693 
Opening P1
ITERATION 14 ------------- 
Tank 1 Level 1.398693 
Opening P1
ITERATION 15 ------------- 
Tank 1 Level 1.398693 
Opening P1
ITERATION 16 ------------- 
Tank 1 Level 1.398693 
Opening P1
ITERATION 17 ------------- 
Tank 1 Level 1.398693 
Opening P1
ITERATION 18 ------------- 
Tank 1 Level 1.398693 
Opening P1
ITERATION 19 ------------- 
Tank 1 Level 1.432399 
Opening P1
ITERATION 20 ------------- 
Tank 1 Level 1.432399 
Opening P1
ITERATION 21 ------------- 
Tank 1 Level 1.432399 
Opening P1
ITERATION 22 ------------- 
Tank 1 Level 1.432399 
Opening P1
ITERATION 23 ------------- 
Tank 1 Level 1.455727 
Opening P1
ITERATION 24 ------------- 
Tank 1 Level 1.455727 
Opening P1
ITERATION 25 ------------- 
Tank 1 Level 1.455727 
Opening P1
ITERATION 26 ------------- 
Tank 1 Level 1.455727 
Opening P1
ITERATION 27 ------------- 
Tank 1 Level 1.455727 
Opening P1
ITERATION 28 ------------- 
Tank 1 Level 1.479039 
Opening P1
ITERATION 29 ------------- 
Tank 1 Level 1.479039 
Opening P1
ITERATION 30 ------------- 
Tank 1 Level 1.479039 
Opening P1
ITERATION 31 ------------- 
Tank 1 Level 1.479039 
Opening P1
ITERATION 32 ------------- 
Tank 1 Level 1.479039 
Opening P1
ITERATION 33 ------------- 
Tank 1 Level 1.502336 
Opening P1
ITERATION 34 ------------- 
Tank 1 Level 1.502336 
Opening P1
ITERATION 35 ------------- 
Tank 1 Level 1.502336 
Opening P1
ITERATION 36 ------------- 
Tank 1 Level 1.502336 
Opening P1
ITERATION 37 ------------- 
Tank 1 Level 1.502336 
Opening P1
ITERATION 38 ------------- 
Tank 1 Level 1.525617 
Opening P1
ITERATION 39 ------------- 
Tank 1 Level 1.525617 
Opening P1
ITERATION 40 ------------- 
Tank 1 Level 1.525617 
Opening P1
ITERATION 41 ------------- 
Tank 1 Level 1.525617 
Opening P1
ITERATION 42 ------------- 
Tank 1 Level 1.525617 
Opening P1
ITERATION 43 ------------- 
Tank 1 Level 1.548881 
Opening P1
ITERATION 44 ------------- 
Tank 1 Level 1.548881 
Opening P1
ITERATION 45 ------------- 
Tank 1 Level 1.548881 
Opening P1
ITERATION 46 ------------- 
Tank 1 Level 1.548881 
Opening P1
ITERATION 47 ------------- 
Tank 1 Level 1.548881 
Opening P1
ITERATION 48 ------------- 
Tank 1 Level 1.548881 
Opening P1
ITERATION 49 ------------- 
Tank 1 Level 1.572130 
Opening P1
ITERATION 50 ------------- 
Tank 1 Level 1.572130 
Opening P1
ITERATION 51 ------------- 
Tank 1 Level 1.572130 
Opening P1
ITERATION 52 ------------- 
Tank 1 Level 1.572130 
Opening P1
ITERATION 53 ------------- 
Tank 1 Level 1.572130 
Opening P1
ITERATION 54 ------------- 
Tank 1 Level 1.595363 
Opening P1
ITERATION 55 ------------- 
Tank 1 Level 1.595363 
Opening P1
ITERATION 56 ------------- 
Tank 1 Level 1.595363 
Opening P1
ITERATION 57 ------------- 
Tank 1 Level 1.595363 
Opening P1
ITERATION 58 ------------- 
Tank 1 Level 1.595363 
Opening P1
ITERATION 59 ------------- 
Tank 1 Level 1.618580 
Opening P1
ITERATION 60 ------------- 
Tank 1 Level 1.618580 
Opening P1
ITERATION 61 ------------- 
Tank 1 Level 1.618580 
Opening P1
ITERATION 62 ------------- 
Tank 1 Level 1.618580 
Opening P1
ITERATION 63 ------------- 
Tank 1 Level 1.618580 
Opening P1
ITERATION 64 ------------- 
Tank 1 Level 1.618580 
Opening P1
ITERATION 65 ------------- 
Tank 1 Level 1.641781 
Opening P1
ITERATION 66 ------------- 
Tank 1 Level 1.641781 
Opening P1
ITERATION 67 ------------- 
Tank 1 Level 1.641781 
Opening P1
ITERATION 68 ------------- 
Tank 1 Level 1.641781 
Opening P1
ITERATION 69 ------------- 
Tank 1 Level 1.641781 
Opening P1
ITERATION 70 ------------- 
Tank 1 Level 1.664966 
Opening P1
ITERATION 71 ------------- 
Tank 1 Level 1.664966 
Opening P1
ITERATION 72 ------------- 
Tank 1 Level 1.664966 
Opening P1
ITERATION 73 ------------- 
Tank 1 Level 1.664966 
Opening P1
ITERATION 74 ------------- 
Tank 1 Level 1.664966 
Opening P1
ITERATION 75 ------------- 
Tank 1 Level 1.688097 
Opening P1
ITERATION 76 ------------- 
Tank 1 Level 1.688097 
Opening P1
ITERATION 77 ------------- 
Tank 1 Level 1.688097 
Opening P1
ITERATION 78 ------------- 
Tank 1 Level 1.688097 
Opening P1
ITERATION 79 ------------- 
Tank 1 Level 1.688097 
Opening P1
ITERATION 80 ------------- 
Tank 1 Level 1.688097 
Opening P1
ITERATION 81 ------------- 
Tank 1 Level 1.711214 
Opening P1
ITERATION 82 ------------- 
Tank 1 Level 1.711214 
Opening P1
ITERATION 83 ------------- 
Tank 1 Level 1.711214 
Opening P1
ITERATION 84 ------------- 
Tank 1 Level 1.711214 
Opening P1
ITERATION 85 ------------- 
Tank 1 Level 1.711214 
Opening P1
ITERATION 86 ------------- 
Tank 1 Level 1.711214 
Opening P1
ITERATION 87 ------------- 
Tank 1 Level 1.734318 
Opening P1
ITERATION 88 ------------- 
Tank 1 Level 1.734318 
Opening P1
ITERATION 89 ------------- 
Tank 1 Level 1.734318 
Opening P1
ITERATION 90 ------------- 
Tank 1 Level 1.734318 
Opening P1
ITERATION 91 ------------- 
Tank 1 Level 1.757407 
Opening P1
ITERATION 92 ------------- 
Tank 1 Level 1.757407 
Opening P1
ITERATION 93 ------------- 
Tank 1 Level 1.757407 
Opening P1
ITERATION 94 ------------- 
Tank 1 Level 1.757407 
Opening P1
ITERATION 95 ------------- 
Tank 1 Level 1.757407 
Opening P1
ITERATION 96 ------------- 
Tank 1 Level 1.780483 
Opening P1
ITERATION 97 ------------- 
Tank 1 Level 1.780483 
Opening P1
ITERATION 98 ------------- 
Tank 1 Level 1.780483 
Opening P1
ITERATION 99 ------------- 
Tank 1 Level 1.780483 
Opening P1
ITERATION 100 ------------- 
Tank 1 Level 1.780483 
Opening P1
ITERATION 101 ------------- 
Tank 1 Level 1.803545 
Opening P1
ITERATION 102 ------------- 
Tank 1 Level 1.803545 
Opening P1
ITERATION 103 ------------- 
Tank 1 Level 1.803545 
Opening P1
ITERATION 104 ------------- 
Tank 1 Level 1.803545 
Opening P1
ITERATION 105 ------------- 
Tank 1 Level 1.803545 
Opening P1
ITERATION 106 ------------- 
Tank 1 Level 1.826593 
Opening P1
ITERATION 107 ------------- 
Tank 1 Level 1.826593 
Opening P1
ITERATION 108 ------------- 
Tank 1 Level 1.826593 
Opening P1
ITERATION 109 ------------- 
Tank 1 Level 1.826593 
Opening P1
ITERATION 110 ------------- 
Tank 1 Level 1.826593 
Opening P1
ITERATION 111 ------------- 
Tank 1 Level 1.849627 
Opening P1
ITERATION 112 ------------- 
Tank 1 Level 1.849627 
Opening P1
ITERATION 113 ------------- 
Tank 1 Level 1.849627 
Opening P1
ITERATION 114 ------------- 
Tank 1 Level 1.849627 
Opening P1
ITERATION 115 ------------- 
Tank 1 Level 1.849627 
Opening P1
ITERATION 116 ------------- 
Tank 1 Level 1.872648 
Opening P1
ITERATION 117 ------------- 
Tank 1 Level 1.872648 
Opening P1
ITERATION 118 ------------- 
Tank 1 Level 1.872648 
Opening P1
ITERATION 119 ------------- 
Tank 1 Level 1.872648 
Opening P1
ITERATION 120 ------------- 
Tank 1 Level 1.872648 
Opening P1
ITERATION 121 ------------- 
Tank 1 Level 1.872648 
Opening P1
ITERATION 122 ------------- 
Tank 1 Level 1.895654 
Opening P1
ITERATION 123 ------------- 
Tank 1 Level 1.895654 
Opening P1
ITERATION 124 ------------- 
Tank 1 Level 1.895654 
Opening P1
ITERATION 125 ------------- 
Tank 1 Level 1.895654 
Opening P1
ITERATION 126 ------------- 
Tank 1 Level 1.895654 
Opening P1
ITERATION 127 ------------- 
Tank 1 Level 1.918647 
Opening P1
ITERATION 128 ------------- 
Tank 1 Level 1.918647 
Opening P1
ITERATION 129 ------------- 
Tank 1 Level 1.918647 
Opening P1
ITERATION 130 ------------- 
Tank 1 Level 1.918647 
Opening P1
ITERATION 131 ------------- 
Tank 1 Level 1.918647 
Opening P1
ITERATION 132 ------------- 
Tank 1 Level 1.932971 
Opening P1
ITERATION 133 ------------- 
Tank 1 Level 1.932971 
Opening P1
ITERATION 134 ------------- 
Tank 1 Level 1.932971 
Opening P1
ITERATION 135 ------------- 
Tank 1 Level 1.932971 
Opening P1
ITERATION 136 ------------- 
Tank 1 Level 1.932971 
Opening P1
ITERATION 137 ------------- 
Tank 1 Level 1.944009 
Opening P1
ITERATION 138 ------------- 
Tank 1 Level 1.944009 
Opening P1
ITERATION 139 ------------- 
Tank 1 Level 1.944009 
Opening P1
ITERATION 140 ------------- 
Tank 1 Level 1.944009 
Opening P1
ITERATION 141 ------------- 
Tank 1 Level 1.944009 
Opening P1
ITERATION 142 ------------- 
Tank 1 Level 1.944009 
Opening P1
ITERATION 143 ------------- 
Tank 1 Level 1.944009 
Opening P1
ITERATION 144 ------------- 
Tank 1 Level 1.944009 
Opening P1
ITERATION 145 ------------- 
Tank 1 Level 1.944009 
Opening P1
ITERATION 146 ------------- 
Tank 1 Level 1.944009 
Opening P1
ITERATION 147 ------------- 
Tank 1 Level 1.944009 
Opening P1
ITERATION 148 ------------- 
Tank 1 Level 1.944009 
Opening P1
ITERATION 149 ------------- 
Tank 1 Level 1.944009 
Opening P1
ITERATION 150 ------------- 
Tank 1 Level 1.944009 
Opening P1
ITERATION 151 ------------- 
Tank 1 Level 1.944009 
Opening P1
ITERATION 152 ------------- 
Tank 1 Level 1.944009 
Opening P1
ITERATION 153 ------------- 
Tank 1 Level 1.974907 
Opening P1
ITERATION 154 ------------- 
Tank 1 Level 1.974907 
Opening P1
ITERATION 155 ------------- 
Tank 1 Level 1.974907 
Opening P1
ITERATION 156 ------------- 
Tank 1 Level 2.011851 
Opening P1
ITERATION 157 ------------- 
Tank 1 Level 2.011851 
Opening P1
ITERATION 158 ------------- 
Tank 1 Level 2.011851 
Opening P1
ITERATION 159 ------------- 
Tank 1 Level 2.011851 
Opening P1
ITERATION 160 ------------- 
Tank 1 Level 2.011851 
Opening P1
ITERATION 161 ------------- 
Tank 1 Level 2.048768 
Opening P1
ITERATION 162 ------------- 
Tank 1 Level 2.048768 
Opening P1
ITERATION 163 ------------- 
Tank 1 Level 2.048768 
Opening P1
ITERATION 164 ------------- 
Tank 1 Level 2.048768 
Opening P1
ITERATION 165 ------------- 
Tank 1 Level 2.048768 
Opening P1
ITERATION 166 ------------- 
Tank 1 Level 2.085657 
Opening P1
ITERATION 167 ------------- 
Tank 1 Level 2.085657 
Opening P1
ITERATION 168 ------------- 
Tank 1 Level 2.085657 
Opening P1
ITERATION 169 ------------- 
Tank 1 Level 2.085657 
Opening P1
ITERATION 170 ------------- 
Tank 1 Level 2.085657 
Opening P1
ITERATION 171 ------------- 
Tank 1 Level 2.085657 
Opening P1
ITERATION 172 ------------- 
Tank 1 Level 2.085657 
Opening P1
ITERATION 173 ------------- 
Tank 1 Level 2.122518 
Opening P1
ITERATION 174 ------------- 
Tank 1 Level 2.122518 
Opening P1
ITERATION 175 ------------- 
Tank 1 Level 2.122518 
Opening P1
ITERATION 176 ------------- 
Tank 1 Level 2.122518 
Opening P1
ITERATION 177 ------------- 
Tank 1 Level 2.159351 
Opening P1
ITERATION 178 ------------- 
Tank 1 Level 2.159351 
Opening P1
ITERATION 179 ------------- 
Tank 1 Level 2.159351 
Opening P1
ITERATION 180 ------------- 
Tank 1 Level 2.159351 
Opening P1
ITERATION 181 ------------- 
Tank 1 Level 2.159351 
Opening P1
ITERATION 182 ------------- 
Tank 1 Level 2.196157 
Opening P1
ITERATION 183 ------------- 
Tank 1 Level 2.196157 
Opening P1
ITERATION 184 ------------- 
Tank 1 Level 2.196157 
Opening P1
ITERATION 185 ------------- 
Tank 1 Level 2.196157 
Opening P1
ITERATION 186 ------------- 
Tank 1 Level 2.196157 
Opening P1
ITERATION 187 ------------- 
Tank 1 Level 2.196157 
Opening P1
ITERATION 188 ------------- 
Tank 1 Level 2.196157 
Opening P1
ITERATION 189 ------------- 
Tank 1 Level 2.196157 
Opening P1
ITERATION 190 ------------- 
Tank 1 Level 2.232935 
Opening P1
ITERATION 191 ------------- 
Tank 1 Level 2.232935 
Opening P1
ITERATION 192 ------------- 
Tank 1 Level 2.232935 
Opening P1
ITERATION 193 ------------- 
Tank 1 Level 2.232935 
Opening P1
ITERATION 194 ------------- 
Tank 1 Level 2.269685 
Opening P1
ITERATION 195 ------------- 
Tank 1 Level 2.269685 
Opening P1
ITERATION 196 ------------- 
Tank 1 Level 2.269685 
Opening P1
ITERATION 197 ------------- 
Tank 1 Level 2.269685 
Opening P1
ITERATION 198 ------------- 
Tank 1 Level 2.269685 
Opening P1
ITERATION 199 ------------- 
Tank 1 Level 2.306407 
Opening P1
ITERATION 200 ------------- 
Tank 1 Level 2.306407 
Opening P1
ITERATION 201 ------------- 
Tank 1 Level 2.306407 
Opening P1
ITERATION 202 ------------- 
Tank 1 Level 2.306407 
Opening P1
ITERATION 203 ------------- 
Tank 1 Level 2.306407 
Opening P1
ITERATION 204 ------------- 
Tank 1 Level 2.343102 
Opening P1
ITERATION 205 ------------- 
Tank 1 Level 2.343102 
Opening P1
ITERATION 206 ------------- 
Tank 1 Level 2.343102 
Opening P1
ITERATION 207 ------------- 
Tank 1 Level 2.343102 
Opening P1
ITERATION 208 ------------- 
Tank 1 Level 2.343102 
Opening P1
ITERATION 209 ------------- 
Tank 1 Level 2.343102 
Opening P1
ITERATION 210 ------------- 
Tank 1 Level 2.379769 
Opening P1
ITERATION 211 ------------- 
Tank 1 Level 2.379769 
Opening P1
ITERATION 212 ------------- 
Tank 1 Level 2.379769 
Opening P1
ITERATION 213 ------------- 
Tank 1 Level 2.379769 
Opening P1
ITERATION 214 ------------- 
Tank 1 Level 2.379769 
Opening P1
ITERATION 215 ------------- 
Tank 1 Level 2.379769 
Opening P1
ITERATION 216 ------------- 
Tank 1 Level 2.415223 
Opening P1
ITERATION 217 ------------- 
Tank 1 Level 2.415223 
Opening P1
ITERATION 218 ------------- 
Tank 1 Level 2.415223 
Opening P1
ITERATION 219 ------------- 
Tank 1 Level 2.415223 
Opening P1
ITERATION 220 ------------- 
Tank 1 Level 2.415223 
Opening P1
ITERATION 221 ------------- 
Tank 1 Level 2.450651 
Opening P1
ITERATION 222 ------------- 
Tank 1 Level 2.450651 
Opening P1
ITERATION 223 ------------- 
Tank 1 Level 2.450651 
Opening P1
ITERATION 224 ------------- 
Tank 1 Level 2.450651 
Opening P1
ITERATION 225 ------------- 
Tank 1 Level 2.450651 
Opening P1
ITERATION 226 ------------- 
Tank 1 Level 2.486052 
Opening P1
ITERATION 227 ------------- 
Tank 1 Level 2.486052 
Opening P1
ITERATION 228 ------------- 
Tank 1 Level 2.486052 
Opening P1
ITERATION 229 ------------- 
Tank 1 Level 2.486052 
Opening P1
ITERATION 230 ------------- 
Tank 1 Level 2.486052 
Opening P1
ITERATION 231 ------------- 
Tank 1 Level 2.486052 
Opening P1
ITERATION 232 ------------- 
Tank 1 Level 2.521427 
Opening P1
ITERATION 233 ------------- 
Tank 1 Level 2.521427 
Opening P1
ITERATION 234 ------------- 
Tank 1 Level 2.521427 
Opening P1
ITERATION 235 ------------- 
Tank 1 Level 2.521427 
Opening P1
ITERATION 236 ------------- 
Tank 1 Level 2.521427 
Opening P1
ITERATION 237 ------------- 
Tank 1 Level 2.556776 
Opening P1
ITERATION 238 ------------- 
Tank 1 Level 2.556776 
Opening P1
ITERATION 239 ------------- 
Tank 1 Level 2.556776 
Opening P1
ITERATION 240 ------------- 
Tank 1 Level 2.556776 
Opening P1
ITERATION 241 ------------- 
Tank 1 Level 2.556776 
Opening P1
ITERATION 242 ------------- 
Tank 1 Level 2.592099 
Opening P1
ITERATION 243 ------------- 
Tank 1 Level 2.592099 
Opening P1
ITERATION 244 ------------- 
Tank 1 Level 2.592099 
Opening P1
ITERATION 245 ------------- 
Tank 1 Level 2.592099 
Opening P1
ITERATION 246 ------------- 
Tank 1 Level 2.592099 
Opening P1
ITERATION 247 ------------- 
Tank 1 Level 2.627395 
Opening P1
ITERATION 248 ------------- 
Tank 1 Level 2.627395 
Opening P1
ITERATION 249 ------------- 
Tank 1 Level 2.627395 
Opening P1
ITERATION 250 ------------- 
Tank 1 Level 2.627395 
Opening P1
ITERATION 251 ------------- 
Tank 1 Level 2.627395 
Opening P1
ITERATION 252 ------------- 
Tank 1 Level 2.627395 
Opening P1
ITERATION 253 ------------- 
Tank 1 Level 2.662665 
Opening P1
ITERATION 254 ------------- 
Tank 1 Level 2.662665 
Opening P1
ITERATION 255 ------------- 
Tank 1 Level 2.662665 
Opening P1
ITERATION 256 ------------- 
Tank 1 Level 2.662665 
Opening P1
ITERATION 257 ------------- 
Tank 1 Level 2.697908 
Opening P1
ITERATION 258 ------------- 
Tank 1 Level 2.697908 
Opening P1
ITERATION 259 ------------- 
Tank 1 Level 2.697908 
Opening P1
ITERATION 260 ------------- 
Tank 1 Level 2.697908 
Opening P1
ITERATION 261 ------------- 
Tank 1 Level 2.697908 
Opening P1
ITERATION 262 ------------- 
Tank 1 Level 2.733126 
Opening P1
ITERATION 263 ------------- 
Tank 1 Level 2.733126 
Opening P1
ITERATION 264 ------------- 
Tank 1 Level 2.733126 
Opening P1
ITERATION 265 ------------- 
Tank 1 Level 2.733126 
Opening P1
ITERATION 266 ------------- 
Tank 1 Level 2.733126 
Opening P1
ITERATION 267 ------------- 
Tank 1 Level 2.768317 
Opening P1
ITERATION 268 ------------- 
Tank 1 Level 2.768317 
Opening P1
ITERATION 269 ------------- 
Tank 1 Level 2.768317 
Opening P1
ITERATION 270 ------------- 
Tank 1 Level 2.768317 
Opening P1
ITERATION 271 ------------- 
Tank 1 Level 2.768317 
Opening P1
ITERATION 272 ------------- 
Tank 1 Level 2.803482 
Opening P1
ITERATION 273 ------------- 
Tank 1 Level 2.803482 
Opening P1
ITERATION 274 ------------- 
Tank 1 Level 2.803482 
Opening P1
ITERATION 275 ------------- 
Tank 1 Level 2.803482 
Opening P1
ITERATION 276 ------------- 
Tank 1 Level 2.803482 
Opening P1
ITERATION 277 ------------- 
Tank 1 Level 2.837148 
Opening P1
ITERATION 278 ------------- 
Tank 1 Level 2.837148 
Opening P1
ITERATION 279 ------------- 
Tank 1 Level 2.837148 
Opening P1
ITERATION 280 ------------- 
Tank 1 Level 2.837148 
Opening P1
ITERATION 281 ------------- 
Tank 1 Level 2.837148 
Opening P1
ITERATION 282 ------------- 
Tank 1 Level 2.870789 
Opening P1
ITERATION 283 ------------- 
Tank 1 Level 2.870789 
Opening P1
ITERATION 284 ------------- 
Tank 1 Level 2.870789 
Opening P1
ITERATION 285 ------------- 
Tank 1 Level 2.870789 
Opening P1
ITERATION 286 ------------- 
Tank 1 Level 2.870789 
Opening P1
ITERATION 287 ------------- 
Tank 1 Level 2.870789 
Opening P1
ITERATION 288 ------------- 
Tank 1 Level 2.904405 
Opening P1
ITERATION 289 ------------- 
Tank 1 Level 2.904405 
Opening P1
ITERATION 290 ------------- 
Tank 1 Level 2.904405 
Opening P1
ITERATION 291 ------------- 
Tank 1 Level 2.904405 
Opening P1
ITERATION 292 ------------- 
Tank 1 Level 2.937996 
Opening P1
ITERATION 293 ------------- 
Tank 1 Level 2.937996 
Opening P1
ITERATION 294 ------------- 
Tank 1 Level 2.937996 
Opening P1
ITERATION 295 ------------- 
Tank 1 Level 2.937996 
Opening P1
ITERATION 296 ------------- 
Tank 1 Level 2.937996 
Opening P1
ITERATION 297 ------------- 
Tank 1 Level 2.937996 
Opening P1
ITERATION 298 ------------- 
Tank 1 Level 2.971562 
Opening P1
ITERATION 299 ------------- 
Tank 1 Level 2.971562 
Opening P1
ITERATION 300 ------------- 
Tank 1 Level 2.971562 
Opening P1
ITERATION 301 ------------- 
Tank 1 Level 2.971562 
Opening P1
ITERATION 302 ------------- 
Tank 1 Level 2.971562 
Opening P1
ITERATION 303 ------------- 
Tank 1 Level 2.971562 
Opening P1
ITERATION 304 ------------- 
Tank 1 Level 3.005103 
Opening P1
ITERATION 305 ------------- 
Tank 1 Level 3.005103 
Opening P1
ITERATION 306 ------------- 
Tank 1 Level 3.005103 
Opening P1
ITERATION 307 ------------- 
Tank 1 Level 3.005103 
Opening P1
ITERATION 308 ------------- 
Tank 1 Level 3.005103 
Opening P1
ITERATION 309 ------------- 
Tank 1 Level 3.038619 
Opening P1
ITERATION 310 ------------- 
Tank 1 Level 3.038619 
Opening P1
ITERATION 311 ------------- 
Tank 1 Level 3.038619 
Opening P1
ITERATION 312 ------------- 
Tank 1 Level 3.038619 
Opening P1
ITERATION 313 ------------- 
Tank 1 Level 3.038619 
Opening P1
ITERATION 314 ------------- 
Tank 1 Level 3.038619 
Opening P1
ITERATION 315 ------------- 
Tank 1 Level 3.072110 
Opening P1
ITERATION 316 ------------- 
Tank 1 Level 3.072110 
Opening P1
ITERATION 317 ------------- 
Tank 1 Level 3.072110 
Opening P1
ITERATION 318 ------------- 
Tank 1 Level 3.072110 
Opening P1
ITERATION 319 ------------- 
Tank 1 Level 3.072110 
Opening P1
ITERATION 320 ------------- 
Tank 1 Level 3.072110 
Opening P1
ITERATION 321 ------------- 
Tank 1 Level 3.072110 
Opening P1
ITERATION 322 ------------- 
Tank 1 Level 3.105576 
Opening P1
ITERATION 323 ------------- 
Tank 1 Level 3.105576 
Opening P1
ITERATION 324 ------------- 
Tank 1 Level 3.105576 
Opening P1
ITERATION 325 ------------- 
Tank 1 Level 3.105576 
Opening P1
ITERATION 326 ------------- 
Tank 1 Level 3.105576 
Opening P1
ITERATION 327 ------------- 
Tank 1 Level 3.139018 
Opening P1
ITERATION 328 ------------- 
Tank 1 Level 3.139018 
Opening P1
ITERATION 329 ------------- 
Tank 1 Level 3.139018 
Opening P1
ITERATION 330 ------------- 
Tank 1 Level 3.139018 
Opening P1
ITERATION 331 ------------- 
Tank 1 Level 3.139018 
Opening P1
ITERATION 332 ------------- 
Tank 1 Level 3.139018 
Opening P1
ITERATION 333 ------------- 
Tank 1 Level 3.172434 
Opening P1
ITERATION 334 ------------- 
Tank 1 Level 3.172434 
Opening P1
ITERATION 335 ------------- 
Tank 1 Level 3.172434 
Opening P1
ITERATION 336 ------------- 
Tank 1 Level 3.172434 
Opening P1
ITERATION 337 ------------- 
Tank 1 Level 3.172434 
Opening P1
ITERATION 338 ------------- 
Tank 1 Level 3.172434 
Opening P1
ITERATION 339 ------------- 
Tank 1 Level 3.168159 
Opening P1
ITERATION 340 ------------- 
Tank 1 Level 3.168159 
Opening P1
ITERATION 341 ------------- 
Tank 1 Level 3.168159 
Opening P1
ITERATION 342 ------------- 
Tank 1 Level 3.168159 
Opening P1
ITERATION 343 ------------- 
Tank 1 Level 3.168159 
Opening P1
ITERATION 344 ------------- 
Tank 1 Level 3.165841 
Opening P1
ITERATION 345 ------------- 
Tank 1 Level 3.165841 
Opening P1
ITERATION 346 ------------- 
Tank 1 Level 3.165841 
Opening P1
ITERATION 347 ------------- 
Tank 1 Level 3.165841 
Opening P1
ITERATION 348 ------------- 
Tank 1 Level 3.165841 
Opening P1
ITERATION 349 ------------- 
Tank 1 Level 3.163574 
Opening P1
ITERATION 350 ------------- 
Tank 1 Level 3.163574 
Opening P1
ITERATION 351 ------------- 
Tank 1 Level 3.163574 
Opening P1
ITERATION 352 ------------- 
Tank 1 Level 3.163574 
Opening P1
ITERATION 353 ------------- 
Tank 1 Level 3.163574 
Opening P1
ITERATION 354 ------------- 
Tank 1 Level 3.163574 
Opening P1
ITERATION 355 ------------- 
Tank 1 Level 3.161357 
Opening P1
ITERATION 356 ------------- 
Tank 1 Level 3.161357 
Opening P1
ITERATION 357 ------------- 
Tank 1 Level 3.161357 
Opening P1
ITERATION 358 ------------- 
Tank 1 Level 3.161357 
Opening P1
ITERATION 359 ------------- 
Tank 1 Level 3.161357 
Opening P1
ITERATION 360 ------------- 
Tank 1 Level 3.159190 
Opening P1
ITERATION 361 ------------- 
Tank 1 Level 3.159190 
Opening P1
ITERATION 362 ------------- 
Tank 1 Level 3.159190 
Opening P1
ITERATION 363 ------------- 
Tank 1 Level 3.159190 
Opening P1
ITERATION 364 ------------- 
Tank 1 Level 3.159190 
Opening P1
ITERATION 365 ------------- 
Tank 1 Level 3.157074 
Opening P1
ITERATION 366 ------------- 
Tank 1 Level 3.157074 
Opening P1
ITERATION 367 ------------- 
Tank 1 Level 3.157074 
Opening P1
ITERATION 368 ------------- 
Tank 1 Level 3.157074 
Opening P1
ITERATION 369 ------------- 
Tank 1 Level 3.157074 
Opening P1
ITERATION 370 ------------- 
Tank 1 Level 3.157074 
Opening P1
ITERATION 371 ------------- 
Tank 1 Level 3.155007 
Opening P1
ITERATION 372 ------------- 
Tank 1 Level 3.155007 
Opening P1
ITERATION 373 ------------- 
Tank 1 Level 3.155007 
Opening P1
ITERATION 374 ------------- 
Tank 1 Level 3.155007 
Opening P1
ITERATION 375 ------------- 
Tank 1 Level 3.155007 
Opening P1
ITERATION 376 ------------- 
Tank 1 Level 3.155007 
Opening P1
ITERATION 377 ------------- 
Tank 1 Level 3.152990 
Opening P1
ITERATION 378 ------------- 
Tank 1 Level 3.152990 
Opening P1
ITERATION 379 ------------- 
Tank 1 Level 3.152990 
Opening P1
ITERATION 380 ------------- 
Tank 1 Level 3.152990 
Opening P1
ITERATION 381 ------------- 
Tank 1 Level 3.152990 
Opening P1
ITERATION 382 ------------- 
Tank 1 Level 3.152990 
Opening P1
ITERATION 383 ------------- 
Tank 1 Level 3.151022 
Opening P1
ITERATION 384 ------------- 
Tank 1 Level 3.151022 
Opening P1
ITERATION 385 ------------- 
Tank 1 Level 3.151022 
Opening P1
ITERATION 386 ------------- 
Tank 1 Level 3.151022 
Opening P1
ITERATION 387 ------------- 
Tank 1 Level 3.149104 
Opening P1
ITERATION 388 ------------- 
Tank 1 Level 3.149104 
Opening P1
ITERATION 389 ------------- 
Tank 1 Level 3.149104 
Opening P1
ITERATION 390 ------------- 
Tank 1 Level 3.149104 
Opening P1
ITERATION 391 ------------- 
Tank 1 Level 3.149104 
Opening P1
ITERATION 392 ------------- 
Tank 1 Level 3.149104 
Opening P1
ITERATION 393 ------------- 
Tank 1 Level 3.147234 
Opening P1
ITERATION 394 ------------- 
Tank 1 Level 3.147234 
Opening P1
ITERATION 395 ------------- 
Tank 1 Level 3.147234 
Opening P1
ITERATION 396 ------------- 
Tank 1 Level 3.147234 
Opening P1
ITERATION 397 ------------- 
Tank 1 Level 3.145413 
Opening P1
ITERATION 398 ------------- 
Tank 1 Level 3.145413 
Opening P1
ITERATION 399 ------------- 
Tank 1 Level 3.145413 
Opening P1
ITERATION 400 ------------- 
Tank 1 Level 3.145413 
Opening P1
ITERATION 401 ------------- 
Tank 1 Level 3.145413 
Opening P1
ITERATION 402 ------------- 
Tank 1 Level 3.145413 
Opening P1
ITERATION 403 ------------- 
Tank 1 Level 3.143641 
Opening P1
ITERATION 404 ------------- 
Tank 1 Level 3.143641 
Opening P1
ITERATION 405 ------------- 
Tank 1 Level 3.143641 
Opening P1
ITERATION 406 ------------- 
Tank 1 Level 3.143641 
Opening P1
ITERATION 407 ------------- 
Tank 1 Level 3.143641 
Opening P1
ITERATION 408 ------------- 
Tank 1 Level 3.143641 
Opening P1
ITERATION 409 ------------- 
Tank 1 Level 3.141587 
Opening P1
ITERATION 410 ------------- 
Tank 1 Level 3.141587 
Opening P1
ITERATION 411 ------------- 
Tank 1 Level 3.141587 
Opening P1
ITERATION 412 ------------- 
Tank 1 Level 3.141587 
Opening P1
ITERATION 413 ------------- 
Tank 1 Level 3.141587 
Opening P1
ITERATION 414 ------------- 
Tank 1 Level 3.141587 
Opening P1
ITERATION 415 ------------- 
Tank 1 Level 3.139584 
Opening P1
ITERATION 416 ------------- 
Tank 1 Level 3.139584 
Opening P1
ITERATION 417 ------------- 
Tank 1 Level 3.139584 
Opening P1
ITERATION 418 ------------- 
Tank 1 Level 3.139584 
Opening P1
ITERATION 419 ------------- 
Tank 1 Level 3.139584 
Opening P1
ITERATION 420 ------------- 
Tank 1 Level 3.137629 
Opening P1
ITERATION 421 ------------- 
Tank 1 Level 3.137629 
Opening P1
ITERATION 422 ------------- 
Tank 1 Level 3.137629 
Opening P1
ITERATION 423 ------------- 
Tank 1 Level 3.137629 
Opening P1
ITERATION 424 ------------- 
Tank 1 Level 3.137629 
Opening P1
ITERATION 425 ------------- 
Tank 1 Level 3.135723 
Opening P1
ITERATION 426 ------------- 
Tank 1 Level 3.135723 
Opening P1
ITERATION 427 ------------- 
Tank 1 Level 3.135723 
Opening P1
ITERATION 428 ------------- 
Tank 1 Level 3.135723 
Opening P1
ITERATION 429 ------------- 
Tank 1 Level 3.135723 
Opening P1
ITERATION 430 ------------- 
Tank 1 Level 3.135723 
Opening P1
ITERATION 431 ------------- 
Tank 1 Level 3.133866 
Opening P1
ITERATION 432 ------------- 
Tank 1 Level 3.133866 
Opening P1
ITERATION 433 ------------- 
Tank 1 Level 3.133866 
Opening P1
ITERATION 434 ------------- 
Tank 1 Level 3.133866 
Opening P1
ITERATION 435 ------------- 
Tank 1 Level 3.133866 
Opening P1
ITERATION 436 ------------- 
Tank 1 Level 3.132056 
Opening P1
ITERATION 437 ------------- 
Tank 1 Level 3.132056 
Opening P1
ITERATION 438 ------------- 
Tank 1 Level 3.132056 
Opening P1
ITERATION 439 ------------- 
Tank 1 Level 3.132056 
Opening P1
ITERATION 440 ------------- 
Tank 1 Level 3.132056 
Opening P1
ITERATION 441 ------------- 
Tank 1 Level 3.132056 
Opening P1
ITERATION 442 ------------- 
Tank 1 Level 3.130295 
Opening P1
ITERATION 443 ------------- 
Tank 1 Level 3.130295 
Opening P1
ITERATION 444 ------------- 
Tank 1 Level 3.130295 
Opening P1
ITERATION 445 ------------- 
Tank 1 Level 3.130295 
Opening P1
ITERATION 446 ------------- 
Tank 1 Level 3.130295 
Opening P1
ITERATION 447 ------------- 
Tank 1 Level 3.130295 
Opening P1
ITERATION 448 ------------- 
Tank 1 Level 3.128582 
Opening P1
ITERATION 449 ------------- 
Tank 1 Level 3.128582 
Opening P1
ITERATION 450 ------------- 
Tank 1 Level 3.128582 
Opening P1
ITERATION 451 ------------- 
Tank 1 Level 3.128582 
Opening P1
ITERATION 452 ------------- 
Tank 1 Level 3.128582 
Opening P1
ITERATION 453 ------------- 
Tank 1 Level 3.126916 
Opening P1
ITERATION 454 ------------- 
Tank 1 Level 3.126916 
Opening P1
ITERATION 455 ------------- 
Tank 1 Level 3.126916 
Opening P1
ITERATION 456 ------------- 
Tank 1 Level 3.126916 
Opening P1
ITERATION 457 ------------- 
Tank 1 Level 3.126916 
Opening P1
ITERATION 458 ------------- 
Tank 1 Level 3.125298 
Opening P1
ITERATION 459 ------------- 
Tank 1 Level 3.125298 
Opening P1
ITERATION 460 ------------- 
Tank 1 Level 3.125298 
Opening P1
ITERATION 461 ------------- 
Tank 1 Level 3.125298 
Opening P1
ITERATION 462 ------------- 
Tank 1 Level 3.125298 
Opening P1
ITERATION 463 ------------- 
Tank 1 Level 3.125298 
Opening P1
ITERATION 464 ------------- 
Tank 1 Level 3.123727 
Opening P1
ITERATION 465 ------------- 
Tank 1 Level 3.123727 
Opening P1
ITERATION 466 ------------- 
Tank 1 Level 3.123727 
Opening P1
ITERATION 467 ------------- 
Tank 1 Level 3.123727 
Opening P1
ITERATION 468 ------------- 
Tank 1 Level 3.123727 
Opening P1
ITERATION 469 ------------- 
Tank 1 Level 3.122202 
Opening P1
ITERATION 470 ------------- 
Tank 1 Level 3.122202 
Opening P1
ITERATION 471 ------------- 
Tank 1 Level 3.122202 
Opening P1
ITERATION 472 ------------- 
Tank 1 Level 3.122202 
Opening P1
ITERATION 473 ------------- 
Tank 1 Level 3.122202 
Opening P1
ITERATION 474 ------------- 
Tank 1 Level 3.122202 
Opening P1
ITERATION 475 ------------- 
Tank 1 Level 3.118837 
Opening P1
ITERATION 476 ------------- 
Tank 1 Level 3.118837 
Opening P1
ITERATION 477 ------------- 
Tank 1 Level 3.118837 
Opening P1
ITERATION 478 ------------- 
Tank 1 Level 3.118837 
Opening P1
ITERATION 479 ------------- 
Tank 1 Level 3.118837 
Opening P1
ITERATION 480 ------------- 
Tank 1 Level 3.127409 
Opening P1
ITERATION 481 ------------- 
Tank 1 Level 3.127409 
Opening P1
ITERATION 482 ------------- 
Tank 1 Level 3.127409 
Opening P1
ITERATION 483 ------------- 
Tank 1 Level 3.127409 
Opening P1
ITERATION 484 ------------- 
Tank 1 Level 3.127409 
Opening P1
ITERATION 485 ------------- 
Tank 1 Level 3.138696 
Opening P1
ITERATION 486 ------------- 
Tank 1 Level 3.138696 
Opening P1
ITERATION 487 ------------- 
Tank 1 Level 3.138696 
Opening P1
ITERATION 488 ------------- 
Tank 1 Level 3.138696 
Opening P1
ITERATION 489 ------------- 
Tank 1 Level 3.138696 
Opening P1
ITERATION 490 ------------- 
Tank 1 Level 3.150024 
Opening P1
ITERATION 491 ------------- 
Tank 1 Level 3.150024 
Opening P1
ITERATION 492 ------------- 
Tank 1 Level 3.150024 
Opening P1
ITERATION 493 ------------- 
Tank 1 Level 3.150024 
Opening P1
ITERATION 494 ------------- 
Tank 1 Level 3.150024 
Opening P1
ITERATION 495 ------------- 
Tank 1 Level 3.161394 
Opening P1
ITERATION 496 ------------- 
Tank 1 Level 3.161394 
Opening P1
ITERATION 497 ------------- 
Tank 1 Level 3.161394 
Opening P1
ITERATION 498 ------------- 
Tank 1 Level 3.161394 
Opening P1
ITERATION 499 ------------- 
Tank 1 Level 3.161394 
Opening P1
ITERATION 500 ------------- 
Tank 1 Level 3.161394 
Opening P1
ITERATION 501 ------------- 
Tank 1 Level 3.159121 
Opening P1
ITERATION 502 ------------- 
Tank 1 Level 3.159121 
Opening P1
ITERATION 503 ------------- 
Tank 1 Level 3.159121 
Opening P1
ITERATION 504 ------------- 
Tank 1 Level 3.159121 
Opening P1
ITERATION 505 ------------- 
Tank 1 Level 3.159121 
Opening P1
ITERATION 506 ------------- 
Tank 1 Level 3.156931 
Opening P1
ITERATION 507 ------------- 
Tank 1 Level 3.156931 
Opening P1
ITERATION 508 ------------- 
Tank 1 Level 3.156931 
Opening P1
ITERATION 509 ------------- 
Tank 1 Level 3.156931 
Opening P1
ITERATION 510 ------------- 
Tank 1 Level 3.156931 
Opening P1
ITERATION 511 ------------- 
Tank 1 Level 3.156931 
Opening P1
ITERATION 512 ------------- 
Tank 1 Level 3.154824 
Opening P1
ITERATION 513 ------------- 
Tank 1 Level 3.154824 
Opening P1
ITERATION 514 ------------- 
Tank 1 Level 3.154824 
Opening P1
ITERATION 515 ------------- 
Tank 1 Level 3.154824 
Opening P1
ITERATION 516 ------------- 
Tank 1 Level 3.154824 
Opening P1
ITERATION 517 ------------- 
Tank 1 Level 3.154824 
Opening P1
ITERATION 518 ------------- 
Tank 1 Level 3.152799 
Opening P1
ITERATION 519 ------------- 
Tank 1 Level 3.152799 
Opening P1
ITERATION 520 ------------- 
Tank 1 Level 3.152799 
Opening P1
ITERATION 521 ------------- 
Tank 1 Level 3.152799 
Opening P1
ITERATION 522 ------------- 
Tank 1 Level 3.152799 
Opening P1
ITERATION 523 ------------- 
Tank 1 Level 3.150857 
Opening P1
ITERATION 524 ------------- 
Tank 1 Level 3.150857 
Opening P1
ITERATION 525 ------------- 
Tank 1 Level 3.150857 
Opening P1
ITERATION 526 ------------- 
Tank 1 Level 3.150857 
Opening P1
ITERATION 527 ------------- 
Tank 1 Level 3.150857 
Opening P1
ITERATION 528 ------------- 
Tank 1 Level 3.148996 
Opening P1
ITERATION 529 ------------- 
Tank 1 Level 3.148996 
Opening P1
ITERATION 530 ------------- 
Tank 1 Level 3.148996 
Opening P1
ITERATION 531 ------------- 
Tank 1 Level 3.148996 
Opening P1
ITERATION 532 ------------- 
Tank 1 Level 3.148996 
Opening P1
ITERATION 533 ------------- 
Tank 1 Level 3.147217 
Opening P1
ITERATION 534 ------------- 
Tank 1 Level 3.147217 
Opening P1
ITERATION 535 ------------- 
Tank 1 Level 3.147217 
Opening P1
ITERATION 536 ------------- 
Tank 1 Level 3.147217 
Opening P1
ITERATION 537 ------------- 
Tank 1 Level 3.147217 
Opening P1
ITERATION 538 ------------- 
Tank 1 Level 3.147217 
Opening P1
ITERATION 539 ------------- 
Tank 1 Level 3.148081 
Opening P1
ITERATION 540 ------------- 
Tank 1 Level 3.148081 
Opening P1
ITERATION 541 ------------- 
Tank 1 Level 3.148081 
Opening P1
ITERATION 542 ------------- 
Tank 1 Level 3.148081 
Opening P1
ITERATION 543 ------------- 
Tank 1 Level 3.149020 
Opening P1
ITERATION 544 ------------- 
Tank 1 Level 3.149020 
Opening P1
ITERATION 545 ------------- 
Tank 1 Level 3.149020 
Opening P1
ITERATION 546 ------------- 
Tank 1 Level 3.149020 
Opening P1
ITERATION 547 ------------- 
Tank 1 Level 3.149020 
Opening P1
ITERATION 548 ------------- 
Tank 1 Level 3.149020 
Opening P1
ITERATION 549 ------------- 
Tank 1 Level 3.150034 
Opening P1
ITERATION 550 ------------- 
Tank 1 Level 3.150034 
Opening P1
ITERATION 551 ------------- 
Tank 1 Level 3.150034 
Opening P1
ITERATION 552 ------------- 
Tank 1 Level 3.150034 
Opening P1
ITERATION 553 ------------- 
Tank 1 Level 3.150034 
Opening P1
ITERATION 554 ------------- 
Tank 1 Level 3.150034 
Opening P1
ITERATION 555 ------------- 
Tank 1 Level 3.151124 
Opening P1
ITERATION 556 ------------- 
Tank 1 Level 3.151124 
Opening P1
ITERATION 557 ------------- 
Tank 1 Level 3.151124 
Opening P1
ITERATION 558 ------------- 
Tank 1 Level 3.152287 
Opening P1
ITERATION 559 ------------- 
Tank 1 Level 3.152287 
Opening P1
ITERATION 560 ------------- 
Tank 1 Level 3.152287 
Opening P1
ITERATION 561 ------------- 
Tank 1 Level 3.152287 
Opening P1
ITERATION 562 ------------- 
Tank 1 Level 3.152287 
Opening P1
ITERATION 563 ------------- 
Tank 1 Level 3.153524 
Opening P1
ITERATION 564 ------------- 
Tank 1 Level 3.153524 
Opening P1
ITERATION 565 ------------- 
Tank 1 Level 3.153524 
Opening P1
ITERATION 566 ------------- 
Tank 1 Level 3.153524 
Opening P1
ITERATION 567 ------------- 
Tank 1 Level 3.153524 
Opening P1
ITERATION 568 ------------- 
Tank 1 Level 3.153524 
Opening P1
ITERATION 569 ------------- 
Tank 1 Level 3.154834 
Opening P1
ITERATION 570 ------------- 
Tank 1 Level 3.154834 
Opening P1
ITERATION 571 ------------- 
Tank 1 Level 3.154834 
Opening P1
ITERATION 572 ------------- 
Tank 1 Level 3.154834 
Opening P1
ITERATION 573 ------------- 
Tank 1 Level 3.154834 
Opening P1
ITERATION 574 ------------- 
Tank 1 Level 3.154834 
Opening P1
ITERATION 575 ------------- 
Tank 1 Level 3.156217 
Opening P1
ITERATION 576 ------------- 
Tank 1 Level 3.156217 
Opening P1
ITERATION 577 ------------- 
Tank 1 Level 3.156217 
Opening P1
ITERATION 578 ------------- 
Tank 1 Level 3.156217 
Opening P1
ITERATION 579 ------------- 
Tank 1 Level 3.156217 
Opening P1
ITERATION 580 ------------- 
Tank 1 Level 3.156217 
Opening P1
ITERATION 581 ------------- 
Tank 1 Level 3.157673 
Opening P1
ITERATION 582 ------------- 
Tank 1 Level 3.157673 
Opening P1
ITERATION 583 ------------- 
Tank 1 Level 3.157673 
Opening P1
ITERATION 584 ------------- 
Tank 1 Level 3.157673 
Opening P1
ITERATION 585 ------------- 
Tank 1 Level 3.157673 
Opening P1
ITERATION 586 ------------- 
Tank 1 Level 3.148540 
Opening P1
ITERATION 587 ------------- 
Tank 1 Level 3.148540 
Opening P1
ITERATION 588 ------------- 
Tank 1 Level 3.148540 
Opening P1
ITERATION 589 ------------- 
Tank 1 Level 3.148540 
Opening P1
ITERATION 590 ------------- 
Tank 1 Level 3.148540 
Opening P1
ITERATION 591 ------------- 
Tank 1 Level 3.148540 
Opening P1
ITERATION 592 ------------- 
Tank 1 Level 3.139503 
Opening P1
ITERATION 593 ------------- 
Tank 1 Level 3.139503 
Opening P1
ITERATION 594 ------------- 
Tank 1 Level 3.139503 
Opening P1
ITERATION 595 ------------- 
Tank 1 Level 3.139503 
Opening P1
ITERATION 596 ------------- 
Tank 1 Level 3.139503 
Opening P1
ITERATION 597 ------------- 
Tank 1 Level 3.130562 
Opening P1
ITERATION 598 ------------- 
Tank 1 Level 3.130562 
Opening P1
ITERATION 599 ------------- 
Tank 1 Level 3.130562 
Opening P1
ITERATION 600 ------------- 
Tank 1 Level 3.130562 
Opening P1
ITERATION 601 ------------- 
Tank 1 Level 3.130562 
Opening P1
ITERATION 602 ------------- 
Tank 1 Level 3.122540 
Opening P1
ITERATION 603 ------------- 
Tank 1 Level 3.122540 
Opening P1
ITERATION 604 ------------- 
Tank 1 Level 3.122540 
Opening P1
ITERATION 605 ------------- 
Tank 1 Level 3.122540 
Opening P1
ITERATION 606 ------------- 
Tank 1 Level 3.122540 
Opening P1
ITERATION 607 ------------- 
Tank 1 Level 3.114612 
Opening P1
ITERATION 608 ------------- 
Tank 1 Level 3.114612 
Opening P1
ITERATION 609 ------------- 
Tank 1 Level 3.114612 
Opening P1
ITERATION 610 ------------- 
Tank 1 Level 3.114612 
Opening P1
ITERATION 611 ------------- 
Tank 1 Level 3.114612 
Opening P1
ITERATION 612 ------------- 
Tank 1 Level 3.114612 
Opening P1
ITERATION 613 ------------- 
Tank 1 Level 3.106778 
Opening P1
ITERATION 614 ------------- 
Tank 1 Level 3.106778 
Opening P1
ITERATION 615 ------------- 
Tank 1 Level 3.106778 
Opening P1
ITERATION 616 ------------- 
Tank 1 Level 3.106778 
Opening P1
ITERATION 617 ------------- 
Tank 1 Level 3.099038 
Opening P1
ITERATION 618 ------------- 
Tank 1 Level 3.099038 
Opening P1
ITERATION 619 ------------- 
Tank 1 Level 3.099038 
Opening P1
ITERATION 620 ------------- 
Tank 1 Level 3.099038 
Opening P1
ITERATION 621 ------------- 
Tank 1 Level 3.099038 
Opening P1
ITERATION 622 ------------- 
Tank 1 Level 3.091392 
Opening P1
ITERATION 623 ------------- 
Tank 1 Level 3.091392 
Opening P1
ITERATION 624 ------------- 
Tank 1 Level 3.091392 
Opening P1
ITERATION 625 ------------- 
Tank 1 Level 3.091392 
Opening P1
ITERATION 626 ------------- 
Tank 1 Level 3.091392 
Opening P1
ITERATION 627 ------------- 
Tank 1 Level 3.089895 
Opening P1
ITERATION 628 ------------- 
Tank 1 Level 3.089895 
Opening P1
ITERATION 629 ------------- 
Tank 1 Level 3.089895 
Opening P1
ITERATION 630 ------------- 
Tank 1 Level 3.089895 
Opening P1
ITERATION 631 ------------- 
Tank 1 Level 3.089895 
Opening P1
ITERATION 632 ------------- 
Tank 1 Level 3.088518 
Opening P1
ITERATION 633 ------------- 
Tank 1 Level 3.088518 
Opening P1
ITERATION 634 ------------- 
Tank 1 Level 3.088518 
Opening P1
ITERATION 635 ------------- 
Tank 1 Level 3.088518 
Opening P1
ITERATION 636 ------------- 
Tank 1 Level 3.087260 
Opening P1
ITERATION 637 ------------- 
Tank 1 Level 3.087260 
Opening P1
ITERATION 638 ------------- 
Tank 1 Level 3.087260 
Opening P1
ITERATION 639 ------------- 
Tank 1 Level 3.087260 
Opening P1
ITERATION 640 ------------- 
Tank 1 Level 3.087260 
Opening P1
ITERATION 641 ------------- 
Tank 1 Level 3.086120 
Opening P1
ITERATION 642 ------------- 
Tank 1 Level 3.086120 
Opening P1
ITERATION 643 ------------- 
Tank 1 Level 3.086120 
Opening P1
ITERATION 644 ------------- 
Tank 1 Level 3.086120 
Opening P1
ITERATION 645 ------------- 
Tank 1 Level 3.086120 
Opening P1
ITERATION 646 ------------- 
Tank 1 Level 3.086120 
Opening P1
ITERATION 647 ------------- 
Tank 1 Level 3.085098 
Opening P1
ITERATION 648 ------------- 
Tank 1 Level 3.085098 
Opening P1
ITERATION 649 ------------- 
Tank 1 Level 3.085098 
Opening P1
ITERATION 650 ------------- 
Tank 1 Level 3.085098 
Opening P1
ITERATION 651 ------------- 
Tank 1 Level 3.085098 
Opening P1
ITERATION 652 ------------- 
Tank 1 Level 3.084193 
Opening P1
ITERATION 653 ------------- 
Tank 1 Level 3.084193 
Opening P1
ITERATION 654 ------------- 
Tank 1 Level 3.084193 
Opening P1
ITERATION 655 ------------- 
Tank 1 Level 3.084193 
Opening P1
ITERATION 656 ------------- 
Tank 1 Level 3.084193 
Opening P1
ITERATION 657 ------------- 
Tank 1 Level 3.083406 
Opening P1
ITERATION 658 ------------- 
Tank 1 Level 3.083406 
Opening P1
ITERATION 659 ------------- 
Tank 1 Level 3.083406 
Opening P1
ITERATION 660 ------------- 
Tank 1 Level 3.083406 
Opening P1
ITERATION 661 ------------- 
Tank 1 Level 3.083406 
Opening P1
ITERATION 662 ------------- 
Tank 1 Level 3.083406 
Opening P1
ITERATION 663 ------------- 
Tank 1 Level 3.084806 
Opening P1
ITERATION 664 ------------- 
Tank 1 Level 3.084806 
Opening P1
ITERATION 665 ------------- 
Tank 1 Level 3.084806 
Opening P1
ITERATION 666 ------------- 
Tank 1 Level 3.084806 
Opening P1
ITERATION 667 ------------- 
Tank 1 Level 3.084806 
Opening P1
ITERATION 668 ------------- 
Tank 1 Level 3.086318 
Opening P1
ITERATION 669 ------------- 
Tank 1 Level 3.086318 
Opening P1
ITERATION 670 ------------- 
Tank 1 Level 3.086318 
Opening P1
ITERATION 671 ------------- 
Tank 1 Level 3.086318 
Opening P1
ITERATION 672 ------------- 
Tank 1 Level 3.086318 
Opening P1
ITERATION 673 ------------- 
Tank 1 Level 3.086318 
Opening P1
ITERATION 674 ------------- 
Tank 1 Level 3.087939 
Opening P1
ITERATION 675 ------------- 
Tank 1 Level 3.087939 
Opening P1
ITERATION 676 ------------- 
Tank 1 Level 3.087939 
Opening P1
ITERATION 677 ------------- 
Tank 1 Level 3.087939 
Opening P1
ITERATION 678 ------------- 
Tank 1 Level 3.087939 
Opening P1
ITERATION 679 ------------- 
Tank 1 Level 3.087939 
Opening P1
ITERATION 680 ------------- 
Tank 1 Level 3.089669 
Opening P1
ITERATION 681 ------------- 
Tank 1 Level 3.089669 
Opening P1
ITERATION 682 ------------- 
Tank 1 Level 3.089669 
Opening P1
ITERATION 683 ------------- 
Tank 1 Level 3.089669 
Opening P1
ITERATION 684 ------------- 
Tank 1 Level 3.089669 
Opening P1
ITERATION 685 ------------- 
Tank 1 Level 3.091508 
Opening P1
ITERATION 686 ------------- 
Tank 1 Level 3.091508 
Opening P1
ITERATION 687 ------------- 
Tank 1 Level 3.091508 
Opening P1
ITERATION 688 ------------- 
Tank 1 Level 3.091508 
Opening P1
ITERATION 689 ------------- 
Tank 1 Level 3.091508 
Opening P1
ITERATION 690 ------------- 
Tank 1 Level 3.093455 
Opening P1
ITERATION 691 ------------- 
Tank 1 Level 3.093455 
Opening P1
ITERATION 692 ------------- 
Tank 1 Level 3.093455 
Opening P1
ITERATION 693 ------------- 
Tank 1 Level 3.093455 
Opening P1
ITERATION 694 ------------- 
Tank 1 Level 3.093455 
Opening P1
ITERATION 695 ------------- 
Tank 1 Level 3.093455 
Opening P1
ITERATION 696 ------------- 
Tank 1 Level 3.095510 
Opening P1
ITERATION 697 ------------- 
Tank 1 Level 3.095510 
Opening P1
ITERATION 698 ------------- 
Tank 1 Level 3.095510 
Opening P1
ITERATION 699 ------------- 
Tank 1 Level 3.095510 
Opening P1
ITERATION 700 ------------- 
Tank 1 Level 3.095510 
Opening P1
ITERATION 701 ------------- 
Tank 1 Level 3.097672 
Opening P1
ITERATION 702 ------------- 
Tank 1 Level 3.097672 
Opening P1
ITERATION 703 ------------- 
Tank 1 Level 3.097672 
Opening P1
ITERATION 704 ------------- 
Tank 1 Level 3.097672 
Opening P1
ITERATION 705 ------------- 
Tank 1 Level 3.099941 
Opening P1
ITERATION 706 ------------- 
Tank 1 Level 3.099941 
Opening P1
ITERATION 707 ------------- 
Tank 1 Level 3.099941 
Opening P1
ITERATION 708 ------------- 
Tank 1 Level 3.099941 
Opening P1
ITERATION 709 ------------- 
Tank 1 Level 3.099941 
Opening P1
ITERATION 710 ------------- 
Tank 1 Level 3.102316 
Opening P1
ITERATION 711 ------------- 
Tank 1 Level 3.102316 
Opening P1
ITERATION 712 ------------- 
Tank 1 Level 3.102316 
Opening P1
ITERATION 713 ------------- 
Tank 1 Level 3.102316 
Opening P1
ITERATION 714 ------------- 
Tank 1 Level 3.102316 
Opening P1
ITERATION 715 ------------- 
Tank 1 Level 3.102316 
Opening P1
ITERATION 716 ------------- 
Tank 1 Level 3.104796 
Opening P1
ITERATION 717 ------------- 
Tank 1 Level 3.104796 
Opening P1
ITERATION 718 ------------- 
Tank 1 Level 3.104796 
Opening P1
ITERATION 719 ------------- 
Tank 1 Level 3.104796 
Opening P1
ITERATION 720 ------------- 
Tank 1 Level 3.104796 
Opening P1
ITERATION 721 ------------- 
Tank 1 Level 3.107381 
Opening P1
ITERATION 722 ------------- 
Tank 1 Level 3.107381 
Opening P1
ITERATION 723 ------------- 
Tank 1 Level 3.107381 
Opening P1
ITERATION 724 ------------- 
Tank 1 Level 3.107381 
Opening P1
ITERATION 725 ------------- 
Tank 1 Level 3.107381 
Opening P1
ITERATION 726 ------------- 
Tank 1 Level 3.106744 
Opening P1
ITERATION 727 ------------- 
Tank 1 Level 3.106744 
Opening P1
ITERATION 728 ------------- 
Tank 1 Level 3.106744 
Opening P1
ITERATION 729 ------------- 
Tank 1 Level 3.106744 
Opening P1
ITERATION 730 ------------- 
Tank 1 Level 3.106744 
Opening P1
ITERATION 731 ------------- 
Tank 1 Level 3.106744 
Opening P1
ITERATION 732 ------------- 
Tank 1 Level 3.106744 
Opening P1
ITERATION 733 ------------- 
Tank 1 Level 3.106744 
Opening P1
ITERATION 734 ------------- 
Tank 1 Level 3.106744 
Opening P1
ITERATION 735 ------------- 
Tank 1 Level 3.106744 
Opening P1
ITERATION 736 ------------- 
Tank 1 Level 3.106744 
Opening P1
ITERATION 737 ------------- 
Tank 1 Level 3.106744 
Opening P1
ITERATION 738 ------------- 
Tank 1 Level 3.106744 
Opening P1
ITERATION 739 ------------- 
Tank 1 Level 3.106744 
Opening P1
ITERATION 740 ------------- 
Tank 1 Level 3.106744 
Opening P1
ITERATION 741 ------------- 
Tank 1 Level 3.106744 
Opening P1
ITERATION 742 ------------- 
Tank 1 Level 3.106744 
Opening P1
ITERATION 743 ------------- 
Tank 1 Level 3.106744 
Opening P1
ITERATION 744 ------------- 
Tank 1 Level 3.106744 
Opening P1
ITERATION 745 ------------- 
Tank 1 Level 3.106744 
Opening P1
ITERATION 746 ------------- 
Tank 1 Level 3.106744 
Opening P1
ITERATION 747 ------------- 
Tank 1 Level 3.106744 
Opening P1
ITERATION 748 ------------- 
Tank 1 Level 3.106744 
Opening P1
ITERATION 749 ------------- 
Tank 1 Level 3.093314 
Opening P1
ITERATION 750 ------------- 
Tank 1 Level 3.093314 
Opening P1
ITERATION 751 ------------- 
Tank 1 Level 3.093314 
Opening P1
ITERATION 752 ------------- 
Tank 1 Level 3.087189 
Opening P1
ITERATION 753 ------------- 
Tank 1 Level 3.087189 
Opening P1
ITERATION 754 ------------- 
Tank 1 Level 3.087189 
Opening P1
ITERATION 755 ------------- 
Tank 1 Level 3.087189 
Opening P1
ITERATION 756 ------------- 
Tank 1 Level 3.087189 
Opening P1
ITERATION 757 ------------- 
Tank 1 Level 3.081146 
Opening P1
ITERATION 758 ------------- 
Tank 1 Level 3.081146 
Opening P1
ITERATION 759 ------------- 
Tank 1 Level 3.081146 
Opening P1
ITERATION 760 ------------- 
Tank 1 Level 3.081146 
Opening P1
ITERATION 761 ------------- 
Tank 1 Level 3.081146 
Opening P1
ITERATION 762 ------------- 
Tank 1 Level 3.075182 
Opening P1
ITERATION 763 ------------- 
Tank 1 Level 3.075182 
Opening P1
ITERATION 764 ------------- 
Tank 1 Level 3.075182 
Opening P1
ITERATION 765 ------------- 
Tank 1 Level 3.075182 
Opening P1
ITERATION 766 ------------- 
Tank 1 Level 3.075182 
Opening P1
ITERATION 767 ------------- 
Tank 1 Level 3.075182 
Opening P1
ITERATION 768 ------------- 
Tank 1 Level 3.075182 
Opening P1
ITERATION 769 ------------- 
Tank 1 Level 3.069299 
Opening P1
ITERATION 770 ------------- 
Tank 1 Level 3.069299 
Opening P1
ITERATION 771 ------------- 
Tank 1 Level 3.069299 
Opening P1
ITERATION 772 ------------- 
Tank 1 Level 3.069299 
Opening P1
ITERATION 773 ------------- 
Tank 1 Level 3.063497 
Opening P1
ITERATION 774 ------------- 
Tank 1 Level 3.063497 
Opening P1
ITERATION 775 ------------- 
Tank 1 Level 3.063497 
Opening P1
ITERATION 776 ------------- 
Tank 1 Level 3.063497 
Opening P1
ITERATION 777 ------------- 
Tank 1 Level 3.063497 
Opening P1
ITERATION 778 ------------- 
Tank 1 Level 3.063497 
Opening P1
ITERATION 779 ------------- 
Tank 1 Level 3.063497 
Opening P1
ITERATION 780 ------------- 
Tank 1 Level 3.057773 
Opening P1
ITERATION 781 ------------- 
Tank 1 Level 3.057773 
Opening P1
ITERATION 782 ------------- 
Tank 1 Level 3.057773 
Opening P1
ITERATION 783 ------------- 
Tank 1 Level 3.057773 
Opening P1
ITERATION 784 ------------- 
Tank 1 Level 3.052129 
Opening P1
ITERATION 785 ------------- 
Tank 1 Level 3.052129 
Opening P1
ITERATION 786 ------------- 
Tank 1 Level 3.052129 
Opening P1
ITERATION 787 ------------- 
Tank 1 Level 3.052129 
Opening P1
ITERATION 788 ------------- 
Tank 1 Level 3.052129 
Opening P1
ITERATION 789 ------------- 
Tank 1 Level 3.046962 
Opening P1
ITERATION 790 ------------- 
Tank 1 Level 3.046962 
Opening P1
ITERATION 791 ------------- 
Tank 1 Level 3.046962 
Opening P1
ITERATION 792 ------------- 
Tank 1 Level 3.046962 
Opening P1
ITERATION 793 ------------- 
Tank 1 Level 3.046962 
Opening P1
ITERATION 794 ------------- 
Tank 1 Level 3.041874 
Opening P1
ITERATION 795 ------------- 
Tank 1 Level 3.041874 
Opening P1
ITERATION 796 ------------- 
Tank 1 Level 3.041874 
Opening P1
ITERATION 797 ------------- 
Tank 1 Level 3.041874 
Opening P1
ITERATION 798 ------------- 
Tank 1 Level 3.041874 
Opening P1
ITERATION 799 ------------- 
Tank 1 Level 3.041874 
Opening P1
ITERATION 800 ------------- 
Tank 1 Level 3.036867 
Opening P1
ITERATION 801 ------------- 
Tank 1 Level 3.036867 
Opening P1
ITERATION 802 ------------- 
Tank 1 Level 3.036867 
Opening P1
ITERATION 803 ------------- 
Tank 1 Level 3.036867 
Opening P1
ITERATION 804 ------------- 
Tank 1 Level 3.036867 
Opening P1
ITERATION 805 ------------- 
Tank 1 Level 3.031940 
Opening P1
ITERATION 806 ------------- 
Tank 1 Level 3.031940 
Opening P1
ITERATION 807 ------------- 
Tank 1 Level 3.031940 
Opening P1
ITERATION 808 ------------- 
Tank 1 Level 3.031940 
Opening P1
ITERATION 809 ------------- 
Tank 1 Level 3.031940 
Opening P1
ITERATION 810 ------------- 
Tank 1 Level 3.031940 
Opening P1
ITERATION 811 ------------- 
Tank 1 Level 3.027092 
Opening P1
ITERATION 812 ------------- 
Tank 1 Level 3.027092 
Opening P1
ITERATION 813 ------------- 
Tank 1 Level 3.027092 
Opening P1
ITERATION 814 ------------- 
Tank 1 Level 3.027092 
Opening P1
ITERATION 815 ------------- 
Tank 1 Level 3.027092 
Opening P1
ITERATION 816 ------------- 
Tank 1 Level 3.027092 
Opening P1
ITERATION 817 ------------- 
Tank 1 Level 3.024151 
Opening P1
ITERATION 818 ------------- 
Tank 1 Level 3.024151 
Opening P1
ITERATION 819 ------------- 
Tank 1 Level 3.024151 
Opening P1
ITERATION 820 ------------- 
Tank 1 Level 3.024151 
Opening P1
ITERATION 821 ------------- 
Tank 1 Level 3.024151 
Opening P1
ITERATION 822 ------------- 
Tank 1 Level 3.024754 
Opening P1
ITERATION 823 ------------- 
Tank 1 Level 3.024754 
Opening P1
ITERATION 824 ------------- 
Tank 1 Level 3.024754 
Opening P1
ITERATION 825 ------------- 
Tank 1 Level 3.024754 
Opening P1
ITERATION 826 ------------- 
Tank 1 Level 3.024754 
Opening P1
ITERATION 827 ------------- 
Tank 1 Level 3.024754 
Opening P1
ITERATION 828 ------------- 
Tank 1 Level 3.024754 
Opening P1
ITERATION 829 ------------- 
Tank 1 Level 3.024754 
Opening P1
ITERATION 830 ------------- 
Tank 1 Level 3.024754 
Opening P1
ITERATION 831 ------------- 
Tank 1 Level 3.024754 
Opening P1
ITERATION 832 ------------- 
Tank 1 Level 3.024754 
Opening P1
ITERATION 833 ------------- 
Tank 1 Level 3.024754 
Opening P1
ITERATION 834 ------------- 
Tank 1 Level 3.024754 
Opening P1
ITERATION 835 ------------- 
Tank 1 Level 3.024754 
Opening P1
ITERATION 836 ------------- 
Tank 1 Level 3.026351 
Opening P1
ITERATION 837 ------------- 
Tank 1 Level 3.026351 
Opening P1
ITERATION 838 ------------- 
Tank 1 Level 3.026351 
Opening P1
ITERATION 839 ------------- 
Tank 1 Level 3.026351 
Opening P1
ITERATION 840 ------------- 
Tank 1 Level 3.026351 
Opening P1
ITERATION 841 ------------- 
Tank 1 Level 3.033738 
Opening P1
ITERATION 842 ------------- 
Tank 1 Level 3.033738 
Opening P1
ITERATION 843 ------------- 
Tank 1 Level 3.033738 
Opening P1
ITERATION 844 ------------- 
Tank 1 Level 3.033738 
Opening P1
ITERATION 845 ------------- 
Tank 1 Level 3.033738 
Opening P1
ITERATION 846 ------------- 
Tank 1 Level 3.033738 
Opening P1
ITERATION 847 ------------- 
Tank 1 Level 3.041165 
Opening P1
ITERATION 848 ------------- 
Tank 1 Level 3.041165 
Opening P1
ITERATION 849 ------------- 
Tank 1 Level 3.041165 
Opening P1
ITERATION 850 ------------- 
Tank 1 Level 3.041165 
Opening P1
ITERATION 851 ------------- 
Tank 1 Level 3.041165 
Opening P1
ITERATION 852 ------------- 
Tank 1 Level 3.048632 
Opening P1
ITERATION 853 ------------- 
Tank 1 Level 3.048632 
Opening P1
ITERATION 854 ------------- 
Tank 1 Level 3.048632 
Opening P1
ITERATION 855 ------------- 
Tank 1 Level 3.048632 
Opening P1
ITERATION 856 ------------- 
Tank 1 Level 3.048632 
Opening P1
ITERATION 857 ------------- 
Tank 1 Level 3.048632 
Opening P1
ITERATION 858 ------------- 
Tank 1 Level 3.056139 
Opening P1
ITERATION 859 ------------- 
Tank 1 Level 3.056139 
Opening P1
ITERATION 860 ------------- 
Tank 1 Level 3.056139 
Opening P1
ITERATION 861 ------------- 
Tank 1 Level 3.056139 
Opening P1
ITERATION 862 ------------- 
Tank 1 Level 3.056139 
Opening P1
ITERATION 863 ------------- 
Tank 1 Level 3.063685 
Opening P1
ITERATION 864 ------------- 
Tank 1 Level 3.063685 
Opening P1
ITERATION 865 ------------- 
Tank 1 Level 3.063685 
Opening P1
ITERATION 866 ------------- 
Tank 1 Level 3.063685 
Opening P1
ITERATION 867 ------------- 
Tank 1 Level 3.063685 
Opening P1
ITERATION 868 ------------- 
Tank 1 Level 3.076375 
Opening P1
ITERATION 869 ------------- 
Tank 1 Level 3.076375 
Opening P1
ITERATION 870 ------------- 
Tank 1 Level 3.076375 
Opening P1
ITERATION 871 ------------- 
Tank 1 Level 3.076375 
Opening P1
ITERATION 872 ------------- 
Tank 1 Level 3.076375 
Opening P1
ITERATION 873 ------------- 
Tank 1 Level 3.089096 
Opening P1
ITERATION 874 ------------- 
Tank 1 Level 3.089096 
Opening P1
ITERATION 875 ------------- 
Tank 1 Level 3.089096 
Opening P1
ITERATION 876 ------------- 
Tank 1 Level 3.089096 
Opening P1
ITERATION 877 ------------- 
Tank 1 Level 3.089096 
Opening P1
ITERATION 878 ------------- 
Tank 1 Level 3.089096 
Opening P1
ITERATION 879 ------------- 
Tank 1 Level 3.101847 
Opening P1
ITERATION 880 ------------- 
Tank 1 Level 3.101847 
Opening P1
ITERATION 881 ------------- 
Tank 1 Level 3.101847 
Opening P1
ITERATION 882 ------------- 
Tank 1 Level 3.101847 
Opening P1
ITERATION 883 ------------- 
Tank 1 Level 3.101847 
Opening P1
ITERATION 884 ------------- 
Tank 1 Level 3.101847 
Opening P1
ITERATION 885 ------------- 
Tank 1 Level 3.114629 
Opening P1
ITERATION 886 ------------- 
Tank 1 Level 3.114629 
Opening P1
ITERATION 887 ------------- 
Tank 1 Level 3.114629 
Opening P1
ITERATION 888 ------------- 
Tank 1 Level 3.114629 
Opening P1
ITERATION 889 ------------- 
Tank 1 Level 3.114629 
Opening P1
ITERATION 890 ------------- 
Tank 1 Level 3.127441 
Opening P1
ITERATION 891 ------------- 
Tank 1 Level 3.127441 
Opening P1
ITERATION 892 ------------- 
Tank 1 Level 3.127441 
Opening P1
ITERATION 893 ------------- 
Tank 1 Level 3.127441 
Opening P1
ITERATION 894 ------------- 
Tank 1 Level 3.127441 
Opening P1
ITERATION 895 ------------- 
Tank 1 Level 3.127441 
Opening P1
ITERATION 896 ------------- 
Tank 1 Level 3.127441 
Opening P1
ITERATION 897 ------------- 
Tank 1 Level 3.127441 
Opening P1
ITERATION 898 ------------- 
Tank 1 Level 3.127441 
Opening P1
ITERATION 899 ------------- 
Tank 1 Level 3.127441 
Opening P1
ITERATION 900 ------------- 
Tank 1 Level 3.127441 
Opening P1
ITERATION 901 ------------- 
Tank 1 Level 3.127441 
Opening P1
ITERATION 902 ------------- 
Tank 1 Level 3.127441 
Opening P1
ITERATION 903 ------------- 
Tank 1 Level 3.127441 
Opening P1
ITERATION 904 ------------- 
Tank 1 Level 3.127441 
Opening P1
ITERATION 905 ------------- 
Tank 1 Level 3.127441 
Opening P1
ITERATION 906 ------------- 
Tank 1 Level 3.127441 
Opening P1
ITERATION 907 ------------- 
Tank 1 Level 3.127441 
Opening P1
ITERATION 908 ------------- 
Tank 1 Level 3.127441 
Opening P1
ITERATION 909 ------------- 
Tank 1 Level 3.127441 
Opening P1
ITERATION 910 ------------- 
Tank 1 Level 3.127441 
Opening P1
ITERATION 911 ------------- 
Tank 1 Level 3.127441 
Opening P1
ITERATION 912 ------------- 
Tank 1 Level 3.127441 
Opening P1
ITERATION 913 ------------- 
Tank 1 Level 3.127441 
Opening P1
ITERATION 914 ------------- 
Tank 1 Level 3.127441 
Opening P1
ITERATION 915 ------------- 
Tank 1 Level 3.127441 
Opening P1
ITERATION 916 ------------- 
Tank 1 Level 3.127441 
Opening P1
ITERATION 917 ------------- 
Tank 1 Level 3.127441 
Opening P1
ITERATION 918 ------------- 
Tank 1 Level 3.127441 
Opening P1
ITERATION 919 ------------- 
Tank 1 Level 3.127441 
Opening P1
ITERATION 920 ------------- 
Tank 1 Level 3.127441 
Opening P1
ITERATION 921 ------------- 
Tank 1 Level 3.127441 
Opening P1
ITERATION 922 ------------- 
Tank 1 Level 3.127441 
Opening P1
ITERATION 923 ------------- 
Tank 1 Level 3.127441 
Opening P1
ITERATION 924 ------------- 
Tank 1 Level 3.127441 
Opening P1
ITERATION 925 ------------- 
Tank 1 Level 3.127441 
Opening P1
ITERATION 926 ------------- 
Tank 1 Level 3.127441 
Opening P1
ITERATION 927 ------------- 
Tank 1 Level 3.127441 
Opening P1
ITERATION 928 ------------- 
Tank 1 Level 3.127441 
Opening P1
ITERATION 929 ------------- 
Tank 1 Level 3.127441 
Opening P1
ITERATION 930 ------------- 
Tank 1 Level 3.127441 
Opening P1
ITERATION 931 ------------- 
Tank 1 Level 3.127441 
Opening P1
ITERATION 932 ------------- 
Tank 1 Level 3.127441 
Opening P1
ITERATION 933 ------------- 
Tank 1 Level 3.127441 
Opening P1
ITERATION 934 ------------- 
Tank 1 Level 3.127441 
Opening P1
ITERATION 935 ------------- 
Tank 1 Level 3.127441 
Opening P1
ITERATION 936 ------------- 
Tank 1 Level 3.127441 
Opening P1
ITERATION 937 ------------- 
Tank 1 Level 3.127441 
Opening P1
ITERATION 938 ------------- 
Tank 1 Level 3.127441 
Opening P1
ITERATION 939 ------------- 
Tank 1 Level 3.127441 
Opening P1
ITERATION 940 ------------- 
Tank 1 Level 3.127441 
Opening P1
ITERATION 941 ------------- 
Tank 1 Level 3.127441 
Opening P1
ITERATION 942 ------------- 
Tank 1 Level 3.127441 
Opening P1
ITERATION 943 ------------- 
Tank 1 Level 3.127441 
Opening P1
ITERATION 944 ------------- 
Tank 1 Level 3.127441 
Opening P1
ITERATION 945 ------------- 
Tank 1 Level 3.127441 
Opening P1
ITERATION 946 ------------- 
Tank 1 Level 3.127441 
Opening P1
ITERATION 947 ------------- 
Tank 1 Level 3.127441 
Opening P1
ITERATION 948 ------------- 
Tank 1 Level 3.127441 
Opening P1
ITERATION 949 ------------- 
Tank 1 Level 3.127441 
Opening P1
ITERATION 950 ------------- 
Tank 1 Level 3.127441 
Opening P1
ITERATION 951 ------------- 
Tank 1 Level 3.127441 
Opening P1
ITERATION 952 ------------- 
Tank 1 Level 3.127441 
Opening P1
ITERATION 953 ------------- 
Tank 1 Level 3.127441 
Opening P1
ITERATION 954 ------------- 
Tank 1 Level 3.127441 
Opening P1
ITERATION 955 ------------- 
Tank 1 Level 3.127441 
Opening P1
ITERATION 956 ------------- 
Tank 1 Level 3.127441 
Opening P1
ITERATION 957 ------------- 
Tank 1 Level 3.127441 
Opening P1
ITERATION 958 ------------- 
Tank 1 Level 3.127441 
Opening P1
ITERATION 959 ------------- 
Tank 1 Level 3.127441 
Opening P1
ITERATION 960 ------------- 
Tank 1 Level 3.127441 
Opening P1
ITERATION 961 ------------- 
Tank 1 Level 3.127441 
Opening P1
ITERATION 962 ------------- 
Tank 1 Level 3.127441 
Opening P1
ITERATION 963 ------------- 
Tank 1 Level 3.127441 
Opening P1
ITERATION 964 ------------- 
Tank 1 Level 3.127441 
Opening P1
ITERATION 965 ------------- 
Tank 1 Level 3.127441 
Opening P1
ITERATION 966 ------------- 
Tank 1 Level 3.127441 
Opening P1
ITERATION 967 ------------- 
Tank 1 Level 3.127441 
Opening P1
DEBUG plc1 shutdown
plc1
Stopping Tcp dump process on PLC...
Stopping PLC...
