                T1:1              <= [3.0]: 'OK'
                T1:1[    0-0    ] <= [3.0]
                T1:1              <= [3.0]: 'OK'
                T1:1[    0-0    ] <= [3.0]
                T1:1              <= [3.0]: 'OK'
                T1:1[    0-0    ] <= [3.0]
                T1:1              <= [3.0]: 'OK'
                T1:1[    0-0    ] <= [3.0]
                T1:1              <= [3.0]: 'OK'
                T1:1[    0-0    ] <= [3.0]
                T1:1              <= [3.0]: 'OK'
                T1:1[    0-0    ] <= [3.0]
                T1:1              <= [3.0]: 'OK'
                T1:1[    0-0    ] <= [3.0]
                T1:1              <= [3.0]: 'OK'
                T1:1[    0-0    ] <= [3.0]
                T1:1              <= [3.0]: 'OK'
                T1:1[    0-0    ] <= [3.0]
                T1:1              <= [3.0]: 'OK'
                T1:1[    0-0    ] <= [3.0]
                T1:1              <= [3.0]: 'OK'
                T1:1[    0-0    ] <= [3.0]
                T1:1              <= [3.0]: 'OK'
                T1:1[    0-0    ] <= [3.0]
                T1:1              <= [3.0]: 'OK'
                T1:1[    0-0    ] <= [3.0]
                T1:1              <= [3.0]: 'OK'
                T1:1[    0-0    ] <= [3.0]
                T1:1[    0-0    ] <= [3.0]
                T1:1              <= [3.0]: 'OK'
                T1:1              <= [3.0]: 'OK'
                T1:1[    0-0    ] <= [3.0]
                T1:1              <= [3.0]: 'OK'
                T1:1[    0-0    ] <= [3.0]
                T1:1[    0-0    ] <= [3.0]
                T1:1              <= [3.0]: 'OK'
                T1:1              <= [3.0]: 'OK'
                T1:1[    0-0    ] <= [3.0]
                T1:1              <= [3.0]: 'OK'
                T1:1[    0-0    ] <= [3.0]
                T1:1              <= [3.0]: 'OK'
                T1:1[    0-0    ] <= [3.0]
                T1:1              <= [3.0]: 'OK'
                T1:1[    0-0    ] <= [3.0]
                T1:1              <= [3.0]: 'OK'
                T1:1[    0-0    ] <= [3.0]
                T1:1              <= [3.0]: 'OK'
                T1:1[    0-0    ] <= [3.0]
                T1:1              <= [3.0]: 'OK'
                T1:1[    0-0    ] <= [3.0]
                T1:1              <= [1.81266445512033]: 'OK'
                T1:1[    0-0    ] <= [1.81266450881958]
                T1:1              <= [1.81266445512033]: 'OK'
                T1:1[    0-0    ] <= [1.81266450881958]
                T1:1              <= [1.81266445512033]: 'OK'
                T1:1[    0-0    ] <= [1.81266450881958]
                T1:1[    0-0    ] <= [1.81266450881958]
                T1:1              <= [1.81266445512033]: 'OK'
                T1:1              <= [1.81266445512033]: 'OK'
                T1:1[    0-0    ] <= [1.81266450881958]
                T1:1              <= [1.81266445512033]: 'OK'
                T1:1[    0-0    ] <= [1.81266450881958]
                T1:1              <= [1.81266445512033]: 'OK'
                T1:1[    0-0    ] <= [1.81266450881958]
                T1:1              <= [1.81266445512033]: 'OK'
                T1:1[    0-0    ] <= [1.81266450881958]
                T1:1              <= [1.84912669240965]: 'OK'
                T1:1[    0-0    ] <= [1.8491266965866089]
                T1:1              <= [1.84912669240965]: 'OK'
                T1:1[    0-0    ] <= [1.8491266965866089]
                T1:1[    0-0    ] <= [1.8491266965866089]
                T1:1              <= [1.84912669240965]: 'OK'
                T1:1              <= [1.84912669240965]: 'OK'
                T1:1[    0-0    ] <= [1.8491266965866089]
                T1:1              <= [1.84912669240965]: 'OK'
                T1:1[    0-0    ] <= [1.8491266965866089]
                T1:1              <= [1.84912669240965]: 'OK'
                T1:1[    0-0    ] <= [1.8491266965866089]
                T1:1              <= [1.84912669240965]: 'OK'
                T1:1[    0-0    ] <= [1.8491266965866089]
                T1:1              <= [1.84912669240965]: 'OK'
                T1:1[    0-0    ] <= [1.8491266965866089]
                T1:1              <= [1.88556407747906]: 'OK'
                T1:1[    0-0    ] <= [1.8855640888214111]
                T1:1              <= [1.88556407747906]: 'OK'
                T1:1[    0-0    ] <= [1.8855640888214111]
                T1:1              <= [1.88556407747906]: 'OK'
                T1:1[    0-0    ] <= [1.8855640888214111]
                T1:1              <= [1.88556407747906]: 'OK'
                T1:1[    0-0    ] <= [1.8855640888214111]
                T1:1              <= [1.88556407747906]: 'OK'
                T1:1[    0-0    ] <= [1.8855640888214111]
                T1:1              <= [1.88556407747906]: 'OK'
                T1:1[    0-0    ] <= [1.8855640888214111]
                T1:1              <= [1.88556407747906]: 'OK'
                T1:1[    0-0    ] <= [1.8855640888214111]
                T1:1              <= [1.90604199961668]: 'OK'
                T1:1[    0-0    ] <= [1.9060419797897339]
                T1:1              <= [1.90604199961668]: 'OK'
                T1:1[    0-0    ] <= [1.9060419797897339]
                T1:1              <= [1.90604199961668]: 'OK'
                T1:1[    0-0    ] <= [1.9060419797897339]
                T1:1[    0-0    ] <= [1.9060419797897339]
                T1:1              <= [1.90604199961668]: 'OK'
                T1:1              <= [1.90604199961668]: 'OK'
                T1:1[    0-0    ] <= [1.9060419797897339]
                T1:1              <= [1.90604199961668]: 'OK'
                T1:1[    0-0    ] <= [1.9060419797897339]
                T1:1[    0-0    ] <= [1.9060419797897339]
                T1:1              <= [1.90604199961668]: 'OK'
                T1:1[    0-0    ] <= [1.9060419797897339]
                T1:1              <= [1.90604199961668]: 'OK'
                T1:1              <= [1.90604199961668]: 'OK'
                T1:1[    0-0    ] <= [1.9060419797897339]
                T1:1              <= [1.92651808102013]: 'OK'
                T1:1[    0-0    ] <= [1.9265180826187134]
                T1:1              <= [1.92651808102013]: 'OK'
                T1:1[    0-0    ] <= [1.9265180826187134]
                T1:1              <= [1.92651808102013]: 'OK'
                T1:1[    0-0    ] <= [1.9265180826187134]
                T1:1[    0-0    ] <= [1.9265180826187134]
                T1:1              <= [1.92651808102013]: 'OK'
                T1:1              <= [1.92651808102013]: 'OK'
                T1:1[    0-0    ] <= [1.9265180826187134]
                T1:1              <= [1.92651808102013]: 'OK'
                T1:1[    0-0    ] <= [1.9265180826187134]
                T1:1              <= [1.92651808102013]: 'OK'
                T1:1[    0-0    ] <= [1.9265180826187134]
                T1:1[    0-0    ] <= [1.9265180826187134]
                T1:1              <= [1.92651808102013]: 'OK'
                T1:1              <= [1.92651808102013]: 'OK'
                T1:1[    0-0    ] <= [1.9265180826187134]
                T1:1              <= [1.94699230716154]: 'OK'
                T1:1[    0-0    ] <= [1.94699227809906]
                T1:1              <= [1.94699230716154]: 'OK'
                T1:1[    0-0    ] <= [1.94699227809906]
                T1:1              <= [1.94699230716154]: 'OK'
                T1:1[    0-0    ] <= [1.94699227809906]
DEBUG get_query: SELECT value FROM ctown WHERE name = ? AND pid = ?
DEBUG set_query: UPDATE ctown SET value = ? WHERE name = ? AND pid = ?
DEBUG EnipProtocol server addr:  192.168.1.1
DEBUG: concatenating server address with default port.
DEBUG enip server tags_string:  T1:1=REAL ATT_1:1=REAL ATT_2:1=REAL 
DEBUG enip _start_server cmd:  ['/usr/bin/python', '-m', 'cpppo.server.enip', '--print', '--log', 'logs/protocols_tests_enip_server', '--address', '192.168.1.1:44818', 'T1:1=REAL', 'ATT_1:1=REAL', 'ATT_2:1=REAL']
DEBUG: plc2 enters pre_loop
Tank Level 1 3.000000 
ITERATION 1 ------------- 
Tank Level 1 3.000000 
ITERATION 2 ------------- 
Tank Level 1 3.000000 
ITERATION 3 ------------- 
Tank Level 1 3.000000 
ITERATION 4 ------------- 
Tank Level 1 3.000000 
ITERATION 5 ------------- 
Tank Level 1 3.000000 
ITERATION 6 ------------- 
Tank Level 1 3.000000 
ITERATION 7 ------------- 
Tank Level 1 3.000000 
ITERATION 8 ------------- 
Tank Level 1 3.000000 
ITERATION 9 ------------- 
Tank Level 1 3.000000 
ITERATION 10 ------------- 
Tank Level 1 3.000000 
ITERATION 11 ------------- 
Tank Level 1 3.000000 
ITERATION 12 ------------- 
Tank Level 1 3.000000 
ITERATION 13 ------------- 
Tank Level 1 3.000000 
ITERATION 14 ------------- 
Tank Level 1 3.000000 
ITERATION 15 ------------- 
Tank Level 1 3.000000 
ITERATION 16 ------------- 
Tank Level 1 3.000000 
ITERATION 17 ------------- 
Tank Level 1 3.000000 
ITERATION 18 ------------- 
Tank Level 1 3.000000 
ITERATION 19 ------------- 
Tank Level 1 3.000000 
ITERATION 20 ------------- 
Tank Level 1 3.000000 
ITERATION 21 ------------- 
Tank Level 1 3.000000 
ITERATION 22 ------------- 
Tank Level 1 3.000000 
ITERATION 23 ------------- 
Tank Level 1 3.000000 
ITERATION 24 ------------- 
Tank Level 1 3.000000 
ITERATION 25 ------------- 
Tank Level 1 1.812664 
ITERATION 26 ------------- 
Tank Level 1 1.812664 
ITERATION 27 ------------- 
Tank Level 1 1.812664 
ITERATION 28 ------------- 
Tank Level 1 1.812664 
ITERATION 29 ------------- 
Tank Level 1 1.812664 
ITERATION 30 ------------- 
Tank Level 1 1.812664 
ITERATION 31 ------------- 
Tank Level 1 1.812664 
ITERATION 32 ------------- 
Tank Level 1 1.812664 
ITERATION 33 ------------- 
Tank Level 1 1.849127 
ITERATION 34 ------------- 
Tank Level 1 1.849127 
ITERATION 35 ------------- 
Tank Level 1 1.849127 
ITERATION 36 ------------- 
Tank Level 1 1.849127 
ITERATION 37 ------------- 
Tank Level 1 1.849127 
ITERATION 38 ------------- 
Tank Level 1 1.849127 
ITERATION 39 ------------- 
Tank Level 1 1.849127 
ITERATION 40 ------------- 
Tank Level 1 1.849127 
ITERATION 41 ------------- 
Tank Level 1 1.885564 
ITERATION 42 ------------- 
Tank Level 1 1.885564 
ITERATION 43 ------------- 
Tank Level 1 1.885564 
ITERATION 44 ------------- 
Tank Level 1 1.885564 
ITERATION 45 ------------- 
Tank Level 1 1.885564 
ITERATION 46 ------------- 
Tank Level 1 1.885564 
ITERATION 47 ------------- 
Tank Level 1 1.885564 
ITERATION 48 ------------- 
Tank Level 1 1.906042 
ITERATION 49 ------------- 
Tank Level 1 1.906042 
ITERATION 50 ------------- 
Tank Level 1 1.906042 
ITERATION 51 ------------- 
Tank Level 1 1.906042 
ITERATION 52 ------------- 
Tank Level 1 1.906042 
ITERATION 53 ------------- 
Tank Level 1 1.906042 
ITERATION 54 ------------- 
Tank Level 1 1.906042 
ITERATION 55 ------------- 
Tank Level 1 1.906042 
ITERATION 56 ------------- 
Tank Level 1 1.906042 
ITERATION 57 ------------- 
Tank Level 1 1.926518 
ITERATION 58 ------------- 
Tank Level 1 1.926518 
ITERATION 59 ------------- 
Tank Level 1 1.926518 
ITERATION 60 ------------- 
Tank Level 1 1.926518 
ITERATION 61 ------------- 
Tank Level 1 1.926518 
ITERATION 62 ------------- 
Tank Level 1 1.926518 
ITERATION 63 ------------- 
Tank Level 1 1.926518 
ITERATION 64 ------------- 
Tank Level 1 1.926518 
ITERATION 65 ------------- 
Tank Level 1 1.926518 
ITERATION 66 ------------- 
Tank Level 1 1.946992 
ITERATION 67 ------------- 
Tank Level 1 1.946992 
ITERATION 68 ------------- 
Tank Level 1 1.946992 
ITERATION 69 ------------- 
Tank Level 1 1.946992 
ITERATION 70 -                T1:1              <= [1.94699230716154]: 'OK'
                T1:1[    0-0    ] <= [1.94699227809906]
                T1:1              <= [1.94699230716154]: 'OK'
                T1:1[    0-0    ] <= [1.94699227809906]
                T1:1[    0-0    ] <= [1.94699227809906]
                T1:1              <= [1.94699230716154]: 'OK'
                T1:1[    0-0    ] <= [1.94699227809906]
                T1:1              <= [1.94699230716154]: 'OK'
                T1:1              <= [1.94699230716154]: 'OK'
                T1:1[    0-0    ] <= [1.94699227809906]
                T1:1              <= [1.96746466352332]: 'OK'
                T1:1[    0-0    ] <= [1.9674646854400635]
                T1:1[    0-0    ] <= [1.9674646854400635]
                T1:1              <= [1.96746466352332]: 'OK'
                T1:1              <= [1.96746466352332]: 'OK'
                T1:1[    0-0    ] <= [1.9674646854400635]
                T1:1              <= [1.96746466352332]: 'OK'
                T1:1[    0-0    ] <= [1.9674646854400635]
                T1:1              <= [1.96746466352332]: 'OK'
                T1:1[    0-0    ] <= [1.9674646854400635]
                T1:1              <= [1.96746466352332]: 'OK'
                T1:1[    0-0    ] <= [1.9674646854400635]
                T1:1              <= [1.96746466352332]: 'OK'
                T1:1[    0-0    ] <= [1.9674646854400635]
                T1:1              <= [1.96746466352332]: 'OK'
                T1:1[    0-0    ] <= [1.9674646854400635]
                T1:1              <= [1.96746466352332]: 'OK'
                T1:1[    0-0    ] <= [1.9674646854400635]
                T1:1              <= [1.96746466352332]: 'OK'
                T1:1[    0-0    ] <= [1.9674646854400635]
                T1:1              <= [1.98793513559833]: 'OK'
                T1:1[    0-0    ] <= [1.987935185432434]
                T1:1              <= [1.98793513559833]: 'OK'
                T1:1[    0-0    ] <= [1.987935185432434]
                T1:1              <= [1.98793513559833]: 'OK'
                T1:1[    0-0    ] <= [1.987935185432434]
                T1:1              <= [1.98793513559833]: 'OK'
                T1:1[    0-0    ] <= [1.987935185432434]
                T1:1              <= [1.98793513559833]: 'OK'
                T1:1[    0-0    ] <= [1.987935185432434]
                T1:1              <= [1.98793513559833]: 'OK'
                T1:1[    0-0    ] <= [1.987935185432434]
                T1:1              <= [1.98793513559833]: 'OK'
                T1:1[    0-0    ] <= [1.987935185432434]
                T1:1              <= [2.00840370888977]: 'OK'
                T1:1[    0-0    ] <= [2.008403778076172]
                T1:1[    0-0    ] <= [2.008403778076172]
                T1:1              <= [2.00840370888977]: 'OK'
                T1:1              <= [2.00840370888977]: 'OK'
                T1:1[    0-0    ] <= [2.008403778076172]
                T1:1              <= [2.00840370888977]: 'OK'
                T1:1[    0-0    ] <= [2.008403778076172]
                T1:1              <= [2.00840370888977]: 'OK'
                T1:1[    0-0    ] <= [2.008403778076172]
                T1:1              <= [2.00840370888977]: 'OK'
                T1:1[    0-0    ] <= [2.008403778076172]
                T1:1              <= [2.00840370888977]: 'OK'
                T1:1[    0-0    ] <= [2.008403778076172]
                T1:1              <= [2.00840370888977]: 'OK'
                T1:1[    0-0    ] <= [2.008403778076172]
                T1:1              <= [2.02887036891111]: 'OK'
                T1:1[    0-0    ] <= [2.0288703441619873]
                T1:1              <= [2.02887036891111]: 'OK'
                T1:1[    0-0    ] <= [2.0288703441619873]
                T1:1[    0-0    ] <= [2.0288703441619873]
                T1:1              <= [2.02887036891111]: 'OK'
                T1:1              <= [2.02887036891111]: 'OK'
                T1:1[    0-0    ] <= [2.0288703441619873]
                T1:1              <= [2.02887036891111]: 'OK'
                T1:1[    0-0    ] <= [2.0288703441619873]
                T1:1              <= [2.02887036891111]: 'OK'
                T1:1[    0-0    ] <= [2.0288703441619873]
                T1:1              <= [2.02887036891111]: 'OK'
                T1:1[    0-0    ] <= [2.0288703441619873]
                T1:1              <= [2.02887036891111]: 'OK'
                T1:1[    0-0    ] <= [2.0288703441619873]
                T1:1              <= [2.04933510118609]: 'OK'
                T1:1[    0-0    ] <= [2.04933500289917]
                T1:1              <= [2.04933510118609]: 'OK'
                T1:1[    0-0    ] <= [2.04933500289917]
                T1:1              <= [2.04933510118609]: 'OK'
                T1:1[    0-0    ] <= [2.04933500289917]
                T1:1              <= [2.04933510118609]: 'OK'
                T1:1[    0-0    ] <= [2.04933500289917]
                T1:1              <= [2.04933510118609]: 'OK'
                T1:1[    0-0    ] <= [2.04933500289917]
                T1:1              <= [2.04933510118609]: 'OK'
                T1:1[    0-0    ] <= [2.04933500289917]
                T1:1              <= [2.04933510118609]: 'OK'
                T1:1[    0-0    ] <= [2.04933500289917]
                T1:1              <= [2.04933510118609]: 'OK'
                T1:1[    0-0    ] <= [2.04933500289917]
                T1:1              <= [2.06979789124854]: 'OK'
                T1:1[    0-0    ] <= [2.069797992706299]
                T1:1              <= [2.06979789124854]: 'OK'
                T1:1[    0-0    ] <= [2.069797992706299]
                T1:1[    0-0    ] <= [2.069797992706299]
                T1:1              <= [2.06979789124854]: 'OK'
                T1:1              <= [2.06979789124854]: 'OK'
                T1:1[    0-0    ] <= [2.069797992706299]
                T1:1[    0-0    ] <= [2.069797992706299]
                T1:1              <= [2.06979789124854]: 'OK'
                T1:1              <= [2.06979789124854]: 'OK'
                T1:1[    0-0    ] <= [2.069797992706299]
                T1:1              <= [2.06979789124854]: 'OK'
                T1:1[    0-0    ] <= [2.069797992706299]
                T1:1              <= [2.06979789124854]: 'OK'
                T1:1[    0-0    ] <= [2.069797992706299]
                T1:1              <= [2.06979789124854]: 'OK'
                T1:1[    0-0    ] <= [2.069797992706299]
                T1:1              <= [2.09025872464235]: 'OK'
                T1:1[    0-0    ] <= [2.090258836746216]
                T1:1              <= [2.09025872464235]: 'OK'
                T1:1[    0-0    ] <= [2.090258836746216]
                T1:1              <= [2.09025872464235]: 'OK'
                T1:1[    0-0    ] <= [2.090258836746216]
                T1:1[    0-0    ] <= [2.090258836746216]
                T1:1              <= [2.09025872464235]: 'OK'
                T1:1              <= [2.09025872464235]: 'OK'
                T1:1[    0-0    ] <= [2.090258836746216]
                T1:1              <= [2.09025872464235]: 'OK'
                T1:1[    0-0    ] <= [2.090258836746216]
                T1:1              <= [2.09025872464235]: 'OK'
                T1:1[    0-0    ] <= [2.090258836746216]
                T1:1              <= [2.09025872464235]: 'OK'
                T1:1[    0-0    ] <= [2.090258836746216]
                T1:1              <= [2.09025872464235]: 'OK'
                T1:1[    0-0    ] <= [2.090258836746216]
                T1:1              <= [2.11279720508691]: 'OK'
                T1:1[    0-0    ] <= [2.112797260284424]
                T1:1              <= [2.11279720508691]: 'OK'
                T1:1[    0-0    ] <= [2.112797260284424]
                T1:1[    0-0    ] <= [2.112797260284424]
                T1:1              <= [2.11279720508691]: 'OK'
                T1:1              <= [2.11279720508691]: 'OK'
                T1:1[    0-0    ] <= [2.112797260284424]
                T1:1              <= [2.11279720508691]: 'OK'
                T1:1[    0-0    ] <= [2.112797260284424]
                T1:1              <= [2.11279720508691]: 'OK'
                T1:1[    0-0    ] <= [2.112797260284424]
                T1:1              <= [2.11279720508691]: 'OK'
                T1:1[    0-0    ] <= [2.112797260284424]
                T1:1              <= [2.11279720508691]: 'OK'
                T1:1[    0-0    ] <= [2.112797260284424]
                T1:1              <= [2.1353336133206]: 'OK'
                T1:1[    0-0    ] <= [2.13533353805542]
                T1:1              <= [2.1353336133206]: 'OK'
                T1:1[    0-0    ] <= [2.13533353805542]
                T1:1              <= [2.1353336133206]: 'OK'
                T1:1[    0-0    ] <= [2.13533353805542]
                T1:1              <= [2.1353336133206]: 'OK'
                T1:1[    0-0    ] <= [2.13533353805542]
                T1:1              <= [2.1353336133206]: 'OK'
                T1:1[    0-0    ] <= [2.13533353805542]
                T1:1              <= [2.1353336133206]: 'OK'
                T1:1[    0-0    ] <= [2.13533353805542]
                T1:1              <= [2.1353336133206]: 'OK'
                T1:1[    0-0    ] <= [2.13533353805542]
                T1:1              <= [2.1353336133206]: 'OK'
                T1:1[    0-0    ] <= [2.13533353805542]
------------ 
Tank Level 1 1.946992 
ITERATION 71 ------------- 
Tank Level 1 1.946992 
ITERATION 72 ------------- 
Tank Level 1 1.946992 
ITERATION 73 ------------- 
Tank Level 1 1.946992 
ITERATION 74 ------------- 
Tank Level 1 1.967465 
ITERATION 75 ------------- 
Tank Level 1 1.967465 
ITERATION 76 ------------- 
Tank Level 1 1.967465 
ITERATION 77 ------------- 
Tank Level 1 1.967465 
ITERATION 78 ------------- 
Tank Level 1 1.967465 
ITERATION 79 ------------- 
Tank Level 1 1.967465 
ITERATION 80 ------------- 
Tank Level 1 1.967465 
ITERATION 81 ------------- 
Tank Level 1 1.967465 
ITERATION 82 ------------- 
Tank Level 1 1.967465 
ITERATION 83 ------------- 
Tank Level 1 1.967465 
ITERATION 84 ------------- 
Tank Level 1 1.987935 
ITERATION 85 ------------- 
Tank Level 1 1.987935 
ITERATION 86 ------------- 
Tank Level 1 1.987935 
ITERATION 87 ------------- 
Tank Level 1 1.987935 
ITERATION 88 ------------- 
Tank Level 1 1.987935 
ITERATION 89 ------------- 
Tank Level 1 1.987935 
ITERATION 90 ------------- 
Tank Level 1 1.987935 
ITERATION 91 ------------- 
Tank Level 1 2.008404 
ITERATION 92 ------------- 
Tank Level 1 2.008404 
ITERATION 93 ------------- 
Tank Level 1 2.008404 
ITERATION 94 ------------- 
Tank Level 1 2.008404 
ITERATION 95 ------------- 
Tank Level 1 2.008404 
ITERATION 96 ------------- 
Tank Level 1 2.008404 
ITERATION 97 ------------- 
Tank Level 1 2.008404 
ITERATION 98 ------------- 
Tank Level 1 2.008404 
ITERATION 99 ------------- 
Tank Level 1 2.028870 
ITERATION 100 ------------- 
Tank Level 1 2.028870 
ITERATION 101 ------------- 
Tank Level 1 2.028870 
ITERATION 102 ------------- 
Tank Level 1 2.028870 
ITERATION 103 ------------- 
Tank Level 1 2.028870 
ITERATION 104 ------------- 
Tank Level 1 2.028870 
ITERATION 105 ------------- 
Tank Level 1 2.028870 
ITERATION 106 ------------- 
Tank Level 1 2.028870 
ITERATION 107 ------------- 
Tank Level 1 2.049335 
ITERATION 108 ------------- 
Tank Level 1 2.049335 
ITERATION 109 ------------- 
Tank Level 1 2.049335 
ITERATION 110 ------------- 
Tank Level 1 2.049335 
ITERATION 111 ------------- 
Tank Level 1 2.049335 
ITERATION 112 ------------- 
Tank Level 1 2.049335 
ITERATION 113 ------------- 
Tank Level 1 2.049335 
ITERATION 114 ------------- 
Tank Level 1 2.049335 
ITERATION 115 ------------- 
Tank Level 1 2.069798 
ITERATION 116 ------------- 
Tank Level 1 2.069798 
ITERATION 117 ------------- 
Tank Level 1 2.069798 
ITERATION 118 ------------- 
Tank Level 1 2.069798 
ITERATION 119 ------------- 
Tank Level 1 2.069798 
ITERATION 120 ------------- 
Tank Level 1 2.069798 
ITERATION 121 ------------- 
Tank Level 1 2.069798 
ITERATION 122 ------------- 
Tank Level 1 2.069798 
ITERATION 123 ------------- 
Tank Level 1 2.069798 
ITERATION 124 ------------- 
Tank Level 1 2.090259 
ITERATION 125 ------------- 
Tank Level 1 2.090259 
ITERATION 126 ------------- 
Tank Level 1 2.090259 
ITERATION 127 ------------- 
Tank Level 1 2.090259 
ITERATION 128 ------------- 
Tank Level 1 2.090259 
ITERATION 129 ------------- 
Tank Level 1 2.090259 
ITERATION 130 ------------- 
Tank Level 1 2.090259 
ITERATION 131 ------------- 
Tank Level 1 2.090259 
ITERATION 132 ------------- 
Tank Level 1 2.090259 
ITERATION 133 ------------- 
Tank Level 1 2.112797 
ITERATION 134 ------------- 
Tank Level 1 2.112797 
ITERATION 135 ------------- 
Tank Level 1 2.112797 
ITERATION 136 ------------- 
Tank Level 1 2.112797 
ITERATION 137 ------------- 
Tank Level 1 2.112797 
ITERATION 138 ------------- 
Tank Level 1 2.112797 
ITERATION 139 ------------- 
Tank Level 1 2.112797 
ITERATION 140 ------------- 
Tank Level 1 2.112797 
ITERATION 141 ------------- 
Tank Level 1 2.135334 
ITERATION 142 ------------- 
Tank Level 1 2.135334 
ITERATION 143 ------------- 
Tank Level 1 2.135334 
ITERATION 144 ------------- 
Tank Level 1 2.135334 
ITERATION 145 ------------- 
Tank Level 1 2.135334 
ITERATION 146 ------------- 
Tank Level 1 2.135334 
ITERATION 147 ------------- 
Tank Level 1 2.135334 
ITERATION 148 ------------- 
Tank Level 1 2.135334 
ITERATION 149 ------------- 
Tan                T1:1              <= [2.15786793556475]: 'OK'
                T1:1[    0-0    ] <= [2.157867908477783]
                T1:1              <= [2.15786793556475]: 'OK'
                T1:1[    0-0    ] <= [2.157867908477783]
                T1:1              <= [2.15786793556475]: 'OK'
                T1:1[    0-0    ] <= [2.157867908477783]
                T1:1              <= [2.15786793556475]: 'OK'
                T1:1[    0-0    ] <= [2.157867908477783]
                T1:1[    0-0    ] <= [2.157867908477783]
                T1:1              <= [2.15786793556475]: 'OK'
                T1:1              <= [2.15786793556475]: 'OK'
                T1:1[    0-0    ] <= [2.157867908477783]
                T1:1              <= [2.15786793556475]: 'OK'
                T1:1[    0-0    ] <= [2.157867908477783]
                T1:1[    0-0    ] <= [2.157867908477783]
                T1:1              <= [2.15786793556475]: 'OK'
                T1:1              <= [2.15786793556475]: 'OK'
                T1:1[    0-0    ] <= [2.157867908477783]
                T1:1              <= [2.18040015803405]: 'OK'
                T1:1[    0-0    ] <= [2.1804001331329346]
                T1:1              <= [2.18040015803405]: 'OK'
                T1:1[    0-0    ] <= [2.1804001331329346]
                T1:1              <= [2.18040015803405]: 'OK'
                T1:1[    0-0    ] <= [2.1804001331329346]
                T1:1              <= [2.18040015803405]: 'OK'
                T1:1[    0-0    ] <= [2.1804001331329346]
                T1:1              <= [2.18040015803405]: 'OK'
                T1:1[    0-0    ] <= [2.1804001331329346]
                T1:1              <= [2.18040015803405]: 'OK'
                T1:1[    0-0    ] <= [2.1804001331329346]
                T1:1              <= [2.18040015803405]: 'OK'
                T1:1[    0-0    ] <= [2.1804001331329346]
                T1:1              <= [2.18040015803405]: 'OK'
                T1:1[    0-0    ] <= [2.1804001331329346]
                T1:1              <= [2.18040015803405]: 'OK'
                T1:1[    0-0    ] <= [2.1804001331329346]
                T1:1              <= [2.20293026693659]: 'OK'
                T1:1[    0-0    ] <= [2.202930212020874]
                T1:1              <= [2.20293026693659]: 'OK'
                T1:1[    0-0    ] <= [2.202930212020874]
                T1:1[    0-0    ] <= [2.202930212020874]
                T1:1              <= [2.20293026693659]: 'OK'
                T1:1              <= [2.20293026693659]: 'OK'
                T1:1[    0-0    ] <= [2.202930212020874]
                T1:1              <= [2.20293026693659]: 'OK'
                T1:1[    0-0    ] <= [2.202930212020874]
                T1:1              <= [2.20293026693659]: 'OK'
                T1:1[    0-0    ] <= [2.202930212020874]
                T1:1              <= [2.20293026693659]: 'OK'
                T1:1[    0-0    ] <= [2.202930212020874]
                T1:1              <= [2.22545824847396]: 'OK'
                T1:1[    0-0    ] <= [2.2254581451416016]
                T1:1[    0-0    ] <= [2.2254581451416016]
                T1:1              <= [2.22545824847396]: 'OK'
                T1:1[    0-0    ] <= [2.2254581451416016]
                T1:1              <= [2.22545824847396]: 'OK'
                T1:1              <= [2.22545824847396]: 'OK'
                T1:1[    0-0    ] <= [2.2254581451416016]
                T1:1              <= [2.22545824847396]: 'OK'
                T1:1[    0-0    ] <= [2.2254581451416016]
                T1:1              <= [2.22545824847396]: 'OK'
                T1:1[    0-0    ] <= [2.2254581451416016]
                T1:1              <= [2.22545824847396]: 'OK'
                T1:1[    0-0    ] <= [2.2254581451416016]
                T1:1              <= [2.22545824847396]: 'OK'
                T1:1[    0-0    ] <= [2.2254581451416016]
                T1:1              <= [2.22545824847396]: 'OK'
                T1:1[    0-0    ] <= [2.2254581451416016]
                T1:1[    0-0    ] <= [2.2479841709136963]
                T1:1              <= [2.24798408884119]: 'OK'
                T1:1              <= [2.24798408884119]: 'OK'
                T1:1[    0-0    ] <= [2.2479841709136963]
                T1:1              <= [2.24798408884119]: 'OK'
                T1:1[    0-0    ] <= [2.2479841709136963]
                T1:1              <= [2.24798408884119]: 'OK'
                T1:1[    0-0    ] <= [2.2479841709136963]
                T1:1              <= [2.24798408884119]: 'OK'
                T1:1[    0-0    ] <= [2.2479841709136963]
                T1:1[    0-0    ] <= [2.2479841709136963]
                T1:1              <= [2.24798408884119]: 'OK'
                T1:1[    0-0    ] <= [2.2479841709136963]
                T1:1              <= [2.24798408884119]: 'OK'
                T1:1              <= [2.24798408884119]: 'OK'
                T1:1[    0-0    ] <= [2.2479841709136963]
                T1:1              <= [2.24798408884119]: 'OK'
                T1:1[    0-0    ] <= [2.2479841709136963]
                T1:1              <= [2.24798408884119]: 'OK'
                T1:1[    0-0    ] <= [2.2479841709136963]
                T1:1              <= [2.2705077742269]: 'OK'
                T1:1[    0-0    ] <= [2.2705078125]
                T1:1              <= [2.2705077742269]: 'OK'
                T1:1[    0-0    ] <= [2.2705078125]
                T1:1              <= [2.2705077742269]: 'OK'
                T1:1[    0-0    ] <= [2.2705078125]
                T1:1              <= [2.2705077742269]: 'OK'
                T1:1[    0-0    ] <= [2.2705078125]
                T1:1              <= [2.2705077742269]: 'OK'
                T1:1[    0-0    ] <= [2.2705078125]
                T1:1              <= [2.2705077742269]: 'OK'
                T1:1[    0-0    ] <= [2.2705078125]
                T1:1              <= [2.2705077742269]: 'OK'
                T1:1[    0-0    ] <= [2.2705078125]
                T1:1              <= [2.2705077742269]: 'OK'
                T1:1[    0-0    ] <= [2.2705078125]
                T1:1              <= [2.29302929081321]: 'OK'
                T1:1[    0-0    ] <= [2.293029308319092]
                T1:1              <= [2.29302929081321]: 'OK'
                T1:1[    0-0    ] <= [2.293029308319092]
                T1:1              <= [2.29302929081321]: 'OK'
                T1:1[    0-0    ] <= [2.293029308319092]
                T1:1              <= [2.29302929081321]: 'OK'
                T1:1[    0-0    ] <= [2.293029308319092]
                T1:1              <= [2.29302929081321]: 'OK'
                T1:1[    0-0    ] <= [2.293029308319092]
                T1:1              <= [2.29302929081321]: 'OK'
                T1:1[    0-0    ] <= [2.293029308319092]
                T1:1              <= [2.29302929081321]: 'OK'
                T1:1[    0-0    ] <= [2.293029308319092]
                T1:1              <= [2.29302929081321]: 'OK'
                T1:1[    0-0    ] <= [2.293029308319092]
                T1:1              <= [2.29302929081321]: 'OK'
                T1:1[    0-0    ] <= [2.293029308319092]
                T1:1              <= [2.31554862477579]: 'OK'
                T1:1[    0-0    ] <= [2.3155486583709717]
                T1:1              <= [2.31554862477579]: 'OK'
                T1:1[    0-0    ] <= [2.3155486583709717]
                T1:1              <= [2.31554862477579]: 'OK'
                T1:1[    0-0    ] <= [2.3155486583709717]
                T1:1              <= [2.31554862477579]: 'OK'
                T1:1[    0-0    ] <= [2.3155486583709717]
                T1:1              <= [2.31554862477579]: 'OK'
                T1:1[    0-0    ] <= [2.3155486583709717]
                T1:1[    0-0    ] <= [2.3155486583709717]
                T1:1              <= [2.31554862477579]: 'OK'
                T1:1              <= [2.31554862477579]: 'OK'
                T1:1[    0-0    ] <= [2.3155486583709717]
                T1:1              <= [2.31554862477579]: 'OK'
                T1:1[    0-0    ] <= [2.3155486583709717]
                T1:1              <= [2.31554862477579]: 'OK'
                T1:1[    0-0    ] <= [2.3155486583709717]
                T1:1              <= [2.33806576228386]: 'OK'
                T1:1[    0-0    ] <= [2.3380658626556396]
                T1:1              <= [2.33806576228386]: 'OK'
                T1:1[    0-0    ] <= [2.3380658626556396]
                T1:1              <= [2.33806576228386]: 'OK'
                T1:1[    0-0    ] <= [2.3380658626556396]
                T1:1              <= [2.33806576228386]: 'OK'
                T1:1[    0-0    ] <= [2.3380658626556396]
                T1:1              <= [2.33806576228386]: 'OK'
                T1:1[    0-0    ] <= [2.3380658626556396]
                T1:1              <= [2.33806576228386]: 'OK'
                T1:1[    0-0    ] <= [2.3380658626556396]
                T1:1[    0-0    ] <= [2.3380658626556396]
                T1:1              <= [2.33806576228386]: 'OK'
                T1:1              <= [2.33806576228386]: 'OK'
                T1:1[    0-0    ] <= [2.3380658626556396]
k Level 1 2.157868 
ITERATION 150 ------------- 
Tank Level 1 2.157868 
ITERATION 151 ------------- 
Tank Level 1 2.157868 
ITERATION 152 ------------- 
Tank Level 1 2.157868 
ITERATION 153 ------------- 
Tank Level 1 2.157868 
ITERATION 154 ------------- 
Tank Level 1 2.157868 
ITERATION 155 ------------- 
Tank Level 1 2.157868 
ITERATION 156 ------------- 
Tank Level 1 2.157868 
ITERATION 157 ------------- 
Tank Level 1 2.157868 
ITERATION 158 ------------- 
Tank Level 1 2.180400 
ITERATION 159 ------------- 
Tank Level 1 2.180400 
ITERATION 160 ------------- 
Tank Level 1 2.180400 
ITERATION 161 ------------- 
Tank Level 1 2.180400 
ITERATION 162 ------------- 
Tank Level 1 2.180400 
ITERATION 163 ------------- 
Tank Level 1 2.180400 
ITERATION 164 ------------- 
Tank Level 1 2.180400 
ITERATION 165 ------------- 
Tank Level 1 2.180400 
ITERATION 166 ------------- 
Tank Level 1 2.180400 
ITERATION 167 ------------- 
Tank Level 1 2.202930 
ITERATION 168 ------------- 
Tank Level 1 2.202930 
ITERATION 169 ------------- 
Tank Level 1 2.202930 
ITERATION 170 ------------- 
Tank Level 1 2.202930 
ITERATION 171 ------------- 
Tank Level 1 2.202930 
ITERATION 172 ------------- 
Tank Level 1 2.202930 
ITERATION 173 ------------- 
Tank Level 1 2.202930 
ITERATION 174 ------------- 
Tank Level 1 2.225458 
ITERATION 175 ------------- 
Tank Level 1 2.225458 
ITERATION 176 ------------- 
Tank Level 1 2.225458 
ITERATION 177 ------------- 
Tank Level 1 2.225458 
ITERATION 178 ------------- 
Tank Level 1 2.225458 
ITERATION 179 ------------- 
Tank Level 1 2.225458 
ITERATION 180 ------------- 
Tank Level 1 2.225458 
ITERATION 181 ------------- 
Tank Level 1 2.225458 
ITERATION 182 ------------- 
Tank Level 1 2.225458 
ITERATION 183 ------------- 
Tank Level 1 2.247984 
ITERATION 184 ------------- 
Tank Level 1 2.247984 
ITERATION 185 ------------- 
Tank Level 1 2.247984 
ITERATION 186 ------------- 
Tank Level 1 2.247984 
ITERATION 187 ------------- 
Tank Level 1 2.247984 
ITERATION 188 ------------- 
Tank Level 1 2.247984 
ITERATION 189 ------------- 
Tank Level 1 2.247984 
ITERATION 190 ------------- 
Tank Level 1 2.247984 
ITERATION 191 ------------- 
Tank Level 1 2.247984 
ITERATION 192 ------------- 
Tank Level 1 2.247984 
ITERATION 193 ------------- 
Tank Level 1 2.270508 
ITERATION 194 ------------- 
Tank Level 1 2.270508 
ITERATION 195 ------------- 
Tank Level 1 2.270508 
ITERATION 196 ------------- 
Tank Level 1 2.270508 
ITERATION 197 ------------- 
Tank Level 1 2.270508 
ITERATION 198 ------------- 
Tank Level 1 2.270508 
ITERATION 199 ------------- 
Tank Level 1 2.270508 
ITERATION 200 ------------- 
Tank Level 1 2.270508 
ITERATION 201 ------------- 
Tank Level 1 2.293029 
ITERATION 202 ------------- 
Tank Level 1 2.293029 
ITERATION 203 ------------- 
Tank Level 1 2.293029 
ITERATION 204 ------------- 
Tank Level 1 2.293029 
ITERATION 205 ------------- 
Tank Level 1 2.293029 
ITERATION 206 ------------- 
Tank Level 1 2.293029 
ITERATION 207 ------------- 
Tank Level 1 2.293029 
ITERATION 208 ------------- 
Tank Level 1 2.293029 
ITERATION 209 ------------- 
Tank Level 1 2.293029 
ITERATION 210 ------------- 
Tank Level 1 2.315549 
ITERATION 211 ------------- 
Tank Level 1 2.315549 
ITERATION 212 ------------- 
Tank Level 1 2.315549 
ITERATION 213 ------------- 
Tank Level 1 2.315549 
ITERATION 214 ------------- 
Tank Level 1 2.315549 
ITERATION 215 ------------- 
Tank Level 1 2.315549 
ITERATION 216 ------------- 
Tank Level 1 2.315549 
ITERATION 217 ------------- 
Tank Level 1 2.315549 
ITERATION 218 ------------- 
Tank Level 1 2.315549 
ITERATION 219 ------------- 
Tank Level 1 2.338066 
ITERATION 220 ------------- 
Tank Level 1 2.338066 
ITERATION 221 ------------- 
Tank Level 1 2.338066 
ITERATION 222 ------------- 
Tank Level 1 2.338066 
ITERATION 223 ------------- 
Tank Level 1 2.338066 
ITERATION 224 ------------- 
Tank Level 1 2.338066 
ITERATION 225 ------------- 
Tank Level 1 2.338066 
ITERATION 226 ------------- 
Tank Level 1 2.338066 
ITERATION 227 ------------- 
Tank Level 1 2.365846 
ITERATION 228 ------                T1:1              <= [2.36584569755671]: 'OK'
                T1:1[    0-0    ] <= [2.3658456802368164]
                T1:1              <= [2.36584569755671]: 'OK'
                T1:1[    0-0    ] <= [2.3658456802368164]
                T1:1              <= [2.36584569755671]: 'OK'
                T1:1[    0-0    ] <= [2.3658456802368164]
                T1:1              <= [2.36584569755671]: 'OK'
                T1:1[    0-0    ] <= [2.3658456802368164]
                T1:1              <= [2.36584569755671]: 'OK'
                T1:1[    0-0    ] <= [2.3658456802368164]
                T1:1              <= [2.36584569755671]: 'OK'
                T1:1[    0-0    ] <= [2.3658456802368164]
                T1:1              <= [2.36584569755671]: 'OK'
                T1:1[    0-0    ] <= [2.3658456802368164]
                T1:1              <= [2.36584569755671]: 'OK'
                T1:1[    0-0    ] <= [2.3658456802368164]
                T1:1              <= [2.39744129403283]: 'OK'
                T1:1[    0-0    ] <= [2.3974413871765137]
                T1:1              <= [2.39744129403283]: 'OK'
                T1:1[    0-0    ] <= [2.3974413871765137]
                T1:1              <= [2.39744129403283]: 'OK'
                T1:1[    0-0    ] <= [2.3974413871765137]
                T1:1              <= [2.39744129403283]: 'OK'
                T1:1[    0-0    ] <= [2.3974413871765137]
                T1:1              <= [2.39744129403283]: 'OK'
                T1:1[    0-0    ] <= [2.3974413871765137]
                T1:1              <= [2.39744129403283]: 'OK'
                T1:1[    0-0    ] <= [2.3974413871765137]
                T1:1              <= [2.39744129403283]: 'OK'
                T1:1[    0-0    ] <= [2.3974413871765137]
                T1:1              <= [2.39744129403283]: 'OK'
                T1:1[    0-0    ] <= [2.3974413871765137]
                T1:1              <= [2.39744129403283]: 'OK'
                T1:1[    0-0    ] <= [2.3974413871765137]
                T1:1              <= [2.42901893876248]: 'OK'
                T1:1[    0-0    ] <= [2.429018974304199]
                T1:1[    0-0    ] <= [2.429018974304199]
                T1:1              <= [2.42901893876248]: 'OK'
                T1:1              <= [2.42901893876248]: 'OK'
                T1:1[    0-0    ] <= [2.429018974304199]
                T1:1              <= [2.42901893876248]: 'OK'
                T1:1[    0-0    ] <= [2.429018974304199]
                T1:1              <= [2.42901893876248]: 'OK'
                T1:1[    0-0    ] <= [2.429018974304199]
                T1:1              <= [2.42901893876248]: 'OK'
                T1:1[    0-0    ] <= [2.429018974304199]
                T1:1              <= [2.42901893876248]: 'OK'
                T1:1[    0-0    ] <= [2.429018974304199]
                T1:1[    0-0    ] <= [2.429018974304199]
                T1:1              <= [2.42901893876248]: 'OK'
                T1:1              <= [2.46057863714215]: 'OK'
                T1:1[    0-0    ] <= [2.460578680038452]
                T1:1              <= [2.46057863714215]: 'OK'
                T1:1[    0-0    ] <= [2.460578680038452]
                T1:1              <= [2.46057863714215]: 'OK'
                T1:1[    0-0    ] <= [2.460578680038452]
                T1:1              <= [2.46057863714215]: 'OK'
                T1:1[    0-0    ] <= [2.460578680038452]
                T1:1              <= [2.46057863714215]: 'OK'
                T1:1[    0-0    ] <= [2.460578680038452]
                T1:1              <= [2.46057863714215]: 'OK'
                T1:1[    0-0    ] <= [2.460578680038452]
                T1:1              <= [2.46057863714215]: 'OK'
                T1:1[    0-0    ] <= [2.460578680038452]
                T1:1              <= [2.46057863714215]: 'OK'
                T1:1[    0-0    ] <= [2.460578680038452]
                T1:1              <= [2.46057863714215]: 'OK'
                T1:1[    0-0    ] <= [2.460578680038452]
                T1:1              <= [2.49212039456721]: 'OK'
                T1:1[    0-0    ] <= [2.4921205043792725]
                T1:1              <= [2.49212039456721]: 'OK'
                T1:1[    0-0    ] <= [2.4921205043792725]
                T1:1              <= [2.49212039456721]: 'OK'
                T1:1[    0-0    ] <= [2.4921205043792725]
                T1:1              <= [2.49212039456721]: 'OK'
                T1:1[    0-0    ] <= [2.4921205043792725]
                T1:1              <= [2.49212039456721]: 'OK'
                T1:1[    0-0    ] <= [2.4921205043792725]
                T1:1              <= [2.49212039456721]: 'OK'
                T1:1[    0-0    ] <= [2.4921205043792725]
                T1:1              <= [2.49212039456721]: 'OK'
                T1:1[    0-0    ] <= [2.4921205043792725]
                T1:1[    0-0    ] <= [2.4921205043792725]
                T1:1              <= [2.49212039456721]: 'OK'
                T1:1              <= [2.49212039456721]: 'OK'
                T1:1[    0-0    ] <= [2.4921205043792725]
                T1:1              <= [2.523644216432]: 'OK'
                T1:1[    0-0    ] <= [2.523644208908081]
                T1:1              <= [2.523644216432]: 'OK'
                T1:1[    0-0    ] <= [2.523644208908081]
                T1:1              <= [2.523644216432]: 'OK'
                T1:1[    0-0    ] <= [2.523644208908081]
                T1:1              <= [2.523644216432]: 'OK'
                T1:1[    0-0    ] <= [2.523644208908081]
                T1:1              <= [2.523644216432]: 'OK'
                T1:1[    0-0    ] <= [2.523644208908081]
                T1:1              <= [2.523644216432]: 'OK'
                T1:1[    0-0    ] <= [2.523644208908081]
                T1:1              <= [2.523644216432]: 'OK'
                T1:1[    0-0    ] <= [2.523644208908081]
                T1:1              <= [2.523644216432]: 'OK'
                T1:1[    0-0    ] <= [2.523644208908081]
                T1:1              <= [2.523644216432]: 'OK'
                T1:1[    0-0    ] <= [2.523644208908081]
                T1:1              <= [2.55515010812995]: 'OK'
                T1:1[    0-0    ] <= [2.555150032043457]
                T1:1[    0-0    ] <= [2.555150032043457]
                T1:1              <= [2.55515010812995]: 'OK'
                T1:1              <= [2.55515010812995]: 'OK'
                T1:1[    0-0    ] <= [2.555150032043457]
                T1:1              <= [2.55515010812995]: 'OK'
                T1:1[    0-0    ] <= [2.555150032043457]
                T1:1[    0-0    ] <= [2.555150032043457]
                T1:1              <= [2.55515010812995]: 'OK'
                T1:1              <= [2.55515010812995]: 'OK'
                T1:1[    0-0    ] <= [2.555150032043457]
                T1:1              <= [2.55515010812995]: 'OK'
                T1:1[    0-0    ] <= [2.555150032043457]
                T1:1[    0-0    ] <= [2.555150032043457]
                T1:1              <= [2.55515010812995]: 'OK'
                T1:1[    0-0    ] <= [2.555150032043457]
                T1:1              <= [2.55515010812995]: 'OK'
                T1:1              <= [2.55515010812995]: 'OK'
                T1:1[    0-0    ] <= [2.555150032043457]
                T1:1              <= [2.58663807505364]: 'OK'
                T1:1[    0-0    ] <= [2.5866379737854004]
                T1:1              <= [2.58663807505364]: 'OK'
                T1:1[    0-0    ] <= [2.5866379737854004]
                T1:1              <= [2.58663807505364]: 'OK'
                T1:1[    0-0    ] <= [2.5866379737854004]
                T1:1              <= [2.58663807505364]: 'OK'
                T1:1[    0-0    ] <= [2.5866379737854004]
                T1:1              <= [2.58663807505364]: 'OK'
                T1:1[    0-0    ] <= [2.5866379737854004]
                T1:1              <= [2.58663807505364]: 'OK'
                T1:1[    0-0    ] <= [2.5866379737854004]
                T1:1              <= [2.58663807505364]: 'OK'
                T1:1[    0-0    ] <= [2.5866379737854004]
                T1:1[    0-0    ] <= [2.5866379737854004]
                T1:1              <= [2.58663807505364]: 'OK'
                T1:1              <= [2.58663807505364]: 'OK'
                T1:1[    0-0    ] <= [2.5866379737854004]
                T1:1              <= [2.58663807505364]: 'OK'
                T1:1[    0-0    ] <= [2.5866379737854004]
                T1:1              <= [2.58663807505364]: 'OK'
                T1:1[    0-0    ] <= [2.5866379737854004]
                T1:1              <= [2.58663807505364]: 'OK'
                T1:1[    0-0    ] <= [2.5866379737854004]
                T1:1              <= [2.58663807505364]: 'OK'
                T1:1[    0-0    ] <= [2.5866379737854004]
                T1:1              <= [2.61076511150199]: 'OK'
                T1:1[    0-0    ] <= [2.610765218734741]
                T1:1              <= [2.61076511150199]: 'OK'
                T1:1[    0-0    ] <= [2.610765218734741]
                T1:1              <= [2.61076511150199]: 'OK'
                T1:1[    0-0    ] <= [2.610765218734741]
                T1:1              <= [2.61076511150199]: 'OK'
                T1:1[    0-0    ] <= [2.610765218734741]
------- 
Tank Level 1 2.365846 
ITERATION 229 ------------- 
Tank Level 1 2.365846 
ITERATION 230 ------------- 
Tank Level 1 2.365846 
ITERATION 231 ------------- 
Tank Level 1 2.365846 
ITERATION 232 ------------- 
Tank Level 1 2.365846 
ITERATION 233 ------------- 
Tank Level 1 2.365846 
ITERATION 234 ------------- 
Tank Level 1 2.365846 
ITERATION 235 ------------- 
Tank Level 1 2.397441 
ITERATION 236 ------------- 
Tank Level 1 2.397441 
ITERATION 237 ------------- 
Tank Level 1 2.397441 
ITERATION 238 ------------- 
Tank Level 1 2.397441 
ITERATION 239 ------------- 
Tank Level 1 2.397441 
ITERATION 240 ------------- 
Tank Level 1 2.397441 
ITERATION 241 ------------- 
Tank Level 1 2.397441 
ITERATION 242 ------------- 
Tank Level 1 2.397441 
ITERATION 243 ------------- 
Tank Level 1 2.397441 
ITERATION 244 ------------- 
Tank Level 1 2.429019 
ITERATION 245 ------------- 
Tank Level 1 2.429019 
ITERATION 246 ------------- 
Tank Level 1 2.429019 
ITERATION 247 ------------- 
Tank Level 1 2.429019 
ITERATION 248 ------------- 
Tank Level 1 2.429019 
ITERATION 249 ------------- 
Tank Level 1 2.429019 
ITERATION 250 ------------- 
Tank Level 1 2.429019 
ITERATION 251 ------------- 
Tank Level 1 2.429019 
ITERATION 252 ------------- 
Tank Level 1 2.460579 
ITERATION 253 ------------- 
Tank Level 1 2.460579 
ITERATION 254 ------------- 
Tank Level 1 2.460579 
ITERATION 255 ------------- 
Tank Level 1 2.460579 
ITERATION 256 ------------- 
Tank Level 1 2.460579 
ITERATION 257 ------------- 
Tank Level 1 2.460579 
ITERATION 258 ------------- 
Tank Level 1 2.460579 
ITERATION 259 ------------- 
Tank Level 1 2.460579 
ITERATION 260 ------------- 
Tank Level 1 2.460579 
ITERATION 261 ------------- 
Tank Level 1 2.492120 
ITERATION 262 ------------- 
Tank Level 1 2.492120 
ITERATION 263 ------------- 
Tank Level 1 2.492120 
ITERATION 264 ------------- 
Tank Level 1 2.492120 
ITERATION 265 ------------- 
Tank Level 1 2.492120 
ITERATION 266 ------------- 
Tank Level 1 2.492120 
ITERATION 267 ------------- 
Tank Level 1 2.492120 
ITERATION 268 ------------- 
Tank Level 1 2.492120 
ITERATION 269 ------------- 
Tank Level 1 2.492120 
ITERATION 270 ------------- 
Tank Level 1 2.523644 
ITERATION 271 ------------- 
Tank Level 1 2.523644 
ITERATION 272 ------------- 
Tank Level 1 2.523644 
ITERATION 273 ------------- 
Tank Level 1 2.523644 
ITERATION 274 ------------- 
Tank Level 1 2.523644 
ITERATION 275 ------------- 
Tank Level 1 2.523644 
ITERATION 276 ------------- 
Tank Level 1 2.523644 
ITERATION 277 ------------- 
Tank Level 1 2.523644 
ITERATION 278 ------------- 
Tank Level 1 2.523644 
ITERATION 279 ------------- 
Tank Level 1 2.555150 
ITERATION 280 ------------- 
Tank Level 1 2.555150 
ITERATION 281 ------------- 
Tank Level 1 2.555150 
ITERATION 282 ------------- 
Tank Level 1 2.555150 
ITERATION 283 ------------- 
Tank Level 1 2.555150 
ITERATION 284 ------------- 
Tank Level 1 2.555150 
ITERATION 285 ------------- 
Tank Level 1 2.555150 
ITERATION 286 ------------- 
Tank Level 1 2.555150 
ITERATION 287 ------------- 
Tank Level 1 2.555150 
ITERATION 288 ------------- 
Tank Level 1 2.555150 
ITERATION 289 ------------- 
Tank Level 1 2.586638 
ITERATION 290 ------------- 
Tank Level 1 2.586638 
ITERATION 291 ------------- 
Tank Level 1 2.586638 
ITERATION 292 ------------- 
Tank Level 1 2.586638 
ITERATION 293 ------------- 
Tank Level 1 2.586638 
ITERATION 294 ------------- 
Tank Level 1 2.586638 
ITERATION 295 ------------- 
Tank Level 1 2.586638 
ITERATION 296 ------------- 
Tank Level 1 2.586638 
ITERATION 297 ------------- 
Tank Level 1 2.586638 
ITERATION 298 ------------- 
Tank Level 1 2.586638 
ITERATION 299 ------------- 
Tank Level 1 2.586638 
ITERATION 300 ------------- 
Tank Level 1 2.586638 
ITERATION 301 ------------- 
Tank Level 1 2.586638 
ITERATION 302 ------------- 
Tank Level 1 2.610765 
ITERATION 303 ------------- 
Tank Level 1 2.610765 
ITERATION 304 ------------- 
Tank Level 1 2.610765 
ITERATION 305 ------------- 
Tank Level 1 2.610765 
ITERATION 306 ------------- 
Tank Level 1 2.610765 
ITERATIO                T1:1              <= [2.61076511150199]: 'OK'
                T1:1[    0-0    ] <= [2.610765218734741]
                T1:1              <= [2.61076511150199]: 'OK'
                T1:1[    0-0    ] <= [2.610765218734741]
                T1:1              <= [2.61076511150199]: 'OK'
                T1:1[    0-0    ] <= [2.610765218734741]
                T1:1              <= [2.61076511150199]: 'OK'
                T1:1[    0-0    ] <= [2.610765218734741]
                T1:1              <= [2.61076511150199]: 'OK'
                T1:1[    0-0    ] <= [2.610765218734741]
                T1:1              <= [2.61076511150199]: 'OK'
                T1:1[    0-0    ] <= [2.610765218734741]
                T1:1[    0-0    ] <= [2.6199193000793457]
                T1:1              <= [2.61991937665744]: 'OK'
                T1:1              <= [2.61991937665744]: 'OK'
                T1:1[    0-0    ] <= [2.6199193000793457]
                T1:1              <= [2.61991937665744]: 'OK'
                T1:1[    0-0    ] <= [2.6199193000793457]
                T1:1[    0-0    ] <= [2.6199193000793457]
                T1:1              <= [2.61991937665744]: 'OK'
                T1:1              <= [2.61991937665744]: 'OK'
                T1:1[    0-0    ] <= [2.6199193000793457]
                T1:1              <= [2.61991937665744]: 'OK'
                T1:1[    0-0    ] <= [2.6199193000793457]
                T1:1              <= [2.61991937665744]: 'OK'
                T1:1[    0-0    ] <= [2.6199193000793457]
                T1:1              <= [2.61991937665744]: 'OK'
                T1:1[    0-0    ] <= [2.6199193000793457]
                T1:1              <= [2.61991937665744]: 'OK'
                T1:1[    0-0    ] <= [2.6199193000793457]
                T1:1              <= [2.61991937665744]: 'OK'
                T1:1[    0-0    ] <= [2.6199193000793457]
                T1:1              <= [2.61991937665744]: 'OK'
                T1:1[    0-0    ] <= [2.6199193000793457]
                T1:1              <= [2.65914558573067]: 'OK'
                T1:1[    0-0    ] <= [2.6591455936431885]
                T1:1              <= [2.65914558573067]: 'OK'
                T1:1[    0-0    ] <= [2.6591455936431885]
                T1:1              <= [2.65914558573067]: 'OK'
                T1:1[    0-0    ] <= [2.6591455936431885]
                T1:1              <= [2.65914558573067]: 'OK'
                T1:1[    0-0    ] <= [2.6591455936431885]
                T1:1              <= [2.65914558573067]: 'OK'
                T1:1[    0-0    ] <= [2.6591455936431885]
                T1:1              <= [2.65914558573067]: 'OK'
                T1:1[    0-0    ] <= [2.6591455936431885]
                T1:1              <= [2.65914558573067]: 'OK'
                T1:1[    0-0    ] <= [2.6591455936431885]
                T1:1              <= [2.65914558573067]: 'OK'
                T1:1[    0-0    ] <= [2.6591455936431885]
                T1:1              <= [2.65914558573067]: 'OK'
                T1:1[    0-0    ] <= [2.6591455936431885]
                T1:1              <= [2.70197560114288]: 'OK'
                T1:1[    0-0    ] <= [2.7019755840301514]
                T1:1              <= [2.70197560114288]: 'OK'
                T1:1[    0-0    ] <= [2.7019755840301514]
                T1:1              <= [2.70197560114288]: 'OK'
                T1:1[    0-0    ] <= [2.7019755840301514]
                T1:1              <= [2.70197560114288]: 'OK'
                T1:1[    0-0    ] <= [2.7019755840301514]
                T1:1              <= [2.70197560114288]: 'OK'
                T1:1[    0-0    ] <= [2.7019755840301514]
                T1:1              <= [2.70197560114288]: 'OK'
                T1:1[    0-0    ] <= [2.7019755840301514]
                T1:1              <= [2.70197560114288]: 'OK'
                T1:1[    0-0    ] <= [2.7019755840301514]
                T1:1              <= [2.70197560114288]: 'OK'
                T1:1[    0-0    ] <= [2.7019755840301514]
                T1:1              <= [2.70197560114288]: 'OK'
                T1:1[    0-0    ] <= [2.7019755840301514]
                T1:1              <= [2.74477559396723]: 'OK'
                T1:1[    0-0    ] <= [2.7447755336761475]
                T1:1[    0-0    ] <= [2.7447755336761475]
                T1:1              <= [2.74477559396723]: 'OK'
                T1:1              <= [2.74477559396723]: 'OK'
                T1:1[    0-0    ] <= [2.7447755336761475]
                T1:1              <= [2.74477559396723]: 'OK'
                T1:1[    0-0    ] <= [2.7447755336761475]
                T1:1              <= [2.74477559396723]: 'OK'
                T1:1[    0-0    ] <= [2.7447755336761475]
                T1:1              <= [2.74477559396723]: 'OK'
                T1:1[    0-0    ] <= [2.7447755336761475]
                T1:1              <= [2.74477559396723]: 'OK'
                T1:1[    0-0    ] <= [2.7447755336761475]
                T1:1              <= [2.74477559396723]: 'OK'
                T1:1[    0-0    ] <= [2.7447755336761475]
                T1:1              <= [2.74477559396723]: 'OK'
                T1:1[    0-0    ] <= [2.7447755336761475]
                T1:1              <= [2.78754557482048]: 'OK'
                T1:1[    0-0    ] <= [2.787545680999756]
                T1:1[    0-0    ] <= [2.787545680999756]
                T1:1              <= [2.78754557482048]: 'OK'
                T1:1              <= [2.78754557482048]: 'OK'
                T1:1[    0-0    ] <= [2.787545680999756]
                T1:1              <= [2.78754557482048]: 'OK'
                T1:1[    0-0    ] <= [2.787545680999756]
                T1:1              <= [2.78754557482048]: 'OK'
                T1:1[    0-0    ] <= [2.787545680999756]
                T1:1              <= [2.78754557482048]: 'OK'
                T1:1[    0-0    ] <= [2.787545680999756]
                T1:1              <= [2.78754557482048]: 'OK'
                T1:1[    0-0    ] <= [2.787545680999756]
                T1:1[    0-0    ] <= [2.787545680999756]
                T1:1              <= [2.78754557482048]: 'OK'
                T1:1              <= [2.78754557482048]: 'OK'
                T1:1[    0-0    ] <= [2.787545680999756]
                T1:1              <= [2.83076356404908]: 'OK'
                T1:1[    0-0    ] <= [2.830763578414917]
                T1:1              <= [2.83076356404908]: 'OK'
                T1:1[    0-0    ] <= [2.830763578414917]
                T1:1[    0-0    ] <= [2.830763578414917]
                T1:1              <= [2.83076356404908]: 'OK'
                T1:1              <= [2.83076356404908]: 'OK'
                T1:1[    0-0    ] <= [2.830763578414917]
                T1:1[    0-0    ] <= [2.830763578414917]
                T1:1              <= [2.83076356404908]: 'OK'
                T1:1              <= [2.83076356404908]: 'OK'
                T1:1[    0-0    ] <= [2.830763578414917]
                T1:1              <= [2.83076356404908]: 'OK'
                T1:1[    0-0    ] <= [2.830763578414917]
                T1:1              <= [2.83076356404908]: 'OK'
                T1:1[    0-0    ] <= [2.830763578414917]
                T1:1              <= [2.83076356404908]: 'OK'
                T1:1[    0-0    ] <= [2.830763578414917]
                T1:1              <= [2.87395153204344]: 'OK'
                T1:1[    0-0    ] <= [2.8739514350891113]
                T1:1              <= [2.87395153204344]: 'OK'
                T1:1[    0-0    ] <= [2.8739514350891113]
                T1:1              <= [2.87395153204344]: 'OK'
                T1:1[    0-0    ] <= [2.8739514350891113]
                T1:1              <= [2.87395153204344]: 'OK'
                T1:1[    0-0    ] <= [2.8739514350891113]
                T1:1              <= [2.87395153204344]: 'OK'
                T1:1[    0-0    ] <= [2.8739514350891113]
                T1:1              <= [2.87395153204344]: 'OK'
                T1:1[    0-0    ] <= [2.8739514350891113]
                T1:1              <= [2.87395153204344]: 'OK'
                T1:1[    0-0    ] <= [2.8739514350891113]
                T1:1[    0-0    ] <= [2.8739514350891113]
                T1:1              <= [2.87395153204344]: 'OK'
                T1:1              <= [2.87395153204344]: 'OK'
                T1:1[    0-0    ] <= [2.8739514350891113]
                T1:1              <= [2.91710948919294]: 'OK'
                T1:1[    0-0    ] <= [2.917109489440918]
                T1:1              <= [2.91710948919294]: 'OK'
                T1:1[    0-0    ] <= [2.917109489440918]
                T1:1[    0-0    ] <= [2.917109489440918]
                T1:1              <= [2.91710948919294]: 'OK'
                T1:1              <= [2.91710948919294]: 'OK'
                T1:1[    0-0    ] <= [2.917109489440918]
                T1:1              <= [2.91710948919294]: 'OK'
                T1:1[    0-0    ] <= [2.917109489440918]
                T1:1              <= [2.91710948919294]: 'OK'
                T1:1[    0-0    ] <= [2.917109489440918]
                T1:1              <= [2.91710948919294]: 'OK'
                T1:1[    0-0    ] <= [2.917109489440918]
                T1:1              <= [2.91710948919294]: 'OK'
                T1:1[    0-0    ] <= [2.917109489440918]
N 307 ------------- 
Tank Level 1 2.610765 
ITERATION 308 ------------- 
Tank Level 1 2.610765 
ITERATION 309 ------------- 
Tank Level 1 2.610765 
ITERATION 310 ------------- 
Tank Level 1 2.610765 
ITERATION 311 ------------- 
Tank Level 1 2.610765 
ITERATION 312 ------------- 
Tank Level 1 2.619919 
ITERATION 313 ------------- 
Tank Level 1 2.619919 
ITERATION 314 ------------- 
Tank Level 1 2.619919 
ITERATION 315 ------------- 
Tank Level 1 2.619919 
ITERATION 316 ------------- 
Tank Level 1 2.619919 
ITERATION 317 ------------- 
Tank Level 1 2.619919 
ITERATION 318 ------------- 
Tank Level 1 2.619919 
ITERATION 319 ------------- 
Tank Level 1 2.619919 
ITERATION 320 ------------- 
Tank Level 1 2.619919 
ITERATION 321 ------------- 
Tank Level 1 2.619919 
ITERATION 322 ------------- 
Tank Level 1 2.619919 
ITERATION 323 ------------- 
Tank Level 1 2.659146 
ITERATION 324 ------------- 
Tank Level 1 2.659146 
ITERATION 325 ------------- 
Tank Level 1 2.659146 
ITERATION 326 ------------- 
Tank Level 1 2.659146 
ITERATION 327 ------------- 
Tank Level 1 2.659146 
ITERATION 328 ------------- 
Tank Level 1 2.659146 
ITERATION 329 ------------- 
Tank Level 1 2.659146 
ITERATION 330 ------------- 
Tank Level 1 2.659146 
ITERATION 331 ------------- 
Tank Level 1 2.659146 
ITERATION 332 ------------- 
Tank Level 1 2.701976 
ITERATION 333 ------------- 
Tank Level 1 2.701976 
ITERATION 334 ------------- 
Tank Level 1 2.701976 
ITERATION 335 ------------- 
Tank Level 1 2.701976 
ITERATION 336 ------------- 
Tank Level 1 2.701976 
ITERATION 337 ------------- 
Tank Level 1 2.701976 
ITERATION 338 ------------- 
Tank Level 1 2.701976 
ITERATION 339 ------------- 
Tank Level 1 2.701976 
ITERATION 340 ------------- 
Tank Level 1 2.701976 
ITERATION 341 ------------- 
Tank Level 1 2.744776 
ITERATION 342 ------------- 
Tank Level 1 2.744776 
ITERATION 343 ------------- 
Tank Level 1 2.744776 
ITERATION 344 ------------- 
Tank Level 1 2.744776 
ITERATION 345 ------------- 
Tank Level 1 2.744776 
ITERATION 346 ------------- 
Tank Level 1 2.744776 
ITERATION 347 ------------- 
Tank Level 1 2.744776 
ITERATION 348 ------------- 
Tank Level 1 2.744776 
ITERATION 349 ------------- 
Tank Level 1 2.744776 
ITERATION 350 ------------- 
Tank Level 1 2.787546 
ITERATION 351 ------------- 
Tank Level 1 2.787546 
ITERATION 352 ------------- 
Tank Level 1 2.787546 
ITERATION 353 ------------- 
Tank Level 1 2.787546 
ITERATION 354 ------------- 
Tank Level 1 2.787546 
ITERATION 355 ------------- 
Tank Level 1 2.787546 
ITERATION 356 ------------- 
Tank Level 1 2.787546 
ITERATION 357 ------------- 
Tank Level 1 2.787546 
ITERATION 358 ------------- 
Tank Level 1 2.787546 
ITERATION 359 ------------- 
Tank Level 1 2.830764 
ITERATION 360 ------------- 
Tank Level 1 2.830764 
ITERATION 361 ------------- 
Tank Level 1 2.830764 
ITERATION 362 ------------- 
Tank Level 1 2.830764 
ITERATION 363 ------------- 
Tank Level 1 2.830764 
ITERATION 364 ------------- 
Tank Level 1 2.830764 
ITERATION 365 ------------- 
Tank Level 1 2.830764 
ITERATION 366 ------------- 
Tank Level 1 2.830764 
ITERATION 367 ------------- 
Tank Level 1 2.830764 
ITERATION 368 ------------- 
Tank Level 1 2.873952 
ITERATION 369 ------------- 
Tank Level 1 2.873952 
ITERATION 370 ------------- 
Tank Level 1 2.873952 
ITERATION 371 ------------- 
Tank Level 1 2.873952 
ITERATION 372 ------------- 
Tank Level 1 2.873952 
ITERATION 373 ------------- 
Tank Level 1 2.873952 
ITERATION 374 ------------- 
Tank Level 1 2.873952 
ITERATION 375 ------------- 
Tank Level 1 2.873952 
ITERATION 376 ------------- 
Tank Level 1 2.873952 
ITERATION 377 ------------- 
Tank Level 1 2.917109 
ITERATION 378 ------------- 
Tank Level 1 2.917109 
ITERATION 379 ------------- 
Tank Level 1 2.917109 
ITERATION 380 ------------- 
Tank Level 1 2.917109 
ITERATION 381 ------------- 
Tank Level 1 2.917109 
ITERATION 382 ------------- 
Tank Level 1 2.917109 
ITERATION 383 ------------- 
Tank Level 1 2.917109 
ITERATION 384 ------------- 
Tank Level 1 2.917109 
ITERATION 385 ------------- 
Tank Level 1 2.9602                T1:1              <= [2.96023744588302]: 'OK'
                T1:1[    0-0    ] <= [2.960237503051758]
                T1:1              <= [2.96023744588302]: 'OK'
                T1:1[    0-0    ] <= [2.960237503051758]
                T1:1              <= [2.96023744588302]: 'OK'
                T1:1[    0-0    ] <= [2.960237503051758]
                T1:1              <= [2.96023744588302]: 'OK'
                T1:1[    0-0    ] <= [2.960237503051758]
                T1:1              <= [2.96023744588302]: 'OK'
                T1:1[    0-0    ] <= [2.960237503051758]
                T1:1[    0-0    ] <= [2.960237503051758]
                T1:1              <= [2.96023744588302]: 'OK'
                T1:1              <= [2.96023744588302]: 'OK'
                T1:1[    0-0    ] <= [2.960237503051758]
                T1:1              <= [2.96023744588302]: 'OK'
                T1:1[    0-0    ] <= [2.960237503051758]
                T1:1              <= [2.96023744588302]: 'OK'
                T1:1[    0-0    ] <= [2.960237503051758]
                T1:1              <= [3.0033354124953]: 'OK'
                T1:1[    0-0    ] <= [3.003335475921631]
                T1:1              <= [3.0033354124953]: 'OK'
                T1:1[    0-0    ] <= [3.003335475921631]
                T1:1[    0-0    ] <= [3.003335475921631]
                T1:1              <= [3.0033354124953]: 'OK'
                T1:1              <= [3.0033354124953]: 'OK'
                T1:1[    0-0    ] <= [3.003335475921631]
                T1:1              <= [3.0033354124953]: 'OK'
                T1:1[    0-0    ] <= [3.003335475921631]
                T1:1              <= [3.0033354124953]: 'OK'
                T1:1[    0-0    ] <= [3.003335475921631]
                T1:1              <= [3.0033354124953]: 'OK'
                T1:1[    0-0    ] <= [3.003335475921631]
                T1:1              <= [3.0033354124953]: 'OK'
                T1:1[    0-0    ] <= [3.003335475921631]
                T1:1              <= [3.04640339940777]: 'OK'
                T1:1[    0-0    ] <= [3.046403408050537]
                T1:1              <= [3.04640339940777]: 'OK'
                T1:1[    0-0    ] <= [3.046403408050537]
                T1:1              <= [3.04640339940777]: 'OK'
                T1:1[    0-0    ] <= [3.046403408050537]
                T1:1              <= [3.04640339940777]: 'OK'
                T1:1[    0-0    ] <= [3.046403408050537]
                T1:1              <= [3.04640339940777]: 'OK'
                T1:1[    0-0    ] <= [3.046403408050537]
                T1:1              <= [3.04640339940777]: 'OK'
                T1:1[    0-0    ] <= [3.046403408050537]
                T1:1              <= [3.04640339940777]: 'OK'
                T1:1[    0-0    ] <= [3.046403408050537]
                T1:1              <= [3.04640339940777]: 'OK'
                T1:1[    0-0    ] <= [3.046403408050537]
                T1:1[    0-0    ] <= [3.046403408050537]
                T1:1              <= [3.04640339940777]: 'OK'
                T1:1              <= [3.04640339940777]: 'OK'
                T1:1[    0-0    ] <= [3.046403408050537]
                T1:1[    0-0    ] <= [3.046403408050537]
                T1:1              <= [3.04640339940777]: 'OK'
                T1:1              <= [3.04640339940777]: 'OK'
                T1:1[    0-0    ] <= [3.046403408050537]
                T1:1              <= [3.04640339940777]: 'OK'
                T1:1[    0-0    ] <= [3.046403408050537]
                T1:1              <= [3.04640339940777]: 'OK'
                T1:1[    0-0    ] <= [3.046403408050537]
                T1:1              <= [3.04640339940777]: 'OK'
                T1:1[    0-0    ] <= [3.046403408050537]
                T1:1              <= [3.04640339940777]: 'OK'
                T1:1[    0-0    ] <= [3.046403408050537]
                T1:1              <= [3.04640339940777]: 'OK'
                T1:1[    0-0    ] <= [3.046403408050537]
                T1:1              <= [3.04640339940777]: 'OK'
                T1:1[    0-0    ] <= [3.046403408050537]
                T1:1              <= [3.04640339940777]: 'OK'
                T1:1[    0-0    ] <= [3.046403408050537]
                T1:1              <= [3.04640339940777]: 'OK'
                T1:1[    0-0    ] <= [3.046403408050537]
                T1:1              <= [3.04640339940777]: 'OK'
                T1:1[    0-0    ] <= [3.046403408050537]
                T1:1[    0-0    ] <= [3.046403408050537]
                T1:1              <= [3.04640339940777]: 'OK'
                T1:1              <= [3.04640339940777]: 'OK'
                T1:1[    0-0    ] <= [3.046403408050537]
                T1:1              <= [3.04640339940777]: 'OK'
                T1:1[    0-0    ] <= [3.046403408050537]
                T1:1              <= [3.04640339940777]: 'OK'
                T1:1[    0-0    ] <= [3.046403408050537]
                T1:1              <= [3.04640339940777]: 'OK'
                T1:1[    0-0    ] <= [3.046403408050537]
                T1:1              <= [3.04640339940777]: 'OK'
                T1:1[    0-0    ] <= [3.046403408050537]
                T1:1[    0-0    ] <= [3.046403408050537]
                T1:1              <= [3.04640339940777]: 'OK'
                T1:1              <= [3.04640339940777]: 'OK'
                T1:1[    0-0    ] <= [3.046403408050537]
                T1:1              <= [3.04640339940777]: 'OK'
                T1:1[    0-0    ] <= [3.046403408050537]
                T1:1              <= [3.04640339940777]: 'OK'
                T1:1[    0-0    ] <= [3.046403408050537]
                T1:1[    0-0    ] <= [3.046403408050537]
                T1:1              <= [3.04640339940777]: 'OK'
                T1:1              <= [3.04640339940777]: 'OK'
                T1:1[    0-0    ] <= [3.046403408050537]
                T1:1              <= [3.04640339940777]: 'OK'
                T1:1[    0-0    ] <= [3.046403408050537]
                T1:1              <= [3.04640339940777]: 'OK'
                T1:1[    0-0    ] <= [3.046403408050537]
                T1:1              <= [3.04640339940777]: 'OK'
                T1:1[    0-0    ] <= [3.046403408050537]
                T1:1              <= [3.04640339940777]: 'OK'
                T1:1[    0-0    ] <= [3.046403408050537]
                T1:1[    0-0    ] <= [3.046403408050537]
                T1:1              <= [3.04640339940777]: 'OK'
                T1:1              <= [3.04640339940777]: 'OK'
                T1:1[    0-0    ] <= [3.046403408050537]
                T1:1              <= [3.04640339940777]: 'OK'
                T1:1[    0-0    ] <= [3.046403408050537]
                T1:1              <= [3.04640339940777]: 'OK'
                T1:1[    0-0    ] <= [3.046403408050537]
                T1:1              <= [3.04640339940777]: 'OK'
                T1:1[    0-0    ] <= [3.046403408050537]
                T1:1              <= [3.04640339940777]: 'OK'
                T1:1[    0-0    ] <= [3.046403408050537]
                T1:1[    0-0    ] <= [3.046403408050537]
                T1:1              <= [3.04640339940777]: 'OK'
                T1:1[    0-0    ] <= [3.046403408050537]
                T1:1              <= [3.04640339940777]: 'OK'
                T1:1              <= [3.04640339940777]: 'OK'
                T1:1[    0-0    ] <= [3.046403408050537]
                T1:1[    0-0    ] <= [3.046403408050537]
                T1:1              <= [3.04640339940777]: 'OK'
                T1:1              <= [3.04640339940777]: 'OK'
                T1:1[    0-0    ] <= [3.046403408050537]
                T1:1              <= [3.04640339940777]: 'OK'
                T1:1[    0-0    ] <= [3.046403408050537]
                T1:1              <= [3.04640339940777]: 'OK'
                T1:1[    0-0    ] <= [3.046403408050537]
                T1:1              <= [3.04640339940777]: 'OK'
                T1:1[    0-0    ] <= [3.046403408050537]
                T1:1              <= [3.04640339940777]: 'OK'
                T1:1[    0-0    ] <= [3.046403408050537]
                T1:1[    0-0    ] <= [3.046403408050537]
                T1:1              <= [3.04640339940777]: 'OK'
                T1:1              <= [3.04640339940777]: 'OK'
                T1:1[    0-0    ] <= [3.046403408050537]
                T1:1              <= [3.04640339940777]: 'OK'
                T1:1[    0-0    ] <= [3.046403408050537]
                T1:1              <= [3.04640339940777]: 'OK'
                T1:1[    0-0    ] <= [3.046403408050537]
                T1:1              <= [3.04640339940777]: 'OK'
                T1:1[    0-0    ] <= [3.046403408050537]
                T1:1              <= [3.04640339940777]: 'OK'
                T1:1[    0-0    ] <= [3.046403408050537]
                T1:1[    0-0    ] <= [3.046403408050537]
                T1:1              <= [3.04640339940777]: 'OK'
                T1:1[    0-0    ] <= [3.046403408050537]
                T1:1              <= [3.04640339940777]: 'OK'
                T1:1              <= [3.04640339940777]: 'OK'
                T1:1[    0-0    ] <= [3.046403408050537]
                T1:1              <= [3.04640339940777]: 'OK'
                T1:1[    0-0    ] <= [3.046403408050537]
37 
ITERATION 386 ------------- 
Tank Level 1 2.960237 
ITERATION 387 ------------- 
Tank Level 1 2.960237 
ITERATION 388 ------------- 
Tank Level 1 2.960237 
ITERATION 389 ------------- 
Tank Level 1 2.960237 
ITERATION 390 ------------- 
Tank Level 1 2.960237 
ITERATION 391 ------------- 
Tank Level 1 2.960237 
ITERATION 392 ------------- 
Tank Level 1 2.960237 
ITERATION 393 ------------- 
Tank Level 1 2.960237 
ITERATION 394 ------------- 
Tank Level 1 3.003335 
ITERATION 395 ------------- 
Tank Level 1 3.003335 
ITERATION 396 ------------- 
Tank Level 1 3.003335 
ITERATION 397 ------------- 
Tank Level 1 3.003335 
ITERATION 398 ------------- 
Tank Level 1 3.003335 
ITERATION 399 ------------- 
Tank Level 1 3.003335 
ITERATION 400 ------------- 
Tank Level 1 3.003335 
ITERATION 401 ------------- 
Tank Level 1 3.003335 
ITERATION 402 ------------- 
Tank Level 1 3.046403 
ITERATION 403 ------------- 
Tank Level 1 3.046403 
ITERATION 404 ------------- 
Tank Level 1 3.046403 
ITERATION 405 ------------- 
Tank Level 1 3.046403 
ITERATION 406 ------------- 
Tank Level 1 3.046403 
ITERATION 407 ------------- 
Tank Level 1 3.046403 
ITERATION 408 ------------- 
Tank Level 1 3.046403 
ITERATION 409 ------------- 
Tank Level 1 3.046403 
ITERATION 410 ------------- 
Tank Level 1 3.046403 
ITERATION 411 ------------- 
Tank Level 1 3.046403 
ITERATION 412 ------------- 
Tank Level 1 3.046403 
ITERATION 413 ------------- 
Tank Level 1 3.046403 
ITERATION 414 ------------- 
Tank Level 1 3.046403 
ITERATION 415 ------------- 
Tank Level 1 3.046403 
ITERATION 416 ------------- 
Tank Level 1 3.046403 
ITERATION 417 ------------- 
Tank Level 1 3.046403 
ITERATION 418 ------------- 
Tank Level 1 3.046403 
ITERATION 419 ------------- 
Tank Level 1 3.046403 
ITERATION 420 ------------- 
Tank Level 1 3.046403 
ITERATION 421 ------------- 
Tank Level 1 3.046403 
ITERATION 422 ------------- 
Tank Level 1 3.046403 
ITERATION 423 ------------- 
Tank Level 1 3.046403 
ITERATION 424 ------------- 
Tank Level 1 3.046403 
ITERATION 425 ------------- 
Tank Level 1 3.046403 
ITERATION 426 ------------- 
Tank Level 1 3.046403 
ITERATION 427 ------------- 
Tank Level 1 3.046403 
ITERATION 428 ------------- 
Tank Level 1 3.046403 
ITERATION 429 ------------- 
Tank Level 1 3.046403 
ITERATION 430 ------------- 
Tank Level 1 3.046403 
ITERATION 431 ------------- 
Tank Level 1 3.046403 
ITERATION 432 ------------- 
Tank Level 1 3.046403 
ITERATION 433 ------------- 
Tank Level 1 3.046403 
ITERATION 434 ------------- 
Tank Level 1 3.046403 
ITERATION 435 ------------- 
Tank Level 1 3.046403 
ITERATION 436 ------------- 
Tank Level 1 3.046403 
ITERATION 437 ------------- 
Tank Level 1 3.046403 
ITERATION 438 ------------- 
Tank Level 1 3.046403 
ITERATION 439 ------------- 
Tank Level 1 3.046403 
ITERATION 440 ------------- 
Tank Level 1 3.046403 
ITERATION 441 ------------- 
Tank Level 1 3.046403 
ITERATION 442 ------------- 
Tank Level 1 3.046403 
ITERATION 443 ------------- 
Tank Level 1 3.046403 
ITERATION 444 ------------- 
Tank Level 1 3.046403 
ITERATION 445 ------------- 
Tank Level 1 3.046403 
ITERATION 446 ------------- 
Tank Level 1 3.046403 
ITERATION 447 ------------- 
Tank Level 1 3.046403 
ITERATION 448 ------------- 
Tank Level 1 3.046403 
ITERATION 449 ------------- 
Tank Level 1 3.046403 
ITERATION 450 ------------- 
Tank Level 1 3.046403 
ITERATION 451 ------------- 
Tank Level 1 3.046403 
ITERATION 452 ------------- 
Tank Level 1 3.046403 
ITERATION 453 ------------- 
Tank Level 1 3.046403 
ITERATION 454 ------------- 
Tank Level 1 3.046403 
ITERATION 455 ------------- 
Tank Level 1 3.046403 
ITERATION 456 ------------- 
Tank Level 1 3.046403 
ITERATION 457 ------------- 
Tank Level 1 3.046403 
ITERATION 458 ------------- 
Tank Level 1 3.046403 
ITERATION 459 ------------- 
Tank Level 1 3.046403 
ITERATION 460 ------------- 
Tank Level 1 3.046403 
ITERATION 461 ------------- 
Tank Level 1 3.046403 
ITERATION 462 ------------- 
Tank Level 1 3.046403 
ITERATION 463 ------------- 
Tank Level 1 3.046403 
ITERATION 464 ------------- 
Tank Le                T1:1              <= [3.04640339940777]: 'OK'
                T1:1[    0-0    ] <= [3.046403408050537]
                T1:1              <= [3.04640339940777]: 'OK'
                T1:1[    0-0    ] <= [3.046403408050537]
                T1:1              <= [3.04640339940777]: 'OK'
                T1:1[    0-0    ] <= [3.046403408050537]
                T1:1              <= [3.04640339940777]: 'OK'
                T1:1[    0-0    ] <= [3.046403408050537]
                T1:1              <= [3.04640339940777]: 'OK'
                T1:1[    0-0    ] <= [3.046403408050537]
                T1:1              <= [3.04640339940777]: 'OK'
                T1:1[    0-0    ] <= [3.046403408050537]
                T1:1              <= [3.04640339940777]: 'OK'
                T1:1[    0-0    ] <= [3.046403408050537]
                T1:1[    0-0    ] <= [3.046403408050537]
                T1:1              <= [3.04640339940777]: 'OK'
                T1:1              <= [3.04640339940777]: 'OK'
                T1:1[    0-0    ] <= [3.046403408050537]
                T1:1              <= [3.04640339940777]: 'OK'
                T1:1[    0-0    ] <= [3.046403408050537]
                T1:1              <= [3.04640339940777]: 'OK'
                T1:1[    0-0    ] <= [3.046403408050537]
                T1:1              <= [3.04640339940777]: 'OK'
                T1:1[    0-0    ] <= [3.046403408050537]
                T1:1              <= [3.04640339940777]: 'OK'
                T1:1[    0-0    ] <= [3.046403408050537]
                T1:1              <= [3.04640339940777]: 'OK'
                T1:1[    0-0    ] <= [3.046403408050537]
                T1:1              <= [3.04640339940777]: 'OK'
                T1:1[    0-0    ] <= [3.046403408050537]
                T1:1              <= [3.04640339940777]: 'OK'
                T1:1[    0-0    ] <= [3.046403408050537]
                T1:1              <= [3.04640339940777]: 'OK'
                T1:1[    0-0    ] <= [3.046403408050537]
                T1:1              <= [3.04640339940777]: 'OK'
                T1:1[    0-0    ] <= [3.046403408050537]
                T1:1              <= [3.04640339940777]: 'OK'
                T1:1[    0-0    ] <= [3.046403408050537]
                T1:1              <= [3.04640339940777]: 'OK'
                T1:1[    0-0    ] <= [3.046403408050537]
                T1:1              <= [3.04640339940777]: 'OK'
                T1:1[    0-0    ] <= [3.046403408050537]
                T1:1              <= [3.04640339940777]: 'OK'
                T1:1[    0-0    ] <= [3.046403408050537]
                T1:1              <= [3.04640339940777]: 'OK'
                T1:1[    0-0    ] <= [3.046403408050537]
                T1:1              <= [3.04640339940777]: 'OK'
                T1:1[    0-0    ] <= [3.046403408050537]
                T1:1              <= [3.04640339940777]: 'OK'
                T1:1[    0-0    ] <= [3.046403408050537]
                T1:1              <= [3.04640339940777]: 'OK'
                T1:1[    0-0    ] <= [3.046403408050537]
                T1:1              <= [3.04640339940777]: 'OK'
                T1:1[    0-0    ] <= [3.046403408050537]
                T1:1              <= [3.04640339940777]: 'OK'
                T1:1[    0-0    ] <= [3.046403408050537]
                T1:1              <= [3.04640339940777]: 'OK'
                T1:1[    0-0    ] <= [3.046403408050537]
                T1:1              <= [3.04640339940777]: 'OK'
                T1:1[    0-0    ] <= [3.046403408050537]
                T1:1              <= [3.04640339940777]: 'OK'
                T1:1[    0-0    ] <= [3.046403408050537]
                T1:1[    0-0    ] <= [3.046403408050537]
                T1:1              <= [3.04640339940777]: 'OK'
                T1:1              <= [3.04640339940777]: 'OK'
                T1:1[    0-0    ] <= [3.046403408050537]
                T1:1              <= [3.04640339940777]: 'OK'
                T1:1[    0-0    ] <= [3.046403408050537]
                T1:1              <= [3.04640339940777]: 'OK'
                T1:1[    0-0    ] <= [3.046403408050537]
                T1:1              <= [3.04640339940777]: 'OK'
                T1:1[    0-0    ] <= [3.046403408050537]
                T1:1              <= [3.04640339940777]: 'OK'
                T1:1[    0-0    ] <= [3.046403408050537]
                T1:1              <= [3.04640339940777]: 'OK'
                T1:1[    0-0    ] <= [3.046403408050537]
                T1:1[    0-0    ] <= [3.046403408050537]
                T1:1              <= [3.04640339940777]: 'OK'
                T1:1              <= [3.04640339940777]: 'OK'
                T1:1[    0-0    ] <= [3.046403408050537]
                T1:1              <= [3.04640339940777]: 'OK'
                T1:1[    0-0    ] <= [3.046403408050537]
                T1:1[    0-0    ] <= [3.046403408050537]
                T1:1              <= [3.04640339940777]: 'OK'
                T1:1              <= [3.04640339940777]: 'OK'
                T1:1[    0-0    ] <= [3.046403408050537]
                T1:1[    0-0    ] <= [3.046403408050537]
                T1:1              <= [3.04640339940777]: 'OK'
                T1:1              <= [3.04640339940777]: 'OK'
                T1:1[    0-0    ] <= [3.046403408050537]
                T1:1              <= [3.04640339940777]: 'OK'
                T1:1[    0-0    ] <= [3.046403408050537]
                T1:1              <= [3.04640339940777]: 'OK'
                T1:1[    0-0    ] <= [3.046403408050537]
                T1:1[    0-0    ] <= [3.046403408050537]
                T1:1              <= [3.04640339940777]: 'OK'
                T1:1              <= [3.04640339940777]: 'OK'
                T1:1[    0-0    ] <= [3.046403408050537]
                T1:1              <= [3.04640339940777]: 'OK'
                T1:1[    0-0    ] <= [3.046403408050537]
                T1:1              <= [3.04640339940777]: 'OK'
                T1:1[    0-0    ] <= [3.046403408050537]
                T1:1              <= [3.04640339940777]: 'OK'
                T1:1[    0-0    ] <= [3.046403408050537]
                T1:1              <= [3.04640339940777]: 'OK'
                T1:1[    0-0    ] <= [3.046403408050537]
                T1:1              <= [3.04640339940777]: 'OK'
                T1:1[    0-0    ] <= [3.046403408050537]
                T1:1[    0-0    ] <= [3.046403408050537]
                T1:1              <= [3.04640339940777]: 'OK'
                T1:1[    0-0    ] <= [3.046403408050537]
                T1:1              <= [3.04640339940777]: 'OK'
                T1:1[    0-0    ] <= [3.046403408050537]
                T1:1              <= [3.04640339940777]: 'OK'
                T1:1              <= [3.04640339940777]: 'OK'
                T1:1[    0-0    ] <= [3.046403408050537]
                T1:1              <= [3.04640339940777]: 'OK'
                T1:1[    0-0    ] <= [3.046403408050537]
                T1:1              <= [3.04640339940777]: 'OK'
                T1:1[    0-0    ] <= [3.046403408050537]
                T1:1              <= [3.04640339940777]: 'OK'
                T1:1[    0-0    ] <= [3.046403408050537]
                T1:1              <= [3.04640339940777]: 'OK'
                T1:1[    0-0    ] <= [3.046403408050537]
vel 1 3.046403 
ITERATION 465 ------------- 
Tank Level 1 3.046403 
ITERATION 466 ------------- 
Tank Level 1 3.046403 
ITERATION 467 ------------- 
Tank Level 1 3.046403 
ITERATION 468 ------------- 
Tank Level 1 3.046403 
ITERATION 469 ------------- 
Tank Level 1 3.046403 
ITERATION 470 ------------- 
Tank Level 1 3.046403 
ITERATION 471 ------------- 
Tank Level 1 3.046403 
ITERATION 472 ------------- 
Tank Level 1 3.046403 
ITERATION 473 ------------- 
Tank Level 1 3.046403 
ITERATION 474 ------------- 
Tank Level 1 3.046403 
ITERATION 475 ------------- 
Tank Level 1 3.046403 
ITERATION 476 ------------- 
Tank Level 1 3.046403 
ITERATION 477 ------------- 
Tank Level 1 3.046403 
ITERATION 478 ------------- 
Tank Level 1 3.046403 
ITERATION 479 ------------- 
Tank Level 1 3.046403 
ITERATION 480 ------------- 
Tank Level 1 3.046403 
ITERATION 481 ------------- 
Tank Level 1 3.046403 
ITERATION 482 ------------- 
Tank Level 1 3.046403 
ITERATION 483 ------------- 
Tank Level 1 3.046403 
ITERATION 484 ------------- 
Tank Level 1 3.046403 
ITERATION 485 ------------- 
Tank Level 1 3.046403 
ITERATION 486 ------------- 
Tank Level 1 3.046403 
ITERATION 487 ------------- 
Tank Level 1 3.046403 
ITERATION 488 ------------- 
Tank Level 1 3.046403 
ITERATION 489 ------------- 
Tank Level 1 3.046403 
ITERATION 490 ------------- 
Tank Level 1 3.046403 
ITERATION 491 ------------- 
Tank Level 1 3.046403 
ITERATION 492 ------------- 
Tank Level 1 3.046403 
ITERATION 493 ------------- 
Tank Level 1 3.046403 
ITERATION 494 ------------- 
Tank Level 1 3.046403 
ITERATION 495 ------------- 
Tank Level 1 3.046403 
ITERATION 496 ------------- 
Tank Level 1 3.046403 
ITERATION 497 ------------- 
Tank Level 1 3.046403 
ITERATION 498 ------------- 
Tank Level 1 3.046403 
ITERATION 499 ------------- 
Tank Level 1 3.046403 
ITERATION 500 ------------- 
Tank Level 1 3.046403 
ITERATION 501 ------------- 
Tank Level 1 3.046403 
ITERATION 502 ------------- 
Tank Level 1 3.046403 
ITERATION 503 ------------- 
Tank Level 1 3.046403 
ITERATION 504 ------------- 
Tank Level 1 3.046403 
ITERATION 505 ------------- 
Tank Level 1 3.046403 
ITERATION 506 ------------- 
Tank Level 1 3.046403 
ITERATION 507 ------------- 
Tank Level 1 3.046403 
ITERATION 508 ------------- 
Tank Level 1 3.046403 
ITERATION 509 ------------- 
Tank Level 1 3.046403 
ITERATION 510 ------------- 
Tank Level 1 3.046403 
ITERATION 511 ------------- 
Tank Level 1 3.046403 
ITERATION 512 ------------- 
Tank Level 1 3.046403 
ITERATION 513 ------------- 
Tank Level 1 3.046403 
ITERATION 514 ------------- 
Tank Level 1 3.046403 
ITERATION 515 ------------- 
Tank Level 1 3.046403 
ITERATION 516 ------------- 
Tank Level 1 3.046403 
ITERATION 517 ------------- 
Tank Level 1 3.046403 
ITERATION 518 ------------- 
Tank Level 1 3.046403 
ITERATION 519 ------------- 
Tank Level 1 3.046403 
ITERATION 520 ------------- 
Tank Level 1 3.046403 
ITERATION 521 ------------- 
Tank Level 1 3.046403 
ITERATION 522 ------------- 
Tank Level 1 3.046403 
ITERATION 523 ------------- 
Tank Level 1 3.046403 
ITERATION 524 ------------- 
Tank Level 1 3.046403 
ITERATION 525 ------------- 
Tank Level 1 3.046403 
ITERATION 526 ------------- 
Tank Level 1 3.046403 
ITERATION 527 ------------- 
DEBUG plc2 shutdown
plc2
Stopping Tcp dump process on PLC...
Stopping PLC...
