                T3:1              <= [3.0]: 'OK'
                T3:1[    0-0    ] <= [3.0]
                T3:1              <= [3.0]: 'OK'
                T3:1[    0-0    ] <= [3.0]
                T3:1              <= [3.0]: 'OK'
                T3:1[    0-0    ] <= [3.0]
                T3:1              <= [3.0]: 'OK'
                T3:1[    0-0    ] <= [3.0]
                T3:1              <= [3.0]: 'OK'
                T3:1[    0-0    ] <= [3.0]
                T3:1[    0-0    ] <= [3.0]
                T3:1              <= [3.0]: 'OK'
                T3:1              <= [3.0]: 'OK'
                T3:1[    0-0    ] <= [3.0]
                T3:1              <= [3.0]: 'OK'
                T3:1[    0-0    ] <= [3.0]
                T3:1              <= [3.0]: 'OK'
                T3:1[    0-0    ] <= [3.0]
                T3:1              <= [3.0]: 'OK'
                T3:1[    0-0    ] <= [3.0]
                T3:1              <= [3.0]: 'OK'
                T3:1[    0-0    ] <= [3.0]
                T3:1              <= [3.0]: 'OK'
                T3:1[    0-0    ] <= [3.0]
                T3:1              <= [3.0]: 'OK'
                T3:1[    0-0    ] <= [3.0]
                T3:1              <= [3.0]: 'OK'
                T3:1[    0-0    ] <= [3.0]
                T3:1              <= [3.0]: 'OK'
                T3:1[    0-0    ] <= [3.0]
                T3:1              <= [3.0]: 'OK'
                T3:1[    0-0    ] <= [3.0]
                T3:1              <= [3.0]: 'OK'
                T3:1[    0-0    ] <= [3.0]
                T3:1              <= [3.0]: 'OK'
                T3:1[    0-0    ] <= [3.0]
                T3:1              <= [3.0]: 'OK'
                T3:1[    0-0    ] <= [3.0]
                T3:1              <= [3.0]: 'OK'
                T3:1[    0-0    ] <= [3.0]
                T3:1              <= [3.0]: 'OK'
                T3:1[    0-0    ] <= [3.0]
                T3:1              <= [3.0]: 'OK'
                T3:1[    0-0    ] <= [3.0]
                T3:1              <= [3.0]: 'OK'
                T3:1[    0-0    ] <= [3.0]
                T3:1              <= [4.38550985403256]: 'OK'
                T3:1[    0-0    ] <= [4.385509967803955]
                T3:1              <= [4.38550985403256]: 'OK'
                T3:1[    0-0    ] <= [4.385509967803955]
                T3:1              <= [4.38550985403256]: 'OK'
                T3:1[    0-0    ] <= [4.385509967803955]
                T3:1[    0-0    ] <= [4.385509967803955]
                T3:1              <= [4.38550985403256]: 'OK'
                T3:1              <= [4.38550985403256]: 'OK'
                T3:1[    0-0    ] <= [4.385509967803955]
                T3:1[    0-0    ] <= [4.385509967803955]
                T3:1              <= [4.38550985403256]: 'OK'
                T3:1              <= [4.38550985403256]: 'OK'
                T3:1[    0-0    ] <= [4.385509967803955]
                T3:1              <= [4.38550985403256]: 'OK'
                T3:1[    0-0    ] <= [4.385509967803955]
                T3:1              <= [4.38550985403256]: 'OK'
                T3:1[    0-0    ] <= [4.385509967803955]
                T3:1              <= [4.35788700126946]: 'OK'
                T3:1[    0-0    ] <= [4.357886791229248]
                T3:1              <= [4.35788700126946]: 'OK'
                T3:1[    0-0    ] <= [4.357886791229248]
                T3:1              <= [4.35788700126946]: 'OK'
                T3:1[    0-0    ] <= [4.357886791229248]
                T3:1[    0-0    ] <= [4.357886791229248]
                T3:1              <= [4.35788700126946]: 'OK'
                T3:1[    0-0    ] <= [4.357886791229248]
                T3:1              <= [4.35788700126946]: 'OK'
                T3:1[    0-0    ] <= [4.357886791229248]
                T3:1              <= [4.35788700126946]: 'OK'
                T3:1[    0-0    ] <= [4.357886791229248]
                T3:1              <= [4.35788700126946]: 'OK'
                T3:1              <= [4.35788700126946]: 'OK'
                T3:1[    0-0    ] <= [4.357886791229248]
                T3:1[    0-0    ] <= [4.357886791229248]
                T3:1              <= [4.35788700126946]: 'OK'
                T3:1              <= [4.33026414850637]: 'OK'
                T3:1[    0-0    ] <= [4.330264091491699]
                T3:1              <= [4.33026414850637]: 'OK'
                T3:1[    0-0    ] <= [4.330264091491699]
                T3:1              <= [4.33026414850637]: 'OK'
                T3:1[    0-0    ] <= [4.330264091491699]
                T3:1              <= [4.33026414850637]: 'OK'
                T3:1[    0-0    ] <= [4.330264091491699]
                T3:1              <= [4.33026414850637]: 'OK'
                T3:1[    0-0    ] <= [4.330264091491699]
                T3:1              <= [4.33026414850637]: 'OK'
                T3:1[    0-0    ] <= [4.330264091491699]
                T3:1              <= [4.33026414850637]: 'OK'
                T3:1[    0-0    ] <= [4.330264091491699]
                T3:1              <= [4.33026414850637]: 'OK'
                T3:1[    0-0    ] <= [4.330264091491699]
                T3:1              <= [4.30264129574329]: 'OK'
                T3:1[    0-0    ] <= [4.30264139175415]
                T3:1              <= [4.30264129574329]: 'OK'
                T3:1[    0-0    ] <= [4.30264139175415]
                T3:1              <= [4.30264129574329]: 'OK'
                T3:1[    0-0    ] <= [4.30264139175415]
                T3:1              <= [4.30264129574329]: 'OK'
                T3:1[    0-0    ] <= [4.30264139175415]
                T3:1              <= [4.30264129574329]: 'OK'
                T3:1[    0-0    ] <= [4.30264139175415]
                T3:1              <= [4.30264129574329]: 'OK'
                T3:1[    0-0    ] <= [4.30264139175415]
                T3:1              <= [4.30264129574329]: 'OK'
                T3:1[    0-0    ] <= [4.30264139175415]
                T3:1              <= [4.30264129574329]: 'OK'
                T3:1[    0-0    ] <= [4.30264139175415]
                T3:1              <= [4.27501844298021]: 'OK'
                T3:1[    0-0    ] <= [4.275018215179443]
                T3:1              <= [4.27501844298021]: 'OK'
                T3:1[    0-0    ] <= [4.275018215179443]
                T3:1              <= [4.27501844298021]: 'OK'
                T3:1[    0-0    ] <= [4.275018215179443]
                T3:1              <= [4.27501844298021]: 'OK'
                T3:1[    0-0    ] <= [4.275018215179443]
                T3:1              <= [4.27501844298021]: 'OK'
                T3:1[    0-0    ] <= [4.275018215179443]
                T3:1              <= [4.27501844298021]: 'OK'
                T3:1[    0-0    ] <= [4.275018215179443]
                T3:1              <= [4.27501844298021]: 'OK'
                T3:1[    0-0    ] <= [4.275018215179443]
                T3:1              <= [4.27501844298021]: 'OK'
                T3:1[    0-0    ] <= [4.275018215179443]
                T3:1              <= [4.27501844298021]: 'OK'
                T3:1[    0-0    ] <= [4.275018215179443]
                T3:1              <= [4.24739559021714]: 'OK'
                T3:1[    0-0    ] <= [4.2473955154418945]
                T3:1              <= [4.24739559021714]: 'OK'
                T3:1[    0-0    ] <= [4.2473955154418945]
                T3:1              <= [4.24739559021714]: 'OK'
                T3:1[    0-0    ] <= [4.2473955154418945]
                T3:1              <= [4.24739559021714]: 'OK'
                T3:1[    0-0    ] <= [4.2473955154418945]
                T3:1              <= [4.24739559021714]: 'OK'
                T3:1[    0-0    ] <= [4.2473955154418945]
                T3:1              <= [4.24739559021714]: 'OK'
                T3:1[    0-0    ] <= [4.2473955154418945]
DEBUG get_query: SELECT value FROM ctown WHERE name = ? AND pid = ?
DEBUG set_query: UPDATE ctown SET value = ? WHERE name = ? AND pid = ?
DEBUG EnipProtocol server addr:  192.168.1.1
DEBUG: concatenating server address with default port.
DEBUG enip server tags_string:  T3:1=REAL ATT_1:1=REAL ATT_2:1=REAL 
DEBUG enip _start_server cmd:  ['/usr/bin/python', '-m', 'cpppo.server.enip', '--print', '--log', 'logs/protocols_tests_enip_server', '--address', '192.168.1.1:44818', 'T3:1=REAL', 'ATT_1:1=REAL', 'ATT_2:1=REAL']
DEBUG: plc4 enters pre_loop
Starting main loop
Tank Level 3.000000 
ITERATION 1 ------------- 
Tank Level 3.000000 
ITERATION 2 ------------- 
Tank Level 3.000000 
ITERATION 3 ------------- 
Tank Level 3.000000 
ITERATION 4 ------------- 
Tank Level 3.000000 
ITERATION 5 ------------- 
Tank Level 3.000000 
ITERATION 6 ------------- 
Tank Level 3.000000 
ITERATION 7 ------------- 
Tank Level 3.000000 
ITERATION 8 ------------- 
Tank Level 3.000000 
ITERATION 9 ------------- 
Tank Level 3.000000 
ITERATION 10 ------------- 
Tank Level 3.000000 
ITERATION 11 ------------- 
Tank Level 3.000000 
ITERATION 12 ------------- 
Tank Level 3.000000 
ITERATION 13 ------------- 
Tank Level 3.000000 
ITERATION 14 ------------- 
Tank Level 3.000000 
ITERATION 15 ------------- 
Tank Level 3.000000 
ITERATION 16 ------------- 
Tank Level 3.000000 
ITERATION 17 ------------- 
Tank Level 3.000000 
ITERATION 18 ------------- 
Tank Level 3.000000 
ITERATION 19 ------------- 
Tank Level 3.000000 
ITERATION 20 ------------- 
Tank Level 3.000000 
ITERATION 21 ------------- 
Tank Level 3.000000 
ITERATION 22 ------------- 
Tank Level 3.000000 
ITERATION 23 ------------- 
Tank Level 4.385510 
ITERATION 24 ------------- 
Tank Level 4.385510 
ITERATION 25 ------------- 
Tank Level 4.385510 
ITERATION 26 ------------- 
Tank Level 4.385510 
ITERATION 27 ------------- 
Tank Level 4.385510 
ITERATION 28 ------------- 
Tank Level 4.385510 
ITERATION 29 ------------- 
Tank Level 4.385510 
ITERATION 30 ------------- 
Tank Level 4.385510 
ITERATION 31 ------------- 
Tank Level 4.385510 
ITERATION 32 ------------- 
Tank Level 4.357887 
ITERATION 33 ------------- 
Tank Level 4.357887 
ITERATION 34 ------------- 
Tank Level 4.357887 
ITERATION 35 ------------- 
Tank Level 4.357887 
ITERATION 36 ------------- 
Tank Level 4.357887 
ITERATION 37 ------------- 
Tank Level 4.357887 
ITERATION 38 ------------- 
Tank Level 4.357887 
ITERATION 39 ------------- 
Tank Level 4.357887 
ITERATION 40 ------------- 
Tank Level 4.357887 
ITERATION 41 ------------- 
Tank Level 4.330264 
ITERATION 42 ------------- 
Tank Level 4.330264 
ITERATION 43 ------------- 
Tank Level 4.330264 
ITERATION 44 ------------- 
Tank Level 4.330264 
ITERATION 45 ------------- 
Tank Level 4.330264 
ITERATION 46 ------------- 
Tank Level 4.330264 
ITERATION 47 ------------- 
Tank Level 4.330264 
ITERATION 48 ------------- 
Tank Level 4.330264 
ITERATION 49 ------------- 
Tank Level 4.302641 
ITERATION 50 ------------- 
Tank Level 4.302641 
ITERATION 51 ------------- 
Tank Level 4.302641 
ITERATION 52 ------------- 
Tank Level 4.302641 
ITERATION 53 ------------- 
Tank Level 4.302641 
ITERATION 54 ------------- 
Tank Level 4.302641 
ITERATION 55 ------------- 
Tank Level 4.302641 
ITERATION 56 ------------- 
Tank Level 4.302641 
ITERATION 57 ------------- 
Tank Level 4.275018 
ITERATION 58 ------------- 
Tank Level 4.275018 
ITERATION 59 ------------- 
Tank Level 4.275018 
ITERATION 60 ------------- 
Tank Level 4.275018 
ITERATION 61 ------------- 
Tank Level 4.275018 
ITERATION 62 ------------- 
Tank Level 4.275018 
ITERATION 63 ------------- 
Tank Level 4.275018 
ITERATION 64 ------------- 
Tank Level 4.275018 
ITERATION 65 ------------- 
Tank Level 4.275018 
ITERATION 66 ------------- 
Tank Level 4.247396 
ITERATION 67 ------------- 
Tank Level 4.247396 
ITERATION 68 ------------- 
Tank Level 4.247396 
ITERATION 69 ------------- 
Tank Level 4.247396 
ITERATION 70 ------------- 
Tank Level 4.247396 
ITERATION 71 ------------- 
Tank Level 4.247396 
ITERATION 72 ------------- 
Tank Leve                T3:1              <= [4.24739559021714]: 'OK'
                T3:1[    0-0    ] <= [4.2473955154418945]
                T3:1              <= [4.24739559021714]: 'OK'
                T3:1[    0-0    ] <= [4.2473955154418945]
                T3:1              <= [4.24739559021714]: 'OK'
                T3:1[    0-0    ] <= [4.2473955154418945]
                T3:1              <= [4.21977273745408]: 'OK'
                T3:1[    0-0    ] <= [4.219772815704346]
                T3:1[    0-0    ] <= [4.219772815704346]
                T3:1              <= [4.21977273745408]: 'OK'
                T3:1[    0-0    ] <= [4.219772815704346]
                T3:1              <= [4.21977273745408]: 'OK'
                T3:1[    0-0    ] <= [4.219772815704346]
                T3:1              <= [4.21977273745408]: 'OK'
                T3:1              <= [4.21977273745408]: 'OK'
                T3:1[    0-0    ] <= [4.219772815704346]
                T3:1[    0-0    ] <= [4.219772815704346]
                T3:1              <= [4.21977273745408]: 'OK'
                T3:1              <= [4.21977273745408]: 'OK'
                T3:1[    0-0    ] <= [4.219772815704346]
                T3:1              <= [4.21977273745408]: 'OK'
                T3:1[    0-0    ] <= [4.219772815704346]
                T3:1[    0-0    ] <= [4.219772815704346]
                T3:1              <= [4.21977273745408]: 'OK'
                T3:1              <= [4.21977273745408]: 'OK'
                T3:1[    0-0    ] <= [4.219772815704346]
                T3:1              <= [4.19214988469102]: 'OK'
                T3:1[    0-0    ] <= [4.192150115966797]
                T3:1              <= [4.19214988469102]: 'OK'
                T3:1[    0-0    ] <= [4.192150115966797]
                T3:1              <= [4.19214988469102]: 'OK'
                T3:1[    0-0    ] <= [4.192150115966797]
                T3:1[    0-0    ] <= [4.192150115966797]
                T3:1              <= [4.19214988469102]: 'OK'
                T3:1              <= [4.19214988469102]: 'OK'
                T3:1[    0-0    ] <= [4.192150115966797]
                T3:1              <= [4.19214988469102]: 'OK'
                T3:1[    0-0    ] <= [4.192150115966797]
                T3:1              <= [4.19214988469102]: 'OK'
                T3:1[    0-0    ] <= [4.192150115966797]
                T3:1[    0-0    ] <= [4.16452693939209]
                T3:1              <= [4.16452703192797]: 'OK'
                T3:1[    0-0    ] <= [4.16452693939209]
                T3:1              <= [4.16452703192797]: 'OK'
                T3:1              <= [4.16452703192797]: 'OK'
                T3:1[    0-0    ] <= [4.16452693939209]
                T3:1              <= [4.16452703192797]: 'OK'
                T3:1[    0-0    ] <= [4.16452693939209]
                T3:1              <= [4.16452703192797]: 'OK'
                T3:1[    0-0    ] <= [4.16452693939209]
                T3:1              <= [4.16452703192797]: 'OK'
                T3:1[    0-0    ] <= [4.16452693939209]
                T3:1              <= [4.16452703192797]: 'OK'
                T3:1[    0-0    ] <= [4.16452693939209]
                T3:1[    0-0    ] <= [4.16452693939209]
                T3:1              <= [4.16452703192797]: 'OK'
                T3:1              <= [4.16452703192797]: 'OK'
                T3:1[    0-0    ] <= [4.16452693939209]
                T3:1              <= [4.13690417916493]: 'OK'
                T3:1[    0-0    ] <= [4.136904239654541]
                T3:1              <= [4.13690417916493]: 'OK'
                T3:1[    0-0    ] <= [4.136904239654541]
                T3:1              <= [4.13690417916493]: 'OK'
                T3:1[    0-0    ] <= [4.136904239654541]
                T3:1              <= [4.13690417916493]: 'OK'
                T3:1[    0-0    ] <= [4.136904239654541]
                T3:1              <= [4.13690417916493]: 'OK'
                T3:1[    0-0    ] <= [4.136904239654541]
                T3:1              <= [4.13690417916493]: 'OK'
                T3:1[    0-0    ] <= [4.136904239654541]
                T3:1              <= [4.13690417916493]: 'OK'
                T3:1[    0-0    ] <= [4.136904239654541]
                T3:1              <= [4.13690417916493]: 'OK'
                T3:1[    0-0    ] <= [4.136904239654541]
                T3:1              <= [4.13690417916493]: 'OK'
                T3:1[    0-0    ] <= [4.136904239654541]
                T3:1              <= [4.1092813264019]: 'OK'
                T3:1[    0-0    ] <= [4.109281539916992]
                T3:1              <= [4.1092813264019]: 'OK'
                T3:1[    0-0    ] <= [4.109281539916992]
                T3:1              <= [4.1092813264019]: 'OK'
                T3:1[    0-0    ] <= [4.109281539916992]
                T3:1              <= [4.1092813264019]: 'OK'
                T3:1[    0-0    ] <= [4.109281539916992]
                T3:1              <= [4.1092813264019]: 'OK'
                T3:1[    0-0    ] <= [4.109281539916992]
                T3:1              <= [4.1092813264019]: 'OK'
                T3:1[    0-0    ] <= [4.109281539916992]
                T3:1              <= [4.1092813264019]: 'OK'
                T3:1[    0-0    ] <= [4.109281539916992]
                T3:1              <= [4.1092813264019]: 'OK'
                T3:1[    0-0    ] <= [4.109281539916992]
                T3:1              <= [4.1092813264019]: 'OK'
                T3:1[    0-0    ] <= [4.109281539916992]
                T3:1              <= [4.08165847363887]: 'OK'
                T3:1[    0-0    ] <= [4.081658363342285]
                T3:1              <= [4.08165847363887]: 'OK'
                T3:1[    0-0    ] <= [4.081658363342285]
                T3:1              <= [4.08165847363887]: 'OK'
                T3:1[    0-0    ] <= [4.081658363342285]
                T3:1              <= [4.08165847363887]: 'OK'
                T3:1[    0-0    ] <= [4.081658363342285]
                T3:1              <= [4.08165847363887]: 'OK'
                T3:1[    0-0    ] <= [4.081658363342285]
                T3:1              <= [4.08165847363887]: 'OK'
                T3:1[    0-0    ] <= [4.081658363342285]
                T3:1              <= [4.08165847363887]: 'OK'
                T3:1[    0-0    ] <= [4.081658363342285]
                T3:1              <= [4.08165847363887]: 'OK'
                T3:1[    0-0    ] <= [4.081658363342285]
                T3:1              <= [4.08165847363887]: 'OK'
                T3:1[    0-0    ] <= [4.081658363342285]
                T3:1[    0-0    ] <= [4.054035663604736]
                T3:1              <= [4.05403562087585]: 'OK'
                T3:1              <= [4.05403562087585]: 'OK'
                T3:1[    0-0    ] <= [4.054035663604736]
                T3:1              <= [4.05403562087585]: 'OK'
                T3:1[    0-0    ] <= [4.054035663604736]
                T3:1              <= [4.05403562087585]: 'OK'
                T3:1[    0-0    ] <= [4.054035663604736]
                T3:1              <= [4.05403562087585]: 'OK'
                T3:1[    0-0    ] <= [4.054035663604736]
                T3:1              <= [4.05403562087585]: 'OK'
                T3:1[    0-0    ] <= [4.054035663604736]
                T3:1              <= [4.05403562087585]: 'OK'
                T3:1[    0-0    ] <= [4.054035663604736]
                T3:1              <= [4.05403562087585]: 'OK'
                T3:1[    0-0    ] <= [4.054035663604736]
                T3:1              <= [4.05403562087585]: 'OK'
                T3:1[    0-0    ] <= [4.054035663604736]
                T3:1[    0-0    ] <= [4.03270959854126]
                T3:1              <= [4.03270954824393]: 'OK'
                T3:1              <= [4.03270954824393]: 'OK'
                T3:1[    0-0    ] <= [4.03270959854126]
                T3:1              <= [4.03270954824393]: 'OK'
                T3:1[    0-0    ] <= [4.03270959854126]
                T3:1              <= [4.03270954824393]: 'OK'
                T3:1[    0-0    ] <= [4.03270959854126]
                T3:1              <= [4.03270954824393]: 'OK'
                T3:1[    0-0    ] <= [4.03270959854126]
                T3:1              <= [4.03270954824393]: 'OK'
                T3:1[    0-0    ] <= [4.03270959854126]
                T3:1[    0-0    ] <= [4.03270959854126]
                T3:1              <= [4.03270954824393]: 'OK'
                T3:1              <= [4.03270954824393]: 'OK'
                T3:1[    0-0    ] <= [4.03270959854126]
                T3:1              <= [4.03270954824393]: 'OK'
                T3:1[    0-0    ] <= [4.03270959854126]
                T3:1              <= [4.01138347561202]: 'OK'
                T3:1[    0-0    ] <= [4.011383533477783]
                T3:1              <= [4.01138347561202]: 'OK'
                T3:1[    0-0    ] <= [4.011383533477783]
                T3:1              <= [4.01138347561202]: 'OK'
                T3:1[    0-0    ] <= [4.011383533477783]
                T3:1              <= [4.01138347561202]: 'OK'
                T3:1[    0-0    ] <= [4.011383533477783]
                T3:1              <= [4.01138347561202]: 'OK'
                T3:1[    0-0    ] <= [4.011383533477783]
                T3:1              <= [4.01138347561202]: 'OK'
                T3:1[    0-0    ] <= [4.011383533477783]
                T3:1              <= [4.01138347561202]: 'OK'
                T3:1[    0-0    ] <= [4.011383533477783]
                T3:1              <= [4.01138347561202]: 'OK'
                T3:1[    0-0    ] <= [4.011383533477783]
l 4.247396 
ITERATION 73 ------------- 
Tank Level 4.247396 
ITERATION 74 ------------- 
Tank Level 4.247396 
ITERATION 75 ------------- 
Tank Level 4.219773 
ITERATION 76 ------------- 
Tank Level 4.219773 
ITERATION 77 ------------- 
Tank Level 4.219773 
ITERATION 78 ------------- 
Tank Level 4.219773 
ITERATION 79 ------------- 
Tank Level 4.219773 
ITERATION 80 ------------- 
Tank Level 4.219773 
ITERATION 81 ------------- 
Tank Level 4.219773 
ITERATION 82 ------------- 
Tank Level 4.219773 
ITERATION 83 ------------- 
Tank Level 4.219773 
ITERATION 84 ------------- 
Tank Level 4.219773 
ITERATION 85 ------------- 
Tank Level 4.192150 
ITERATION 86 ------------- 
Tank Level 4.192150 
ITERATION 87 ------------- 
Tank Level 4.192150 
ITERATION 88 ------------- 
Tank Level 4.192150 
ITERATION 89 ------------- 
Tank Level 4.192150 
ITERATION 90 ------------- 
Tank Level 4.192150 
ITERATION 91 ------------- 
Tank Level 4.192150 
ITERATION 92 ------------- 
Tank Level 4.164527 
ITERATION 93 ------------- 
Tank Level 4.164527 
ITERATION 94 ------------- 
Tank Level 4.164527 
ITERATION 95 ------------- 
Tank Level 4.164527 
ITERATION 96 ------------- 
Tank Level 4.164527 
ITERATION 97 ------------- 
Tank Level 4.164527 
ITERATION 98 ------------- 
Tank Level 4.164527 
ITERATION 99 ------------- 
Tank Level 4.164527 
ITERATION 100 ------------- 
Tank Level 4.164527 
ITERATION 101 ------------- 
Tank Level 4.136904 
ITERATION 102 ------------- 
Tank Level 4.136904 
ITERATION 103 ------------- 
Tank Level 4.136904 
ITERATION 104 ------------- 
Tank Level 4.136904 
ITERATION 105 ------------- 
Tank Level 4.136904 
ITERATION 106 ------------- 
Tank Level 4.136904 
ITERATION 107 ------------- 
Tank Level 4.136904 
ITERATION 108 ------------- 
Tank Level 4.136904 
ITERATION 109 ------------- 
Tank Level 4.136904 
ITERATION 110 ------------- 
Tank Level 4.109281 
ITERATION 111 ------------- 
Tank Level 4.109281 
ITERATION 112 ------------- 
Tank Level 4.109281 
ITERATION 113 ------------- 
Tank Level 4.109281 
ITERATION 114 ------------- 
Tank Level 4.109281 
ITERATION 115 ------------- 
Tank Level 4.109281 
ITERATION 116 ------------- 
Tank Level 4.109281 
ITERATION 117 ------------- 
Tank Level 4.109281 
ITERATION 118 ------------- 
Tank Level 4.109281 
ITERATION 119 ------------- 
Tank Level 4.081658 
ITERATION 120 ------------- 
Tank Level 4.081658 
ITERATION 121 ------------- 
Tank Level 4.081658 
ITERATION 122 ------------- 
Tank Level 4.081658 
ITERATION 123 ------------- 
Tank Level 4.081658 
ITERATION 124 ------------- 
Tank Level 4.081658 
ITERATION 125 ------------- 
Tank Level 4.081658 
ITERATION 126 ------------- 
Tank Level 4.081658 
ITERATION 127 ------------- 
Tank Level 4.081658 
ITERATION 128 ------------- 
Tank Level 4.054036 
ITERATION 129 ------------- 
Tank Level 4.054036 
ITERATION 130 ------------- 
Tank Level 4.054036 
ITERATION 131 ------------- 
Tank Level 4.054036 
ITERATION 132 ------------- 
Tank Level 4.054036 
ITERATION 133 ------------- 
Tank Level 4.054036 
ITERATION 134 ------------- 
Tank Level 4.054036 
ITERATION 135 ------------- 
Tank Level 4.054036 
ITERATION 136 ------------- 
Tank Level 4.054036 
ITERATION 137 ------------- 
Tank Level 4.032710 
ITERATION 138 ------------- 
Tank Level 4.032710 
ITERATION 139 ------------- 
Tank Level 4.032710 
ITERATION 140 ------------- 
Tank Level 4.032710 
ITERATION 141 ------------- 
Tank Level 4.032710 
ITERATION 142 ------------- 
Tank Level 4.032710 
ITERATION 143 ------------- 
Tank Level 4.032710 
ITERATION 144 ------------- 
Tank Level 4.032710 
ITERATION 145 ------------- 
Tank Level 4.032710 
ITERATION 146 ------------- 
Tank Level 4.011383 
ITERATION 147 ------------- 
Tank Level 4.011383 
ITERATION 148 ------------- 
Tank Level 4.011383 
ITERATION 149 ------------- 
Tank Level 4.011383 
ITERATION 150 ------------- 
Tank Level 4.011383 
ITERATION 151 ------------- 
Tank Level 4.011383 
ITERATION 152 ------------- 
Tank Level 4.011383 
ITERATION 153 ------------- 
Tank Level 4.011383 
ITERATION 154 ------------- 
Tank Level 3.990057 
ITERATION 1                T3:1              <= [3.99005740298011]: 'OK'
                T3:1[    0-0    ] <= [3.9900574684143066]
                T3:1              <= [3.99005740298011]: 'OK'
                T3:1[    0-0    ] <= [3.9900574684143066]
                T3:1              <= [3.99005740298011]: 'OK'
                T3:1[    0-0    ] <= [3.9900574684143066]
                T3:1              <= [3.99005740298011]: 'OK'
                T3:1[    0-0    ] <= [3.9900574684143066]
                T3:1              <= [3.99005740298011]: 'OK'
                T3:1[    0-0    ] <= [3.9900574684143066]
                T3:1              <= [3.99005740298011]: 'OK'
                T3:1[    0-0    ] <= [3.9900574684143066]
                T3:1              <= [3.99005740298011]: 'OK'
                T3:1[    0-0    ] <= [3.9900574684143066]
                T3:1              <= [3.99005740298011]: 'OK'
                T3:1[    0-0    ] <= [3.9900574684143066]
                T3:1[    0-0    ] <= [3.96873140335083]
                T3:1              <= [3.96873133034821]: 'OK'
                T3:1              <= [3.96873133034821]: 'OK'
                T3:1[    0-0    ] <= [3.96873140335083]
                T3:1              <= [3.96873133034821]: 'OK'
                T3:1[    0-0    ] <= [3.96873140335083]
                T3:1              <= [3.96873133034821]: 'OK'
                T3:1[    0-0    ] <= [3.96873140335083]
                T3:1              <= [3.96873133034821]: 'OK'
                T3:1[    0-0    ] <= [3.96873140335083]
                T3:1[    0-0    ] <= [3.96873140335083]
                T3:1              <= [3.96873133034821]: 'OK'
                T3:1              <= [3.96873133034821]: 'OK'
                T3:1[    0-0    ] <= [3.96873140335083]
                T3:1              <= [3.96873133034821]: 'OK'
                T3:1[    0-0    ] <= [3.96873140335083]
                T3:1              <= [3.96873133034821]: 'OK'
                T3:1[    0-0    ] <= [3.96873140335083]
                T3:1              <= [3.96873133034821]: 'OK'
                T3:1[    0-0    ] <= [3.96873140335083]
                T3:1              <= [3.94740525771631]: 'OK'
                T3:1[    0-0    ] <= [3.9474053382873535]
                T3:1              <= [3.94740525771631]: 'OK'
                T3:1[    0-0    ] <= [3.9474053382873535]
                T3:1              <= [3.94740525771631]: 'OK'
                T3:1[    0-0    ] <= [3.9474053382873535]
                T3:1              <= [3.94740525771631]: 'OK'
                T3:1[    0-0    ] <= [3.9474053382873535]
                T3:1              <= [3.94740525771631]: 'OK'
                T3:1[    0-0    ] <= [3.9474053382873535]
                T3:1              <= [3.94740525771631]: 'OK'
                T3:1[    0-0    ] <= [3.9474053382873535]
                T3:1              <= [3.94740525771631]: 'OK'
                T3:1[    0-0    ] <= [3.9474053382873535]
                T3:1              <= [3.94740525771631]: 'OK'
                T3:1[    0-0    ] <= [3.9474053382873535]
                T3:1              <= [3.92607918508442]: 'OK'
                T3:1[    0-0    ] <= [3.926079273223877]
                T3:1              <= [3.92607918508442]: 'OK'
                T3:1[    0-0    ] <= [3.926079273223877]
                T3:1              <= [3.92607918508442]: 'OK'
                T3:1[    0-0    ] <= [3.926079273223877]
                T3:1[    0-0    ] <= [3.926079273223877]
                T3:1              <= [3.92607918508442]: 'OK'
                T3:1              <= [3.92607918508442]: 'OK'
                T3:1[    0-0    ] <= [3.926079273223877]
                T3:1              <= [3.92607918508442]: 'OK'
                T3:1[    0-0    ] <= [3.926079273223877]
                T3:1              <= [3.92607918508442]: 'OK'
                T3:1[    0-0    ] <= [3.926079273223877]
                T3:1              <= [3.92607918508442]: 'OK'
                T3:1[    0-0    ] <= [3.926079273223877]
                T3:1              <= [3.92607918508442]: 'OK'
                T3:1[    0-0    ] <= [3.926079273223877]
                T3:1              <= [3.90475311245252]: 'OK'
                T3:1[    0-0    ] <= [3.9047532081604004]
                T3:1              <= [3.90475311245252]: 'OK'
                T3:1[    0-0    ] <= [3.9047532081604004]
                T3:1[    0-0    ] <= [3.9047532081604004]
                T3:1              <= [3.90475311245252]: 'OK'
                T3:1[    0-0    ] <= [3.9047532081604004]
                T3:1              <= [3.90475311245252]: 'OK'
                T3:1              <= [3.90475311245252]: 'OK'
                T3:1[    0-0    ] <= [3.9047532081604004]
                T3:1              <= [3.90475311245252]: 'OK'
                T3:1[    0-0    ] <= [3.9047532081604004]
                T3:1              <= [3.90475311245252]: 'OK'
                T3:1[    0-0    ] <= [3.9047532081604004]
                T3:1              <= [3.90475311245252]: 'OK'
                T3:1[    0-0    ] <= [3.9047532081604004]
                T3:1              <= [3.90475311245252]: 'OK'
                T3:1[    0-0    ] <= [3.9047532081604004]
                T3:1              <= [3.90475311245252]: 'OK'
                T3:1[    0-0    ] <= [3.9047532081604004]
                T3:1              <= [3.90475311245252]: 'OK'
                T3:1[    0-0    ] <= [3.9047532081604004]
                T3:1              <= [3.90475311245252]: 'OK'
                T3:1[    0-0    ] <= [3.9047532081604004]
                T3:1              <= [3.88342703982065]: 'OK'
                T3:1[    0-0    ] <= [3.883427143096924]
                T3:1              <= [3.88342703982065]: 'OK'
                T3:1[    0-0    ] <= [3.883427143096924]
                T3:1              <= [3.88342703982065]: 'OK'
                T3:1[    0-0    ] <= [3.883427143096924]
                T3:1[    0-0    ] <= [3.883427143096924]
                T3:1              <= [3.88342703982065]: 'OK'
                T3:1              <= [3.88342703982065]: 'OK'
                T3:1[    0-0    ] <= [3.883427143096924]
                T3:1              <= [3.88342703982065]: 'OK'
                T3:1[    0-0    ] <= [3.883427143096924]
                T3:1              <= [3.88342703982065]: 'OK'
                T3:1[    0-0    ] <= [3.883427143096924]
                T3:1              <= [3.88342703982065]: 'OK'
                T3:1[    0-0    ] <= [3.883427143096924]
                T3:1              <= [3.88342703982065]: 'OK'
                T3:1[    0-0    ] <= [3.883427143096924]
                T3:1[    0-0    ] <= [3.8621010780334473]
                T3:1              <= [3.86210096718877]: 'OK'
                T3:1              <= [3.86210096718877]: 'OK'
                T3:1[    0-0    ] <= [3.8621010780334473]
                T3:1              <= [3.86210096718877]: 'OK'
                T3:1[    0-0    ] <= [3.8621010780334473]
                T3:1              <= [3.86210096718877]: 'OK'
                T3:1[    0-0    ] <= [3.8621010780334473]
                T3:1              <= [3.86210096718877]: 'OK'
                T3:1[    0-0    ] <= [3.8621010780334473]
                T3:1              <= [3.86210096718877]: 'OK'
                T3:1[    0-0    ] <= [3.8621010780334473]
                T3:1              <= [3.86210096718877]: 'OK'
                T3:1[    0-0    ] <= [3.8621010780334473]
                T3:1              <= [3.86210096718877]: 'OK'
                T3:1[    0-0    ] <= [3.8621010780334473]
                T3:1              <= [3.84077489455689]: 'OK'
                T3:1[    0-0    ] <= [3.8407750129699707]
                T3:1[    0-0    ] <= [3.8407750129699707]
                T3:1              <= [3.84077489455689]: 'OK'
                T3:1[    0-0    ] <= [3.8407750129699707]
                T3:1              <= [3.84077489455689]: 'OK'
                T3:1              <= [3.84077489455689]: 'OK'
                T3:1[    0-0    ] <= [3.8407750129699707]
                T3:1              <= [3.84077489455689]: 'OK'
                T3:1[    0-0    ] <= [3.8407750129699707]
                T3:1              <= [3.84077489455689]: 'OK'
                T3:1[    0-0    ] <= [3.8407750129699707]
                T3:1              <= [3.84077489455689]: 'OK'
                T3:1[    0-0    ] <= [3.8407750129699707]
                T3:1[    0-0    ] <= [3.8407750129699707]
                T3:1              <= [3.84077489455689]: 'OK'
                T3:1[    0-0    ] <= [3.8407750129699707]
                T3:1              <= [3.84077489455689]: 'OK'
                T3:1[    0-0    ] <= [3.819448709487915]
                T3:1              <= [3.81944882192502]: 'OK'
                T3:1              <= [3.81944882192502]: 'OK'
                T3:1[    0-0    ] <= [3.819448709487915]
                T3:1              <= [3.81944882192502]: 'OK'
                T3:1[    0-0    ] <= [3.819448709487915]
                T3:1              <= [3.81944882192502]: 'OK'
                T3:1[    0-0    ] <= [3.819448709487915]
                T3:1              <= [3.81944882192502]: 'OK'
                T3:1[    0-0    ] <= [3.819448709487915]
                T3:1              <= [3.81944882192502]: 'OK'
                T3:1[    0-0    ] <= [3.819448709487915]
                T3:1              <= [3.81944882192502]: 'OK'
                T3:1[    0-0    ] <= [3.819448709487915]
                T3:1              <= [3.81944882192502]: 'OK'
                T3:1[    0-0    ] <= [3.819448709487915]
                T3:1[    0-0    ] <= [3.7981226444244385]
                T3:1              <= [3.79812274929316]: 'OK'
55 ------------- 
Tank Level 3.990057 
ITERATION 156 ------------- 
Tank Level 3.990057 
ITERATION 157 ------------- 
Tank Level 3.990057 
ITERATION 158 ------------- 
Tank Level 3.990057 
ITERATION 159 ------------- 
Tank Level 3.990057 
ITERATION 160 ------------- 
Tank Level 3.990057 
ITERATION 161 ------------- 
Tank Level 3.990057 
ITERATION 162 ------------- 
Tank Level 3.968731 
ITERATION 163 ------------- 
Tank Level 3.968731 
ITERATION 164 ------------- 
Tank Level 3.968731 
ITERATION 165 ------------- 
Tank Level 3.968731 
ITERATION 166 ------------- 
Tank Level 3.968731 
ITERATION 167 ------------- 
Tank Level 3.968731 
ITERATION 168 ------------- 
Tank Level 3.968731 
ITERATION 169 ------------- 
Tank Level 3.968731 
ITERATION 170 ------------- 
Tank Level 3.968731 
ITERATION 171 ------------- 
Tank Level 3.968731 
ITERATION 172 ------------- 
Tank Level 3.947405 
ITERATION 173 ------------- 
Tank Level 3.947405 
ITERATION 174 ------------- 
Tank Level 3.947405 
ITERATION 175 ------------- 
Tank Level 3.947405 
ITERATION 176 ------------- 
Tank Level 3.947405 
ITERATION 177 ------------- 
Tank Level 3.947405 
ITERATION 178 ------------- 
Tank Level 3.947405 
ITERATION 179 ------------- 
Tank Level 3.947405 
ITERATION 180 ------------- 
Tank Level 3.926079 
ITERATION 181 ------------- 
Tank Level 3.926079 
ITERATION 182 ------------- 
Tank Level 3.926079 
ITERATION 183 ------------- 
Tank Level 3.926079 
ITERATION 184 ------------- 
Tank Level 3.926079 
ITERATION 185 ------------- 
Tank Level 3.926079 
ITERATION 186 ------------- 
Tank Level 3.926079 
ITERATION 187 ------------- 
Tank Level 3.926079 
ITERATION 188 ------------- 
Tank Level 3.926079 
ITERATION 189 ------------- 
Tank Level 3.904753 
ITERATION 190 ------------- 
Tank Level 3.904753 
ITERATION 191 ------------- 
Tank Level 3.904753 
ITERATION 192 ------------- 
Tank Level 3.904753 
ITERATION 193 ------------- 
Tank Level 3.904753 
ITERATION 194 ------------- 
Tank Level 3.904753 
ITERATION 195 ------------- 
Tank Level 3.904753 
ITERATION 196 ------------- 
Tank Level 3.904753 
ITERATION 197 ------------- 
Tank Level 3.904753 
ITERATION 198 ------------- 
Tank Level 3.904753 
ITERATION 199 ------------- 
Tank Level 3.904753 
ITERATION 200 ------------- 
Tank Level 3.904753 
ITERATION 201 ------------- 
Tank Level 3.883427 
ITERATION 202 ------------- 
Tank Level 3.883427 
ITERATION 203 ------------- 
Tank Level 3.883427 
ITERATION 204 ------------- 
Tank Level 3.883427 
ITERATION 205 ------------- 
Tank Level 3.883427 
ITERATION 206 ------------- 
Tank Level 3.883427 
ITERATION 207 ------------- 
Tank Level 3.883427 
ITERATION 208 ------------- 
Tank Level 3.883427 
ITERATION 209 ------------- 
Tank Level 3.883427 
ITERATION 210 ------------- 
Tank Level 3.862101 
ITERATION 211 ------------- 
Tank Level 3.862101 
ITERATION 212 ------------- 
Tank Level 3.862101 
ITERATION 213 ------------- 
Tank Level 3.862101 
ITERATION 214 ------------- 
Tank Level 3.862101 
ITERATION 215 ------------- 
Tank Level 3.862101 
ITERATION 216 ------------- 
Tank Level 3.862101 
ITERATION 217 ------------- 
Tank Level 3.862101 
ITERATION 218 ------------- 
Tank Level 3.840775 
ITERATION 219 ------------- 
Tank Level 3.840775 
ITERATION 220 ------------- 
Tank Level 3.840775 
ITERATION 221 ------------- 
Tank Level 3.840775 
ITERATION 222 ------------- 
Tank Level 3.840775 
ITERATION 223 ------------- 
Tank Level 3.840775 
ITERATION 224 ------------- 
Tank Level 3.840775 
ITERATION 225 ------------- 
Tank Level 3.840775 
ITERATION 226 ------------- 
Tank Level 3.840775 
ITERATION 227 ------------- 
Tank Level 3.819449 
ITERATION 228 ------------- 
Tank Level 3.819449 
ITERATION 229 ------------- 
Tank Level 3.819449 
ITERATION 230 ------------- 
Tank Level 3.819449 
ITERATION 231 ------------- 
Tank Level 3.819449 
ITERATION 232 ------------- 
Tank Level 3.819449 
ITERATION 233 ------------- 
Tank Level 3.819449 
ITERATION 234 ------------- 
Tank Level 3.819449 
ITERATION 235 ------------- 
Tank Level 3.798123 
ITERATION 236 ------------- 
Tank Level 3.798123 
ITERATI                T3:1[    0-0    ] <= [3.7981226444244385]
                T3:1              <= [3.79812274929316]: 'OK'
                T3:1[    0-0    ] <= [3.7981226444244385]
                T3:1              <= [3.79812274929316]: 'OK'
                T3:1              <= [3.79812274929316]: 'OK'
                T3:1[    0-0    ] <= [3.7981226444244385]
                T3:1              <= [3.79812274929316]: 'OK'
                T3:1[    0-0    ] <= [3.7981226444244385]
                T3:1              <= [3.79812274929316]: 'OK'
                T3:1[    0-0    ] <= [3.7981226444244385]
                T3:1              <= [3.79812274929316]: 'OK'
                T3:1[    0-0    ] <= [3.7981226444244385]
                T3:1              <= [3.79812274929316]: 'OK'
                T3:1[    0-0    ] <= [3.7981226444244385]
                T3:1              <= [3.79812274929316]: 'OK'
                T3:1[    0-0    ] <= [3.7981226444244385]
                T3:1              <= [3.78127997173434]: 'OK'
                T3:1[    0-0    ] <= [3.781280040740967]
                T3:1              <= [3.78127997173434]: 'OK'
                T3:1[    0-0    ] <= [3.781280040740967]
                T3:1              <= [3.78127997173434]: 'OK'
                T3:1[    0-0    ] <= [3.781280040740967]
                T3:1              <= [3.78127997173434]: 'OK'
                T3:1[    0-0    ] <= [3.781280040740967]
                T3:1              <= [3.78127997173434]: 'OK'
                T3:1[    0-0    ] <= [3.781280040740967]
                T3:1              <= [3.78127997173434]: 'OK'
                T3:1[    0-0    ] <= [3.781280040740967]
                T3:1              <= [3.78127997173434]: 'OK'
                T3:1[    0-0    ] <= [3.781280040740967]
                T3:1              <= [3.78127997173434]: 'OK'
                T3:1[    0-0    ] <= [3.781280040740967]
                T3:1              <= [3.78127997173434]: 'OK'
                T3:1[    0-0    ] <= [3.781280040740967]
                T3:1              <= [3.76443719417551]: 'OK'
                T3:1[    0-0    ] <= [3.764437198638916]
                T3:1              <= [3.76443719417551]: 'OK'
                T3:1[    0-0    ] <= [3.764437198638916]
                T3:1              <= [3.76443719417551]: 'OK'
                T3:1[    0-0    ] <= [3.764437198638916]
                T3:1              <= [3.76443719417551]: 'OK'
                T3:1[    0-0    ] <= [3.764437198638916]
                T3:1              <= [3.76443719417551]: 'OK'
                T3:1[    0-0    ] <= [3.764437198638916]
                T3:1              <= [3.76443719417551]: 'OK'
                T3:1[    0-0    ] <= [3.764437198638916]
                T3:1              <= [3.76443719417551]: 'OK'
                T3:1[    0-0    ] <= [3.764437198638916]
                T3:1[    0-0    ] <= [3.764437198638916]
                T3:1              <= [3.76443719417551]: 'OK'
                T3:1              <= [3.76443719417551]: 'OK'
                T3:1[    0-0    ] <= [3.764437198638916]
                T3:1              <= [3.74759441661669]: 'OK'
                T3:1[    0-0    ] <= [3.7475943565368652]
                T3:1              <= [3.74759441661669]: 'OK'
                T3:1[    0-0    ] <= [3.7475943565368652]
                T3:1              <= [3.74759441661669]: 'OK'
                T3:1[    0-0    ] <= [3.7475943565368652]
                T3:1              <= [3.74759441661669]: 'OK'
                T3:1[    0-0    ] <= [3.7475943565368652]
                T3:1              <= [3.74759441661669]: 'OK'
                T3:1[    0-0    ] <= [3.7475943565368652]
                T3:1              <= [3.74759441661669]: 'OK'
                T3:1[    0-0    ] <= [3.7475943565368652]
                T3:1              <= [3.74759441661669]: 'OK'
                T3:1[    0-0    ] <= [3.7475943565368652]
                T3:1              <= [3.74759441661669]: 'OK'
                T3:1[    0-0    ] <= [3.7475943565368652]
                T3:1              <= [3.73075163905787]: 'OK'
                T3:1[    0-0    ] <= [3.7307517528533936]
                T3:1              <= [3.73075163905787]: 'OK'
                T3:1[    0-0    ] <= [3.7307517528533936]
                T3:1              <= [3.73075163905787]: 'OK'
                T3:1[    0-0    ] <= [3.7307517528533936]
                T3:1              <= [3.73075163905787]: 'OK'
                T3:1[    0-0    ] <= [3.7307517528533936]
                T3:1[    0-0    ] <= [3.7307517528533936]
                T3:1              <= [3.73075163905787]: 'OK'
                T3:1[    0-0    ] <= [3.7307517528533936]
                T3:1              <= [3.73075163905787]: 'OK'
                T3:1              <= [3.73075163905787]: 'OK'
                T3:1[    0-0    ] <= [3.7307517528533936]
                T3:1              <= [3.73075163905787]: 'OK'
                T3:1[    0-0    ] <= [3.7307517528533936]
                T3:1              <= [3.73075163905787]: 'OK'
                T3:1[    0-0    ] <= [3.7307517528533936]
                T3:1              <= [3.73075163905787]: 'OK'
                T3:1[    0-0    ] <= [3.7307517528533936]
                T3:1              <= [3.71390886149906]: 'OK'
                T3:1[    0-0    ] <= [3.7139089107513428]
                T3:1              <= [3.71390886149906]: 'OK'
                T3:1[    0-0    ] <= [3.7139089107513428]
                T3:1[    0-0    ] <= [3.7139089107513428]
                T3:1              <= [3.71390886149906]: 'OK'
                T3:1              <= [3.71390886149906]: 'OK'
                T3:1[    0-0    ] <= [3.7139089107513428]
                T3:1[    0-0    ] <= [3.7139089107513428]
                T3:1              <= [3.71390886149906]: 'OK'
                T3:1              <= [3.71390886149906]: 'OK'
                T3:1[    0-0    ] <= [3.7139089107513428]
                T3:1              <= [3.71390886149906]: 'OK'
                T3:1[    0-0    ] <= [3.7139089107513428]
                T3:1              <= [3.71390886149906]: 'OK'
                T3:1[    0-0    ] <= [3.7139089107513428]
                T3:1              <= [3.71390886149906]: 'OK'
                T3:1[    0-0    ] <= [3.7139089107513428]
                T3:1              <= [3.69706608394026]: 'OK'
                T3:1[    0-0    ] <= [3.697066068649292]
                T3:1              <= [3.69706608394026]: 'OK'
                T3:1[    0-0    ] <= [3.697066068649292]
                T3:1              <= [3.69706608394026]: 'OK'
                T3:1[    0-0    ] <= [3.697066068649292]
                T3:1              <= [3.69706608394026]: 'OK'
                T3:1[    0-0    ] <= [3.697066068649292]
                T3:1              <= [3.69706608394026]: 'OK'
                T3:1[    0-0    ] <= [3.697066068649292]
                T3:1              <= [3.69706608394026]: 'OK'
                T3:1[    0-0    ] <= [3.697066068649292]
                T3:1              <= [3.69706608394026]: 'OK'
                T3:1[    0-0    ] <= [3.697066068649292]
                T3:1              <= [3.69706608394026]: 'OK'
                T3:1[    0-0    ] <= [3.697066068649292]
                T3:1              <= [3.69706608394026]: 'OK'
                T3:1[    0-0    ] <= [3.697066068649292]
                T3:1              <= [3.68022330638145]: 'OK'
                T3:1[    0-0    ] <= [3.680223226547241]
                T3:1              <= [3.68022330638145]: 'OK'
                T3:1[    0-0    ] <= [3.680223226547241]
                T3:1[    0-0    ] <= [3.680223226547241]
                T3:1              <= [3.68022330638145]: 'OK'
                T3:1              <= [3.68022330638145]: 'OK'
                T3:1[    0-0    ] <= [3.680223226547241]
                T3:1              <= [3.68022330638145]: 'OK'
                T3:1[    0-0    ] <= [3.680223226547241]
                T3:1              <= [3.68022330638145]: 'OK'
                T3:1[    0-0    ] <= [3.680223226547241]
                T3:1              <= [3.68022330638145]: 'OK'
                T3:1[    0-0    ] <= [3.680223226547241]
                T3:1              <= [3.68022330638145]: 'OK'
                T3:1[    0-0    ] <= [3.680223226547241]
                T3:1              <= [3.68022330638145]: 'OK'
                T3:1[    0-0    ] <= [3.680223226547241]
                T3:1              <= [3.68022330638145]: 'OK'
                T3:1[    0-0    ] <= [3.680223226547241]
                T3:1              <= [3.68022330638145]: 'OK'
                T3:1[    0-0    ] <= [3.680223226547241]
                T3:1              <= [3.68022330638145]: 'OK'
                T3:1[    0-0    ] <= [3.680223226547241]
                T3:1              <= [3.68022330638145]: 'OK'
                T3:1[    0-0    ] <= [3.680223226547241]
                T3:1              <= [3.68022330638145]: 'OK'
                T3:1[    0-0    ] <= [3.680223226547241]
                T3:1              <= [3.68022330638145]: 'OK'
                T3:1[    0-0    ] <= [3.680223226547241]
                T3:1              <= [3.66731051025303]: 'OK'
                T3:1[    0-0    ] <= [3.6673104763031006]
                T3:1              <= [3.66731051025303]: 'OK'
                T3:1[    0-0    ] <= [3.6673104763031006]
                T3:1              <= [3.66731051025303]: 'OK'
                T3:1[    0-0    ] <= [3.6673104763031006]
                T3:1              <= [3.66731051025303]: 'OK'
                T3:1[    0-0    ] <= [3.6673104763031006]
                T3:1              <= [3.66731051025303]: 'OK'
                T3:1[    0-0    ] <= [3.6673104763031006]
ON 237 ------------- 
Tank Level 3.798123 
ITERATION 238 ------------- 
Tank Level 3.798123 
ITERATION 239 ------------- 
Tank Level 3.798123 
ITERATION 240 ------------- 
Tank Level 3.798123 
ITERATION 241 ------------- 
Tank Level 3.798123 
ITERATION 242 ------------- 
Tank Level 3.798123 
ITERATION 243 ------------- 
Tank Level 3.798123 
ITERATION 244 ------------- 
Tank Level 3.781280 
ITERATION 245 ------------- 
Tank Level 3.781280 
ITERATION 246 ------------- 
Tank Level 3.781280 
ITERATION 247 ------------- 
Tank Level 3.781280 
ITERATION 248 ------------- 
Tank Level 3.781280 
ITERATION 249 ------------- 
Tank Level 3.781280 
ITERATION 250 ------------- 
Tank Level 3.781280 
ITERATION 251 ------------- 
Tank Level 3.781280 
ITERATION 252 ------------- 
Tank Level 3.781280 
ITERATION 253 ------------- 
Tank Level 3.764437 
ITERATION 254 ------------- 
Tank Level 3.764437 
ITERATION 255 ------------- 
Tank Level 3.764437 
ITERATION 256 ------------- 
Tank Level 3.764437 
ITERATION 257 ------------- 
Tank Level 3.764437 
ITERATION 258 ------------- 
Tank Level 3.764437 
ITERATION 259 ------------- 
Tank Level 3.764437 
ITERATION 260 ------------- 
Tank Level 3.764437 
ITERATION 261 ------------- 
Tank Level 3.764437 
ITERATION 262 ------------- 
Tank Level 3.747594 
ITERATION 263 ------------- 
Tank Level 3.747594 
ITERATION 264 ------------- 
Tank Level 3.747594 
ITERATION 265 ------------- 
Tank Level 3.747594 
ITERATION 266 ------------- 
Tank Level 3.747594 
ITERATION 267 ------------- 
Tank Level 3.747594 
ITERATION 268 ------------- 
Tank Level 3.747594 
ITERATION 269 ------------- 
Tank Level 3.747594 
ITERATION 270 ------------- 
Tank Level 3.730752 
ITERATION 271 ------------- 
Tank Level 3.730752 
ITERATION 272 ------------- 
Tank Level 3.730752 
ITERATION 273 ------------- 
Tank Level 3.730752 
ITERATION 274 ------------- 
Tank Level 3.730752 
ITERATION 275 ------------- 
Tank Level 3.730752 
ITERATION 276 ------------- 
Tank Level 3.730752 
ITERATION 277 ------------- 
Tank Level 3.730752 
ITERATION 278 ------------- 
Tank Level 3.730752 
ITERATION 279 ------------- 
Tank Level 3.730752 
ITERATION 280 ------------- 
Tank Level 3.713909 
ITERATION 281 ------------- 
Tank Level 3.713909 
ITERATION 282 ------------- 
Tank Level 3.713909 
ITERATION 283 ------------- 
Tank Level 3.713909 
ITERATION 284 ------------- 
Tank Level 3.713909 
ITERATION 285 ------------- 
Tank Level 3.713909 
ITERATION 286 ------------- 
Tank Level 3.713909 
ITERATION 287 ------------- 
Tank Level 3.713909 
ITERATION 288 ------------- 
Tank Level 3.713909 
ITERATION 289 ------------- 
Tank Level 3.697066 
ITERATION 290 ------------- 
Tank Level 3.697066 
ITERATION 291 ------------- 
Tank Level 3.697066 
ITERATION 292 ------------- 
Tank Level 3.697066 
ITERATION 293 ------------- 
Tank Level 3.697066 
ITERATION 294 ------------- 
Tank Level 3.697066 
ITERATION 295 ------------- 
Tank Level 3.697066 
ITERATION 296 ------------- 
Tank Level 3.697066 
ITERATION 297 ------------- 
Tank Level 3.697066 
ITERATION 298 ------------- 
Tank Level 3.680223 
ITERATION 299 ------------- 
Tank Level 3.680223 
ITERATION 300 ------------- 
Tank Level 3.680223 
ITERATION 301 ------------- 
Tank Level 3.680223 
ITERATION 302 ------------- 
Tank Level 3.680223 
ITERATION 303 ------------- 
Tank Level 3.680223 
ITERATION 304 ------------- 
Tank Level 3.680223 
ITERATION 305 ------------- 
Tank Level 3.680223 
ITERATION 306 ------------- 
Tank Level 3.680223 
ITERATION 307 ------------- 
Tank Level 3.680223 
ITERATION 308 ------------- 
Tank Level 3.680223 
ITERATION 309 ------------- 
Tank Level 3.680223 
ITERATION 310 ------------- 
Tank Level 3.680223 
ITERATION 311 ------------- 
Tank Level 3.680223 
ITERATION 312 ------------- 
Tank Level 3.680223 
ITERATION 313 ------------- 
Tank Level 3.667311 
ITERATION 314 ------------- 
Tank Level 3.667311 
ITERATION 315 ------------- 
Tank Level 3.667311 
ITERATION 316 ------------- 
Tank Level 3.667311 
ITERATION 317 ------------- 
Tank Level 3.667311 
ITERATION 318 ------------- 
Tank Level 3.667311 
ITE                T3:1              <= [3.66731051025303]: 'OK'
                T3:1[    0-0    ] <= [3.6673104763031006]
                T3:1              <= [3.66731051025303]: 'OK'
                T3:1[    0-0    ] <= [3.6673104763031006]
                T3:1              <= [3.66731051025303]: 'OK'
                T3:1[    0-0    ] <= [3.6673104763031006]
                T3:1              <= [3.66731051025303]: 'OK'
                T3:1[    0-0    ] <= [3.6673104763031006]
                T3:1[    0-0    ] <= [3.6633806228637695]
                T3:1              <= [3.66338052882264]: 'OK'
                T3:1              <= [3.66338052882264]: 'OK'
                T3:1[    0-0    ] <= [3.6633806228637695]
                T3:1              <= [3.66338052882264]: 'OK'
                T3:1[    0-0    ] <= [3.6633806228637695]
                T3:1              <= [3.66338052882264]: 'OK'
                T3:1[    0-0    ] <= [3.6633806228637695]
                T3:1              <= [3.66338052882264]: 'OK'
                T3:1[    0-0    ] <= [3.6633806228637695]
                T3:1[    0-0    ] <= [3.6633806228637695]
                T3:1              <= [3.66338052882264]: 'OK'
                T3:1              <= [3.66338052882264]: 'OK'
                T3:1[    0-0    ] <= [3.6633806228637695]
                T3:1              <= [3.66338052882264]: 'OK'
                T3:1[    0-0    ] <= [3.6633806228637695]
                T3:1              <= [3.66338052882264]: 'OK'
                T3:1[    0-0    ] <= [3.6633806228637695]
                T3:1              <= [3.66338052882264]: 'OK'
                T3:1[    0-0    ] <= [3.6633806228637695]
                T3:1              <= [3.66338052882264]: 'OK'
                T3:1[    0-0    ] <= [3.6633806228637695]
                T3:1              <= [3.66338052882264]: 'OK'
                T3:1[    0-0    ] <= [3.6633806228637695]
                T3:1[    0-0    ] <= [3.6633806228637695]
                T3:1              <= [3.66338052882264]: 'OK'
                T3:1              <= [3.66338052882264]: 'OK'
                T3:1[    0-0    ] <= [3.6633806228637695]
                T3:1              <= [3.64653775126384]: 'OK'
                T3:1[    0-0    ] <= [3.6465377807617188]
                T3:1[    0-0    ] <= [3.6465377807617188]
                T3:1              <= [3.64653775126384]: 'OK'
                T3:1              <= [3.64653775126384]: 'OK'
                T3:1[    0-0    ] <= [3.6465377807617188]
                T3:1              <= [3.64653775126384]: 'OK'
                T3:1[    0-0    ] <= [3.6465377807617188]
                T3:1              <= [3.64653775126384]: 'OK'
                T3:1[    0-0    ] <= [3.6465377807617188]
                T3:1              <= [3.64653775126384]: 'OK'
                T3:1[    0-0    ] <= [3.6465377807617188]
                T3:1[    0-0    ] <= [3.6465377807617188]
                T3:1              <= [3.64653775126384]: 'OK'
                T3:1[    0-0    ] <= [3.6465377807617188]
                T3:1              <= [3.64653775126384]: 'OK'
                T3:1              <= [3.64653775126384]: 'OK'
                T3:1[    0-0    ] <= [3.6465377807617188]
                T3:1              <= [3.62969497370504]: 'OK'
                T3:1[    0-0    ] <= [3.629694938659668]
                T3:1              <= [3.62969497370504]: 'OK'
                T3:1[    0-0    ] <= [3.629694938659668]
                T3:1              <= [3.62969497370504]: 'OK'
                T3:1[    0-0    ] <= [3.629694938659668]
                T3:1              <= [3.62969497370504]: 'OK'
                T3:1[    0-0    ] <= [3.629694938659668]
                T3:1              <= [3.62969497370504]: 'OK'
                T3:1[    0-0    ] <= [3.629694938659668]
                T3:1              <= [3.62969497370504]: 'OK'
                T3:1[    0-0    ] <= [3.629694938659668]
                T3:1              <= [3.62969497370504]: 'OK'
                T3:1[    0-0    ] <= [3.629694938659668]
                T3:1              <= [3.62969497370504]: 'OK'
                T3:1[    0-0    ] <= [3.629694938659668]
                T3:1[    0-0    ] <= [3.612852096557617]
                T3:1              <= [3.61285219614625]: 'OK'
                T3:1              <= [3.61285219614625]: 'OK'
                T3:1[    0-0    ] <= [3.612852096557617]
                T3:1              <= [3.61285219614625]: 'OK'
                T3:1[    0-0    ] <= [3.612852096557617]
                T3:1              <= [3.61285219614625]: 'OK'
                T3:1[    0-0    ] <= [3.612852096557617]
                T3:1              <= [3.61285219614625]: 'OK'
                T3:1[    0-0    ] <= [3.612852096557617]
                T3:1              <= [3.61285219614625]: 'OK'
                T3:1[    0-0    ] <= [3.612852096557617]
                T3:1[    0-0    ] <= [3.612852096557617]
                T3:1              <= [3.61285219614625]: 'OK'
                T3:1              <= [3.61285219614625]: 'OK'
                T3:1[    0-0    ] <= [3.612852096557617]
                T3:1              <= [3.61285219614625]: 'OK'
                T3:1[    0-0    ] <= [3.612852096557617]
                T3:1              <= [3.61285219614625]: 'OK'
                T3:1[    0-0    ] <= [3.612852096557617]
                T3:1              <= [3.59600941858746]: 'OK'
                T3:1[    0-0    ] <= [3.5960094928741455]
                T3:1              <= [3.59600941858746]: 'OK'
                T3:1[    0-0    ] <= [3.5960094928741455]
                T3:1              <= [3.59600941858746]: 'OK'
                T3:1[    0-0    ] <= [3.5960094928741455]
                T3:1              <= [3.59600941858746]: 'OK'
                T3:1[    0-0    ] <= [3.5960094928741455]
                T3:1              <= [3.59600941858746]: 'OK'
                T3:1[    0-0    ] <= [3.5960094928741455]
                T3:1              <= [3.59600941858746]: 'OK'
                T3:1[    0-0    ] <= [3.5960094928741455]
                T3:1[    0-0    ] <= [3.5960094928741455]
                T3:1              <= [3.59600941858746]: 'OK'
                T3:1              <= [3.59600941858746]: 'OK'
                T3:1[    0-0    ] <= [3.5960094928741455]
                T3:1              <= [3.59600941858746]: 'OK'
                T3:1[    0-0    ] <= [3.5960094928741455]
                T3:1[    0-0    ] <= [3.577507972717285]
                T3:1              <= [3.57750799132408]: 'OK'
                T3:1              <= [3.57750799132408]: 'OK'
                T3:1[    0-0    ] <= [3.577507972717285]
                T3:1[    0-0    ] <= [3.577507972717285]
                T3:1              <= [3.57750799132408]: 'OK'
                T3:1              <= [3.57750799132408]: 'OK'
                T3:1[    0-0    ] <= [3.577507972717285]
                T3:1              <= [3.57750799132408]: 'OK'
                T3:1[    0-0    ] <= [3.577507972717285]
                T3:1              <= [3.57750799132408]: 'OK'
                T3:1[    0-0    ] <= [3.577507972717285]
                T3:1              <= [3.57750799132408]: 'OK'
                T3:1[    0-0    ] <= [3.577507972717285]
                T3:1              <= [3.57750799132408]: 'OK'
                T3:1[    0-0    ] <= [3.577507972717285]
                T3:1[    0-0    ] <= [3.577507972717285]
                T3:1              <= [3.57750799132408]: 'OK'
                T3:1              <= [3.55900656406071]: 'OK'
                T3:1[    0-0    ] <= [3.559006452560425]
                T3:1              <= [3.55900656406071]: 'OK'
                T3:1[    0-0    ] <= [3.559006452560425]
                T3:1              <= [3.55900656406071]: 'OK'
                T3:1[    0-0    ] <= [3.559006452560425]
                T3:1              <= [3.55900656406071]: 'OK'
                T3:1[    0-0    ] <= [3.559006452560425]
                T3:1              <= [3.55900656406071]: 'OK'
                T3:1[    0-0    ] <= [3.559006452560425]
                T3:1              <= [3.55900656406071]: 'OK'
                T3:1[    0-0    ] <= [3.559006452560425]
                T3:1              <= [3.55900656406071]: 'OK'
                T3:1[    0-0    ] <= [3.559006452560425]
                T3:1              <= [3.55900656406071]: 'OK'
                T3:1[    0-0    ] <= [3.559006452560425]
                T3:1[    0-0    ] <= [3.559006452560425]
                T3:1              <= [3.55900656406071]: 'OK'
                T3:1              <= [3.54050513679734]: 'OK'
                T3:1[    0-0    ] <= [3.5405051708221436]
                T3:1              <= [3.54050513679734]: 'OK'
                T3:1[    0-0    ] <= [3.5405051708221436]
                T3:1              <= [3.54050513679734]: 'OK'
                T3:1[    0-0    ] <= [3.5405051708221436]
                T3:1              <= [3.54050513679734]: 'OK'
                T3:1[    0-0    ] <= [3.5405051708221436]
                T3:1              <= [3.54050513679734]: 'OK'
                T3:1[    0-0    ] <= [3.5405051708221436]
                T3:1              <= [3.54050513679734]: 'OK'
                T3:1[    0-0    ] <= [3.5405051708221436]
                T3:1              <= [3.54050513679734]: 'OK'
                T3:1[    0-0    ] <= [3.5405051708221436]
                T3:1              <= [3.52200370953398]: 'OK'
                T3:1[    0-0    ] <= [3.522003650665283]
                T3:1              <= [3.52200370953398]: 'OK'
                T3:1[    0-0    ] <= [3.522003650665283]
                T3:1              <= [3.52200370953398]: 'OK'
                T3:1[    0-0    ] <= [3.522003650665283]
RATION 319 ------------- 
Tank Level 3.667311 
ITERATION 320 ------------- 
Tank Level 3.667311 
ITERATION 321 ------------- 
Tank Level 3.667311 
ITERATION 322 ------------- 
Tank Level 3.663381 
ITERATION 323 ------------- 
Tank Level 3.663381 
ITERATION 324 ------------- 
Tank Level 3.663381 
ITERATION 325 ------------- 
Tank Level 3.663381 
ITERATION 326 ------------- 
Tank Level 3.663381 
ITERATION 327 ------------- 
Tank Level 3.663381 
ITERATION 328 ------------- 
Tank Level 3.663381 
ITERATION 329 ------------- 
Tank Level 3.663381 
ITERATION 330 ------------- 
Tank Level 3.663381 
ITERATION 331 ------------- 
Tank Level 3.663381 
ITERATION 332 ------------- 
Tank Level 3.663381 
ITERATION 333 ------------- 
Tank Level 3.663381 
ITERATION 334 ------------- 
Tank Level 3.663381 
ITERATION 335 ------------- 
Tank Level 3.663381 
ITERATION 336 ------------- 
Tank Level 3.646538 
ITERATION 337 ------------- 
Tank Level 3.646538 
ITERATION 338 ------------- 
Tank Level 3.646538 
ITERATION 339 ------------- 
Tank Level 3.646538 
ITERATION 340 ------------- 
Tank Level 3.646538 
ITERATION 341 ------------- 
Tank Level 3.646538 
ITERATION 342 ------------- 
Tank Level 3.646538 
ITERATION 343 ------------- 
Tank Level 3.646538 
ITERATION 344 ------------- 
Tank Level 3.646538 
ITERATION 345 ------------- 
Tank Level 3.629695 
ITERATION 346 ------------- 
Tank Level 3.629695 
ITERATION 347 ------------- 
Tank Level 3.629695 
ITERATION 348 ------------- 
Tank Level 3.629695 
ITERATION 349 ------------- 
Tank Level 3.629695 
ITERATION 350 ------------- 
Tank Level 3.629695 
ITERATION 351 ------------- 
Tank Level 3.629695 
ITERATION 352 ------------- 
Tank Level 3.629695 
ITERATION 353 ------------- 
Tank Level 3.612852 
ITERATION 354 ------------- 
Tank Level 3.612852 
ITERATION 355 ------------- 
Tank Level 3.612852 
ITERATION 356 ------------- 
Tank Level 3.612852 
ITERATION 357 ------------- 
Tank Level 3.612852 
ITERATION 358 ------------- 
Tank Level 3.612852 
ITERATION 359 ------------- 
Tank Level 3.612852 
ITERATION 360 ------------- 
Tank Level 3.612852 
ITERATION 361 ------------- 
Tank Level 3.612852 
ITERATION 362 ------------- 
Tank Level 3.612852 
ITERATION 363 ------------- 
Tank Level 3.596009 
ITERATION 364 ------------- 
Tank Level 3.596009 
ITERATION 365 ------------- 
Tank Level 3.596009 
ITERATION 366 ------------- 
Tank Level 3.596009 
ITERATION 367 ------------- 
Tank Level 3.596009 
ITERATION 368 ------------- 
Tank Level 3.596009 
ITERATION 369 ------------- 
Tank Level 3.596009 
ITERATION 370 ------------- 
Tank Level 3.596009 
ITERATION 371 ------------- 
Tank Level 3.596009 
ITERATION 372 ------------- 
Tank Level 3.577508 
ITERATION 373 ------------- 
Tank Level 3.577508 
ITERATION 374 ------------- 
Tank Level 3.577508 
ITERATION 375 ------------- 
Tank Level 3.577508 
ITERATION 376 ------------- 
Tank Level 3.577508 
ITERATION 377 ------------- 
Tank Level 3.577508 
ITERATION 378 ------------- 
Tank Level 3.577508 
ITERATION 379 ------------- 
Tank Level 3.577508 
ITERATION 380 ------------- 
Tank Level 3.577508 
ITERATION 381 ------------- 
Tank Level 3.559007 
ITERATION 382 ------------- 
Tank Level 3.559007 
ITERATION 383 ------------- 
Tank Level 3.559007 
ITERATION 384 ------------- 
Tank Level 3.559007 
ITERATION 385 ------------- 
Tank Level 3.559007 
ITERATION 386 ------------- 
Tank Level 3.559007 
ITERATION 387 ------------- 
Tank Level 3.559007 
ITERATION 388 ------------- 
Tank Level 3.559007 
ITERATION 389 ------------- 
Tank Level 3.559007 
ITERATION 390 ------------- 
Tank Level 3.540505 
ITERATION 391 ------------- 
Tank Level 3.540505 
ITERATION 392 ------------- 
Tank Level 3.540505 
ITERATION 393 ------------- 
Tank Level 3.540505 
ITERATION 394 ------------- 
Tank Level 3.540505 
ITERATION 395 ------------- 
Tank Level 3.540505 
ITERATION 396 ------------- 
Tank Level 3.540505 
ITERATION 397 ------------- 
Tank Level 3.522004 
ITERATION 398 ------------- 
Tank Level 3.522004 
ITERATION 399 ------------- 
Tank Level 3.522004 
ITERATION 400 ------------- 
Tank Level 3.522004                 T3:1              <= [3.52200370953398]: 'OK'
                T3:1[    0-0    ] <= [3.522003650665283]
                T3:1              <= [3.52200370953398]: 'OK'
                T3:1[    0-0    ] <= [3.522003650665283]
                T3:1[    0-0    ] <= [3.522003650665283]
                T3:1              <= [3.52200370953398]: 'OK'
                T3:1              <= [3.52200370953398]: 'OK'
                T3:1[    0-0    ] <= [3.522003650665283]
                T3:1[    0-0    ] <= [3.522003650665283]
                T3:1              <= [3.52200370953398]: 'OK'
                T3:1[    0-0    ] <= [3.522003650665283]
                T3:1              <= [3.52200370953398]: 'OK'
                T3:1              <= [3.50350228227062]: 'OK'
                T3:1[    0-0    ] <= [3.503502368927002]
                T3:1              <= [3.50350228227062]: 'OK'
                T3:1[    0-0    ] <= [3.503502368927002]
                T3:1              <= [3.50350228227062]: 'OK'
                T3:1[    0-0    ] <= [3.503502368927002]
                T3:1              <= [3.50350228227062]: 'OK'
                T3:1[    0-0    ] <= [3.503502368927002]
                T3:1              <= [3.50350228227062]: 'OK'
                T3:1[    0-0    ] <= [3.503502368927002]
                T3:1              <= [3.50350228227062]: 'OK'
                T3:1[    0-0    ] <= [3.503502368927002]
                T3:1              <= [3.50350228227062]: 'OK'
                T3:1[    0-0    ] <= [3.503502368927002]
                T3:1              <= [3.50350228227062]: 'OK'
                T3:1[    0-0    ] <= [3.503502368927002]
                T3:1              <= [3.50350228227062]: 'OK'
                T3:1[    0-0    ] <= [3.503502368927002]
                T3:1              <= [3.48500085500726]: 'OK'
                T3:1[    0-0    ] <= [3.4850008487701416]
                T3:1              <= [3.48500085500726]: 'OK'
                T3:1[    0-0    ] <= [3.4850008487701416]
                T3:1[    0-0    ] <= [3.4850008487701416]
                T3:1              <= [3.48500085500726]: 'OK'
                T3:1              <= [3.48500085500726]: 'OK'
                T3:1[    0-0    ] <= [3.4850008487701416]
                T3:1              <= [3.48500085500726]: 'OK'
                T3:1[    0-0    ] <= [3.4850008487701416]
                T3:1              <= [3.48500085500726]: 'OK'
                T3:1[    0-0    ] <= [3.4850008487701416]
                T3:1              <= [3.48500085500726]: 'OK'
                T3:1[    0-0    ] <= [3.4850008487701416]
                T3:1              <= [3.48500085500726]: 'OK'
                T3:1[    0-0    ] <= [3.4850008487701416]
                T3:1              <= [3.48500085500726]: 'OK'
                T3:1[    0-0    ] <= [3.4850008487701416]
                T3:1              <= [3.48500085500726]: 'OK'
                T3:1[    0-0    ] <= [3.4850008487701416]
                T3:1              <= [3.48500085500726]: 'OK'
                T3:1[    0-0    ] <= [3.4850008487701416]
                T3:1              <= [3.48500085500726]: 'OK'
                T3:1[    0-0    ] <= [3.4850008487701416]
                T3:1              <= [3.48500085500726]: 'OK'
                T3:1[    0-0    ] <= [3.4850008487701416]
                T3:1              <= [3.48500085500726]: 'OK'
                T3:1[    0-0    ] <= [3.4850008487701416]
                T3:1              <= [3.48500085500726]: 'OK'
                T3:1[    0-0    ] <= [3.4850008487701416]
                T3:1              <= [3.48500085500726]: 'OK'
                T3:1[    0-0    ] <= [3.4850008487701416]
                T3:1              <= [3.48500085500726]: 'OK'
                T3:1[    0-0    ] <= [3.4850008487701416]
                T3:1              <= [3.48500085500726]: 'OK'
                T3:1[    0-0    ] <= [3.4850008487701416]
                T3:1              <= [3.48500085500726]: 'OK'
                T3:1[    0-0    ] <= [3.4850008487701416]
                T3:1              <= [3.48500085500726]: 'OK'
                T3:1[    0-0    ] <= [3.4850008487701416]
                T3:1              <= [3.48500085500726]: 'OK'
                T3:1[    0-0    ] <= [3.4850008487701416]
                T3:1              <= [3.48500085500726]: 'OK'
                T3:1[    0-0    ] <= [3.4850008487701416]
                T3:1              <= [3.48500085500726]: 'OK'
                T3:1[    0-0    ] <= [3.4850008487701416]
                T3:1              <= [3.48500085500726]: 'OK'
                T3:1[    0-0    ] <= [3.4850008487701416]
                T3:1              <= [3.48500085500726]: 'OK'
                T3:1[    0-0    ] <= [3.4850008487701416]
                T3:1              <= [3.48500085500726]: 'OK'
                T3:1[    0-0    ] <= [3.4850008487701416]
                T3:1              <= [3.48500085500726]: 'OK'
                T3:1[    0-0    ] <= [3.4850008487701416]
                T3:1              <= [3.48500085500726]: 'OK'
                T3:1[    0-0    ] <= [3.4850008487701416]
                T3:1              <= [3.48500085500726]: 'OK'
                T3:1[    0-0    ] <= [3.4850008487701416]
                T3:1              <= [3.48500085500726]: 'OK'
                T3:1[    0-0    ] <= [3.4850008487701416]
                T3:1              <= [3.48500085500726]: 'OK'
                T3:1[    0-0    ] <= [3.4850008487701416]
                T3:1              <= [3.48500085500726]: 'OK'
                T3:1[    0-0    ] <= [3.4850008487701416]
                T3:1[    0-0    ] <= [3.4850008487701416]
                T3:1              <= [3.48500085500726]: 'OK'
                T3:1[    0-0    ] <= [3.4850008487701416]
                T3:1              <= [3.48500085500726]: 'OK'
                T3:1              <= [3.48500085500726]: 'OK'
                T3:1[    0-0    ] <= [3.4850008487701416]
                T3:1              <= [3.48500085500726]: 'OK'
                T3:1[    0-0    ] <= [3.4850008487701416]
                T3:1              <= [3.48500085500726]: 'OK'
                T3:1[    0-0    ] <= [3.4850008487701416]
                T3:1              <= [3.48500085500726]: 'OK'
                T3:1[    0-0    ] <= [3.4850008487701416]
                T3:1              <= [3.48500085500726]: 'OK'
                T3:1[    0-0    ] <= [3.4850008487701416]
                T3:1              <= [3.48500085500726]: 'OK'
                T3:1[    0-0    ] <= [3.4850008487701416]
                T3:1              <= [3.48500085500726]: 'OK'
                T3:1[    0-0    ] <= [3.4850008487701416]
                T3:1              <= [3.48500085500726]: 'OK'
                T3:1[    0-0    ] <= [3.4850008487701416]
                T3:1              <= [3.48500085500726]: 'OK'
                T3:1[    0-0    ] <= [3.4850008487701416]
                T3:1[    0-0    ] <= [3.4850008487701416]
                T3:1              <= [3.48500085500726]: 'OK'
                T3:1              <= [3.48500085500726]: 'OK'
                T3:1[    0-0    ] <= [3.4850008487701416]
                T3:1              <= [3.48500085500726]: 'OK'
                T3:1[    0-0    ] <= [3.4850008487701416]
                T3:1              <= [3.48500085500726]: 'OK'
                T3:1[    0-0    ] <= [3.4850008487701416]
                T3:1              <= [3.48500085500726]: 'OK'
                T3:1[    0-0    ] <= [3.4850008487701416]
                T3:1              <= [3.48500085500726]: 'OK'
                T3:1[    0-0    ] <= [3.4850008487701416]
                T3:1              <= [3.48500085500726]: 'OK'
                T3:1[    0-0    ] <= [3.4850008487701416]
                T3:1              <= [3.48500085500726]: 'OK'
                T3:1[    0-0    ] <= [3.4850008487701416]
                T3:1              <= [3.48500085500726]: 'OK'
                T3:1[    0-0    ] <= [3.4850008487701416]
                T3:1              <= [3.48500085500726]: 'OK'
                T3:1[    0-0    ] <= [3.4850008487701416]
                T3:1              <= [3.48500085500726]: 'OK'
                T3:1[    0-0    ] <= [3.4850008487701416]
                T3:1              <= [3.48500085500726]: 'OK'
                T3:1[    0-0    ] <= [3.4850008487701416]
                T3:1              <= [3.48500085500726]: 'OK'
                T3:1[    0-0    ] <= [3.4850008487701416]
                T3:1              <= [3.48500085500726]: 'OK'
                T3:1[    0-0    ] <= [3.4850008487701416]
                T3:1              <= [3.48500085500726]: 'OK'
                T3:1[    0-0    ] <= [3.4850008487701416]
                T3:1              <= [3.48500085500726]: 'OK'
                T3:1[    0-0    ] <= [3.4850008487701416]
                T3:1              <= [3.48500085500726]: 'OK'
                T3:1[    0-0    ] <= [3.4850008487701416]
                T3:1              <= [3.48500085500726]: 'OK'
                T3:1[    0-0    ] <= [3.4850008487701416]
                T3:1              <= [3.48500085500726]: 'OK'
                T3:1[    0-0    ] <= [3.4850008487701416]
                T3:1              <= [3.48500085500726]: 'OK'
                T3:1[    0-0    ] <= [3.4850008487701416]
                T3:1              <= [3.48500085500726]: 'OK'
                T3:1[    0-0    ] <= [3.4850008487701416]
                T3:1              <= [3.48500085500726]: 'OK'
                T3:1[    0-0    ] <= [3.4850008487701416]
                T3:1              <= [3.48500085500726]: 'OK'
                T3:1[    0-0    ] <= [3.4850008487701416]
                T3:1              <= [3.48500085500726]: 'OK'
                T3:1[    0-0    ] <= [3.4850008487701416]

ITERATION 401 ------------- 
Tank Level 3.522004 
ITERATION 402 ------------- 
Tank Level 3.522004 
ITERATION 403 ------------- 
Tank Level 3.522004 
ITERATION 404 ------------- 
Tank Level 3.522004 
ITERATION 405 ------------- 
Tank Level 3.522004 
ITERATION 406 ------------- 
Tank Level 3.503502 
ITERATION 407 ------------- 
Tank Level 3.503502 
ITERATION 408 ------------- 
Tank Level 3.503502 
ITERATION 409 ------------- 
Tank Level 3.503502 
ITERATION 410 ------------- 
Tank Level 3.503502 
ITERATION 411 ------------- 
Tank Level 3.503502 
ITERATION 412 ------------- 
Tank Level 3.503502 
ITERATION 413 ------------- 
Tank Level 3.503502 
ITERATION 414 ------------- 
Tank Level 3.503502 
ITERATION 415 ------------- 
Tank Level 3.485001 
ITERATION 416 ------------- 
Tank Level 3.485001 
ITERATION 417 ------------- 
Tank Level 3.485001 
ITERATION 418 ------------- 
Tank Level 3.485001 
ITERATION 419 ------------- 
Tank Level 3.485001 
ITERATION 420 ------------- 
Tank Level 3.485001 
ITERATION 421 ------------- 
Tank Level 3.485001 
ITERATION 422 ------------- 
Tank Level 3.485001 
ITERATION 423 ------------- 
Tank Level 3.485001 
ITERATION 424 ------------- 
Tank Level 3.485001 
ITERATION 425 ------------- 
Tank Level 3.485001 
ITERATION 426 ------------- 
Tank Level 3.485001 
ITERATION 427 ------------- 
Tank Level 3.485001 
ITERATION 428 ------------- 
Tank Level 3.485001 
ITERATION 429 ------------- 
Tank Level 3.485001 
ITERATION 430 ------------- 
Tank Level 3.485001 
ITERATION 431 ------------- 
Tank Level 3.485001 
ITERATION 432 ------------- 
Tank Level 3.485001 
ITERATION 433 ------------- 
Tank Level 3.485001 
ITERATION 434 ------------- 
Tank Level 3.485001 
ITERATION 435 ------------- 
Tank Level 3.485001 
ITERATION 436 ------------- 
Tank Level 3.485001 
ITERATION 437 ------------- 
Tank Level 3.485001 
ITERATION 438 ------------- 
Tank Level 3.485001 
ITERATION 439 ------------- 
Tank Level 3.485001 
ITERATION 440 ------------- 
Tank Level 3.485001 
ITERATION 441 ------------- 
Tank Level 3.485001 
ITERATION 442 ------------- 
Tank Level 3.485001 
ITERATION 443 ------------- 
Tank Level 3.485001 
ITERATION 444 ------------- 
Tank Level 3.485001 
ITERATION 445 ------------- 
Tank Level 3.485001 
ITERATION 446 ------------- 
Tank Level 3.485001 
ITERATION 447 ------------- 
Tank Level 3.485001 
ITERATION 448 ------------- 
Tank Level 3.485001 
ITERATION 449 ------------- 
Tank Level 3.485001 
ITERATION 450 ------------- 
Tank Level 3.485001 
ITERATION 451 ------------- 
Tank Level 3.485001 
ITERATION 452 ------------- 
Tank Level 3.485001 
ITERATION 453 ------------- 
Tank Level 3.485001 
ITERATION 454 ------------- 
Tank Level 3.485001 
ITERATION 455 ------------- 
Tank Level 3.485001 
ITERATION 456 ------------- 
Tank Level 3.485001 
ITERATION 457 ------------- 
Tank Level 3.485001 
ITERATION 458 ------------- 
Tank Level 3.485001 
ITERATION 459 ------------- 
Tank Level 3.485001 
ITERATION 460 ------------- 
Tank Level 3.485001 
ITERATION 461 ------------- 
Tank Level 3.485001 
ITERATION 462 ------------- 
Tank Level 3.485001 
ITERATION 463 ------------- 
Tank Level 3.485001 
ITERATION 464 ------------- 
Tank Level 3.485001 
ITERATION 465 ------------- 
Tank Level 3.485001 
ITERATION 466 ------------- 
Tank Level 3.485001 
ITERATION 467 ------------- 
Tank Level 3.485001 
ITERATION 468 ------------- 
Tank Level 3.485001 
ITERATION 469 ------------- 
Tank Level 3.485001 
ITERATION 470 ------------- 
Tank Level 3.485001 
ITERATION 471 ------------- 
Tank Level 3.485001 
ITERATION 472 ------------- 
Tank Level 3.485001 
ITERATION 473 ------------- 
Tank Level 3.485001 
ITERATION 474 ------------- 
Tank Level 3.485001 
ITERATION 475 ------------- 
Tank Level 3.485001 
ITERATION 476 ------------- 
Tank Level 3.485001 
ITERATION 477 ------------- 
Tank Level 3.485001 
ITERATION 478 ------------- 
Tank Level 3.485001 
ITERATION 479 ------------- 
Tank Level 3.485001 
ITERATION 480 ------------- 
Tank Level 3.485001 
ITERATION 481 ------------- 
Tank Level 3.485001 
ITERATION 482 ------------- 
Tank Level 3.485                T3:1              <= [3.48500085500726]: 'OK'
                T3:1[    0-0    ] <= [3.4850008487701416]
                T3:1              <= [3.48500085500726]: 'OK'
                T3:1[    0-0    ] <= [3.4850008487701416]
                T3:1[    0-0    ] <= [3.4850008487701416]
                T3:1              <= [3.48500085500726]: 'OK'
                T3:1[    0-0    ] <= [3.4850008487701416]
                T3:1              <= [3.48500085500726]: 'OK'
                T3:1              <= [3.48500085500726]: 'OK'
                T3:1[    0-0    ] <= [3.4850008487701416]
                T3:1              <= [3.48500085500726]: 'OK'
                T3:1[    0-0    ] <= [3.4850008487701416]
                T3:1              <= [3.48500085500726]: 'OK'
                T3:1[    0-0    ] <= [3.4850008487701416]
                T3:1              <= [3.48500085500726]: 'OK'
                T3:1[    0-0    ] <= [3.4850008487701416]
                T3:1              <= [3.48500085500726]: 'OK'
                T3:1[    0-0    ] <= [3.4850008487701416]
                T3:1              <= [3.48500085500726]: 'OK'
                T3:1[    0-0    ] <= [3.4850008487701416]
                T3:1              <= [3.48500085500726]: 'OK'
                T3:1[    0-0    ] <= [3.4850008487701416]
                T3:1              <= [3.48500085500726]: 'OK'
                T3:1[    0-0    ] <= [3.4850008487701416]
                T3:1              <= [3.48500085500726]: 'OK'
                T3:1[    0-0    ] <= [3.4850008487701416]
                T3:1              <= [3.48500085500726]: 'OK'
                T3:1[    0-0    ] <= [3.4850008487701416]
                T3:1              <= [3.48500085500726]: 'OK'
                T3:1[    0-0    ] <= [3.4850008487701416]
                T3:1              <= [3.48500085500726]: 'OK'
                T3:1[    0-0    ] <= [3.4850008487701416]
                T3:1              <= [3.48500085500726]: 'OK'
                T3:1[    0-0    ] <= [3.4850008487701416]
                T3:1              <= [3.48500085500726]: 'OK'
                T3:1[    0-0    ] <= [3.4850008487701416]
                T3:1[    0-0    ] <= [3.4850008487701416]
                T3:1              <= [3.48500085500726]: 'OK'
                T3:1              <= [3.48500085500726]: 'OK'
                T3:1[    0-0    ] <= [3.4850008487701416]
                T3:1              <= [3.48500085500726]: 'OK'
                T3:1[    0-0    ] <= [3.4850008487701416]
                T3:1              <= [3.48500085500726]: 'OK'
                T3:1[    0-0    ] <= [3.4850008487701416]
                T3:1[    0-0    ] <= [3.4850008487701416]
                T3:1              <= [3.48500085500726]: 'OK'
                T3:1              <= [3.48500085500726]: 'OK'
                T3:1[    0-0    ] <= [3.4850008487701416]
                T3:1              <= [3.48500085500726]: 'OK'
                T3:1[    0-0    ] <= [3.4850008487701416]
                T3:1              <= [3.48500085500726]: 'OK'
                T3:1[    0-0    ] <= [3.4850008487701416]
                T3:1              <= [3.48500085500726]: 'OK'
                T3:1[    0-0    ] <= [3.4850008487701416]
                T3:1              <= [3.48500085500726]: 'OK'
                T3:1[    0-0    ] <= [3.4850008487701416]
                T3:1              <= [3.48500085500726]: 'OK'
                T3:1[    0-0    ] <= [3.4850008487701416]
                T3:1              <= [3.48500085500726]: 'OK'
                T3:1[    0-0    ] <= [3.4850008487701416]
                T3:1              <= [3.48500085500726]: 'OK'
                T3:1[    0-0    ] <= [3.4850008487701416]
                T3:1              <= [3.48500085500726]: 'OK'
                T3:1[    0-0    ] <= [3.4850008487701416]
                T3:1              <= [3.48500085500726]: 'OK'
                T3:1[    0-0    ] <= [3.4850008487701416]
                T3:1              <= [3.48500085500726]: 'OK'
                T3:1[    0-0    ] <= [3.4850008487701416]
                T3:1              <= [3.48500085500726]: 'OK'
                T3:1[    0-0    ] <= [3.4850008487701416]
                T3:1              <= [3.48500085500726]: 'OK'
                T3:1[    0-0    ] <= [3.4850008487701416]
                T3:1              <= [3.48500085500726]: 'OK'
                T3:1[    0-0    ] <= [3.4850008487701416]
                T3:1              <= [3.48500085500726]: 'OK'
                T3:1[    0-0    ] <= [3.4850008487701416]
                T3:1              <= [3.48500085500726]: 'OK'
                T3:1[    0-0    ] <= [3.4850008487701416]
                T3:1              <= [3.48500085500726]: 'OK'
                T3:1[    0-0    ] <= [3.4850008487701416]
                T3:1              <= [3.48500085500726]: 'OK'
                T3:1[    0-0    ] <= [3.4850008487701416]
                T3:1              <= [3.48500085500726]: 'OK'
                T3:1[    0-0    ] <= [3.4850008487701416]
                T3:1              <= [3.48500085500726]: 'OK'
                T3:1[    0-0    ] <= [3.4850008487701416]
                T3:1              <= [3.48500085500726]: 'OK'
                T3:1[    0-0    ] <= [3.4850008487701416]
                T3:1              <= [3.48500085500726]: 'OK'
                T3:1[    0-0    ] <= [3.4850008487701416]
                T3:1              <= [3.48500085500726]: 'OK'
                T3:1[    0-0    ] <= [3.4850008487701416]
                T3:1              <= [3.48500085500726]: 'OK'
                T3:1[    0-0    ] <= [3.4850008487701416]
                T3:1              <= [3.48500085500726]: 'OK'
                T3:1[    0-0    ] <= [3.4850008487701416]
                T3:1              <= [3.48500085500726]: 'OK'
                T3:1[    0-0    ] <= [3.4850008487701416]
                T3:1              <= [3.48500085500726]: 'OK'
                T3:1[    0-0    ] <= [3.4850008487701416]
                T3:1              <= [3.48500085500726]: 'OK'
                T3:1[    0-0    ] <= [3.4850008487701416]
                T3:1              <= [3.48500085500726]: 'OK'
                T3:1[    0-0    ] <= [3.4850008487701416]
                T3:1              <= [3.48500085500726]: 'OK'
                T3:1[    0-0    ] <= [3.4850008487701416]
                T3:1              <= [3.48500085500726]: 'OK'
                T3:1[    0-0    ] <= [3.4850008487701416]
                T3:1              <= [3.48500085500726]: 'OK'
                T3:1[    0-0    ] <= [3.4850008487701416]
                T3:1              <= [3.48500085500726]: 'OK'
                T3:1[    0-0    ] <= [3.4850008487701416]
                T3:1              <= [3.48500085500726]: 'OK'
                T3:1[    0-0    ] <= [3.4850008487701416]
                T3:1              <= [3.48500085500726]: 'OK'
                T3:1[    0-0    ] <= [3.4850008487701416]
                T3:1              <= [3.48500085500726]: 'OK'
                T3:1[    0-0    ] <= [3.4850008487701416]
                T3:1              <= [3.48500085500726]: 'OK'
                T3:1[    0-0    ] <= [3.4850008487701416]
                T3:1              <= [3.48500085500726]: 'OK'
                T3:1[    0-0    ] <= [3.4850008487701416]
                T3:1              <= [3.48500085500726]: 'OK'
                T3:1[    0-0    ] <= [3.4850008487701416]
                T3:1[    0-0    ] <= [3.4850008487701416]
                T3:1              <= [3.48500085500726]: 'OK'
                T3:1              <= [3.48500085500726]: 'OK'
                T3:1[    0-0    ] <= [3.4850008487701416]
001 
ITERATION 483 ------------- 
Tank Level 3.485001 
ITERATION 484 ------------- 
Tank Level 3.485001 
ITERATION 485 ------------- 
Tank Level 3.485001 
ITERATION 486 ------------- 
Tank Level 3.485001 
ITERATION 487 ------------- 
Tank Level 3.485001 
ITERATION 488 ------------- 
Tank Level 3.485001 
ITERATION 489 ------------- 
Tank Level 3.485001 
ITERATION 490 ------------- 
Tank Level 3.485001 
ITERATION 491 ------------- 
Tank Level 3.485001 
ITERATION 492 ------------- 
Tank Level 3.485001 
ITERATION 493 ------------- 
Tank Level 3.485001 
ITERATION 494 ------------- 
Tank Level 3.485001 
ITERATION 495 ------------- 
Tank Level 3.485001 
ITERATION 496 ------------- 
Tank Level 3.485001 
ITERATION 497 ------------- 
Tank Level 3.485001 
ITERATION 498 ------------- 
Tank Level 3.485001 
ITERATION 499 ------------- 
Tank Level 3.485001 
ITERATION 500 ------------- 
Tank Level 3.485001 
ITERATION 501 ------------- 
Tank Level 3.485001 
ITERATION 502 ------------- 
Tank Level 3.485001 
ITERATION 503 ------------- 
Tank Level 3.485001 
ITERATION 504 ------------- 
Tank Level 3.485001 
ITERATION 505 ------------- 
Tank Level 3.485001 
ITERATION 506 ------------- 
Tank Level 3.485001 
ITERATION 507 ------------- 
Tank Level 3.485001 
ITERATION 508 ------------- 
Tank Level 3.485001 
ITERATION 509 ------------- 
Tank Level 3.485001 
ITERATION 510 ------------- 
Tank Level 3.485001 
ITERATION 511 ------------- 
Tank Level 3.485001 
ITERATION 512 ------------- 
Tank Level 3.485001 
ITERATION 513 ------------- 
Tank Level 3.485001 
ITERATION 514 ------------- 
Tank Level 3.485001 
ITERATION 515 ------------- 
Tank Level 3.485001 
ITERATION 516 ------------- 
Tank Level 3.485001 
ITERATION 517 ------------- 
Tank Level 3.485001 
ITERATION 518 ------------- 
Tank Level 3.485001 
ITERATION 519 ------------- 
Tank Level 3.485001 
ITERATION 520 ------------- 
Tank Level 3.485001 
ITERATION 521 ------------- 
Tank Level 3.485001 
ITERATION 522 ------------- 
Tank Level 3.485001 
ITERATION 523 ------------- 
Tank Level 3.485001 
ITERATION 524 ------------- 
Tank Level 3.485001 
ITERATION 525 ------------- 
Tank Level 3.485001 
ITERATION 526 ------------- 
Tank Level 3.485001 
ITERATION 527 ------------- 
Tank Level 3.485001 
ITERATION 528 ------------- 
Tank Level 3.485001 
ITERATION 529 ------------- 
Tank Level 3.485001 
ITERATION 530 ------------- 
Tank Level 3.485001 
ITERATION 531 ------------- 
Tank Level 3.485001 
ITERATION 532 ------------- 
Tank Level 3.485001 
ITERATION 533 ------------- 
Tank Level 3.485001 
ITERATION 534 ------------- 
Tank Level 3.485001 
ITERATION 535 ------------- 
Tank Level 3.485001 
ITERATION 536 ------------- 
Tank Level 3.485001 
ITERATION 537 ------------- 
Tank Level 3.485001 
ITERATION 538 ------------- 
Tank Level 3.485001 
ITERATION 539 ------------- 
Tank Level 3.485001 
ITERATION 540 ------------- 
Tank Level 3.485001 
ITERATION 541 ------------- 
Tank Level 3.485001 
ITERATION 542 ------------- 
Tank Level 3.485001 
ITERATION 543 ------------- 
Tank Level 3.485001 
ITERATION 544 ------------- 
Tank Level 3.485001 
ITERATION 545 ------------- 
Tank Level 3.485001 
ITERATION 546 ------------- 
Tank Level 3.485001 
ITERATION 547 ------------- 
DEBUG plc4 shutdown
plc4
Stopping Tcp dump process on PLC...
Stopping PLC...
