DEBUG get_query: SELECT value FROM ctown WHERE name = ? AND pid = ?
DEBUG set_query: UPDATE ctown SET value = ? WHERE name = ? AND pid = ?
DEBUG EnipProtocol server addr:  192.168.1.1
DEBUG: concatenating server address with default port.
DEBUG enip server tags_string:  T5:1=REAL T7:1=REAL PU8:1=REAL PU10:1=REAL PU11:1=REAL ATT_1:1=REAL ATT_2:1=REAL 
DEBUG enip _start_server cmd:  ['/usr/bin/python', '-m', 'cpppo.server.enip', '--print', '--log', 'logs/protocols_tests_enip_server', '--address', '192.168.1.1:44818', 'T5:1=REAL', 'T7:1=REAL', 'PU8:1=REAL', 'PU10:1=REAL', 'PU11:1=REAL', 'ATT_1:1=REAL', 'ATT_2:1=REAL']
DEBUG: plc5 enters pre_loop
ITERATION 1 ------------- 
T5 Level 1.000000 
T7 Level 2.500000 
Opening PU8
ITERATION 2 ------------- 
T5 Level 1.000000 
T7 Level 2.500000 
Opening PU8
ITERATION 3 ------------- 
T5 Level 1.000000 
T7 Level 2.500000 
Opening PU8
ITERATION 4 ------------- 
T5 Level 1.000000 
T7 Level 2.500000 
Opening PU8
ITERATION 5 ------------- 
T5 Level 1.000000 
T7 Level 2.500000 
Opening PU8
ITERATION 6 ------------- 
T5 Level 2.771448 
T7 Level 0.571766 
Opening PU10
Opening PU11
ITERATION 7 ------------- 
T5 Level 2.771448 
T7 Level 0.571766 
Opening PU10
Opening PU11
ITERATION 8 ------------- 
T5 Level 2.771448 
T7 Level 0.453538 
Opening PU10
Opening PU11
ITERATION 9 ------------- 
T5 Level 2.832937 
T7 Level 0.453538 
Opening PU10
Opening PU11
ITERATION 10 ------------- 
T5 Level 2.832937 
T7 Level 0.453538 
Opening PU10
Opening PU11
ITERATION 11 ------------- 
T5 Level 2.832937 
T7 Level 0.335636 
Opening PU10
Opening PU11
ITERATION 12 ------------- 
T5 Level 2.894403 
T7 Level 0.335636 
Opening PU10
Opening PU11
ITERATION 13 ------------- 
T5 Level 2.894403 
T7 Level 0.335636 
Opening PU10
Opening PU11
ITERATION 14 ------------- 
T5 Level 2.945230 
T7 Level 0.470540 
Opening PU10
Opening PU11
ITERATION 15 ------------- 
T5 Level 2.945230 
T7 Level 0.470540 
Opening PU10
Opening PU11
ITERATION 16 ------------- 
T5 Level 2.945230 
T7 Level 0.605125 
Opening PU10
Opening PU11
ITERATION 17 ------------- 
T5 Level 2.996038 
T7 Level 0.605125 
Opening PU10
Opening PU11
ITERATION 18 ------------- 
T5 Level 2.996038 
T7 Level 0.605125 
Opening PU10
Opening PU11
ITERATION 19 ------------- 
T5 Level 2.996038 
T7 Level 0.739391 
Opening PU10
Opening PU11
ITERATION 20 ------------- 
T5 Level 3.046827 
T7 Level 0.739391 
Opening PU10
Opening PU11
ITERATION 21 ------------- 
T5 Level 3.046827 
T7 Level 0.739391 
Opening PU10
Opening PU11
ITERATION 22 ------------- 
T5 Level 3.046827 
T7 Level 0.873339 
Opening PU10
Opening PU11
ITERATION 23 ------------- 
T5 Level 3.097597 
T7 Level 0.873339 
Opening PU10
Opening PU11
ITERATION 24 ------------- 
T5 Level 3.097597 
T7 Level 0.873339 
Opening PU10
Opening PU11
ITERATION 25 ------------- 
T5 Level 3.097597 
T7 Level 1.006970 
Opening PU10
ITERATION 26 ------------- 
T5 Level 3.148348 
T7 Level 1.006970 
Opening PU10
ITERATION 27 ------------- 
T5 Level 3.148348 
T7 Level 1.006970 
Opening PU10
ITERATION 28 ------------- 
T5 Level 3.199080 
T7 Level 1.140286 
Opening PU10
ITERATION 29 ------------- 
T5 Level 3.199080 
T7 Level 1.140286 
Opening PU10
ITERATION 30 ------------- 
T5 Level 3.199080 
T7 Level 1.140286 
Opening PU10
ITERATION 31 ------------- 
T5 Level 3.249793 
T7 Level 1.273287 
Opening PU10
ITERATION 32 ------------- 
T5 Level 3.249793 
T7 Level 1.273287 
Opening PU10
ITERATION 33 ------------- 
T5 Level 3.249793 
T7 Level 1.405975 
Opening PU10
ITERATION 34 ------------- 
T5 Level 3.300488 
T7 Level 1.405975 
Opening PU10
ITERATION 35 ------------- 
T5 Level 3.300488 
T7 Level 1.405975 
Opening PU10
ITERATION 36 ------------- 
T5 Level 3.300488 
T7 Level 1.538351 
Opening PU10
ITERATION 37 ------------- 
T5 Level 3.351163 
T7 Level 1.538351 
Opening PU10
ITERATION 38 ------------- 
T5 Level 3.351163 
T7 Level 1.538351 
Opening PU10
ITERATION 39 ------------- 
T5 Level 3.351163 
T7 Level 1.538351 
Opening PU10
ITERATION 40 ------------- 
T5 Level 3.401819 
T7 Level 1.670415 
Opening PU10
ITERATION 41 ------------- 
T5 Level 3.401819 
T7 Level 1.670415 
Opening PU10
ITERATION 42 ------------- 
T5 Level 3.401819 
T7 Level 1.824335 
Opening PU10
ITERATION 43 ------------- 
T5 Level 3.451955 
T7 Level 1.824335 
Opening PU10
ITERATION 44 ------------- 
T5 Level 3.451955 
T7 Level 1.824335 
Opening PU10
ITERATION 45 ------------- 
T5 Level 3.451955 
T7 Level 1.977900 
Opening PU10
ITERATION 46 ------------- 
T5 Level 3.502075 
T7 Level 1.977900 
Opening PU10
ITERATION 47 ------------- 
T5 Level 3.502075 
T7 Level 1.977900 
Opening PU10
ITERATION 48 ------------- 
T5 Level 3.552180 
T7 Level 2.131111 
Opening PU10
ITERATION 49 ------------- 
T5 Level 3.552180 
T7 Level 2.131111 
Opening PU10
ITERATION 50 ------------- 
T5 Level 3.552180 
T7 Level 2.131111 
Opening PU10
ITERATION 51 ------------- 
T5 Level 3.602270 
T7 Level 2.283968 
Opening PU10
ITERATION 52 ------------- 
T5 Level 3.602270 
T7 Level 2.283968 
Opening PU10
ITERATION 53 ------------- 
T5 Level 3.602270 
T7 Level 2.283968 
Opening PU10
ITERATION 54 ------------- 
T5 Level 3.652344 
T7 Level 2.436474 
Opening PU10
ITERATION 55 ------------- 
T5 Level 3.652344 
T7 Level 2.436474 
Opening PU10
ITERATION 56 ------------- 
T5 Level 3.652344 
T7 Level 2.588627 
ITERATION 57 ------------- 
T5 Level 3.702404 
T7 Level 2.588627 
ITERATION 58 ------------- 
T5 Level 3.702404 
T7 Level 2.588627 
ITERATION 59 ------------- 
T5 Level 3.702404 
T7 Level 2.740430 
ITERATION 60 ------------- 
T5 Level 3.752447 
T7 Level 2.740430 
ITERATION 61 ------------- 
T5 Level 3.752447 
T7 Level 2.740430 
ITERATION 62 ------------- 
T5 Level 3.752447 
T7 Level 2.740430 
ITERATION 63 ------------- 
T5 Level 3.802476 
T7 Level 2.891884 
ITERATION 64 ------------- 
T5 Level 3.802476 
T7 Level 2.891884 
ITERATION 65 ------------- 
T5 Level 3.802476 
T7 Level 2.891884 
ITERATION 66 ------------- 
T5 Level 3.852489 
T7 Level 3.042989 
Closing PU11
ITERATION 67 ------------- 
T5 Level 3.852489 
T7 Level 3.042989 
Closing PU11
ITERATION 68 ------------- 
T5 Level 3.852489 
T7 Level 3.042989 
Closing PU11
ITERATION 69 ------------- 
T5 Level 3.902487 
T7 Level 3.193746 
Closing PU11
ITERATION 70 ------------- 
T5 Level 3.902487 
T7 Level 3.193746 
Closing PU11
ITERATION 71 ------------- 
T5 Level 3.902487 
T7 Level 3.193746 
Closing PU11
ITERATION 72 ------------- 
T5 Level 3.952469 
T7 Level 3.344156 
Closing PU11
ITERATION 73 ------------- 
T5 Level 3.952469 
T7 Level 3.344156 
Closing PU11
ITERATION 74 ------------- 
T5 Level 3.952469 
T7 Level 3.408589 
Closing PU11
ITERATION 75 ------------- 
T5 Level 4.006584 
T7 Level 3.408589 
Closing PU11
ITERATION 76 ------------- 
T5 Level 4.006584 
T7 Level 3.408589 
Closing PU11
ITERATION 77 ------------- 
T5 Level 4.006584 
T7 Level 3.486866 
Closing PU11
ITERATION 78 ------------- 
T5 Level 4.070224 
T7 Level 3.486866 
Closing PU11
ITERATION 79 ------------- 
T5 Level 4.070224 
T7 Level 3.486866 
Closing PU11
ITERATION 80 ------------- 
T5 Level 4.070224 
T7 Level 3.565002 
Closing PU11
ITERATION 81 ------------- 
T5 Level 4.133836 
T7 Level 3.565002 
Closing PU11
ITERATION 82 ------------- 
T5 Level 4.133836 
T7 Level 3.565002 
Closing PU11
ITERATION 83 ------------- 
T5 Level 4.133836 
T7 Level 3.642998 
Closing PU11
ITERATION 84 ------------- 
T5 Level 4.197420 
T7 Level 3.642998 
Closing PU11
ITERATION 85 ------------- 
T5 Level 4.197420 
T7 Level 3.642998 
Closing PU11
ITERATION 86 ------------- 
T5 Level 4.197420 
T7 Level 3.720853 
Closing PU11
ITERATION 87 ------------- 
T5 Level 4.260976 
T7 Level 3.720853 
Closing PU11
ITERATION 88 ------------- 
T5 Level 4.260976 
T7 Level 3.720853 
Closing PU11
ITERATION 89 ------------- 
T5 Level 4.260976 
T7 Level 3.798569 
Closing PU11
ITERATION 90 ------------- 
T5 Level 4.324504 
T7 Level 3.798569 
Closing PU11
ITERATION 91 ------------- 
T5 Level 4.324504 
T7 Level 3.798569 
Closing PU11
ITERATION 92 ------------- 
T5 Level 4.324504 
T7 Level 3.876147 
Closing PU11
ITERATION 93 ------------- 
T5 Level 4.388005 
T7 Level 3.876147 
Closing PU11
ITERATION 94 ------------- 
T5 Level 4.388005 
T7 Level 3.876147 
Closing PU11
ITERATION 95 ------------- 
T5 Level 4.388005 
T7 Level 3.953586 
Closing PU11
ITERATION 96 ------------- 
T5 Level 4.451477 
T7 Level 3.953586 
Closing PU11
ITERATION 97 ------------- 
T5 Level 4.451477 
T7 Level 3.953586 
Closing PU11
ITERATION 98 ------------- 
T5 Level 4.451477 
T7 Level 3.953586 
Closing PU11
ITERATION 99 ------------- 
T5 Level 4.451477 
T7 Level 3.953586 
Closing PU11
ITERATION 100 ------------- 
T5 Level 4.500118 
T7 Level 4.012850 
Closing PU8
Closing PU11
ITERATION 101 ------------- 
T5 Level 4.500118 
T7 Level 4.012850 
Closing PU8
Closing PU11
ITERATION 102 ------------- 
T5 Level 4.500118 
T7 Level 4.012850 
Closing PU8
Closing PU11
ITERATION 103 ------------- 
T5 Level 4.500118 
T7 Level 4.032456 
Closing PU8
Closing PU11
ITERATION 104 ------------- 
T5 Level 4.500118 
T7 Level 4.032456 
Closing PU8
Closing PU11
ITERATION 105 ------------- 
T5 Level 4.500118 
T7 Level 4.032456 
Closing PU8
Closing PU11
ITERATION 106 ------------- 
T5 Level 4.500118 
T7 Level 4.032456 
Closing PU8
Closing PU11
ITERATION 107 ------------- 
T5 Level 4.500118 
T7 Level 4.116445 
Closing PU8
Closing PU11
ITERATION 108 ------------- 
T5 Level 4.500118 
T7 Level 4.116445 
Closing PU8
Closing PU11
ITERATION 109 ------------- 
T5 Level 4.500118 
T7 Level 4.116445 
Closing PU8
Closing PU11
ITERATION 110 ------------- 
T5 Level 4.500118 
T7 Level 4.202741 
Closing PU8
Closing PU11
ITERATION 111 ------------- 
T5 Level 4.470610 
T7 Level 4.202741 
Closing PU11
ITERATION 112 ------------- 
T5 Level 4.470610 
T7 Level 4.202741 
Closing PU11
ITERATION 113 ------------- 
T5 Level 4.470610 
T7 Level 4.288894 
Closing PU11
ITERATION 114 ------------- 
T5 Level 4.441102 
T7 Level 4.288894 
Closing PU11
ITERATION 115 ------------- 
T5 Level 4.441102 
T7 Level 4.288894 
Closing PU11
ITERATION 116 ------------- 
T5 Level 4.441102 
T7 Level 4.288894 
Closing PU11
ITERATION 117 ------------- 
T5 Level 4.411594 
T7 Level 4.374904 
Closing PU11
ITERATION 118 ------------- 
T5 Level 4.411594 
T7 Level 4.374904 
Closing PU11
ITERATION 119 ------------- 
T5 Level 4.411594 
T7 Level 4.374904 
Closing PU11
ITERATION 120 ------------- 
T5 Level 4.379742 
T7 Level 4.466780 
Closing PU11
ITERATION 121 ------------- 
T5 Level 4.379742 
T7 Level 4.466780 
Closing PU11
ITERATION 122 ------------- 
T5 Level 4.379742 
T7 Level 4.466780 
Closing PU11
ITERATION 123 ------------- 
T5 Level 4.347890 
T7 Level 4.558502 
Closing PU11
ITERATION 124 ------------- 
T5 Level 4.347890 
T7 Level 4.558502 
Closing PU11
ITERATION 125 ------------- 
T5 Level 4.347890 
T7 Level 4.558502 
Closing PU11
ITERATION 126 ------------- 
T5 Level 4.316038 
T7 Level 4.650071 
Closing PU11
ITERATION 127 ------------- 
T5 Level 4.316038 
T7 Level 4.650071 
Closing PU11
ITERATION 128 ------------- 
T5 Level 4.316038 
T7 Level 4.650071 
Closing PU11
ITERATION 129 ------------- 
T5 Level 4.284186 
T7 Level 4.741487 
Closing PU11
ITERATION 130 ------------- 
T5 Level 4.284186 
T7 Level 4.741487 
Closing PU11
ITERATION 131 ------------- 
T5 Level 4.284186 
T7 Level 4.741487 
Closing PU11
ITERATION 132 ------------- 
T5 Level 4.252334 
T7 Level 4.832751 
Closing PU10
Closing PU11
ITERATION 133 ------------- 
T5 Level 4.252334 
T7 Level 4.832751 
Closing PU10
Closing PU11
ITERATION 134 ------------- 
T5 Level 4.252334 
T7 Level 4.832751 
Closing PU10
Closing PU11
ITERATION 135 ------------- 
T5 Level 4.220482 
T7 Level 4.923862 
Closing PU10
Closing PU11
ITERATION 136 ------------- 
T5 Level 4.220482 
T7 Level 4.923862 
Closing PU10
Closing PU11
ITERATION 137 ------------- 
T5 Level 4.220482 
T7 Level 4.923862 
Closing PU10
Closing PU11
ITERATION 138 ------------- 
T5 Level 4.220482 
T7 Level 4.923862 
Closing PU10
Closing PU11
ITERATION 139 ------------- 
T5 Level 4.220482 
T7 Level 4.923862 
Closing PU10
Closing PU11
ITERATION 140 ------------- 
T5 Level 4.220482 
T7 Level 4.923862 
Closing PU10
Closing PU11
ITERATION 141 ------------- 
T5 Level 4.220482 
T7 Level 4.923862 
Closing PU10
Closing PU11
ITERATION 142 ------------- 
T5 Level 4.220482 
T7 Level 4.923862 
Closing PU10
Closing PU11
ITERATION 143 ------------- 
T5 Level 4.220482 
T7 Level 4.923862 
Closing PU10
Closing PU11
ITERATION 144 ------------- 
T5 Level 4.220482 
T7 Level 4.923862 
Closing PU10
Closing PU11
ITERATION 145 ------------- 
T5 Level 4.220482 
T7 Level 4.923862 
Closing PU10
Closing PU11
ITERATION 146 ------------- 
T5 Level 4.220482 
T7 Level 4.923862 
Closing PU10
Closing PU11
ITERATION 147 ------------- 
T5 Level 4.220482 
T7 Level 4.923862 
Closing PU10
Closing PU11
ITERATION 148 ------------- 
T5 Level 4.220482 
T7 Level 4.923862 
Closing PU10
Closing PU11
ITERATION 149 ------------- 
T5 Level 4.220482 
T7 Level 4.923862 
Closing PU10
Closing PU11
ITERATION 150 ------------- 
T5 Level 4.220482 
T7 Level 4.923862 
Closing PU10
Closing PU11
ITERATION 151 ------------- 
T5 Level 4.220482 
T7 Level 4.923862 
Closing PU10
Closing PU11
ITERATION 152 ------------- 
T5 Level 4.220482 
T7 Level 4.923862 
Closing PU10
Closing PU11
ITERATION 153 ------------- 
T5 Level 4.220482 
T7 Level 4.923862 
Closing PU10
Closing PU11
ITERATION 154 ------------- 
T5 Level 4.220482 
T7 Level 4.923862 
Closing PU10
Closing PU11
ITERATION 155 ------------- 
T5 Level 4.220482 
T7 Level 4.923862 
Closing PU10
Closing PU11
ITERATION 156 ------------- 
T5 Level 4.220482 
T7 Level 4.923862 
Closing PU10
Closing PU11
ITERATION 157 ------------- 
T5 Level 4.220482 
T7 Level 4.923862 
Closing PU10
Closing PU11
ITERATION 158 ------------- 
T5 Level 4.220482 
T7 Level 4.923862 
Closing PU10
Closing PU11
ITERATION 159 ------------- 
T5 Level 4.220482 
T7 Level 4.923862 
Closing PU10
Closing PU11
ITERATION 160 ------------- 
T5 Level 4.220482 
T7 Level 4.923862 
Closing PU10
Closing PU11
ITERATION 161 ------------- 
T5 Level 4.220482 
T7 Level 4.923862 
Closing PU10
Closing PU11
ITERATION 162 ------------- 
T5 Level 4.220482 
T7 Level 4.923862 
Closing PU10
Closing PU11
ITERATION 163 ------------- 
T5 Level 4.220482 
T7 Level 4.923862 
Closing PU10
Closing PU11
ITERATION 164 ------------- 
T5 Level 4.220482 
T7 Level 4.923862 
Closing PU10
Closing PU11
ITERATION 165 ------------- 
T5 Level 4.220482 
T7 Level 4.923862 
Closing PU10
Closing PU11
ITERATION 166 ------------- 
T5 Level 4.220482 
T7 Level 4.923862 
Closing PU10
Closing PU11
ITERATION 167 ------------- 
T5 Level 4.220482 
T7 Level 4.923862 
Closing PU10
Closing PU11
ITERATION 168 ------------- 
T5 Level 4.220482 
T7 Level 4.923862 
Closing PU10
Closing PU11
ITERATION 169 ------------- 
T5 Level 4.220482 
T7 Level 4.923862 
Closing PU10
Closing PU11
ITERATION 170 ------------- 
T5 Level 4.220482 
T7 Level 4.923862 
Closing PU10
Closing PU11
ITERATION 171 ------------- 
T5 Level 4.220482 
T7 Level 4.923862 
Closing PU10
Closing PU11
ITERATION 172 ------------- 
T5 Level 4.220482 
T7 Level 4.923862 
Closing PU10
Closing PU11
ITERATION 173 ------------- 
T5 Level 4.220482 
T7 Level 4.923862 
Closing PU10
Closing PU11
ITERATION 174 ------------- 
T5 Level 4.220482 
T7 Level 4.923862 
Closing PU10
Closing PU11
ITERATION 175 ------------- 
T5 Level 4.220482 
T7 Level 4.923862 
Closing PU10
Closing PU11
ITERATION 176 ------------- 
T5 Level 4.220482 
T7 Level 4.923862 
Closing PU10
Closing PU11
ITERATION 177 ------------- 
T5 Level 4.220482 
T7 Level 4.923862 
Closing PU10
Closing PU11
DEBUG plc5 shutdown
plc5
Stopping Tcp dump process on PLC...
Stopping PLC...
