                T4:1              <= [2.5]: 'OK'
                T4:1[    0-0    ] <= [2.5]
                T4:1              <= [2.5]: 'OK'
                T4:1[    0-0    ] <= [2.5]
                T4:1              <= [2.5]: 'OK'
                T4:1[    0-0    ] <= [2.5]
                T4:1              <= [2.5]: 'OK'
                T4:1[    0-0    ] <= [2.5]
                T4:1              <= [2.5]: 'OK'
                T4:1[    0-0    ] <= [2.5]
                T4:1              <= [2.5]: 'OK'
                T4:1[    0-0    ] <= [2.5]
                T4:1              <= [2.5]: 'OK'
                T4:1[    0-0    ] <= [2.5]
                T4:1[    0-0    ] <= [2.5]
                T4:1              <= [2.5]: 'OK'
                T4:1              <= [2.5]: 'OK'
                T4:1[    0-0    ] <= [2.5]
                T4:1              <= [2.5]: 'OK'
                T4:1[    0-0    ] <= [2.5]
                T4:1              <= [2.5]: 'OK'
                T4:1[    0-0    ] <= [2.5]
                T4:1              <= [2.5]: 'OK'
                T4:1[    0-0    ] <= [2.5]
                T4:1              <= [2.5]: 'OK'
                T4:1[    0-0    ] <= [2.5]
                T4:1              <= [2.5]: 'OK'
                T4:1[    0-0    ] <= [2.5]
                T4:1              <= [2.5]: 'OK'
                T4:1[    0-0    ] <= [2.5]
                T4:1              <= [2.5]: 'OK'
                T4:1[    0-0    ] <= [2.5]
                T4:1              <= [2.5]: 'OK'
                T4:1[    0-0    ] <= [2.5]
                T4:1              <= [2.5]: 'OK'
                T4:1[    0-0    ] <= [2.5]
                T4:1              <= [2.5]: 'OK'
                T4:1[    0-0    ] <= [2.5]
                T4:1[    0-0    ] <= [2.5]
                T4:1              <= [2.5]: 'OK'
                T4:1              <= [2.5]: 'OK'
                T4:1[    0-0    ] <= [2.5]
                T4:1[    0-0    ] <= [1.943169355392456]
                T4:1              <= [1.94316929847457]: 'OK'
                T4:1              <= [1.94316929847457]: 'OK'
                T4:1[    0-0    ] <= [1.943169355392456]
                T4:1[    0-0    ] <= [1.943169355392456]
                T4:1              <= [1.94316929847457]: 'OK'
                T4:1[    0-0    ] <= [1.943169355392456]
                T4:1              <= [1.94316929847457]: 'OK'
                T4:1[    0-0    ] <= [1.943169355392456]
                T4:1              <= [1.94316929847457]: 'OK'
                T4:1[    0-0    ] <= [1.943169355392456]
                T4:1              <= [1.94316929847457]: 'OK'
                T4:1[    0-0    ] <= [1.943169355392456]
                T4:1              <= [1.94316929847457]: 'OK'
                T4:1              <= [1.94316929847457]: 'OK'
                T4:1[    0-0    ] <= [1.943169355392456]
                T4:1              <= [1.94316929847457]: 'OK'
                T4:1[    0-0    ] <= [1.943169355392456]
                T4:1              <= [1.98155316371498]: 'OK'
                T4:1[    0-0    ] <= [1.9815531969070435]
                T4:1[    0-0    ] <= [1.9815531969070435]
                T4:1              <= [1.98155316371498]: 'OK'
                T4:1              <= [1.98155316371498]: 'OK'
                T4:1[    0-0    ] <= [1.9815531969070435]
                T4:1              <= [1.98155316371498]: 'OK'
                T4:1[    0-0    ] <= [1.9815531969070435]
                T4:1              <= [1.98155316371498]: 'OK'
                T4:1[    0-0    ] <= [1.9815531969070435]
                T4:1              <= [1.98155316371498]: 'OK'
                T4:1[    0-0    ] <= [1.9815531969070435]
                T4:1              <= [1.98155316371498]: 'OK'
                T4:1[    0-0    ] <= [1.9815531969070435]
                T4:1              <= [2.01985378151042]: 'OK'
                T4:1[    0-0    ] <= [2.0198538303375244]
                T4:1              <= [2.01985378151042]: 'OK'
                T4:1[    0-0    ] <= [2.0198538303375244]
                T4:1              <= [2.01985378151042]: 'OK'
                T4:1[    0-0    ] <= [2.0198538303375244]
                T4:1              <= [2.01985378151042]: 'OK'
                T4:1[    0-0    ] <= [2.0198538303375244]
                T4:1              <= [2.01985378151042]: 'OK'
                T4:1[    0-0    ] <= [2.0198538303375244]
                T4:1              <= [2.01985378151042]: 'OK'
                T4:1[    0-0    ] <= [2.0198538303375244]
                T4:1              <= [2.01985378151042]: 'OK'
                T4:1[    0-0    ] <= [2.0198538303375244]
                T4:1              <= [2.116439632207]: 'OK'
                T4:1[    0-0    ] <= [2.1164395809173584]
                T4:1[    0-0    ] <= [2.1164395809173584]
                T4:1              <= [2.116439632207]: 'OK'
                T4:1              <= [2.116439632207]: 'OK'
                T4:1[    0-0    ] <= [2.1164395809173584]
                T4:1              <= [2.116439632207]: 'OK'
                T4:1[    0-0    ] <= [2.1164395809173584]
                T4:1              <= [2.116439632207]: 'OK'
                T4:1[    0-0    ] <= [2.1164395809173584]
                T4:1              <= [2.116439632207]: 'OK'
                T4:1[    0-0    ] <= [2.1164395809173584]
                T4:1              <= [2.116439632207]: 'OK'
                T4:1[    0-0    ] <= [2.1164395809173584]
                T4:1              <= [2.116439632207]: 'OK'
                T4:1[    0-0    ] <= [2.1164395809173584]
                T4:1              <= [2.116439632207]: 'OK'
                T4:1[    0-0    ] <= [2.1164395809173584]
                T4:1[    0-0    ] <= [2.212780714035034]
                T4:1              <= [2.21278060136515]: 'OK'
                T4:1              <= [2.21278060136515]: 'OK'
                T4:1[    0-0    ] <= [2.212780714035034]
                T4:1              <= [2.21278060136515]: 'OK'
                T4:1[    0-0    ] <= [2.212780714035034]
                T4:1              <= [2.21278060136515]: 'OK'
                T4:1[    0-0    ] <= [2.212780714035034]
                T4:1              <= [2.21278060136515]: 'OK'
                T4:1[    0-0    ] <= [2.212780714035034]
                T4:1              <= [2.21278060136515]: 'OK'
                T4:1[    0-0    ] <= [2.212780714035034]
                T4:1              <= [2.21278060136515]: 'OK'
                T4:1[    0-0    ] <= [2.212780714035034]
                T4:1              <= [2.21278060136515]: 'OK'
                T4:1[    0-0    ] <= [2.212780714035034]
                T4:1[    0-0    ] <= [2.3088767528533936]
                T4:1              <= [2.30887680975701]: 'OK'
                T4:1[    0-0    ] <= [2.3088767528533936]
                T4:1              <= [2.30887680975701]: 'OK'
                T4:1              <= [2.30887680975701]: 'OK'
                T4:1[    0-0    ] <= [2.3088767528533936]
                T4:1              <= [2.30887680975701]: 'OK'
                T4:1[    0-0    ] <= [2.3088767528533936]
                T4:1[    0-0    ] <= [2.3088767528533936]
                T4:1              <= [2.30887680975701]: 'OK'
                T4:1              <= [2.30887680975701]: 'OK'
                T4:1[    0-0    ] <= [2.3088767528533936]
                T4:1              <= [2.30887680975701]: 'OK'
                T4:1[    0-0    ] <= [2.3088767528533936]
                T4:1              <= [2.30887680975701]: 'OK'
                T4:1[    0-0    ] <= [2.3088767528533936]
                T4:1              <= [2.30887680975701]: 'OK'
                T4:1[    0-0    ] <= [2.3088767528533936]
                T4:1              <= [2.40472837851624]: 'OK'
                T4:1[    0-0    ] <= [2.404728412628174]
                T4:1              <= [2.40472837851624]: 'OK'
                T4:1[    0-0    ] <= [2.404728412628174]
DEBUG get_query: SELECT value FROM ctown WHERE name = ? AND pid = ?
DEBUG set_query: UPDATE ctown SET value = ? WHERE name = ? AND pid = ?
DEBUG EnipProtocol server addr:  192.168.1.1
DEBUG: concatenating server address with default port.
DEBUG enip server tags_string:  T4:1=REAL ATT_1:1=REAL ATT_2:1=REAL 
DEBUG enip _start_server cmd:  ['/usr/bin/python', '-m', 'cpppo.server.enip', '--print', '--log', 'logs/protocols_tests_enip_server', '--address', '192.168.1.1:44818', 'T4:1=REAL', 'ATT_1:1=REAL', 'ATT_2:1=REAL']
DEBUG: plc6 enters pre_loop
Tank Level 2.500000 
ITERATION 1 ------------- 
Tank Level 2.500000 
ITERATION 2 ------------- 
Tank Level 2.500000 
ITERATION 3 ------------- 
Tank Level 2.500000 
ITERATION 4 ------------- 
Tank Level 2.500000 
ITERATION 5 ------------- 
Tank Level 2.500000 
ITERATION 6 ------------- 
Tank Level 2.500000 
ITERATION 7 ------------- 
Tank Level 2.500000 
ITERATION 8 ------------- 
Tank Level 2.500000 
ITERATION 9 ------------- 
Tank Level 2.500000 
ITERATION 10 ------------- 
Tank Level 2.500000 
ITERATION 11 ------------- 
Tank Level 2.500000 
ITERATION 12 ------------- 
Tank Level 2.500000 
ITERATION 13 ------------- 
Tank Level 2.500000 
ITERATION 14 ------------- 
Tank Level 2.500000 
ITERATION 15 ------------- 
Tank Level 2.500000 
ITERATION 16 ------------- 
Tank Level 2.500000 
ITERATION 17 ------------- 
Tank Level 2.500000 
ITERATION 18 ------------- 
Tank Level 2.500000 
ITERATION 19 ------------- 
Tank Level 2.500000 
ITERATION 20 ------------- 
Tank Level 2.500000 
ITERATION 21 ------------- 
Tank Level 1.943169 
ITERATION 22 ------------- 
Tank Level 1.943169 
ITERATION 23 ------------- 
Tank Level 1.943169 
ITERATION 24 ------------- 
Tank Level 1.943169 
ITERATION 25 ------------- 
Tank Level 1.943169 
ITERATION 26 ------------- 
Tank Level 1.943169 
ITERATION 27 ------------- 
Tank Level 1.943169 
ITERATION 28 ------------- 
Tank Level 1.943169 
ITERATION 29 ------------- 
Tank Level 1.943169 
ITERATION 30 ------------- 
Tank Level 1.981553 
ITERATION 31 ------------- 
Tank Level 1.981553 
ITERATION 32 ------------- 
Tank Level 1.981553 
ITERATION 33 ------------- 
Tank Level 1.981553 
ITERATION 34 ------------- 
Tank Level 1.981553 
ITERATION 35 ------------- 
Tank Level 1.981553 
ITERATION 36 ------------- 
Tank Level 1.981553 
ITERATION 37 ------------- 
Tank Level 2.019854 
ITERATION 38 ------------- 
Tank Level 2.019854 
ITERATION 39 ------------- 
Tank Level 2.019854 
ITERATION 40 ------------- 
Tank Level 2.019854 
ITERATION 41 ------------- 
Tank Level 2.019854 
ITERATION 42 ------------- 
Tank Level 2.019854 
ITERATION 43 ------------- 
Tank Level 2.019854 
ITERATION 44 ------------- 
Tank Level 2.116440 
ITERATION 45 ------------- 
Tank Level 2.116440 
ITERATION 46 ------------- 
Tank Level 2.116440 
ITERATION 47 ------------- 
Tank Level 2.116440 
ITERATION 48 ------------- 
Tank Level 2.116440 
ITERATION 49 ------------- 
Tank Level 2.116440 
ITERATION 50 ------------- 
Tank Level 2.116440 
ITERATION 51 ------------- 
Tank Level 2.116440 
ITERATION 52 ------------- 
Tank Level 2.116440 
ITERATION 53 ------------- 
Tank Level 2.212781 
ITERATION 54 ------------- 
Tank Level 2.212781 
ITERATION 55 ------------- 
Tank Level 2.212781 
ITERATION 56 ------------- 
Tank Level 2.212781 
ITERATION 57 ------------- 
Tank Level 2.212781 
ITERATION 58 ------------- 
Tank Level 2.212781 
ITERATION 59 ------------- 
Tank Level 2.212781 
ITERATION 60 ------------- 
Tank Level 2.212781 
ITERATION 61 ------------- 
Tank Level 2.308877 
ITERATION 62 ------------- 
Tank Level 2.308877 
ITERATION 63 ------------- 
Tank Level 2.308877 
ITERATION 64 ------------- 
Tank Level 2.308877 
ITERATION 65 ------------- 
Tank Level 2.308877 
ITERATION 66 ------------- 
Tank Level 2.308877 
ITERATION 67 ------------- 
Tank Level 2.308877 
ITERATION 68 ------------- 
Tank Level 2.308877 
ITERATION 69 ------------- 
Tank Level 2.308877 
ITERATION 70 ------------- 
Tank Level 2.404728 
ITERATION 71 ------------- 
Tank Level 2.404728 
ITERATION 72 ------------- 
Tank Level 2.404728 
ITERATI                T4:1              <= [2.40472837851624]: 'OK'
                T4:1[    0-0    ] <= [2.404728412628174]
                T4:1              <= [2.40472837851624]: 'OK'
                T4:1[    0-0    ] <= [2.404728412628174]
                T4:1              <= [2.40472837851624]: 'OK'
                T4:1[    0-0    ] <= [2.404728412628174]
                T4:1              <= [2.40472837851624]: 'OK'
                T4:1[    0-0    ] <= [2.404728412628174]
                T4:1[    0-0    ] <= [2.404728412628174]
                T4:1              <= [2.40472837851624]: 'OK'
                T4:1              <= [2.40472837851624]: 'OK'
                T4:1[    0-0    ] <= [2.404728412628174]
                T4:1              <= [2.40472837851624]: 'OK'
                T4:1[    0-0    ] <= [2.404728412628174]
                T4:1[    0-0    ] <= [2.500335454940796]
                T4:1              <= [2.50033542913911]: 'OK'
                T4:1              <= [2.50033542913911]: 'OK'
                T4:1[    0-0    ] <= [2.500335454940796]
                T4:1[    0-0    ] <= [2.500335454940796]
                T4:1              <= [2.50033542913911]: 'OK'
                T4:1              <= [2.50033542913911]: 'OK'
                T4:1[    0-0    ] <= [2.500335454940796]
                T4:1              <= [2.50033542913911]: 'OK'
                T4:1[    0-0    ] <= [2.500335454940796]
                T4:1              <= [2.50033542913911]: 'OK'
                T4:1[    0-0    ] <= [2.500335454940796]
                T4:1              <= [2.50033542913911]: 'OK'
                T4:1[    0-0    ] <= [2.500335454940796]
                T4:1              <= [2.59569808348539]: 'OK'
                T4:1[    0-0    ] <= [2.595698118209839]
                T4:1              <= [2.59569808348539]: 'OK'
                T4:1[    0-0    ] <= [2.595698118209839]
                T4:1              <= [2.59569808348539]: 'OK'
                T4:1[    0-0    ] <= [2.595698118209839]
                T4:1              <= [2.59569808348539]: 'OK'
                T4:1[    0-0    ] <= [2.595698118209839]
                T4:1[    0-0    ] <= [2.595698118209839]
                T4:1              <= [2.59569808348539]: 'OK'
                T4:1[    0-0    ] <= [2.595698118209839]
                T4:1              <= [2.59569808348539]: 'OK'
                T4:1              <= [2.59569808348539]: 'OK'
                T4:1[    0-0    ] <= [2.595698118209839]
                T4:1              <= [2.59569808348539]: 'OK'
                T4:1[    0-0    ] <= [2.595698118209839]
                T4:1              <= [2.69081646377944]: 'OK'
                T4:1[    0-0    ] <= [2.6908164024353027]
                T4:1              <= [2.69081646377944]: 'OK'
                T4:1[    0-0    ] <= [2.6908164024353027]
                T4:1              <= [2.69081646377944]: 'OK'
                T4:1[    0-0    ] <= [2.6908164024353027]
                T4:1              <= [2.69081646377944]: 'OK'
                T4:1[    0-0    ] <= [2.6908164024353027]
                T4:1              <= [2.69081646377944]: 'OK'
                T4:1[    0-0    ] <= [2.6908164024353027]
                T4:1              <= [2.69081646377944]: 'OK'
                T4:1[    0-0    ] <= [2.6908164024353027]
                T4:1              <= [2.69081646377944]: 'OK'
                T4:1[    0-0    ] <= [2.6908164024353027]
                T4:1              <= [2.69081646377944]: 'OK'
                T4:1[    0-0    ] <= [2.6908164024353027]
                T4:1              <= [2.78569069261118]: 'OK'
                T4:1[    0-0    ] <= [2.7856907844543457]
                T4:1              <= [2.78569069261118]: 'OK'
                T4:1[    0-0    ] <= [2.7856907844543457]
                T4:1              <= [2.78569069261118]: 'OK'
                T4:1[    0-0    ] <= [2.7856907844543457]
                T4:1              <= [2.78569069261118]: 'OK'
                T4:1[    0-0    ] <= [2.7856907844543457]
                T4:1              <= [2.78569069261118]: 'OK'
                T4:1[    0-0    ] <= [2.7856907844543457]
                T4:1              <= [2.78569069261118]: 'OK'
                T4:1[    0-0    ] <= [2.7856907844543457]
                T4:1              <= [2.78569069261118]: 'OK'
                T4:1[    0-0    ] <= [2.7856907844543457]
                T4:1              <= [2.88032089293711]: 'OK'
                T4:1[    0-0    ] <= [2.8803207874298096]
                T4:1              <= [2.88032089293711]: 'OK'
                T4:1[    0-0    ] <= [2.8803207874298096]
                T4:1              <= [2.88032089293711]: 'OK'
                T4:1[    0-0    ] <= [2.8803207874298096]
                T4:1              <= [2.88032089293711]: 'OK'
                T4:1[    0-0    ] <= [2.8803207874298096]
                T4:1              <= [2.88032089293711]: 'OK'
                T4:1[    0-0    ] <= [2.8803207874298096]
                T4:1              <= [2.88032089293711]: 'OK'
                T4:1[    0-0    ] <= [2.8803207874298096]
                T4:1              <= [2.88032089293711]: 'OK'
                T4:1[    0-0    ] <= [2.8803207874298096]
                T4:1              <= [2.88032089293711]: 'OK'
                T4:1[    0-0    ] <= [2.8803207874298096]
                T4:1              <= [2.88032089293711]: 'OK'
                T4:1[    0-0    ] <= [2.8803207874298096]
                T4:1              <= [2.97470718808128]: 'OK'
                T4:1[    0-0    ] <= [2.9747071266174316]
                T4:1              <= [2.97470718808128]: 'OK'
                T4:1[    0-0    ] <= [2.9747071266174316]
                T4:1              <= [2.97470718808128]: 'OK'
                T4:1[    0-0    ] <= [2.9747071266174316]
                T4:1[    0-0    ] <= [2.9747071266174316]
                T4:1              <= [2.97470718808128]: 'OK'
                T4:1              <= [2.97470718808128]: 'OK'
                T4:1[    0-0    ] <= [2.9747071266174316]
                T4:1              <= [2.97470718808128]: 'OK'
                T4:1[    0-0    ] <= [2.9747071266174316]
                T4:1              <= [2.97470718808128]: 'OK'
                T4:1[    0-0    ] <= [2.9747071266174316]
                T4:1              <= [2.97470718808128]: 'OK'
                T4:1[    0-0    ] <= [2.9747071266174316]
                T4:1              <= [3.08869617938575]: 'OK'
                T4:1[    0-0    ] <= [3.088696241378784]
                T4:1              <= [3.08869617938575]: 'OK'
                T4:1[    0-0    ] <= [3.088696241378784]
                T4:1[    0-0    ] <= [3.088696241378784]
                T4:1              <= [3.08869617938575]: 'OK'
                T4:1              <= [3.08869617938575]: 'OK'
                T4:1[    0-0    ] <= [3.088696241378784]
                T4:1              <= [3.08869617938575]: 'OK'
                T4:1[    0-0    ] <= [3.088696241378784]
                T4:1              <= [3.08869617938575]: 'OK'
                T4:1[    0-0    ] <= [3.088696241378784]
                T4:1              <= [3.08869617938575]: 'OK'
                T4:1[    0-0    ] <= [3.088696241378784]
                T4:1              <= [3.08869617938575]: 'OK'
                T4:1[    0-0    ] <= [3.088696241378784]
                T4:1              <= [3.08869617938575]: 'OK'
                T4:1[    0-0    ] <= [3.088696241378784]
                T4:1              <= [3.20241438370863]: 'OK'
                T4:1[    0-0    ] <= [3.2024142742156982]
                T4:1              <= [3.20241438370863]: 'OK'
                T4:1[    0-0    ] <= [3.2024142742156982]
                T4:1              <= [3.20241438370863]: 'OK'
                T4:1[    0-0    ] <= [3.2024142742156982]
                T4:1              <= [3.20241438370863]: 'OK'
                T4:1[    0-0    ] <= [3.2024142742156982]
                T4:1              <= [3.20241438370863]: 'OK'
                T4:1[    0-0    ] <= [3.2024142742156982]
                T4:1              <= [3.20241438370863]: 'OK'
                T4:1[    0-0    ] <= [3.2024142742156982]
                T4:1              <= [3.20241438370863]: 'OK'
                T4:1[    0-0    ] <= [3.2024142742156982]
                T4:1              <= [3.20241438370863]: 'OK'
                T4:1[    0-0    ] <= [3.2024142742156982]
                T4:1              <= [3.31586189781831]: 'OK'
                T4:1[    0-0    ] <= [3.315861940383911]
                T4:1              <= [3.31586189781831]: 'OK'
                T4:1[    0-0    ] <= [3.315861940383911]
                T4:1[    0-0    ] <= [3.315861940383911]
                T4:1              <= [3.31586189781831]: 'OK'
                T4:1              <= [3.31586189781831]: 'OK'
                T4:1[    0-0    ] <= [3.315861940383911]
                T4:1              <= [3.31586189781831]: 'OK'
                T4:1[    0-0    ] <= [3.315861940383911]
                T4:1              <= [3.31586189781831]: 'OK'
                T4:1[    0-0    ] <= [3.315861940383911]
                T4:1              <= [3.31586189781831]: 'OK'
                T4:1[    0-0    ] <= [3.315861940383911]
                T4:1[    0-0    ] <= [3.315861940383911]
                T4:1              <= [3.31586189781831]: 'OK'
                T4:1              <= [3.42903881885263]: 'OK'
                T4:1[    0-0    ] <= [3.4290387630462646]
                T4:1              <= [3.42903881885263]: 'OK'
                T4:1[    0-0    ] <= [3.4290387630462646]
                T4:1[    0-0    ] <= [3.4290387630462646]
                T4:1              <= [3.42903881885263]: 'OK'
                T4:1              <= [3.42903881885263]: 'OK'
                T4:1[    0-0    ] <= [3.4290387630462646]
ON 73 ------------- 
Tank Level 2.404728 
ITERATION 74 ------------- 
Tank Level 2.404728 
ITERATION 75 ------------- 
Tank Level 2.404728 
ITERATION 76 ------------- 
Tank Level 2.404728 
ITERATION 77 ------------- 
Tank Level 2.404728 
ITERATION 78 ------------- 
Tank Level 2.404728 
ITERATION 79 ------------- 
Tank Level 2.500335 
ITERATION 80 ------------- 
Tank Level 2.500335 
ITERATION 81 ------------- 
Tank Level 2.500335 
ITERATION 82 ------------- 
Tank Level 2.500335 
ITERATION 83 ------------- 
Tank Level 2.500335 
ITERATION 84 ------------- 
Tank Level 2.500335 
ITERATION 85 ------------- 
Tank Level 2.500335 
ITERATION 86 ------------- 
Tank Level 2.595698 
ITERATION 87 ------------- 
Tank Level 2.595698 
ITERATION 88 ------------- 
Tank Level 2.595698 
ITERATION 89 ------------- 
Tank Level 2.595698 
ITERATION 90 ------------- 
Tank Level 2.595698 
ITERATION 91 ------------- 
Tank Level 2.595698 
ITERATION 92 ------------- 
Tank Level 2.595698 
ITERATION 93 ------------- 
Tank Level 2.595698 
ITERATION 94 ------------- 
Tank Level 2.690816 
ITERATION 95 ------------- 
Tank Level 2.690816 
ITERATION 96 ------------- 
Tank Level 2.690816 
ITERATION 97 ------------- 
Tank Level 2.690816 
ITERATION 98 ------------- 
Tank Level 2.690816 
ITERATION 99 ------------- 
Tank Level 2.690816 
ITERATION 100 ------------- 
Tank Level 2.690816 
ITERATION 101 ------------- 
Tank Level 2.690816 
ITERATION 102 ------------- 
Tank Level 2.785691 
ITERATION 103 ------------- 
Tank Level 2.785691 
ITERATION 104 ------------- 
Tank Level 2.785691 
ITERATION 105 ------------- 
Tank Level 2.785691 
ITERATION 106 ------------- 
Tank Level 2.785691 
ITERATION 107 ------------- 
Tank Level 2.785691 
ITERATION 108 ------------- 
Tank Level 2.785691 
ITERATION 109 ------------- 
Tank Level 2.880321 
ITERATION 110 ------------- 
Tank Level 2.880321 
ITERATION 111 ------------- 
Tank Level 2.880321 
ITERATION 112 ------------- 
Tank Level 2.880321 
ITERATION 113 ------------- 
Tank Level 2.880321 
ITERATION 114 ------------- 
Tank Level 2.880321 
ITERATION 115 ------------- 
Tank Level 2.880321 
ITERATION 116 ------------- 
Tank Level 2.880321 
ITERATION 117 ------------- 
Tank Level 2.880321 
ITERATION 118 ------------- 
Tank Level 2.974707 
ITERATION 119 ------------- 
Tank Level 2.974707 
ITERATION 120 ------------- 
Tank Level 2.974707 
ITERATION 121 ------------- 
Tank Level 2.974707 
ITERATION 122 ------------- 
Tank Level 2.974707 
ITERATION 123 ------------- 
Tank Level 2.974707 
ITERATION 124 ------------- 
Tank Level 2.974707 
ITERATION 125 ------------- 
Tank Level 2.974707 
ITERATION 126 ------------- 
Tank Level 3.088696 
ITERATION 127 ------------- 
Tank Level 3.088696 
ITERATION 128 ------------- 
Tank Level 3.088696 
ITERATION 129 ------------- 
Tank Level 3.088696 
ITERATION 130 ------------- 
Tank Level 3.088696 
ITERATION 131 ------------- 
Tank Level 3.088696 
ITERATION 132 ------------- 
Tank Level 3.088696 
ITERATION 133 ------------- 
Tank Level 3.088696 
ITERATION 134 ------------- 
Tank Level 3.088696 
ITERATION 135 ------------- 
Tank Level 3.202414 
ITERATION 136 ------------- 
Tank Level 3.202414 
ITERATION 137 ------------- 
Tank Level 3.202414 
ITERATION 138 ------------- 
Tank Level 3.202414 
ITERATION 139 ------------- 
Tank Level 3.202414 
ITERATION 140 ------------- 
Tank Level 3.202414 
ITERATION 141 ------------- 
Tank Level 3.202414 
ITERATION 142 ------------- 
Tank Level 3.202414 
ITERATION 143 ------------- 
Tank Level 3.315862 
ITERATION 144 ------------- 
Tank Level 3.315862 
ITERATION 145 ------------- 
Tank Level 3.315862 
ITERATION 146 ------------- 
Tank Level 3.315862 
ITERATION 147 ------------- 
Tank Level 3.315862 
ITERATION 148 ------------- 
Tank Level 3.315862 
ITERATION 149 ------------- 
Tank Level 3.315862 
ITERATION 150 ------------- 
Tank Level 3.315862 
ITERATION 151 ------------- 
Tank Level 3.429039 
ITERATION 152 ------------- 
Tank Level 3.429039 
ITERATION 153 ------------- 
Tank Level 3.429039 
ITERATION 154 ------------- 
Tank Level 3.429039 
ITERATION 155 ------------- 
T                T4:1              <= [3.42903881885263]: 'OK'
                T4:1[    0-0    ] <= [3.4290387630462646]
                T4:1              <= [3.42903881885263]: 'OK'
                T4:1[    0-0    ] <= [3.4290387630462646]
                T4:1              <= [3.42903881885263]: 'OK'
                T4:1[    0-0    ] <= [3.4290387630462646]
                T4:1              <= [3.42903881885263]: 'OK'
                T4:1[    0-0    ] <= [3.4290387630462646]
                T4:1              <= [3.42903881885263]: 'OK'
                T4:1[    0-0    ] <= [3.4290387630462646]
                T4:1              <= [3.54194524432017]: 'OK'
                T4:1[    0-0    ] <= [3.541945219039917]
                T4:1              <= [3.54194524432017]: 'OK'
                T4:1[    0-0    ] <= [3.541945219039917]
                T4:1              <= [3.54194524432017]: 'OK'
                T4:1[    0-0    ] <= [3.541945219039917]
                T4:1              <= [3.54194524432017]: 'OK'
                T4:1[    0-0    ] <= [3.541945219039917]
                T4:1              <= [3.54194524432017]: 'OK'
                T4:1[    0-0    ] <= [3.541945219039917]
                T4:1              <= [3.54194524432017]: 'OK'
                T4:1[    0-0    ] <= [3.541945219039917]
                T4:1              <= [3.54194524432017]: 'OK'
                T4:1[    0-0    ] <= [3.541945219039917]
                T4:1              <= [3.54194524432017]: 'OK'
                T4:1[    0-0    ] <= [3.541945219039917]
                T4:1              <= [3.65458127210167]: 'OK'
                T4:1[    0-0    ] <= [3.654581308364868]
                T4:1              <= [3.65458127210167]: 'OK'
                T4:1[    0-0    ] <= [3.654581308364868]
                T4:1[    0-0    ] <= [3.654581308364868]
                T4:1              <= [3.65458127210167]: 'OK'
                T4:1              <= [3.65458127210167]: 'OK'
                T4:1[    0-0    ] <= [3.654581308364868]
                T4:1              <= [3.65458127210167]: 'OK'
                T4:1[    0-0    ] <= [3.654581308364868]
                T4:1              <= [3.65458127210167]: 'OK'
                T4:1[    0-0    ] <= [3.654581308364868]
                T4:1              <= [3.65458127210167]: 'OK'
                T4:1[    0-0    ] <= [3.654581308364868]
                T4:1[    0-0    ] <= [3.654581308364868]
                T4:1              <= [3.65458127210167]: 'OK'
                T4:1[    0-0    ] <= [3.766947031021118]
                T4:1              <= [3.76694700045127]: 'OK'
                T4:1              <= [3.76694700045127]: 'OK'
                T4:1[    0-0    ] <= [3.766947031021118]
                T4:1              <= [3.76694700045127]: 'OK'
                T4:1[    0-0    ] <= [3.766947031021118]
                T4:1              <= [3.76694700045127]: 'OK'
                T4:1[    0-0    ] <= [3.766947031021118]
                T4:1              <= [3.76694700045127]: 'OK'
                T4:1[    0-0    ] <= [3.766947031021118]
                T4:1              <= [3.76694700045127]: 'OK'
                T4:1[    0-0    ] <= [3.766947031021118]
                T4:1              <= [3.76694700045127]: 'OK'
                T4:1[    0-0    ] <= [3.766947031021118]
                T4:1              <= [3.76694700045127]: 'OK'
                T4:1[    0-0    ] <= [3.766947031021118]
                T4:1              <= [3.76694700045127]: 'OK'
                T4:1[    0-0    ] <= [3.766947031021118]
                T4:1              <= [3.76694700045127]: 'OK'
                T4:1[    0-0    ] <= [3.766947031021118]
                T4:1[    0-0    ] <= [3.825881242752075]
                T4:1              <= [3.82588124729932]: 'OK'
                T4:1[    0-0    ] <= [3.825881242752075]
                T4:1              <= [3.82588124729932]: 'OK'
                T4:1              <= [3.82588124729932]: 'OK'
                T4:1[    0-0    ] <= [3.825881242752075]
                T4:1              <= [3.82588124729932]: 'OK'
                T4:1[    0-0    ] <= [3.825881242752075]
                T4:1              <= [3.82588124729932]: 'OK'
                T4:1[    0-0    ] <= [3.825881242752075]
                T4:1              <= [3.82588124729932]: 'OK'
                T4:1[    0-0    ] <= [3.825881242752075]
                T4:1[    0-0    ] <= [3.825881242752075]
                T4:1              <= [3.82588124729932]: 'OK'
                T4:1              <= [3.82588124729932]: 'OK'
                T4:1[    0-0    ] <= [3.825881242752075]
                T4:1              <= [3.88471035477269]: 'OK'
                T4:1[    0-0    ] <= [3.8847103118896484]
                T4:1              <= [3.88471035477269]: 'OK'
                T4:1[    0-0    ] <= [3.8847103118896484]
                T4:1              <= [3.88471035477269]: 'OK'
                T4:1[    0-0    ] <= [3.8847103118896484]
                T4:1              <= [3.88471035477269]: 'OK'
                T4:1[    0-0    ] <= [3.8847103118896484]
                T4:1              <= [3.88471035477269]: 'OK'
                T4:1[    0-0    ] <= [3.8847103118896484]
                T4:1              <= [3.88471035477269]: 'OK'
                T4:1[    0-0    ] <= [3.8847103118896484]
                T4:1              <= [3.88471035477269]: 'OK'
                T4:1[    0-0    ] <= [3.8847103118896484]
                T4:1              <= [3.88471035477269]: 'OK'
                T4:1[    0-0    ] <= [3.8847103118896484]
                T4:1              <= [3.88471035477269]: 'OK'
                T4:1[    0-0    ] <= [3.8847103118896484]
                T4:1              <= [3.94343434859732]: 'OK'
                T4:1[    0-0    ] <= [3.943434238433838]
                T4:1              <= [3.94343434859732]: 'OK'
                T4:1[    0-0    ] <= [3.943434238433838]
                T4:1              <= [3.94343434859732]: 'OK'
                T4:1[    0-0    ] <= [3.943434238433838]
                T4:1              <= [3.94343434859732]: 'OK'
                T4:1[    0-0    ] <= [3.943434238433838]
                T4:1              <= [3.94343434859732]: 'OK'
                T4:1[    0-0    ] <= [3.943434238433838]
                T4:1              <= [3.94343434859732]: 'OK'
                T4:1[    0-0    ] <= [3.943434238433838]
                T4:1              <= [3.94343434859732]: 'OK'
                T4:1[    0-0    ] <= [3.943434238433838]
                T4:1              <= [3.94343434859732]: 'OK'
                T4:1[    0-0    ] <= [3.943434238433838]
                T4:1              <= [3.94343434859732]: 'OK'
                T4:1[    0-0    ] <= [3.943434238433838]
                T4:1              <= [4.002053254586]: 'OK'
                T4:1[    0-0    ] <= [4.002053260803223]
                T4:1              <= [4.002053254586]: 'OK'
                T4:1[    0-0    ] <= [4.002053260803223]
                T4:1              <= [4.002053254586]: 'OK'
                T4:1[    0-0    ] <= [4.002053260803223]
                T4:1              <= [4.002053254586]: 'OK'
                T4:1[    0-0    ] <= [4.002053260803223]
                T4:1              <= [4.002053254586]: 'OK'
                T4:1[    0-0    ] <= [4.002053260803223]
                T4:1[    0-0    ] <= [4.002053260803223]
                T4:1              <= [4.002053254586]: 'OK'
                T4:1              <= [4.002053254586]: 'OK'
                T4:1[    0-0    ] <= [4.002053260803223]
                T4:1              <= [4.002053254586]: 'OK'
                T4:1[    0-0    ] <= [4.002053260803223]
                T4:1              <= [4.06056709863859]: 'OK'
                T4:1[    0-0    ] <= [4.0605669021606445]
                T4:1              <= [4.06056709863859]: 'OK'
                T4:1[    0-0    ] <= [4.0605669021606445]
                T4:1              <= [4.06056709863859]: 'OK'
                T4:1[    0-0    ] <= [4.0605669021606445]
                T4:1              <= [4.06056709863859]: 'OK'
                T4:1[    0-0    ] <= [4.0605669021606445]
                T4:1              <= [4.06056709863859]: 'OK'
                T4:1[    0-0    ] <= [4.0605669021606445]
                T4:1              <= [4.06056709863859]: 'OK'
                T4:1[    0-0    ] <= [4.0605669021606445]
                T4:1[    0-0    ] <= [4.0605669021606445]
                T4:1              <= [4.06056709863859]: 'OK'
                T4:1              <= [4.06056709863859]: 'OK'
                T4:1[    0-0    ] <= [4.0605669021606445]
                T4:1              <= [4.13503294212705]: 'OK'
                T4:1[    0-0    ] <= [4.135033130645752]
                T4:1              <= [4.13503294212705]: 'OK'
                T4:1[    0-0    ] <= [4.135033130645752]
                T4:1              <= [4.13503294212705]: 'OK'
                T4:1[    0-0    ] <= [4.135033130645752]
                T4:1              <= [4.13503294212705]: 'OK'
                T4:1[    0-0    ] <= [4.135033130645752]
                T4:1              <= [4.13503294212705]: 'OK'
                T4:1[    0-0    ] <= [4.135033130645752]
                T4:1              <= [4.13503294212705]: 'OK'
                T4:1[    0-0    ] <= [4.135033130645752]
                T4:1              <= [4.13503294212705]: 'OK'
                T4:1[    0-0    ] <= [4.135033130645752]
                T4:1              <= [4.13503294212705]: 'OK'
                T4:1[    0-0    ] <= [4.135033130645752]
ank Level 3.429039 
ITERATION 156 ------------- 
Tank Level 3.429039 
ITERATION 157 ------------- 
Tank Level 3.429039 
ITERATION 158 ------------- 
Tank Level 3.429039 
ITERATION 159 ------------- 
Tank Level 3.429039 
ITERATION 160 ------------- 
Tank Level 3.541945 
ITERATION 161 ------------- 
Tank Level 3.541945 
ITERATION 162 ------------- 
Tank Level 3.541945 
ITERATION 163 ------------- 
Tank Level 3.541945 
ITERATION 164 ------------- 
Tank Level 3.541945 
ITERATION 165 ------------- 
Tank Level 3.541945 
ITERATION 166 ------------- 
Tank Level 3.541945 
ITERATION 167 ------------- 
Tank Level 3.541945 
ITERATION 168 ------------- 
Tank Level 3.654581 
ITERATION 169 ------------- 
Tank Level 3.654581 
ITERATION 170 ------------- 
Tank Level 3.654581 
ITERATION 171 ------------- 
Tank Level 3.654581 
ITERATION 172 ------------- 
Tank Level 3.654581 
ITERATION 173 ------------- 
Tank Level 3.654581 
ITERATION 174 ------------- 
Tank Level 3.654581 
ITERATION 175 ------------- 
Tank Level 3.654581 
ITERATION 176 ------------- 
Tank Level 3.766947 
ITERATION 177 ------------- 
Tank Level 3.766947 
ITERATION 178 ------------- 
Tank Level 3.766947 
ITERATION 179 ------------- 
Tank Level 3.766947 
ITERATION 180 ------------- 
Tank Level 3.766947 
ITERATION 181 ------------- 
Tank Level 3.766947 
ITERATION 182 ------------- 
Tank Level 3.766947 
ITERATION 183 ------------- 
Tank Level 3.766947 
ITERATION 184 ------------- 
Tank Level 3.766947 
ITERATION 185 ------------- 
Tank Level 3.766947 
ITERATION 186 ------------- 
Tank Level 3.825881 
ITERATION 187 ------------- 
Tank Level 3.825881 
ITERATION 188 ------------- 
Tank Level 3.825881 
ITERATION 189 ------------- 
Tank Level 3.825881 
ITERATION 190 ------------- 
Tank Level 3.825881 
ITERATION 191 ------------- 
Tank Level 3.825881 
ITERATION 192 ------------- 
Tank Level 3.825881 
ITERATION 193 ------------- 
Tank Level 3.825881 
ITERATION 194 ------------- 
Tank Level 3.884710 
ITERATION 195 ------------- 
Tank Level 3.884710 
ITERATION 196 ------------- 
Tank Level 3.884710 
ITERATION 197 ------------- 
Tank Level 3.884710 
ITERATION 198 ------------- 
Tank Level 3.884710 
ITERATION 199 ------------- 
Tank Level 3.884710 
ITERATION 200 ------------- 
Tank Level 3.884710 
ITERATION 201 ------------- 
Tank Level 3.884710 
ITERATION 202 ------------- 
Tank Level 3.884710 
ITERATION 203 ------------- 
Tank Level 3.943434 
ITERATION 204 ------------- 
Tank Level 3.943434 
ITERATION 205 ------------- 
Tank Level 3.943434 
ITERATION 206 ------------- 
Tank Level 3.943434 
ITERATION 207 ------------- 
Tank Level 3.943434 
ITERATION 208 ------------- 
Tank Level 3.943434 
ITERATION 209 ------------- 
Tank Level 3.943434 
ITERATION 210 ------------- 
Tank Level 3.943434 
ITERATION 211 ------------- 
Tank Level 3.943434 
ITERATION 212 ------------- 
Tank Level 4.002053 
ITERATION 213 ------------- 
Tank Level 4.002053 
ITERATION 214 ------------- 
Tank Level 4.002053 
ITERATION 215 ------------- 
Tank Level 4.002053 
ITERATION 216 ------------- 
Tank Level 4.002053 
ITERATION 217 ------------- 
Tank Level 4.002053 
ITERATION 218 ------------- 
Tank Level 4.002053 
ITERATION 219 ------------- 
Tank Level 4.002053 
ITERATION 220 ------------- 
Tank Level 4.060567 
ITERATION 221 ------------- 
Tank Level 4.060567 
ITERATION 222 ------------- 
Tank Level 4.060567 
ITERATION 223 ------------- 
Tank Level 4.060567 
ITERATION 224 ------------- 
Tank Level 4.060567 
ITERATION 225 ------------- 
Tank Level 4.060567 
ITERATION 226 ------------- 
Tank Level 4.060567 
ITERATION 227 ------------- 
Tank Level 4.060567 
ITERATION 228 ------------- 
Tank Level 4.135033 
ITERATION 229 ------------- 
Tank Level 4.135033 
ITERATION 230 ------------- 
Tank Level 4.135033 
ITERATION 231 ------------- 
Tank Level 4.135033 
ITERATION 232 ------------- 
Tank Level 4.135033 
ITERATION 233 ------------- 
Tank Level 4.135033 
ITERATION 234 ------------- 
Tank Level 4.135033 
ITERATION 235 ------------- 
Tank Level 4.135033 
ITERATION 236 ------------- 
Tank Level 4.135033 
ITERATION 237 ------------                T4:1              <= [4.13503294212705]: 'OK'
                T4:1[    0-0    ] <= [4.135033130645752]
                T4:1              <= [4.20937761056572]: 'OK'
                T4:1[    0-0    ] <= [4.209377765655518]
                T4:1              <= [4.20937761056572]: 'OK'
                T4:1[    0-0    ] <= [4.209377765655518]
                T4:1              <= [4.20937761056572]: 'OK'
                T4:1[    0-0    ] <= [4.209377765655518]
                T4:1              <= [4.20937761056572]: 'OK'
                T4:1[    0-0    ] <= [4.209377765655518]
                T4:1              <= [4.20937761056572]: 'OK'
                T4:1[    0-0    ] <= [4.209377765655518]
                T4:1              <= [4.20937761056572]: 'OK'
                T4:1[    0-0    ] <= [4.209377765655518]
                T4:1              <= [4.20937761056572]: 'OK'
                T4:1[    0-0    ] <= [4.209377765655518]
                T4:1              <= [4.20937761056572]: 'OK'
                T4:1[    0-0    ] <= [4.209377765655518]
                T4:1              <= [4.20937761056572]: 'OK'
                T4:1[    0-0    ] <= [4.209377765655518]
                T4:1              <= [4.28360111467953]: 'OK'
                T4:1[    0-0    ] <= [4.2836012840271]
                T4:1              <= [4.28360111467953]: 'OK'
                T4:1[    0-0    ] <= [4.2836012840271]
                T4:1              <= [4.28360111467953]: 'OK'
                T4:1[    0-0    ] <= [4.2836012840271]
                T4:1              <= [4.28360111467953]: 'OK'
                T4:1[    0-0    ] <= [4.2836012840271]
                T4:1              <= [4.28360111467953]: 'OK'
                T4:1[    0-0    ] <= [4.2836012840271]
                T4:1              <= [4.28360111467953]: 'OK'
                T4:1[    0-0    ] <= [4.2836012840271]
                T4:1              <= [4.28360111467953]: 'OK'
                T4:1[    0-0    ] <= [4.2836012840271]
                T4:1              <= [4.28360111467953]: 'OK'
                T4:1[    0-0    ] <= [4.2836012840271]
                T4:1              <= [4.28360111467953]: 'OK'
                T4:1[    0-0    ] <= [4.2836012840271]
                T4:1              <= [4.35770346527593]: 'OK'
                T4:1[    0-0    ] <= [4.357703685760498]
                T4:1              <= [4.35770346527593]: 'OK'
                T4:1[    0-0    ] <= [4.357703685760498]
                T4:1              <= [4.35770346527593]: 'OK'
                T4:1[    0-0    ] <= [4.357703685760498]
                T4:1              <= [4.35770346527593]: 'OK'
                T4:1[    0-0    ] <= [4.357703685760498]
                T4:1              <= [4.35770346527593]: 'OK'
                T4:1[    0-0    ] <= [4.357703685760498]
                T4:1              <= [4.35770346527593]: 'OK'
                T4:1[    0-0    ] <= [4.357703685760498]
                T4:1              <= [4.35770346527593]: 'OK'
                T4:1[    0-0    ] <= [4.357703685760498]
                T4:1              <= [4.35770346527593]: 'OK'
                T4:1[    0-0    ] <= [4.357703685760498]
                T4:1              <= [4.35770346527593]: 'OK'
                T4:1[    0-0    ] <= [4.357703685760498]
                T4:1              <= [4.43168467324531]: 'OK'
                T4:1[    0-0    ] <= [4.431684494018555]
                T4:1              <= [4.43168467324531]: 'OK'
                T4:1[    0-0    ] <= [4.431684494018555]
                T4:1              <= [4.43168467324531]: 'OK'
                T4:1[    0-0    ] <= [4.431684494018555]
                T4:1              <= [4.43168467324531]: 'OK'
                T4:1[    0-0    ] <= [4.431684494018555]
                T4:1              <= [4.43168467324531]: 'OK'
                T4:1[    0-0    ] <= [4.431684494018555]
                T4:1[    0-0    ] <= [4.431684494018555]
                T4:1              <= [4.43168467324531]: 'OK'
                T4:1              <= [4.43168467324531]: 'OK'
                T4:1[    0-0    ] <= [4.431684494018555]
                T4:1              <= [4.43168467324531]: 'OK'
                T4:1[    0-0    ] <= [4.431684494018555]
                T4:1              <= [4.50554474956112]: 'OK'
                T4:1[    0-0    ] <= [4.505544662475586]
                T4:1              <= [4.50554474956112]: 'OK'
                T4:1[    0-0    ] <= [4.505544662475586]
                T4:1              <= [4.50554474956112]: 'OK'
                T4:1[    0-0    ] <= [4.505544662475586]
                T4:1              <= [4.50554474956112]: 'OK'
                T4:1[    0-0    ] <= [4.505544662475586]
                T4:1              <= [4.50554474956112]: 'OK'
                T4:1[    0-0    ] <= [4.505544662475586]
                T4:1              <= [4.50554474956112]: 'OK'
                T4:1[    0-0    ] <= [4.505544662475586]
                T4:1              <= [4.50554474956112]: 'OK'
                T4:1[    0-0    ] <= [4.505544662475586]
                T4:1              <= [4.50554474956112]: 'OK'
                T4:1[    0-0    ] <= [4.505544662475586]
                T4:1              <= [4.50554474956112]: 'OK'
                T4:1[    0-0    ] <= [4.505544662475586]
                T4:1              <= [4.57928370528035]: 'OK'
                T4:1[    0-0    ] <= [4.579283714294434]
                T4:1              <= [4.57928370528035]: 'OK'
                T4:1[    0-0    ] <= [4.579283714294434]
                T4:1              <= [4.57928370528035]: 'OK'
                T4:1[    0-0    ] <= [4.579283714294434]
                T4:1              <= [4.57928370528035]: 'OK'
                T4:1[    0-0    ] <= [4.579283714294434]
                T4:1              <= [4.57928370528035]: 'OK'
                T4:1[    0-0    ] <= [4.579283714294434]
                T4:1              <= [4.57928370528035]: 'OK'
                T4:1[    0-0    ] <= [4.579283714294434]
                T4:1              <= [4.57928370528035]: 'OK'
                T4:1[    0-0    ] <= [4.579283714294434]
                T4:1[    0-0    ] <= [4.579283714294434]
                T4:1              <= [4.57928370528035]: 'OK'
                T4:1              <= [4.57928370528035]: 'OK'
                T4:1[    0-0    ] <= [4.579283714294434]
                T4:1              <= [4.57928370528035]: 'OK'
                T4:1[    0-0    ] <= [4.579283714294434]
                T4:1              <= [4.57928370528035]: 'OK'
                T4:1[    0-0    ] <= [4.579283714294434]
                T4:1[    0-0    ] <= [4.579283714294434]
                T4:1              <= [4.57928370528035]: 'OK'
                T4:1              <= [4.63572405408223]: 'OK'
                T4:1[    0-0    ] <= [4.635724067687988]
                T4:1              <= [4.63572405408223]: 'OK'
                T4:1[    0-0    ] <= [4.635724067687988]
                T4:1[    0-0    ] <= [4.635724067687988]
                T4:1              <= [4.63572405408223]: 'OK'
                T4:1              <= [4.63572405408223]: 'OK'
                T4:1[    0-0    ] <= [4.635724067687988]
                T4:1              <= [4.63572405408223]: 'OK'
                T4:1[    0-0    ] <= [4.635724067687988]
                T4:1              <= [4.63572405408223]: 'OK'
                T4:1[    0-0    ] <= [4.635724067687988]
                T4:1              <= [4.63572405408223]: 'OK'
                T4:1[    0-0    ] <= [4.635724067687988]
                T4:1              <= [4.63572405408223]: 'OK'
                T4:1[    0-0    ] <= [4.635724067687988]
                T4:1              <= [4.63572405408223]: 'OK'
                T4:1[    0-0    ] <= [4.635724067687988]
                T4:1              <= [4.63572405408223]: 'OK'
                T4:1[    0-0    ] <= [4.635724067687988]
                T4:1              <= [4.62217945431644]: 'OK'
                T4:1[    0-0    ] <= [4.6221795082092285]
                T4:1              <= [4.62217945431644]: 'OK'
                T4:1[    0-0    ] <= [4.6221795082092285]
                T4:1              <= [4.62217945431644]: 'OK'
                T4:1[    0-0    ] <= [4.6221795082092285]
                T4:1              <= [4.62217945431644]: 'OK'
                T4:1[    0-0    ] <= [4.6221795082092285]
                T4:1              <= [4.62217945431644]: 'OK'
                T4:1[    0-0    ] <= [4.6221795082092285]
                T4:1              <= [4.62217945431644]: 'OK'
                T4:1[    0-0    ] <= [4.6221795082092285]
                T4:1              <= [4.62217945431644]: 'OK'
                T4:1[    0-0    ] <= [4.6221795082092285]
                T4:1[    0-0    ] <= [4.6221795082092285]
                T4:1              <= [4.62217945431644]: 'OK'
                T4:1              <= [4.62217945431644]: 'OK'
                T4:1[    0-0    ] <= [4.6221795082092285]
                T4:1[    0-0    ] <= [4.6221795082092285]
                T4:1              <= [4.62217945431644]: 'OK'
                T4:1              <= [4.62217945431644]: 'OK'
                T4:1[    0-0    ] <= [4.6221795082092285]
                T4:1              <= [4.56413116960596]: 'OK'
                T4:1[    0-0    ] <= [4.564131259918213]
                T4:1              <= [4.56413116960596]: 'OK'
                T4:1[    0-0    ] <= [4.564131259918213]
                T4:1              <= [4.56413116960596]: 'OK'
                T4:1[    0-0    ] <= [4.564131259918213]
                T4:1              <= [4.56413116960596]: 'OK'
                T4:1[    0-0    ] <= [4.564131259918213]
- 
Tank Level 4.209378 
ITERATION 238 ------------- 
Tank Level 4.209378 
ITERATION 239 ------------- 
Tank Level 4.209378 
ITERATION 240 ------------- 
Tank Level 4.209378 
ITERATION 241 ------------- 
Tank Level 4.209378 
ITERATION 242 ------------- 
Tank Level 4.209378 
ITERATION 243 ------------- 
Tank Level 4.209378 
ITERATION 244 ------------- 
Tank Level 4.209378 
ITERATION 245 ------------- 
Tank Level 4.209378 
ITERATION 246 ------------- 
Tank Level 4.283601 
ITERATION 247 ------------- 
Tank Level 4.283601 
ITERATION 248 ------------- 
Tank Level 4.283601 
ITERATION 249 ------------- 
Tank Level 4.283601 
ITERATION 250 ------------- 
Tank Level 4.283601 
ITERATION 251 ------------- 
Tank Level 4.283601 
ITERATION 252 ------------- 
Tank Level 4.283601 
ITERATION 253 ------------- 
Tank Level 4.283601 
ITERATION 254 ------------- 
Tank Level 4.283601 
ITERATION 255 ------------- 
Tank Level 4.357703 
ITERATION 256 ------------- 
Tank Level 4.357703 
ITERATION 257 ------------- 
Tank Level 4.357703 
ITERATION 258 ------------- 
Tank Level 4.357703 
ITERATION 259 ------------- 
Tank Level 4.357703 
ITERATION 260 ------------- 
Tank Level 4.357703 
ITERATION 261 ------------- 
Tank Level 4.357703 
ITERATION 262 ------------- 
Tank Level 4.357703 
ITERATION 263 ------------- 
Tank Level 4.357703 
ITERATION 264 ------------- 
Tank Level 4.431685 
ITERATION 265 ------------- 
Tank Level 4.431685 
ITERATION 266 ------------- 
Tank Level 4.431685 
ITERATION 267 ------------- 
Tank Level 4.431685 
ITERATION 268 ------------- 
Tank Level 4.431685 
ITERATION 269 ------------- 
Tank Level 4.431685 
ITERATION 270 ------------- 
Tank Level 4.431685 
ITERATION 271 ------------- 
Tank Level 4.431685 
ITERATION 272 ------------- 
Tank Level 4.505545 
ITERATION 273 ------------- 
Tank Level 4.505545 
ITERATION 274 ------------- 
Tank Level 4.505545 
ITERATION 275 ------------- 
Tank Level 4.505545 
ITERATION 276 ------------- 
Tank Level 4.505545 
ITERATION 277 ------------- 
Tank Level 4.505545 
ITERATION 278 ------------- 
Tank Level 4.505545 
ITERATION 279 ------------- 
Tank Level 4.505545 
ITERATION 280 ------------- 
Tank Level 4.505545 
ITERATION 281 ------------- 
Tank Level 4.579284 
ITERATION 282 ------------- 
Tank Level 4.579284 
ITERATION 283 ------------- 
Tank Level 4.579284 
ITERATION 284 ------------- 
Tank Level 4.579284 
ITERATION 285 ------------- 
Tank Level 4.579284 
ITERATION 286 ------------- 
Tank Level 4.579284 
ITERATION 287 ------------- 
Tank Level 4.579284 
ITERATION 288 ------------- 
Tank Level 4.579284 
ITERATION 289 ------------- 
Tank Level 4.579284 
ITERATION 290 ------------- 
Tank Level 4.579284 
ITERATION 291 ------------- 
Tank Level 4.579284 
ITERATION 292 ------------- 
Tank Level 4.579284 
ITERATION 293 ------------- 
Tank Level 4.635724 
ITERATION 294 ------------- 
Tank Level 4.635724 
ITERATION 295 ------------- 
Tank Level 4.635724 
ITERATION 296 ------------- 
Tank Level 4.635724 
ITERATION 297 ------------- 
Tank Level 4.635724 
ITERATION 298 ------------- 
Tank Level 4.635724 
ITERATION 299 ------------- 
Tank Level 4.635724 
ITERATION 300 ------------- 
Tank Level 4.635724 
ITERATION 301 ------------- 
Tank Level 4.635724 
ITERATION 302 ------------- 
Tank Level 4.635724 
ITERATION 303 ------------- 
Tank Level 4.622179 
ITERATION 304 ------------- 
Tank Level 4.622179 
ITERATION 305 ------------- 
Tank Level 4.622179 
ITERATION 306 ------------- 
Tank Level 4.622179 
ITERATION 307 ------------- 
Tank Level 4.622179 
ITERATION 308 ------------- 
Tank Level 4.622179 
ITERATION 309 ------------- 
Tank Level 4.622179 
ITERATION 310 ------------- 
Tank Level 4.622179 
ITERATION 311 ------------- 
Tank Level 4.622179 
ITERATION 312 ------------- 
Tank Level 4.622179 
ITERATION 313 ------------- 
Tank Level 4.622179 
ITERATION 314 ------------- 
Tank Level 4.564131 
ITERATION 315 ------------- 
Tank Level 4.564131 
ITERATION 316 ------------- 
Tank Level 4.564131 
ITERATION 317 ------------- 
Tank Level 4.564131 
ITERATION 318 ------------- 
Tank Level 4.564131 
ITERATION 319 --------                T4:1              <= [4.56413116960596]: 'OK'
                T4:1[    0-0    ] <= [4.564131259918213]
                T4:1              <= [4.56413116960596]: 'OK'
                T4:1[    0-0    ] <= [4.564131259918213]
                T4:1              <= [4.56413116960596]: 'OK'
                T4:1[    0-0    ] <= [4.564131259918213]
                T4:1              <= [4.56413116960596]: 'OK'
                T4:1[    0-0    ] <= [4.564131259918213]
                T4:1              <= [4.50608288489551]: 'OK'
                T4:1[    0-0    ] <= [4.506083011627197]
                T4:1              <= [4.50608288489551]: 'OK'
                T4:1[    0-0    ] <= [4.506083011627197]
                T4:1              <= [4.50608288489551]: 'OK'
                T4:1[    0-0    ] <= [4.506083011627197]
                T4:1              <= [4.50608288489551]: 'OK'
                T4:1[    0-0    ] <= [4.506083011627197]
                T4:1              <= [4.50608288489551]: 'OK'
                T4:1[    0-0    ] <= [4.506083011627197]
                T4:1              <= [4.50608288489551]: 'OK'
                T4:1[    0-0    ] <= [4.506083011627197]
                T4:1              <= [4.50608288489551]: 'OK'
                T4:1[    0-0    ] <= [4.506083011627197]
                T4:1              <= [4.50608288489551]: 'OK'
                T4:1[    0-0    ] <= [4.506083011627197]
                T4:1              <= [4.50608288489551]: 'OK'
                T4:1[    0-0    ] <= [4.506083011627197]
                T4:1              <= [4.50608288489551]: 'OK'
                T4:1[    0-0    ] <= [4.506083011627197]
                T4:1              <= [4.44803460018508]: 'OK'
                T4:1[    0-0    ] <= [4.448034763336182]
                T4:1              <= [4.44803460018508]: 'OK'
                T4:1[    0-0    ] <= [4.448034763336182]
                T4:1              <= [4.44803460018508]: 'OK'
                T4:1[    0-0    ] <= [4.448034763336182]
                T4:1              <= [4.44803460018508]: 'OK'
                T4:1[    0-0    ] <= [4.448034763336182]
                T4:1              <= [4.44803460018508]: 'OK'
                T4:1[    0-0    ] <= [4.448034763336182]
                T4:1              <= [4.44803460018508]: 'OK'
                T4:1[    0-0    ] <= [4.448034763336182]
                T4:1              <= [4.44803460018508]: 'OK'
                T4:1[    0-0    ] <= [4.448034763336182]
                T4:1              <= [4.44803460018508]: 'OK'
                T4:1[    0-0    ] <= [4.448034763336182]
                T4:1              <= [4.38998631547469]: 'OK'
                T4:1[    0-0    ] <= [4.389986515045166]
                T4:1              <= [4.38998631547469]: 'OK'
                T4:1[    0-0    ] <= [4.389986515045166]
                T4:1              <= [4.38998631547469]: 'OK'
                T4:1[    0-0    ] <= [4.389986515045166]
                T4:1              <= [4.38998631547469]: 'OK'
                T4:1[    0-0    ] <= [4.389986515045166]
                T4:1              <= [4.38998631547469]: 'OK'
                T4:1[    0-0    ] <= [4.389986515045166]
                T4:1              <= [4.38998631547469]: 'OK'
                T4:1[    0-0    ] <= [4.389986515045166]
                T4:1              <= [4.38998631547469]: 'OK'
                T4:1[    0-0    ] <= [4.389986515045166]
                T4:1              <= [4.33189338995214]: 'OK'
                T4:1[    0-0    ] <= [4.331893444061279]
                T4:1              <= [4.33189338995214]: 'OK'
                T4:1[    0-0    ] <= [4.331893444061279]
                T4:1              <= [4.33189338995214]: 'OK'
                T4:1[    0-0    ] <= [4.331893444061279]
                T4:1[    0-0    ] <= [4.331893444061279]
                T4:1              <= [4.33189338995214]: 'OK'
                T4:1              <= [4.33189338995214]: 'OK'
                T4:1[    0-0    ] <= [4.331893444061279]
                T4:1              <= [4.33189338995214]: 'OK'
                T4:1[    0-0    ] <= [4.331893444061279]
                T4:1              <= [4.33189338995214]: 'OK'
                T4:1[    0-0    ] <= [4.331893444061279]
                T4:1              <= [4.33189338995214]: 'OK'
                T4:1[    0-0    ] <= [4.331893444061279]
                T4:1              <= [4.27380046442963]: 'OK'
                T4:1[    0-0    ] <= [4.273800373077393]
                T4:1              <= [4.27380046442963]: 'OK'
                T4:1[    0-0    ] <= [4.273800373077393]
                T4:1              <= [4.27380046442963]: 'OK'
                T4:1[    0-0    ] <= [4.273800373077393]
                T4:1              <= [4.27380046442963]: 'OK'
                T4:1[    0-0    ] <= [4.273800373077393]
                T4:1              <= [4.27380046442963]: 'OK'
                T4:1[    0-0    ] <= [4.273800373077393]
                T4:1[    0-0    ] <= [4.273800373077393]
                T4:1              <= [4.27380046442963]: 'OK'
                T4:1              <= [4.27380046442963]: 'OK'
                T4:1[    0-0    ] <= [4.273800373077393]
                T4:1              <= [4.27380046442963]: 'OK'
                T4:1[    0-0    ] <= [4.273800373077393]
                T4:1              <= [4.27380046442963]: 'OK'
                T4:1[    0-0    ] <= [4.273800373077393]
                T4:1              <= [4.21570753890717]: 'OK'
                T4:1[    0-0    ] <= [4.215707302093506]
                T4:1              <= [4.21570753890717]: 'OK'
                T4:1[    0-0    ] <= [4.215707302093506]
                T4:1              <= [4.21570753890717]: 'OK'
                T4:1[    0-0    ] <= [4.215707302093506]
                T4:1              <= [4.21570753890717]: 'OK'
                T4:1[    0-0    ] <= [4.215707302093506]
                T4:1              <= [4.21570753890717]: 'OK'
                T4:1[    0-0    ] <= [4.215707302093506]
                T4:1              <= [4.21570753890717]: 'OK'
                T4:1[    0-0    ] <= [4.215707302093506]
                T4:1              <= [4.21570753890717]: 'OK'
                T4:1[    0-0    ] <= [4.215707302093506]
                T4:1              <= [4.21570753890717]: 'OK'
                T4:1[    0-0    ] <= [4.215707302093506]
                T4:1              <= [4.15761461338474]: 'OK'
                T4:1[    0-0    ] <= [4.157614707946777]
                T4:1              <= [4.15761461338474]: 'OK'
                T4:1[    0-0    ] <= [4.157614707946777]
                T4:1              <= [4.15761461338474]: 'OK'
                T4:1[    0-0    ] <= [4.157614707946777]
                T4:1              <= [4.15761461338474]: 'OK'
                T4:1[    0-0    ] <= [4.157614707946777]
                T4:1              <= [4.15761461338474]: 'OK'
                T4:1[    0-0    ] <= [4.157614707946777]
                T4:1              <= [4.15761461338474]: 'OK'
                T4:1[    0-0    ] <= [4.157614707946777]
                T4:1              <= [4.15761461338474]: 'OK'
                T4:1[    0-0    ] <= [4.157614707946777]
                T4:1              <= [4.15761461338474]: 'OK'
                T4:1[    0-0    ] <= [4.157614707946777]
                T4:1              <= [4.15761461338474]: 'OK'
                T4:1[    0-0    ] <= [4.157614707946777]
                T4:1              <= [4.09952168786234]: 'OK'
                T4:1[    0-0    ] <= [4.099521636962891]
                T4:1              <= [4.09952168786234]: 'OK'
                T4:1[    0-0    ] <= [4.099521636962891]
                T4:1              <= [4.09952168786234]: 'OK'
                T4:1[    0-0    ] <= [4.099521636962891]
                T4:1              <= [4.09952168786234]: 'OK'
                T4:1[    0-0    ] <= [4.099521636962891]
                T4:1              <= [4.09952168786234]: 'OK'
                T4:1[    0-0    ] <= [4.099521636962891]
                T4:1              <= [4.09952168786234]: 'OK'
                T4:1[    0-0    ] <= [4.099521636962891]
                T4:1              <= [4.09952168786234]: 'OK'
                T4:1[    0-0    ] <= [4.099521636962891]
                T4:1              <= [4.09952168786234]: 'OK'
                T4:1[    0-0    ] <= [4.099521636962891]
                T4:1              <= [4.04142876233996]: 'OK'
                T4:1[    0-0    ] <= [4.041428565979004]
                T4:1              <= [4.04142876233996]: 'OK'
                T4:1[    0-0    ] <= [4.041428565979004]
                T4:1              <= [4.04142876233996]: 'OK'
                T4:1[    0-0    ] <= [4.041428565979004]
                T4:1              <= [4.04142876233996]: 'OK'
                T4:1[    0-0    ] <= [4.041428565979004]
                T4:1              <= [4.04142876233996]: 'OK'
                T4:1[    0-0    ] <= [4.041428565979004]
                T4:1              <= [4.04142876233996]: 'OK'
                T4:1[    0-0    ] <= [4.041428565979004]
                T4:1              <= [4.04142876233996]: 'OK'
                T4:1[    0-0    ] <= [4.041428565979004]
                T4:1              <= [4.04142876233996]: 'OK'
                T4:1[    0-0    ] <= [4.041428565979004]
                T4:1              <= [4.04142876233996]: 'OK'
                T4:1[    0-0    ] <= [4.041428565979004]
                T4:1              <= [4.04142876233996]: 'OK'
                T4:1[    0-0    ] <= [4.041428565979004]
                T4:1[    0-0    ] <= [4.041428565979004]
                T4:1              <= [4.04142876233996]: 'OK'
----- 
Tank Level 4.564131 
ITERATION 320 ------------- 
Tank Level 4.564131 
ITERATION 321 ------------- 
Tank Level 4.564131 
ITERATION 322 ------------- 
Tank Level 4.506083 
ITERATION 323 ------------- 
Tank Level 4.506083 
ITERATION 324 ------------- 
Tank Level 4.506083 
ITERATION 325 ------------- 
Tank Level 4.506083 
ITERATION 326 ------------- 
Tank Level 4.506083 
ITERATION 327 ------------- 
Tank Level 4.506083 
ITERATION 328 ------------- 
Tank Level 4.506083 
ITERATION 329 ------------- 
Tank Level 4.506083 
ITERATION 330 ------------- 
Tank Level 4.506083 
ITERATION 331 ------------- 
Tank Level 4.506083 
ITERATION 332 ------------- 
Tank Level 4.448035 
ITERATION 333 ------------- 
Tank Level 4.448035 
ITERATION 334 ------------- 
Tank Level 4.448035 
ITERATION 335 ------------- 
Tank Level 4.448035 
ITERATION 336 ------------- 
Tank Level 4.448035 
ITERATION 337 ------------- 
Tank Level 4.448035 
ITERATION 338 ------------- 
Tank Level 4.448035 
ITERATION 339 ------------- 
Tank Level 4.448035 
ITERATION 340 ------------- 
Tank Level 4.389986 
ITERATION 341 ------------- 
Tank Level 4.389986 
ITERATION 342 ------------- 
Tank Level 4.389986 
ITERATION 343 ------------- 
Tank Level 4.389986 
ITERATION 344 ------------- 
Tank Level 4.389986 
ITERATION 345 ------------- 
Tank Level 4.389986 
ITERATION 346 ------------- 
Tank Level 4.389986 
ITERATION 347 ------------- 
Tank Level 4.331893 
ITERATION 348 ------------- 
Tank Level 4.331893 
ITERATION 349 ------------- 
Tank Level 4.331893 
ITERATION 350 ------------- 
Tank Level 4.331893 
ITERATION 351 ------------- 
Tank Level 4.331893 
ITERATION 352 ------------- 
Tank Level 4.331893 
ITERATION 353 ------------- 
Tank Level 4.331893 
ITERATION 354 ------------- 
Tank Level 4.331893 
ITERATION 355 ------------- 
Tank Level 4.273800 
ITERATION 356 ------------- 
Tank Level 4.273800 
ITERATION 357 ------------- 
Tank Level 4.273800 
ITERATION 358 ------------- 
Tank Level 4.273800 
ITERATION 359 ------------- 
Tank Level 4.273800 
ITERATION 360 ------------- 
Tank Level 4.273800 
ITERATION 361 ------------- 
Tank Level 4.273800 
ITERATION 362 ------------- 
Tank Level 4.273800 
ITERATION 363 ------------- 
Tank Level 4.273800 
ITERATION 364 ------------- 
Tank Level 4.215708 
ITERATION 365 ------------- 
Tank Level 4.215708 
ITERATION 366 ------------- 
Tank Level 4.215708 
ITERATION 367 ------------- 
Tank Level 4.215708 
ITERATION 368 ------------- 
Tank Level 4.215708 
ITERATION 369 ------------- 
Tank Level 4.215708 
ITERATION 370 ------------- 
Tank Level 4.215708 
ITERATION 371 ------------- 
Tank Level 4.215708 
ITERATION 372 ------------- 
Tank Level 4.157615 
ITERATION 373 ------------- 
Tank Level 4.157615 
ITERATION 374 ------------- 
Tank Level 4.157615 
ITERATION 375 ------------- 
Tank Level 4.157615 
ITERATION 376 ------------- 
Tank Level 4.157615 
ITERATION 377 ------------- 
Tank Level 4.157615 
ITERATION 378 ------------- 
Tank Level 4.157615 
ITERATION 379 ------------- 
Tank Level 4.157615 
ITERATION 380 ------------- 
Tank Level 4.157615 
ITERATION 381 ------------- 
Tank Level 4.099522 
ITERATION 382 ------------- 
Tank Level 4.099522 
ITERATION 383 ------------- 
Tank Level 4.099522 
ITERATION 384 ------------- 
Tank Level 4.099522 
ITERATION 385 ------------- 
Tank Level 4.099522 
ITERATION 386 ------------- 
Tank Level 4.099522 
ITERATION 387 ------------- 
Tank Level 4.099522 
ITERATION 388 ------------- 
Tank Level 4.099522 
ITERATION 389 ------------- 
Tank Level 4.041429 
ITERATION 390 ------------- 
Tank Level 4.041429 
ITERATION 391 ------------- 
Tank Level 4.041429 
ITERATION 392 ------------- 
Tank Level 4.041429 
ITERATION 393 ------------- 
Tank Level 4.041429 
ITERATION 394 ------------- 
Tank Level 4.041429 
ITERATION 395 ------------- 
Tank Level 4.041429 
ITERATION 396 ------------- 
Tank Level 4.041429 
ITERATION 397 ------------- 
Tank Level 4.041429 
ITERATION 398 ------------- 
Tank Level 4.041429 
ITERATION 399 ------------- 
Tank Level 4.041429 
ITERATION 400 ------------- 
Tank Level 4.041429 
ITERATION 401 ----                T4:1              <= [4.04142876233996]: 'OK'
                T4:1[    0-0    ] <= [4.041428565979004]
                T4:1              <= [4.04142876233996]: 'OK'
                T4:1[    0-0    ] <= [4.041428565979004]
                T4:1              <= [4.04142876233996]: 'OK'
                T4:1[    0-0    ] <= [4.041428565979004]
                T4:1              <= [4.04142876233996]: 'OK'
                T4:1[    0-0    ] <= [4.041428565979004]
                T4:1              <= [4.04142876233996]: 'OK'
                T4:1[    0-0    ] <= [4.041428565979004]
                T4:1              <= [4.04142876233996]: 'OK'
                T4:1[    0-0    ] <= [4.041428565979004]
                T4:1              <= [4.04142876233996]: 'OK'
                T4:1[    0-0    ] <= [4.041428565979004]
                T4:1              <= [4.04142876233996]: 'OK'
                T4:1[    0-0    ] <= [4.041428565979004]
                T4:1[    0-0    ] <= [4.041428565979004]
                T4:1              <= [4.04142876233996]: 'OK'
                T4:1              <= [4.04142876233996]: 'OK'
                T4:1[    0-0    ] <= [4.041428565979004]
                T4:1[    0-0    ] <= [4.041428565979004]
                T4:1              <= [4.04142876233996]: 'OK'
                T4:1              <= [4.04142876233996]: 'OK'
                T4:1[    0-0    ] <= [4.041428565979004]
                T4:1              <= [4.04142876233996]: 'OK'
                T4:1[    0-0    ] <= [4.041428565979004]
                T4:1              <= [4.04142876233996]: 'OK'
                T4:1[    0-0    ] <= [4.041428565979004]
                T4:1              <= [4.04142876233996]: 'OK'
                T4:1[    0-0    ] <= [4.041428565979004]
                T4:1              <= [4.04142876233996]: 'OK'
                T4:1[    0-0    ] <= [4.041428565979004]
                T4:1              <= [4.04142876233996]: 'OK'
                T4:1[    0-0    ] <= [4.041428565979004]
                T4:1[    0-0    ] <= [4.041428565979004]
                T4:1              <= [4.04142876233996]: 'OK'
                T4:1              <= [4.04142876233996]: 'OK'
                T4:1[    0-0    ] <= [4.041428565979004]
                T4:1              <= [4.04142876233996]: 'OK'
                T4:1[    0-0    ] <= [4.041428565979004]
                T4:1              <= [4.04142876233996]: 'OK'
                T4:1[    0-0    ] <= [4.041428565979004]
                T4:1              <= [4.04142876233996]: 'OK'
                T4:1[    0-0    ] <= [4.041428565979004]
                T4:1[    0-0    ] <= [4.041428565979004]
                T4:1              <= [4.04142876233996]: 'OK'
                T4:1[    0-0    ] <= [4.041428565979004]
                T4:1              <= [4.04142876233996]: 'OK'
                T4:1              <= [4.04142876233996]: 'OK'
                T4:1[    0-0    ] <= [4.041428565979004]
                T4:1              <= [4.04142876233996]: 'OK'
                T4:1[    0-0    ] <= [4.041428565979004]
                T4:1              <= [4.04142876233996]: 'OK'
                T4:1[    0-0    ] <= [4.041428565979004]
                T4:1              <= [4.04142876233996]: 'OK'
                T4:1[    0-0    ] <= [4.041428565979004]
                T4:1              <= [4.04142876233996]: 'OK'
                T4:1[    0-0    ] <= [4.041428565979004]
                T4:1              <= [4.04142876233996]: 'OK'
                T4:1[    0-0    ] <= [4.041428565979004]
                T4:1              <= [4.04142876233996]: 'OK'
                T4:1[    0-0    ] <= [4.041428565979004]
                T4:1              <= [4.04142876233996]: 'OK'
                T4:1[    0-0    ] <= [4.041428565979004]
                T4:1              <= [4.04142876233996]: 'OK'
                T4:1[    0-0    ] <= [4.041428565979004]
                T4:1              <= [4.04142876233996]: 'OK'
                T4:1[    0-0    ] <= [4.041428565979004]
                T4:1              <= [4.04142876233996]: 'OK'
                T4:1[    0-0    ] <= [4.041428565979004]
                T4:1[    0-0    ] <= [4.041428565979004]
                T4:1              <= [4.04142876233996]: 'OK'
                T4:1[    0-0    ] <= [4.041428565979004]
                T4:1              <= [4.04142876233996]: 'OK'
                T4:1              <= [4.04142876233996]: 'OK'
                T4:1[    0-0    ] <= [4.041428565979004]
                T4:1              <= [4.04142876233996]: 'OK'
                T4:1[    0-0    ] <= [4.041428565979004]
                T4:1              <= [4.04142876233996]: 'OK'
                T4:1[    0-0    ] <= [4.041428565979004]
                T4:1              <= [4.04142876233996]: 'OK'
                T4:1[    0-0    ] <= [4.041428565979004]
                T4:1              <= [4.04142876233996]: 'OK'
                T4:1[    0-0    ] <= [4.041428565979004]
                T4:1              <= [4.04142876233996]: 'OK'
                T4:1[    0-0    ] <= [4.041428565979004]
                T4:1              <= [4.04142876233996]: 'OK'
                T4:1[    0-0    ] <= [4.041428565979004]
                T4:1              <= [4.04142876233996]: 'OK'
                T4:1[    0-0    ] <= [4.041428565979004]
                T4:1              <= [4.04142876233996]: 'OK'
                T4:1[    0-0    ] <= [4.041428565979004]
                T4:1              <= [4.04142876233996]: 'OK'
                T4:1[    0-0    ] <= [4.041428565979004]
                T4:1              <= [4.04142876233996]: 'OK'
                T4:1[    0-0    ] <= [4.041428565979004]
                T4:1              <= [4.04142876233996]: 'OK'
                T4:1[    0-0    ] <= [4.041428565979004]
                T4:1              <= [4.04142876233996]: 'OK'
                T4:1[    0-0    ] <= [4.041428565979004]
                T4:1              <= [4.04142876233996]: 'OK'
                T4:1[    0-0    ] <= [4.041428565979004]
                T4:1              <= [4.04142876233996]: 'OK'
                T4:1[    0-0    ] <= [4.041428565979004]
                T4:1              <= [4.04142876233996]: 'OK'
                T4:1[    0-0    ] <= [4.041428565979004]
                T4:1[    0-0    ] <= [4.041428565979004]
                T4:1              <= [4.04142876233996]: 'OK'
                T4:1              <= [4.04142876233996]: 'OK'
                T4:1[    0-0    ] <= [4.041428565979004]
                T4:1              <= [4.04142876233996]: 'OK'
                T4:1[    0-0    ] <= [4.041428565979004]
                T4:1              <= [4.04142876233996]: 'OK'
                T4:1[    0-0    ] <= [4.041428565979004]
                T4:1              <= [4.04142876233996]: 'OK'
                T4:1[    0-0    ] <= [4.041428565979004]
                T4:1              <= [4.04142876233996]: 'OK'
                T4:1[    0-0    ] <= [4.041428565979004]
                T4:1              <= [4.04142876233996]: 'OK'
                T4:1[    0-0    ] <= [4.041428565979004]
                T4:1              <= [4.04142876233996]: 'OK'
                T4:1[    0-0    ] <= [4.041428565979004]
                T4:1[    0-0    ] <= [4.041428565979004]
                T4:1              <= [4.04142876233996]: 'OK'
                T4:1              <= [4.04142876233996]: 'OK'
                T4:1[    0-0    ] <= [4.041428565979004]
                T4:1              <= [4.04142876233996]: 'OK'
                T4:1[    0-0    ] <= [4.041428565979004]
                T4:1              <= [4.04142876233996]: 'OK'
                T4:1[    0-0    ] <= [4.041428565979004]
                T4:1              <= [4.04142876233996]: 'OK'
                T4:1[    0-0    ] <= [4.041428565979004]
                T4:1              <= [4.04142876233996]: 'OK'
                T4:1[    0-0    ] <= [4.041428565979004]
                T4:1              <= [4.04142876233996]: 'OK'
                T4:1[    0-0    ] <= [4.041428565979004]
                T4:1              <= [4.04142876233996]: 'OK'
                T4:1[    0-0    ] <= [4.041428565979004]
                T4:1              <= [4.04142876233996]: 'OK'
                T4:1[    0-0    ] <= [4.041428565979004]
                T4:1              <= [4.04142876233996]: 'OK'
                T4:1[    0-0    ] <= [4.041428565979004]
                T4:1              <= [4.04142876233996]: 'OK'
                T4:1[    0-0    ] <= [4.041428565979004]
                T4:1              <= [4.04142876233996]: 'OK'
                T4:1[    0-0    ] <= [4.041428565979004]
                T4:1              <= [4.04142876233996]: 'OK'
                T4:1[    0-0    ] <= [4.041428565979004]
                T4:1              <= [4.04142876233996]: 'OK'
                T4:1[    0-0    ] <= [4.041428565979004]
                T4:1              <= [4.04142876233996]: 'OK'
                T4:1[    0-0    ] <= [4.041428565979004]
                T4:1              <= [4.04142876233996]: 'OK'
                T4:1[    0-0    ] <= [4.041428565979004]
                T4:1              <= [4.04142876233996]: 'OK'
                T4:1[    0-0    ] <= [4.041428565979004]
                T4:1[    0-0    ] <= [4.041428565979004]
                T4:1              <= [4.04142876233996]: 'OK'
                T4:1              <= [4.04142876233996]: 'OK'
                T4:1[    0-0    ] <= [4.041428565979004]
                T4:1              <= [4.04142876233996]: 'OK'
                T4:1[    0-0    ] <= [4.041428565979004]
                T4:1              <= [4.04142876233996]: 'OK'
                T4:1[    0-0    ] <= [4.041428565979004]
--------- 
Tank Level 4.041429 
ITERATION 402 ------------- 
Tank Level 4.041429 
ITERATION 403 ------------- 
Tank Level 4.041429 
ITERATION 404 ------------- 
Tank Level 4.041429 
ITERATION 405 ------------- 
Tank Level 4.041429 
ITERATION 406 ------------- 
Tank Level 4.041429 
ITERATION 407 ------------- 
Tank Level 4.041429 
ITERATION 408 ------------- 
Tank Level 4.041429 
ITERATION 409 ------------- 
Tank Level 4.041429 
ITERATION 410 ------------- 
Tank Level 4.041429 
ITERATION 411 ------------- 
Tank Level 4.041429 
ITERATION 412 ------------- 
Tank Level 4.041429 
ITERATION 413 ------------- 
Tank Level 4.041429 
ITERATION 414 ------------- 
Tank Level 4.041429 
ITERATION 415 ------------- 
Tank Level 4.041429 
ITERATION 416 ------------- 
Tank Level 4.041429 
ITERATION 417 ------------- 
Tank Level 4.041429 
ITERATION 418 ------------- 
Tank Level 4.041429 
ITERATION 419 ------------- 
Tank Level 4.041429 
ITERATION 420 ------------- 
Tank Level 4.041429 
ITERATION 421 ------------- 
Tank Level 4.041429 
ITERATION 422 ------------- 
Tank Level 4.041429 
ITERATION 423 ------------- 
Tank Level 4.041429 
ITERATION 424 ------------- 
Tank Level 4.041429 
ITERATION 425 ------------- 
Tank Level 4.041429 
ITERATION 426 ------------- 
Tank Level 4.041429 
ITERATION 427 ------------- 
Tank Level 4.041429 
ITERATION 428 ------------- 
Tank Level 4.041429 
ITERATION 429 ------------- 
Tank Level 4.041429 
ITERATION 430 ------------- 
Tank Level 4.041429 
ITERATION 431 ------------- 
Tank Level 4.041429 
ITERATION 432 ------------- 
Tank Level 4.041429 
ITERATION 433 ------------- 
Tank Level 4.041429 
ITERATION 434 ------------- 
Tank Level 4.041429 
ITERATION 435 ------------- 
Tank Level 4.041429 
ITERATION 436 ------------- 
Tank Level 4.041429 
ITERATION 437 ------------- 
Tank Level 4.041429 
ITERATION 438 ------------- 
Tank Level 4.041429 
ITERATION 439 ------------- 
Tank Level 4.041429 
ITERATION 440 ------------- 
Tank Level 4.041429 
ITERATION 441 ------------- 
Tank Level 4.041429 
ITERATION 442 ------------- 
Tank Level 4.041429 
ITERATION 443 ------------- 
Tank Level 4.041429 
ITERATION 444 ------------- 
Tank Level 4.041429 
ITERATION 445 ------------- 
Tank Level 4.041429 
ITERATION 446 ------------- 
Tank Level 4.041429 
ITERATION 447 ------------- 
Tank Level 4.041429 
ITERATION 448 ------------- 
Tank Level 4.041429 
ITERATION 449 ------------- 
Tank Level 4.041429 
ITERATION 450 ------------- 
Tank Level 4.041429 
ITERATION 451 ------------- 
Tank Level 4.041429 
ITERATION 452 ------------- 
Tank Level 4.041429 
ITERATION 453 ------------- 
Tank Level 4.041429 
ITERATION 454 ------------- 
Tank Level 4.041429 
ITERATION 455 ------------- 
Tank Level 4.041429 
ITERATION 456 ------------- 
Tank Level 4.041429 
ITERATION 457 ------------- 
Tank Level 4.041429 
ITERATION 458 ------------- 
Tank Level 4.041429 
ITERATION 459 ------------- 
Tank Level 4.041429 
ITERATION 460 ------------- 
Tank Level 4.041429 
ITERATION 461 ------------- 
Tank Level 4.041429 
ITERATION 462 ------------- 
Tank Level 4.041429 
ITERATION 463 ------------- 
Tank Level 4.041429 
ITERATION 464 ------------- 
Tank Level 4.041429 
ITERATION 465 ------------- 
Tank Level 4.041429 
ITERATION 466 ------------- 
Tank Level 4.041429 
ITERATION 467 ------------- 
Tank Level 4.041429 
ITERATION 468 ------------- 
Tank Level 4.041429 
ITERATION 469 ------------- 
Tank Level 4.041429 
ITERATION 470 ------------- 
Tank Level 4.041429 
ITERATION 471 ------------- 
Tank Level 4.041429 
ITERATION 472 ------------- 
Tank Level 4.041429 
ITERATION 473 ------------- 
Tank Level 4.041429 
ITERATION 474 ------------- 
Tank Level 4.041429 
ITERATION 475 ------------- 
Tank Level 4.041429 
ITERATION 476 ------------- 
Tank Level 4.041429 
ITERATION 477 ------------- 
Tank Level 4.041429 
ITERATION 478 ------------- 
Tank Level 4.041429 
ITERATION 479 ------------- 
Tank Level 4.041429 
ITERATION 480 ------------- 
Tank Level 4.041429 
ITERATION 481 ------------- 
Tank Level 4.041429 
ITERATION 482 ------------- 
Tank Level 4.041429 
ITERATION 483                 T4:1              <= [4.04142876233996]: 'OK'
                T4:1[    0-0    ] <= [4.041428565979004]
                T4:1              <= [4.04142876233996]: 'OK'
                T4:1[    0-0    ] <= [4.041428565979004]
                T4:1              <= [4.04142876233996]: 'OK'
                T4:1[    0-0    ] <= [4.041428565979004]
                T4:1              <= [4.04142876233996]: 'OK'
                T4:1[    0-0    ] <= [4.041428565979004]
                T4:1              <= [4.04142876233996]: 'OK'
                T4:1[    0-0    ] <= [4.041428565979004]
                T4:1[    0-0    ] <= [4.041428565979004]
                T4:1              <= [4.04142876233996]: 'OK'
                T4:1              <= [4.04142876233996]: 'OK'
                T4:1[    0-0    ] <= [4.041428565979004]
                T4:1              <= [4.04142876233996]: 'OK'
                T4:1[    0-0    ] <= [4.041428565979004]
                T4:1              <= [4.04142876233996]: 'OK'
                T4:1[    0-0    ] <= [4.041428565979004]
                T4:1              <= [4.04142876233996]: 'OK'
                T4:1[    0-0    ] <= [4.041428565979004]
                T4:1              <= [4.04142876233996]: 'OK'
                T4:1[    0-0    ] <= [4.041428565979004]
                T4:1              <= [4.04142876233996]: 'OK'
                T4:1[    0-0    ] <= [4.041428565979004]
                T4:1              <= [4.04142876233996]: 'OK'
                T4:1[    0-0    ] <= [4.041428565979004]
                T4:1              <= [4.04142876233996]: 'OK'
                T4:1[    0-0    ] <= [4.041428565979004]
                T4:1              <= [4.04142876233996]: 'OK'
                T4:1[    0-0    ] <= [4.041428565979004]
                T4:1              <= [4.04142876233996]: 'OK'
                T4:1[    0-0    ] <= [4.041428565979004]
                T4:1              <= [4.04142876233996]: 'OK'
                T4:1[    0-0    ] <= [4.041428565979004]
                T4:1              <= [4.04142876233996]: 'OK'
                T4:1[    0-0    ] <= [4.041428565979004]
                T4:1              <= [4.04142876233996]: 'OK'
                T4:1[    0-0    ] <= [4.041428565979004]
                T4:1[    0-0    ] <= [4.041428565979004]
                T4:1              <= [4.04142876233996]: 'OK'
                T4:1              <= [4.04142876233996]: 'OK'
                T4:1[    0-0    ] <= [4.041428565979004]
                T4:1              <= [4.04142876233996]: 'OK'
                T4:1[    0-0    ] <= [4.041428565979004]
                T4:1              <= [4.04142876233996]: 'OK'
                T4:1[    0-0    ] <= [4.041428565979004]
                T4:1              <= [4.04142876233996]: 'OK'
                T4:1[    0-0    ] <= [4.041428565979004]
                T4:1              <= [4.04142876233996]: 'OK'
                T4:1[    0-0    ] <= [4.041428565979004]
                T4:1              <= [4.04142876233996]: 'OK'
                T4:1[    0-0    ] <= [4.041428565979004]
                T4:1              <= [4.04142876233996]: 'OK'
                T4:1[    0-0    ] <= [4.041428565979004]
                T4:1              <= [4.04142876233996]: 'OK'
                T4:1[    0-0    ] <= [4.041428565979004]
                T4:1              <= [4.04142876233996]: 'OK'
                T4:1[    0-0    ] <= [4.041428565979004]
                T4:1              <= [4.04142876233996]: 'OK'
                T4:1[    0-0    ] <= [4.041428565979004]
                T4:1[    0-0    ] <= [4.041428565979004]
                T4:1              <= [4.04142876233996]: 'OK'
                T4:1              <= [4.04142876233996]: 'OK'
                T4:1[    0-0    ] <= [4.041428565979004]
                T4:1              <= [4.04142876233996]: 'OK'
                T4:1[    0-0    ] <= [4.041428565979004]
                T4:1              <= [4.04142876233996]: 'OK'
                T4:1[    0-0    ] <= [4.041428565979004]
------------- 
Tank Level 4.041429 
ITERATION 484 ------------- 
Tank Level 4.041429 
ITERATION 485 ------------- 
Tank Level 4.041429 
ITERATION 486 ------------- 
Tank Level 4.041429 
ITERATION 487 ------------- 
Tank Level 4.041429 
ITERATION 488 ------------- 
Tank Level 4.041429 
ITERATION 489 ------------- 
Tank Level 4.041429 
ITERATION 490 ------------- 
Tank Level 4.041429 
ITERATION 491 ------------- 
Tank Level 4.041429 
ITERATION 492 ------------- 
Tank Level 4.041429 
ITERATION 493 ------------- 
Tank Level 4.041429 
ITERATION 494 ------------- 
Tank Level 4.041429 
ITERATION 495 ------------- 
Tank Level 4.041429 
ITERATION 496 ------------- 
Tank Level 4.041429 
ITERATION 497 ------------- 
Tank Level 4.041429 
ITERATION 498 ------------- 
Tank Level 4.041429 
ITERATION 499 ------------- 
Tank Level 4.041429 
ITERATION 500 ------------- 
Tank Level 4.041429 
ITERATION 501 ------------- 
Tank Level 4.041429 
ITERATION 502 ------------- 
Tank Level 4.041429 
ITERATION 503 ------------- 
Tank Level 4.041429 
ITERATION 504 ------------- 
Tank Level 4.041429 
ITERATION 505 ------------- 
Tank Level 4.041429 
ITERATION 506 ------------- 
Tank Level 4.041429 
ITERATION 507 ------------- 
Tank Level 4.041429 
ITERATION 508 ------------- 
Tank Level 4.041429 
ITERATION 509 ------------- 
Tank Level 4.041429 
ITERATION 510 ------------- 
Tank Level 4.041429 
ITERATION 511 ------------- 
Tank Level 4.041429 
ITERATION 512 ------------- 
Tank Level 4.041429 
ITERATION 513 ------------- 
Tank Level 4.041429 
ITERATION 514 ------------- 
Tank Level 4.041429 
ITERATION 515 ------------- 
Tank Level 4.041429 
ITERATION 516 ------------- 
Tank Level 4.041429 
ITERATION 517 ------------- 
DEBUG plc6 shutdown
plc6
Stopping Tcp dump process on PLC...
Stopping PLC...
