                T5:1              <= [1.0]: 'OK'
                T5:1[    0-0    ] <= [1.0]
                T5:1              <= [1.0]: 'OK'
                T5:1[    0-0    ] <= [1.0]
                T5:1              <= [1.0]: 'OK'
                T5:1[    0-0    ] <= [1.0]
                T5:1              <= [1.0]: 'OK'
                T5:1[    0-0    ] <= [1.0]
                T5:1              <= [1.0]: 'OK'
                T5:1[    0-0    ] <= [1.0]
                T5:1              <= [1.0]: 'OK'
                T5:1[    0-0    ] <= [1.0]
                T5:1[    0-0    ] <= [1.0]
                T5:1              <= [1.0]: 'OK'
                T5:1              <= [1.0]: 'OK'
                T5:1[    0-0    ] <= [1.0]
                T5:1              <= [1.0]: 'OK'
                T5:1[    0-0    ] <= [1.0]
                T5:1              <= [1.0]: 'OK'
                T5:1[    0-0    ] <= [1.0]
                T5:1              <= [1.0]: 'OK'
                T5:1[    0-0    ] <= [1.0]
                T5:1              <= [1.0]: 'OK'
                T5:1[    0-0    ] <= [1.0]
                T5:1              <= [1.0]: 'OK'
                T5:1[    0-0    ] <= [1.0]
                T5:1              <= [1.0]: 'OK'
                T5:1[    0-0    ] <= [1.0]
                T5:1              <= [1.0]: 'OK'
                T5:1[    0-0    ] <= [1.0]
                T5:1              <= [1.0]: 'OK'
                T5:1[    0-0    ] <= [1.0]
                T5:1              <= [2.7714478511006]: 'OK'
                T5:1[    0-0    ] <= [2.7714478969573975]
                T5:1              <= [2.7714478511006]: 'OK'
                T5:1[    0-0    ] <= [2.7714478969573975]
                T5:1              <= [2.7714478511006]: 'OK'
                T5:1[    0-0    ] <= [2.7714478969573975]
                T5:1              <= [2.7714478511006]: 'OK'
                T5:1[    0-0    ] <= [2.7714478969573975]
                T5:1              <= [2.7714478511006]: 'OK'
                T5:1[    0-0    ] <= [2.7714478969573975]
                T5:1              <= [2.7714478511006]: 'OK'
                T5:1[    0-0    ] <= [2.7714478969573975]
                T5:1              <= [2.7714478511006]: 'OK'
                T5:1[    0-0    ] <= [2.7714478969573975]
                T5:1              <= [2.7714478511006]: 'OK'
                T5:1[    0-0    ] <= [2.7714478969573975]
                T5:1[    0-0    ] <= [2.832937240600586]
                T5:1              <= [2.83293715708942]: 'OK'
                T5:1[    0-0    ] <= [2.832937240600586]
                T5:1              <= [2.83293715708942]: 'OK'
                T5:1              <= [2.83293715708942]: 'OK'
                T5:1[    0-0    ] <= [2.832937240600586]
                T5:1              <= [2.83293715708942]: 'OK'
                T5:1[    0-0    ] <= [2.832937240600586]
                T5:1              <= [2.83293715708942]: 'OK'
                T5:1[    0-0    ] <= [2.832937240600586]
                T5:1              <= [2.83293715708942]: 'OK'
                T5:1[    0-0    ] <= [2.832937240600586]
                T5:1              <= [2.83293715708942]: 'OK'
                T5:1[    0-0    ] <= [2.832937240600586]
                T5:1              <= [2.83293715708942]: 'OK'
                T5:1[    0-0    ] <= [2.832937240600586]
                T5:1              <= [2.89440294834293]: 'OK'
                T5:1[    0-0    ] <= [2.8944029808044434]
                T5:1              <= [2.89440294834293]: 'OK'
                T5:1[    0-0    ] <= [2.8944029808044434]
                T5:1              <= [2.89440294834293]: 'OK'
                T5:1[    0-0    ] <= [2.8944029808044434]
                T5:1              <= [2.89440294834293]: 'OK'
                T5:1[    0-0    ] <= [2.8944029808044434]
                T5:1              <= [2.89440294834293]: 'OK'
                T5:1[    0-0    ] <= [2.8944029808044434]
                T5:1              <= [2.89440294834293]: 'OK'
                T5:1[    0-0    ] <= [2.8944029808044434]
                T5:1              <= [2.89440294834293]: 'OK'
                T5:1[    0-0    ] <= [2.8944029808044434]
                T5:1              <= [2.89440294834293]: 'OK'
                T5:1[    0-0    ] <= [2.8944029808044434]
                T5:1              <= [2.94522975676622]: 'OK'
                T5:1[    0-0    ] <= [2.9452297687530518]
                T5:1              <= [2.94522975676622]: 'OK'
                T5:1[    0-0    ] <= [2.9452297687530518]
                T5:1              <= [2.94522975676622]: 'OK'
                T5:1[    0-0    ] <= [2.9452297687530518]
                T5:1              <= [2.94522975676622]: 'OK'
                T5:1[    0-0    ] <= [2.9452297687530518]
                T5:1[    0-0    ] <= [2.9452297687530518]
                T5:1              <= [2.94522975676622]: 'OK'
                T5:1              <= [2.94522975676622]: 'OK'
                T5:1[    0-0    ] <= [2.9452297687530518]
                T5:1              <= [2.94522975676622]: 'OK'
                T5:1[    0-0    ] <= [2.9452297687530518]
                T5:1[    0-0    ] <= [2.996037721633911]
                T5:1              <= [2.99603765157001]: 'OK'
                T5:1              <= [2.99603765157001]: 'OK'
                T5:1[    0-0    ] <= [2.996037721633911]
                T5:1              <= [2.99603765157001]: 'OK'
                T5:1[    0-0    ] <= [2.996037721633911]
                T5:1              <= [2.99603765157001]: 'OK'
                T5:1[    0-0    ] <= [2.996037721633911]
                T5:1              <= [2.99603765157001]: 'OK'
                T5:1[    0-0    ] <= [2.996037721633911]
                T5:1              <= [2.99603765157001]: 'OK'
                T5:1[    0-0    ] <= [2.996037721633911]
                T5:1[    0-0    ] <= [2.996037721633911]
                T5:1              <= [2.99603765157001]: 'OK'
                T5:1              <= [2.99603765157001]: 'OK'
                T5:1[    0-0    ] <= [2.996037721633911]
                T5:1              <= [2.99603765157001]: 'OK'
                T5:1[    0-0    ] <= [2.996037721633911]
                T5:1              <= [2.99603765157001]: 'OK'
                T5:1[    0-0    ] <= [2.996037721633911]
                T5:1[    0-0    ] <= [3.0468266010284424]
                T5:1              <= [3.04682662882855]: 'OK'
                T5:1              <= [3.04682662882855]: 'OK'
                T5:1[    0-0    ] <= [3.0468266010284424]
                T5:1              <= [3.04682662882855]: 'OK'
                T5:1[    0-0    ] <= [3.0468266010284424]
                T5:1[    0-0    ] <= [3.0468266010284424]
                T5:1              <= [3.04682662882855]: 'OK'
                T5:1              <= [3.04682662882855]: 'OK'
                T5:1[    0-0    ] <= [3.0468266010284424]
                T5:1              <= [3.04682662882855]: 'OK'
                T5:1[    0-0    ] <= [3.0468266010284424]
                T5:1              <= [3.04682662882855]: 'OK'
                T5:1[    0-0    ] <= [3.0468266010284424]
                T5:1              <= [3.04682662882855]: 'OK'
                T5:1[    0-0    ] <= [3.0468266010284424]
                T5:1              <= [3.04682662882855]: 'OK'
                T5:1[    0-0    ] <= [3.0468266010284424]
                T5:1              <= [3.09759668461649]: 'OK'
                T5:1[    0-0    ] <= [3.0975966453552246]
                T5:1              <= [3.09759668461649]: 'OK'
                T5:1[    0-0    ] <= [3.0975966453552246]
                T5:1              <= [3.09759668461649]: 'OK'
                T5:1[    0-0    ] <= [3.0975966453552246]
                T5:1              <= [3.09759668461649]: 'OK'
                T5:1[    0-0    ] <= [3.0975966453552246]
                T5:1              <= [3.09759668461649]: 'OK'
                T5:1[    0-0    ] <= [3.0975966453552246]
DEBUG get_query: SELECT value FROM ctown WHERE name = ? AND pid = ?
DEBUG set_query: UPDATE ctown SET value = ? WHERE name = ? AND pid = ?
DEBUG EnipProtocol server addr:  192.168.1.1
DEBUG: concatenating server address with default port.
DEBUG enip server tags_string:  T5:1=REAL ATT_1:1=REAL ATT_2:1=REAL 
DEBUG enip _start_server cmd:  ['/usr/bin/python', '-m', 'cpppo.server.enip', '--print', '--log', 'logs/protocols_tests_enip_server', '--address', '192.168.1.1:44818', 'T5:1=REAL', 'ATT_1:1=REAL', 'ATT_2:1=REAL']
DEBUG: plc7 enters pre_loop
Tank Level 1.000000 
ITERATION 1 ------------- 
Tank Level 1.000000 
ITERATION 2 ------------- 
Tank Level 1.000000 
ITERATION 3 ------------- 
Tank Level 1.000000 
ITERATION 4 ------------- 
Tank Level 1.000000 
ITERATION 5 ------------- 
Tank Level 1.000000 
ITERATION 6 ------------- 
Tank Level 1.000000 
ITERATION 7 ------------- 
Tank Level 1.000000 
ITERATION 8 ------------- 
Tank Level 1.000000 
ITERATION 9 ------------- 
Tank Level 1.000000 
ITERATION 10 ------------- 
Tank Level 1.000000 
ITERATION 11 ------------- 
Tank Level 1.000000 
ITERATION 12 ------------- 
Tank Level 1.000000 
ITERATION 13 ------------- 
Tank Level 1.000000 
ITERATION 14 ------------- 
Tank Level 1.000000 
ITERATION 15 ------------- 
Tank Level 1.000000 
ITERATION 16 ------------- 
Tank Level 1.000000 
ITERATION 17 ------------- 
Tank Level 2.771448 
ITERATION 18 ------------- 
Tank Level 2.771448 
ITERATION 19 ------------- 
Tank Level 2.771448 
ITERATION 20 ------------- 
Tank Level 2.771448 
ITERATION 21 ------------- 
Tank Level 2.771448 
ITERATION 22 ------------- 
Tank Level 2.771448 
ITERATION 23 ------------- 
Tank Level 2.771448 
ITERATION 24 ------------- 
Tank Level 2.771448 
ITERATION 25 ------------- 
Tank Level 2.832937 
ITERATION 26 ------------- 
Tank Level 2.832937 
ITERATION 27 ------------- 
Tank Level 2.832937 
ITERATION 28 ------------- 
Tank Level 2.832937 
ITERATION 29 ------------- 
Tank Level 2.832937 
ITERATION 30 ------------- 
Tank Level 2.832937 
ITERATION 31 ------------- 
Tank Level 2.832937 
ITERATION 32 ------------- 
Tank Level 2.832937 
ITERATION 33 ------------- 
Tank Level 2.894403 
ITERATION 34 ------------- 
Tank Level 2.894403 
ITERATION 35 ------------- 
Tank Level 2.894403 
ITERATION 36 ------------- 
Tank Level 2.894403 
ITERATION 37 ------------- 
Tank Level 2.894403 
ITERATION 38 ------------- 
Tank Level 2.894403 
ITERATION 39 ------------- 
Tank Level 2.894403 
ITERATION 40 ------------- 
Tank Level 2.894403 
ITERATION 41 ------------- 
Tank Level 2.945230 
ITERATION 42 ------------- 
Tank Level 2.945230 
ITERATION 43 ------------- 
Tank Level 2.945230 
ITERATION 44 ------------- 
Tank Level 2.945230 
ITERATION 45 ------------- 
Tank Level 2.945230 
ITERATION 46 ------------- 
Tank Level 2.945230 
ITERATION 47 ------------- 
Tank Level 2.945230 
ITERATION 48 ------------- 
Tank Level 2.996038 
ITERATION 49 ------------- 
Tank Level 2.996038 
ITERATION 50 ------------- 
Tank Level 2.996038 
ITERATION 51 ------------- 
Tank Level 2.996038 
ITERATION 52 ------------- 
Tank Level 2.996038 
ITERATION 53 ------------- 
Tank Level 2.996038 
ITERATION 54 ------------- 
Tank Level 2.996038 
ITERATION 55 ------------- 
Tank Level 2.996038 
ITERATION 56 ------------- 
Tank Level 2.996038 
ITERATION 57 ------------- 
Tank Level 2.996038 
ITERATION 58 ------------- 
Tank Level 3.046827 
ITERATION 59 ------------- 
Tank Level 3.046827 
ITERATION 60 ------------- 
Tank Level 3.046827 
ITERATION 61 ------------- 
Tank Level 3.046827 
ITERATION 62 ------------- 
Tank Level 3.046827 
ITERATION 63 ------------- 
Tank Level 3.046827 
ITERATION 64 ------------- 
Tank Level 3.046827 
ITERATION 65 ------------- 
Tank Level 3.046827 
ITERATION 66 ------------- 
Tank Level 3.046827 
ITERATION 67 ------------- 
Tank Level 3.097597 
ITERATION 68 ------------- 
Tank Level 3.097597 
ITERATION 69 ------------- 
Tank Level 3.097597 
ITERATION 70 ------------- 
Tank Level 3.097597 
ITERATION 71 ------------- 
Tank Level 3.097597 
ITERATION 72 ------------- 
Tank Level 3.097597 
ITERATI                T5:1              <= [3.09759668461649]: 'OK'
                T5:1[    0-0    ] <= [3.0975966453552246]
                T5:1              <= [3.09759668461649]: 'OK'
                T5:1[    0-0    ] <= [3.0975966453552246]
                T5:1              <= [3.09759668461649]: 'OK'
                T5:1[    0-0    ] <= [3.0975966453552246]
                T5:1              <= [3.09759668461649]: 'OK'
                T5:1[    0-0    ] <= [3.0975966453552246]
                T5:1              <= [3.14834781500876]: 'OK'
                T5:1[    0-0    ] <= [3.148347854614258]
                T5:1              <= [3.14834781500876]: 'OK'
                T5:1[    0-0    ] <= [3.148347854614258]
                T5:1              <= [3.14834781500876]: 'OK'
                T5:1[    0-0    ] <= [3.148347854614258]
                T5:1              <= [3.14834781500876]: 'OK'
                T5:1[    0-0    ] <= [3.148347854614258]
                T5:1[    0-0    ] <= [3.148347854614258]
                T5:1              <= [3.14834781500876]: 'OK'
                T5:1[    0-0    ] <= [3.148347854614258]
                T5:1              <= [3.14834781500876]: 'OK'
                T5:1[    0-0    ] <= [3.148347854614258]
                T5:1              <= [3.14834781500876]: 'OK'
                T5:1              <= [3.14834781500876]: 'OK'
                T5:1[    0-0    ] <= [3.148347854614258]
                T5:1              <= [3.19908001608061]: 'OK'
                T5:1[    0-0    ] <= [3.199079990386963]
                T5:1[    0-0    ] <= [3.199079990386963]
                T5:1              <= [3.19908001608061]: 'OK'
                T5:1              <= [3.19908001608061]: 'OK'
                T5:1[    0-0    ] <= [3.199079990386963]
                T5:1              <= [3.19908001608061]: 'OK'
                T5:1[    0-0    ] <= [3.199079990386963]
                T5:1              <= [3.19908001608061]: 'OK'
                T5:1[    0-0    ] <= [3.199079990386963]
                T5:1              <= [3.19908001608061]: 'OK'
                T5:1[    0-0    ] <= [3.199079990386963]
                T5:1              <= [3.19908001608061]: 'OK'
                T5:1[    0-0    ] <= [3.199079990386963]
                T5:1              <= [3.19908001608061]: 'OK'
                T5:1[    0-0    ] <= [3.199079990386963]
                T5:1              <= [3.24979328390759]: 'OK'
                T5:1[    0-0    ] <= [3.249793291091919]
                T5:1              <= [3.24979328390759]: 'OK'
                T5:1[    0-0    ] <= [3.249793291091919]
                T5:1              <= [3.24979328390759]: 'OK'
                T5:1[    0-0    ] <= [3.249793291091919]
                T5:1              <= [3.24979328390759]: 'OK'
                T5:1[    0-0    ] <= [3.249793291091919]
                T5:1              <= [3.24979328390759]: 'OK'
                T5:1[    0-0    ] <= [3.249793291091919]
                T5:1[    0-0    ] <= [3.249793291091919]
                T5:1              <= [3.24979328390759]: 'OK'
                T5:1              <= [3.24979328390759]: 'OK'
                T5:1[    0-0    ] <= [3.249793291091919]
                T5:1              <= [3.24979328390759]: 'OK'
                T5:1[    0-0    ] <= [3.249793291091919]
                T5:1              <= [3.24979328390759]: 'OK'
                T5:1[    0-0    ] <= [3.249793291091919]
                T5:1[    0-0    ] <= [3.300487518310547]
                T5:1              <= [3.30048761456544]: 'OK'
                T5:1              <= [3.30048761456544]: 'OK'
                T5:1[    0-0    ] <= [3.300487518310547]
                T5:1              <= [3.30048761456544]: 'OK'
                T5:1[    0-0    ] <= [3.300487518310547]
                T5:1[    0-0    ] <= [3.300487518310547]
                T5:1              <= [3.30048761456544]: 'OK'
                T5:1              <= [3.30048761456544]: 'OK'
                T5:1[    0-0    ] <= [3.300487518310547]
                T5:1              <= [3.30048761456544]: 'OK'
                T5:1[    0-0    ] <= [3.300487518310547]
                T5:1              <= [3.30048761456544]: 'OK'
                T5:1[    0-0    ] <= [3.300487518310547]
                T5:1              <= [3.30048761456544]: 'OK'
                T5:1[    0-0    ] <= [3.300487518310547]
                T5:1              <= [3.30048761456544]: 'OK'
                T5:1[    0-0    ] <= [3.300487518310547]
                T5:1              <= [3.30048761456544]: 'OK'
                T5:1[    0-0    ] <= [3.300487518310547]
                T5:1              <= [3.35116300413004]: 'OK'
                T5:1[    0-0    ] <= [3.351162910461426]
                T5:1              <= [3.35116300413004]: 'OK'
                T5:1[    0-0    ] <= [3.351162910461426]
                T5:1              <= [3.35116300413004]: 'OK'
                T5:1[    0-0    ] <= [3.351162910461426]
                T5:1              <= [3.35116300413004]: 'OK'
                T5:1[    0-0    ] <= [3.351162910461426]
                T5:1              <= [3.35116300413004]: 'OK'
                T5:1[    0-0    ] <= [3.351162910461426]
                T5:1              <= [3.35116300413004]: 'OK'
                T5:1[    0-0    ] <= [3.351162910461426]
                T5:1              <= [3.35116300413004]: 'OK'
                T5:1[    0-0    ] <= [3.351162910461426]
                T5:1              <= [3.35116300413004]: 'OK'
                T5:1[    0-0    ] <= [3.351162910461426]
                T5:1              <= [3.35116300413004]: 'OK'
                T5:1[    0-0    ] <= [3.351162910461426]
                T5:1              <= [3.40181944867732]: 'OK'
                T5:1[    0-0    ] <= [3.4018194675445557]
                T5:1              <= [3.40181944867732]: 'OK'
                T5:1[    0-0    ] <= [3.4018194675445557]
                T5:1              <= [3.40181944867732]: 'OK'
                T5:1[    0-0    ] <= [3.4018194675445557]
                T5:1              <= [3.40181944867732]: 'OK'
                T5:1[    0-0    ] <= [3.4018194675445557]
                T5:1              <= [3.40181944867732]: 'OK'
                T5:1[    0-0    ] <= [3.4018194675445557]
                T5:1              <= [3.40181944867732]: 'OK'
                T5:1[    0-0    ] <= [3.4018194675445557]
                T5:1              <= [3.40181944867732]: 'OK'
                T5:1[    0-0    ] <= [3.4018194675445557]
                T5:1              <= [3.40181944867732]: 'OK'
                T5:1[    0-0    ] <= [3.4018194675445557]
                T5:1              <= [3.45195506493604]: 'OK'
                T5:1[    0-0    ] <= [3.4519550800323486]
                T5:1              <= [3.45195506493604]: 'OK'
                T5:1[    0-0    ] <= [3.4519550800323486]
                T5:1              <= [3.45195506493604]: 'OK'
                T5:1[    0-0    ] <= [3.4519550800323486]
                T5:1              <= [3.45195506493604]: 'OK'
                T5:1[    0-0    ] <= [3.4519550800323486]
                T5:1              <= [3.45195506493604]: 'OK'
                T5:1[    0-0    ] <= [3.4519550800323486]
                T5:1              <= [3.45195506493604]: 'OK'
                T5:1[    0-0    ] <= [3.4519550800323486]
                T5:1              <= [3.45195506493604]: 'OK'
                T5:1[    0-0    ] <= [3.4519550800323486]
                T5:1              <= [3.45195506493604]: 'OK'
                T5:1[    0-0    ] <= [3.4519550800323486]
                T5:1              <= [3.45195506493604]: 'OK'
                T5:1[    0-0    ] <= [3.4519550800323486]
                T5:1              <= [3.50207538563924]: 'OK'
                T5:1[    0-0    ] <= [3.502075433731079]
                T5:1              <= [3.50207538563924]: 'OK'
                T5:1[    0-0    ] <= [3.502075433731079]
                T5:1              <= [3.50207538563924]: 'OK'
                T5:1[    0-0    ] <= [3.502075433731079]
                T5:1              <= [3.50207538563924]: 'OK'
                T5:1[    0-0    ] <= [3.502075433731079]
                T5:1              <= [3.50207538563924]: 'OK'
                T5:1[    0-0    ] <= [3.502075433731079]
                T5:1[    0-0    ] <= [3.502075433731079]
                T5:1              <= [3.50207538563924]: 'OK'
                T5:1              <= [3.50207538563924]: 'OK'
                T5:1[    0-0    ] <= [3.502075433731079]
                T5:1              <= [3.55218040457298]: 'OK'
                T5:1[    0-0    ] <= [3.552180290222168]
                T5:1              <= [3.55218040457298]: 'OK'
                T5:1[    0-0    ] <= [3.552180290222168]
                T5:1              <= [3.55218040457298]: 'OK'
                T5:1[    0-0    ] <= [3.552180290222168]
                T5:1              <= [3.55218040457298]: 'OK'
                T5:1[    0-0    ] <= [3.552180290222168]
                T5:1              <= [3.55218040457298]: 'OK'
                T5:1[    0-0    ] <= [3.552180290222168]
                T5:1              <= [3.55218040457298]: 'OK'
                T5:1[    0-0    ] <= [3.552180290222168]
                T5:1              <= [3.55218040457298]: 'OK'
                T5:1[    0-0    ] <= [3.552180290222168]
                T5:1              <= [3.55218040457298]: 'OK'
                T5:1[    0-0    ] <= [3.552180290222168]
                T5:1[    0-0    ] <= [3.552180290222168]
                T5:1              <= [3.55218040457298]: 'OK'
                T5:1[    0-0    ] <= [3.6022701263427734]
                T5:1              <= [3.60227011551217]: 'OK'
                T5:1              <= [3.60227011551217]: 'OK'
                T5:1[    0-0    ] <= [3.6022701263427734]
ON 73 ------------- 
Tank Level 3.097597 
ITERATION 74 ------------- 
Tank Level 3.097597 
ITERATION 75 ------------- 
Tank Level 3.097597 
ITERATION 76 ------------- 
Tank Level 3.148348 
ITERATION 77 ------------- 
Tank Level 3.148348 
ITERATION 78 ------------- 
Tank Level 3.148348 
ITERATION 79 ------------- 
Tank Level 3.148348 
ITERATION 80 ------------- 
Tank Level 3.148348 
ITERATION 81 ------------- 
Tank Level 3.148348 
ITERATION 82 ------------- 
Tank Level 3.148348 
ITERATION 83 ------------- 
Tank Level 3.148348 
ITERATION 84 ------------- 
Tank Level 3.199080 
ITERATION 85 ------------- 
Tank Level 3.199080 
ITERATION 86 ------------- 
Tank Level 3.199080 
ITERATION 87 ------------- 
Tank Level 3.199080 
ITERATION 88 ------------- 
Tank Level 3.199080 
ITERATION 89 ------------- 
Tank Level 3.199080 
ITERATION 90 ------------- 
Tank Level 3.199080 
ITERATION 91 ------------- 
Tank Level 3.199080 
ITERATION 92 ------------- 
Tank Level 3.249793 
ITERATION 93 ------------- 
Tank Level 3.249793 
ITERATION 94 ------------- 
Tank Level 3.249793 
ITERATION 95 ------------- 
Tank Level 3.249793 
ITERATION 96 ------------- 
Tank Level 3.249793 
ITERATION 97 ------------- 
Tank Level 3.249793 
ITERATION 98 ------------- 
Tank Level 3.249793 
ITERATION 99 ------------- 
Tank Level 3.249793 
ITERATION 100 ------------- 
Tank Level 3.249793 
ITERATION 101 ------------- 
Tank Level 3.300488 
ITERATION 102 ------------- 
Tank Level 3.300488 
ITERATION 103 ------------- 
Tank Level 3.300488 
ITERATION 104 ------------- 
Tank Level 3.300488 
ITERATION 105 ------------- 
Tank Level 3.300488 
ITERATION 106 ------------- 
Tank Level 3.300488 
ITERATION 107 ------------- 
Tank Level 3.300488 
ITERATION 108 ------------- 
Tank Level 3.300488 
ITERATION 109 ------------- 
Tank Level 3.300488 
ITERATION 110 ------------- 
Tank Level 3.300488 
ITERATION 111 ------------- 
Tank Level 3.351163 
ITERATION 112 ------------- 
Tank Level 3.351163 
ITERATION 113 ------------- 
Tank Level 3.351163 
ITERATION 114 ------------- 
Tank Level 3.351163 
ITERATION 115 ------------- 
Tank Level 3.351163 
ITERATION 116 ------------- 
Tank Level 3.351163 
ITERATION 117 ------------- 
Tank Level 3.351163 
ITERATION 118 ------------- 
Tank Level 3.351163 
ITERATION 119 ------------- 
Tank Level 3.351163 
ITERATION 120 ------------- 
Tank Level 3.401819 
ITERATION 121 ------------- 
Tank Level 3.401819 
ITERATION 122 ------------- 
Tank Level 3.401819 
ITERATION 123 ------------- 
Tank Level 3.401819 
ITERATION 124 ------------- 
Tank Level 3.401819 
ITERATION 125 ------------- 
Tank Level 3.401819 
ITERATION 126 ------------- 
Tank Level 3.401819 
ITERATION 127 ------------- 
Tank Level 3.401819 
ITERATION 128 ------------- 
Tank Level 3.451955 
ITERATION 129 ------------- 
Tank Level 3.451955 
ITERATION 130 ------------- 
Tank Level 3.451955 
ITERATION 131 ------------- 
Tank Level 3.451955 
ITERATION 132 ------------- 
Tank Level 3.451955 
ITERATION 133 ------------- 
Tank Level 3.451955 
ITERATION 134 ------------- 
Tank Level 3.451955 
ITERATION 135 ------------- 
Tank Level 3.451955 
ITERATION 136 ------------- 
Tank Level 3.451955 
ITERATION 137 ------------- 
Tank Level 3.502075 
ITERATION 138 ------------- 
Tank Level 3.502075 
ITERATION 139 ------------- 
Tank Level 3.502075 
ITERATION 140 ------------- 
Tank Level 3.502075 
ITERATION 141 ------------- 
Tank Level 3.502075 
ITERATION 142 ------------- 
Tank Level 3.502075 
ITERATION 143 ------------- 
Tank Level 3.502075 
ITERATION 144 ------------- 
Tank Level 3.552180 
ITERATION 145 ------------- 
Tank Level 3.552180 
ITERATION 146 ------------- 
Tank Level 3.552180 
ITERATION 147 ------------- 
Tank Level 3.552180 
ITERATION 148 ------------- 
Tank Level 3.552180 
ITERATION 149 ------------- 
Tank Level 3.552180 
ITERATION 150 ------------- 
Tank Level 3.552180 
ITERATION 151 ------------- 
Tank Level 3.552180 
ITERATION 152 ------------- 
Tank Level 3.552180 
ITERATION 153 ------------- 
Tank Level 3.602270 
ITERATION 154 ------------- 
Tank Level 3.602270 
ITERATION 155 ------------- 
T                T5:1              <= [3.60227011551217]: 'OK'
                T5:1[    0-0    ] <= [3.6022701263427734]
                T5:1              <= [3.60227011551217]: 'OK'
                T5:1[    0-0    ] <= [3.6022701263427734]
                T5:1              <= [3.60227011551217]: 'OK'
                T5:1[    0-0    ] <= [3.6022701263427734]
                T5:1              <= [3.60227011551217]: 'OK'
                T5:1[    0-0    ] <= [3.6022701263427734]
                T5:1              <= [3.60227011551217]: 'OK'
                T5:1[    0-0    ] <= [3.6022701263427734]
                T5:1              <= [3.60227011551217]: 'OK'
                T5:1[    0-0    ] <= [3.6022701263427734]
                T5:1              <= [3.65234451222061]: 'OK'
                T5:1[    0-0    ] <= [3.6523444652557373]
                T5:1              <= [3.65234451222061]: 'OK'
                T5:1[    0-0    ] <= [3.6523444652557373]
                T5:1              <= [3.65234451222061]: 'OK'
                T5:1[    0-0    ] <= [3.6523444652557373]
                T5:1              <= [3.65234451222061]: 'OK'
                T5:1[    0-0    ] <= [3.6523444652557373]
                T5:1              <= [3.65234451222061]: 'OK'
                T5:1[    0-0    ] <= [3.6523444652557373]
                T5:1              <= [3.65234451222061]: 'OK'
                T5:1[    0-0    ] <= [3.6523444652557373]
                T5:1              <= [3.65234451222061]: 'OK'
                T5:1[    0-0    ] <= [3.6523444652557373]
                T5:1              <= [3.65234451222061]: 'OK'
                T5:1[    0-0    ] <= [3.6523444652557373]
                T5:1              <= [3.70240358845103]: 'OK'
                T5:1[    0-0    ] <= [3.7024035453796387]
                T5:1              <= [3.70240358845103]: 'OK'
                T5:1[    0-0    ] <= [3.7024035453796387]
                T5:1              <= [3.70240358845103]: 'OK'
                T5:1[    0-0    ] <= [3.7024035453796387]
                T5:1[    0-0    ] <= [3.7024035453796387]
                T5:1              <= [3.70240358845103]: 'OK'
                T5:1              <= [3.70240358845103]: 'OK'
                T5:1[    0-0    ] <= [3.7024035453796387]
                T5:1              <= [3.70240358845103]: 'OK'
                T5:1[    0-0    ] <= [3.7024035453796387]
                T5:1              <= [3.70240358845103]: 'OK'
                T5:1[    0-0    ] <= [3.7024035453796387]
                T5:1              <= [3.70240358845103]: 'OK'
                T5:1[    0-0    ] <= [3.7024035453796387]
                T5:1              <= [3.70240358845103]: 'OK'
                T5:1[    0-0    ] <= [3.7024035453796387]
                T5:1[    0-0    ] <= [3.7524473667144775]
                T5:1              <= [3.75244733794511]: 'OK'
                T5:1              <= [3.75244733794511]: 'OK'
                T5:1[    0-0    ] <= [3.7524473667144775]
                T5:1              <= [3.75244733794511]: 'OK'
                T5:1[    0-0    ] <= [3.7524473667144775]
                T5:1              <= [3.75244733794511]: 'OK'
                T5:1[    0-0    ] <= [3.7524473667144775]
                T5:1              <= [3.75244733794511]: 'OK'
                T5:1[    0-0    ] <= [3.7524473667144775]
                T5:1              <= [3.75244733794511]: 'OK'
                T5:1[    0-0    ] <= [3.7524473667144775]
                T5:1              <= [3.75244733794511]: 'OK'
                T5:1[    0-0    ] <= [3.7524473667144775]
                T5:1              <= [3.75244733794511]: 'OK'
                T5:1[    0-0    ] <= [3.7524473667144775]
                T5:1              <= [3.75244733794511]: 'OK'
                T5:1[    0-0    ] <= [3.7524473667144775]
                T5:1              <= [3.75244733794511]: 'OK'
                T5:1[    0-0    ] <= [3.7524473667144775]
                T5:1              <= [3.80247575443352]: 'OK'
                T5:1[    0-0    ] <= [3.802475690841675]
                T5:1              <= [3.80247575443352]: 'OK'
                T5:1[    0-0    ] <= [3.802475690841675]
                T5:1              <= [3.80247575443352]: 'OK'
                T5:1[    0-0    ] <= [3.802475690841675]
                T5:1              <= [3.80247575443352]: 'OK'
                T5:1[    0-0    ] <= [3.802475690841675]
                T5:1              <= [3.80247575443352]: 'OK'
                T5:1[    0-0    ] <= [3.802475690841675]
                T5:1              <= [3.80247575443352]: 'OK'
                T5:1[    0-0    ] <= [3.802475690841675]
                T5:1              <= [3.80247575443352]: 'OK'
                T5:1[    0-0    ] <= [3.802475690841675]
                T5:1              <= [3.80247575443352]: 'OK'
                T5:1[    0-0    ] <= [3.802475690841675]
                T5:1              <= [3.8524888316359]: 'OK'
                T5:1[    0-0    ] <= [3.8524887561798096]
                T5:1              <= [3.8524888316359]: 'OK'
                T5:1[    0-0    ] <= [3.8524887561798096]
                T5:1              <= [3.8524888316359]: 'OK'
                T5:1[    0-0    ] <= [3.8524887561798096]
                T5:1              <= [3.8524888316359]: 'OK'
                T5:1[    0-0    ] <= [3.8524887561798096]
                T5:1              <= [3.8524888316359]: 'OK'
                T5:1[    0-0    ] <= [3.8524887561798096]
                T5:1[    0-0    ] <= [3.8524887561798096]
                T5:1              <= [3.8524888316359]: 'OK'
                T5:1              <= [3.8524888316359]: 'OK'
                T5:1[    0-0    ] <= [3.8524887561798096]
                T5:1              <= [3.8524888316359]: 'OK'
                T5:1[    0-0    ] <= [3.8524887561798096]
                T5:1              <= [3.8524888316359]: 'OK'
                T5:1[    0-0    ] <= [3.8524887561798096]
                T5:1              <= [3.90248656326092]: 'OK'
                T5:1[    0-0    ] <= [3.902486562728882]
                T5:1              <= [3.90248656326092]: 'OK'
                T5:1[    0-0    ] <= [3.902486562728882]
                T5:1              <= [3.90248656326092]: 'OK'
                T5:1[    0-0    ] <= [3.902486562728882]
                T5:1              <= [3.90248656326092]: 'OK'
                T5:1[    0-0    ] <= [3.902486562728882]
                T5:1              <= [3.90248656326092]: 'OK'
                T5:1[    0-0    ] <= [3.902486562728882]
                T5:1              <= [3.90248656326092]: 'OK'
                T5:1[    0-0    ] <= [3.902486562728882]
                T5:1[    0-0    ] <= [3.902486562728882]
                T5:1              <= [3.90248656326092]: 'OK'
                T5:1              <= [3.90248656326092]: 'OK'
                T5:1[    0-0    ] <= [3.902486562728882]
                T5:1[    0-0    ] <= [3.902486562728882]
                T5:1              <= [3.90248656326092]: 'OK'
                T5:1              <= [3.95246894300628]: 'OK'
                T5:1[    0-0    ] <= [3.9524688720703125]
                T5:1              <= [3.95246894300628]: 'OK'
                T5:1[    0-0    ] <= [3.9524688720703125]
                T5:1[    0-0    ] <= [3.9524688720703125]
                T5:1              <= [3.95246894300628]: 'OK'
                T5:1              <= [3.95246894300628]: 'OK'
                T5:1[    0-0    ] <= [3.9524688720703125]
                T5:1              <= [3.95246894300628]: 'OK'
                T5:1[    0-0    ] <= [3.9524688720703125]
                T5:1              <= [3.95246894300628]: 'OK'
                T5:1[    0-0    ] <= [3.9524688720703125]
                T5:1              <= [3.95246894300628]: 'OK'
                T5:1[    0-0    ] <= [3.9524688720703125]
                T5:1              <= [4.00658431550639]: 'OK'
                T5:1[    0-0    ] <= [4.006584167480469]
                T5:1              <= [4.00658431550639]: 'OK'
                T5:1[    0-0    ] <= [4.006584167480469]
                T5:1[    0-0    ] <= [4.006584167480469]
                T5:1              <= [4.00658431550639]: 'OK'
                T5:1              <= [4.00658431550639]: 'OK'
                T5:1[    0-0    ] <= [4.006584167480469]
                T5:1              <= [4.00658431550639]: 'OK'
                T5:1[    0-0    ] <= [4.006584167480469]
                T5:1              <= [4.00658431550639]: 'OK'
                T5:1[    0-0    ] <= [4.006584167480469]
                T5:1[    0-0    ] <= [4.006584167480469]
                T5:1              <= [4.00658431550639]: 'OK'
                T5:1              <= [4.00658431550639]: 'OK'
                T5:1[    0-0    ] <= [4.006584167480469]
                T5:1              <= [4.00658431550639]: 'OK'
                T5:1[    0-0    ] <= [4.006584167480469]
                T5:1              <= [4.00658431550639]: 'OK'
                T5:1[    0-0    ] <= [4.006584167480469]
                T5:1              <= [4.07022393753624]: 'OK'
                T5:1[    0-0    ] <= [4.070223808288574]
                T5:1              <= [4.07022393753624]: 'OK'
                T5:1[    0-0    ] <= [4.070223808288574]
                T5:1              <= [4.07022393753624]: 'OK'
                T5:1[    0-0    ] <= [4.070223808288574]
                T5:1              <= [4.07022393753624]: 'OK'
                T5:1[    0-0    ] <= [4.070223808288574]
                T5:1              <= [4.07022393753624]: 'OK'
                T5:1[    0-0    ] <= [4.070223808288574]
ank Level 3.602270 
ITERATION 156 ------------- 
Tank Level 3.602270 
ITERATION 157 ------------- 
Tank Level 3.602270 
ITERATION 158 ------------- 
Tank Level 3.602270 
ITERATION 159 ------------- 
Tank Level 3.602270 
ITERATION 160 ------------- 
Tank Level 3.602270 
ITERATION 161 ------------- 
Tank Level 3.652345 
ITERATION 162 ------------- 
Tank Level 3.652345 
ITERATION 163 ------------- 
Tank Level 3.652345 
ITERATION 164 ------------- 
Tank Level 3.652345 
ITERATION 165 ------------- 
Tank Level 3.652345 
ITERATION 166 ------------- 
Tank Level 3.652345 
ITERATION 167 ------------- 
Tank Level 3.652345 
ITERATION 168 ------------- 
Tank Level 3.652345 
ITERATION 169 ------------- 
Tank Level 3.702404 
ITERATION 170 ------------- 
Tank Level 3.702404 
ITERATION 171 ------------- 
Tank Level 3.702404 
ITERATION 172 ------------- 
Tank Level 3.702404 
ITERATION 173 ------------- 
Tank Level 3.702404 
ITERATION 174 ------------- 
Tank Level 3.702404 
ITERATION 175 ------------- 
Tank Level 3.702404 
ITERATION 176 ------------- 
Tank Level 3.702404 
ITERATION 177 ------------- 
Tank Level 3.702404 
ITERATION 178 ------------- 
Tank Level 3.752447 
ITERATION 179 ------------- 
Tank Level 3.752447 
ITERATION 180 ------------- 
Tank Level 3.752447 
ITERATION 181 ------------- 
Tank Level 3.752447 
ITERATION 182 ------------- 
Tank Level 3.752447 
ITERATION 183 ------------- 
Tank Level 3.752447 
ITERATION 184 ------------- 
Tank Level 3.752447 
ITERATION 185 ------------- 
Tank Level 3.752447 
ITERATION 186 ------------- 
Tank Level 3.752447 
ITERATION 187 ------------- 
Tank Level 3.752447 
ITERATION 188 ------------- 
Tank Level 3.802476 
ITERATION 189 ------------- 
Tank Level 3.802476 
ITERATION 190 ------------- 
Tank Level 3.802476 
ITERATION 191 ------------- 
Tank Level 3.802476 
ITERATION 192 ------------- 
Tank Level 3.802476 
ITERATION 193 ------------- 
Tank Level 3.802476 
ITERATION 194 ------------- 
Tank Level 3.802476 
ITERATION 195 ------------- 
Tank Level 3.802476 
ITERATION 196 ------------- 
Tank Level 3.852489 
ITERATION 197 ------------- 
Tank Level 3.852489 
ITERATION 198 ------------- 
Tank Level 3.852489 
ITERATION 199 ------------- 
Tank Level 3.852489 
ITERATION 200 ------------- 
Tank Level 3.852489 
ITERATION 201 ------------- 
Tank Level 3.852489 
ITERATION 202 ------------- 
Tank Level 3.852489 
ITERATION 203 ------------- 
Tank Level 3.852489 
ITERATION 204 ------------- 
Tank Level 3.852489 
ITERATION 205 ------------- 
Tank Level 3.902487 
ITERATION 206 ------------- 
Tank Level 3.902487 
ITERATION 207 ------------- 
Tank Level 3.902487 
ITERATION 208 ------------- 
Tank Level 3.902487 
ITERATION 209 ------------- 
Tank Level 3.902487 
ITERATION 210 ------------- 
Tank Level 3.902487 
ITERATION 211 ------------- 
Tank Level 3.902487 
ITERATION 212 ------------- 
Tank Level 3.902487 
ITERATION 213 ------------- 
Tank Level 3.902487 
ITERATION 214 ------------- 
Tank Level 3.952469 
ITERATION 215 ------------- 
Tank Level 3.952469 
ITERATION 216 ------------- 
Tank Level 3.952469 
ITERATION 217 ------------- 
Tank Level 3.952469 
ITERATION 218 ------------- 
Tank Level 3.952469 
ITERATION 219 ------------- 
Tank Level 3.952469 
ITERATION 220 ------------- 
Tank Level 3.952469 
ITERATION 221 ------------- 
Tank Level 4.006584 
ITERATION 222 ------------- 
Tank Level 4.006584 
ITERATION 223 ------------- 
Tank Level 4.006584 
ITERATION 224 ------------- 
Tank Level 4.006584 
ITERATION 225 ------------- 
Tank Level 4.006584 
ITERATION 226 ------------- 
Tank Level 4.006584 
ITERATION 227 ------------- 
Tank Level 4.006584 
ITERATION 228 ------------- 
Tank Level 4.006584 
ITERATION 229 ------------- 
Tank Level 4.006584 
ITERATION 230 ------------- 
Tank Level 4.006584 
ITERATION 231 ------------- 
Tank Level 4.070224 
ITERATION 232 ------------- 
Tank Level 4.070224 
ITERATION 233 ------------- 
Tank Level 4.070224 
ITERATION 234 ------------- 
Tank Level 4.070224 
ITERATION 235 ------------- 
Tank Level 4.070224 
ITERATION 236 ------------- 
Tank Level 4.070224 
ITERATION 237 ------------                T5:1              <= [4.07022393753624]: 'OK'
                T5:1[    0-0    ] <= [4.070223808288574]
                T5:1              <= [4.07022393753624]: 'OK'
                T5:1[    0-0    ] <= [4.070223808288574]
                T5:1              <= [4.07022393753624]: 'OK'
                T5:1[    0-0    ] <= [4.070223808288574]
                T5:1[    0-0    ] <= [4.070223808288574]
                T5:1              <= [4.07022393753624]: 'OK'
                T5:1              <= [4.13383572852817]: 'OK'
                T5:1[    0-0    ] <= [4.133835792541504]
                T5:1              <= [4.13383572852817]: 'OK'
                T5:1[    0-0    ] <= [4.133835792541504]
                T5:1              <= [4.13383572852817]: 'OK'
                T5:1[    0-0    ] <= [4.133835792541504]
                T5:1              <= [4.13383572852817]: 'OK'
                T5:1[    0-0    ] <= [4.133835792541504]
                T5:1              <= [4.13383572852817]: 'OK'
                T5:1[    0-0    ] <= [4.133835792541504]
                T5:1              <= [4.13383572852817]: 'OK'
                T5:1[    0-0    ] <= [4.133835792541504]
                T5:1              <= [4.13383572852817]: 'OK'
                T5:1[    0-0    ] <= [4.133835792541504]
                T5:1              <= [4.13383572852817]: 'OK'
                T5:1[    0-0    ] <= [4.133835792541504]
                T5:1              <= [4.19741968766263]: 'OK'
                T5:1[    0-0    ] <= [4.1974196434021]
                T5:1              <= [4.19741968766263]: 'OK'
                T5:1[    0-0    ] <= [4.1974196434021]
                T5:1              <= [4.19741968766263]: 'OK'
                T5:1[    0-0    ] <= [4.1974196434021]
                T5:1              <= [4.19741968766263]: 'OK'
                T5:1[    0-0    ] <= [4.1974196434021]
                T5:1              <= [4.19741968766263]: 'OK'
                T5:1[    0-0    ] <= [4.1974196434021]
                T5:1[    0-0    ] <= [4.1974196434021]
                T5:1              <= [4.19741968766263]: 'OK'
                T5:1[    0-0    ] <= [4.1974196434021]
                T5:1              <= [4.19741968766263]: 'OK'
                T5:1              <= [4.19741968766263]: 'OK'
                T5:1[    0-0    ] <= [4.1974196434021]
                T5:1              <= [4.26097581412421]: 'OK'
                T5:1[    0-0    ] <= [4.2609758377075195]
                T5:1              <= [4.26097581412421]: 'OK'
                T5:1[    0-0    ] <= [4.2609758377075195]
                T5:1              <= [4.26097581412421]: 'OK'
                T5:1[    0-0    ] <= [4.2609758377075195]
                T5:1              <= [4.26097581412421]: 'OK'
                T5:1[    0-0    ] <= [4.2609758377075195]
                T5:1              <= [4.26097581412421]: 'OK'
                T5:1[    0-0    ] <= [4.2609758377075195]
                T5:1              <= [4.26097581412421]: 'OK'
                T5:1[    0-0    ] <= [4.2609758377075195]
                T5:1              <= [4.26097581412421]: 'OK'
                T5:1[    0-0    ] <= [4.2609758377075195]
                T5:1              <= [4.26097581412421]: 'OK'
                T5:1[    0-0    ] <= [4.2609758377075195]
                T5:1              <= [4.26097581412421]: 'OK'
                T5:1[    0-0    ] <= [4.2609758377075195]
                T5:1[    0-0    ] <= [4.2609758377075195]
                T5:1              <= [4.26097581412421]: 'OK'
                T5:1              <= [4.32450410710169]: 'OK'
                T5:1[    0-0    ] <= [4.3245038986206055]
                T5:1              <= [4.32450410710169]: 'OK'
                T5:1[    0-0    ] <= [4.3245038986206055]
                T5:1              <= [4.32450410710169]: 'OK'
                T5:1[    0-0    ] <= [4.3245038986206055]
                T5:1              <= [4.32450410710169]: 'OK'
                T5:1[    0-0    ] <= [4.3245038986206055]
                T5:1              <= [4.32450410710169]: 'OK'
                T5:1[    0-0    ] <= [4.3245038986206055]
                T5:1              <= [4.32450410710169]: 'OK'
                T5:1[    0-0    ] <= [4.3245038986206055]
                T5:1              <= [4.32450410710169]: 'OK'
                T5:1[    0-0    ] <= [4.3245038986206055]
                T5:1              <= [4.32450410710169]: 'OK'
                T5:1[    0-0    ] <= [4.3245038986206055]
                T5:1              <= [4.38800456578814]: 'OK'
                T5:1[    0-0    ] <= [4.388004779815674]
                T5:1              <= [4.38800456578814]: 'OK'
                T5:1[    0-0    ] <= [4.388004779815674]
                T5:1[    0-0    ] <= [4.388004779815674]
                T5:1              <= [4.38800456578814]: 'OK'
                T5:1              <= [4.38800456578814]: 'OK'
                T5:1[    0-0    ] <= [4.388004779815674]
                T5:1              <= [4.38800456578814]: 'OK'
                T5:1[    0-0    ] <= [4.388004779815674]
                T5:1              <= [4.38800456578814]: 'OK'
                T5:1[    0-0    ] <= [4.388004779815674]
                T5:1              <= [4.38800456578814]: 'OK'
                T5:1[    0-0    ] <= [4.388004779815674]
                T5:1              <= [4.38800456578814]: 'OK'
                T5:1[    0-0    ] <= [4.388004779815674]
                T5:1              <= [4.38800456578814]: 'OK'
                T5:1[    0-0    ] <= [4.388004779815674]
                T5:1              <= [4.45147718938094]: 'OK'
                T5:1[    0-0    ] <= [4.45147705078125]
                T5:1              <= [4.45147718938094]: 'OK'
                T5:1[    0-0    ] <= [4.45147705078125]
                T5:1              <= [4.45147718938094]: 'OK'
                T5:1[    0-0    ] <= [4.45147705078125]
                T5:1              <= [4.45147718938094]: 'OK'
                T5:1[    0-0    ] <= [4.45147705078125]
                T5:1              <= [4.45147718938094]: 'OK'
                T5:1[    0-0    ] <= [4.45147705078125]
                T5:1              <= [4.45147718938094]: 'OK'
                T5:1[    0-0    ] <= [4.45147705078125]
                T5:1              <= [4.45147718938094]: 'OK'
                T5:1[    0-0    ] <= [4.45147705078125]
                T5:1              <= [4.45147718938094]: 'OK'
                T5:1[    0-0    ] <= [4.45147705078125]
                T5:1              <= [4.45147718938094]: 'OK'
                T5:1[    0-0    ] <= [4.45147705078125]
                T5:1              <= [4.45147718938094]: 'OK'
                T5:1[    0-0    ] <= [4.45147705078125]
                T5:1              <= [4.45147718938094]: 'OK'
                T5:1[    0-0    ] <= [4.45147705078125]
                T5:1[    0-0    ] <= [4.45147705078125]
                T5:1              <= [4.45147718938094]: 'OK'
                T5:1              <= [4.45147718938094]: 'OK'
                T5:1[    0-0    ] <= [4.45147705078125]
                T5:1[    0-0    ] <= [4.500118255615234]
                T5:1              <= [4.50011819328503]: 'OK'
                T5:1              <= [4.50011819328503]: 'OK'
                T5:1[    0-0    ] <= [4.500118255615234]
                T5:1              <= [4.50011819328503]: 'OK'
                T5:1[    0-0    ] <= [4.500118255615234]
                T5:1[    0-0    ] <= [4.500118255615234]
                T5:1              <= [4.50011819328503]: 'OK'
                T5:1              <= [4.50011819328503]: 'OK'
                T5:1[    0-0    ] <= [4.500118255615234]
                T5:1              <= [4.50011819328503]: 'OK'
                T5:1[    0-0    ] <= [4.500118255615234]
                T5:1              <= [4.50011819328503]: 'OK'
                T5:1[    0-0    ] <= [4.500118255615234]
                T5:1              <= [4.50011819328503]: 'OK'
                T5:1[    0-0    ] <= [4.500118255615234]
                T5:1              <= [4.50011819328503]: 'OK'
                T5:1[    0-0    ] <= [4.500118255615234]
                T5:1              <= [4.50011819328503]: 'OK'
                T5:1[    0-0    ] <= [4.500118255615234]
                T5:1              <= [4.50011819328503]: 'OK'
                T5:1[    0-0    ] <= [4.500118255615234]
                T5:1              <= [4.50011819328503]: 'OK'
                T5:1[    0-0    ] <= [4.500118255615234]
                T5:1              <= [4.50011819328503]: 'OK'
                T5:1[    0-0    ] <= [4.500118255615234]
                T5:1              <= [4.50011819328503]: 'OK'
                T5:1[    0-0    ] <= [4.500118255615234]
                T5:1              <= [4.50011819328503]: 'OK'
                T5:1[    0-0    ] <= [4.500118255615234]
                T5:1              <= [4.50011819328503]: 'OK'
                T5:1[    0-0    ] <= [4.500118255615234]
                T5:1              <= [4.50011819328503]: 'OK'
                T5:1[    0-0    ] <= [4.500118255615234]
                T5:1              <= [4.50011819328503]: 'OK'
                T5:1[    0-0    ] <= [4.500118255615234]
                T5:1[    0-0    ] <= [4.500118255615234]
                T5:1              <= [4.50011819328503]: 'OK'
                T5:1              <= [4.50011819328503]: 'OK'
                T5:1[    0-0    ] <= [4.500118255615234]
                T5:1              <= [4.50011819328503]: 'OK'
                T5:1[    0-0    ] <= [4.500118255615234]
                T5:1              <= [4.50011819328503]: 'OK'
                T5:1[    0-0    ] <= [4.500118255615234]
- 
Tank Level 4.070224 
ITERATION 238 ------------- 
Tank Level 4.070224 
ITERATION 239 ------------- 
Tank Level 4.070224 
ITERATION 240 ------------- 
Tank Level 4.133836 
ITERATION 241 ------------- 
Tank Level 4.133836 
ITERATION 242 ------------- 
Tank Level 4.133836 
ITERATION 243 ------------- 
Tank Level 4.133836 
ITERATION 244 ------------- 
Tank Level 4.133836 
ITERATION 245 ------------- 
Tank Level 4.133836 
ITERATION 246 ------------- 
Tank Level 4.133836 
ITERATION 247 ------------- 
Tank Level 4.133836 
ITERATION 248 ------------- 
Tank Level 4.197420 
ITERATION 249 ------------- 
Tank Level 4.197420 
ITERATION 250 ------------- 
Tank Level 4.197420 
ITERATION 251 ------------- 
Tank Level 4.197420 
ITERATION 252 ------------- 
Tank Level 4.197420 
ITERATION 253 ------------- 
Tank Level 4.197420 
ITERATION 254 ------------- 
Tank Level 4.197420 
ITERATION 255 ------------- 
Tank Level 4.197420 
ITERATION 256 ------------- 
Tank Level 4.260976 
ITERATION 257 ------------- 
Tank Level 4.260976 
ITERATION 258 ------------- 
Tank Level 4.260976 
ITERATION 259 ------------- 
Tank Level 4.260976 
ITERATION 260 ------------- 
Tank Level 4.260976 
ITERATION 261 ------------- 
Tank Level 4.260976 
ITERATION 262 ------------- 
Tank Level 4.260976 
ITERATION 263 ------------- 
Tank Level 4.260976 
ITERATION 264 ------------- 
Tank Level 4.260976 
ITERATION 265 ------------- 
Tank Level 4.260976 
ITERATION 266 ------------- 
Tank Level 4.324504 
ITERATION 267 ------------- 
Tank Level 4.324504 
ITERATION 268 ------------- 
Tank Level 4.324504 
ITERATION 269 ------------- 
Tank Level 4.324504 
ITERATION 270 ------------- 
Tank Level 4.324504 
ITERATION 271 ------------- 
Tank Level 4.324504 
ITERATION 272 ------------- 
Tank Level 4.324504 
ITERATION 273 ------------- 
Tank Level 4.324504 
ITERATION 274 ------------- 
Tank Level 4.388005 
ITERATION 275 ------------- 
Tank Level 4.388005 
ITERATION 276 ------------- 
Tank Level 4.388005 
ITERATION 277 ------------- 
Tank Level 4.388005 
ITERATION 278 ------------- 
Tank Level 4.388005 
ITERATION 279 ------------- 
Tank Level 4.388005 
ITERATION 280 ------------- 
Tank Level 4.388005 
ITERATION 281 ------------- 
Tank Level 4.388005 
ITERATION 282 ------------- 
Tank Level 4.388005 
ITERATION 283 ------------- 
Tank Level 4.451477 
ITERATION 284 ------------- 
Tank Level 4.451477 
ITERATION 285 ------------- 
Tank Level 4.451477 
ITERATION 286 ------------- 
Tank Level 4.451477 
ITERATION 287 ------------- 
Tank Level 4.451477 
ITERATION 288 ------------- 
Tank Level 4.451477 
ITERATION 289 ------------- 
Tank Level 4.451477 
ITERATION 290 ------------- 
Tank Level 4.451477 
ITERATION 291 ------------- 
Tank Level 4.451477 
ITERATION 292 ------------- 
Tank Level 4.451477 
ITERATION 293 ------------- 
Tank Level 4.451477 
ITERATION 294 ------------- 
Tank Level 4.451477 
ITERATION 295 ------------- 
Tank Level 4.451477 
ITERATION 296 ------------- 
Tank Level 4.500118 
ITERATION 297 ------------- 
Tank Level 4.500118 
ITERATION 298 ------------- 
Tank Level 4.500118 
ITERATION 299 ------------- 
Tank Level 4.500118 
ITERATION 300 ------------- 
Tank Level 4.500118 
ITERATION 301 ------------- 
Tank Level 4.500118 
ITERATION 302 ------------- 
Tank Level 4.500118 
ITERATION 303 ------------- 
Tank Level 4.500118 
ITERATION 304 ------------- 
Tank Level 4.500118 
ITERATION 305 ------------- 
Tank Level 4.500118 
ITERATION 306 ------------- 
Tank Level 4.500118 
ITERATION 307 ------------- 
Tank Level 4.500118 
ITERATION 308 ------------- 
Tank Level 4.500118 
ITERATION 309 ------------- 
Tank Level 4.500118 
ITERATION 310 ------------- 
Tank Level 4.500118 
ITERATION 311 ------------- 
Tank Level 4.500118 
ITERATION 312 ------------- 
Tank Level 4.500118 
ITERATION 313 ------------- 
Tank Level 4.500118 
ITERATION 314 ------------- 
Tank Level 4.500118 
ITERATION 315 ------------- 
Tank Level 4.500118 
ITERATION 316 ------------- 
Tank Level 4.500118 
ITERATION 317 ------------- 
Tank Level 4.500118 
ITERATION 318 ------------- 
Tank Level 4.500118 
ITERATION 319 --------                T5:1              <= [4.50011819328503]: 'OK'
                T5:1[    0-0    ] <= [4.500118255615234]
                T5:1              <= [4.50011819328503]: 'OK'
                T5:1[    0-0    ] <= [4.500118255615234]
                T5:1              <= [4.50011819328503]: 'OK'
                T5:1[    0-0    ] <= [4.500118255615234]
                T5:1              <= [4.50011819328503]: 'OK'
                T5:1[    0-0    ] <= [4.500118255615234]
                T5:1              <= [4.50011819328503]: 'OK'
                T5:1[    0-0    ] <= [4.500118255615234]
                T5:1              <= [4.50011819328503]: 'OK'
                T5:1[    0-0    ] <= [4.500118255615234]
                T5:1              <= [4.50011819328503]: 'OK'
                T5:1[    0-0    ] <= [4.500118255615234]
                T5:1              <= [4.50011819328503]: 'OK'
                T5:1[    0-0    ] <= [4.500118255615234]
                T5:1              <= [4.50011819328503]: 'OK'
                T5:1[    0-0    ] <= [4.500118255615234]
                T5:1              <= [4.47061021198128]: 'OK'
                T5:1[    0-0    ] <= [4.47061014175415]
                T5:1              <= [4.47061021198128]: 'OK'
                T5:1[    0-0    ] <= [4.47061014175415]
                T5:1              <= [4.47061021198128]: 'OK'
                T5:1[    0-0    ] <= [4.47061014175415]
                T5:1[    0-0    ] <= [4.47061014175415]
                T5:1              <= [4.47061021198128]: 'OK'
                T5:1              <= [4.47061021198128]: 'OK'
                T5:1[    0-0    ] <= [4.47061014175415]
                T5:1              <= [4.47061021198128]: 'OK'
                T5:1[    0-0    ] <= [4.47061014175415]
                T5:1              <= [4.47061021198128]: 'OK'
                T5:1[    0-0    ] <= [4.47061014175415]
                T5:1              <= [4.47061021198128]: 'OK'
                T5:1[    0-0    ] <= [4.47061014175415]
                T5:1              <= [4.47061021198128]: 'OK'
                T5:1[    0-0    ] <= [4.47061014175415]
                T5:1              <= [4.47061021198128]: 'OK'
                T5:1[    0-0    ] <= [4.47061014175415]
                T5:1              <= [4.44110223067754]: 'OK'
                T5:1[    0-0    ] <= [4.441102027893066]
                T5:1              <= [4.44110223067754]: 'OK'
                T5:1[    0-0    ] <= [4.441102027893066]
                T5:1              <= [4.44110223067754]: 'OK'
                T5:1[    0-0    ] <= [4.441102027893066]
                T5:1              <= [4.44110223067754]: 'OK'
                T5:1[    0-0    ] <= [4.441102027893066]
                T5:1              <= [4.44110223067754]: 'OK'
                T5:1[    0-0    ] <= [4.441102027893066]
                T5:1              <= [4.44110223067754]: 'OK'
                T5:1[    0-0    ] <= [4.441102027893066]
                T5:1              <= [4.44110223067754]: 'OK'
                T5:1[    0-0    ] <= [4.441102027893066]
                T5:1              <= [4.44110223067754]: 'OK'
                T5:1[    0-0    ] <= [4.441102027893066]
                T5:1              <= [4.44110223067754]: 'OK'
                T5:1[    0-0    ] <= [4.441102027893066]
                T5:1              <= [4.44110223067754]: 'OK'
                T5:1[    0-0    ] <= [4.441102027893066]
                T5:1              <= [4.41159424937381]: 'OK'
                T5:1[    0-0    ] <= [4.411594390869141]
                T5:1[    0-0    ] <= [4.411594390869141]
                T5:1              <= [4.41159424937381]: 'OK'
                T5:1              <= [4.41159424937381]: 'OK'
                T5:1[    0-0    ] <= [4.411594390869141]
                T5:1              <= [4.41159424937381]: 'OK'
                T5:1[    0-0    ] <= [4.411594390869141]
                T5:1              <= [4.41159424937381]: 'OK'
                T5:1[    0-0    ] <= [4.411594390869141]
                T5:1              <= [4.41159424937381]: 'OK'
                T5:1[    0-0    ] <= [4.411594390869141]
                T5:1[    0-0    ] <= [4.411594390869141]
                T5:1              <= [4.41159424937381]: 'OK'
                T5:1              <= [4.41159424937381]: 'OK'
                T5:1[    0-0    ] <= [4.411594390869141]
                T5:1              <= [4.41159424937381]: 'OK'
                T5:1[    0-0    ] <= [4.411594390869141]
                T5:1              <= [4.37974218634014]: 'OK'
                T5:1[    0-0    ] <= [4.37974214553833]
                T5:1              <= [4.37974218634014]: 'OK'
                T5:1[    0-0    ] <= [4.37974214553833]
                T5:1              <= [4.37974218634014]: 'OK'
                T5:1[    0-0    ] <= [4.37974214553833]
                T5:1              <= [4.37974218634014]: 'OK'
                T5:1[    0-0    ] <= [4.37974214553833]
                T5:1              <= [4.37974218634014]: 'OK'
                T5:1[    0-0    ] <= [4.37974214553833]
                T5:1              <= [4.37974218634014]: 'OK'
                T5:1[    0-0    ] <= [4.37974214553833]
                T5:1              <= [4.37974218634014]: 'OK'
                T5:1[    0-0    ] <= [4.37974214553833]
                T5:1              <= [4.37974218634014]: 'OK'
                T5:1[    0-0    ] <= [4.37974214553833]
                T5:1              <= [4.37974218634014]: 'OK'
                T5:1[    0-0    ] <= [4.37974214553833]
                T5:1              <= [4.34789012330647]: 'OK'
                T5:1[    0-0    ] <= [4.3478899002075195]
                T5:1              <= [4.34789012330647]: 'OK'
                T5:1[    0-0    ] <= [4.3478899002075195]
                T5:1              <= [4.34789012330647]: 'OK'
                T5:1[    0-0    ] <= [4.3478899002075195]
                T5:1              <= [4.34789012330647]: 'OK'
                T5:1[    0-0    ] <= [4.3478899002075195]
                T5:1              <= [4.34789012330647]: 'OK'
                T5:1[    0-0    ] <= [4.3478899002075195]
                T5:1              <= [4.34789012330647]: 'OK'
                T5:1[    0-0    ] <= [4.3478899002075195]
                T5:1              <= [4.34789012330647]: 'OK'
                T5:1[    0-0    ] <= [4.3478899002075195]
                T5:1              <= [4.34789012330647]: 'OK'
                T5:1[    0-0    ] <= [4.3478899002075195]
                T5:1[    0-0    ] <= [4.3478899002075195]
                T5:1              <= [4.34789012330647]: 'OK'
                T5:1[    0-0    ] <= [4.316038131713867]
                T5:1              <= [4.31603806027282]: 'OK'
                T5:1[    0-0    ] <= [4.316038131713867]
                T5:1              <= [4.31603806027282]: 'OK'
                T5:1[    0-0    ] <= [4.316038131713867]
                T5:1              <= [4.31603806027282]: 'OK'
                T5:1[    0-0    ] <= [4.316038131713867]
                T5:1              <= [4.31603806027282]: 'OK'
                T5:1              <= [4.31603806027282]: 'OK'
                T5:1[    0-0    ] <= [4.316038131713867]
                T5:1              <= [4.31603806027282]: 'OK'
                T5:1[    0-0    ] <= [4.316038131713867]
                T5:1              <= [4.31603806027282]: 'OK'
                T5:1[    0-0    ] <= [4.316038131713867]
                T5:1              <= [4.31603806027282]: 'OK'
                T5:1[    0-0    ] <= [4.316038131713867]
                T5:1              <= [4.31603806027282]: 'OK'
                T5:1[    0-0    ] <= [4.316038131713867]
                T5:1              <= [4.28418599723918]: 'OK'
                T5:1[    0-0    ] <= [4.284185886383057]
                T5:1[    0-0    ] <= [4.284185886383057]
                T5:1              <= [4.28418599723918]: 'OK'
                T5:1              <= [4.28418599723918]: 'OK'
                T5:1[    0-0    ] <= [4.284185886383057]
                T5:1              <= [4.28418599723918]: 'OK'
                T5:1[    0-0    ] <= [4.284185886383057]
                T5:1              <= [4.28418599723918]: 'OK'
                T5:1[    0-0    ] <= [4.284185886383057]
                T5:1              <= [4.28418599723918]: 'OK'
                T5:1[    0-0    ] <= [4.284185886383057]
                T5:1              <= [4.28418599723918]: 'OK'
                T5:1[    0-0    ] <= [4.284185886383057]
                T5:1              <= [4.28418599723918]: 'OK'
                T5:1[    0-0    ] <= [4.284185886383057]
                T5:1              <= [4.28418599723918]: 'OK'
                T5:1[    0-0    ] <= [4.284185886383057]
                T5:1              <= [4.25233393420555]: 'OK'
                T5:1[    0-0    ] <= [4.252334117889404]
                T5:1              <= [4.25233393420555]: 'OK'
                T5:1[    0-0    ] <= [4.252334117889404]
                T5:1              <= [4.25233393420555]: 'OK'
                T5:1[    0-0    ] <= [4.252334117889404]
                T5:1              <= [4.25233393420555]: 'OK'
                T5:1[    0-0    ] <= [4.252334117889404]
                T5:1              <= [4.25233393420555]: 'OK'
                T5:1[    0-0    ] <= [4.252334117889404]
                T5:1              <= [4.25233393420555]: 'OK'
                T5:1[    0-0    ] <= [4.252334117889404]
                T5:1              <= [4.25233393420555]: 'OK'
                T5:1[    0-0    ] <= [4.252334117889404]
                T5:1              <= [4.25233393420555]: 'OK'
                T5:1[    0-0    ] <= [4.252334117889404]
----- 
Tank Level 4.500118 
ITERATION 320 ------------- 
Tank Level 4.500118 
ITERATION 321 ------------- 
Tank Level 4.500118 
ITERATION 322 ------------- 
Tank Level 4.500118 
ITERATION 323 ------------- 
Tank Level 4.500118 
ITERATION 324 ------------- 
Tank Level 4.500118 
ITERATION 325 ------------- 
Tank Level 4.500118 
ITERATION 326 ------------- 
Tank Level 4.500118 
ITERATION 327 ------------- 
Tank Level 4.470610 
ITERATION 328 ------------- 
Tank Level 4.470610 
ITERATION 329 ------------- 
Tank Level 4.470610 
ITERATION 330 ------------- 
Tank Level 4.470610 
ITERATION 331 ------------- 
Tank Level 4.470610 
ITERATION 332 ------------- 
Tank Level 4.470610 
ITERATION 333 ------------- 
Tank Level 4.470610 
ITERATION 334 ------------- 
Tank Level 4.470610 
ITERATION 335 ------------- 
Tank Level 4.470610 
ITERATION 336 ------------- 
Tank Level 4.470610 
ITERATION 337 ------------- 
Tank Level 4.441102 
ITERATION 338 ------------- 
Tank Level 4.441102 
ITERATION 339 ------------- 
Tank Level 4.441102 
ITERATION 340 ------------- 
Tank Level 4.441102 
ITERATION 341 ------------- 
Tank Level 4.441102 
ITERATION 342 ------------- 
Tank Level 4.441102 
ITERATION 343 ------------- 
Tank Level 4.441102 
ITERATION 344 ------------- 
Tank Level 4.441102 
ITERATION 345 ------------- 
Tank Level 4.441102 
ITERATION 346 ------------- 
Tank Level 4.441102 
ITERATION 347 ------------- 
Tank Level 4.411594 
ITERATION 348 ------------- 
Tank Level 4.411594 
ITERATION 349 ------------- 
Tank Level 4.411594 
ITERATION 350 ------------- 
Tank Level 4.411594 
ITERATION 351 ------------- 
Tank Level 4.411594 
ITERATION 352 ------------- 
Tank Level 4.411594 
ITERATION 353 ------------- 
Tank Level 4.411594 
ITERATION 354 ------------- 
Tank Level 4.411594 
ITERATION 355 ------------- 
Tank Level 4.411594 
ITERATION 356 ------------- 
Tank Level 4.379742 
ITERATION 357 ------------- 
Tank Level 4.379742 
ITERATION 358 ------------- 
Tank Level 4.379742 
ITERATION 359 ------------- 
Tank Level 4.379742 
ITERATION 360 ------------- 
Tank Level 4.379742 
ITERATION 361 ------------- 
Tank Level 4.379742 
ITERATION 362 ------------- 
Tank Level 4.379742 
ITERATION 363 ------------- 
Tank Level 4.379742 
ITERATION 364 ------------- 
Tank Level 4.379742 
ITERATION 365 ------------- 
Tank Level 4.347890 
ITERATION 366 ------------- 
Tank Level 4.347890 
ITERATION 367 ------------- 
Tank Level 4.347890 
ITERATION 368 ------------- 
Tank Level 4.347890 
ITERATION 369 ------------- 
Tank Level 4.347890 
ITERATION 370 ------------- 
Tank Level 4.347890 
ITERATION 371 ------------- 
Tank Level 4.347890 
ITERATION 372 ------------- 
Tank Level 4.347890 
ITERATION 373 ------------- 
Tank Level 4.347890 
ITERATION 374 ------------- 
Tank Level 4.316038 
ITERATION 375 ------------- 
Tank Level 4.316038 
ITERATION 376 ------------- 
Tank Level 4.316038 
ITERATION 377 ------------- 
Tank Level 4.316038 
ITERATION 378 ------------- 
Tank Level 4.316038 
ITERATION 379 ------------- 
Tank Level 4.316038 
ITERATION 380 ------------- 
Tank Level 4.316038 
ITERATION 381 ------------- 
Tank Level 4.316038 
ITERATION 382 ------------- 
Tank Level 4.316038 
ITERATION 383 ------------- 
Tank Level 4.284186 
ITERATION 384 ------------- 
Tank Level 4.284186 
ITERATION 385 ------------- 
Tank Level 4.284186 
ITERATION 386 ------------- 
Tank Level 4.284186 
ITERATION 387 ------------- 
Tank Level 4.284186 
ITERATION 388 ------------- 
Tank Level 4.284186 
ITERATION 389 ------------- 
Tank Level 4.284186 
ITERATION 390 ------------- 
Tank Level 4.284186 
ITERATION 391 ------------- 
Tank Level 4.284186 
ITERATION 392 ------------- 
Tank Level 4.252334 
ITERATION 393 ------------- 
Tank Level 4.252334 
ITERATION 394 ------------- 
Tank Level 4.252334 
ITERATION 395 ------------- 
Tank Level 4.252334 
ITERATION 396 ------------- 
Tank Level 4.252334 
ITERATION 397 ------------- 
Tank Level 4.252334 
ITERATION 398 ------------- 
Tank Level 4.252334 
ITERATION 399 ------------- 
Tank Level 4.252334 
ITERATION 400 ------------- 
Tank Level 4.252334 
ITERATION 401 ----                T5:1              <= [4.25233393420555]: 'OK'
                T5:1[    0-0    ] <= [4.252334117889404]
                T5:1              <= [4.22048187117193]: 'OK'
                T5:1[    0-0    ] <= [4.220481872558594]
                T5:1              <= [4.22048187117193]: 'OK'
                T5:1[    0-0    ] <= [4.220481872558594]
                T5:1              <= [4.22048187117193]: 'OK'
                T5:1[    0-0    ] <= [4.220481872558594]
                T5:1              <= [4.22048187117193]: 'OK'
                T5:1[    0-0    ] <= [4.220481872558594]
                T5:1              <= [4.22048187117193]: 'OK'
                T5:1[    0-0    ] <= [4.220481872558594]
                T5:1              <= [4.22048187117193]: 'OK'
                T5:1[    0-0    ] <= [4.220481872558594]
                T5:1[    0-0    ] <= [4.220481872558594]
                T5:1              <= [4.22048187117193]: 'OK'
                T5:1              <= [4.22048187117193]: 'OK'
                T5:1[    0-0    ] <= [4.220481872558594]
                T5:1              <= [4.22048187117193]: 'OK'
                T5:1[    0-0    ] <= [4.220481872558594]
                T5:1[    0-0    ] <= [4.220481872558594]
                T5:1              <= [4.22048187117193]: 'OK'
                T5:1              <= [4.22048187117193]: 'OK'
                T5:1[    0-0    ] <= [4.220481872558594]
                T5:1              <= [4.22048187117193]: 'OK'
                T5:1[    0-0    ] <= [4.220481872558594]
                T5:1              <= [4.22048187117193]: 'OK'
                T5:1[    0-0    ] <= [4.220481872558594]
                T5:1              <= [4.22048187117193]: 'OK'
                T5:1[    0-0    ] <= [4.220481872558594]
                T5:1              <= [4.22048187117193]: 'OK'
                T5:1[    0-0    ] <= [4.220481872558594]
                T5:1              <= [4.22048187117193]: 'OK'
                T5:1[    0-0    ] <= [4.220481872558594]
                T5:1              <= [4.22048187117193]: 'OK'
                T5:1[    0-0    ] <= [4.220481872558594]
                T5:1              <= [4.22048187117193]: 'OK'
                T5:1[    0-0    ] <= [4.220481872558594]
                T5:1[    0-0    ] <= [4.220481872558594]
                T5:1              <= [4.22048187117193]: 'OK'
                T5:1              <= [4.22048187117193]: 'OK'
                T5:1[    0-0    ] <= [4.220481872558594]
                T5:1              <= [4.22048187117193]: 'OK'
                T5:1[    0-0    ] <= [4.220481872558594]
                T5:1              <= [4.22048187117193]: 'OK'
                T5:1[    0-0    ] <= [4.220481872558594]
                T5:1              <= [4.22048187117193]: 'OK'
                T5:1[    0-0    ] <= [4.220481872558594]
                T5:1              <= [4.22048187117193]: 'OK'
                T5:1[    0-0    ] <= [4.220481872558594]
                T5:1              <= [4.22048187117193]: 'OK'
                T5:1[    0-0    ] <= [4.220481872558594]
                T5:1              <= [4.22048187117193]: 'OK'
                T5:1[    0-0    ] <= [4.220481872558594]
                T5:1              <= [4.22048187117193]: 'OK'
                T5:1[    0-0    ] <= [4.220481872558594]
                T5:1              <= [4.22048187117193]: 'OK'
                T5:1[    0-0    ] <= [4.220481872558594]
                T5:1              <= [4.22048187117193]: 'OK'
                T5:1[    0-0    ] <= [4.220481872558594]
                T5:1[    0-0    ] <= [4.220481872558594]
                T5:1              <= [4.22048187117193]: 'OK'
                T5:1              <= [4.22048187117193]: 'OK'
                T5:1[    0-0    ] <= [4.220481872558594]
                T5:1              <= [4.22048187117193]: 'OK'
                T5:1[    0-0    ] <= [4.220481872558594]
                T5:1              <= [4.22048187117193]: 'OK'
                T5:1[    0-0    ] <= [4.220481872558594]
                T5:1              <= [4.22048187117193]: 'OK'
                T5:1[    0-0    ] <= [4.220481872558594]
                T5:1              <= [4.22048187117193]: 'OK'
                T5:1[    0-0    ] <= [4.220481872558594]
                T5:1              <= [4.22048187117193]: 'OK'
                T5:1[    0-0    ] <= [4.220481872558594]
                T5:1              <= [4.22048187117193]: 'OK'
                T5:1[    0-0    ] <= [4.220481872558594]
                T5:1[    0-0    ] <= [4.220481872558594]
                T5:1              <= [4.22048187117193]: 'OK'
                T5:1              <= [4.22048187117193]: 'OK'
                T5:1[    0-0    ] <= [4.220481872558594]
                T5:1              <= [4.22048187117193]: 'OK'
                T5:1[    0-0    ] <= [4.220481872558594]
                T5:1              <= [4.22048187117193]: 'OK'
                T5:1[    0-0    ] <= [4.220481872558594]
                T5:1              <= [4.22048187117193]: 'OK'
                T5:1[    0-0    ] <= [4.220481872558594]
                T5:1              <= [4.22048187117193]: 'OK'
                T5:1[    0-0    ] <= [4.220481872558594]
                T5:1              <= [4.22048187117193]: 'OK'
                T5:1[    0-0    ] <= [4.220481872558594]
                T5:1              <= [4.22048187117193]: 'OK'
                T5:1[    0-0    ] <= [4.220481872558594]
                T5:1              <= [4.22048187117193]: 'OK'
                T5:1[    0-0    ] <= [4.220481872558594]
                T5:1              <= [4.22048187117193]: 'OK'
                T5:1[    0-0    ] <= [4.220481872558594]
                T5:1              <= [4.22048187117193]: 'OK'
                T5:1[    0-0    ] <= [4.220481872558594]
                T5:1              <= [4.22048187117193]: 'OK'
                T5:1[    0-0    ] <= [4.220481872558594]
                T5:1              <= [4.22048187117193]: 'OK'
                T5:1[    0-0    ] <= [4.220481872558594]
                T5:1              <= [4.22048187117193]: 'OK'
                T5:1[    0-0    ] <= [4.220481872558594]
                T5:1              <= [4.22048187117193]: 'OK'
                T5:1[    0-0    ] <= [4.220481872558594]
                T5:1              <= [4.22048187117193]: 'OK'
                T5:1[    0-0    ] <= [4.220481872558594]
                T5:1[    0-0    ] <= [4.220481872558594]
                T5:1              <= [4.22048187117193]: 'OK'
                T5:1              <= [4.22048187117193]: 'OK'
                T5:1[    0-0    ] <= [4.220481872558594]
                T5:1              <= [4.22048187117193]: 'OK'
                T5:1[    0-0    ] <= [4.220481872558594]
                T5:1              <= [4.22048187117193]: 'OK'
                T5:1[    0-0    ] <= [4.220481872558594]
                T5:1              <= [4.22048187117193]: 'OK'
                T5:1[    0-0    ] <= [4.220481872558594]
                T5:1              <= [4.22048187117193]: 'OK'
                T5:1[    0-0    ] <= [4.220481872558594]
                T5:1              <= [4.22048187117193]: 'OK'
                T5:1[    0-0    ] <= [4.220481872558594]
                T5:1              <= [4.22048187117193]: 'OK'
                T5:1[    0-0    ] <= [4.220481872558594]
                T5:1              <= [4.22048187117193]: 'OK'
                T5:1[    0-0    ] <= [4.220481872558594]
                T5:1              <= [4.22048187117193]: 'OK'
                T5:1[    0-0    ] <= [4.220481872558594]
                T5:1              <= [4.22048187117193]: 'OK'
                T5:1[    0-0    ] <= [4.220481872558594]
                T5:1              <= [4.22048187117193]: 'OK'
                T5:1[    0-0    ] <= [4.220481872558594]
                T5:1              <= [4.22048187117193]: 'OK'
                T5:1[    0-0    ] <= [4.220481872558594]
                T5:1              <= [4.22048187117193]: 'OK'
                T5:1[    0-0    ] <= [4.220481872558594]
                T5:1              <= [4.22048187117193]: 'OK'
                T5:1[    0-0    ] <= [4.220481872558594]
                T5:1              <= [4.22048187117193]: 'OK'
                T5:1[    0-0    ] <= [4.220481872558594]
                T5:1              <= [4.22048187117193]: 'OK'
                T5:1[    0-0    ] <= [4.220481872558594]
                T5:1              <= [4.22048187117193]: 'OK'
                T5:1[    0-0    ] <= [4.220481872558594]
                T5:1              <= [4.22048187117193]: 'OK'
                T5:1[    0-0    ] <= [4.220481872558594]
                T5:1              <= [4.22048187117193]: 'OK'
                T5:1[    0-0    ] <= [4.220481872558594]
                T5:1              <= [4.22048187117193]: 'OK'
                T5:1[    0-0    ] <= [4.220481872558594]
                T5:1              <= [4.22048187117193]: 'OK'
                T5:1[    0-0    ] <= [4.220481872558594]
                T5:1              <= [4.22048187117193]: 'OK'
                T5:1[    0-0    ] <= [4.220481872558594]
                T5:1              <= [4.22048187117193]: 'OK'
                T5:1[    0-0    ] <= [4.220481872558594]
                T5:1              <= [4.22048187117193]: 'OK'
                T5:1[    0-0    ] <= [4.220481872558594]
                T5:1              <= [4.22048187117193]: 'OK'
                T5:1[    0-0    ] <= [4.220481872558594]
                T5:1              <= [4.22048187117193]: 'OK'
                T5:1[    0-0    ] <= [4.220481872558594]
                T5:1              <= [4.22048187117193]: 'OK'
                T5:1[    0-0    ] <= [4.220481872558594]
--------- 
Tank Level 4.220482 
ITERATION 402 ------------- 
Tank Level 4.220482 
ITERATION 403 ------------- 
Tank Level 4.220482 
ITERATION 404 ------------- 
Tank Level 4.220482 
ITERATION 405 ------------- 
Tank Level 4.220482 
ITERATION 406 ------------- 
Tank Level 4.220482 
ITERATION 407 ------------- 
Tank Level 4.220482 
ITERATION 408 ------------- 
Tank Level 4.220482 
ITERATION 409 ------------- 
Tank Level 4.220482 
ITERATION 410 ------------- 
Tank Level 4.220482 
ITERATION 411 ------------- 
Tank Level 4.220482 
ITERATION 412 ------------- 
Tank Level 4.220482 
ITERATION 413 ------------- 
Tank Level 4.220482 
ITERATION 414 ------------- 
Tank Level 4.220482 
ITERATION 415 ------------- 
Tank Level 4.220482 
ITERATION 416 ------------- 
Tank Level 4.220482 
ITERATION 417 ------------- 
Tank Level 4.220482 
ITERATION 418 ------------- 
Tank Level 4.220482 
ITERATION 419 ------------- 
Tank Level 4.220482 
ITERATION 420 ------------- 
Tank Level 4.220482 
ITERATION 421 ------------- 
Tank Level 4.220482 
ITERATION 422 ------------- 
Tank Level 4.220482 
ITERATION 423 ------------- 
Tank Level 4.220482 
ITERATION 424 ------------- 
Tank Level 4.220482 
ITERATION 425 ------------- 
Tank Level 4.220482 
ITERATION 426 ------------- 
Tank Level 4.220482 
ITERATION 427 ------------- 
Tank Level 4.220482 
ITERATION 428 ------------- 
Tank Level 4.220482 
ITERATION 429 ------------- 
Tank Level 4.220482 
ITERATION 430 ------------- 
Tank Level 4.220482 
ITERATION 431 ------------- 
Tank Level 4.220482 
ITERATION 432 ------------- 
Tank Level 4.220482 
ITERATION 433 ------------- 
Tank Level 4.220482 
ITERATION 434 ------------- 
Tank Level 4.220482 
ITERATION 435 ------------- 
Tank Level 4.220482 
ITERATION 436 ------------- 
Tank Level 4.220482 
ITERATION 437 ------------- 
Tank Level 4.220482 
ITERATION 438 ------------- 
Tank Level 4.220482 
ITERATION 439 ------------- 
Tank Level 4.220482 
ITERATION 440 ------------- 
Tank Level 4.220482 
ITERATION 441 ------------- 
Tank Level 4.220482 
ITERATION 442 ------------- 
Tank Level 4.220482 
ITERATION 443 ------------- 
Tank Level 4.220482 
ITERATION 444 ------------- 
Tank Level 4.220482 
ITERATION 445 ------------- 
Tank Level 4.220482 
ITERATION 446 ------------- 
Tank Level 4.220482 
ITERATION 447 ------------- 
Tank Level 4.220482 
ITERATION 448 ------------- 
Tank Level 4.220482 
ITERATION 449 ------------- 
Tank Level 4.220482 
ITERATION 450 ------------- 
Tank Level 4.220482 
ITERATION 451 ------------- 
Tank Level 4.220482 
ITERATION 452 ------------- 
Tank Level 4.220482 
ITERATION 453 ------------- 
Tank Level 4.220482 
ITERATION 454 ------------- 
Tank Level 4.220482 
ITERATION 455 ------------- 
Tank Level 4.220482 
ITERATION 456 ------------- 
Tank Level 4.220482 
ITERATION 457 ------------- 
Tank Level 4.220482 
ITERATION 458 ------------- 
Tank Level 4.220482 
ITERATION 459 ------------- 
Tank Level 4.220482 
ITERATION 460 ------------- 
Tank Level 4.220482 
ITERATION 461 ------------- 
Tank Level 4.220482 
ITERATION 462 ------------- 
Tank Level 4.220482 
ITERATION 463 ------------- 
Tank Level 4.220482 
ITERATION 464 ------------- 
Tank Level 4.220482 
ITERATION 465 ------------- 
Tank Level 4.220482 
ITERATION 466 ------------- 
Tank Level 4.220482 
ITERATION 467 ------------- 
Tank Level 4.220482 
ITERATION 468 ------------- 
Tank Level 4.220482 
ITERATION 469 ------------- 
Tank Level 4.220482 
ITERATION 470 ------------- 
Tank Level 4.220482 
ITERATION 471 ------------- 
Tank Level 4.220482 
ITERATION 472 ------------- 
Tank Level 4.220482 
ITERATION 473 ------------- 
Tank Level 4.220482 
ITERATION 474 ------------- 
Tank Level 4.220482 
ITERATION 475 ------------- 
Tank Level 4.220482 
ITERATION 476 ------------- 
Tank Level 4.220482 
ITERATION 477 ------------- 
Tank Level 4.220482 
ITERATION 478 ------------- 
Tank Level 4.220482 
ITERATION 479 ------------- 
Tank Level 4.220482 
ITERATION 480 ------------- 
Tank Level 4.220482 
ITERATION 481 ------------- 
Tank Level 4.220482 
ITERATION 482 ------------- 
Tank Level 4.220482 
ITERATION 483                 T5:1              <= [4.22048187117193]: 'OK'
                T5:1[    0-0    ] <= [4.220481872558594]
                T5:1              <= [4.22048187117193]: 'OK'
                T5:1[    0-0    ] <= [4.220481872558594]
                T5:1              <= [4.22048187117193]: 'OK'
                T5:1[    0-0    ] <= [4.220481872558594]
                T5:1              <= [4.22048187117193]: 'OK'
                T5:1[    0-0    ] <= [4.220481872558594]
                T5:1              <= [4.22048187117193]: 'OK'
                T5:1[    0-0    ] <= [4.220481872558594]
                T5:1              <= [4.22048187117193]: 'OK'
                T5:1[    0-0    ] <= [4.220481872558594]
                T5:1[    0-0    ] <= [4.220481872558594]
                T5:1              <= [4.22048187117193]: 'OK'
                T5:1              <= [4.22048187117193]: 'OK'
                T5:1[    0-0    ] <= [4.220481872558594]
                T5:1              <= [4.22048187117193]: 'OK'
                T5:1[    0-0    ] <= [4.220481872558594]
                T5:1              <= [4.22048187117193]: 'OK'
                T5:1[    0-0    ] <= [4.220481872558594]
                T5:1              <= [4.22048187117193]: 'OK'
                T5:1[    0-0    ] <= [4.220481872558594]
                T5:1              <= [4.22048187117193]: 'OK'
                T5:1[    0-0    ] <= [4.220481872558594]
                T5:1[    0-0    ] <= [4.220481872558594]
                T5:1              <= [4.22048187117193]: 'OK'
                T5:1              <= [4.22048187117193]: 'OK'
                T5:1[    0-0    ] <= [4.220481872558594]
                T5:1              <= [4.22048187117193]: 'OK'
                T5:1[    0-0    ] <= [4.220481872558594]
                T5:1              <= [4.22048187117193]: 'OK'
                T5:1[    0-0    ] <= [4.220481872558594]
                T5:1              <= [4.22048187117193]: 'OK'
                T5:1[    0-0    ] <= [4.220481872558594]
                T5:1              <= [4.22048187117193]: 'OK'
                T5:1[    0-0    ] <= [4.220481872558594]
                T5:1              <= [4.22048187117193]: 'OK'
                T5:1[    0-0    ] <= [4.220481872558594]
                T5:1              <= [4.22048187117193]: 'OK'
                T5:1[    0-0    ] <= [4.220481872558594]
                T5:1              <= [4.22048187117193]: 'OK'
                T5:1[    0-0    ] <= [4.220481872558594]
                T5:1              <= [4.22048187117193]: 'OK'
                T5:1[    0-0    ] <= [4.220481872558594]
                T5:1[    0-0    ] <= [4.220481872558594]
                T5:1              <= [4.22048187117193]: 'OK'
                T5:1[    0-0    ] <= [4.220481872558594]
                T5:1              <= [4.22048187117193]: 'OK'
                T5:1[    0-0    ] <= [4.220481872558594]
                T5:1              <= [4.22048187117193]: 'OK'
                T5:1              <= [4.22048187117193]: 'OK'
                T5:1[    0-0    ] <= [4.220481872558594]
                T5:1              <= [4.22048187117193]: 'OK'
                T5:1[    0-0    ] <= [4.220481872558594]
                T5:1              <= [4.22048187117193]: 'OK'
                T5:1[    0-0    ] <= [4.220481872558594]
                T5:1              <= [4.22048187117193]: 'OK'
                T5:1[    0-0    ] <= [4.220481872558594]
                T5:1[    0-0    ] <= [4.220481872558594]
                T5:1              <= [4.22048187117193]: 'OK'
                T5:1              <= [4.22048187117193]: 'OK'
                T5:1[    0-0    ] <= [4.220481872558594]
                T5:1              <= [4.22048187117193]: 'OK'
                T5:1[    0-0    ] <= [4.220481872558594]
                T5:1              <= [4.22048187117193]: 'OK'
                T5:1[    0-0    ] <= [4.220481872558594]
                T5:1              <= [4.22048187117193]: 'OK'
                T5:1[    0-0    ] <= [4.220481872558594]
                T5:1              <= [4.22048187117193]: 'OK'
                T5:1[    0-0    ] <= [4.220481872558594]
                T5:1              <= [4.22048187117193]: 'OK'
                T5:1[    0-0    ] <= [4.220481872558594]
                T5:1              <= [4.22048187117193]: 'OK'
                T5:1[    0-0    ] <= [4.220481872558594]
                T5:1[    0-0    ] <= [4.220481872558594]
                T5:1              <= [4.22048187117193]: 'OK'
                T5:1              <= [4.22048187117193]: 'OK'
                T5:1[    0-0    ] <= [4.220481872558594]
                T5:1              <= [4.22048187117193]: 'OK'
                T5:1[    0-0    ] <= [4.220481872558594]
                T5:1              <= [4.22048187117193]: 'OK'
                T5:1[    0-0    ] <= [4.220481872558594]
                T5:1              <= [4.22048187117193]: 'OK'
                T5:1[    0-0    ] <= [4.220481872558594]
                T5:1              <= [4.22048187117193]: 'OK'
                T5:1[    0-0    ] <= [4.220481872558594]
                T5:1              <= [4.22048187117193]: 'OK'
                T5:1[    0-0    ] <= [4.220481872558594]
                T5:1              <= [4.22048187117193]: 'OK'
                T5:1[    0-0    ] <= [4.220481872558594]
                T5:1              <= [4.22048187117193]: 'OK'
                T5:1[    0-0    ] <= [4.220481872558594]
                T5:1              <= [4.22048187117193]: 'OK'
                T5:1[    0-0    ] <= [4.220481872558594]
                T5:1              <= [4.22048187117193]: 'OK'
                T5:1[    0-0    ] <= [4.220481872558594]
                T5:1              <= [4.22048187117193]: 'OK'
                T5:1[    0-0    ] <= [4.220481872558594]
------------- 
Tank Level 4.220482 
ITERATION 484 ------------- 
Tank Level 4.220482 
ITERATION 485 ------------- 
Tank Level 4.220482 
ITERATION 486 ------------- 
Tank Level 4.220482 
ITERATION 487 ------------- 
Tank Level 4.220482 
ITERATION 488 ------------- 
Tank Level 4.220482 
ITERATION 489 ------------- 
Tank Level 4.220482 
ITERATION 490 ------------- 
Tank Level 4.220482 
ITERATION 491 ------------- 
Tank Level 4.220482 
ITERATION 492 ------------- 
Tank Level 4.220482 
ITERATION 493 ------------- 
Tank Level 4.220482 
ITERATION 494 ------------- 
Tank Level 4.220482 
ITERATION 495 ------------- 
Tank Level 4.220482 
ITERATION 496 ------------- 
Tank Level 4.220482 
ITERATION 497 ------------- 
Tank Level 4.220482 
ITERATION 498 ------------- 
Tank Level 4.220482 
ITERATION 499 ------------- 
Tank Level 4.220482 
ITERATION 500 ------------- 
Tank Level 4.220482 
ITERATION 501 ------------- 
Tank Level 4.220482 
ITERATION 502 ------------- 
Tank Level 4.220482 
ITERATION 503 ------------- 
Tank Level 4.220482 
ITERATION 504 ------------- 
Tank Level 4.220482 
ITERATION 505 ------------- 
Tank Level 4.220482 
ITERATION 506 ------------- 
Tank Level 4.220482 
ITERATION 507 ------------- 
Tank Level 4.220482 
ITERATION 508 ------------- 
Tank Level 4.220482 
ITERATION 509 ------------- 
Tank Level 4.220482 
ITERATION 510 ------------- 
Tank Level 4.220482 
ITERATION 511 ------------- 
Tank Level 4.220482 
ITERATION 512 ------------- 
Tank Level 4.220482 
ITERATION 513 ------------- 
Tank Level 4.220482 
ITERATION 514 ------------- 
Tank Level 4.220482 
ITERATION 515 ------------- 
Tank Level 4.220482 
ITERATION 516 ------------- 
Tank Level 4.220482 
ITERATION 517 ------------- 
Tank Level 4.220482 
ITERATION 518 ------------- 
Tank Level 4.220482 
ITERATION 519 ------------- 
Tank Level 4.220482 
ITERATION 520 ------------- 
Tank Level 4.220482 
ITERATION 521 ------------- 
Tank Level 4.220482 
ITERATION 522 ------------- 
Tank Level 4.220482 
ITERATION 523 ------------- 
Tank Level 4.220482 
ITERATION 524 ------------- 
Tank Level 4.220482 
ITERATION 525 ------------- 
Tank Level 4.220482 
ITERATION 526 ------------- 
Tank Level 4.220482 
ITERATION 527 ------------- 
Tank Level 4.220482 
ITERATION 528 ------------- 
Tank Level 4.220482 
ITERATION 529 ------------- 
Tank Level 4.220482 
ITERATION 530 ------------- 
Tank Level 4.220482 
ITERATION 531 ------------- 
Tank Level 4.220482 
ITERATION 532 ------------- 
DEBUG plc7 shutdown
plc7
Stopping Tcp dump process on PLC...
Stopping PLC...
