                T7:1              <= [2.5]: 'OK'
                T7:1[    0-0    ] <= [2.5]
                T7:1[    0-0    ] <= [2.5]
                T7:1              <= [2.5]: 'OK'
                T7:1              <= [2.5]: 'OK'
                T7:1[    0-0    ] <= [2.5]
                T7:1              <= [2.5]: 'OK'
                T7:1[    0-0    ] <= [2.5]
                T7:1              <= [2.5]: 'OK'
                T7:1[    0-0    ] <= [2.5]
                T7:1              <= [2.5]: 'OK'
                T7:1[    0-0    ] <= [2.5]
                T7:1              <= [2.5]: 'OK'
                T7:1[    0-0    ] <= [2.5]
                T7:1              <= [2.5]: 'OK'
                T7:1[    0-0    ] <= [2.5]
                T7:1              <= [2.5]: 'OK'
                T7:1[    0-0    ] <= [2.5]
                T7:1              <= [2.5]: 'OK'
                T7:1[    0-0    ] <= [2.5]
                T7:1              <= [2.5]: 'OK'
                T7:1[    0-0    ] <= [2.5]
                T7:1[    0-0    ] <= [2.5]
                T7:1              <= [2.5]: 'OK'
                T7:1              <= [2.5]: 'OK'
                T7:1[    0-0    ] <= [2.5]
                T7:1              <= [2.5]: 'OK'
                T7:1[    0-0    ] <= [2.5]
                T7:1              <= [2.5]: 'OK'
                T7:1[    0-0    ] <= [2.5]
                T7:1[    0-0    ] <= [2.5]
                T7:1              <= [2.5]: 'OK'
                T7:1              <= [0.571766248888878]: 'OK'
                T7:1[    0-0    ] <= [0.5717662572860718]
                T7:1[    0-0    ] <= [0.5717662572860718]
                T7:1              <= [0.571766248888878]: 'OK'
                T7:1              <= [0.571766248888878]: 'OK'
                T7:1[    0-0    ] <= [0.5717662572860718]
                T7:1              <= [0.571766248888878]: 'OK'
                T7:1[    0-0    ] <= [0.5717662572860718]
                T7:1              <= [0.571766248888878]: 'OK'
                T7:1[    0-0    ] <= [0.5717662572860718]
                T7:1              <= [0.571766248888878]: 'OK'
                T7:1[    0-0    ] <= [0.5717662572860718]
                T7:1              <= [0.571766248888878]: 'OK'
                T7:1[    0-0    ] <= [0.5717662572860718]
                T7:1              <= [0.571766248888878]: 'OK'
                T7:1[    0-0    ] <= [0.5717662572860718]
                T7:1              <= [0.571766248888878]: 'OK'
                T7:1[    0-0    ] <= [0.5717662572860718]
                T7:1              <= [0.453537671272343]: 'OK'
                T7:1[    0-0    ] <= [0.4535376727581024]
                T7:1              <= [0.453537671272343]: 'OK'
                T7:1[    0-0    ] <= [0.4535376727581024]
                T7:1              <= [0.453537671272343]: 'OK'
                T7:1[    0-0    ] <= [0.4535376727581024]
                T7:1              <= [0.453537671272343]: 'OK'
                T7:1[    0-0    ] <= [0.4535376727581024]
                T7:1[    0-0    ] <= [0.4535376727581024]
                T7:1              <= [0.453537671272343]: 'OK'
                T7:1              <= [0.453537671272343]: 'OK'
                T7:1[    0-0    ] <= [0.4535376727581024]
                T7:1              <= [0.453537671272343]: 'OK'
                T7:1[    0-0    ] <= [0.4535376727581024]
                T7:1              <= [0.453537671272343]: 'OK'
                T7:1[    0-0    ] <= [0.4535376727581024]
                T7:1              <= [0.453537671272343]: 'OK'
                T7:1[    0-0    ] <= [0.4535376727581024]
                T7:1              <= [0.335635525770442]: 'OK'
                T7:1[    0-0    ] <= [0.3356355130672455]
                T7:1[    0-0    ] <= [0.3356355130672455]
                T7:1              <= [0.335635525770442]: 'OK'
                T7:1              <= [0.335635525770442]: 'OK'
                T7:1[    0-0    ] <= [0.3356355130672455]
                T7:1[    0-0    ] <= [0.3356355130672455]
                T7:1              <= [0.335635525770442]: 'OK'
                T7:1              <= [0.335635525770442]: 'OK'
                T7:1[    0-0    ] <= [0.3356355130672455]
                T7:1              <= [0.335635525770442]: 'OK'
                T7:1[    0-0    ] <= [0.3356355130672455]
                T7:1              <= [0.335635525770442]: 'OK'
                T7:1[    0-0    ] <= [0.3356355130672455]
                T7:1[    0-0    ] <= [0.3356355130672455]
                T7:1              <= [0.335635525770442]: 'OK'
                T7:1[    0-0    ] <= [0.47054043412208557]
                T7:1              <= [0.470540440360253]: 'OK'
                T7:1              <= [0.470540440360253]: 'OK'
                T7:1[    0-0    ] <= [0.47054043412208557]
                T7:1              <= [0.470540440360253]: 'OK'
                T7:1[    0-0    ] <= [0.47054043412208557]
                T7:1[    0-0    ] <= [0.47054043412208557]
                T7:1              <= [0.470540440360253]: 'OK'
                T7:1              <= [0.470540440360253]: 'OK'
                T7:1[    0-0    ] <= [0.47054043412208557]
                T7:1              <= [0.470540440360253]: 'OK'
                T7:1[    0-0    ] <= [0.47054043412208557]
                T7:1              <= [0.470540440360253]: 'OK'
                T7:1[    0-0    ] <= [0.47054043412208557]
                T7:1              <= [0.470540440360253]: 'OK'
                T7:1[    0-0    ] <= [0.47054043412208557]
                T7:1              <= [0.470540440360253]: 'OK'
                T7:1[    0-0    ] <= [0.47054043412208557]
                T7:1[    0-0    ] <= [0.6051252484321594]
                T7:1              <= [0.605125219959618]: 'OK'
                T7:1[    0-0    ] <= [0.6051252484321594]
                T7:1              <= [0.605125219959618]: 'OK'
                T7:1[    0-0    ] <= [0.6051252484321594]
                T7:1              <= [0.605125219959618]: 'OK'
                T7:1              <= [0.605125219959618]: 'OK'
                T7:1[    0-0    ] <= [0.6051252484321594]
                T7:1              <= [0.605125219959618]: 'OK'
                T7:1[    0-0    ] <= [0.6051252484321594]
                T7:1              <= [0.605125219959618]: 'OK'
                T7:1[    0-0    ] <= [0.6051252484321594]
                T7:1              <= [0.605125219959618]: 'OK'
                T7:1[    0-0    ] <= [0.6051252484321594]
                T7:1              <= [0.605125219959618]: 'OK'
                T7:1[    0-0    ] <= [0.6051252484321594]
                T7:1              <= [0.605125219959618]: 'OK'
                T7:1[    0-0    ] <= [0.6051252484321594]
                T7:1              <= [0.605125219959618]: 'OK'
                T7:1[    0-0    ] <= [0.6051252484321594]
                T7:1              <= [0.739391041085042]: 'OK'
                T7:1[    0-0    ] <= [0.739391028881073]
                T7:1              <= [0.739391041085042]: 'OK'
                T7:1[    0-0    ] <= [0.739391028881073]
                T7:1              <= [0.739391041085042]: 'OK'
                T7:1[    0-0    ] <= [0.739391028881073]
                T7:1              <= [0.739391041085042]: 'OK'
                T7:1[    0-0    ] <= [0.739391028881073]
                T7:1              <= [0.739391041085042]: 'OK'
                T7:1[    0-0    ] <= [0.739391028881073]
                T7:1              <= [0.739391041085042]: 'OK'
                T7:1[    0-0    ] <= [0.739391028881073]
                T7:1              <= [0.739391041085042]: 'OK'
                T7:1[    0-0    ] <= [0.739391028881073]
                T7:1              <= [0.739391041085042]: 'OK'
                T7:1[    0-0    ] <= [0.739391028881073]
                T7:1              <= [0.739391041085042]: 'OK'
                T7:1[    0-0    ] <= [0.739391028881073]
                T7:1              <= [0.739391041085042]: 'OK'
                T7:1[    0-0    ] <= [0.739391028881073]
                T7:1              <= [0.873339054080063]: 'OK'
                T7:1[    0-0    ] <= [0.873339056968689]
DEBUG get_query: SELECT value FROM ctown WHERE name = ? AND pid = ?
DEBUG set_query: UPDATE ctown SET value = ? WHERE name = ? AND pid = ?
DEBUG EnipProtocol server addr:  192.168.1.1
DEBUG: concatenating server address with default port.
DEBUG enip server tags_string:  T7:1=REAL ATT_1:1=REAL ATT_2:1=REAL 
DEBUG enip _start_server cmd:  ['/usr/bin/python', '-m', 'cpppo.server.enip', '--print', '--log', 'logs/protocols_tests_enip_server', '--address', '192.168.1.1:44818', 'T7:1=REAL', 'ATT_1:1=REAL', 'ATT_2:1=REAL']
DEBUG: plc9 enters pre_loop
Week index in PLC9 is: 12
Tank Level 2.500000 
ITERATION 1 ------------- 
Tank Level 2.500000 
ITERATION 2 ------------- 
Tank Level 2.500000 
ITERATION 3 ------------- 
Tank Level 2.500000 
ITERATION 4 ------------- 
Tank Level 2.500000 
ITERATION 5 ------------- 
Tank Level 2.500000 
ITERATION 6 ------------- 
Tank Level 2.500000 
ITERATION 7 ------------- 
Tank Level 2.500000 
ITERATION 8 ------------- 
Tank Level 2.500000 
ITERATION 9 ------------- 
Tank Level 2.500000 
ITERATION 10 ------------- 
Tank Level 2.500000 
ITERATION 11 ------------- 
Tank Level 2.500000 
ITERATION 12 ------------- 
Tank Level 2.500000 
ITERATION 13 ------------- 
Tank Level 2.500000 
ITERATION 14 ------------- 
Tank Level 2.500000 
ITERATION 15 ------------- 
Tank Level 2.500000 
ITERATION 16 ------------- 
Tank Level 0.571766 
ITERATION 17 ------------- 
Tank Level 0.571766 
ITERATION 18 ------------- 
Tank Level 0.571766 
ITERATION 19 ------------- 
Tank Level 0.571766 
ITERATION 20 ------------- 
Tank Level 0.571766 
ITERATION 21 ------------- 
Tank Level 0.571766 
ITERATION 22 ------------- 
Tank Level 0.571766 
ITERATION 23 ------------- 
Tank Level 0.571766 
ITERATION 24 ------------- 
Tank Level 0.571766 
ITERATION 25 ------------- 
Tank Level 0.453538 
ITERATION 26 ------------- 
Tank Level 0.453538 
ITERATION 27 ------------- 
Tank Level 0.453538 
ITERATION 28 ------------- 
Tank Level 0.453538 
ITERATION 29 ------------- 
Tank Level 0.453538 
ITERATION 30 ------------- 
Tank Level 0.453538 
ITERATION 31 ------------- 
Tank Level 0.453538 
ITERATION 32 ------------- 
Tank Level 0.453538 
ITERATION 33 ------------- 
Tank Level 0.453538 
ITERATION 34 ------------- 
Tank Level 0.335636 
ITERATION 35 ------------- 
Tank Level 0.335636 
ITERATION 36 ------------- 
Tank Level 0.335636 
ITERATION 37 ------------- 
Tank Level 0.335636 
ITERATION 38 ------------- 
Tank Level 0.335636 
ITERATION 39 ------------- 
Tank Level 0.335636 
ITERATION 40 ------------- 
Tank Level 0.335636 
ITERATION 41 ------------- 
Tank Level 0.335636 
ITERATION 42 ------------- 
Tank Level 0.470540 
ITERATION 43 ------------- 
Tank Level 0.470540 
ITERATION 44 ------------- 
Tank Level 0.470540 
ITERATION 45 ------------- 
Tank Level 0.470540 
ITERATION 46 ------------- 
Tank Level 0.470540 
ITERATION 47 ------------- 
Tank Level 0.470540 
ITERATION 48 ------------- 
Tank Level 0.470540 
ITERATION 49 ------------- 
Tank Level 0.470540 
ITERATION 50 ------------- 
Tank Level 0.470540 
ITERATION 51 ------------- 
Tank Level 0.605125 
ITERATION 52 ------------- 
Tank Level 0.605125 
ITERATION 53 ------------- 
Tank Level 0.605125 
ITERATION 54 ------------- 
Tank Level 0.605125 
ITERATION 55 ------------- 
Tank Level 0.605125 
ITERATION 56 ------------- 
Tank Level 0.605125 
ITERATION 57 ------------- 
Tank Level 0.605125 
ITERATION 58 ------------- 
Tank Level 0.605125 
ITERATION 59 ------------- 
Tank Level 0.605125 
ITERATION 60 ------------- 
Tank Level 0.605125 
ITERATION 61 ------------- 
Tank Level 0.739391 
ITERATION 62 ------------- 
Tank Level 0.739391 
ITERATION 63 ------------- 
Tank Level 0.739391 
ITERATION 64 ------------- 
Tank Level 0.739391 
ITERATION 65 ------------- 
Tank Level 0.739391 
ITERATION 66 ------------- 
Tank Level 0.739391 
ITERATION 67 ------------- 
Tank Level 0.739391 
ITERATION 68 ------------- 
Tank Level 0.739391 
ITERATION 69 ------------- 
Tank Level 0.739391 
ITERATION 70 ------------- 
Tank Level 0.739391 
ITERATION 71 ------------- 
Tank Level 0.873339 
ITERATION 72 ------------- 
Ta                T7:1              <= [0.873339054080063]: 'OK'
                T7:1[    0-0    ] <= [0.873339056968689]
                T7:1              <= [0.873339054080063]: 'OK'
                T7:1[    0-0    ] <= [0.873339056968689]
                T7:1              <= [0.873339054080063]: 'OK'
                T7:1[    0-0    ] <= [0.873339056968689]
                T7:1              <= [0.873339054080063]: 'OK'
                T7:1[    0-0    ] <= [0.873339056968689]
                T7:1              <= [0.873339054080063]: 'OK'
                T7:1[    0-0    ] <= [0.873339056968689]
                T7:1              <= [0.873339054080063]: 'OK'
                T7:1[    0-0    ] <= [0.873339056968689]
                T7:1[    0-0    ] <= [0.873339056968689]
                T7:1              <= [0.873339054080063]: 'OK'
                T7:1[    0-0    ] <= [0.873339056968689]
                T7:1              <= [0.873339054080063]: 'OK'
                T7:1              <= [1.00697038492471]: 'OK'
                T7:1[    0-0    ] <= [1.0069704055786133]
                T7:1              <= [1.00697038492471]: 'OK'
                T7:1[    0-0    ] <= [1.0069704055786133]
                T7:1              <= [1.00697038492471]: 'OK'
                T7:1[    0-0    ] <= [1.0069704055786133]
                T7:1              <= [1.00697038492471]: 'OK'
                T7:1[    0-0    ] <= [1.0069704055786133]
                T7:1[    0-0    ] <= [1.0069704055786133]
                T7:1              <= [1.00697038492471]: 'OK'
                T7:1[    0-0    ] <= [1.0069704055786133]
                T7:1              <= [1.00697038492471]: 'OK'
                T7:1              <= [1.00697038492471]: 'OK'
                T7:1[    0-0    ] <= [1.0069704055786133]
                T7:1              <= [1.00697038492471]: 'OK'
                T7:1[    0-0    ] <= [1.0069704055786133]
                T7:1[    0-0    ] <= [1.1402860879898071]
                T7:1              <= [1.14028613686611]: 'OK'
                T7:1              <= [1.14028613686611]: 'OK'
                T7:1[    0-0    ] <= [1.1402860879898071]
                T7:1              <= [1.14028613686611]: 'OK'
                T7:1[    0-0    ] <= [1.1402860879898071]
                T7:1              <= [1.14028613686611]: 'OK'
                T7:1[    0-0    ] <= [1.1402860879898071]
                T7:1              <= [1.14028613686611]: 'OK'
                T7:1[    0-0    ] <= [1.1402860879898071]
                T7:1              <= [1.14028613686611]: 'OK'
                T7:1[    0-0    ] <= [1.1402860879898071]
                T7:1              <= [1.14028613686611]: 'OK'
                T7:1[    0-0    ] <= [1.1402860879898071]
                T7:1              <= [1.14028613686611]: 'OK'
                T7:1[    0-0    ] <= [1.1402860879898071]
                T7:1              <= [1.27328739189248]: 'OK'
                T7:1[    0-0    ] <= [1.2732874155044556]
                T7:1              <= [1.27328739189248]: 'OK'
                T7:1[    0-0    ] <= [1.2732874155044556]
                T7:1              <= [1.27328739189248]: 'OK'
                T7:1[    0-0    ] <= [1.2732874155044556]
                T7:1              <= [1.27328739189248]: 'OK'
                T7:1[    0-0    ] <= [1.2732874155044556]
                T7:1[    0-0    ] <= [1.2732874155044556]
                T7:1              <= [1.27328739189248]: 'OK'
                T7:1              <= [1.27328739189248]: 'OK'
                T7:1[    0-0    ] <= [1.2732874155044556]
                T7:1              <= [1.27328739189248]: 'OK'
                T7:1[    0-0    ] <= [1.2732874155044556]
                T7:1              <= [1.27328739189248]: 'OK'
                T7:1[    0-0    ] <= [1.2732874155044556]
                T7:1              <= [1.4059752120699]: 'OK'
                T7:1[    0-0    ] <= [1.4059752225875854]
                T7:1              <= [1.4059752120699]: 'OK'
                T7:1[    0-0    ] <= [1.4059752225875854]
                T7:1              <= [1.4059752120699]: 'OK'
                T7:1[    0-0    ] <= [1.4059752225875854]
                T7:1              <= [1.4059752120699]: 'OK'
                T7:1[    0-0    ] <= [1.4059752225875854]
                T7:1              <= [1.4059752120699]: 'OK'
                T7:1[    0-0    ] <= [1.4059752225875854]
                T7:1              <= [1.4059752120699]: 'OK'
                T7:1[    0-0    ] <= [1.4059752225875854]
                T7:1              <= [1.4059752120699]: 'OK'
                T7:1[    0-0    ] <= [1.4059752225875854]
                T7:1[    0-0    ] <= [1.4059752225875854]
                T7:1              <= [1.4059752120699]: 'OK'
                T7:1              <= [1.4059752120699]: 'OK'
                T7:1[    0-0    ] <= [1.4059752225875854]
                T7:1              <= [1.538350640758]: 'OK'
                T7:1[    0-0    ] <= [1.5383505821228027]
                T7:1              <= [1.538350640758]: 'OK'
                T7:1[    0-0    ] <= [1.5383505821228027]
                T7:1              <= [1.538350640758]: 'OK'
                T7:1[    0-0    ] <= [1.5383505821228027]
                T7:1              <= [1.538350640758]: 'OK'
                T7:1[    0-0    ] <= [1.5383505821228027]
                T7:1              <= [1.538350640758]: 'OK'
                T7:1[    0-0    ] <= [1.5383505821228027]
                T7:1              <= [1.538350640758]: 'OK'
                T7:1[    0-0    ] <= [1.5383505821228027]
                T7:1              <= [1.538350640758]: 'OK'
                T7:1[    0-0    ] <= [1.5383505821228027]
                T7:1              <= [1.538350640758]: 'OK'
                T7:1[    0-0    ] <= [1.5383505821228027]
                T7:1              <= [1.538350640758]: 'OK'
                T7:1[    0-0    ] <= [1.5383505821228027]
                T7:1[    0-0    ] <= [1.5383505821228027]
                T7:1              <= [1.538350640758]: 'OK'
                T7:1              <= [1.67041470371842]: 'OK'
                T7:1[    0-0    ] <= [1.670414686203003]
                T7:1[    0-0    ] <= [1.670414686203003]
                T7:1              <= [1.67041470371842]: 'OK'
                T7:1              <= [1.67041470371842]: 'OK'
                T7:1[    0-0    ] <= [1.670414686203003]
                T7:1              <= [1.67041470371842]: 'OK'
                T7:1[    0-0    ] <= [1.670414686203003]
                T7:1[    0-0    ] <= [1.670414686203003]
                T7:1              <= [1.67041470371842]: 'OK'
                T7:1[    0-0    ] <= [1.670414686203003]
                T7:1              <= [1.67041470371842]: 'OK'
                T7:1              <= [1.67041470371842]: 'OK'
                T7:1[    0-0    ] <= [1.670414686203003]
                T7:1              <= [1.67041470371842]: 'OK'
                T7:1[    0-0    ] <= [1.670414686203003]
                T7:1              <= [1.82433504029677]: 'OK'
                T7:1[    0-0    ] <= [1.8243350982666016]
                T7:1              <= [1.82433504029677]: 'OK'
                T7:1[    0-0    ] <= [1.8243350982666016]
                T7:1[    0-0    ] <= [1.8243350982666016]
                T7:1              <= [1.82433504029677]: 'OK'
                T7:1              <= [1.82433504029677]: 'OK'
                T7:1[    0-0    ] <= [1.8243350982666016]
                T7:1              <= [1.82433504029677]: 'OK'
                T7:1[    0-0    ] <= [1.8243350982666016]
                T7:1              <= [1.82433504029677]: 'OK'
                T7:1[    0-0    ] <= [1.8243350982666016]
                T7:1              <= [1.82433504029677]: 'OK'
                T7:1[    0-0    ] <= [1.8243350982666016]
                T7:1              <= [1.82433504029677]: 'OK'
                T7:1[    0-0    ] <= [1.8243350982666016]
                T7:1              <= [1.82433504029677]: 'OK'
                T7:1[    0-0    ] <= [1.8243350982666016]
                T7:1              <= [1.97790012915088]: 'OK'
                T7:1[    0-0    ] <= [1.9779001474380493]
                T7:1              <= [1.97790012915088]: 'OK'
                T7:1[    0-0    ] <= [1.9779001474380493]
                T7:1              <= [1.97790012915088]: 'OK'
                T7:1[    0-0    ] <= [1.9779001474380493]
                T7:1              <= [1.97790012915088]: 'OK'
                T7:1[    0-0    ] <= [1.9779001474380493]
                T7:1              <= [1.97790012915088]: 'OK'
                T7:1[    0-0    ] <= [1.9779001474380493]
                T7:1              <= [1.97790012915088]: 'OK'
                T7:1[    0-0    ] <= [1.9779001474380493]
                T7:1[    0-0    ] <= [1.9779001474380493]
                T7:1              <= [1.97790012915088]: 'OK'
                T7:1              <= [2.13111094289221]: 'OK'
                T7:1[    0-0    ] <= [2.131110906600952]
                T7:1              <= [2.13111094289221]: 'OK'
                T7:1[    0-0    ] <= [2.131110906600952]
                T7:1              <= [2.13111094289221]: 'OK'
                T7:1[    0-0    ] <= [2.131110906600952]
                T7:1              <= [2.13111094289221]: 'OK'
                T7:1[    0-0    ] <= [2.131110906600952]
                T7:1              <= [2.13111094289221]: 'OK'
                T7:1[    0-0    ] <= [2.131110906600952]
                T7:1              <= [2.13111094289221]: 'OK'
                T7:1[    0-0    ] <= [2.131110906600952]
                T7:1              <= [2.13111094289221]: 'OK'
                T7:1[    0-0    ] <= [2.131110906600952]
nk Level 0.873339 
ITERATION 73 ------------- 
Tank Level 0.873339 
ITERATION 74 ------------- 
Tank Level 0.873339 
ITERATION 75 ------------- 
Tank Level 0.873339 
ITERATION 76 ------------- 
Tank Level 0.873339 
ITERATION 77 ------------- 
Tank Level 0.873339 
ITERATION 78 ------------- 
Tank Level 0.873339 
ITERATION 79 ------------- 
Tank Level 0.873339 
ITERATION 80 ------------- 
Tank Level 1.006970 
ITERATION 81 ------------- 
Tank Level 1.006970 
ITERATION 82 ------------- 
Tank Level 1.006970 
ITERATION 83 ------------- 
Tank Level 1.006970 
ITERATION 84 ------------- 
Tank Level 1.006970 
ITERATION 85 ------------- 
Tank Level 1.006970 
ITERATION 86 ------------- 
Tank Level 1.006970 
ITERATION 87 ------------- 
Tank Level 1.006970 
ITERATION 88 ------------- 
Tank Level 1.140286 
ITERATION 89 ------------- 
Tank Level 1.140286 
ITERATION 90 ------------- 
Tank Level 1.140286 
ITERATION 91 ------------- 
Tank Level 1.140286 
ITERATION 92 ------------- 
Tank Level 1.140286 
ITERATION 93 ------------- 
Tank Level 1.140286 
ITERATION 94 ------------- 
Tank Level 1.140286 
ITERATION 95 ------------- 
Tank Level 1.140286 
ITERATION 96 ------------- 
Tank Level 1.273287 
ITERATION 97 ------------- 
Tank Level 1.273287 
ITERATION 98 ------------- 
Tank Level 1.273287 
ITERATION 99 ------------- 
Tank Level 1.273287 
ITERATION 100 ------------- 
Tank Level 1.273287 
ITERATION 101 ------------- 
Tank Level 1.273287 
ITERATION 102 ------------- 
Tank Level 1.273287 
ITERATION 103 ------------- 
Tank Level 1.273287 
ITERATION 104 ------------- 
Tank Level 1.405975 
ITERATION 105 ------------- 
Tank Level 1.405975 
ITERATION 106 ------------- 
Tank Level 1.405975 
ITERATION 107 ------------- 
Tank Level 1.405975 
ITERATION 108 ------------- 
Tank Level 1.405975 
ITERATION 109 ------------- 
Tank Level 1.405975 
ITERATION 110 ------------- 
Tank Level 1.405975 
ITERATION 111 ------------- 
Tank Level 1.405975 
ITERATION 112 ------------- 
Tank Level 1.405975 
ITERATION 113 ------------- 
Tank Level 1.538351 
ITERATION 114 ------------- 
Tank Level 1.538351 
ITERATION 115 ------------- 
Tank Level 1.538351 
ITERATION 116 ------------- 
Tank Level 1.538351 
ITERATION 117 ------------- 
Tank Level 1.538351 
ITERATION 118 ------------- 
Tank Level 1.538351 
ITERATION 119 ------------- 
Tank Level 1.538351 
ITERATION 120 ------------- 
Tank Level 1.538351 
ITERATION 121 ------------- 
Tank Level 1.538351 
ITERATION 122 ------------- 
Tank Level 1.538351 
ITERATION 123 ------------- 
Tank Level 1.670415 
ITERATION 124 ------------- 
Tank Level 1.670415 
ITERATION 125 ------------- 
Tank Level 1.670415 
ITERATION 126 ------------- 
Tank Level 1.670415 
ITERATION 127 ------------- 
Tank Level 1.670415 
ITERATION 128 ------------- 
Tank Level 1.670415 
ITERATION 129 ------------- 
Tank Level 1.670415 
ITERATION 130 ------------- 
Tank Level 1.670415 
ITERATION 131 ------------- 
Tank Level 1.824335 
ITERATION 132 ------------- 
Tank Level 1.824335 
ITERATION 133 ------------- 
Tank Level 1.824335 
ITERATION 134 ------------- 
Tank Level 1.824335 
ITERATION 135 ------------- 
Tank Level 1.824335 
ITERATION 136 ------------- 
Tank Level 1.824335 
ITERATION 137 ------------- 
Tank Level 1.824335 
ITERATION 138 ------------- 
Tank Level 1.824335 
ITERATION 139 ------------- 
Tank Level 1.824335 
ITERATION 140 ------------- 
Tank Level 1.977900 
ITERATION 141 ------------- 
Tank Level 1.977900 
ITERATION 142 ------------- 
Tank Level 1.977900 
ITERATION 143 ------------- 
Tank Level 1.977900 
ITERATION 144 ------------- 
Tank Level 1.977900 
ITERATION 145 ------------- 
Tank Level 1.977900 
ITERATION 146 ------------- 
Tank Level 1.977900 
ITERATION 147 ------------- 
Tank Level 2.131111 
ITERATION 148 ------------- 
Tank Level 2.131111 
ITERATION 149 ------------- 
Tank Level 2.131111 
ITERATION 150 ------------- 
Tank Level 2.131111 
ITERATION 151 ------------- 
Tank Level 2.131111 
ITERATION 152 ------------- 
Tank Level 2.131111 
ITERATION 153 ------------- 
Tank Level 2.131111 
ITERATION 154 ------------- 
Tank Level 2.131111 
ITER                T7:1              <= [2.13111094289221]: 'OK'
                T7:1[    0-0    ] <= [2.131110906600952]
                T7:1              <= [2.28396843973451]: 'OK'
                T7:1[    0-0    ] <= [2.283968448638916]
                T7:1              <= [2.28396843973451]: 'OK'
                T7:1[    0-0    ] <= [2.283968448638916]
                T7:1[    0-0    ] <= [2.283968448638916]
                T7:1              <= [2.28396843973451]: 'OK'
                T7:1              <= [2.28396843973451]: 'OK'
                T7:1[    0-0    ] <= [2.283968448638916]
                T7:1              <= [2.28396843973451]: 'OK'
                T7:1[    0-0    ] <= [2.283968448638916]
                T7:1              <= [2.28396843973451]: 'OK'
                T7:1[    0-0    ] <= [2.283968448638916]
                T7:1              <= [2.28396843973451]: 'OK'
                T7:1[    0-0    ] <= [2.283968448638916]
                T7:1              <= [2.28396843973451]: 'OK'
                T7:1[    0-0    ] <= [2.283968448638916]
                T7:1              <= [2.28396843973451]: 'OK'
                T7:1[    0-0    ] <= [2.283968448638916]
                T7:1[    0-0    ] <= [2.283968448638916]
                T7:1              <= [2.28396843973451]: 'OK'
                T7:1              <= [2.43647356432969]: 'OK'
                T7:1[    0-0    ] <= [2.4364736080169678]
                T7:1              <= [2.43647356432969]: 'OK'
                T7:1[    0-0    ] <= [2.4364736080169678]
                T7:1              <= [2.43647356432969]: 'OK'
                T7:1[    0-0    ] <= [2.4364736080169678]
                T7:1              <= [2.43647356432969]: 'OK'
                T7:1[    0-0    ] <= [2.4364736080169678]
                T7:1              <= [2.43647356432969]: 'OK'
                T7:1[    0-0    ] <= [2.4364736080169678]
                T7:1              <= [2.43647356432969]: 'OK'
                T7:1[    0-0    ] <= [2.4364736080169678]
                T7:1[    0-0    ] <= [2.4364736080169678]
                T7:1              <= [2.43647356432969]: 'OK'
                T7:1              <= [2.43647356432969]: 'OK'
                T7:1[    0-0    ] <= [2.4364736080169678]
                T7:1              <= [2.43647356432969]: 'OK'
                T7:1[    0-0    ] <= [2.4364736080169678]
                T7:1              <= [2.5886272485341]: 'OK'
                T7:1[    0-0    ] <= [2.588627338409424]
                T7:1              <= [2.5886272485341]: 'OK'
                T7:1[    0-0    ] <= [2.588627338409424]
                T7:1              <= [2.5886272485341]: 'OK'
                T7:1[    0-0    ] <= [2.588627338409424]
                T7:1              <= [2.5886272485341]: 'OK'
                T7:1[    0-0    ] <= [2.588627338409424]
                T7:1              <= [2.5886272485341]: 'OK'
                T7:1[    0-0    ] <= [2.588627338409424]
                T7:1              <= [2.5886272485341]: 'OK'
                T7:1[    0-0    ] <= [2.588627338409424]
                T7:1[    0-0    ] <= [2.588627338409424]
                T7:1              <= [2.5886272485341]: 'OK'
                T7:1              <= [2.5886272485341]: 'OK'
                T7:1[    0-0    ] <= [2.588627338409424]
                T7:1              <= [2.74043041211259]: 'OK'
                T7:1[    0-0    ] <= [2.7404303550720215]
                T7:1[    0-0    ] <= [2.7404303550720215]
                T7:1              <= [2.74043041211259]: 'OK'
                T7:1              <= [2.74043041211259]: 'OK'
                T7:1[    0-0    ] <= [2.7404303550720215]
                T7:1[    0-0    ] <= [2.7404303550720215]
                T7:1              <= [2.74043041211259]: 'OK'
                T7:1              <= [2.74043041211259]: 'OK'
                T7:1[    0-0    ] <= [2.7404303550720215]
                T7:1              <= [2.74043041211259]: 'OK'
                T7:1[    0-0    ] <= [2.7404303550720215]
                T7:1              <= [2.74043041211259]: 'OK'
                T7:1[    0-0    ] <= [2.7404303550720215]
                T7:1              <= [2.74043041211259]: 'OK'
                T7:1[    0-0    ] <= [2.7404303550720215]
                T7:1              <= [2.74043041211259]: 'OK'
                T7:1[    0-0    ] <= [2.7404303550720215]
                T7:1              <= [2.74043041211259]: 'OK'
                T7:1[    0-0    ] <= [2.7404303550720215]
                T7:1              <= [2.74043041211259]: 'OK'
                T7:1[    0-0    ] <= [2.7404303550720215]
                T7:1              <= [2.89188396338689]: 'OK'
                T7:1[    0-0    ] <= [2.8918838500976562]
                T7:1[    0-0    ] <= [2.8918838500976562]
                T7:1              <= [2.89188396338689]: 'OK'
                T7:1              <= [2.89188396338689]: 'OK'
                T7:1[    0-0    ] <= [2.8918838500976562]
                T7:1              <= [2.89188396338689]: 'OK'
                T7:1[    0-0    ] <= [2.8918838500976562]
                T7:1              <= [2.89188396338689]: 'OK'
                T7:1[    0-0    ] <= [2.8918838500976562]
                T7:1              <= [2.89188396338689]: 'OK'
                T7:1[    0-0    ] <= [2.8918838500976562]
                T7:1              <= [2.89188396338689]: 'OK'
                T7:1[    0-0    ] <= [2.8918838500976562]
                T7:1              <= [2.89188396338689]: 'OK'
                T7:1[    0-0    ] <= [2.8918838500976562]
                T7:1              <= [2.89188396338689]: 'OK'
                T7:1[    0-0    ] <= [2.8918838500976562]
                T7:1[    0-0    ] <= [3.0429887771606445]
                T7:1              <= [3.04298879983385]: 'OK'
                T7:1              <= [3.04298879983385]: 'OK'
                T7:1[    0-0    ] <= [3.0429887771606445]
                T7:1              <= [3.04298879983385]: 'OK'
                T7:1[    0-0    ] <= [3.0429887771606445]
                T7:1              <= [3.04298879983385]: 'OK'
                T7:1[    0-0    ] <= [3.0429887771606445]
                T7:1              <= [3.04298879983385]: 'OK'
                T7:1[    0-0    ] <= [3.0429887771606445]
                T7:1              <= [3.04298879983385]: 'OK'
                T7:1[    0-0    ] <= [3.0429887771606445]
                T7:1              <= [3.04298879983385]: 'OK'
                T7:1[    0-0    ] <= [3.0429887771606445]
                T7:1              <= [3.04298879983385]: 'OK'
                T7:1[    0-0    ] <= [3.0429887771606445]
                T7:1              <= [3.04298879983385]: 'OK'
                T7:1[    0-0    ] <= [3.0429887771606445]
                T7:1              <= [3.19374580863858]: 'OK'
                T7:1[    0-0    ] <= [3.1937458515167236]
                T7:1[    0-0    ] <= [3.1937458515167236]
                T7:1              <= [3.19374580863858]: 'OK'
                T7:1              <= [3.19374580863858]: 'OK'
                T7:1[    0-0    ] <= [3.1937458515167236]
                T7:1              <= [3.19374580863858]: 'OK'
                T7:1[    0-0    ] <= [3.1937458515167236]
                T7:1              <= [3.19374580863858]: 'OK'
                T7:1[    0-0    ] <= [3.1937458515167236]
                T7:1              <= [3.19374580863858]: 'OK'
                T7:1[    0-0    ] <= [3.1937458515167236]
                T7:1              <= [3.19374580863858]: 'OK'
                T7:1[    0-0    ] <= [3.1937458515167236]
                T7:1              <= [3.19374580863858]: 'OK'
                T7:1[    0-0    ] <= [3.1937458515167236]
                T7:1[    0-0    ] <= [3.344155788421631]
                T7:1              <= [3.34415586720674]: 'OK'
                T7:1              <= [3.34415586720674]: 'OK'
                T7:1[    0-0    ] <= [3.344155788421631]
                T7:1              <= [3.34415586720674]: 'OK'
                T7:1[    0-0    ] <= [3.344155788421631]
                T7:1[    0-0    ] <= [3.344155788421631]
                T7:1              <= [3.34415586720674]: 'OK'
                T7:1              <= [3.34415586720674]: 'OK'
                T7:1[    0-0    ] <= [3.344155788421631]
                T7:1              <= [3.34415586720674]: 'OK'
                T7:1[    0-0    ] <= [3.344155788421631]
                T7:1              <= [3.34415586720674]: 'OK'
                T7:1[    0-0    ] <= [3.344155788421631]
                T7:1              <= [3.34415586720674]: 'OK'
                T7:1[    0-0    ] <= [3.344155788421631]
                T7:1[    0-0    ] <= [3.4085893630981445]
                T7:1              <= [3.40858947140268]: 'OK'
                T7:1              <= [3.40858947140268]: 'OK'
                T7:1[    0-0    ] <= [3.4085893630981445]
                T7:1              <= [3.40858947140268]: 'OK'
                T7:1[    0-0    ] <= [3.4085893630981445]
                T7:1              <= [3.40858947140268]: 'OK'
                T7:1[    0-0    ] <= [3.4085893630981445]
                T7:1              <= [3.40858947140268]: 'OK'
                T7:1[    0-0    ] <= [3.4085893630981445]
                T7:1[    0-0    ] <= [3.4085893630981445]
                T7:1              <= [3.40858947140268]: 'OK'
                T7:1              <= [3.40858947140268]: 'OK'
                T7:1[    0-0    ] <= [3.4085893630981445]
                T7:1              <= [3.40858947140268]: 'OK'
                T7:1[    0-0    ] <= [3.4085893630981445]
                T7:1              <= [3.40858947140268]: 'OK'
                T7:1[    0-0    ] <= [3.4085893630981445]
ATION 155 ------------- 
Tank Level 2.283968 
ITERATION 156 ------------- 
Tank Level 2.283968 
ITERATION 157 ------------- 
Tank Level 2.283968 
ITERATION 158 ------------- 
Tank Level 2.283968 
ITERATION 159 ------------- 
Tank Level 2.283968 
ITERATION 160 ------------- 
Tank Level 2.283968 
ITERATION 161 ------------- 
Tank Level 2.283968 
ITERATION 162 ------------- 
Tank Level 2.283968 
ITERATION 163 ------------- 
Tank Level 2.283968 
ITERATION 164 ------------- 
Tank Level 2.283968 
ITERATION 165 ------------- 
Tank Level 2.436474 
ITERATION 166 ------------- 
Tank Level 2.436474 
ITERATION 167 ------------- 
Tank Level 2.436474 
ITERATION 168 ------------- 
Tank Level 2.436474 
ITERATION 169 ------------- 
Tank Level 2.436474 
ITERATION 170 ------------- 
Tank Level 2.436474 
ITERATION 171 ------------- 
Tank Level 2.436474 
ITERATION 172 ------------- 
Tank Level 2.436474 
ITERATION 173 ------------- 
Tank Level 2.436474 
ITERATION 174 ------------- 
Tank Level 2.588627 
ITERATION 175 ------------- 
Tank Level 2.588627 
ITERATION 176 ------------- 
Tank Level 2.588627 
ITERATION 177 ------------- 
Tank Level 2.588627 
ITERATION 178 ------------- 
Tank Level 2.588627 
ITERATION 179 ------------- 
Tank Level 2.588627 
ITERATION 180 ------------- 
Tank Level 2.588627 
ITERATION 181 ------------- 
Tank Level 2.588627 
ITERATION 182 ------------- 
Tank Level 2.740430 
ITERATION 183 ------------- 
Tank Level 2.740430 
ITERATION 184 ------------- 
Tank Level 2.740430 
ITERATION 185 ------------- 
Tank Level 2.740430 
ITERATION 186 ------------- 
Tank Level 2.740430 
ITERATION 187 ------------- 
Tank Level 2.740430 
ITERATION 188 ------------- 
Tank Level 2.740430 
ITERATION 189 ------------- 
Tank Level 2.740430 
ITERATION 190 ------------- 
Tank Level 2.740430 
ITERATION 191 ------------- 
Tank Level 2.740430 
ITERATION 192 ------------- 
Tank Level 2.740430 
ITERATION 193 ------------- 
Tank Level 2.891884 
ITERATION 194 ------------- 
Tank Level 2.891884 
ITERATION 195 ------------- 
Tank Level 2.891884 
ITERATION 196 ------------- 
Tank Level 2.891884 
ITERATION 197 ------------- 
Tank Level 2.891884 
ITERATION 198 ------------- 
Tank Level 2.891884 
ITERATION 199 ------------- 
Tank Level 2.891884 
ITERATION 200 ------------- 
Tank Level 2.891884 
ITERATION 201 ------------- 
Tank Level 2.891884 
ITERATION 202 ------------- 
Tank Level 3.042989 
ITERATION 203 ------------- 
Tank Level 3.042989 
ITERATION 204 ------------- 
Tank Level 3.042989 
ITERATION 205 ------------- 
Tank Level 3.042989 
ITERATION 206 ------------- 
Tank Level 3.042989 
ITERATION 207 ------------- 
Tank Level 3.042989 
ITERATION 208 ------------- 
Tank Level 3.042989 
ITERATION 209 ------------- 
Tank Level 3.042989 
ITERATION 210 ------------- 
Tank Level 3.042989 
ITERATION 211 ------------- 
Tank Level 3.193746 
ITERATION 212 ------------- 
Tank Level 3.193746 
ITERATION 213 ------------- 
Tank Level 3.193746 
ITERATION 214 ------------- 
Tank Level 3.193746 
ITERATION 215 ------------- 
Tank Level 3.193746 
ITERATION 216 ------------- 
Tank Level 3.193746 
ITERATION 217 ------------- 
Tank Level 3.193746 
ITERATION 218 ------------- 
Tank Level 3.193746 
ITERATION 219 ------------- 
Tank Level 3.344156 
ITERATION 220 ------------- 
Tank Level 3.344156 
ITERATION 221 ------------- 
Tank Level 3.344156 
ITERATION 222 ------------- 
Tank Level 3.344156 
ITERATION 223 ------------- 
Tank Level 3.344156 
ITERATION 224 ------------- 
Tank Level 3.344156 
ITERATION 225 ------------- 
Tank Level 3.344156 
ITERATION 226 ------------- 
Tank Level 3.344156 
ITERATION 227 ------------- 
Tank Level 3.408589 
ITERATION 228 ------------- 
Tank Level 3.408589 
ITERATION 229 ------------- 
Tank Level 3.408589 
ITERATION 230 ------------- 
Tank Level 3.408589 
ITERATION 231 ------------- 
Tank Level 3.408589 
ITERATION 232 ------------- 
Tank Level 3.408589 
ITERATION 233 ------------- 
Tank Level 3.408589 
ITERATION 234 ------------- 
Tank Level 3.408589 
ITERATION 235 ------------- 
Tank Level 3.408589 
ITERATION 236 ------------- 
Tank Level 3.408589 
                T7:1              <= [3.40858947140268]: 'OK'
                T7:1[    0-0    ] <= [3.4085893630981445]
                T7:1              <= [3.48686625809955]: 'OK'
                T7:1[    0-0    ] <= [3.4868662357330322]
                T7:1[    0-0    ] <= [3.4868662357330322]
                T7:1              <= [3.48686625809955]: 'OK'
                T7:1              <= [3.48686625809955]: 'OK'
                T7:1[    0-0    ] <= [3.4868662357330322]
                T7:1[    0-0    ] <= [3.4868662357330322]
                T7:1              <= [3.48686625809955]: 'OK'
                T7:1              <= [3.48686625809955]: 'OK'
                T7:1[    0-0    ] <= [3.4868662357330322]
                T7:1              <= [3.48686625809955]: 'OK'
                T7:1[    0-0    ] <= [3.4868662357330322]
                T7:1              <= [3.48686625809955]: 'OK'
                T7:1[    0-0    ] <= [3.4868662357330322]
                T7:1              <= [3.48686625809955]: 'OK'
                T7:1[    0-0    ] <= [3.4868662357330322]
                T7:1              <= [3.48686625809955]: 'OK'
                T7:1[    0-0    ] <= [3.4868662357330322]
                T7:1              <= [3.48686625809955]: 'OK'
                T7:1[    0-0    ] <= [3.4868662357330322]
                T7:1              <= [3.56500209470335]: 'OK'
                T7:1[    0-0    ] <= [3.565002202987671]
                T7:1              <= [3.56500209470335]: 'OK'
                T7:1[    0-0    ] <= [3.565002202987671]
                T7:1              <= [3.56500209470335]: 'OK'
                T7:1[    0-0    ] <= [3.565002202987671]
                T7:1              <= [3.56500209470335]: 'OK'
                T7:1[    0-0    ] <= [3.565002202987671]
                T7:1[    0-0    ] <= [3.565002202987671]
                T7:1              <= [3.56500209470335]: 'OK'
                T7:1[    0-0    ] <= [3.565002202987671]
                T7:1              <= [3.56500209470335]: 'OK'
                T7:1              <= [3.56500209470335]: 'OK'
                T7:1[    0-0    ] <= [3.565002202987671]
                T7:1              <= [3.56500209470335]: 'OK'
                T7:1[    0-0    ] <= [3.565002202987671]
                T7:1              <= [3.64299752376074]: 'OK'
                T7:1[    0-0    ] <= [3.6429975032806396]
                T7:1              <= [3.64299752376074]: 'OK'
                T7:1[    0-0    ] <= [3.6429975032806396]
                T7:1              <= [3.64299752376074]: 'OK'
                T7:1[    0-0    ] <= [3.6429975032806396]
                T7:1              <= [3.64299752376074]: 'OK'
                T7:1[    0-0    ] <= [3.6429975032806396]
                T7:1              <= [3.64299752376074]: 'OK'
                T7:1[    0-0    ] <= [3.6429975032806396]
                T7:1              <= [3.64299752376074]: 'OK'
                T7:1[    0-0    ] <= [3.6429975032806396]
                T7:1              <= [3.64299752376074]: 'OK'
                T7:1[    0-0    ] <= [3.6429975032806396]
                T7:1              <= [3.64299752376074]: 'OK'
                T7:1[    0-0    ] <= [3.6429975032806396]
                T7:1              <= [3.64299752376074]: 'OK'
                T7:1[    0-0    ] <= [3.6429975032806396]
                T7:1              <= [3.72085308417228]: 'OK'
                T7:1[    0-0    ] <= [3.720853090286255]
                T7:1              <= [3.72085308417228]: 'OK'
                T7:1[    0-0    ] <= [3.720853090286255]
                T7:1              <= [3.72085308417228]: 'OK'
                T7:1[    0-0    ] <= [3.720853090286255]
                T7:1              <= [3.72085308417228]: 'OK'
                T7:1[    0-0    ] <= [3.720853090286255]
                T7:1              <= [3.72085308417228]: 'OK'
                T7:1[    0-0    ] <= [3.720853090286255]
                T7:1              <= [3.72085308417228]: 'OK'
                T7:1[    0-0    ] <= [3.720853090286255]
                T7:1              <= [3.72085308417228]: 'OK'
                T7:1[    0-0    ] <= [3.720853090286255]
                T7:1              <= [3.72085308417228]: 'OK'
                T7:1[    0-0    ] <= [3.720853090286255]
                T7:1              <= [3.72085308417228]: 'OK'
                T7:1[    0-0    ] <= [3.720853090286255]
                T7:1              <= [3.79856931124932]: 'OK'
                T7:1[    0-0    ] <= [3.7985692024230957]
                T7:1              <= [3.79856931124932]: 'OK'
                T7:1[    0-0    ] <= [3.7985692024230957]
                T7:1              <= [3.79856931124932]: 'OK'
                T7:1[    0-0    ] <= [3.7985692024230957]
                T7:1[    0-0    ] <= [3.7985692024230957]
                T7:1              <= [3.79856931124932]: 'OK'
                T7:1[    0-0    ] <= [3.7985692024230957]
                T7:1              <= [3.79856931124932]: 'OK'
                T7:1[    0-0    ] <= [3.7985692024230957]
                T7:1              <= [3.79856931124932]: 'OK'
                T7:1              <= [3.79856931124932]: 'OK'
                T7:1[    0-0    ] <= [3.7985692024230957]
                T7:1              <= [3.79856931124932]: 'OK'
                T7:1[    0-0    ] <= [3.7985692024230957]
                T7:1              <= [3.79856931124932]: 'OK'
                T7:1[    0-0    ] <= [3.7985692024230957]
                T7:1              <= [3.87614673676921]: 'OK'
                T7:1[    0-0    ] <= [3.8761467933654785]
                T7:1              <= [3.87614673676921]: 'OK'
                T7:1[    0-0    ] <= [3.8761467933654785]
                T7:1              <= [3.87614673676921]: 'OK'
                T7:1[    0-0    ] <= [3.8761467933654785]
                T7:1[    0-0    ] <= [3.8761467933654785]
                T7:1              <= [3.87614673676921]: 'OK'
                T7:1              <= [3.87614673676921]: 'OK'
                T7:1[    0-0    ] <= [3.8761467933654785]
                T7:1              <= [3.87614673676921]: 'OK'
                T7:1[    0-0    ] <= [3.8761467933654785]
                T7:1              <= [3.87614673676921]: 'OK'
                T7:1[    0-0    ] <= [3.8761467933654785]
                T7:1              <= [3.87614673676921]: 'OK'
                T7:1[    0-0    ] <= [3.8761467933654785]
                T7:1              <= [3.87614673676921]: 'OK'
                T7:1[    0-0    ] <= [3.8761467933654785]
                T7:1[    0-0    ] <= [3.9535858631134033]
                T7:1              <= [3.9535858890287]: 'OK'
                T7:1              <= [3.9535858890287]: 'OK'
                T7:1[    0-0    ] <= [3.9535858631134033]
                T7:1              <= [3.9535858890287]: 'OK'
                T7:1[    0-0    ] <= [3.9535858631134033]
                T7:1              <= [3.9535858890287]: 'OK'
                T7:1[    0-0    ] <= [3.9535858631134033]
                T7:1              <= [3.9535858890287]: 'OK'
                T7:1[    0-0    ] <= [3.9535858631134033]
                T7:1[    0-0    ] <= [3.9535858631134033]
                T7:1              <= [3.9535858890287]: 'OK'
                T7:1              <= [3.9535858890287]: 'OK'
                T7:1[    0-0    ] <= [3.9535858631134033]
                T7:1              <= [3.9535858890287]: 'OK'
                T7:1[    0-0    ] <= [3.9535858631134033]
                T7:1              <= [3.9535858890287]: 'OK'
                T7:1[    0-0    ] <= [3.9535858631134033]
                T7:1              <= [3.9535858890287]: 'OK'
                T7:1[    0-0    ] <= [3.9535858631134033]
                T7:1              <= [3.9535858890287]: 'OK'
                T7:1[    0-0    ] <= [3.9535858631134033]
                T7:1              <= [3.9535858890287]: 'OK'
                T7:1[    0-0    ] <= [3.9535858631134033]
                T7:1              <= [3.9535858890287]: 'OK'
                T7:1[    0-0    ] <= [3.9535858631134033]
                T7:1              <= [3.9535858890287]: 'OK'
                T7:1[    0-0    ] <= [3.9535858631134033]
                T7:1              <= [4.01285029866011]: 'OK'
                T7:1[    0-0    ] <= [4.012850284576416]
                T7:1              <= [4.01285029866011]: 'OK'
                T7:1[    0-0    ] <= [4.012850284576416]
                T7:1              <= [4.01285029866011]: 'OK'
                T7:1[    0-0    ] <= [4.012850284576416]
                T7:1[    0-0    ] <= [4.012850284576416]
                T7:1              <= [4.01285029866011]: 'OK'
                T7:1              <= [4.01285029866011]: 'OK'
                T7:1[    0-0    ] <= [4.012850284576416]
                T7:1              <= [4.01285029866011]: 'OK'
                T7:1[    0-0    ] <= [4.012850284576416]
                T7:1              <= [4.01285029866011]: 'OK'
                T7:1[    0-0    ] <= [4.012850284576416]
                T7:1[    0-0    ] <= [4.012850284576416]
                T7:1              <= [4.01285029866011]: 'OK'
                T7:1              <= [4.01285029866011]: 'OK'
                T7:1[    0-0    ] <= [4.012850284576416]
                T7:1              <= [4.01285029866011]: 'OK'
                T7:1[    0-0    ] <= [4.012850284576416]
                T7:1              <= [4.03245568658977]: 'OK'
                T7:1[    0-0    ] <= [4.032455921173096]
                T7:1              <= [4.03245568658977]: 'OK'
                T7:1[    0-0    ] <= [4.032455921173096]
                T7:1              <= [4.03245568658977]: 'OK'
                T7:1[    0-0    ] <= [4.032455921173096]
ITERATION 237 ------------- 
Tank Level 3.486866 
ITERATION 238 ------------- 
Tank Level 3.486866 
ITERATION 239 ------------- 
Tank Level 3.486866 
ITERATION 240 ------------- 
Tank Level 3.486866 
ITERATION 241 ------------- 
Tank Level 3.486866 
ITERATION 242 ------------- 
Tank Level 3.486866 
ITERATION 243 ------------- 
Tank Level 3.486866 
ITERATION 244 ------------- 
Tank Level 3.486866 
ITERATION 245 ------------- 
Tank Level 3.486866 
ITERATION 246 ------------- 
Tank Level 3.486866 
ITERATION 247 ------------- 
Tank Level 3.565002 
ITERATION 248 ------------- 
Tank Level 3.565002 
ITERATION 249 ------------- 
Tank Level 3.565002 
ITERATION 250 ------------- 
Tank Level 3.565002 
ITERATION 251 ------------- 
Tank Level 3.565002 
ITERATION 252 ------------- 
Tank Level 3.565002 
ITERATION 253 ------------- 
Tank Level 3.565002 
ITERATION 254 ------------- 
Tank Level 3.565002 
ITERATION 255 ------------- 
Tank Level 3.642998 
ITERATION 256 ------------- 
Tank Level 3.642998 
ITERATION 257 ------------- 
Tank Level 3.642998 
ITERATION 258 ------------- 
Tank Level 3.642998 
ITERATION 259 ------------- 
Tank Level 3.642998 
ITERATION 260 ------------- 
Tank Level 3.642998 
ITERATION 261 ------------- 
Tank Level 3.642998 
ITERATION 262 ------------- 
Tank Level 3.642998 
ITERATION 263 ------------- 
Tank Level 3.642998 
ITERATION 264 ------------- 
Tank Level 3.720853 
ITERATION 265 ------------- 
Tank Level 3.720853 
ITERATION 266 ------------- 
Tank Level 3.720853 
ITERATION 267 ------------- 
Tank Level 3.720853 
ITERATION 268 ------------- 
Tank Level 3.720853 
ITERATION 269 ------------- 
Tank Level 3.720853 
ITERATION 270 ------------- 
Tank Level 3.720853 
ITERATION 271 ------------- 
Tank Level 3.720853 
ITERATION 272 ------------- 
Tank Level 3.720853 
ITERATION 273 ------------- 
Tank Level 3.798569 
ITERATION 274 ------------- 
Tank Level 3.798569 
ITERATION 275 ------------- 
Tank Level 3.798569 
ITERATION 276 ------------- 
Tank Level 3.798569 
ITERATION 277 ------------- 
Tank Level 3.798569 
ITERATION 278 ------------- 
Tank Level 3.798569 
ITERATION 279 ------------- 
Tank Level 3.798569 
ITERATION 280 ------------- 
Tank Level 3.798569 
ITERATION 281 ------------- 
Tank Level 3.798569 
ITERATION 282 ------------- 
Tank Level 3.876147 
ITERATION 283 ------------- 
Tank Level 3.876147 
ITERATION 284 ------------- 
Tank Level 3.876147 
ITERATION 285 ------------- 
Tank Level 3.876147 
ITERATION 286 ------------- 
Tank Level 3.876147 
ITERATION 287 ------------- 
Tank Level 3.876147 
ITERATION 288 ------------- 
Tank Level 3.876147 
ITERATION 289 ------------- 
Tank Level 3.876147 
ITERATION 290 ------------- 
Tank Level 3.876147 
ITERATION 291 ------------- 
Tank Level 3.953586 
ITERATION 292 ------------- 
Tank Level 3.953586 
ITERATION 293 ------------- 
Tank Level 3.953586 
ITERATION 294 ------------- 
Tank Level 3.953586 
ITERATION 295 ------------- 
Tank Level 3.953586 
ITERATION 296 ------------- 
Tank Level 3.953586 
ITERATION 297 ------------- 
Tank Level 3.953586 
ITERATION 298 ------------- 
Tank Level 3.953586 
ITERATION 299 ------------- 
Tank Level 3.953586 
ITERATION 300 ------------- 
Tank Level 3.953586 
ITERATION 301 ------------- 
Tank Level 3.953586 
ITERATION 302 ------------- 
Tank Level 3.953586 
ITERATION 303 ------------- 
Tank Level 3.953586 
ITERATION 304 ------------- 
Tank Level 3.953586 
ITERATION 305 ------------- 
Tank Level 4.012850 
ITERATION 306 ------------- 
Tank Level 4.012850 
ITERATION 307 ------------- 
Tank Level 4.012850 
ITERATION 308 ------------- 
Tank Level 4.012850 
ITERATION 309 ------------- 
Tank Level 4.012850 
ITERATION 310 ------------- 
Tank Level 4.012850 
ITERATION 311 ------------- 
Tank Level 4.012850 
ITERATION 312 ------------- 
Tank Level 4.012850 
ITERATION 313 ------------- 
Tank Level 4.012850 
ITERATION 314 ------------- 
Tank Level 4.012850 
ITERATION 315 ------------- 
Tank Level 4.032456 
ITERATION 316 ------------- 
Tank Level 4.032456 
ITERATION 317 ------------- 
Tank Level 4.032456 
ITERATION 318 ------------- 
Tank Level 4.0324                T7:1              <= [4.03245568658977]: 'OK'
                T7:1[    0-0    ] <= [4.032455921173096]
                T7:1              <= [4.03245568658977]: 'OK'
                T7:1[    0-0    ] <= [4.032455921173096]
                T7:1              <= [4.03245568658977]: 'OK'
                T7:1[    0-0    ] <= [4.032455921173096]
                T7:1              <= [4.03245568658977]: 'OK'
                T7:1[    0-0    ] <= [4.032455921173096]
                T7:1              <= [4.03245568658977]: 'OK'
                T7:1[    0-0    ] <= [4.032455921173096]
                T7:1[    0-0    ] <= [4.032455921173096]
                T7:1              <= [4.03245568658977]: 'OK'
                T7:1              <= [4.03245568658977]: 'OK'
                T7:1[    0-0    ] <= [4.032455921173096]
                T7:1              <= [4.03245568658977]: 'OK'
                T7:1[    0-0    ] <= [4.032455921173096]
                T7:1              <= [4.03245568658977]: 'OK'
                T7:1[    0-0    ] <= [4.032455921173096]
                T7:1              <= [4.03245568658977]: 'OK'
                T7:1[    0-0    ] <= [4.032455921173096]
                T7:1              <= [4.03245568658977]: 'OK'
                T7:1[    0-0    ] <= [4.032455921173096]
                T7:1              <= [4.03245568658977]: 'OK'
                T7:1[    0-0    ] <= [4.032455921173096]
                T7:1              <= [4.11644524660056]: 'OK'
                T7:1[    0-0    ] <= [4.116445064544678]
                T7:1              <= [4.11644524660056]: 'OK'
                T7:1[    0-0    ] <= [4.116445064544678]
                T7:1              <= [4.11644524660056]: 'OK'
                T7:1[    0-0    ] <= [4.116445064544678]
                T7:1              <= [4.11644524660056]: 'OK'
                T7:1[    0-0    ] <= [4.116445064544678]
                T7:1              <= [4.11644524660056]: 'OK'
                T7:1[    0-0    ] <= [4.116445064544678]
                T7:1              <= [4.11644524660056]: 'OK'
                T7:1[    0-0    ] <= [4.116445064544678]
                T7:1              <= [4.11644524660056]: 'OK'
                T7:1[    0-0    ] <= [4.116445064544678]
                T7:1              <= [4.11644524660056]: 'OK'
                T7:1[    0-0    ] <= [4.116445064544678]
                T7:1              <= [4.20274133411813]: 'OK'
                T7:1[    0-0    ] <= [4.2027411460876465]
                T7:1              <= [4.20274133411813]: 'OK'
                T7:1[    0-0    ] <= [4.2027411460876465]
                T7:1              <= [4.20274133411813]: 'OK'
                T7:1[    0-0    ] <= [4.2027411460876465]
                T7:1              <= [4.20274133411813]: 'OK'
                T7:1[    0-0    ] <= [4.2027411460876465]
                T7:1              <= [4.20274133411813]: 'OK'
                T7:1[    0-0    ] <= [4.2027411460876465]
                T7:1              <= [4.20274133411813]: 'OK'
                T7:1[    0-0    ] <= [4.2027411460876465]
                T7:1              <= [4.20274133411813]: 'OK'
                T7:1[    0-0    ] <= [4.2027411460876465]
                T7:1              <= [4.20274133411813]: 'OK'
                T7:1[    0-0    ] <= [4.2027411460876465]
                T7:1              <= [4.20274133411813]: 'OK'
                T7:1[    0-0    ] <= [4.2027411460876465]
                T7:1              <= [4.28889402226058]: 'OK'
                T7:1[    0-0    ] <= [4.288894176483154]
                T7:1              <= [4.28889402226058]: 'OK'
                T7:1[    0-0    ] <= [4.288894176483154]
                T7:1              <= [4.28889402226058]: 'OK'
                T7:1[    0-0    ] <= [4.288894176483154]
                T7:1              <= [4.28889402226058]: 'OK'
                T7:1[    0-0    ] <= [4.288894176483154]
                T7:1              <= [4.28889402226058]: 'OK'
                T7:1[    0-0    ] <= [4.288894176483154]
                T7:1              <= [4.28889402226058]: 'OK'
                T7:1[    0-0    ] <= [4.288894176483154]
                T7:1              <= [4.28889402226058]: 'OK'
                T7:1[    0-0    ] <= [4.288894176483154]
                T7:1              <= [4.28889402226058]: 'OK'
                T7:1[    0-0    ] <= [4.288894176483154]
                T7:1              <= [4.28889402226058]: 'OK'
                T7:1[    0-0    ] <= [4.288894176483154]
                T7:1              <= [4.28889402226058]: 'OK'
                T7:1[    0-0    ] <= [4.288894176483154]
                T7:1              <= [4.37490383265222]: 'OK'
                T7:1[    0-0    ] <= [4.374903678894043]
                T7:1[    0-0    ] <= [4.374903678894043]
                T7:1              <= [4.37490383265222]: 'OK'
                T7:1[    0-0    ] <= [4.374903678894043]
                T7:1              <= [4.37490383265222]: 'OK'
                T7:1[    0-0    ] <= [4.374903678894043]
                T7:1              <= [4.37490383265222]: 'OK'
                T7:1              <= [4.37490383265222]: 'OK'
                T7:1[    0-0    ] <= [4.374903678894043]
                T7:1              <= [4.37490383265222]: 'OK'
                T7:1[    0-0    ] <= [4.374903678894043]
                T7:1              <= [4.37490383265222]: 'OK'
                T7:1[    0-0    ] <= [4.374903678894043]
                T7:1              <= [4.37490383265222]: 'OK'
                T7:1[    0-0    ] <= [4.374903678894043]
                T7:1[    0-0    ] <= [4.374903678894043]
                T7:1              <= [4.37490383265222]: 'OK'
                T7:1              <= [4.46678011934374]: 'OK'
                T7:1[    0-0    ] <= [4.466780185699463]
                T7:1              <= [4.46678011934374]: 'OK'
                T7:1[    0-0    ] <= [4.466780185699463]
                T7:1              <= [4.46678011934374]: 'OK'
                T7:1[    0-0    ] <= [4.466780185699463]
                T7:1              <= [4.46678011934374]: 'OK'
                T7:1[    0-0    ] <= [4.466780185699463]
                T7:1              <= [4.46678011934374]: 'OK'
                T7:1[    0-0    ] <= [4.466780185699463]
                T7:1              <= [4.46678011934374]: 'OK'
                T7:1[    0-0    ] <= [4.466780185699463]
                T7:1              <= [4.46678011934374]: 'OK'
                T7:1[    0-0    ] <= [4.466780185699463]
                T7:1              <= [4.46678011934374]: 'OK'
                T7:1[    0-0    ] <= [4.466780185699463]
                T7:1              <= [4.46678011934374]: 'OK'
                T7:1[    0-0    ] <= [4.466780185699463]
                T7:1[    0-0    ] <= [4.466780185699463]
                T7:1              <= [4.46678011934374]: 'OK'
                T7:1              <= [4.55850240650092]: 'OK'
                T7:1[    0-0    ] <= [4.558502197265625]
                T7:1              <= [4.55850240650092]: 'OK'
                T7:1[    0-0    ] <= [4.558502197265625]
                T7:1              <= [4.55850240650092]: 'OK'
                T7:1[    0-0    ] <= [4.558502197265625]
                T7:1              <= [4.55850240650092]: 'OK'
                T7:1[    0-0    ] <= [4.558502197265625]
                T7:1              <= [4.55850240650092]: 'OK'
                T7:1[    0-0    ] <= [4.558502197265625]
                T7:1[    0-0    ] <= [4.558502197265625]
                T7:1              <= [4.55850240650092]: 'OK'
                T7:1[    0-0    ] <= [4.558502197265625]
                T7:1              <= [4.55850240650092]: 'OK'
                T7:1[    0-0    ] <= [4.558502197265625]
                T7:1              <= [4.55850240650092]: 'OK'
                T7:1              <= [4.55850240650092]: 'OK'
                T7:1[    0-0    ] <= [4.558502197265625]
                T7:1              <= [4.65007123468148]: 'OK'
                T7:1[    0-0    ] <= [4.650071144104004]
                T7:1[    0-0    ] <= [4.650071144104004]
                T7:1              <= [4.65007123468148]: 'OK'
                T7:1              <= [4.65007123468148]: 'OK'
                T7:1[    0-0    ] <= [4.650071144104004]
                T7:1              <= [4.65007123468148]: 'OK'
                T7:1[    0-0    ] <= [4.650071144104004]
                T7:1              <= [4.65007123468148]: 'OK'
                T7:1[    0-0    ] <= [4.650071144104004]
                T7:1              <= [4.65007123468148]: 'OK'
                T7:1[    0-0    ] <= [4.650071144104004]
                T7:1              <= [4.65007123468148]: 'OK'
                T7:1[    0-0    ] <= [4.650071144104004]
                T7:1              <= [4.65007123468148]: 'OK'
                T7:1[    0-0    ] <= [4.650071144104004]
                T7:1[    0-0    ] <= [4.7414870262146]
                T7:1              <= [4.74148714090629]: 'OK'
                T7:1              <= [4.74148714090629]: 'OK'
                T7:1[    0-0    ] <= [4.7414870262146]
                T7:1              <= [4.74148714090629]: 'OK'
                T7:1[    0-0    ] <= [4.7414870262146]
                T7:1              <= [4.74148714090629]: 'OK'
                T7:1[    0-0    ] <= [4.7414870262146]
                T7:1              <= [4.74148714090629]: 'OK'
                T7:1[    0-0    ] <= [4.7414870262146]
                T7:1              <= [4.74148714090629]: 'OK'
                T7:1[    0-0    ] <= [4.7414870262146]
                T7:1              <= [4.74148714090629]: 'OK'
                T7:1[    0-0    ] <= [4.7414870262146]
56 
ITERATION 319 ------------- 
Tank Level 4.032456 
ITERATION 320 ------------- 
Tank Level 4.032456 
ITERATION 321 ------------- 
Tank Level 4.032456 
ITERATION 322 ------------- 
Tank Level 4.032456 
ITERATION 323 ------------- 
Tank Level 4.032456 
ITERATION 324 ------------- 
Tank Level 4.032456 
ITERATION 325 ------------- 
Tank Level 4.032456 
ITERATION 326 ------------- 
Tank Level 4.032456 
ITERATION 327 ------------- 
Tank Level 4.032456 
ITERATION 328 ------------- 
Tank Level 4.032456 
ITERATION 329 ------------- 
Tank Level 4.032456 
ITERATION 330 ------------- 
Tank Level 4.116445 
ITERATION 331 ------------- 
Tank Level 4.116445 
ITERATION 332 ------------- 
Tank Level 4.116445 
ITERATION 333 ------------- 
Tank Level 4.116445 
ITERATION 334 ------------- 
Tank Level 4.116445 
ITERATION 335 ------------- 
Tank Level 4.116445 
ITERATION 336 ------------- 
Tank Level 4.116445 
ITERATION 337 ------------- 
Tank Level 4.116445 
ITERATION 338 ------------- 
Tank Level 4.202741 
ITERATION 339 ------------- 
Tank Level 4.202741 
ITERATION 340 ------------- 
Tank Level 4.202741 
ITERATION 341 ------------- 
Tank Level 4.202741 
ITERATION 342 ------------- 
Tank Level 4.202741 
ITERATION 343 ------------- 
Tank Level 4.202741 
ITERATION 344 ------------- 
Tank Level 4.202741 
ITERATION 345 ------------- 
Tank Level 4.202741 
ITERATION 346 ------------- 
Tank Level 4.202741 
ITERATION 347 ------------- 
Tank Level 4.288894 
ITERATION 348 ------------- 
Tank Level 4.288894 
ITERATION 349 ------------- 
Tank Level 4.288894 
ITERATION 350 ------------- 
Tank Level 4.288894 
ITERATION 351 ------------- 
Tank Level 4.288894 
ITERATION 352 ------------- 
Tank Level 4.288894 
ITERATION 353 ------------- 
Tank Level 4.288894 
ITERATION 354 ------------- 
Tank Level 4.288894 
ITERATION 355 ------------- 
Tank Level 4.288894 
ITERATION 356 ------------- 
Tank Level 4.288894 
ITERATION 357 ------------- 
Tank Level 4.374904 
ITERATION 358 ------------- 
Tank Level 4.374904 
ITERATION 359 ------------- 
Tank Level 4.374904 
ITERATION 360 ------------- 
Tank Level 4.374904 
ITERATION 361 ------------- 
Tank Level 4.374904 
ITERATION 362 ------------- 
Tank Level 4.374904 
ITERATION 363 ------------- 
Tank Level 4.374904 
ITERATION 364 ------------- 
Tank Level 4.374904 
ITERATION 365 ------------- 
Tank Level 4.374904 
ITERATION 366 ------------- 
Tank Level 4.466780 
ITERATION 367 ------------- 
Tank Level 4.466780 
ITERATION 368 ------------- 
Tank Level 4.466780 
ITERATION 369 ------------- 
Tank Level 4.466780 
ITERATION 370 ------------- 
Tank Level 4.466780 
ITERATION 371 ------------- 
Tank Level 4.466780 
ITERATION 372 ------------- 
Tank Level 4.466780 
ITERATION 373 ------------- 
Tank Level 4.466780 
ITERATION 374 ------------- 
Tank Level 4.466780 
ITERATION 375 ------------- 
Tank Level 4.466780 
ITERATION 376 ------------- 
Tank Level 4.558502 
ITERATION 377 ------------- 
Tank Level 4.558502 
ITERATION 378 ------------- 
Tank Level 4.558502 
ITERATION 379 ------------- 
Tank Level 4.558502 
ITERATION 380 ------------- 
Tank Level 4.558502 
ITERATION 381 ------------- 
Tank Level 4.558502 
ITERATION 382 ------------- 
Tank Level 4.558502 
ITERATION 383 ------------- 
Tank Level 4.558502 
ITERATION 384 ------------- 
Tank Level 4.558502 
ITERATION 385 ------------- 
Tank Level 4.650071 
ITERATION 386 ------------- 
Tank Level 4.650071 
ITERATION 387 ------------- 
Tank Level 4.650071 
ITERATION 388 ------------- 
Tank Level 4.650071 
ITERATION 389 ------------- 
Tank Level 4.650071 
ITERATION 390 ------------- 
Tank Level 4.650071 
ITERATION 391 ------------- 
Tank Level 4.650071 
ITERATION 392 ------------- 
Tank Level 4.650071 
ITERATION 393 ------------- 
Tank Level 4.741487 
ITERATION 394 ------------- 
Tank Level 4.741487 
ITERATION 395 ------------- 
Tank Level 4.741487 
ITERATION 396 ------------- 
Tank Level 4.741487 
ITERATION 397 ------------- 
Tank Level 4.741487 
ITERATION 398 ------------- 
Tank Level 4.741487 
ITERATION 399 ------------- 
Tank Level 4.741487 
ITERATION 400 ------------- 
Tank Level 4.                T7:1              <= [4.74148714090629]: 'OK'
                T7:1[    0-0    ] <= [4.7414870262146]
                T7:1              <= [4.74148714090629]: 'OK'
                T7:1[    0-0    ] <= [4.7414870262146]
                T7:1              <= [4.83275065871544]: 'OK'
                T7:1[    0-0    ] <= [4.8327507972717285]
                T7:1              <= [4.83275065871544]: 'OK'
                T7:1[    0-0    ] <= [4.8327507972717285]
                T7:1              <= [4.83275065871544]: 'OK'
                T7:1[    0-0    ] <= [4.8327507972717285]
                T7:1              <= [4.83275065871544]: 'OK'
                T7:1[    0-0    ] <= [4.8327507972717285]
                T7:1              <= [4.83275065871544]: 'OK'
                T7:1[    0-0    ] <= [4.8327507972717285]
                T7:1              <= [4.83275065871544]: 'OK'
                T7:1[    0-0    ] <= [4.8327507972717285]
                T7:1              <= [4.83275065871544]: 'OK'
                T7:1[    0-0    ] <= [4.8327507972717285]
                T7:1              <= [4.83275065871544]: 'OK'
                T7:1[    0-0    ] <= [4.8327507972717285]
                T7:1              <= [4.83275065871544]: 'OK'
                T7:1[    0-0    ] <= [4.8327507972717285]
                T7:1              <= [4.83275065871544]: 'OK'
                T7:1[    0-0    ] <= [4.8327507972717285]
                T7:1              <= [4.92386231822252]: 'OK'
                T7:1[    0-0    ] <= [4.923862457275391]
                T7:1              <= [4.92386231822252]: 'OK'
                T7:1[    0-0    ] <= [4.923862457275391]
                T7:1              <= [4.92386231822252]: 'OK'
                T7:1[    0-0    ] <= [4.923862457275391]
                T7:1              <= [4.92386231822252]: 'OK'
                T7:1[    0-0    ] <= [4.923862457275391]
                T7:1[    0-0    ] <= [4.923862457275391]
                T7:1              <= [4.92386231822252]: 'OK'
                T7:1              <= [4.92386231822252]: 'OK'
                T7:1[    0-0    ] <= [4.923862457275391]
                T7:1              <= [4.92386231822252]: 'OK'
                T7:1[    0-0    ] <= [4.923862457275391]
                T7:1[    0-0    ] <= [4.923862457275391]
                T7:1              <= [4.92386231822252]: 'OK'
                T7:1[    0-0    ] <= [4.923862457275391]
                T7:1              <= [4.92386231822252]: 'OK'
                T7:1              <= [4.92386231822252]: 'OK'
                T7:1[    0-0    ] <= [4.923862457275391]
                T7:1              <= [4.92386231822252]: 'OK'
                T7:1[    0-0    ] <= [4.923862457275391]
                T7:1              <= [4.92386231822252]: 'OK'
                T7:1[    0-0    ] <= [4.923862457275391]
                T7:1              <= [4.92386231822252]: 'OK'
                T7:1[    0-0    ] <= [4.923862457275391]
                T7:1              <= [4.92386231822252]: 'OK'
                T7:1[    0-0    ] <= [4.923862457275391]
                T7:1              <= [4.92386231822252]: 'OK'
                T7:1[    0-0    ] <= [4.923862457275391]
                T7:1              <= [4.92386231822252]: 'OK'
                T7:1[    0-0    ] <= [4.923862457275391]
                T7:1              <= [4.92386231822252]: 'OK'
                T7:1[    0-0    ] <= [4.923862457275391]
                T7:1              <= [4.92386231822252]: 'OK'
                T7:1[    0-0    ] <= [4.923862457275391]
                T7:1              <= [4.92386231822252]: 'OK'
                T7:1[    0-0    ] <= [4.923862457275391]
                T7:1              <= [4.92386231822252]: 'OK'
                T7:1[    0-0    ] <= [4.923862457275391]
                T7:1              <= [4.92386231822252]: 'OK'
                T7:1[    0-0    ] <= [4.923862457275391]
                T7:1              <= [4.92386231822252]: 'OK'
                T7:1[    0-0    ] <= [4.923862457275391]
                T7:1              <= [4.92386231822252]: 'OK'
                T7:1[    0-0    ] <= [4.923862457275391]
                T7:1              <= [4.92386231822252]: 'OK'
                T7:1[    0-0    ] <= [4.923862457275391]
                T7:1              <= [4.92386231822252]: 'OK'
                T7:1[    0-0    ] <= [4.923862457275391]
                T7:1              <= [4.92386231822252]: 'OK'
                T7:1[    0-0    ] <= [4.923862457275391]
                T7:1              <= [4.92386231822252]: 'OK'
                T7:1[    0-0    ] <= [4.923862457275391]
                T7:1[    0-0    ] <= [4.923862457275391]
                T7:1              <= [4.92386231822252]: 'OK'
                T7:1[    0-0    ] <= [4.923862457275391]
                T7:1              <= [4.92386231822252]: 'OK'
                T7:1              <= [4.92386231822252]: 'OK'
                T7:1[    0-0    ] <= [4.923862457275391]
                T7:1              <= [4.92386231822252]: 'OK'
                T7:1[    0-0    ] <= [4.923862457275391]
                T7:1              <= [4.92386231822252]: 'OK'
                T7:1[    0-0    ] <= [4.923862457275391]
                T7:1              <= [4.92386231822252]: 'OK'
                T7:1[    0-0    ] <= [4.923862457275391]
                T7:1              <= [4.92386231822252]: 'OK'
                T7:1[    0-0    ] <= [4.923862457275391]
                T7:1              <= [4.92386231822252]: 'OK'
                T7:1[    0-0    ] <= [4.923862457275391]
                T7:1              <= [4.92386231822252]: 'OK'
                T7:1[    0-0    ] <= [4.923862457275391]
                T7:1[    0-0    ] <= [4.923862457275391]
                T7:1              <= [4.92386231822252]: 'OK'
                T7:1              <= [4.92386231822252]: 'OK'
                T7:1[    0-0    ] <= [4.923862457275391]
                T7:1              <= [4.92386231822252]: 'OK'
                T7:1[    0-0    ] <= [4.923862457275391]
                T7:1              <= [4.92386231822252]: 'OK'
                T7:1[    0-0    ] <= [4.923862457275391]
                T7:1              <= [4.92386231822252]: 'OK'
                T7:1[    0-0    ] <= [4.923862457275391]
                T7:1              <= [4.92386231822252]: 'OK'
                T7:1[    0-0    ] <= [4.923862457275391]
                T7:1              <= [4.92386231822252]: 'OK'
                T7:1[    0-0    ] <= [4.923862457275391]
                T7:1              <= [4.92386231822252]: 'OK'
                T7:1[    0-0    ] <= [4.923862457275391]
                T7:1              <= [4.92386231822252]: 'OK'
                T7:1[    0-0    ] <= [4.923862457275391]
                T7:1              <= [4.92386231822252]: 'OK'
                T7:1[    0-0    ] <= [4.923862457275391]
                T7:1              <= [4.92386231822252]: 'OK'
                T7:1[    0-0    ] <= [4.923862457275391]
                T7:1              <= [4.92386231822252]: 'OK'
                T7:1[    0-0    ] <= [4.923862457275391]
                T7:1              <= [4.92386231822252]: 'OK'
                T7:1[    0-0    ] <= [4.923862457275391]
                T7:1[    0-0    ] <= [4.923862457275391]
                T7:1              <= [4.92386231822252]: 'OK'
                T7:1              <= [4.92386231822252]: 'OK'
                T7:1[    0-0    ] <= [4.923862457275391]
                T7:1              <= [4.92386231822252]: 'OK'
                T7:1[    0-0    ] <= [4.923862457275391]
                T7:1              <= [4.92386231822252]: 'OK'
                T7:1[    0-0    ] <= [4.923862457275391]
                T7:1[    0-0    ] <= [4.923862457275391]
                T7:1              <= [4.92386231822252]: 'OK'
                T7:1              <= [4.92386231822252]: 'OK'
                T7:1[    0-0    ] <= [4.923862457275391]
                T7:1              <= [4.92386231822252]: 'OK'
                T7:1[    0-0    ] <= [4.923862457275391]
                T7:1              <= [4.92386231822252]: 'OK'
                T7:1[    0-0    ] <= [4.923862457275391]
                T7:1              <= [4.92386231822252]: 'OK'
                T7:1[    0-0    ] <= [4.923862457275391]
                T7:1              <= [4.92386231822252]: 'OK'
                T7:1[    0-0    ] <= [4.923862457275391]
                T7:1              <= [4.92386231822252]: 'OK'
                T7:1[    0-0    ] <= [4.923862457275391]
                T7:1              <= [4.92386231822252]: 'OK'
                T7:1[    0-0    ] <= [4.923862457275391]
                T7:1              <= [4.92386231822252]: 'OK'
                T7:1[    0-0    ] <= [4.923862457275391]
                T7:1              <= [4.92386231822252]: 'OK'
                T7:1[    0-0    ] <= [4.923862457275391]
                T7:1              <= [4.92386231822252]: 'OK'
                T7:1[    0-0    ] <= [4.923862457275391]
                T7:1              <= [4.92386231822252]: 'OK'
                T7:1[    0-0    ] <= [4.923862457275391]
                T7:1[    0-0    ] <= [4.923862457275391]
                T7:1              <= [4.92386231822252]: 'OK'
                T7:1              <= [4.92386231822252]: 'OK'
                T7:1[    0-0    ] <= [4.923862457275391]
                T7:1              <= [4.92386231822252]: 'OK'
                T7:1[    0-0    ] <= [4.923862457275391]
                T7:1              <= [4.92386231822252]: 'OK'
                T7:1[    0-0    ] <= [4.923862457275391]
                T7:1[    0-0    ] <= [4.923862457275391]
                T7:1              <= [4.92386231822252]: 'OK'
741487 
ITERATION 401 ------------- 
Tank Level 4.741487 
ITERATION 402 ------------- 
Tank Level 4.832751 
ITERATION 403 ------------- 
Tank Level 4.832751 
ITERATION 404 ------------- 
Tank Level 4.832751 
ITERATION 405 ------------- 
Tank Level 4.832751 
ITERATION 406 ------------- 
Tank Level 4.832751 
ITERATION 407 ------------- 
Tank Level 4.832751 
ITERATION 408 ------------- 
Tank Level 4.832751 
ITERATION 409 ------------- 
Tank Level 4.832751 
ITERATION 410 ------------- 
Tank Level 4.832751 
ITERATION 411 ------------- 
Tank Level 4.832751 
ITERATION 412 ------------- 
Tank Level 4.923862 
ITERATION 413 ------------- 
Tank Level 4.923862 
ITERATION 414 ------------- 
Tank Level 4.923862 
ITERATION 415 ------------- 
Tank Level 4.923862 
ITERATION 416 ------------- 
Tank Level 4.923862 
ITERATION 417 ------------- 
Tank Level 4.923862 
ITERATION 418 ------------- 
Tank Level 4.923862 
ITERATION 419 ------------- 
Tank Level 4.923862 
ITERATION 420 ------------- 
Tank Level 4.923862 
ITERATION 421 ------------- 
Tank Level 4.923862 
ITERATION 422 ------------- 
Tank Level 4.923862 
ITERATION 423 ------------- 
Tank Level 4.923862 
ITERATION 424 ------------- 
Tank Level 4.923862 
ITERATION 425 ------------- 
Tank Level 4.923862 
ITERATION 426 ------------- 
Tank Level 4.923862 
ITERATION 427 ------------- 
Tank Level 4.923862 
ITERATION 428 ------------- 
Tank Level 4.923862 
ITERATION 429 ------------- 
Tank Level 4.923862 
ITERATION 430 ------------- 
Tank Level 4.923862 
ITERATION 431 ------------- 
Tank Level 4.923862 
ITERATION 432 ------------- 
Tank Level 4.923862 
ITERATION 433 ------------- 
Tank Level 4.923862 
ITERATION 434 ------------- 
Tank Level 4.923862 
ITERATION 435 ------------- 
Tank Level 4.923862 
ITERATION 436 ------------- 
Tank Level 4.923862 
ITERATION 437 ------------- 
Tank Level 4.923862 
ITERATION 438 ------------- 
Tank Level 4.923862 
ITERATION 439 ------------- 
Tank Level 4.923862 
ITERATION 440 ------------- 
Tank Level 4.923862 
ITERATION 441 ------------- 
Tank Level 4.923862 
ITERATION 442 ------------- 
Tank Level 4.923862 
ITERATION 443 ------------- 
Tank Level 4.923862 
ITERATION 444 ------------- 
Tank Level 4.923862 
ITERATION 445 ------------- 
Tank Level 4.923862 
ITERATION 446 ------------- 
Tank Level 4.923862 
ITERATION 447 ------------- 
Tank Level 4.923862 
ITERATION 448 ------------- 
Tank Level 4.923862 
ITERATION 449 ------------- 
Tank Level 4.923862 
ITERATION 450 ------------- 
Tank Level 4.923862 
ITERATION 451 ------------- 
Tank Level 4.923862 
ITERATION 452 ------------- 
Tank Level 4.923862 
ITERATION 453 ------------- 
Tank Level 4.923862 
ITERATION 454 ------------- 
Tank Level 4.923862 
ITERATION 455 ------------- 
Tank Level 4.923862 
ITERATION 456 ------------- 
Tank Level 4.923862 
ITERATION 457 ------------- 
Tank Level 4.923862 
ITERATION 458 ------------- 
Tank Level 4.923862 
ITERATION 459 ------------- 
Tank Level 4.923862 
ITERATION 460 ------------- 
Tank Level 4.923862 
ITERATION 461 ------------- 
Tank Level 4.923862 
ITERATION 462 ------------- 
Tank Level 4.923862 
ITERATION 463 ------------- 
Tank Level 4.923862 
ITERATION 464 ------------- 
Tank Level 4.923862 
ITERATION 465 ------------- 
Tank Level 4.923862 
ITERATION 466 ------------- 
Tank Level 4.923862 
ITERATION 467 ------------- 
Tank Level 4.923862 
ITERATION 468 ------------- 
Tank Level 4.923862 
ITERATION 469 ------------- 
Tank Level 4.923862 
ITERATION 470 ------------- 
Tank Level 4.923862 
ITERATION 471 ------------- 
Tank Level 4.923862 
ITERATION 472 ------------- 
Tank Level 4.923862 
ITERATION 473 ------------- 
Tank Level 4.923862 
ITERATION 474 ------------- 
Tank Level 4.923862 
ITERATION 475 ------------- 
Tank Level 4.923862 
ITERATION 476 ------------- 
Tank Level 4.923862 
ITERATION 477 ------------- 
Tank Level 4.923862 
ITERATION 478 ------------- 
Tank Level 4.923862 
ITERATION 479 ------------- 
Tank Level 4.923862 
ITERATION 480 ------------- 
Tank Level 4.923862 
ITERATION 481 ------------- 
Tank Level 4.923862 
ITERATION 482 ------------- 
Tank Leve                T7:1              <= [4.92386231822252]: 'OK'
                T7:1[    0-0    ] <= [4.923862457275391]
                T7:1              <= [4.92386231822252]: 'OK'
                T7:1[    0-0    ] <= [4.923862457275391]
                T7:1[    0-0    ] <= [4.923862457275391]
                T7:1              <= [4.92386231822252]: 'OK'
                T7:1              <= [4.92386231822252]: 'OK'
                T7:1[    0-0    ] <= [4.923862457275391]
                T7:1              <= [4.92386231822252]: 'OK'
                T7:1[    0-0    ] <= [4.923862457275391]
                T7:1              <= [4.92386231822252]: 'OK'
                T7:1[    0-0    ] <= [4.923862457275391]
                T7:1              <= [4.92386231822252]: 'OK'
                T7:1[    0-0    ] <= [4.923862457275391]
                T7:1              <= [4.92386231822252]: 'OK'
                T7:1[    0-0    ] <= [4.923862457275391]
                T7:1              <= [4.92386231822252]: 'OK'
                T7:1[    0-0    ] <= [4.923862457275391]
                T7:1              <= [4.92386231822252]: 'OK'
                T7:1[    0-0    ] <= [4.923862457275391]
                T7:1              <= [4.92386231822252]: 'OK'
                T7:1[    0-0    ] <= [4.923862457275391]
                T7:1              <= [4.92386231822252]: 'OK'
                T7:1[    0-0    ] <= [4.923862457275391]
                T7:1              <= [4.92386231822252]: 'OK'
                T7:1[    0-0    ] <= [4.923862457275391]
                T7:1              <= [4.92386231822252]: 'OK'
                T7:1[    0-0    ] <= [4.923862457275391]
                T7:1              <= [4.92386231822252]: 'OK'
                T7:1[    0-0    ] <= [4.923862457275391]
                T7:1              <= [4.92386231822252]: 'OK'
                T7:1[    0-0    ] <= [4.923862457275391]
                T7:1[    0-0    ] <= [4.923862457275391]
                T7:1              <= [4.92386231822252]: 'OK'
                T7:1              <= [4.92386231822252]: 'OK'
                T7:1[    0-0    ] <= [4.923862457275391]
                T7:1              <= [4.92386231822252]: 'OK'
                T7:1[    0-0    ] <= [4.923862457275391]
                T7:1              <= [4.92386231822252]: 'OK'
                T7:1[    0-0    ] <= [4.923862457275391]
                T7:1              <= [4.92386231822252]: 'OK'
                T7:1[    0-0    ] <= [4.923862457275391]
                T7:1[    0-0    ] <= [4.923862457275391]
                T7:1              <= [4.92386231822252]: 'OK'
                T7:1              <= [4.92386231822252]: 'OK'
                T7:1[    0-0    ] <= [4.923862457275391]
                T7:1              <= [4.92386231822252]: 'OK'
                T7:1[    0-0    ] <= [4.923862457275391]
                T7:1              <= [4.92386231822252]: 'OK'
                T7:1[    0-0    ] <= [4.923862457275391]
                T7:1              <= [4.92386231822252]: 'OK'
                T7:1[    0-0    ] <= [4.923862457275391]
                T7:1              <= [4.92386231822252]: 'OK'
                T7:1[    0-0    ] <= [4.923862457275391]
                T7:1              <= [4.92386231822252]: 'OK'
                T7:1[    0-0    ] <= [4.923862457275391]
                T7:1              <= [4.92386231822252]: 'OK'
                T7:1[    0-0    ] <= [4.923862457275391]
                T7:1[    0-0    ] <= [4.923862457275391]
                T7:1              <= [4.92386231822252]: 'OK'
                T7:1[    0-0    ] <= [4.923862457275391]
                T7:1              <= [4.92386231822252]: 'OK'
                T7:1              <= [4.92386231822252]: 'OK'
                T7:1[    0-0    ] <= [4.923862457275391]
                T7:1              <= [4.92386231822252]: 'OK'
                T7:1[    0-0    ] <= [4.923862457275391]
                T7:1              <= [4.92386231822252]: 'OK'
                T7:1[    0-0    ] <= [4.923862457275391]
                T7:1              <= [4.92386231822252]: 'OK'
                T7:1[    0-0    ] <= [4.923862457275391]
                T7:1              <= [4.92386231822252]: 'OK'
                T7:1[    0-0    ] <= [4.923862457275391]
                T7:1              <= [4.92386231822252]: 'OK'
                T7:1[    0-0    ] <= [4.923862457275391]
                T7:1              <= [4.92386231822252]: 'OK'
                T7:1[    0-0    ] <= [4.923862457275391]
                T7:1              <= [4.92386231822252]: 'OK'
                T7:1[    0-0    ] <= [4.923862457275391]
                T7:1[    0-0    ] <= [4.923862457275391]
                T7:1              <= [4.92386231822252]: 'OK'
                T7:1              <= [4.92386231822252]: 'OK'
                T7:1[    0-0    ] <= [4.923862457275391]
                T7:1              <= [4.92386231822252]: 'OK'
                T7:1[    0-0    ] <= [4.923862457275391]
                T7:1              <= [4.92386231822252]: 'OK'
                T7:1[    0-0    ] <= [4.923862457275391]
                T7:1              <= [4.92386231822252]: 'OK'
                T7:1[    0-0    ] <= [4.923862457275391]
                T7:1              <= [4.92386231822252]: 'OK'
                T7:1[    0-0    ] <= [4.923862457275391]
                T7:1              <= [4.92386231822252]: 'OK'
                T7:1[    0-0    ] <= [4.923862457275391]
                T7:1              <= [4.92386231822252]: 'OK'
                T7:1[    0-0    ] <= [4.923862457275391]
                T7:1[    0-0    ] <= [4.923862457275391]
                T7:1              <= [4.92386231822252]: 'OK'
                T7:1              <= [4.92386231822252]: 'OK'
                T7:1[    0-0    ] <= [4.923862457275391]
                T7:1              <= [4.92386231822252]: 'OK'
                T7:1[    0-0    ] <= [4.923862457275391]
                T7:1              <= [4.92386231822252]: 'OK'
                T7:1[    0-0    ] <= [4.923862457275391]
                T7:1              <= [4.92386231822252]: 'OK'
                T7:1[    0-0    ] <= [4.923862457275391]
                T7:1              <= [4.92386231822252]: 'OK'
                T7:1[    0-0    ] <= [4.923862457275391]
                T7:1[    0-0    ] <= [4.923862457275391]
                T7:1              <= [4.92386231822252]: 'OK'
                T7:1              <= [4.92386231822252]: 'OK'
                T7:1[    0-0    ] <= [4.923862457275391]
                T7:1              <= [4.92386231822252]: 'OK'
                T7:1[    0-0    ] <= [4.923862457275391]
                T7:1              <= [4.92386231822252]: 'OK'
                T7:1[    0-0    ] <= [4.923862457275391]
                T7:1              <= [4.92386231822252]: 'OK'
                T7:1[    0-0    ] <= [4.923862457275391]
                T7:1              <= [4.92386231822252]: 'OK'
                T7:1[    0-0    ] <= [4.923862457275391]
                T7:1              <= [4.92386231822252]: 'OK'
                T7:1[    0-0    ] <= [4.923862457275391]
Copying to  week_12
