DEBUG get_query: SELECT value FROM ctown WHERE name = ? AND pid = ?
DEBUG set_query: UPDATE ctown SET value = ? WHERE name = ? AND pid = ?
DEBUG EnipProtocol server addr:  192.168.1.1
DEBUG: concatenating server address with default port.
DEBUG enip server tags_string:  T5:1=REAL T7:1=REAL PU8:1=REAL PU10:1=REAL PU11:1=REAL ATT_1:1=REAL ATT_2:1=REAL 
DEBUG enip _start_server cmd:  ['/usr/bin/python', '-m', 'cpppo.server.enip', '--print', '--log', 'logs/protocols_tests_enip_server', '--address', '192.168.1.1:44818', 'T5:1=REAL', 'T7:1=REAL', 'PU8:1=REAL', 'PU10:1=REAL', 'PU11:1=REAL', 'ATT_1:1=REAL', 'ATT_2:1=REAL']
DEBUG: plc5 enters pre_loop
ITERATION 1 ------------- 
T5 Level 1.000000 
T7 Level 2.500000 
Opening PU8
ITERATION 2 ------------- 
T5 Level 1.000000 
T7 Level 2.500000 
Opening PU8
ITERATION 3 ------------- 
T5 Level 1.000000 
T7 Level 2.500000 
Opening PU8
ITERATION 4 ------------- 
T5 Level 1.000000 
T7 Level 2.500000 
Opening PU8
ITERATION 5 ------------- 
T5 Level 1.000000 
T7 Level 2.500000 
Opening PU8
ITERATION 6 ------------- 
T5 Level 1.000000 
T7 Level 2.500000 
Opening PU8
ITERATION 7 ------------- 
T5 Level 1.000000 
T7 Level 3.297068 
Opening PU8
Closing PU11
ITERATION 8 ------------- 
T5 Level 4.199511 
T7 Level 3.297068 
Closing PU11
ITERATION 9 ------------- 
T5 Level 4.199511 
T7 Level 3.297068 
Closing PU11
ITERATION 10 ------------- 
T5 Level 4.258456 
T7 Level 3.172509 
Closing PU11
ITERATION 11 ------------- 
T5 Level 4.258456 
T7 Level 3.172509 
Closing PU11
ITERATION 12 ------------- 
T5 Level 4.258456 
T7 Level 3.172509 
Closing PU11
ITERATION 13 ------------- 
T5 Level 4.317378 
T7 Level 3.048414 
Closing PU11
ITERATION 14 ------------- 
T5 Level 4.317378 
T7 Level 3.048414 
Closing PU11
ITERATION 15 ------------- 
T5 Level 4.317378 
T7 Level 2.924778 
ITERATION 16 ------------- 
T5 Level 4.376278 
T7 Level 2.924778 
ITERATION 17 ------------- 
T5 Level 4.376278 
T7 Level 2.924778 
ITERATION 18 ------------- 
T5 Level 4.376278 
T7 Level 2.924778 
ITERATION 19 ------------- 
T5 Level 4.376278 
T7 Level 2.801597 
ITERATION 20 ------------- 
T5 Level 4.435155 
T7 Level 2.801597 
ITERATION 21 ------------- 
T5 Level 4.435155 
T7 Level 2.801597 
ITERATION 22 ------------- 
T5 Level 4.435155 
T7 Level 2.678866 
ITERATION 23 ------------- 
T5 Level 4.494011 
T7 Level 2.678866 
ITERATION 24 ------------- 
T5 Level 4.494011 
T7 Level 2.678866 
ITERATION 25 ------------- 
T5 Level 4.494011 
T7 Level 2.678866 
ITERATION 26 ------------- 
T5 Level 4.500090 
T7 Level 2.666230 
Closing PU8
ITERATION 27 ------------- 
T5 Level 4.500090 
T7 Level 2.666230 
Closing PU8
ITERATION 28 ------------- 
T5 Level 4.500090 
T7 Level 2.666230 
Closing PU8
ITERATION 29 ------------- 
T5 Level 4.500090 
T7 Level 2.556622 
Closing PU8
ITERATION 30 ------------- 
T5 Level 4.500090 
T7 Level 2.556622 
Closing PU8
ITERATION 31 ------------- 
T5 Level 4.500090 
T7 Level 2.556622 
Closing PU8
ITERATION 32 ------------- 
T5 Level 4.500090 
T7 Level 2.556622 
Closing PU8
ITERATION 33 ------------- 
T5 Level 4.500090 
T7 Level 2.556622 
Closing PU8
ITERATION 34 ------------- 
T5 Level 4.500090 
T7 Level 2.556622 
Closing PU8
ITERATION 35 ------------- 
T5 Level 4.500090 
T7 Level 2.556622 
Closing PU8
ITERATION 36 ------------- 
T5 Level 4.500090 
T7 Level 2.434779 
Closing PU8
Opening PU10
ITERATION 37 ------------- 
T5 Level 4.500090 
T7 Level 2.434779 
Closing PU8
Opening PU10
ITERATION 38 ------------- 
T5 Level 4.500090 
T7 Level 2.434779 
Closing PU8
Opening PU10
ITERATION 39 ------------- 
T5 Level 4.500090 
T7 Level 2.434779 
Closing PU8
Opening PU10
ITERATION 40 ------------- 
T5 Level 4.457762 
T7 Level 2.313373 
Opening PU10
ITERATION 41 ------------- 
T5 Level 4.457762 
T7 Level 2.313373 
Opening PU10
ITERATION 42 ------------- 
T5 Level 4.457762 
T7 Level 2.313373 
Opening PU10
ITERATION 43 ------------- 
T5 Level 4.457762 
T7 Level 2.192401 
Opening PU10
ITERATION 44 ------------- 
T5 Level 4.415433 
T7 Level 2.192401 
Opening PU10
ITERATION 45 ------------- 
T5 Level 4.415433 
T7 Level 2.192401 
Opening PU10
ITERATION 46 ------------- 
T5 Level 4.373105 
T7 Level 2.247221 
Opening PU10
ITERATION 47 ------------- 
T5 Level 4.373105 
T7 Level 2.247221 
Opening PU10
ITERATION 48 ------------- 
T5 Level 4.373105 
T7 Level 2.247221 
Opening PU10
ITERATION 49 ------------- 
T5 Level 4.373105 
T7 Level 2.247221 
Opening PU10
ITERATION 50 ------------- 
T5 Level 4.330777 
T7 Level 2.301941 
Opening PU10
ITERATION 51 ------------- 
T5 Level 4.330777 
T7 Level 2.301941 
Opening PU10
ITERATION 52 ------------- 
T5 Level 4.330777 
T7 Level 2.301941 
Opening PU10
ITERATION 53 ------------- 
T5 Level 4.330777 
T7 Level 2.301941 
Opening PU10
ITERATION 54 ------------- 
T5 Level 4.288448 
T7 Level 2.356560 
Opening PU10
ITERATION 55 ------------- 
T5 Level 4.288448 
T7 Level 2.356560 
Opening PU10
ITERATION 56 ------------- 
T5 Level 4.288448 
T7 Level 2.356560 
Opening PU10
ITERATION 57 ------------- 
T5 Level 4.288448 
T7 Level 2.425486 
Opening PU10
ITERATION 58 ------------- 
T5 Level 4.248071 
T7 Level 2.425486 
Opening PU10
ITERATION 59 ------------- 
T5 Level 4.248071 
T7 Level 2.425486 
Opening PU10
ITERATION 60 ------------- 
T5 Level 4.248071 
T7 Level 2.494280 
Opening PU10
ITERATION 61 ------------- 
T5 Level 4.207694 
T7 Level 2.494280 
Opening PU10
ITERATION 62 ------------- 
T5 Level 4.207694 
T7 Level 2.494280 
Opening PU10
ITERATION 63 ------------- 
T5 Level 4.207694 
T7 Level 2.494280 
Opening PU10
ITERATION 64 ------------- 
T5 Level 4.167316 
T7 Level 2.562941 
ITERATION 65 ------------- 
T5 Level 4.167316 
T7 Level 2.562941 
ITERATION 66 ------------- 
T5 Level 4.167316 
T7 Level 2.562941 
ITERATION 67 ------------- 
T5 Level 4.167316 
T7 Level 2.631472 
ITERATION 68 ------------- 
T5 Level 4.126939 
T7 Level 2.631472 
ITERATION 69 ------------- 
T5 Level 4.126939 
T7 Level 2.631472 
ITERATION 70 ------------- 
T5 Level 4.126939 
T7 Level 2.699872 
ITERATION 71 ------------- 
T5 Level 4.086562 
T7 Level 2.699872 
ITERATION 72 ------------- 
T5 Level 4.086562 
T7 Level 2.699872 
ITERATION 73 ------------- 
T5 Level 4.086562 
T7 Level 2.699872 
ITERATION 74 ------------- 
T5 Level 4.046185 
T7 Level 2.768141 
ITERATION 75 ------------- 
T5 Level 4.046185 
T7 Level 2.768141 
ITERATION 76 ------------- 
T5 Level 4.046185 
T7 Level 2.768141 
ITERATION 77 ------------- 
T5 Level 4.046185 
T7 Level 2.836280 
ITERATION 78 ------------- 
T5 Level 4.005807 
T7 Level 2.836280 
ITERATION 79 ------------- 
T5 Level 4.005807 
T7 Level 2.836280 
ITERATION 80 ------------- 
T5 Level 3.965430 
T7 Level 2.904290 
ITERATION 81 ------------- 
T5 Level 3.965430 
T7 Level 2.904290 
ITERATION 82 ------------- 
T5 Level 3.965430 
T7 Level 2.904290 
ITERATION 83 ------------- 
T5 Level 3.965430 
T7 Level 2.972171 
ITERATION 84 ------------- 
T5 Level 3.925052 
T7 Level 2.972171 
ITERATION 85 ------------- 
T5 Level 3.925052 
T7 Level 2.972171 
ITERATION 86 ------------- 
T5 Level 3.925052 
T7 Level 2.972171 
ITERATION 87 ------------- 
T5 Level 3.925052 
T7 Level 3.039923 
Closing PU11
ITERATION 88 ------------- 
T5 Level 3.884675 
T7 Level 3.039923 
Closing PU11
ITERATION 89 ------------- 
T5 Level 3.884675 
T7 Level 3.039923 
Closing PU11
ITERATION 90 ------------- 
T5 Level 3.884675 
T7 Level 3.039923 
Closing PU11
ITERATION 91 ------------- 
T5 Level 3.844298 
T7 Level 3.107548 
Closing PU11
ITERATION 92 ------------- 
T5 Level 3.844298 
T7 Level 3.107548 
Closing PU11
ITERATION 93 ------------- 
T5 Level 3.844298 
T7 Level 3.107548 
Closing PU11
ITERATION 94 ------------- 
T5 Level 3.803920 
T7 Level 3.175044 
Closing PU11
ITERATION 95 ------------- 
T5 Level 3.803920 
T7 Level 3.175044 
Closing PU11
ITERATION 96 ------------- 
T5 Level 3.803920 
T7 Level 3.175044 
Closing PU11
ITERATION 97 ------------- 
T5 Level 3.763226 
T7 Level 3.223986 
Closing PU11
ITERATION 98 ------------- 
T5 Level 3.763226 
T7 Level 3.223986 
Closing PU11
ITERATION 99 ------------- 
T5 Level 3.763226 
T7 Level 3.223986 
Closing PU11
ITERATION 100 ------------- 
T5 Level 3.722531 
T7 Level 3.272846 
Closing PU11
ITERATION 101 ------------- 
T5 Level 3.722531 
T7 Level 3.272846 
Closing PU11
ITERATION 102 ------------- 
T5 Level 3.722531 
T7 Level 3.272846 
Closing PU11
ITERATION 103 ------------- 
T5 Level 3.681836 
T7 Level 3.321625 
Closing PU11
ITERATION 104 ------------- 
T5 Level 3.681836 
T7 Level 3.321625 
Closing PU11
ITERATION 105 ------------- 
T5 Level 3.681836 
T7 Level 3.321625 
Closing PU11
ITERATION 106 ------------- 
T5 Level 3.641141 
T7 Level 3.370323 
Closing PU11
ITERATION 107 ------------- 
T5 Level 3.641141 
T7 Level 3.370323 
Closing PU11
ITERATION 108 ------------- 
T5 Level 3.641141 
T7 Level 3.370323 
Closing PU11
ITERATION 109 ------------- 
T5 Level 3.641141 
T7 Level 3.418940 
Closing PU11
ITERATION 110 ------------- 
T5 Level 3.600447 
T7 Level 3.418940 
Closing PU11
ITERATION 111 ------------- 
T5 Level 3.600447 
T7 Level 3.418940 
Closing PU11
ITERATION 112 ------------- 
T5 Level 3.559752 
T7 Level 3.465503 
Closing PU11
ITERATION 113 ------------- 
T5 Level 3.559752 
T7 Level 3.465503 
Closing PU11
ITERATION 114 ------------- 
T5 Level 3.559752 
T7 Level 3.465503 
Closing PU11
ITERATION 115 ------------- 
T5 Level 3.559752 
T7 Level 3.511959 
Closing PU11
ITERATION 116 ------------- 
T5 Level 3.519057 
T7 Level 3.511959 
Closing PU11
ITERATION 117 ------------- 
T5 Level 3.519057 
T7 Level 3.511959 
Closing PU11
ITERATION 118 ------------- 
T5 Level 3.519057 
T7 Level 3.511959 
Closing PU11
ITERATION 119 ------------- 
T5 Level 3.478363 
T7 Level 3.558308 
Closing PU11
ITERATION 120 ------------- 
T5 Level 3.478363 
T7 Level 3.558308 
Closing PU11
ITERATION 121 ------------- 
T5 Level 3.478363 
T7 Level 3.558308 
Closing PU11
ITERATION 122 ------------- 
T5 Level 3.437668 
T7 Level 3.604549 
Closing PU11
ITERATION 123 ------------- 
T5 Level 3.437668 
T7 Level 3.604549 
Closing PU11
ITERATION 124 ------------- 
T5 Level 3.437668 
T7 Level 3.604549 
Closing PU11
ITERATION 125 ------------- 
T5 Level 3.396973 
T7 Level 3.650685 
Closing PU11
ITERATION 126 ------------- 
T5 Level 3.396973 
T7 Level 3.650685 
Closing PU11
ITERATION 127 ------------- 
T5 Level 3.396973 
T7 Level 3.650685 
Closing PU11
ITERATION 128 ------------- 
T5 Level 3.396973 
T7 Level 3.650685 
Closing PU11
ITERATION 129 ------------- 
T5 Level 3.356278 
T7 Level 3.696713 
Closing PU11
ITERATION 130 ------------- 
T5 Level 3.356278 
T7 Level 3.696713 
Closing PU11
ITERATION 131 ------------- 
T5 Level 3.356278 
T7 Level 3.696713 
Closing PU11
ITERATION 132 ------------- 
T5 Level 3.315584 
T7 Level 3.742636 
Closing PU11
ITERATION 133 ------------- 
T5 Level 3.315584 
T7 Level 3.742636 
Closing PU11
ITERATION 134 ------------- 
T5 Level 3.315584 
T7 Level 3.742636 
Closing PU11
ITERATION 135 ------------- 
T5 Level 3.315584 
T7 Level 3.795729 
Closing PU11
ITERATION 136 ------------- 
T5 Level 3.280467 
T7 Level 3.795729 
Closing PU11
ITERATION 137 ------------- 
T5 Level 3.280467 
T7 Level 3.795729 
Closing PU11
ITERATION 138 ------------- 
T5 Level 3.280467 
T7 Level 3.795729 
Closing PU11
ITERATION 139 ------------- 
T5 Level 3.245350 
T7 Level 3.848699 
Closing PU11
ITERATION 140 ------------- 
T5 Level 3.245350 
T7 Level 3.848699 
Closing PU11
ITERATION 141 ------------- 
T5 Level 3.245350 
T7 Level 3.901544 
Closing PU11
ITERATION 142 ------------- 
T5 Level 3.210233 
T7 Level 3.901544 
Closing PU11
ITERATION 143 ------------- 
T5 Level 3.210233 
T7 Level 3.901544 
Closing PU11
ITERATION 144 ------------- 
T5 Level 3.210233 
T7 Level 3.901544 
Closing PU11
ITERATION 145 ------------- 
T5 Level 3.175116 
T7 Level 3.954266 
Closing PU11
ITERATION 146 ------------- 
T5 Level 3.175116 
T7 Level 3.954266 
Closing PU11
ITERATION 147 ------------- 
T5 Level 3.175116 
T7 Level 3.954266 
Closing PU11
ITERATION 148 ------------- 
T5 Level 3.139999 
T7 Level 4.006866 
Closing PU11
ITERATION 149 ------------- 
T5 Level 3.139999 
T7 Level 4.006866 
Closing PU11
ITERATION 150 ------------- 
T5 Level 3.139999 
T7 Level 4.006866 
Closing PU11
ITERATION 151 ------------- 
T5 Level 3.104882 
T7 Level 4.059343 
Closing PU11
ITERATION 152 ------------- 
T5 Level 3.104882 
T7 Level 4.059343 
Closing PU11
ITERATION 153 ------------- 
T5 Level 3.104882 
T7 Level 4.059343 
Closing PU11
ITERATION 154 ------------- 
T5 Level 3.104882 
T7 Level 4.111698 
Closing PU11
ITERATION 155 ------------- 
T5 Level 3.069765 
T7 Level 4.111698 
Closing PU11
ITERATION 156 ------------- 
T5 Level 3.069765 
T7 Level 4.111698 
Closing PU11
ITERATION 157 ------------- 
T5 Level 3.069765 
T7 Level 4.111698 
Closing PU11
ITERATION 158 ------------- 
T5 Level 3.034648 
T7 Level 4.163932 
Closing PU11
ITERATION 159 ------------- 
T5 Level 3.034648 
T7 Level 4.163932 
Closing PU11
ITERATION 160 ------------- 
T5 Level 3.034648 
T7 Level 4.163932 
Closing PU11
ITERATION 161 ------------- 
T5 Level 3.034648 
T7 Level 4.216045 
Closing PU11
ITERATION 162 ------------- 
T5 Level 2.999531 
T7 Level 4.216045 
Closing PU11
ITERATION 163 ------------- 
T5 Level 2.999531 
T7 Level 4.216045 
Closing PU11
ITERATION 164 ------------- 
T5 Level 2.999531 
T7 Level 4.268580 
Closing PU11
ITERATION 165 ------------- 
T5 Level 2.964414 
T7 Level 4.268580 
Closing PU11
ITERATION 166 ------------- 
T5 Level 2.964414 
T7 Level 4.268580 
Closing PU11
ITERATION 167 ------------- 
T5 Level 2.964414 
T7 Level 4.268580 
Closing PU11
ITERATION 168 ------------- 
T5 Level 2.929297 
T7 Level 4.321001 
Closing PU11
ITERATION 169 ------------- 
T5 Level 2.929297 
T7 Level 4.321001 
Closing PU11
ITERATION 170 ------------- 
T5 Level 2.929297 
T7 Level 4.321001 
Closing PU11
ITERATION 171 ------------- 
T5 Level 2.929297 
T7 Level 4.373307 
Closing PU11
ITERATION 172 ------------- 
T5 Level 2.894180 
T7 Level 4.373307 
Closing PU11
ITERATION 173 ------------- 
T5 Level 2.894180 
T7 Level 4.373307 
Closing PU11
ITERATION 174 ------------- 
T5 Level 2.894180 
T7 Level 4.458782 
Closing PU11
ITERATION 175 ------------- 
T5 Level 2.864574 
T7 Level 4.458782 
Closing PU11
ITERATION 176 ------------- 
T5 Level 2.864574 
T7 Level 4.458782 
Closing PU11
ITERATION 177 ------------- 
T5 Level 2.864574 
T7 Level 4.458782 
Closing PU11
ITERATION 178 ------------- 
T5 Level 2.834968 
T7 Level 4.544067 
Closing PU11
ITERATION 179 ------------- 
T5 Level 2.834968 
T7 Level 4.544067 
Closing PU11
ITERATION 180 ------------- 
T5 Level 2.834968 
T7 Level 4.544067 
Closing PU11
ITERATION 181 ------------- 
T5 Level 2.834968 
T7 Level 4.629161 
Closing PU11
ITERATION 182 ------------- 
T5 Level 2.805362 
T7 Level 4.629161 
Closing PU11
ITERATION 183 ------------- 
T5 Level 2.805362 
T7 Level 4.629161 
Closing PU11
ITERATION 184 ------------- 
T5 Level 2.805362 
T7 Level 4.714066 
Closing PU11
ITERATION 185 ------------- 
T5 Level 2.775757 
T7 Level 4.714066 
Closing PU11
ITERATION 186 ------------- 
T5 Level 2.775757 
T7 Level 4.714066 
Closing PU11
ITERATION 187 ------------- 
T5 Level 2.775757 
T7 Level 4.714066 
Closing PU11
ITERATION 188 ------------- 
T5 Level 2.746151 
T7 Level 4.798781 
Closing PU11
ITERATION 189 ------------- 
T5 Level 2.746151 
T7 Level 4.798781 
Closing PU11
ITERATION 190 ------------- 
T5 Level 2.746151 
T7 Level 4.798781 
Closing PU11
ITERATION 191 ------------- 
T5 Level 2.716545 
T7 Level 4.883308 
Closing PU10
Closing PU11
ITERATION 192 ------------- 
T5 Level 2.716545 
T7 Level 4.883308 
Closing PU10
Closing PU11
ITERATION 193 ------------- 
T5 Level 2.716545 
T7 Level 4.883308 
Closing PU10
Closing PU11
ITERATION 194 ------------- 
T5 Level 2.716545 
T7 Level 4.967647 
Closing PU10
Closing PU11
ITERATION 195 ------------- 
T5 Level 2.686939 
T7 Level 4.967647 
Closing PU10
Closing PU11
ITERATION 196 ------------- 
T5 Level 2.686939 
T7 Level 4.967647 
Closing PU10
Closing PU11
ITERATION 197 ------------- 
T5 Level 2.686939 
T7 Level 4.967647 
Closing PU10
Closing PU11
ITERATION 198 ------------- 
T5 Level 2.686939 
T7 Level 4.967647 
Closing PU10
Closing PU11
ITERATION 199 ------------- 
T5 Level 2.686939 
T7 Level 4.967647 
Closing PU10
Closing PU11
ITERATION 200 ------------- 
T5 Level 2.686939 
T7 Level 4.967647 
Closing PU10
Closing PU11
ITERATION 201 ------------- 
T5 Level 2.686939 
T7 Level 4.967647 
Closing PU10
Closing PU11
ITERATION 202 ------------- 
T5 Level 2.686939 
T7 Level 4.967647 
Closing PU10
Closing PU11
ITERATION 203 ------------- 
T5 Level 2.686939 
T7 Level 4.967647 
Closing PU10
Closing PU11
ITERATION 204 ------------- 
T5 Level 2.686939 
T7 Level 4.967647 
Closing PU10
Closing PU11
ITERATION 205 ------------- 
T5 Level 2.686939 
T7 Level 4.967647 
Closing PU10
Closing PU11
ITERATION 206 ------------- 
T5 Level 2.686939 
T7 Level 4.967647 
Closing PU10
Closing PU11
ITERATION 207 ------------- 
T5 Level 2.686939 
T7 Level 4.967647 
Closing PU10
Closing PU11
ITERATION 208 ------------- 
T5 Level 2.686939 
T7 Level 4.967647 
Closing PU10
Closing PU11
ITERATION 209 ------------- 
T5 Level 2.686939 
T7 Level 4.967647 
Closing PU10
Closing PU11
ITERATION 210 ------------- 
T5 Level 2.686939 
T7 Level 4.967647 
Closing PU10
Closing PU11
ITERATION 211 ------------- 
T5 Level 2.686939 
T7 Level 4.967647 
Closing PU10
Closing PU11
ITERATION 212 ------------- 
T5 Level 2.686939 
T7 Level 4.967647 
Closing PU10
Closing PU11
ITERATION 213 ------------- 
T5 Level 2.686939 
T7 Level 4.967647 
Closing PU10
Closing PU11
ITERATION 214 ------------- 
T5 Level 2.686939 
T7 Level 4.967647 
Closing PU10
Closing PU11
ITERATION 215 ------------- 
T5 Level 2.686939 
T7 Level 4.967647 
Closing PU10
Closing PU11
ITERATION 216 ------------- 
T5 Level 2.686939 
T7 Level 4.967647 
Closing PU10
Closing PU11
ITERATION 217 ------------- 
T5 Level 2.686939 
T7 Level 4.967647 
Closing PU10
Closing PU11
ITERATION 218 ------------- 
T5 Level 2.686939 
T7 Level 4.967647 
Closing PU10
Closing PU11
ITERATION 219 ------------- 
T5 Level 2.686939 
T7 Level 4.967647 
Closing PU10
Closing PU11
ITERATION 220 ------------- 
T5 Level 2.686939 
T7 Level 4.967647 
Closing PU10
Closing PU11
ITERATION 221 ------------- 
T5 Level 2.686939 
T7 Level 4.967647 
Closing PU10
Closing PU11
ITERATION 222 ------------- 
T5 Level 2.686939 
T7 Level 4.967647 
Closing PU10
Closing PU11
ITERATION 223 ------------- 
T5 Level 2.686939 
T7 Level 4.967647 
Closing PU10
Closing PU11
ITERATION 224 ------------- 
T5 Level 2.686939 
T7 Level 4.967647 
Closing PU10
Closing PU11
ITERATION 225 ------------- 
T5 Level 2.686939 
T7 Level 4.967647 
Closing PU10
Closing PU11
ITERATION 226 ------------- 
T5 Level 2.686939 
T7 Level 4.967647 
Closing PU10
Closing PU11
ITERATION 227 ------------- 
T5 Level 2.686939 
T7 Level 4.967647 
Closing PU10
Closing PU11
ITERATION 228 ------------- 
T5 Level 2.686939 
T7 Level 4.967647 
Closing PU10
Closing PU11
ITERATION 229 ------------- 
T5 Level 2.686939 
T7 Level 4.967647 
Closing PU10
Closing PU11
ITERATION 230 ------------- 
T5 Level 2.686939 
T7 Level 4.967647 
Closing PU10
Closing PU11
ITERATION 231 ------------- 
T5 Level 2.686939 
T7 Level 4.967647 
Closing PU10
Closing PU11
ITERATION 232 ------------- 
T5 Level 2.686939 
T7 Level 4.967647 
Closing PU10
Closing PU11
ITERATION 233 ------------- 
T5 Level 2.686939 
T7 Level 4.967647 
Closing PU10
Closing PU11
ITERATION 234 ------------- 
T5 Level 2.686939 
T7 Level 4.967647 
Closing PU10
Closing PU11
ITERATION 235 ------------- 
T5 Level 2.686939 
T7 Level 4.967647 
Closing PU10
Closing PU11
ITERATION 236 ------------- 
T5 Level 2.686939 
T7 Level 4.967647 
Closing PU10
Closing PU11
ITERATION 237 ------------- 
T5 Level 2.686939 
T7 Level 4.967647 
Closing PU10
Closing PU11
ITERATION 238 ------------- 
T5 Level 2.686939 
T7 Level 4.967647 
Closing PU10
Closing PU11
ITERATION 239 ------------- 
T5 Level 2.686939 
T7 Level 4.967647 
Closing PU10
Closing PU11
ITERATION 240 ------------- 
T5 Level 2.686939 
T7 Level 4.967647 
Closing PU10
Closing PU11
ITERATION 241 ------------- 
T5 Level 2.686939 
T7 Level 4.967647 
Closing PU10
Closing PU11
ITERATION 242 ------------- 
T5 Level 2.686939 
T7 Level 4.967647 
Closing PU10
Closing PU11
ITERATION 243 ------------- 
T5 Level 2.686939 
T7 Level 4.967647 
Closing PU10
Closing PU11
ITERATION 244 ------------- 
T5 Level 2.686939 
T7 Level 4.967647 
Closing PU10
Closing PU11
ITERATION 245 ------------- 
T5 Level 2.686939 
T7 Level 4.967647 
Closing PU10
Closing PU11
ITERATION 246 ------------- 
T5 Level 2.686939 
T7 Level 4.967647 
Closing PU10
Closing PU11
ITERATION 247 ------------- 
T5 Level 2.686939 
T7 Level 4.967647 
Closing PU10
Closing PU11
DEBUG plc5 shutdown
plc5
Stopping Tcp dump process on PLC...
Stopping PLC...
