Running simulation with week index: 19
Running simulation using PDD
Starting simulation for ctown_map.inp topology 
Simulation will run for 10 days. Hydraulic timestep is 300 for a total of 2880.0 iterations 
ITERATION 0 ------------- 
ITERATION 1 ------------- 
ITERATION 2 ------------- 
ITERATION 3 ------------- 
ITERATION 4 ------------- 
ITERATION 5 ------------- 
ITERATION 6 ------------- 
ITERATION 7 ------------- 
ITERATION 8 ------------- 
ITERATION 9 ------------- 
ITERATION 10 ------------- 
ITERATION 11 ------------- 
ITERATION 12 ------------- 
ITERATION 13 ------------- 
ITERATION 14 ------------- 
ITERATION 15 ------------- 
ITERATION 16 ------------- 
ITERATION 17 ------------- 
ITERATION 18 ------------- 
ITERATION 19 ------------- 
ITERATION 20 ------------- 
ITERATION 21 ------------- 
ITERATION 22 ------------- 
ITERATION 23 ------------- 
ITERATION 24 ------------- 
ITERATION 25 ------------- 
ITERATION 26 ------------- 
ITERATION 27 ------------- 
ITERATION 28 ------------- 
ITERATION 29 ------------- 
ITERATION 30 ------------- 
ITERATION 31 ------------- 
ITERATION 32 ------------- 
ITERATION 33 ------------- 
ITERATION 34 ------------- 
ITERATION 35 ------------- 
ITERATION 36 ------------- 
ITERATION 37 ------------- 
ITERATION 38 ------------- 
ITERATION 39 ------------- 
ITERATION 40 ------------- 
ITERATION 41 ------------- 
ITERATION 42 ------------- 
ITERATION 43 ------------- 
ITERATION 44 ------------- 
ITERATION 45 ------------- 
ITERATION 46 ------------- 
ITERATION 47 ------------- 
ITERATION 48 ------------- 
ITERATION 49 ------------- 
ITERATION 50 ------------- 
ITERATION 51 ------------- 
ITERATION 52 ------------- 
ITERATION 53 ------------- 
ITERATION 54 ------------- 
ITERATION 55 ------------- 
ITERATION 56 ------------- 
ITERATION 57 ------------- 
ITERATION 58 ------------- 
ITERATION 59 ------------- 
ITERATION 60 ------------- 
ITERATION 61 ------------- 
ITERATION 62 ------------- 
ITERATION 63 ------------- 
ITERATION 64 ------------- 
ITERATION 65 ------------- 
ITERATION 66 ------------- 
ITERATION 67 ------------- 
ITERATION 68 ------------- 
ITERATION 69 ------------- 
ITERATION 70 ------------- 
ITERATION 71 ------------- 
ITERATION 72 ------------- 
ITERATION 73 ------------- 
ITERATION 74 ------------- 
ITERATION 75 ------------- 
ITERATION 76 ------------- 
ITERATION 77 ------------- 
ITERATION 78 ------------- 
ITERATION 79 ------------- 
ITERATION 80 ------------- 
ITERATION 81 ------------- 
ITERATION 82 ------------- 
ITERATION 83 ------------- 
ITERATION 84 ------------- 
ITERATION 85 ------------- 
ITERATION 86 ------------- 
ITERATION 87 ------------- 
ITERATION 88 ------------- 
ITERATION 89 ------------- 
ITERATION 90 ------------- 
ITERATION 91 ------------- 
ITERATION 92 ------------- 
ITERATION 93 ------------- 
ITERATION 94 ------------- 
ITERATION 95 ------------- 
ITERATION 96 ------------- 
ITERATION 97 ------------- 
ITERATION 98 ------------- 
ITERATION 99 ------------- 
ITERATION 100 ------------- 
ITERATION 101 ------------- 
ITERATION 102 ------------- 
ITERATION 103 ------------- 
ITERATION 104 ------------- 
ITERATION 105 ------------- 
ITERATION 106 ------------- 
ITERATION 107 ------------- 
ITERATION 108 ------------- 
ITERATION 109 ------------- 
ITERATION 110 ------------- 
ITERATION 111 ------------- 
ITERATION 112 ------------- 
ITERATION 113 ------------- 
ITERATION 114 ------------- 
ITERATION 115 ------------- 
ITERATION 116 ------------- 
ITERATION 117 ------------- 
ITERATION 118 ------------- 
ITERATION 119 ------------- 
ITERATION 120 ------------- 
ITERATION 121 ------------- 
ITERATION 122 ------------- 
ITERATION 123 ------------- 
ITERATION 124 ------------- 
ITERATION 125 ------------- 
ITERATION 126 ------------- 
ITERATION 127 ------------- 
ITERATION 128 ------------- 
ITERATION 129 ------------- 
ITERATION 130 ------------- 
ITERATION 131 ------------- 
ITERATION 132 ------------- 
ITERATION 133 ------------- 
ITERATION 134 ------------- 
ITERATION 135 ------------- 
ITERATION 136 ------------- 
ITERATION 137 ------------- 
ITERATION 138 ------------- 
ITERATION 139 ------------- 
ITERATION 140 ------------- 
ITERATION 141 ------------- 
ITERATION 142 ------------- 
ITERATION 143 ------------- 
ITERATION 144 ------------- 
ITERATION 145 ------------- 
ITERATION 146 ------------- 
ITERATION 147 ------------- 
ITERATION 148 ------------- 
ITERATION 149 ------------- 
ITERATION 150 ------------- 
ITERATION 151 ------------- 
ITERATION 152 ------------- 
ITERATION 153 ------------- 
ITERATION 154 ------------- 
ITERATION 155 ------------- 
ITERATION 156 ------------- 
ITERATION 157 ------------- 
ITERATION 158 ------------- 
ITERATION 159 ------------- 
ITERATION 160 ------------- 
ITERATION 161 ------------- 
ITERATION 162 ------------- 
ITERATION 163 ------------- 
ITERATION 164 ------------- 
ITERATION 165 ------------- 
ITERATION 166 ------------- 
ITERATION 167 ------------- 
ITERATION 168 ------------- 
ITERATION 169 ------------- 
ITERATION 170 ------------- 
ITERATION 171 ------------- 
ITERATION 172 ------------- 
ITERATION 173 ------------- 
ITERATION 174 ------------- 
ITERATION 175 ------------- 
ITERATION 176 ------------- 
ITERATION 177 ------------- 
ITERATION 178 ------------- 
ITERATION 179 ------------- 
ITERATION 180 ------------- 
ITERATION 181 ------------- 
ITERATION 182 ------------- 
ITERATION 183 ------------- 
ITERATION 184 ------------- 
ITERATION 185 ------------- 
ITERATION 186 ------------- 
ITERATION 187 ------------- 
ITERATION 188 ------------- 
ITERATION 189 ------------- 
ITERATION 190 ------------- 
ITERATION 191 ------------- 
ITERATION 192 ------------- 
ITERATION 193 ------------- 
ITERATION 194 ------------- 
ITERATION 195 ------------- 
ITERATION 196 ------------- 
ITERATION 197 ------------- 
ITERATION 198 ------------- 
ITERATION 199 ------------- 
ITERATION 200 ------------- 
ITERATION 201 ------------- 
ITERATION 202 ------------- 
ITERATION 203 ------------- 
ITERATION 204 ------------- 
ITERATION 205 ------------- 
ITERATION 206 ------------- 
ITERATION 207 ------------- 
ITERATION 208 ------------- 
ITERATION 209 ------------- 
ITERATION 210 ------------- 
ITERATION 211 ------------- 
ITERATION 212 ------------- 
ITERATION 213 ------------- 
ITERATION 214 ------------- 
ITERATION 215 ------------- 
ITERATION 216 ------------- 
ITERATION 217 ------------- 
ITERATION 218 ------------- 
ITERATION 219 ------------- 
ITERATION 220 ------------- 
ITERATION 221 ------------- 
ITERATION 222 ------------- 
ITERATION 223 ------------- 
ITERATION 224 ------------- 
ITERATION 225 ------------- 
ITERATION 226 ------------- 
ITERATION 227 ------------- 
ITERATION 228 ------------- 
ITERATION 229 ------------- 
ITERATION 230 ------------- 
ITERATION 231 ------------- 
ITERATION 232 ------------- 
ITERATION 233 ------------- 
ITERATION 234 ------------- 
ITERATION 235 ------------- 
ITERATION 236 ------------- 
ITERATION 237 ------------- 
ITERATION 238 ------------- 
ITERATION 239 ------------- 
ITERATION 240 ------------- 
ITERATION 241 ------------- 
ITERATION 242 ------------- 
ITERATION 243 ------------- 
ITERATION 244 ------------- 
ITERATION 245 ------------- 
ITERATION 246 ------------- 
ITERATION 247 ------------- 
ITERATION 248 ------------- 
ITERATION 249 ------------- 
ITERATION 250 ------------- 
ITERATION 251 ------------- 
ITERATION 252 ------------- 
ITERATION 253 ------------- 
ITERATION 254 ------------- 
ITERATION 255 ------------- 
ITERATION 256 ------------- 
ITERATION 257 ------------- 
ITERATION 258 ------------- 
ITERATION 259 ------------- 
ITERATION 260 ------------- 
ITERATION 261 ------------- 
ITERATION 262 ------------- 
ITERATION 263 ------------- 
ITERATION 264 ------------- 
ITERATION 265 ------------- 
ITERATION 266 ------------- 
ITERATION 267 ------------- 
ITERATION 268 ------------- 
ITERATION 269 ------------- 
ITERATION 270 ------------- 
ITERATION 271 ------------- 
ITERATION 272 ------------- 
ITERATION 273 ------------- 
ITERATION 274 ------------- 
ITERATION 275 ------------- 
ITERATION 276 ------------- 
ITERATION 277 ------------- 
ITERATION 278 ------------- 
ITERATION 279 ------------- 
ITERATION 280 ------------- 
ITERATION 281 ------------- 
ITERATION 282 ------------- 
ITERATION 283 ------------- 
ITERATION 284 ------------- 
ITERATION 285 ------------- 
ITERATION 286 ------------- 
ITERATION 287 ------------- 
ITERATION 288 ------------- 
ITERATION 289 ------------- 
ITERATION 290 ------------- 
ITERATION 291 ------------- 
ITERATION 292 ------------- 
ITERATION 293 ------------- 
ITERATION 294 ------------- 
ITERATION 295 ------------- 
ITERATION 296 ------------- 
ITERATION 297 ------------- 
ITERATION 298 ------------- 
ITERATION 299 ------------- 
ITERATION 300 ------------- 
ITERATION 301 ------------- 
ITERATION 302 ------------- 
ITERATION 303 ------------- 
ITERATION 304 ------------- 
ITERATION 305 ------------- 
ITERATION 306 ------------- 
ITERATION 307 ------------- 
ITERATION 308 ------------- 
ITERATION 309 ------------- 
ITERATION 310 ------------- 
ITERATION 311 ------------- 
ITERATION 312 ------------- 
ITERATION 313 ------------- 
ITERATION 314 ------------- 
ITERATION 315 ------------- 
ITERATION 316 ------------- 
ITERATION 317 ------------- 
ITERATION 318 ------------- 
ITERATION 319 ------------- 
ITERATION 320 ------------- 
ITERATION 321 ------------- 
ITERATION 322 ------------- 
ITERATION 323 ------------- 
ITERATION 324 ------------- 
ITERATION 325 ------------- 
ITERATION 326 ------------- 
ITERATION 327 ------------- 
ITERATION 328 ------------- 
ITERATION 329 ------------- 
ITERATION 330 ------------- 
ITERATION 331 ------------- 
ITERATION 332 ------------- 
ITERATION 333 ------------- 
ITERATION 334 ------------- 
ITERATION 335 ------------- 
ITERATION 336 ------------- 
ITERATION 337 ------------- 
ITERATION 338 ------------- 
ITERATION 339 ------------- 
ITERATION 340 ------------- 
ITERATION 341 ------------- 
ITERATION 342 ------------- 
ITERATION 343 ------------- 
ITERATION 344 ------------- 
ITERATION 345 ------------- 
ITERATION 346 ------------- 
ITERATION 347 ------------- 
ITERATION 348 ------------- 
ITERATION 349 ------------- 
ITERATION 350 ------------- 
ITERATION 351 ------------- 
ITERATION 352 ------------- 
ITERATION 353 ------------- 
ITERATION 354 ------------- 
ITERATION 355 ------------- 
ITERATION 356 ------------- 
ITERATION 357 ------------- 
ITERATION 358 ------------- 
ITERATION 359 ------------- 
ITERATION 360 ------------- 
ITERATION 361 ------------- 
ITERATION 362 ------------- 
ITERATION 363 ------------- 
ITERATION 364 ------------- 
ITERATION 365 ------------- 
ITERATION 366 ------------- 
ITERATION 367 ------------- 
ITERATION 368 ------------- 
ITERATION 369 ------------- 
ITERATION 370 ------------- 
ITERATION 371 ------------- 
ITERATION 372 ------------- 
ITERATION 373 ------------- 
ITERATION 374 ------------- 
ITERATION 375 ------------- 
ITERATION 376 ------------- 
ITERATION 377 ------------- 
ITERATION 378 ------------- 
ITERATION 379 ------------- 
ITERATION 380 ------------- 
ITERATION 381 ------------- 
ITERATION 382 ------------- 
ITERATION 383 ------------- 
ITERATION 384 ------------- 
ITERATION 385 ------------- 
ITERATION 386 ------------- 
ITERATION 387 ------------- 
ITERATION 388 ------------- 
ITERATION 389 ------------- 
ITERATION 390 ------------- 
ITERATION 391 ------------- 
ITERATION 392 ------------- 
ITERATION 393 ------------- 
ITERATION 394 ------------- 
ITERATION 395 ------------- 
ITERATION 396 ------------- 
ITERATION 397 ------------- 
ITERATION 398 ------------- 
ITERATION 399 ------------- 
ITERATION 400 ------------- 
ITERATION 401 ------------- 
ITERATION 402 ------------- 
ITERATION 403 ------------- 
ITERATION 404 ------------- 
ITERATION 405 ------------- 
ITERATION 406 ------------- 
ITERATION 407 ------------- 
ITERATION 408 ------------- 
ITERATION 409 ------------- 
ITERATION 410 ------------- 
ITERATION 411 ------------- 
ITERATION 412 ------------- 
ITERATION 413 ------------- 
ITERATION 414 ------------- 
ITERATION 415 ------------- 
ITERATION 416 ------------- 
ITERATION 417 ------------- 
ITERATION 418 ------------- 
ITERATION 419 ------------- 
ITERATION 420 ------------- 
ITERATION 421 ------------- 
ITERATION 422 ------------- 
ITERATION 423 ------------- 
ITERATION 424 ------------- 
ITERATION 425 ------------- 
ITERATION 426 ------------- 
ITERATION 427 ------------- 
ITERATION 428 ------------- 
ITERATION 429 ------------- 
ITERATION 430 ------------- 
ITERATION 431 ------------- 
ITERATION 432 ------------- 
ITERATION 433 ------------- 
ITERATION 434 ------------- 
ITERATION 435 ------------- 
ITERATION 436 ------------- 
ITERATION 437 ------------- 
ITERATION 438 ------------- 
ITERATION 439 ------------- 
ITERATION 440 ------------- 
ITERATION 441 ------------- 
ITERATION 442 ------------- 
ITERATION 443 ------------- 
ITERATION 444 ------------- 
ITERATION 445 ------------- 
ITERATION 446 ------------- 
ITERATION 447 ------------- 
ITERATION 448 ------------- 
ITERATION 449 ------------- 
ITERATION 450 ------------- 
ITERATION 451 ------------- 
ITERATION 452 ------------- 
ITERATION 453 ------------- 
ITERATION 454 ------------- 
ITERATION 455 ------------- 
ITERATION 456 ------------- 
ITERATION 457 ------------- 
ITERATION 458 ------------- 
ITERATION 459 ------------- 
ITERATION 460 ------------- 
ITERATION 461 ------------- 
ITERATION 462 ------------- 
ITERATION 463 ------------- 
ITERATION 464 ------------- 
ITERATION 465 ------------- 
ITERATION 466 ------------- 
ITERATION 467 ------------- 
ITERATION 468 ------------- 
ITERATION 469 ------------- 
ITERATION 470 ------------- 
ITERATION 471 ------------- 
ITERATION 472 ------------- 
ITERATION 473 ------------- 
ITERATION 474 ------------- 
ITERATION 475 ------------- 
ITERATION 476 ------------- 
ITERATION 477 ------------- 
ITERATION 478 ------------- 
ITERATION 479 ------------- 
ITERATION 480 ------------- 
ITERATION 481 ------------- 
ITERATION 482 ------------- 
ITERATION 483 ------------- 
ITERATION 484 ------------- 
ITERATION 485 ------------- 
ITERATION 486 ------------- 
ITERATION 487 ------------- 
ITERATION 488 ------------- 
ITERATION 489 ------------- 
ITERATION 490 ------------- 
ITERATION 491 ------------- 
ITERATION 492 ------------- 
ITERATION 493 ------------- 
ITERATION 494 ------------- 
ITERATION 495 ------------- 
ITERATION 496 ------------- 
ITERATION 497 ------------- 
ITERATION 498 ------------- 
ITERATION 499 ------------- 
ITERATION 500 ------------- 
ITERATION 501 ------------- 
ITERATION 502 ------------- 
ITERATION 503 ------------- 
ITERATION 504 ------------- 
ITERATION 505 ------------- 
ITERATION 506 ------------- 
ITERATION 507 ------------- 
ITERATION 508 ------------- 
ITERATION 509 ------------- 
ITERATION 510 ------------- 
ITERATION 511 ------------- 
ITERATION 512 ------------- 
ITERATION 513 ------------- 
ITERATION 514 ------------- 
ITERATION 515 ------------- 
ITERATION 516 ------------- 
ITERATION 517 ------------- 
ITERATION 518 ------------- 
ITERATION 519 ------------- 
ITERATION 520 ------------- 
ITERATION 521 ------------- 
ITERATION 522 ------------- 
ITERATION 523 ------------- 
ITERATION 524 ------------- 
ITERATION 525 ------------- 
ITERATION 526 ------------- 
ITERATION 527 ------------- 
ITERATION 528 ------------- 
ITERATION 529 ------------- 
ITERATION 530 ------------- 
ITERATION 531 ------------- 
ITERATION 532 ------------- 
ITERATION 533 ------------- 
ITERATION 534 ------------- 
ITERATION 535 ------------- 
ITERATION 536 ------------- 
ITERATION 537 ------------- 
ITERATION 538 ------------- 
ITERATION 539 ------------- 
ITERATION 540 ------------- 
ITERATION 541 ------------- 
ITERATION 542 ------------- 
ITERATION 543 ------------- 
ITERATION 544 ------------- 
ITERATION 545 ------------- 
ITERATION 546 ------------- 
ITERATION 547 ------------- 
ITERATION 548 ------------- 
ITERATION 549 ------------- 
ITERATION 550 ------------- 
ITERATION 551 ------------- 
ITERATION 552 ------------- 
ITERATION 553 ------------- 
ITERATION 554 ------------- 
ITERATION 555 ------------- 
ITERATION 556 ------------- 
ITERATION 557 ------------- 
ITERATION 558 ------------- 
ITERATION 559 ------------- 
ITERATION 560 ------------- 
ITERATION 561 ------------- 
ITERATION 562 ------------- 
ITERATION 563 ------------- 
ITERATION 564 ------------- 
ITERATION 565 ------------- 
ITERATION 566 ------------- 
ITERATION 567 ------------- 
ITERATION 568 ------------- 
ITERATION 569 ------------- 
ITERATION 570 ------------- 
ITERATION 571 ------------- 
ITERATION 572 ------------- 
ITERATION 573 ------------- 
ITERATION 574 ------------- 
ITERATION 575 ------------- 
ITERATION 576 ------------- 
ITERATION 577 ------------- 
ITERATION 578 ------------- 
ITERATION 579 ------------- 
ITERATION 580 ------------- 
ITERATION 581 ------------- 
ITERATION 582 ------------- 
ITERATION 583 ------------- 
ITERATION 584 ------------- 
ITERATION 585 ------------- 
ITERATION 586 ------------- 
ITERATION 587 ------------- 
ITERATION 588 ------------- 
ITERATION 589 ------------- 
ITERATION 590 ------------- 
ITERATION 591 ------------- 
ITERATION 592 ------------- 
ITERATION 593 ------------- 
ITERATION 594 ------------- 
ITERATION 595 ------------- 
ITERATION 596 ------------- 
ITERATION 597 ------------- 
ITERATION 598 ------------- 
ITERATION 599 ------------- 
ITERATION 600 ------------- 
ITERATION 601 ------------- 
ITERATION 602 ------------- 
ITERATION 603 ------------- 
ITERATION 604 ------------- 
ITERATION 605 ------------- 
ITERATION 606 ------------- 
ITERATION 607 ------------- 
ITERATION 608 ------------- 
ITERATION 609 ------------- 
ITERATION 610 ------------- 
ITERATION 611 ------------- 
ITERATION 612 ------------- 
ITERATION 613 ------------- 
ITERATION 614 ------------- 
ITERATION 615 ------------- 
ITERATION 616 ------------- 
ITERATION 617 ------------- 
ITERATION 618 ------------- 
ITERATION 619 ------------- 
ITERATION 620 ------------- 
ITERATION 621 ------------- 
ITERATION 622 ------------- 
ITERATION 623 ------------- 
ITERATION 624 ------------- 
ITERATION 625 ------------- 
ITERATION 626 ------------- 
ITERATION 627 ------------- 
ITERATION 628 ------------- 
ITERATION 629 ------------- 
ITERATION 630 ------------- 
ITERATION 631 ------------- 
ITERATION 632 ------------- 
ITERATION 633 ------------- 
ITERATION 634 ------------- 
ITERATION 635 ------------- 
ITERATION 636 ------------- 
ITERATION 637 ------------- 
ITERATION 638 ------------- 
ITERATION 639 ------------- 
ITERATION 640 ------------- 
ITERATION 641 ------------- 
ITERATION 642 ------------- 
ITERATION 643 ------------- 
ITERATION 644 ------------- 
ITERATION 645 ------------- 
ITERATION 646 ------------- 
ITERATION 647 ------------- 
ITERATION 648 ------------- 
ITERATION 649 ------------- 
ITERATION 650 ------------- 
ITERATION 651 ------------- 
ITERATION 652 ------------- 
ITERATION 653 ------------- 
ITERATION 654 ------------- 
ITERATION 655 ------------- 
ITERATION 656 ------------- 
ITERATION 657 ------------- 
ITERATION 658 ------------- 
ITERATION 659 ------------- 
ITERATION 660 ------------- 
ITERATION 661 ------------- 
ITERATION 662 ------------- 
ITERATION 663 ------------- 
ITERATION 664 ------------- 
ITERATION 665 ------------- 
ITERATION 666 ------------- 
ITERATION 667 ------------- 
ITERATION 668 ------------- 
ITERATION 669 ------------- 
ITERATION 670 ------------- 
ITERATION 671 ------------- 
ITERATION 672 ------------- 
ITERATION 673 ------------- 
ITERATION 674 ------------- 
ITERATION 675 ------------- 
ITERATION 676 ------------- 
ITERATION 677 ------------- 
ITERATION 678 ------------- 
ITERATION 679 ------------- 
ITERATION 680 ------------- 
ITERATION 681 ------------- 
ITERATION 682 ------------- 
ITERATION 683 ------------- 
ITERATION 684 ------------- 
ITERATION 685 ------------- 
ITERATION 686 ------------- 
ITERATION 687 ------------- 
ITERATION 688 ------------- 
ITERATION 689 ------------- 
ITERATION 690 ------------- 
ITERATION 691 ------------- 
ITERATION 692 ------------- 
ITERATION 693 ------------- 
ITERATION 694 ------------- 
ITERATION 695 ------------- 
ITERATION 696 ------------- 
ITERATION 697 ------------- 
ITERATION 698 ------------- 
ITERATION 699 ------------- 
ITERATION 700 ------------- 
ITERATION 701 ------------- 
ITERATION 702 ------------- 
ITERATION 703 ------------- 
ITERATION 704 ------------- 
ITERATION 705 ------------- 
ITERATION 706 ------------- 
ITERATION 707 ------------- 
ITERATION 708 ------------- 
ITERATION 709 ------------- 
ITERATION 710 ------------- 
ITERATION 711 ------------- 
ITERATION 712 ------------- 
ITERATION 713 ------------- 
ITERATION 714 ------------- 
ITERATION 715 ------------- 
ITERATION 716 ------------- 
ITERATION 717 ------------- 
ITERATION 718 ------------- 
ITERATION 719 ------------- 
ITERATION 720 ------------- 
ITERATION 721 ------------- 
ITERATION 722 ------------- 
ITERATION 723 ------------- 
ITERATION 724 ------------- 
ITERATION 725 ------------- 
ITERATION 726 ------------- 
ITERATION 727 ------------- 
ITERATION 728 ------------- 
ITERATION 729 ------------- 
ITERATION 730 ------------- 
ITERATION 731 ------------- 
ITERATION 732 ------------- 
ITERATION 733 ------------- 
ITERATION 734 ------------- 
ITERATION 735 ------------- 
ITERATION 736 ------------- 
ITERATION 737 ------------- 
ITERATION 738 ------------- 
ITERATION 739 ------------- 
ITERATION 740 ------------- 
ITERATION 741 ------------- 
ITERATION 742 ------------- 
ITERATION 743 ------------- 
ITERATION 744 ------------- 
ITERATION 745 ------------- 
ITERATION 746 ------------- 
ITERATION 747 ------------- 
ITERATION 748 ------------- 
ITERATION 749 ------------- 
ITERATION 750 ------------- 
ITERATION 751 ------------- 
ITERATION 752 ------------- 
ITERATION 753 ------------- 
ITERATION 754 ------------- 
ITERATION 755 ------------- 
ITERATION 756 ------------- 
ITERATION 757 ------------- 
ITERATION 758 ------------- 
ITERATION 759 ------------- 
ITERATION 760 ------------- 
ITERATION 761 ------------- 
ITERATION 762 ------------- 
ITERATION 763 ------------- 
ITERATION 764 ------------- 
ITERATION 765 ------------- 
ITERATION 766 ------------- 
ITERATION 767 ------------- 
ITERATION 768 ------------- 
ITERATION 769 ------------- 
ITERATION 770 ------------- 
ITERATION 771 ------------- 
ITERATION 772 ------------- 
ITERATION 773 ------------- 
ITERATION 774 ------------- 
ITERATION 775 ------------- 
ITERATION 776 ------------- 
ITERATION 777 ------------- 
ITERATION 778 ------------- 
ITERATION 779 ------------- 
ITERATION 780 ------------- 
ITERATION 781 ------------- 
ITERATION 782 ------------- 
ITERATION 783 ------------- 
ITERATION 784 ------------- 
ITERATION 785 ------------- 
ITERATION 786 ------------- 
ITERATION 787 ------------- 
ITERATION 788 ------------- 
ITERATION 789 ------------- 
ITERATION 790 ------------- 
ITERATION 791 ------------- 
ITERATION 792 ------------- 
ITERATION 793 ------------- 
ITERATION 794 ------------- 
ITERATION 795 ------------- 
ITERATION 796 ------------- 
ITERATION 797 ------------- 
ITERATION 798 ------------- 
ITERATION 799 ------------- 
ITERATION 800 ------------- 
ITERATION 801 ------------- 
ITERATION 802 ------------- 
ITERATION 803 ------------- 
ITERATION 804 ------------- 
ITERATION 805 ------------- 
ITERATION 806 ------------- 
ITERATION 807 ------------- 
ITERATION 808 ------------- 
ITERATION 809 ------------- 
ITERATION 810 ------------- 
ITERATION 811 ------------- 
ITERATION 812 ------------- 
ITERATION 813 ------------- 
ITERATION 814 ------------- 
ITERATION 815 ------------- 
ITERATION 816 ------------- 
ITERATION 817 ------------- 
ITERATION 818 ------------- 
ITERATION 819 ------------- 
ITERATION 820 ------------- 
ITERATION 821 ------------- 
ITERATION 822 ------------- 
ITERATION 823 ------------- 
ITERATION 824 ------------- 
ITERATION 825 ------------- 
ITERATION 826 ------------- 
ITERATION 827 ------------- 
ITERATION 828 ------------- 
ITERATION 829 ------------- 
ITERATION 830 ------------- 
ITERATION 831 ------------- 
ITERATION 832 ------------- 
ITERATION 833 ------------- 
ITERATION 834 ------------- 
ITERATION 835 ------------- 
ITERATION 836 ------------- 
ITERATION 837 ------------- 
ITERATION 838 ------------- 
ITERATION 839 ------------- 
ITERATION 840 ------------- 
ITERATION 841 ------------- 
ITERATION 842 ------------- 
ITERATION 843 ------------- 
ITERATION 844 ------------- 
ITERATION 845 ------------- 
ITERATION 846 ------------- 
ITERATION 847 ------------- 
ITERATION 848 ------------- 
ITERATION 849 ------------- 
ITERATION 850 ------------- 
ITERATION 851 ------------- 
ITERATION 852 ------------- 
ITERATION 853 ------------- 
ITERATION 854 ------------- 
ITERATION 855 ------------- 
ITERATION 856 ------------- 
ITERATION 857 ------------- 
ITERATION 858 ------------- 
ITERATION 859 ------------- 
ITERATION 860 ------------- 
ITERATION 861 ------------- 
ITERATION 862 ------------- 
ITERATION 863 ------------- 
ITERATION 864 ------------- 
ITERATION 865 ------------- 
ITERATION 866 ------------- 
ITERATION 867 ------------- 
ITERATION 868 ------------- 
ITERATION 869 ------------- 
ITERATION 870 ------------- 
ITERATION 871 ------------- 
ITERATION 872 ------------- 
ITERATION 873 ------------- 
ITERATION 874 ------------- 
ITERATION 875 ------------- 
ITERATION 876 ------------- 
ITERATION 877 ------------- 
ITERATION 878 ------------- 
ITERATION 879 ------------- 
ITERATION 880 ------------- 
ITERATION 881 ------------- 
ITERATION 882 ------------- 
ITERATION 883 ------------- 
ITERATION 884 ------------- 
ITERATION 885 ------------- 
ITERATION 886 ------------- 
ITERATION 887 ------------- 
ITERATION 888 ------------- 
ITERATION 889 ------------- 
ITERATION 890 ------------- 
ITERATION 891 ------------- 
ITERATION 892 ------------- 
ITERATION 893 ------------- 
ITERATION 894 ------------- 
ITERATION 895 ------------- 
ITERATION 896 ------------- 
ITERATION 897 ------------- 
ITERATION 898 ------------- 
ITERATION 899 ------------- 
ITERATION 900 ------------- 
ITERATION 901 ------------- 
ITERATION 902 ------------- 
ITERATION 903 ------------- 
ITERATION 904 ------------- 
ITERATION 905 ------------- 
ITERATION 906 ------------- 
ITERATION 907 ------------- 
ITERATION 908 ------------- 
ITERATION 909 ------------- 
ITERATION 910 ------------- 
ITERATION 911 ------------- 
ITERATION 912 ------------- 
ITERATION 913 ------------- 
ITERATION 914 ------------- 
ITERATION 915 ------------- 
ITERATION 916 ------------- 
ITERATION 917 ------------- 
ITERATION 918 ------------- 
ITERATION 919 ------------- 
ITERATION 920 ------------- 
ITERATION 921 ------------- 
ITERATION 922 ------------- 
ITERATION 923 ------------- 
ITERATION 924 ------------- 
ITERATION 925 ------------- 
ITERATION 926 ------------- 
ITERATION 927 ------------- 
ITERATION 928 ------------- 
ITERATION 929 ------------- 
ITERATION 930 ------------- 
ITERATION 931 ------------- 
ITERATION 932 ------------- 
ITERATION 933 ------------- 
ITERATION 934 ------------- 
ITERATION 935 ------------- 
ITERATION 936 ------------- 
ITERATION 937 ------------- 
ITERATION 938 ------------- 
ITERATION 939 ------------- 
ITERATION 940 ------------- 
ITERATION 941 ------------- 
ITERATION 942 ------------- 
ITERATION 943 ------------- 
ITERATION 944 ------------- 
ITERATION 945 ------------- 
ITERATION 946 ------------- 
ITERATION 947 ------------- 
ITERATION 948 ------------- 
ITERATION 949 ------------- 
ITERATION 950 ------------- 
ITERATION 951 ------------- 
ITERATION 952 ------------- 
ITERATION 953 ------------- 
ITERATION 954 ------------- 
ITERATION 955 ------------- 
ITERATION 956 ------------- 
ITERATION 957 ------------- 
ITERATION 958 ------------- 
ITERATION 959 ------------- 
ITERATION 960 ------------- 
ITERATION 961 ------------- 
ITERATION 962 ------------- 
ITERATION 963 ------------- 
ITERATION 964 ------------- 
ITERATION 965 ------------- 
ITERATION 966 ------------- 
ITERATION 967 ------------- 
ITERATION 968 ------------- 
ITERATION 969 ------------- 
ITERATION 970 ------------- 
ITERATION 971 ------------- 
ITERATION 972 ------------- 
ITERATION 973 ------------- 
ITERATION 974 ------------- 
ITERATION 975 ------------- 
ITERATION 976 ------------- 
ITERATION 977 ------------- 
ITERATION 978 ------------- 
ITERATION 979 ------------- 
ITERATION 980 ------------- 
ITERATION 981 ------------- 
ITERATION 982 ------------- 
ITERATION 983 ------------- 
ITERATION 984 ------------- 
ITERATION 985 ------------- 
ITERATION 986 ------------- 
ITERATION 987 ------------- 
ITERATION 988 ------------- 
ITERATION 989 ------------- 
ITERATION 990 ------------- 
ITERATION 991 ------------- 
ITERATION 992 ------------- 
ITERATION 993 ------------- 
ITERATION 994 ------------- 
ITERATION 995 ------------- 
ITERATION 996 ------------- 
ITERATION 997 ------------- 
ITERATION 998 ------------- 
ITERATION 999 ------------- 
ITERATION 1000 ------------- 
ITERATION 1001 ------------- 
ITERATION 1002 ------------- 
ITERATION 1003 ------------- 
ITERATION 1004 ------------- 
ITERATION 1005 ------------- 
ITERATION 1006 ------------- 
ITERATION 1007 ------------- 
ITERATION 1008 ------------- 
ITERATION 1009 ------------- 
ITERATION 1010 ------------- 
ITERATION 1011 ------------- 
ITERATION 1012 ------------- 
ITERATION 1013 ------------- 
ITERATION 1014 ------------- 
ITERATION 1015 ------------- 
ITERATION 1016 ------------- 
ITERATION 1017 ------------- 
ITERATION 1018 ------------- 
ITERATION 1019 ------------- 
ITERATION 1020 ------------- 
ITERATION 1021 ------------- 
ITERATION 1022 ------------- 
ITERATION 1023 ------------- 
ITERATION 1024 ------------- 
ITERATION 1025 ------------- 
ITERATION 1026 ------------- 
ITERATION 1027 ------------- 
ITERATION 1028 ------------- 
ITERATION 1029 ------------- 
ITERATION 1030 ------------- 
ITERATION 1031 ------------- 
ITERATION 1032 ------------- 
ITERATION 1033 ------------- 
ITERATION 1034 ------------- 
ITERATION 1035 ------------- 
ITERATION 1036 ------------- 
ITERATION 1037 ------------- 
ITERATION 1038 ------------- 
ITERATION 1039 ------------- 
ITERATION 1040 ------------- 
ITERATION 1041 ------------- 
ITERATION 1042 ------------- 
ITERATION 1043 ------------- 
ITERATION 1044 ------------- 
ITERATION 1045 ------------- 
ITERATION 1046 ------------- 
ITERATION 1047 ------------- 
ITERATION 1048 ------------- 
ITERATION 1049 ------------- 
ITERATION 1050 ------------- 
ITERATION 1051 ------------- 
ITERATION 1052 ------------- 
ITERATION 1053 ------------- 
ITERATION 1054 ------------- 
ITERATION 1055 ------------- 
ITERATION 1056 ------------- 
ITERATION 1057 ------------- 
ITERATION 1058 ------------- 
ITERATION 1059 ------------- 
ITERATION 1060 ------------- 
ITERATION 1061 ------------- 
ITERATION 1062 ------------- 
ITERATION 1063 ------------- 
ITERATION 1064 ------------- 
ITERATION 1065 ------------- 
ITERATION 1066 ------------- 
ITERATION 1067 ------------- 
ITERATION 1068 ------------- 
ITERATION 1069 ------------- 
ITERATION 1070 ------------- 
ITERATION 1071 ------------- 
ITERATION 1072 ------------- 
ITERATION 1073 ------------- 
ITERATION 1074 ------------- 
ITERATION 1075 ------------- 
ITERATION 1076 ------------- 
ITERATION 1077 ------------- 
ITERATION 1078 ------------- 
ITERATION 1079 ------------- 
ITERATION 1080 ------------- 
ITERATION 1081 ------------- 
ITERATION 1082 ------------- 
ITERATION 1083 ------------- 
ITERATION 1084 ------------- 
ITERATION 1085 ------------- 
ITERATION 1086 ------------- 
ITERATION 1087 ------------- 
ITERATION 1088 ------------- 
ITERATION 1089 ------------- 
ITERATION 1090 ------------- 
ITERATION 1091 ------------- 
ITERATION 1092 ------------- 
ITERATION 1093 ------------- 
ITERATION 1094 ------------- 
ITERATION 1095 ------------- 
ITERATION 1096 ------------- 
ITERATION 1097 ------------- 
ITERATION 1098 ------------- 
ITERATION 1099 ------------- 
ITERATION 1100 ------------- 
ITERATION 1101 ------------- 
ITERATION 1102 ------------- 
ITERATION 1103 ------------- 
ITERATION 1104 ------------- 
ITERATION 1105 ------------- 
ITERATION 1106 ------------- 
ITERATION 1107 ------------- 
ITERATION 1108 ------------- 
ITERATION 1109 ------------- 
ITERATION 1110 ------------- 
ITERATION 1111 ------------- 
ITERATION 1112 ------------- 
ITERATION 1113 ------------- 
ITERATION 1114 ------------- 
ITERATION 1115 ------------- 
ITERATION 1116 ------------- 
ITERATION 1117 ------------- 
ITERATION 1118 ------------- 
ITERATION 1119 ------------- 
ITERATION 1120 ------------- 
ITERATION 1121 ------------- 
ITERATION 1122 ------------- 
ITERATION 1123 ------------- 
ITERATION 1124 ------------- 
ITERATION 1125 ------------- 
ITERATION 1126 ------------- 
ITERATION 1127 ------------- 
ITERATION 1128 ------------- 
ITERATION 1129 ------------- 
ITERATION 1130 ------------- 
ITERATION 1131 ------------- 
ITERATION 1132 ------------- 
ITERATION 1133 ------------- 
ITERATION 1134 ------------- 
ITERATION 1135 ------------- 
ITERATION 1136 ------------- 
ITERATION 1137 ------------- 
ITERATION 1138 ------------- 
ITERATION 1139 ------------- 
ITERATION 1140 ------------- 
ITERATION 1141 ------------- 
ITERATION 1142 ------------- 
ITERATION 1143 ------------- 
ITERATION 1144 ------------- 
ITERATION 1145 ------------- 
ITERATION 1146 ------------- 
ITERATION 1147 ------------- 
ITERATION 1148 ------------- 
ITERATION 1149 ------------- 
ITERATION 1150 ------------- 
ITERATION 1151 ------------- 
ITERATION 1152 ------------- 
ITERATION 1153 ------------- 
ITERATION 1154 ------------- 
ITERATION 1155 ------------- 
ITERATION 1156 ------------- 
ITERATION 1157 ------------- 
ITERATION 1158 ------------- 
ITERATION 1159 ------------- 
ITERATION 1160 ------------- 
ITERATION 1161 ------------- 
ITERATION 1162 ------------- 
ITERATION 1163 ------------- 
ITERATION 1164 ------------- 
ITERATION 1165 ------------- 
ITERATION 1166 ------------- 
ITERATION 1167 ------------- 
ITERATION 1168 ------------- 
ITERATION 1169 ------------- 
ITERATION 1170 ------------- 
ITERATION 1171 ------------- 
ITERATION 1172 ------------- 
ITERATION 1173 ------------- 
ITERATION 1174 ------------- 
ITERATION 1175 ------------- 
ITERATION 1176 ------------- 
ITERATION 1177 ------------- 
ITERATION 1178 ------------- 
ITERATION 1179 ------------- 
ITERATION 1180 ------------- 
ITERATION 1181 ------------- 
ITERATION 1182 ------------- 
ITERATION 1183 ------------- 
ITERATION 1184 ------------- 
ITERATION 1185 ------------- 
ITERATION 1186 ------------- 
ITERATION 1187 ------------- 
ITERATION 1188 ------------- 
ITERATION 1189 ------------- 
ITERATION 1190 ------------- 
ITERATION 1191 ------------- 
ITERATION 1192 ------------- 
ITERATION 1193 ------------- 
ITERATION 1194 ------------- 
ITERATION 1195 ------------- 
ITERATION 1196 ------------- 
ITERATION 1197 ------------- 
ITERATION 1198 ------------- 
ITERATION 1199 ------------- 
ITERATION 1200 ------------- 
ITERATION 1201 ------------- 
ITERATION 1202 ------------- 
ITERATION 1203 ------------- 
ITERATION 1204 ------------- 
ITERATION 1205 ------------- 
ITERATION 1206 ------------- 
ITERATION 1207 ------------- 
ITERATION 1208 ------------- 
ITERATION 1209 ------------- 
ITERATION 1210 ------------- 
ITERATION 1211 ------------- 
ITERATION 1212 ------------- 
ITERATION 1213 ------------- 
ITERATION 1214 ------------- 
ITERATION 1215 ------------- 
ITERATION 1216 ------------- 
ITERATION 1217 ------------- 
ITERATION 1218 ------------- 
ITERATION 1219 ------------- 
ITERATION 1220 ------------- 
ITERATION 1221 ------------- 
ITERATION 1222 ------------- 
ITERATION 1223 ------------- 
ITERATION 1224 ------------- 
ITERATION 1225 ------------- 
ITERATION 1226 ------------- 
ITERATION 1227 ------------- 
ITERATION 1228 ------------- 
ITERATION 1229 ------------- 
ITERATION 1230 ------------- 
ITERATION 1231 ------------- 
ITERATION 1232 ------------- 
ITERATION 1233 ------------- 
ITERATION 1234 ------------- 
ITERATION 1235 ------------- 
ITERATION 1236 ------------- 
ITERATION 1237 ------------- 
ITERATION 1238 ------------- 
ITERATION 1239 ------------- 
ITERATION 1240 ------------- 
ITERATION 1241 ------------- 
ITERATION 1242 ------------- 
ITERATION 1243 ------------- 
ITERATION 1244 ------------- 
ITERATION 1245 ------------- 
ITERATION 1246 ------------- 
ITERATION 1247 ------------- 
ITERATION 1248 ------------- 
ITERATION 1249 ------------- 
ITERATION 1250 ------------- 
ITERATION 1251 ------------- 
ITERATION 1252 ------------- 
ITERATION 1253 ------------- 
ITERATION 1254 ------------- 
ITERATION 1255 ------------- 
ITERATION 1256 ------------- 
ITERATION 1257 ------------- 
ITERATION 1258 ------------- 
ITERATION 1259 ------------- 
ITERATION 1260 ------------- 
ITERATION 1261 ------------- 
ITERATION 1262 ------------- 
ITERATION 1263 ------------- 
ITERATION 1264 ------------- 
ITERATION 1265 ------------- 
ITERATION 1266 ------------- 
ITERATION 1267 ------------- 
ITERATION 1268 ------------- 
ITERATION 1269 ------------- 
ITERATION 1270 ------------- 
ITERATION 1271 ------------- 
ITERATION 1272 ------------- 
ITERATION 1273 ------------- 
ITERATION 1274 ------------- 
ITERATION 1275 ------------- 
ITERATION 1276 ------------- 
ITERATION 1277 ------------- 
ITERATION 1278 ------------- 
ITERATION 1279 ------------- 
ITERATION 1280 ------------- 
ITERATION 1281 ------------- 
ITERATION 1282 ------------- 
ITERATION 1283 ------------- 
ITERATION 1284 ------------- 
ITERATION 1285 ------------- 
ITERATION 1286 ------------- 
ITERATION 1287 ------------- 
ITERATION 1288 ------------- 
ITERATION 1289 ------------- 
ITERATION 1290 ------------- 
ITERATION 1291 ------------- 
ITERATION 1292 ------------- 
ITERATION 1293 ------------- 
ITERATION 1294 ------------- 
ITERATION 1295 ------------- 
ITERATION 1296 ------------- 
ITERATION 1297 ------------- 
ITERATION 1298 ------------- 
ITERATION 1299 ------------- 
ITERATION 1300 ------------- 
ITERATION 1301 ------------- 
ITERATION 1302 ------------- 
ITERATION 1303 ------------- 
ITERATION 1304 ------------- 
ITERATION 1305 ------------- 
ITERATION 1306 ------------- 
ITERATION 1307 ------------- 
ITERATION 1308 ------------- 
ITERATION 1309 ------------- 
ITERATION 1310 ------------- 
ITERATION 1311 ------------- 
ITERATION 1312 ------------- 
ITERATION 1313 ------------- 
ITERATION 1314 ------------- 
ITERATION 1315 ------------- 
ITERATION 1316 ------------- 
ITERATION 1317 ------------- 
ITERATION 1318 ------------- 
ITERATION 1319 ------------- 
ITERATION 1320 ------------- 
ITERATION 1321 ------------- 
ITERATION 1322 ------------- 
ITERATION 1323 ------------- 
ITERATION 1324 ------------- 
ITERATION 1325 ------------- 
ITERATION 1326 ------------- 
ITERATION 1327 ------------- 
ITERATION 1328 ------------- 
ITERATION 1329 ------------- 
ITERATION 1330 ------------- 
ITERATION 1331 ------------- 
ITERATION 1332 ------------- 
ITERATION 1333 ------------- 
ITERATION 1334 ------------- 
ITERATION 1335 ------------- 
ITERATION 1336 ------------- 
ITERATION 1337 ------------- 
ITERATION 1338 ------------- 
ITERATION 1339 ------------- 
ITERATION 1340 ------------- 
ITERATION 1341 ------------- 
ITERATION 1342 ------------- 
ITERATION 1343 ------------- 
ITERATION 1344 ------------- 
ITERATION 1345 ------------- 
ITERATION 1346 ------------- 
ITERATION 1347 ------------- 
ITERATION 1348 ------------- 
ITERATION 1349 ------------- 
ITERATION 1350 ------------- 
ITERATION 1351 ------------- 
ITERATION 1352 ------------- 
ITERATION 1353 ------------- 
ITERATION 1354 ------------- 
ITERATION 1355 ------------- 
ITERATION 1356 ------------- 
ITERATION 1357 ------------- 
ITERATION 1358 ------------- 
ITERATION 1359 ------------- 
ITERATION 1360 ------------- 
ITERATION 1361 ------------- 
ITERATION 1362 ------------- 
ITERATION 1363 ------------- 
ITERATION 1364 ------------- 
ITERATION 1365 ------------- 
ITERATION 1366 ------------- 
ITERATION 1367 ------------- 
ITERATION 1368 ------------- 
ITERATION 1369 ------------- 
ITERATION 1370 ------------- 
ITERATION 1371 ------------- 
ITERATION 1372 ------------- 
ITERATION 1373 ------------- 
ITERATION 1374 ------------- 
ITERATION 1375 ------------- 
ITERATION 1376 ------------- 
ITERATION 1377 ------------- 
ITERATION 1378 ------------- 
ITERATION 1379 ------------- 
ITERATION 1380 ------------- 
ITERATION 1381 ------------- 
ITERATION 1382 ------------- 
ITERATION 1383 ------------- 
ITERATION 1384 ------------- 
ITERATION 1385 ------------- 
ITERATION 1386 ------------- 
ITERATION 1387 ------------- 
ITERATION 1388 ------------- 
ITERATION 1389 ------------- 
ITERATION 1390 ------------- 
ITERATION 1391 ------------- 
ITERATION 1392 ------------- 
ITERATION 1393 ------------- 
ITERATION 1394 ------------- 
ITERATION 1395 ------------- 
ITERATION 1396 ------------- 
ITERATION 1397 ------------- 
ITERATION 1398 ------------- 
ITERATION 1399 ------------- 
ITERATION 1400 ------------- 
ITERATION 1401 ------------- 
ITERATION 1402 ------------- 
ITERATION 1403 ------------- 
ITERATION 1404 ------------- 
ITERATION 1405 ------------- 
ITERATION 1406 ------------- 
ITERATION 1407 ------------- 
ITERATION 1408 ------------- 
ITERATION 1409 ------------- 
ITERATION 1410 ------------- 
ITERATION 1411 ------------- 
ITERATION 1412 ------------- 
ITERATION 1413 ------------- 
ITERATION 1414 ------------- 
ITERATION 1415 ------------- 
ITERATION 1416 ------------- 
ITERATION 1417 ------------- 
ITERATION 1418 ------------- 
ITERATION 1419 ------------- 
ITERATION 1420 ------------- 
ITERATION 1421 ------------- 
ITERATION 1422 ------------- 
ITERATION 1423 ------------- 
ITERATION 1424 ------------- 
ITERATION 1425 ------------- 
ITERATION 1426 ------------- 
ITERATION 1427 ------------- 
ITERATION 1428 ------------- 
ITERATION 1429 ------------- 
ITERATION 1430 ------------- 
ITERATION 1431 ------------- 
ITERATION 1432 ------------- 
ITERATION 1433 ------------- 
ITERATION 1434 ------------- 
ITERATION 1435 ------------- 
ITERATION 1436 ------------- 
ITERATION 1437 ------------- 
ITERATION 1438 ------------- 
ITERATION 1439 ------------- 
ITERATION 1440 ------------- 
ITERATION 1441 ------------- 
ITERATION 1442 ------------- 
ITERATION 1443 ------------- 
ITERATION 1444 ------------- 
ITERATION 1445 ------------- 
ITERATION 1446 ------------- 
ITERATION 1447 ------------- 
ITERATION 1448 ------------- 
ITERATION 1449 ------------- 
ITERATION 1450 ------------- 
ITERATION 1451 ------------- 
ITERATION 1452 ------------- 
ITERATION 1453 ------------- 
ITERATION 1454 ------------- 
ITERATION 1455 ------------- 
ITERATION 1456 ------------- 
ITERATION 1457 ------------- 
ITERATION 1458 ------------- 
ITERATION 1459 ------------- 
ITERATION 1460 ------------- 
ITERATION 1461 ------------- 
ITERATION 1462 ------------- 
ITERATION 1463 ------------- 
ITERATION 1464 ------------- 
ITERATION 1465 ------------- 
ITERATION 1466 ------------- 
ITERATION 1467 ------------- 
ITERATION 1468 ------------- 
ITERATION 1469 ------------- 
ITERATION 1470 ------------- 
ITERATION 1471 ------------- 
ITERATION 1472 ------------- 
ITERATION 1473 ------------- 
ITERATION 1474 ------------- 
ITERATION 1475 ------------- 
ITERATION 1476 ------------- 
ITERATION 1477 ------------- 
ITERATION 1478 ------------- 
ITERATION 1479 ------------- 
ITERATION 1480 ------------- 
ITERATION 1481 ------------- 
ITERATION 1482 ------------- 
ITERATION 1483 ------------- 
ITERATION 1484 ------------- 
ITERATION 1485 ------------- 
ITERATION 1486 ------------- 
ITERATION 1487 ------------- 
ITERATION 1488 ------------- 
ITERATION 1489 ------------- 
ITERATION 1490 ------------- 
ITERATION 1491 ------------- 
ITERATION 1492 ------------- 
ITERATION 1493 ------------- 
ITERATION 1494 ------------- 
ITERATION 1495 ------------- 
ITERATION 1496 ------------- 
ITERATION 1497 ------------- 
ITERATION 1498 ------------- 
ITERATION 1499 ------------- 
ITERATION 1500 ------------- 
ITERATION 1501 ------------- 
ITERATION 1502 ------------- 
ITERATION 1503 ------------- 
ITERATION 1504 ------------- 
ITERATION 1505 ------------- 
ITERATION 1506 ------------- 
ITERATION 1507 ------------- 
ITERATION 1508 ------------- 
ITERATION 1509 ------------- 
ITERATION 1510 ------------- 
ITERATION 1511 ------------- 
ITERATION 1512 ------------- 
ITERATION 1513 ------------- 
ITERATION 1514 ------------- 
ITERATION 1515 ------------- 
ITERATION 1516 ------------- 
ITERATION 1517 ------------- 
ITERATION 1518 ------------- 
ITERATION 1519 ------------- 
ITERATION 1520 ------------- 
ITERATION 1521 ------------- 
ITERATION 1522 ------------- 
ITERATION 1523 ------------- 
ITERATION 1524 ------------- 
ITERATION 1525 ------------- 
ITERATION 1526 ------------- 
ITERATION 1527 ------------- 
ITERATION 1528 ------------- 
ITERATION 1529 ------------- 
ITERATION 1530 ------------- 
ITERATION 1531 ------------- 
ITERATION 1532 ------------- 
ITERATION 1533 ------------- 
ITERATION 1534 ------------- 
ITERATION 1535 ------------- 
ITERATION 1536 ------------- 
ITERATION 1537 ------------- 
ITERATION 1538 ------------- 
ITERATION 1539 ------------- 
ITERATION 1540 ------------- 
ITERATION 1541 ------------- 
ITERATION 1542 ------------- 
ITERATION 1543 ------------- 
ITERATION 1544 ------------- 
ITERATION 1545 ------------- 
ITERATION 1546 ------------- 
ITERATION 1547 ------------- 
ITERATION 1548 ------------- 
ITERATION 1549 ------------- 
ITERATION 1550 ------------- 
ITERATION 1551 ------------- 
ITERATION 1552 ------------- 
ITERATION 1553 ------------- 
ITERATION 1554 ------------- 
ITERATION 1555 ------------- 
ITERATION 1556 ------------- 
ITERATION 1557 ------------- 
ITERATION 1558 ------------- 
ITERATION 1559 ------------- 
ITERATION 1560 ------------- 
ITERATION 1561 ------------- 
ITERATION 1562 ------------- 
ITERATION 1563 ------------- 
ITERATION 1564 ------------- 
ITERATION 1565 ------------- 
ITERATION 1566 ------------- 
ITERATION 1567 ------------- 
ITERATION 1568 ------------- 
ITERATION 1569 ------------- 
ITERATION 1570 ------------- 
ITERATION 1571 ------------- 
ITERATION 1572 ------------- 
ITERATION 1573 ------------- 
ITERATION 1574 ------------- 
ITERATION 1575 ------------- 
ITERATION 1576 ------------- 
ITERATION 1577 ------------- 
ITERATION 1578 ------------- 
ITERATION 1579 ------------- 
ITERATION 1580 ------------- 
ITERATION 1581 ------------- 
ITERATION 1582 ------------- 
ITERATION 1583 ------------- 
ITERATION 1584 ------------- 
ITERATION 1585 ------------- 
ITERATION 1586 ------------- 
ITERATION 1587 ------------- 
ITERATION 1588 ------------- 
ITERATION 1589 ------------- 
ITERATION 1590 ------------- 
ITERATION 1591 ------------- 
ITERATION 1592 ------------- 
ITERATION 1593 ------------- 
ITERATION 1594 ------------- 
ITERATION 1595 ------------- 
ITERATION 1596 ------------- 
ITERATION 1597 ------------- 
ITERATION 1598 ------------- 
ITERATION 1599 ------------- 
ITERATION 1600 ------------- 
ITERATION 1601 ------------- 
ITERATION 1602 ------------- 
ITERATION 1603 ------------- 
ITERATION 1604 ------------- 
ITERATION 1605 ------------- 
ITERATION 1606 ------------- 
ITERATION 1607 ------------- 
ITERATION 1608 ------------- 
ITERATION 1609 ------------- 
ITERATION 1610 ------------- 
ITERATION 1611 ------------- 
ITERATION 1612 ------------- 
ITERATION 1613 ------------- 
ITERATION 1614 ------------- 
ITERATION 1615 ------------- 
ITERATION 1616 ------------- 
ITERATION 1617 ------------- 
ITERATION 1618 ------------- 
ITERATION 1619 ------------- 
ITERATION 1620 ------------- 
ITERATION 1621 ------------- 
ITERATION 1622 ------------- 
ITERATION 1623 ------------- 
ITERATION 1624 ------------- 
ITERATION 1625 ------------- 
ITERATION 1626 ------------- 
ITERATION 1627 ------------- 
ITERATION 1628 ------------- 
ITERATION 1629 ------------- 
ITERATION 1630 ------------- 
ITERATION 1631 ------------- 
ITERATION 1632 ------------- 
ITERATION 1633 ------------- 
ITERATION 1634 ------------- 
ITERATION 1635 ------------- 
ITERATION 1636 ------------- 
ITERATION 1637 ------------- 
ITERATION 1638 ------------- 
ITERATION 1639 ------------- 
ITERATION 1640 ------------- 
ITERATION 1641 ------------- 
ITERATION 1642 ------------- 
ITERATION 1643 ------------- 
ITERATION 1644 ------------- 
ITERATION 1645 ------------- 
ITERATION 1646 ------------- 
ITERATION 1647 ------------- 
ITERATION 1648 ------------- 
ITERATION 1649 ------------- 
ITERATION 1650 ------------- 
ITERATION 1651 ------------- 
ITERATION 1652 ------------- 
ITERATION 1653 ------------- 
ITERATION 1654 ------------- 
ITERATION 1655 ------------- 
ITERATION 1656 ------------- 
ITERATION 1657 ------------- 
ITERATION 1658 ------------- 
ITERATION 1659 ------------- 
ITERATION 1660 ------------- 
ITERATION 1661 ------------- 
ITERATION 1662 ------------- 
ITERATION 1663 ------------- 
ITERATION 1664 ------------- 
ITERATION 1665 ------------- 
ITERATION 1666 ------------- 
ITERATION 1667 ------------- 
ITERATION 1668 ------------- 
ITERATION 1669 ------------- 
ITERATION 1670 ------------- 
ITERATION 1671 ------------- 
ITERATION 1672 ------------- 
ITERATION 1673 ------------- 
ITERATION 1674 ------------- 
ITERATION 1675 ------------- 
ITERATION 1676 ------------- 
ITERATION 1677 ------------- 
ITERATION 1678 ------------- 
ITERATION 1679 ------------- 
ITERATION 1680 ------------- 
ITERATION 1681 ------------- 
ITERATION 1682 ------------- 
ITERATION 1683 ------------- 
ITERATION 1684 ------------- 
ITERATION 1685 ------------- 
ITERATION 1686 ------------- 
ITERATION 1687 ------------- 
ITERATION 1688 ------------- 
ITERATION 1689 ------------- 
ITERATION 1690 ------------- 
ITERATION 1691 ------------- 
ITERATION 1692 ------------- 
ITERATION 1693 ------------- 
ITERATION 1694 ------------- 
ITERATION 1695 ------------- 
ITERATION 1696 ------------- 
ITERATION 1697 ------------- 
ITERATION 1698 ------------- 
ITERATION 1699 ------------- 
ITERATION 1700 ------------- 
ITERATION 1701 ------------- 
ITERATION 1702 ------------- 
ITERATION 1703 ------------- 
ITERATION 1704 ------------- 
ITERATION 1705 ------------- 
ITERATION 1706 ------------- 
ITERATION 1707 ------------- 
ITERATION 1708 ------------- 
ITERATION 1709 ------------- 
ITERATION 1710 ------------- 
ITERATION 1711 ------------- 
ITERATION 1712 ------------- 
ITERATION 1713 ------------- 
ITERATION 1714 ------------- 
ITERATION 1715 ------------- 
ITERATION 1716 ------------- 
ITERATION 1717 ------------- 
ITERATION 1718 ------------- 
ITERATION 1719 ------------- 
ITERATION 1720 ------------- 
ITERATION 1721 ------------- 
ITERATION 1722 ------------- 
ITERATION 1723 ------------- 
ITERATION 1724 ------------- 
ITERATION 1725 ------------- 
ITERATION 1726 ------------- 
ITERATION 1727 ------------- 
ITERATION 1728 ------------- 
ITERATION 1729 ------------- 
ITERATION 1730 ------------- 
ITERATION 1731 ------------- 
ITERATION 1732 ------------- 
ITERATION 1733 ------------- 
ITERATION 1734 ------------- 
ITERATION 1735 ------------- 
ITERATION 1736 ------------- 
ITERATION 1737 ------------- 
ITERATION 1738 ------------- 
ITERATION 1739 ------------- 
ITERATION 1740 ------------- 
ITERATION 1741 ------------- 
ITERATION 1742 ------------- 
ITERATION 1743 ------------- 
ITERATION 1744 ------------- 
ITERATION 1745 ------------- 
ITERATION 1746 ------------- 
ITERATION 1747 ------------- 
ITERATION 1748 ------------- 
ITERATION 1749 ------------- 
ITERATION 1750 ------------- 
ITERATION 1751 ------------- 
ITERATION 1752 ------------- 
ITERATION 1753 ------------- 
ITERATION 1754 ------------- 
ITERATION 1755 ------------- 
ITERATION 1756 ------------- 
ITERATION 1757 ------------- 
ITERATION 1758 ------------- 
ITERATION 1759 ------------- 
ITERATION 1760 ------------- 
ITERATION 1761 ------------- 
ITERATION 1762 ------------- 
ITERATION 1763 ------------- 
ITERATION 1764 ------------- 
ITERATION 1765 ------------- 
ITERATION 1766 ------------- 
ITERATION 1767 ------------- 
ITERATION 1768 ------------- 
ITERATION 1769 ------------- 
ITERATION 1770 ------------- 
ITERATION 1771 ------------- 
ITERATION 1772 ------------- 
ITERATION 1773 ------------- 
ITERATION 1774 ------------- 
ITERATION 1775 ------------- 
ITERATION 1776 ------------- 
ITERATION 1777 ------------- 
ITERATION 1778 ------------- 
ITERATION 1779 ------------- 
ITERATION 1780 ------------- 
ITERATION 1781 ------------- 
ITERATION 1782 ------------- 
ITERATION 1783 ------------- 
ITERATION 1784 ------------- 
ITERATION 1785 ------------- 
ITERATION 1786 ------------- 
ITERATION 1787 ------------- 
ITERATION 1788 ------------- 
ITERATION 1789 ------------- 
ITERATION 1790 ------------- 
ITERATION 1791 ------------- 
ITERATION 1792 ------------- 
ITERATION 1793 ------------- 
ITERATION 1794 ------------- 
ITERATION 1795 ------------- 
ITERATION 1796 ------------- 
ITERATION 1797 ------------- 
ITERATION 1798 ------------- 
ITERATION 1799 ------------- 
ITERATION 1800 ------------- 
ITERATION 1801 ------------- 
ITERATION 1802 ------------- 
ITERATION 1803 ------------- 
ITERATION 1804 ------------- 
ITERATION 1805 ------------- 
ITERATION 1806 ------------- 
ITERATION 1807 ------------- 
ITERATION 1808 ------------- 
ITERATION 1809 ------------- 
ITERATION 1810 ------------- 
ITERATION 1811 ------------- 
ITERATION 1812 ------------- 
ITERATION 1813 ------------- 
ITERATION 1814 ------------- 
ITERATION 1815 ------------- 
ITERATION 1816 ------------- 
ITERATION 1817 ------------- 
ITERATION 1818 ------------- 
ITERATION 1819 ------------- 
ITERATION 1820 ------------- 
ITERATION 1821 ------------- 
ITERATION 1822 ------------- 
ITERATION 1823 ------------- 
ITERATION 1824 ------------- 
ITERATION 1825 ------------- 
ITERATION 1826 ------------- 
ITERATION 1827 ------------- 
ITERATION 1828 ------------- 
ITERATION 1829 ------------- 
ITERATION 1830 ------------- 
ITERATION 1831 ------------- 
ITERATION 1832 ------------- 
ITERATION 1833 ------------- 
ITERATION 1834 ------------- 
ITERATION 1835 ------------- 
ITERATION 1836 ------------- 
ITERATION 1837 ------------- 
ITERATION 1838 ------------- 
ITERATION 1839 ------------- 
ITERATION 1840 ------------- 
ITERATION 1841 ------------- 
ITERATION 1842 ------------- 
ITERATION 1843 ------------- 
ITERATION 1844 ------------- 
ITERATION 1845 ------------- 
ITERATION 1846 ------------- 
ITERATION 1847 ------------- 
ITERATION 1848 ------------- 
ITERATION 1849 ------------- 
ITERATION 1850 ------------- 
ITERATION 1851 ------------- 
ITERATION 1852 ------------- 
ITERATION 1853 ------------- 
ITERATION 1854 ------------- 
ITERATION 1855 ------------- 
ITERATION 1856 ------------- 
ITERATION 1857 ------------- 
ITERATION 1858 ------------- 
ITERATION 1859 ------------- 
ITERATION 1860 ------------- 
ITERATION 1861 ------------- 
ITERATION 1862 ------------- 
ITERATION 1863 ------------- 
ITERATION 1864 ------------- 
ITERATION 1865 ------------- 
ITERATION 1866 ------------- 
ITERATION 1867 ------------- 
ITERATION 1868 ------------- 
ITERATION 1869 ------------- 
ITERATION 1870 ------------- 
ITERATION 1871 ------------- 
ITERATION 1872 ------------- 
ITERATION 1873 ------------- 
ITERATION 1874 ------------- 
ITERATION 1875 ------------- 
ITERATION 1876 ------------- 
ITERATION 1877 ------------- 
ITERATION 1878 ------------- 
ITERATION 1879 ------------- 
ITERATION 1880 ------------- 
ITERATION 1881 ------------- 
ITERATION 1882 ------------- 
ITERATION 1883 ------------- 
ITERATION 1884 ------------- 
ITERATION 1885 ------------- 
ITERATION 1886 ------------- 
ITERATION 1887 ------------- 
ITERATION 1888 ------------- 
ITERATION 1889 ------------- 
ITERATION 1890 ------------- 
ITERATION 1891 ------------- 
ITERATION 1892 ------------- 
ITERATION 1893 ------------- 
ITERATION 1894 ------------- 
ITERATION 1895 ------------- 
ITERATION 1896 ------------- 
ITERATION 1897 ------------- 
ITERATION 1898 ------------- 
ITERATION 1899 ------------- 
ITERATION 1900 ------------- 
ITERATION 1901 ------------- 
ITERATION 1902 ------------- 
ITERATION 1903 ------------- 
ITERATION 1904 ------------- 
ITERATION 1905 ------------- 
ITERATION 1906 ------------- 
ITERATION 1907 ------------- 
ITERATION 1908 ------------- 
ITERATION 1909 ------------- 
ITERATION 1910 ------------- 
ITERATION 1911 ------------- 
ITERATION 1912 ------------- 
ITERATION 1913 ------------- 
ITERATION 1914 ------------- 
ITERATION 1915 ------------- 
ITERATION 1916 ------------- 
ITERATION 1917 ------------- 
ITERATION 1918 ------------- 
ITERATION 1919 ------------- 
ITERATION 1920 ------------- 
ITERATION 1921 ------------- 
ITERATION 1922 ------------- 
ITERATION 1923 ------------- 
ITERATION 1924 ------------- 
ITERATION 1925 ------------- 
ITERATION 1926 ------------- 
ITERATION 1927 ------------- 
ITERATION 1928 ------------- 
ITERATION 1929 ------------- 
ITERATION 1930 ------------- 
ITERATION 1931 ------------- 
ITERATION 1932 ------------- 
ITERATION 1933 ------------- 
ITERATION 1934 ------------- 
ITERATION 1935 ------------- 
ITERATION 1936 ------------- 
ITERATION 1937 ------------- 
ITERATION 1938 ------------- 
ITERATION 1939 ------------- 
ITERATION 1940 ------------- 
ITERATION 1941 ------------- 
ITERATION 1942 ------------- 
ITERATION 1943 ------------- 
ITERATION 1944 ------------- 
ITERATION 1945 ------------- 
ITERATION 1946 ------------- 
ITERATION 1947 ------------- 
ITERATION 1948 ------------- 
ITERATION 1949 ------------- 
ITERATION 1950 ------------- 
ITERATION 1951 ------------- 
ITERATION 1952 ------------- 
ITERATION 1953 ------------- 
ITERATION 1954 ------------- 
ITERATION 1955 ------------- 
ITERATION 1956 ------------- 
ITERATION 1957 ------------- 
ITERATION 1958 ------------- 
ITERATION 1959 ------------- 
ITERATION 1960 ------------- 
ITERATION 1961 ------------- 
ITERATION 1962 ------------- 
ITERATION 1963 ------------- 
ITERATION 1964 ------------- 
ITERATION 1965 ------------- 
ITERATION 1966 ------------- 
ITERATION 1967 ------------- 
ITERATION 1968 ------------- 
ITERATION 1969 ------------- 
ITERATION 1970 ------------- 
ITERATION 1971 ------------- 
ITERATION 1972 ------------- 
ITERATION 1973 ------------- 
ITERATION 1974 ------------- 
ITERATION 1975 ------------- 
ITERATION 1976 ------------- 
ITERATION 1977 ------------- 
ITERATION 1978 ------------- 
ITERATION 1979 ------------- 
ITERATION 1980 ------------- 
ITERATION 1981 ------------- 
ITERATION 1982 ------------- 
ITERATION 1983 ------------- 
ITERATION 1984 ------------- 
ITERATION 1985 ------------- 
ITERATION 1986 ------------- 
ITERATION 1987 ------------- 
ITERATION 1988 ------------- 
ITERATION 1989 ------------- 
ITERATION 1990 ------------- 
ITERATION 1991 ------------- 
ITERATION 1992 ------------- 
ITERATION 1993 ------------- 
ITERATION 1994 ------------- 
ITERATION 1995 ------------- 
ITERATION 1996 ------------- 
ITERATION 1997 ------------- 
ITERATION 1998 ------------- 
ITERATION 1999 ------------- 
ITERATION 2000 ------------- 
ITERATION 2001 ------------- 
ITERATION 2002 ------------- 
ITERATION 2003 ------------- 
ITERATION 2004 ------------- 
ITERATION 2005 ------------- 
ITERATION 2006 ------------- 
ITERATION 2007 ------------- 
ITERATION 2008 ------------- 
ITERATION 2009 ------------- 
ITERATION 2010 ------------- 
ITERATION 2011 ------------- 
ITERATION 2012 ------------- 
ITERATION 2013 ------------- 
ITERATION 2014 ------------- 
ITERATION 2015 ------------- 
ITERATION 2016 ------------- 
ITERATION 2017 ------------- 
ITERATION 2018 ------------- 
ITERATION 2019 ------------- 
ITERATION 2020 ------------- 
ITERATION 2021 ------------- 
ITERATION 2022 ------------- 
ITERATION 2023 ------------- 
ITERATION 2024 ------------- 
ITERATION 2025 ------------- 
ITERATION 2026 ------------- 
ITERATION 2027 ------------- 
ITERATION 2028 ------------- 
ITERATION 2029 ------------- 
ITERATION 2030 ------------- 
ITERATION 2031 ------------- 
ITERATION 2032 ------------- 
ITERATION 2033 ------------- 
ITERATION 2034 ------------- 
ITERATION 2035 ------------- 
ITERATION 2036 ------------- 
ITERATION 2037 ------------- 
ITERATION 2038 ------------- 
ITERATION 2039 ------------- 
ITERATION 2040 ------------- 
ITERATION 2041 ------------- 
ITERATION 2042 ------------- 
ITERATION 2043 ------------- 
ITERATION 2044 ------------- 
ITERATION 2045 ------------- 
ITERATION 2046 ------------- 
ITERATION 2047 ------------- 
ITERATION 2048 ------------- 
ITERATION 2049 ------------- 
ITERATION 2050 ------------- 
ITERATION 2051 ------------- 
ITERATION 2052 ------------- 
ITERATION 2053 ------------- 
ITERATION 2054 ------------- 
ITERATION 2055 ------------- 
ITERATION 2056 ------------- 
ITERATION 2057 ------------- 
ITERATION 2058 ------------- 
ITERATION 2059 ------------- 
ITERATION 2060 ------------- 
ITERATION 2061 ------------- 
ITERATION 2062 ------------- 
ITERATION 2063 ------------- 
ITERATION 2064 ------------- 
ITERATION 2065 ------------- 
ITERATION 2066 ------------- 
ITERATION 2067 ------------- 
ITERATION 2068 ------------- 
ITERATION 2069 ------------- 
ITERATION 2070 ------------- 
ITERATION 2071 ------------- 
ITERATION 2072 ------------- 
ITERATION 2073 ------------- 
ITERATION 2074 ------------- 
ITERATION 2075 ------------- 
ITERATION 2076 ------------- 
ITERATION 2077 ------------- 
ITERATION 2078 ------------- 
ITERATION 2079 ------------- 
ITERATION 2080 ------------- 
ITERATION 2081 ------------- 
ITERATION 2082 ------------- 
ITERATION 2083 ------------- 
ITERATION 2084 ------------- 
ITERATION 2085 ------------- 
ITERATION 2086 ------------- 
ITERATION 2087 ------------- 
ITERATION 2088 ------------- 
ITERATION 2089 ------------- 
ITERATION 2090 ------------- 
ITERATION 2091 ------------- 
ITERATION 2092 ------------- 
ITERATION 2093 ------------- 
ITERATION 2094 ------------- 
ITERATION 2095 ------------- 
ITERATION 2096 ------------- 
ITERATION 2097 ------------- 
ITERATION 2098 ------------- 
ITERATION 2099 ------------- 
ITERATION 2100 ------------- 
ITERATION 2101 ------------- 
ITERATION 2102 ------------- 
ITERATION 2103 ------------- 
ITERATION 2104 ------------- 
ITERATION 2105 ------------- 
ITERATION 2106 ------------- 
ITERATION 2107 ------------- 
ITERATION 2108 ------------- 
ITERATION 2109 ------------- 
ITERATION 2110 ------------- 
ITERATION 2111 ------------- 
ITERATION 2112 ------------- 
ITERATION 2113 ------------- 
ITERATION 2114 ------------- 
ITERATION 2115 ------------- 
ITERATION 2116 ------------- 
ITERATION 2117 ------------- 
ITERATION 2118 ------------- 
ITERATION 2119 ------------- 
ITERATION 2120 ------------- 
ITERATION 2121 ------------- 
ITERATION 2122 ------------- 
ITERATION 2123 ------------- 
ITERATION 2124 ------------- 
ITERATION 2125 ------------- 
ITERATION 2126 ------------- 
ITERATION 2127 ------------- 
ITERATION 2128 ------------- 
ITERATION 2129 ------------- 
ITERATION 2130 ------------- 
ITERATION 2131 ------------- 
ITERATION 2132 ------------- 
ITERATION 2133 ------------- 
ITERATION 2134 ------------- 
ITERATION 2135 ------------- 
ITERATION 2136 ------------- 
ITERATION 2137 ------------- 
ITERATION 2138 ------------- 
ITERATION 2139 ------------- 
ITERATION 2140 ------------- 
ITERATION 2141 ------------- 
ITERATION 2142 ------------- 
ITERATION 2143 ------------- 
ITERATION 2144 ------------- 
ITERATION 2145 ------------- 
ITERATION 2146 ------------- 
ITERATION 2147 ------------- 
ITERATION 2148 ------------- 
ITERATION 2149 ------------- 
ITERATION 2150 ------------- 
ITERATION 2151 ------------- 
ITERATION 2152 ------------- 
ITERATION 2153 ------------- 
ITERATION 2154 ------------- 
ITERATION 2155 ------------- 
ITERATION 2156 ------------- 
ITERATION 2157 ------------- 
ITERATION 2158 ------------- 
ITERATION 2159 ------------- 
ITERATION 2160 ------------- 
ITERATION 2161 ------------- 
ITERATION 2162 ------------- 
ITERATION 2163 ------------- 
ITERATION 2164 ------------- 
ITERATION 2165 ------------- 
ITERATION 2166 ------------- 
ITERATION 2167 ------------- 
ITERATION 2168 ------------- 
ITERATION 2169 ------------- 
ITERATION 2170 ------------- 
ITERATION 2171 ------------- 
ITERATION 2172 ------------- 
ITERATION 2173 ------------- 
ITERATION 2174 ------------- 
ITERATION 2175 ------------- 
ITERATION 2176 ------------- 
ITERATION 2177 ------------- 
ITERATION 2178 ------------- 
ITERATION 2179 ------------- 
ITERATION 2180 ------------- 
ITERATION 2181 ------------- 
ITERATION 2182 ------------- 
ITERATION 2183 ------------- 
ITERATION 2184 ------------- 
ITERATION 2185 ------------- 
ITERATION 2186 ------------- 
ITERATION 2187 ------------- 
ITERATION 2188 ------------- 
ITERATION 2189 ------------- 
ITERATION 2190 ------------- 
ITERATION 2191 ------------- 
ITERATION 2192 ------------- 
ITERATION 2193 ------------- 
ITERATION 2194 ------------- 
ITERATION 2195 ------------- 
ITERATION 2196 ------------- 
ITERATION 2197 ------------- 
ITERATION 2198 ------------- 
ITERATION 2199 ------------- 
ITERATION 2200 ------------- 
ITERATION 2201 ------------- 
ITERATION 2202 ------------- 
ITERATION 2203 ------------- 
ITERATION 2204 ------------- 
ITERATION 2205 ------------- 
ITERATION 2206 ------------- 
ITERATION 2207 ------------- 
ITERATION 2208 ------------- 
ITERATION 2209 ------------- 
ITERATION 2210 ------------- 
ITERATION 2211 ------------- 
ITERATION 2212 ------------- 
ITERATION 2213 ------------- 
ITERATION 2214 ------------- 
ITERATION 2215 ------------- 
ITERATION 2216 ------------- 
ITERATION 2217 ------------- 
ITERATION 2218 ------------- 
ITERATION 2219 ------------- 
ITERATION 2220 ------------- 
ITERATION 2221 ------------- 
ITERATION 2222 ------------- 
ITERATION 2223 ------------- 
ITERATION 2224 ------------- 
ITERATION 2225 ------------- 
ITERATION 2226 ------------- 
ITERATION 2227 ------------- 
ITERATION 2228 ------------- 
ITERATION 2229 ------------- 
ITERATION 2230 ------------- 
ITERATION 2231 ------------- 
ITERATION 2232 ------------- 
ITERATION 2233 ------------- 
ITERATION 2234 ------------- 
ITERATION 2235 ------------- 
ITERATION 2236 ------------- 
ITERATION 2237 ------------- 
ITERATION 2238 ------------- 
ITERATION 2239 ------------- 
ITERATION 2240 ------------- 
ITERATION 2241 ------------- 
ITERATION 2242 ------------- 
ITERATION 2243 ------------- 
ITERATION 2244 ------------- 
ITERATION 2245 ------------- 
ITERATION 2246 ------------- 
ITERATION 2247 ------------- 
ITERATION 2248 ------------- 
ITERATION 2249 ------------- 
ITERATION 2250 ------------- 
ITERATION 2251 ------------- 
ITERATION 2252 ------------- 
ITERATION 2253 ------------- 
ITERATION 2254 ------------- 
ITERATION 2255 ------------- 
ITERATION 2256 ------------- 
ITERATION 2257 ------------- 
ITERATION 2258 ------------- 
ITERATION 2259 ------------- 
ITERATION 2260 ------------- 
ITERATION 2261 ------------- 
ITERATION 2262 ------------- 
ITERATION 2263 ------------- 
ITERATION 2264 ------------- 
ITERATION 2265 ------------- 
ITERATION 2266 ------------- 
ITERATION 2267 ------------- 
ITERATION 2268 ------------- 
ITERATION 2269 ------------- 
ITERATION 2270 ------------- 
ITERATION 2271 ------------- 
ITERATION 2272 ------------- 
ITERATION 2273 ------------- 
ITERATION 2274 ------------- 
ITERATION 2275 ------------- 
ITERATION 2276 ------------- 
ITERATION 2277 ------------- 
ITERATION 2278 ------------- 
ITERATION 2279 ------------- 
ITERATION 2280 ------------- 
ITERATION 2281 ------------- 
ITERATION 2282 ------------- 
ITERATION 2283 ------------- 
ITERATION 2284 ------------- 
ITERATION 2285 ------------- 
ITERATION 2286 ------------- 
ITERATION 2287 ------------- 
ITERATION 2288 ------------- 
ITERATION 2289 ------------- 
ITERATION 2290 ------------- 
ITERATION 2291 ------------- 
ITERATION 2292 ------------- 
ITERATION 2293 ------------- 
ITERATION 2294 ------------- 
ITERATION 2295 ------------- 
ITERATION 2296 ------------- 
ITERATION 2297 ------------- 
ITERATION 2298 ------------- 
ITERATION 2299 ------------- 
ITERATION 2300 ------------- 
ITERATION 2301 ------------- 
ITERATION 2302 ------------- 
ITERATION 2303 ------------- 
ITERATION 2304 ------------- 
ITERATION 2305 ------------- 
ITERATION 2306 ------------- 
ITERATION 2307 ------------- 
ITERATION 2308 ------------- 
ITERATION 2309 ------------- 
ITERATION 2310 ------------- 
ITERATION 2311 ------------- 
ITERATION 2312 ------------- 
ITERATION 2313 ------------- 
ITERATION 2314 ------------- 
ITERATION 2315 ------------- 
ITERATION 2316 ------------- 
ITERATION 2317 ------------- 
ITERATION 2318 ------------- 
ITERATION 2319 ------------- 
ITERATION 2320 ------------- 
ITERATION 2321 ------------- 
ITERATION 2322 ------------- 
ITERATION 2323 ------------- 
ITERATION 2324 ------------- 
ITERATION 2325 ------------- 
ITERATION 2326 ------------- 
ITERATION 2327 ------------- 
ITERATION 2328 ------------- 
ITERATION 2329 ------------- 
ITERATION 2330 ------------- 
ITERATION 2331 ------------- 
ITERATION 2332 ------------- 
ITERATION 2333 ------------- 
ITERATION 2334 ------------- 
ITERATION 2335 ------------- 
ITERATION 2336 ------------- 
ITERATION 2337 ------------- 
ITERATION 2338 ------------- 
ITERATION 2339 ------------- 
ITERATION 2340 ------------- 
ITERATION 2341 ------------- 
ITERATION 2342 ------------- 
ITERATION 2343 ------------- 
ITERATION 2344 ------------- 
ITERATION 2345 ------------- 
ITERATION 2346 ------------- 
ITERATION 2347 ------------- 
ITERATION 2348 ------------- 
ITERATION 2349 ------------- 
ITERATION 2350 ------------- 
ITERATION 2351 ------------- 
ITERATION 2352 ------------- 
ITERATION 2353 ------------- 
ITERATION 2354 ------------- 
ITERATION 2355 ------------- 
ITERATION 2356 ------------- 
ITERATION 2357 ------------- 
ITERATION 2358 ------------- 
ITERATION 2359 ------------- 
ITERATION 2360 ------------- 
ITERATION 2361 ------------- 
ITERATION 2362 ------------- 
ITERATION 2363 ------------- 
ITERATION 2364 ------------- 
ITERATION 2365 ------------- 
ITERATION 2366 ------------- 
ITERATION 2367 ------------- 
ITERATION 2368 ------------- 
ITERATION 2369 ------------- 
ITERATION 2370 ------------- 
ITERATION 2371 ------------- 
ITERATION 2372 ------------- 
ITERATION 2373 ------------- 
ITERATION 2374 ------------- 
ITERATION 2375 ------------- 
ITERATION 2376 ------------- 
ITERATION 2377 ------------- 
ITERATION 2378 ------------- 
ITERATION 2379 ------------- 
ITERATION 2380 ------------- 
ITERATION 2381 ------------- 
ITERATION 2382 ------------- 
ITERATION 2383 ------------- 
ITERATION 2384 ------------- 
ITERATION 2385 ------------- 
ITERATION 2386 ------------- 
ITERATION 2387 ------------- 
ITERATION 2388 ------------- 
ITERATION 2389 ------------- 
ITERATION 2390 ------------- 
ITERATION 2391 ------------- 
ITERATION 2392 ------------- 
ITERATION 2393 ------------- 
ITERATION 2394 ------------- 
ITERATION 2395 ------------- 
ITERATION 2396 ------------- 
ITERATION 2397 ------------- 
ITERATION 2398 ------------- 
ITERATION 2399 ------------- 
ITERATION 2400 ------------- 
ITERATION 2401 ------------- 
ITERATION 2402 ------------- 
ITERATION 2403 ------------- 
ITERATION 2404 ------------- 
ITERATION 2405 ------------- 
ITERATION 2406 ------------- 
ITERATION 2407 ------------- 
ITERATION 2408 ------------- 
ITERATION 2409 ------------- 
ITERATION 2410 ------------- 
ITERATION 2411 ------------- 
ITERATION 2412 ------------- 
ITERATION 2413 ------------- 
ITERATION 2414 ------------- 
ITERATION 2415 ------------- 
ITERATION 2416 ------------- 
ITERATION 2417 ------------- 
ITERATION 2418 ------------- 
ITERATION 2419 ------------- 
ITERATION 2420 ------------- 
ITERATION 2421 ------------- 
ITERATION 2422 ------------- 
ITERATION 2423 ------------- 
ITERATION 2424 ------------- 
ITERATION 2425 ------------- 
ITERATION 2426 ------------- 
ITERATION 2427 ------------- 
ITERATION 2428 ------------- 
ITERATION 2429 ------------- 
ITERATION 2430 ------------- 
ITERATION 2431 ------------- 
ITERATION 2432 ------------- 
ITERATION 2433 ------------- 
ITERATION 2434 ------------- 
ITERATION 2435 ------------- 
ITERATION 2436 ------------- 
ITERATION 2437 ------------- 
ITERATION 2438 ------------- 
ITERATION 2439 ------------- 
ITERATION 2440 ------------- 
ITERATION 2441 ------------- 
ITERATION 2442 ------------- 
ITERATION 2443 ------------- 
ITERATION 2444 ------------- 
ITERATION 2445 ------------- 
ITERATION 2446 ------------- 
ITERATION 2447 ------------- 
ITERATION 2448 ------------- 
ITERATION 2449 ------------- 
ITERATION 2450 ------------- 
ITERATION 2451 ------------- 
ITERATION 2452 ------------- 
ITERATION 2453 ------------- 
ITERATION 2454 ------------- 
ITERATION 2455 ------------- 
ITERATION 2456 ------------- 
ITERATION 2457 ------------- 
ITERATION 2458 ------------- 
ITERATION 2459 ------------- 
ITERATION 2460 ------------- 
ITERATION 2461 ------------- 
ITERATION 2462 ------------- 
ITERATION 2463 ------------- 
ITERATION 2464 ------------- 
ITERATION 2465 ------------- 
ITERATION 2466 ------------- 
ITERATION 2467 ------------- 
ITERATION 2468 ------------- 
ITERATION 2469 ------------- 
ITERATION 2470 ------------- 
ITERATION 2471 ------------- 
ITERATION 2472 ------------- 
ITERATION 2473 ------------- 
ITERATION 2474 ------------- 
ITERATION 2475 ------------- 
ITERATION 2476 ------------- 
ITERATION 2477 ------------- 
ITERATION 2478 ------------- 
ITERATION 2479 ------------- 
ITERATION 2480 ------------- 
ITERATION 2481 ------------- 
ITERATION 2482 ------------- 
ITERATION 2483 ------------- 
ITERATION 2484 ------------- 
ITERATION 2485 ------------- 
ITERATION 2486 ------------- 
ITERATION 2487 ------------- 
ITERATION 2488 ------------- 
ITERATION 2489 ------------- 
ITERATION 2490 ------------- 
ITERATION 2491 ------------- 
ITERATION 2492 ------------- 
ITERATION 2493 ------------- 
ITERATION 2494 ------------- 
ITERATION 2495 ------------- 
ITERATION 2496 ------------- 
ITERATION 2497 ------------- 
ITERATION 2498 ------------- 
ITERATION 2499 ------------- 
ITERATION 2500 ------------- 
ITERATION 2501 ------------- 
ITERATION 2502 ------------- 
ITERATION 2503 ------------- 
ITERATION 2504 ------------- 
ITERATION 2505 ------------- 
ITERATION 2506 ------------- 
ITERATION 2507 ------------- 
ITERATION 2508 ------------- 
ITERATION 2509 ------------- 
ITERATION 2510 ------------- 
ITERATION 2511 ------------- 
ITERATION 2512 ------------- 
ITERATION 2513 ------------- 
ITERATION 2514 ------------- 
ITERATION 2515 ------------- 
ITERATION 2516 ------------- 
ITERATION 2517 ------------- 
ITERATION 2518 ------------- 
ITERATION 2519 ------------- 
ITERATION 2520 ------------- 
ITERATION 2521 ------------- 
ITERATION 2522 ------------- 
ITERATION 2523 ------------- 
ITERATION 2524 ------------- 
ITERATION 2525 ------------- 
ITERATION 2526 ------------- 
ITERATION 2527 ------------- 
ITERATION 2528 ------------- 
ITERATION 2529 ------------- 
ITERATION 2530 ------------- 
ITERATION 2531 ------------- 
ITERATION 2532 ------------- 
ITERATION 2533 ------------- 
ITERATION 2534 ------------- 
ITERATION 2535 ------------- 
ITERATION 2536 ------------- 
ITERATION 2537 ------------- 
ITERATION 2538 ------------- 
ITERATION 2539 ------------- 
ITERATION 2540 ------------- 
ITERATION 2541 ------------- 
ITERATION 2542 ------------- 
ITERATION 2543 ------------- 
ITERATION 2544 ------------- 
ITERATION 2545 ------------- 
ITERATION 2546 ------------- 
ITERATION 2547 ------------- 
ITERATION 2548 ------------- 
ITERATION 2549 ------------- 
ITERATION 2550 ------------- 
ITERATION 2551 ------------- 
ITERATION 2552 ------------- 
ITERATION 2553 ------------- 
ITERATION 2554 ------------- 
ITERATION 2555 ------------- 
ITERATION 2556 ------------- 
ITERATION 2557 ------------- 
ITERATION 2558 ------------- 
ITERATION 2559 ------------- 
ITERATION 2560 ------------- 
ITERATION 2561 ------------- 
ITERATION 2562 ------------- 
ITERATION 2563 ------------- 
ITERATION 2564 ------------- 
ITERATION 2565 ------------- 
ITERATION 2566 ------------- 
ITERATION 2567 ------------- 
ITERATION 2568 ------------- 
ITERATION 2569 ------------- 
ITERATION 2570 ------------- 
ITERATION 2571 ------------- 
ITERATION 2572 ------------- 
ITERATION 2573 ------------- 
ITERATION 2574 ------------- 
ITERATION 2575 ------------- 
ITERATION 2576 ------------- 
ITERATION 2577 ------------- 
ITERATION 2578 ------------- 
ITERATION 2579 ------------- 
ITERATION 2580 ------------- 
ITERATION 2581 ------------- 
ITERATION 2582 ------------- 
ITERATION 2583 ------------- 
ITERATION 2584 ------------- 
ITERATION 2585 ------------- 
ITERATION 2586 ------------- 
ITERATION 2587 ------------- 
ITERATION 2588 ------------- 
ITERATION 2589 ------------- 
ITERATION 2590 ------------- 
ITERATION 2591 ------------- 
ITERATION 2592 ------------- 
ITERATION 2593 ------------- 
ITERATION 2594 ------------- 
ITERATION 2595 ------------- 
ITERATION 2596 ------------- 
ITERATION 2597 ------------- 
ITERATION 2598 ------------- 
ITERATION 2599 ------------- 
ITERATION 2600 ------------- 
ITERATION 2601 ------------- 
ITERATION 2602 ------------- 
ITERATION 2603 ------------- 
ITERATION 2604 ------------- 
ITERATION 2605 ------------- 
ITERATION 2606 ------------- 
ITERATION 2607 ------------- 
ITERATION 2608 ------------- 
ITERATION 2609 ------------- 
ITERATION 2610 ------------- 
ITERATION 2611 ------------- 
ITERATION 2612 ------------- 
ITERATION 2613 ------------- 
ITERATION 2614 ------------- 
ITERATION 2615 ------------- 
ITERATION 2616 ------------- 
ITERATION 2617 ------------- 
ITERATION 2618 ------------- 
ITERATION 2619 ------------- 
ITERATION 2620 ------------- 
ITERATION 2621 ------------- 
ITERATION 2622 ------------- 
ITERATION 2623 ------------- 
ITERATION 2624 ------------- 
ITERATION 2625 ------------- 
ITERATION 2626 ------------- 
ITERATION 2627 ------------- 
ITERATION 2628 ------------- 
ITERATION 2629 ------------- 
ITERATION 2630 ------------- 
ITERATION 2631 ------------- 
ITERATION 2632 ------------- 
ITERATION 2633 ------------- 
ITERATION 2634 ------------- 
ITERATION 2635 ------------- 
ITERATION 2636 ------------- 
ITERATION 2637 ------------- 
ITERATION 2638 ------------- 
ITERATION 2639 ------------- 
ITERATION 2640 ------------- 
ITERATION 2641 ------------- 
ITERATION 2642 ------------- 
ITERATION 2643 ------------- 
ITERATION 2644 ------------- 
ITERATION 2645 ------------- 
ITERATION 2646 ------------- 
ITERATION 2647 ------------- 
ITERATION 2648 ------------- 
ITERATION 2649 ------------- 
ITERATION 2650 ------------- 
ITERATION 2651 ------------- 
ITERATION 2652 ------------- 
ITERATION 2653 ------------- 
ITERATION 2654 ------------- 
ITERATION 2655 ------------- 
ITERATION 2656 ------------- 
ITERATION 2657 ------------- 
ITERATION 2658 ------------- 
ITERATION 2659 ------------- 
ITERATION 2660 ------------- 
ITERATION 2661 ------------- 
ITERATION 2662 ------------- 
ITERATION 2663 ------------- 
ITERATION 2664 ------------- 
ITERATION 2665 ------------- 
ITERATION 2666 ------------- 
ITERATION 2667 ------------- 
ITERATION 2668 ------------- 
ITERATION 2669 ------------- 
ITERATION 2670 ------------- 
ITERATION 2671 ------------- 
ITERATION 2672 ------------- 
ITERATION 2673 ------------- 
ITERATION 2674 ------------- 
ITERATION 2675 ------------- 
ITERATION 2676 ------------- 
ITERATION 2677 ------------- 
ITERATION 2678 ------------- 
ITERATION 2679 ------------- 
ITERATION 2680 ------------- 
ITERATION 2681 ------------- 
ITERATION 2682 ------------- 
ITERATION 2683 ------------- 
ITERATION 2684 ------------- 
ITERATION 2685 ------------- 
ITERATION 2686 ------------- 
ITERATION 2687 ------------- 
ITERATION 2688 ------------- 
ITERATION 2689 ------------- 
ITERATION 2690 ------------- 
ITERATION 2691 ------------- 
ITERATION 2692 ------------- 
ITERATION 2693 ------------- 
ITERATION 2694 ------------- 
ITERATION 2695 ------------- 
ITERATION 2696 ------------- 
ITERATION 2697 ------------- 
ITERATION 2698 ------------- 
ITERATION 2699 ------------- 
ITERATION 2700 ------------- 
ITERATION 2701 ------------- 
ITERATION 2702 ------------- 
ITERATION 2703 ------------- 
ITERATION 2704 ------------- 
ITERATION 2705 ------------- 
ITERATION 2706 ------------- 
ITERATION 2707 ------------- 
ITERATION 2708 ------------- 
ITERATION 2709 ------------- 
ITERATION 2710 ------------- 
ITERATION 2711 ------------- 
ITERATION 2712 ------------- 
ITERATION 2713 ------------- 
ITERATION 2714 ------------- 
ITERATION 2715 ------------- 
ITERATION 2716 ------------- 
ITERATION 2717 ------------- 
ITERATION 2718 ------------- 
ITERATION 2719 ------------- 
ITERATION 2720 ------------- 
ITERATION 2721 ------------- 
ITERATION 2722 ------------- 
ITERATION 2723 ------------- 
ITERATION 2724 ------------- 
ITERATION 2725 ------------- 
ITERATION 2726 ------------- 
ITERATION 2727 ------------- 
ITERATION 2728 ------------- 
ITERATION 2729 ------------- 
ITERATION 2730 ------------- 
ITERATION 2731 ------------- 
ITERATION 2732 ------------- 
ITERATION 2733 ------------- 
ITERATION 2734 ------------- 
ITERATION 2735 ------------- 
ITERATION 2736 ------------- 
ITERATION 2737 ------------- 
ITERATION 2738 ------------- 
ITERATION 2739 ------------- 
ITERATION 2740 ------------- 
ITERATION 2741 ------------- 
ITERATION 2742 ------------- 
ITERATION 2743 ------------- 
ITERATION 2744 ------------- 
ITERATION 2745 ------------- 
ITERATION 2746 ------------- 
ITERATION 2747 ------------- 
ITERATION 2748 ------------- 
ITERATION 2749 ------------- 
ITERATION 2750 ------------- 
ITERATION 2751 ------------- 
ITERATION 2752 ------------- 
ITERATION 2753 ------------- 
ITERATION 2754 ------------- 
ITERATION 2755 ------------- 
ITERATION 2756 ------------- 
ITERATION 2757 ------------- 
ITERATION 2758 ------------- 
ITERATION 2759 ------------- 
ITERATION 2760 ------------- 
ITERATION 2761 ------------- 
ITERATION 2762 ------------- 
ITERATION 2763 ------------- 
ITERATION 2764 ------------- 
ITERATION 2765 ------------- 
ITERATION 2766 ------------- 
ITERATION 2767 ------------- 
ITERATION 2768 ------------- 
ITERATION 2769 ------------- 
ITERATION 2770 ------------- 
ITERATION 2771 ------------- 
ITERATION 2772 ------------- 
ITERATION 2773 ------------- 
ITERATION 2774 ------------- 
ITERATION 2775 ------------- 
ITERATION 2776 ------------- 
ITERATION 2777 ------------- 
ITERATION 2778 ------------- 
ITERATION 2779 ------------- 
ITERATION 2780 ------------- 
ITERATION 2781 ------------- 
ITERATION 2782 ------------- 
ITERATION 2783 ------------- 
ITERATION 2784 ------------- 
ITERATION 2785 ------------- 
ITERATION 2786 ------------- 
ITERATION 2787 ------------- 
ITERATION 2788 ------------- 
ITERATION 2789 ------------- 
ITERATION 2790 ------------- 
ITERATION 2791 ------------- 
ITERATION 2792 ------------- 
ITERATION 2793 ------------- 
ITERATION 2794 ------------- 
ITERATION 2795 ------------- 
ITERATION 2796 ------------- 
ITERATION 2797 ------------- 
ITERATION 2798 ------------- 
ITERATION 2799 ------------- 
ITERATION 2800 ------------- 
ITERATION 2801 ------------- 
ITERATION 2802 ------------- 
ITERATION 2803 ------------- 
ITERATION 2804 ------------- 
ITERATION 2805 ------------- 
ITERATION 2806 ------------- 
ITERATION 2807 ------------- 
ITERATION 2808 ------------- 
ITERATION 2809 ------------- 
ITERATION 2810 ------------- 
ITERATION 2811 ------------- 
ITERATION 2812 ------------- 
ITERATION 2813 ------------- 
ITERATION 2814 ------------- 
ITERATION 2815 ------------- 
ITERATION 2816 ------------- 
ITERATION 2817 ------------- 
ITERATION 2818 ------------- 
ITERATION 2819 ------------- 
ITERATION 2820 ------------- 
ITERATION 2821 ------------- 
ITERATION 2822 ------------- 
ITERATION 2823 ------------- 
ITERATION 2824 ------------- 
ITERATION 2825 ------------- 
ITERATION 2826 ------------- 
ITERATION 2827 ------------- 
ITERATION 2828 ------------- 
ITERATION 2829 ------------- 
ITERATION 2830 ------------- 
ITERATION 2831 ------------- 
ITERATION 2832 ------------- 
ITERATION 2833 ------------- 
ITERATION 2834 ------------- 
ITERATION 2835 ------------- 
ITERATION 2836 ------------- 
ITERATION 2837 ------------- 
ITERATION 2838 ------------- 
ITERATION 2839 ------------- 
ITERATION 2840 ------------- 
ITERATION 2841 ------------- 
ITERATION 2842 ------------- 
ITERATION 2843 ------------- 
ITERATION 2844 ------------- 
ITERATION 2845 ------------- 
ITERATION 2846 ------------- 
ITERATION 2847 ------------- 
ITERATION 2848 ------------- 
ITERATION 2849 ------------- 
ITERATION 2850 ------------- 
ITERATION 2851 ------------- 
ITERATION 2852 ------------- 
ITERATION 2853 ------------- 
ITERATION 2854 ------------- 
ITERATION 2855 ------------- 
ITERATION 2856 ------------- 
ITERATION 2857 ------------- 
ITERATION 2858 ------------- 
ITERATION 2859 ------------- 
ITERATION 2860 ------------- 
ITERATION 2861 ------------- 
ITERATION 2862 ------------- 
ITERATION 2863 ------------- 
ITERATION 2864 ------------- 
ITERATION 2865 ------------- 
ITERATION 2866 ------------- 
ITERATION 2867 ------------- 
ITERATION 2868 ------------- 
ITERATION 2869 ------------- 
ITERATION 2870 ------------- 
ITERATION 2871 ------------- 
ITERATION 2872 ------------- 
ITERATION 2873 ------------- 
ITERATION 2874 ------------- 
ITERATION 2875 ------------- 
ITERATION 2876 ------------- 
ITERATION 2877 ------------- 
ITERATION 2878 ------------- 
ITERATION 2879 ------------- 
ITERATION 2880 ------------- 
