                T1:1              <= [3.0]: 'OK'
                T1:1[    0-0    ] <= [3.0]
                T1:1              <= [3.0]: 'OK'
                T1:1[    0-0    ] <= [3.0]
                T1:1              <= [3.0]: 'OK'
                T1:1[    0-0    ] <= [3.0]
                T1:1              <= [3.0]: 'OK'
                T1:1[    0-0    ] <= [3.0]
                T1:1              <= [3.0]: 'OK'
                T1:1[    0-0    ] <= [3.0]
                T1:1              <= [3.0]: 'OK'
                T1:1[    0-0    ] <= [3.0]
                T1:1              <= [3.0]: 'OK'
                T1:1[    0-0    ] <= [3.0]
                T1:1              <= [3.0]: 'OK'
                T1:1[    0-0    ] <= [3.0]
                T1:1              <= [3.0]: 'OK'
                T1:1[    0-0    ] <= [3.0]
                T1:1              <= [3.0]: 'OK'
                T1:1[    0-0    ] <= [3.0]
                T1:1              <= [3.0]: 'OK'
                T1:1[    0-0    ] <= [3.0]
                T1:1              <= [3.0]: 'OK'
                T1:1[    0-0    ] <= [3.0]
                T1:1              <= [3.0]: 'OK'
                T1:1[    0-0    ] <= [3.0]
                T1:1              <= [3.0]: 'OK'
                T1:1[    0-0    ] <= [3.0]
                T1:1              <= [3.0]: 'OK'
                T1:1[    0-0    ] <= [3.0]
                T1:1              <= [3.0]: 'OK'
                T1:1[    0-0    ] <= [3.0]
                T1:1              <= [3.0]: 'OK'
                T1:1[    0-0    ] <= [3.0]
                T1:1              <= [3.0]: 'OK'
                T1:1[    0-0    ] <= [3.0]
                T1:1[    0-0    ] <= [3.0]
                T1:1              <= [3.0]: 'OK'
                T1:1              <= [3.0]: 'OK'
                T1:1[    0-0    ] <= [3.0]
                T1:1              <= [3.0]: 'OK'
                T1:1[    0-0    ] <= [3.0]
                T1:1              <= [3.0]: 'OK'
                T1:1[    0-0    ] <= [3.0]
                T1:1              <= [3.0]: 'OK'
                T1:1[    0-0    ] <= [3.0]
                T1:1              <= [3.0]: 'OK'
                T1:1[    0-0    ] <= [3.0]
                T1:1[    0-0    ] <= [3.0]
                T1:1              <= [3.0]: 'OK'
                T1:1              <= [3.0]: 'OK'
                T1:1[    0-0    ] <= [3.0]
                T1:1              <= [3.0]: 'OK'
                T1:1[    0-0    ] <= [3.0]
                T1:1              <= [3.0]: 'OK'
                T1:1[    0-0    ] <= [3.0]
                T1:1              <= [3.0]: 'OK'
                T1:1[    0-0    ] <= [3.0]
                T1:1              <= [3.0]: 'OK'
                T1:1[    0-0    ] <= [3.0]
                T1:1              <= [3.0]: 'OK'
                T1:1[    0-0    ] <= [3.0]
                T1:1              <= [3.0]: 'OK'
                T1:1[    0-0    ] <= [3.0]
                T1:1              <= [3.03190985095914]: 'OK'
                T1:1[    0-0    ] <= [3.031909942626953]
                T1:1              <= [3.03190985095914]: 'OK'
                T1:1[    0-0    ] <= [3.031909942626953]
                T1:1              <= [3.03190985095914]: 'OK'
                T1:1[    0-0    ] <= [3.031909942626953]
                T1:1              <= [3.03190985095914]: 'OK'
                T1:1[    0-0    ] <= [3.031909942626953]
                T1:1              <= [3.03190985095914]: 'OK'
                T1:1[    0-0    ] <= [3.031909942626953]
                T1:1[    0-0    ] <= [3.031909942626953]
                T1:1              <= [3.03190985095914]: 'OK'
                T1:1              <= [3.03190985095914]: 'OK'
                T1:1[    0-0    ] <= [3.031909942626953]
                T1:1[    0-0    ] <= [3.031909942626953]
                T1:1              <= [3.03190985095914]: 'OK'
                T1:1              <= [3.03190985095914]: 'OK'
                T1:1[    0-0    ] <= [3.031909942626953]
                T1:1              <= [3.03190985095914]: 'OK'
                T1:1[    0-0    ] <= [3.031909942626953]
                T1:1              <= [3.06379753904925]: 'OK'
                T1:1[    0-0    ] <= [3.0637974739074707]
                T1:1              <= [3.06379753904925]: 'OK'
                T1:1[    0-0    ] <= [3.0637974739074707]
                T1:1              <= [3.06379753904925]: 'OK'
                T1:1[    0-0    ] <= [3.0637974739074707]
                T1:1              <= [3.06379753904925]: 'OK'
                T1:1[    0-0    ] <= [3.0637974739074707]
                T1:1              <= [3.06379753904925]: 'OK'
                T1:1[    0-0    ] <= [3.0637974739074707]
                T1:1              <= [3.06379753904925]: 'OK'
                T1:1[    0-0    ] <= [3.0637974739074707]
                T1:1              <= [3.06379753904925]: 'OK'
                T1:1[    0-0    ] <= [3.0637974739074707]
                T1:1              <= [3.06379753904925]: 'OK'
                T1:1[    0-0    ] <= [3.0637974739074707]
                T1:1              <= [3.06379753904925]: 'OK'
                T1:1[    0-0    ] <= [3.0637974739074707]
                T1:1              <= [3.06379753904925]: 'OK'
                T1:1[    0-0    ] <= [3.0637974739074707]
                T1:1              <= [3.09566307593391]: 'OK'
                T1:1[    0-0    ] <= [3.095663070678711]
                T1:1              <= [3.09566307593391]: 'OK'
                T1:1[    0-0    ] <= [3.095663070678711]
                T1:1              <= [3.09566307593391]: 'OK'
                T1:1[    0-0    ] <= [3.095663070678711]
                T1:1              <= [3.09566307593391]: 'OK'
                T1:1[    0-0    ] <= [3.095663070678711]
                T1:1              <= [3.09566307593391]: 'OK'
                T1:1[    0-0    ] <= [3.095663070678711]
                T1:1[    0-0    ] <= [3.095663070678711]
                T1:1              <= [3.09566307593391]: 'OK'
                T1:1              <= [3.09566307593391]: 'OK'
                T1:1[    0-0    ] <= [3.095663070678711]
                T1:1              <= [3.09566307593391]: 'OK'
                T1:1[    0-0    ] <= [3.095663070678711]
                T1:1              <= [3.09566307593391]: 'OK'
                T1:1[    0-0    ] <= [3.095663070678711]
                T1:1              <= [3.09566307593391]: 'OK'
                T1:1[    0-0    ] <= [3.095663070678711]
                T1:1              <= [3.080070659331]: 'OK'
                T1:1[    0-0    ] <= [3.080070734024048]
DEBUG get_query: SELECT value FROM ctown WHERE name = ? AND pid = ?
DEBUG set_query: UPDATE ctown SET value = ? WHERE name = ? AND pid = ?
DEBUG EnipProtocol server addr:  192.168.1.1
DEBUG: concatenating server address with default port.
DEBUG enip server tags_string:  T1:1=REAL ATT_1:1=REAL ATT_2:1=REAL 
DEBUG enip _start_server cmd:  ['/usr/bin/python', '-m', 'cpppo.server.enip', '--print', '--log', 'logs/protocols_tests_enip_server', '--address', '192.168.1.1:44818', 'T1:1=REAL', 'ATT_1:1=REAL', 'ATT_2:1=REAL']
DEBUG: plc2 enters pre_loop
Tank Level 1 3.000000 
ITERATION 1 ------------- 
Tank Level 1 3.000000 
ITERATION 2 ------------- 
Tank Level 1 3.000000 
ITERATION 3 ------------- 
Tank Level 1 3.000000 
ITERATION 4 ------------- 
Tank Level 1 3.000000 
ITERATION 5 ------------- 
Tank Level 1 3.000000 
ITERATION 6 ------------- 
Tank Level 1 3.000000 
ITERATION 7 ------------- 
Tank Level 1 3.000000 
ITERATION 8 ------------- 
Tank Level 1 3.000000 
ITERATION 9 ------------- 
Tank Level 1 3.000000 
ITERATION 10 ------------- 
Tank Level 1 3.000000 
ITERATION 11 ------------- 
Tank Level 1 3.000000 
ITERATION 12 ------------- 
Tank Level 1 3.000000 
ITERATION 13 ------------- 
Tank Level 1 3.000000 
ITERATION 14 ------------- 
Tank Level 1 3.000000 
ITERATION 15 ------------- 
Tank Level 1 3.000000 
ITERATION 16 ------------- 
Tank Level 1 3.000000 
ITERATION 17 ------------- 
Tank Level 1 3.000000 
ITERATION 18 ------------- 
Tank Level 1 3.000000 
ITERATION 19 ------------- 
Tank Level 1 3.000000 
ITERATION 20 ------------- 
Tank Level 1 3.000000 
ITERATION 21 ------------- 
Tank Level 1 3.000000 
ITERATION 22 ------------- 
Tank Level 1 3.000000 
ITERATION 23 ------------- 
Tank Level 1 3.000000 
ITERATION 24 ------------- 
Tank Level 1 3.000000 
ITERATION 25 ------------- 
Tank Level 1 3.000000 
ITERATION 26 ------------- 
Tank Level 1 3.000000 
ITERATION 27 ------------- 
Tank Level 1 3.000000 
ITERATION 28 ------------- 
Tank Level 1 3.000000 
ITERATION 29 ------------- 
Tank Level 1 3.000000 
ITERATION 30 ------------- 
Tank Level 1 3.000000 
ITERATION 31 ------------- 
Tank Level 1 3.000000 
ITERATION 32 ------------- 
Tank Level 1 3.031910 
ITERATION 33 ------------- 
Tank Level 1 3.031910 
ITERATION 34 ------------- 
Tank Level 1 3.031910 
ITERATION 35 ------------- 
Tank Level 1 3.031910 
ITERATION 36 ------------- 
Tank Level 1 3.031910 
ITERATION 37 ------------- 
Tank Level 1 3.031910 
ITERATION 38 ------------- 
Tank Level 1 3.031910 
ITERATION 39 ------------- 
Tank Level 1 3.031910 
ITERATION 40 ------------- 
Tank Level 1 3.031910 
ITERATION 41 ------------- 
Tank Level 1 3.031910 
ITERATION 42 ------------- 
Tank Level 1 3.063798 
ITERATION 43 ------------- 
Tank Level 1 3.063798 
ITERATION 44 ------------- 
Tank Level 1 3.063798 
ITERATION 45 ------------- 
Tank Level 1 3.063798 
ITERATION 46 ------------- 
Tank Level 1 3.063798 
ITERATION 47 ------------- 
Tank Level 1 3.063798 
ITERATION 48 ------------- 
Tank Level 1 3.063798 
ITERATION 49 ------------- 
Tank Level 1 3.063798 
ITERATION 50 ------------- 
Tank Level 1 3.063798 
ITERATION 51 ------------- 
Tank Level 1 3.063798 
ITERATION 52 ------------- 
Tank Level 1 3.095663 
ITERATION 53 ------------- 
Tank Level 1 3.095663 
ITERATION 54 ------------- 
Tank Level 1 3.095663 
ITERATION 55 ------------- 
Tank Level 1 3.095663 
ITERATION 56 ------------- 
Tank Level 1 3.095663 
ITERATION 57 ------------- 
Tank Level 1 3.095663 
ITERATION 58 ------------- 
Tank Level 1 3.095663 
ITERATION 59 ------------- 
Tank Level 1 3.095663 
ITERATION 60 ------------- 
Tank Level 1 3.095663 
ITERATION 61 ------------- 
Tank Level 1 3.095663 
ITERATION 62 ------------- 
Tank Level 1 3.080071 
ITERATION 63 ------------- 
Tank Level 1 3.080071 
ITERATION 64 ------------- 
DEBUG plc2 shutdown
plc2
Stopping Tcp dump process on PLC...
Stopping PLC...
                T1:1              <= [3.080070659331]: 'OK'
                T1:1[    0-0    ] <= [3.080070734024048]
