DEBUG get_query: SELECT value FROM ctown WHERE name = ? AND pid = ?
DEBUG set_query: UPDATE ctown SET value = ? WHERE name = ? AND pid = ?
DEBUG EnipProtocol server addr:  192.168.1.1
DEBUG: concatenating server address with default port.
DEBUG enip server tags_string:  T5:1=REAL T7:1=REAL PU8:1=REAL PU10:1=REAL PU11:1=REAL ATT_1:1=REAL ATT_2:1=REAL 
DEBUG enip _start_server cmd:  ['/usr/bin/python', '-m', 'cpppo.server.enip', '--print', '--log', 'logs/protocols_tests_enip_server', '--address', '192.168.1.1:44818', 'T5:1=REAL', 'T7:1=REAL', 'PU8:1=REAL', 'PU10:1=REAL', 'PU11:1=REAL', 'ATT_1:1=REAL', 'ATT_2:1=REAL']
DEBUG: plc5 enters pre_loop
ITERATION 1 ------------- 
T5 Level 1.000000 
T7 Level 2.500000 
Opening PU8
ITERATION 2 ------------- 
T5 Level 1.000000 
T7 Level 2.500000 
Opening PU8
ITERATION 3 ------------- 
T5 Level 1.000000 
T7 Level 2.500000 
Opening PU8
ITERATION 4 ------------- 
T5 Level 1.000000 
T7 Level 2.500000 
Opening PU8
ITERATION 5 ------------- 
T5 Level 1.000000 
T7 Level 2.500000 
Opening PU8
ITERATION 6 ------------- 
T5 Level 1.000000 
T7 Level 2.500000 
Opening PU8
ITERATION 7 ------------- 
T5 Level 1.000000 
T7 Level 2.500000 
Opening PU8
ITERATION 8 ------------- 
T5 Level 1.000000 
T7 Level 2.500000 
Opening PU8
ITERATION 9 ------------- 
T5 Level 1.000000 
T7 Level 2.500000 
Opening PU8
ITERATION 10 ------------- 
T5 Level 1.000000 
T7 Level 2.500000 
Opening PU8
ITERATION 11 ------------- 
T5 Level 1.000000 
T7 Level 2.500000 
Opening PU8
ITERATION 12 ------------- 
T5 Level 1.000000 
T7 Level 2.500000 
Opening PU8
ITERATION 13 ------------- 
T5 Level 1.000000 
T7 Level 2.500000 
Opening PU8
ITERATION 14 ------------- 
T5 Level 1.054209 
T7 Level 2.385125 
Opening PU8
Opening PU10
ITERATION 15 ------------- 
T5 Level 1.054209 
T7 Level 2.385125 
Opening PU8
Opening PU10
ITERATION 16 ------------- 
T5 Level 1.054209 
T7 Level 2.385125 
Opening PU8
Opening PU10
ITERATION 17 ------------- 
T5 Level 1.054209 
T7 Level 2.385125 
Opening PU8
Opening PU10
ITERATION 18 ------------- 
T5 Level 1.108398 
T7 Level 2.270536 
Opening PU8
Opening PU10
ITERATION 19 ------------- 
T5 Level 1.108398 
T7 Level 2.270536 
Opening PU8
Opening PU10
ITERATION 20 ------------- 
T5 Level 1.108398 
T7 Level 2.270536 
Opening PU8
Opening PU10
ITERATION 21 ------------- 
T5 Level 1.108398 
T7 Level 2.270536 
Opening PU8
Opening PU10
ITERATION 22 ------------- 
T5 Level 1.108398 
T7 Level 2.270536 
Opening PU8
Opening PU10
ITERATION 23 ------------- 
T5 Level 1.162567 
T7 Level 2.156233 
Opening PU8
Opening PU10
ITERATION 24 ------------- 
T5 Level 1.162567 
T7 Level 2.156233 
Opening PU8
Opening PU10
ITERATION 25 ------------- 
T5 Level 1.162567 
T7 Level 2.156233 
Opening PU8
Opening PU10
ITERATION 26 ------------- 
T5 Level 1.162567 
T7 Level 2.156233 
Opening PU8
Opening PU10
ITERATION 27 ------------- 
T5 Level 1.162567 
T7 Level 2.201199 
Opening PU8
Opening PU10
DEBUG plc5 shutdown
plc5
Stopping Tcp dump process on PLC...
Stopping PLC...
