                T5:1              <= [1.0]: 'OK'
                T5:1[    0-0    ] <= [1.0]
                T5:1              <= [1.0]: 'OK'
                T5:1[    0-0    ] <= [1.0]
                T5:1              <= [1.0]: 'OK'
                T5:1[    0-0    ] <= [1.0]
                T5:1              <= [1.0]: 'OK'
                T5:1[    0-0    ] <= [1.0]
                T5:1              <= [1.0]: 'OK'
                T5:1[    0-0    ] <= [1.0]
                T5:1              <= [1.0]: 'OK'
                T5:1[    0-0    ] <= [1.0]
                T5:1              <= [1.0]: 'OK'
                T5:1[    0-0    ] <= [1.0]
                T5:1              <= [1.0]: 'OK'
                T5:1[    0-0    ] <= [1.0]
                T5:1              <= [1.0]: 'OK'
                T5:1[    0-0    ] <= [1.0]
                T5:1              <= [1.0]: 'OK'
                T5:1[    0-0    ] <= [1.0]
                T5:1[    0-0    ] <= [1.0]
                T5:1              <= [1.0]: 'OK'
                T5:1              <= [1.0]: 'OK'
                T5:1[    0-0    ] <= [1.0]
                T5:1              <= [1.0]: 'OK'
                T5:1[    0-0    ] <= [1.0]
                T5:1              <= [1.0]: 'OK'
                T5:1[    0-0    ] <= [1.0]
                T5:1[    0-0    ] <= [1.0]
                T5:1              <= [1.0]: 'OK'
                T5:1              <= [1.0]: 'OK'
                T5:1[    0-0    ] <= [1.0]
                T5:1              <= [1.0]: 'OK'
                T5:1[    0-0    ] <= [1.0]
                T5:1              <= [1.0]: 'OK'
                T5:1[    0-0    ] <= [1.0]
                T5:1              <= [1.0]: 'OK'
                T5:1[    0-0    ] <= [1.0]
                T5:1              <= [1.0]: 'OK'
                T5:1[    0-0    ] <= [1.0]
                T5:1              <= [1.0]: 'OK'
                T5:1[    0-0    ] <= [1.0]
                T5:1[    0-0    ] <= [1.0]
                T5:1              <= [1.0]: 'OK'
                T5:1              <= [1.0]: 'OK'
                T5:1[    0-0    ] <= [1.0]
                T5:1              <= [1.0]: 'OK'
                T5:1[    0-0    ] <= [1.0]
                T5:1              <= [1.0]: 'OK'
                T5:1[    0-0    ] <= [1.0]
                T5:1              <= [1.0]: 'OK'
                T5:1[    0-0    ] <= [1.0]
                T5:1              <= [1.0]: 'OK'
                T5:1[    0-0    ] <= [1.0]
                T5:1              <= [1.0]: 'OK'
                T5:1[    0-0    ] <= [1.0]
                T5:1              <= [1.05420920003813]: 'OK'
                T5:1[    0-0    ] <= [1.0542092323303223]
                T5:1              <= [1.05420920003813]: 'OK'
                T5:1[    0-0    ] <= [1.0542092323303223]
                T5:1              <= [1.05420920003813]: 'OK'
                T5:1[    0-0    ] <= [1.0542092323303223]
                T5:1              <= [1.05420920003813]: 'OK'
                T5:1[    0-0    ] <= [1.0542092323303223]
                T5:1              <= [1.05420920003813]: 'OK'
                T5:1[    0-0    ] <= [1.0542092323303223]
                T5:1              <= [1.05420920003813]: 'OK'
                T5:1[    0-0    ] <= [1.0542092323303223]
                T5:1              <= [1.05420920003813]: 'OK'
                T5:1[    0-0    ] <= [1.0542092323303223]
                T5:1              <= [1.05420920003813]: 'OK'
                T5:1[    0-0    ] <= [1.0542092323303223]
                T5:1              <= [1.05420920003813]: 'OK'
                T5:1[    0-0    ] <= [1.0542092323303223]
                T5:1              <= [1.05420920003813]: 'OK'
                T5:1[    0-0    ] <= [1.0542092323303223]
                T5:1              <= [1.10839807522403]: 'OK'
                T5:1[    0-0    ] <= [1.1083980798721313]
                T5:1              <= [1.10839807522403]: 'OK'
                T5:1[    0-0    ] <= [1.1083980798721313]
                T5:1              <= [1.10839807522403]: 'OK'
                T5:1[    0-0    ] <= [1.1083980798721313]
                T5:1              <= [1.10839807522403]: 'OK'
                T5:1[    0-0    ] <= [1.1083980798721313]
                T5:1              <= [1.10839807522403]: 'OK'
                T5:1[    0-0    ] <= [1.1083980798721313]
                T5:1              <= [1.10839807522403]: 'OK'
                T5:1[    0-0    ] <= [1.1083980798721313]
                T5:1              <= [1.10839807522403]: 'OK'
                T5:1[    0-0    ] <= [1.1083980798721313]
                T5:1              <= [1.10839807522403]: 'OK'
                T5:1[    0-0    ] <= [1.1083980798721313]
                T5:1              <= [1.10839807522403]: 'OK'
                T5:1[    0-0    ] <= [1.1083980798721313]
                T5:1              <= [1.10839807522403]: 'OK'
                T5:1[    0-0    ] <= [1.1083980798721313]
                T5:1              <= [1.10839807522403]: 'OK'
                T5:1[    0-0    ] <= [1.1083980798721313]
                T5:1              <= [1.16256662207482]: 'OK'
                T5:1[    0-0    ] <= [1.1625666618347168]
                T5:1              <= [1.16256662207482]: 'OK'
                T5:1[    0-0    ] <= [1.1625666618347168]
                T5:1              <= [1.16256662207482]: 'OK'
                T5:1[    0-0    ] <= [1.1625666618347168]
                T5:1              <= [1.16256662207482]: 'OK'
                T5:1[    0-0    ] <= [1.1625666618347168]
                T5:1              <= [1.16256662207482]: 'OK'
                T5:1[    0-0    ] <= [1.1625666618347168]
                T5:1              <= [1.16256662207482]: 'OK'
                T5:1[    0-0    ] <= [1.1625666618347168]
                T5:1[    0-0    ] <= [1.1625666618347168]
                T5:1              <= [1.16256662207482]: 'OK'
                T5:1              <= [1.16256662207482]: 'OK'
                T5:1[    0-0    ] <= [1.1625666618347168]
                T5:1              <= [1.16256662207482]: 'OK'
                T5:1[    0-0    ] <= [1.1625666618347168]
                T5:1              <= [1.16256662207482]: 'OK'
                T5:1[    0-0    ] <= [1.1625666618347168]
                T5:1              <= [1.20931043974343]: 'OK'
                T5:1[    0-0    ] <= [1.2093104124069214]
DEBUG get_query: SELECT value FROM ctown WHERE name = ? AND pid = ?
DEBUG set_query: UPDATE ctown SET value = ? WHERE name = ? AND pid = ?
DEBUG EnipProtocol server addr:  192.168.1.1
DEBUG: concatenating server address with default port.
DEBUG enip server tags_string:  T5:1=REAL ATT_1:1=REAL ATT_2:1=REAL 
DEBUG enip _start_server cmd:  ['/usr/bin/python', '-m', 'cpppo.server.enip', '--print', '--log', 'logs/protocols_tests_enip_server', '--address', '192.168.1.1:44818', 'T5:1=REAL', 'ATT_1:1=REAL', 'ATT_2:1=REAL']
DEBUG: plc7 enters pre_loop
Tank Level 1.000000 
ITERATION 1 ------------- 
Tank Level 1.000000 
ITERATION 2 ------------- 
Tank Level 1.000000 
ITERATION 3 ------------- 
Tank Level 1.000000 
ITERATION 4 ------------- 
Tank Level 1.000000 
ITERATION 5 ------------- 
Tank Level 1.000000 
ITERATION 6 ------------- 
Tank Level 1.000000 
ITERATION 7 ------------- 
Tank Level 1.000000 
ITERATION 8 ------------- 
Tank Level 1.000000 
ITERATION 9 ------------- 
Tank Level 1.000000 
ITERATION 10 ------------- 
Tank Level 1.000000 
ITERATION 11 ------------- 
Tank Level 1.000000 
ITERATION 12 ------------- 
Tank Level 1.000000 
ITERATION 13 ------------- 
Tank Level 1.000000 
ITERATION 14 ------------- 
Tank Level 1.000000 
ITERATION 15 ------------- 
Tank Level 1.000000 
ITERATION 16 ------------- 
Tank Level 1.000000 
ITERATION 17 ------------- 
Tank Level 1.000000 
ITERATION 18 ------------- 
Tank Level 1.000000 
ITERATION 19 ------------- 
Tank Level 1.000000 
ITERATION 20 ------------- 
Tank Level 1.000000 
ITERATION 21 ------------- 
Tank Level 1.000000 
ITERATION 22 ------------- 
Tank Level 1.000000 
ITERATION 23 ------------- 
Tank Level 1.000000 
ITERATION 24 ------------- 
Tank Level 1.000000 
ITERATION 25 ------------- 
Tank Level 1.000000 
ITERATION 26 ------------- 
Tank Level 1.000000 
ITERATION 27 ------------- 
Tank Level 1.000000 
ITERATION 28 ------------- 
Tank Level 1.000000 
ITERATION 29 ------------- 
Tank Level 1.054209 
ITERATION 30 ------------- 
Tank Level 1.054209 
ITERATION 31 ------------- 
Tank Level 1.054209 
ITERATION 32 ------------- 
Tank Level 1.054209 
ITERATION 33 ------------- 
Tank Level 1.054209 
ITERATION 34 ------------- 
Tank Level 1.054209 
ITERATION 35 ------------- 
Tank Level 1.054209 
ITERATION 36 ------------- 
Tank Level 1.054209 
ITERATION 37 ------------- 
Tank Level 1.054209 
ITERATION 38 ------------- 
Tank Level 1.054209 
ITERATION 39 ------------- 
Tank Level 1.108398 
ITERATION 40 ------------- 
Tank Level 1.108398 
ITERATION 41 ------------- 
Tank Level 1.108398 
ITERATION 42 ------------- 
Tank Level 1.108398 
ITERATION 43 ------------- 
Tank Level 1.108398 
ITERATION 44 ------------- 
Tank Level 1.108398 
ITERATION 45 ------------- 
Tank Level 1.108398 
ITERATION 46 ------------- 
Tank Level 1.108398 
ITERATION 47 ------------- 
Tank Level 1.108398 
ITERATION 48 ------------- 
Tank Level 1.108398 
ITERATION 49 ------------- 
Tank Level 1.108398 
ITERATION 50 ------------- 
Tank Level 1.162567 
ITERATION 51 ------------- 
Tank Level 1.162567 
ITERATION 52 ------------- 
Tank Level 1.162567 
ITERATION 53 ------------- 
Tank Level 1.162567 
ITERATION 54 ------------- 
Tank Level 1.162567 
ITERATION 55 ------------- 
Tank Level 1.162567 
ITERATION 56 ------------- 
Tank Level 1.162567 
ITERATION 57 ------------- 
Tank Level 1.162567 
ITERATION 58 ------------- 
Tank Level 1.162567 
ITERATION 59 ------------- 
Tank Level 1.162567 
ITERATION 60 ------------- 
Tank Level 1.209310 
ITERATION 61 ------------- 
Tank Level 1.209310 
ITERATION 62 ------------- 
DEBUG plc7 shutdown
plc7
Stopping Tcp dump process on PLC...
Stopping PLC...
                T5:1              <= [1.20931043974343]: 'OK'
                T5:1[    0-0    ] <= [1.2093104124069214]
