                T1:1              <= [3.0]: 'OK'
                T1:1[    0-0    ] <= [3.0]
                T1:1              <= [3.0]: 'OK'
                T1:1[    0-0    ] <= [3.0]
                T1:1              <= [3.0]: 'OK'
                T1:1[    0-0    ] <= [3.0]
                T1:1              <= [3.0]: 'OK'
                T1:1[    0-0    ] <= [3.0]
                T1:1              <= [3.0]: 'OK'
                T1:1[    0-0    ] <= [3.0]
                T1:1              <= [3.0]: 'OK'
                T1:1[    0-0    ] <= [3.0]
                T1:1              <= [3.0]: 'OK'
                T1:1[    0-0    ] <= [3.0]
                T1:1              <= [3.0]: 'OK'
                T1:1[    0-0    ] <= [3.0]
                T1:1              <= [3.0]: 'OK'
                T1:1[    0-0    ] <= [3.0]
                T1:1              <= [3.0]: 'OK'
                T1:1[    0-0    ] <= [3.0]
                T1:1              <= [3.0]: 'OK'
                T1:1[    0-0    ] <= [3.0]
                T1:1              <= [3.0]: 'OK'
                T1:1[    0-0    ] <= [3.0]
                T1:1              <= [3.0]: 'OK'
                T1:1[    0-0    ] <= [3.0]
                T1:1              <= [3.0]: 'OK'
                T1:1[    0-0    ] <= [3.0]
                T1:1              <= [3.0]: 'OK'
                T1:1[    0-0    ] <= [3.0]
                T1:1              <= [3.0]: 'OK'
                T1:1[    0-0    ] <= [3.0]
                T1:1              <= [3.0]: 'OK'
                T1:1[    0-0    ] <= [3.0]
                T1:1              <= [3.0]: 'OK'
                T1:1[    0-0    ] <= [3.0]
                T1:1              <= [3.0]: 'OK'
                T1:1[    0-0    ] <= [3.0]
                T1:1[    0-0    ] <= [3.0]
                T1:1              <= [3.0]: 'OK'
                T1:1              <= [3.0]: 'OK'
                T1:1[    0-0    ] <= [3.0]
                T1:1              <= [3.0]: 'OK'
                T1:1[    0-0    ] <= [3.0]
                T1:1              <= [3.0]: 'OK'
                T1:1[    0-0    ] <= [3.0]
                T1:1              <= [3.0]: 'OK'
                T1:1[    0-0    ] <= [3.0]
                T1:1              <= [3.0]: 'OK'
                T1:1[    0-0    ] <= [3.0]
                T1:1              <= [4.89337846168893]: 'OK'
                T1:1[    0-0    ] <= [4.893378257751465]
                T1:1              <= [4.89337846168893]: 'OK'
                T1:1[    0-0    ] <= [4.893378257751465]
                T1:1              <= [4.89337846168893]: 'OK'
                T1:1[    0-0    ] <= [4.893378257751465]
                T1:1              <= [4.89337846168893]: 'OK'
                T1:1[    0-0    ] <= [4.893378257751465]
                T1:1              <= [4.89337846168893]: 'OK'
                T1:1[    0-0    ] <= [4.893378257751465]
                T1:1              <= [4.89337846168893]: 'OK'
                T1:1[    0-0    ] <= [4.893378257751465]
                T1:1              <= [4.89337846168893]: 'OK'
                T1:1[    0-0    ] <= [4.893378257751465]
                T1:1              <= [4.92710829015687]: 'OK'
                T1:1[    0-0    ] <= [4.927108287811279]
                T1:1              <= [4.92710829015687]: 'OK'
                T1:1[    0-0    ] <= [4.927108287811279]
                T1:1              <= [4.92710829015687]: 'OK'
                T1:1[    0-0    ] <= [4.927108287811279]
                T1:1[    0-0    ] <= [4.927108287811279]
                T1:1              <= [4.92710829015687]: 'OK'
                T1:1              <= [4.92710829015687]: 'OK'
                T1:1[    0-0    ] <= [4.927108287811279]
                T1:1              <= [4.92710829015687]: 'OK'
                T1:1[    0-0    ] <= [4.927108287811279]
                T1:1[    0-0    ] <= [4.927108287811279]
                T1:1              <= [4.92710829015687]: 'OK'
                T1:1              <= [4.92710829015687]: 'OK'
                T1:1[    0-0    ] <= [4.927108287811279]
                T1:1              <= [4.92710829015687]: 'OK'
                T1:1[    0-0    ] <= [4.927108287811279]
                T1:1              <= [4.96081415630505]: 'OK'
                T1:1[    0-0    ] <= [4.960813999176025]
                T1:1              <= [4.96081415630505]: 'OK'
                T1:1[    0-0    ] <= [4.960813999176025]
                T1:1              <= [4.96081415630505]: 'OK'
                T1:1[    0-0    ] <= [4.960813999176025]
                T1:1              <= [4.96081415630505]: 'OK'
                T1:1[    0-0    ] <= [4.960813999176025]
                T1:1              <= [4.96081415630505]: 'OK'
                T1:1[    0-0    ] <= [4.960813999176025]
                T1:1              <= [4.96081415630505]: 'OK'
                T1:1[    0-0    ] <= [4.960813999176025]
                T1:1              <= [4.96081415630505]: 'OK'
                T1:1[    0-0    ] <= [4.960813999176025]
                T1:1[    0-0    ] <= [4.960813999176025]
                T1:1              <= [4.96081415630505]: 'OK'
                T1:1              <= [4.96938309328378]: 'OK'
                T1:1[    0-0    ] <= [4.969383239746094]
                T1:1              <= [4.96938309328378]: 'OK'
                T1:1[    0-0    ] <= [4.969383239746094]
                T1:1              <= [4.96938309328378]: 'OK'
                T1:1[    0-0    ] <= [4.969383239746094]
                T1:1              <= [4.96938309328378]: 'OK'
                T1:1[    0-0    ] <= [4.969383239746094]
                T1:1              <= [4.96938309328378]: 'OK'
                T1:1[    0-0    ] <= [4.969383239746094]
                T1:1[    0-0    ] <= [4.969383239746094]
                T1:1              <= [4.96938309328378]: 'OK'
                T1:1              <= [4.96938309328378]: 'OK'
                T1:1[    0-0    ] <= [4.969383239746094]
                T1:1              <= [4.96938309328378]: 'OK'
                T1:1[    0-0    ] <= [4.969383239746094]
                T1:1              <= [4.97795237517825]: 'OK'
                T1:1[    0-0    ] <= [4.977952480316162]
                T1:1              <= [4.97795237517825]: 'OK'
                T1:1[    0-0    ] <= [4.977952480316162]
                T1:1              <= [4.97795237517825]: 'OK'
                T1:1[    0-0    ] <= [4.977952480316162]
                T1:1              <= [4.97795237517825]: 'OK'
                T1:1[    0-0    ] <= [4.977952480316162]
                T1:1              <= [4.97795237517825]: 'OK'
                T1:1[    0-0    ] <= [4.977952480316162]
                T1:1              <= [4.97795237517825]: 'OK'
                T1:1[    0-0    ] <= [4.977952480316162]
                T1:1              <= [4.97795237517825]: 'OK'
                T1:1[    0-0    ] <= [4.977952480316162]
                T1:1              <= [4.97795237517825]: 'OK'
                T1:1[    0-0    ] <= [4.977952480316162]
                T1:1              <= [4.98652199926454]: 'OK'
                T1:1[    0-0    ] <= [4.986522197723389]
                T1:1              <= [4.98652199926454]: 'OK'
                T1:1[    0-0    ] <= [4.986522197723389]
                T1:1              <= [4.98652199926454]: 'OK'
                T1:1[    0-0    ] <= [4.986522197723389]
                T1:1[    0-0    ] <= [4.986522197723389]
                T1:1              <= [4.98652199926454]: 'OK'
DEBUG get_query: SELECT value FROM ctown WHERE name = ? AND pid = ?
DEBUG set_query: UPDATE ctown SET value = ? WHERE name = ? AND pid = ?
DEBUG EnipProtocol server addr:  192.168.1.1
DEBUG: concatenating server address with default port.
DEBUG enip server tags_string:  T1:1=REAL ATT_1:1=REAL ATT_2:1=REAL 
DEBUG enip _start_server cmd:  ['/usr/bin/python', '-m', 'cpppo.server.enip', '--print', '--log', 'logs/protocols_tests_enip_server', '--address', '192.168.1.1:44818', 'T1:1=REAL', 'ATT_1:1=REAL', 'ATT_2:1=REAL']
DEBUG: plc2 enters pre_loop
Tank Level 1 3.000000 
ITERATION 1 ------------- 
Tank Level 1 3.000000 
ITERATION 2 ------------- 
Tank Level 1 3.000000 
ITERATION 3 ------------- 
Tank Level 1 3.000000 
ITERATION 4 ------------- 
Tank Level 1 3.000000 
ITERATION 5 ------------- 
Tank Level 1 3.000000 
ITERATION 6 ------------- 
Tank Level 1 3.000000 
ITERATION 7 ------------- 
Tank Level 1 3.000000 
ITERATION 8 ------------- 
Tank Level 1 3.000000 
ITERATION 9 ------------- 
Tank Level 1 3.000000 
ITERATION 10 ------------- 
Tank Level 1 3.000000 
ITERATION 11 ------------- 
Tank Level 1 3.000000 
ITERATION 12 ------------- 
Tank Level 1 3.000000 
ITERATION 13 ------------- 
Tank Level 1 3.000000 
ITERATION 14 ------------- 
Tank Level 1 3.000000 
ITERATION 15 ------------- 
Tank Level 1 3.000000 
ITERATION 16 ------------- 
Tank Level 1 3.000000 
ITERATION 17 ------------- 
Tank Level 1 3.000000 
ITERATION 18 ------------- 
Tank Level 1 3.000000 
ITERATION 19 ------------- 
Tank Level 1 3.000000 
ITERATION 20 ------------- 
Tank Level 1 3.000000 
ITERATION 21 ------------- 
Tank Level 1 3.000000 
ITERATION 22 ------------- 
Tank Level 1 3.000000 
ITERATION 23 ------------- 
Tank Level 1 3.000000 
ITERATION 24 ------------- 
Tank Level 1 3.000000 
ITERATION 25 ------------- 
Tank Level 1 4.893378 
ITERATION 26 ------------- 
Tank Level 1 4.893378 
ITERATION 27 ------------- 
Tank Level 1 4.893378 
ITERATION 28 ------------- 
Tank Level 1 4.893378 
ITERATION 29 ------------- 
Tank Level 1 4.893378 
ITERATION 30 ------------- 
Tank Level 1 4.893378 
ITERATION 31 ------------- 
Tank Level 1 4.893378 
ITERATION 32 ------------- 
Tank Level 1 4.927108 
ITERATION 33 ------------- 
Tank Level 1 4.927108 
ITERATION 34 ------------- 
Tank Level 1 4.927108 
ITERATION 35 ------------- 
Tank Level 1 4.927108 
ITERATION 36 ------------- 
Tank Level 1 4.927108 
ITERATION 37 ------------- 
Tank Level 1 4.927108 
ITERATION 38 ------------- 
Tank Level 1 4.927108 
ITERATION 39 ------------- 
Tank Level 1 4.927108 
ITERATION 40 ------------- 
Tank Level 1 4.927108 
ITERATION 41 ------------- 
Tank Level 1 4.960814 
ITERATION 42 ------------- 
Tank Level 1 4.960814 
ITERATION 43 ------------- 
Tank Level 1 4.960814 
ITERATION 44 ------------- 
Tank Level 1 4.960814 
ITERATION 45 ------------- 
Tank Level 1 4.960814 
ITERATION 46 ------------- 
Tank Level 1 4.960814 
ITERATION 47 ------------- 
Tank Level 1 4.960814 
ITERATION 48 ------------- 
Tank Level 1 4.960814 
ITERATION 49 ------------- 
Tank Level 1 4.969383 
ITERATION 50 ------------- 
Tank Level 1 4.969383 
ITERATION 51 ------------- 
Tank Level 1 4.969383 
ITERATION 52 ------------- 
Tank Level 1 4.969383 
ITERATION 53 ------------- 
Tank Level 1 4.969383 
ITERATION 54 ------------- 
Tank Level 1 4.969383 
ITERATION 55 ------------- 
Tank Level 1 4.969383 
ITERATION 56 ------------- 
Tank Level 1 4.969383 
ITERATION 57 ------------- 
Tank Level 1 4.977952 
ITERATION 58 ------------- 
Tank Level 1 4.977952 
ITERATION 59 ------------- 
Tank Level 1 4.977952 
ITERATION 60 ------------- 
Tank Level 1 4.977952 
ITERATION 61 ------------- 
Tank Level 1 4.977952 
ITERATION 62 ------------- 
Tank Level 1 4.977952 
ITERATION 63 ------------- 
Tank Level 1 4.977952 
ITERATION 64 ------------- 
Tank Level 1 4.977952 
ITERATION 65 ------------- 
Tank Level 1 4.986522 
ITERATION 66 ------------- 
Tank Level 1 4.986522 
ITERATION 67 ------------- 
Tank Level 1 4.986522 
ITERATION 68 ------------- 
Tank Level 1 4.986522 
ITERATION 69 ------------- 
Tank Level 1 4.986522 
ITERATION 70 -                T1:1              <= [4.98652199926454]: 'OK'
                T1:1[    0-0    ] <= [4.986522197723389]
                T1:1              <= [4.98652199926454]: 'OK'
                T1:1[    0-0    ] <= [4.986522197723389]
                T1:1              <= [4.98652199926454]: 'OK'
                T1:1[    0-0    ] <= [4.986522197723389]
                T1:1              <= [4.98652199926454]: 'OK'
                T1:1[    0-0    ] <= [4.986522197723389]
                T1:1              <= [4.99509196281974]: 'OK'
                T1:1[    0-0    ] <= [4.995091915130615]
                T1:1              <= [4.99509196281974]: 'OK'
                T1:1[    0-0    ] <= [4.995091915130615]
                T1:1              <= [4.99509196281974]: 'OK'
                T1:1[    0-0    ] <= [4.995091915130615]
                T1:1              <= [4.99509196281974]: 'OK'
                T1:1[    0-0    ] <= [4.995091915130615]
                T1:1              <= [4.99509196281974]: 'OK'
                T1:1[    0-0    ] <= [4.995091915130615]
                T1:1              <= [4.99509196281974]: 'OK'
                T1:1[    0-0    ] <= [4.995091915130615]
                T1:1              <= [4.99509196281974]: 'OK'
                T1:1[    0-0    ] <= [4.995091915130615]
                T1:1              <= [5.00366226312192]: 'OK'
                T1:1[    0-0    ] <= [5.003662109375]
                T1:1[    0-0    ] <= [5.003662109375]
                T1:1              <= [5.00366226312192]: 'OK'
                T1:1              <= [5.00366226312192]: 'OK'
                T1:1[    0-0    ] <= [5.003662109375]
                T1:1              <= [5.00366226312192]: 'OK'
                T1:1[    0-0    ] <= [5.003662109375]
                T1:1              <= [5.00366226312192]: 'OK'
                T1:1[    0-0    ] <= [5.003662109375]
                T1:1[    0-0    ] <= [5.003662109375]
                T1:1              <= [5.00366226312192]: 'OK'
                T1:1              <= [5.00366226312192]: 'OK'
                T1:1[    0-0    ] <= [5.003662109375]
                T1:1[    0-0    ] <= [5.003662109375]
                T1:1              <= [5.00366226312192]: 'OK'
                T1:1              <= [5.0122328974501]: 'OK'
                T1:1[    0-0    ] <= [5.012232780456543]
                T1:1              <= [5.0122328974501]: 'OK'
                T1:1[    0-0    ] <= [5.012232780456543]
                T1:1              <= [5.0122328974501]: 'OK'
                T1:1[    0-0    ] <= [5.012232780456543]
                T1:1              <= [5.0122328974501]: 'OK'
                T1:1[    0-0    ] <= [5.012232780456543]
                T1:1              <= [5.0122328974501]: 'OK'
                T1:1[    0-0    ] <= [5.012232780456543]
                T1:1              <= [5.0122328974501]: 'OK'
                T1:1[    0-0    ] <= [5.012232780456543]
                T1:1              <= [5.0122328974501]: 'OK'
                T1:1[    0-0    ] <= [5.012232780456543]
                T1:1              <= [5.0122328974501]: 'OK'
                T1:1[    0-0    ] <= [5.012232780456543]
                T1:1              <= [5.02080386308431]: 'OK'
                T1:1[    0-0    ] <= [5.020803928375244]
                T1:1              <= [5.02080386308431]: 'OK'
                T1:1[    0-0    ] <= [5.020803928375244]
                T1:1              <= [5.02080386308431]: 'OK'
                T1:1[    0-0    ] <= [5.020803928375244]
                T1:1              <= [5.02080386308431]: 'OK'
                T1:1[    0-0    ] <= [5.020803928375244]
                T1:1              <= [5.02080386308431]: 'OK'
                T1:1[    0-0    ] <= [5.020803928375244]
                T1:1              <= [5.02080386308431]: 'OK'
                T1:1[    0-0    ] <= [5.020803928375244]
                T1:1              <= [5.02080386308431]: 'OK'
                T1:1[    0-0    ] <= [5.020803928375244]
                T1:1              <= [5.02080386308431]: 'OK'
                T1:1[    0-0    ] <= [5.020803928375244]
                T1:1              <= [5.02937515730551]: 'OK'
                T1:1[    0-0    ] <= [5.029375076293945]
                T1:1              <= [5.02937515730551]: 'OK'
                T1:1[    0-0    ] <= [5.029375076293945]
                T1:1              <= [5.02937515730551]: 'OK'
                T1:1[    0-0    ] <= [5.029375076293945]
                T1:1              <= [5.02937515730551]: 'OK'
                T1:1[    0-0    ] <= [5.029375076293945]
                T1:1              <= [5.02937515730551]: 'OK'
                T1:1[    0-0    ] <= [5.029375076293945]
                T1:1              <= [5.02937515730551]: 'OK'
                T1:1[    0-0    ] <= [5.029375076293945]
                T1:1              <= [5.02937515730551]: 'OK'
                T1:1[    0-0    ] <= [5.029375076293945]
                T1:1              <= [5.02937515730551]: 'OK'
                T1:1[    0-0    ] <= [5.029375076293945]
                T1:1              <= [5.02937515730551]: 'OK'
                T1:1[    0-0    ] <= [5.029375076293945]
                T1:1              <= [5.03794677739567]: 'OK'
                T1:1[    0-0    ] <= [5.037946701049805]
                T1:1              <= [5.03794677739567]: 'OK'
                T1:1[    0-0    ] <= [5.037946701049805]
                T1:1              <= [5.03794677739567]: 'OK'
                T1:1[    0-0    ] <= [5.037946701049805]
                T1:1              <= [5.03794677739567]: 'OK'
                T1:1[    0-0    ] <= [5.037946701049805]
                T1:1              <= [5.03794677739567]: 'OK'
                T1:1[    0-0    ] <= [5.037946701049805]
                T1:1[    0-0    ] <= [5.037946701049805]
                T1:1              <= [5.03794677739567]: 'OK'
                T1:1              <= [5.03794677739567]: 'OK'
                T1:1[    0-0    ] <= [5.037946701049805]
                T1:1              <= [5.03794677739567]: 'OK'
                T1:1[    0-0    ] <= [5.037946701049805]
                T1:1              <= [5.04651872063775]: 'OK'
                T1:1[    0-0    ] <= [5.046518802642822]
                T1:1              <= [5.04651872063775]: 'OK'
                T1:1[    0-0    ] <= [5.046518802642822]
                T1:1              <= [5.04651872063775]: 'OK'
                T1:1[    0-0    ] <= [5.046518802642822]
                T1:1              <= [5.04651872063775]: 'OK'
                T1:1[    0-0    ] <= [5.046518802642822]
                T1:1              <= [5.04651872063775]: 'OK'
                T1:1[    0-0    ] <= [5.046518802642822]
                T1:1              <= [5.04651872063775]: 'OK'
                T1:1[    0-0    ] <= [5.046518802642822]
                T1:1              <= [5.04651872063775]: 'OK'
                T1:1[    0-0    ] <= [5.046518802642822]
                T1:1              <= [5.04651872063775]: 'OK'
                T1:1[    0-0    ] <= [5.046518802642822]
                T1:1              <= [5.05733660435813]: 'OK'
                T1:1[    0-0    ] <= [5.057336807250977]
                T1:1              <= [5.05733660435813]: 'OK'
                T1:1[    0-0    ] <= [5.057336807250977]
                T1:1              <= [5.05733660435813]: 'OK'
                T1:1[    0-0    ] <= [5.057336807250977]
                T1:1              <= [5.05733660435813]: 'OK'
                T1:1[    0-0    ] <= [5.057336807250977]
                T1:1              <= [5.05733660435813]: 'OK'
                T1:1[    0-0    ] <= [5.057336807250977]
                T1:1              <= [5.05733660435813]: 'OK'
                T1:1[    0-0    ] <= [5.057336807250977]
                T1:1              <= [5.05733660435813]: 'OK'
                T1:1[    0-0    ] <= [5.057336807250977]
                T1:1              <= [5.05733660435813]: 'OK'
                T1:1[    0-0    ] <= [5.057336807250977]
                T1:1              <= [5.0568649225645]: 'OK'
                T1:1[    0-0    ] <= [5.0568647384643555]
                T1:1              <= [5.0568649225645]: 'OK'
                T1:1[    0-0    ] <= [5.0568647384643555]
                T1:1              <= [5.0568649225645]: 'OK'
                T1:1[    0-0    ] <= [5.0568647384643555]
                T1:1              <= [5.0568649225645]: 'OK'
                T1:1[    0-0    ] <= [5.0568647384643555]
                T1:1              <= [5.0568649225645]: 'OK'
                T1:1[    0-0    ] <= [5.0568647384643555]
                T1:1[    0-0    ] <= [5.0568647384643555]
                T1:1              <= [5.0568649225645]: 'OK'
                T1:1              <= [5.0568649225645]: 'OK'
                T1:1[    0-0    ] <= [5.0568647384643555]
                T1:1              <= [5.0568649225645]: 'OK'
                T1:1[    0-0    ] <= [5.0568647384643555]
                T1:1              <= [5.0568649225645]: 'OK'
                T1:1[    0-0    ] <= [5.0568647384643555]
                T1:1              <= [5.0568649225645]: 'OK'
                T1:1[    0-0    ] <= [5.0568647384643555]
                T1:1              <= [5.05640317988407]: 'OK'
                T1:1[    0-0    ] <= [5.056403160095215]
                T1:1              <= [5.05640317988407]: 'OK'
                T1:1[    0-0    ] <= [5.056403160095215]
------------ 
Tank Level 1 4.986522 
ITERATION 71 ------------- 
Tank Level 1 4.986522 
ITERATION 72 ------------- 
Tank Level 1 4.986522 
ITERATION 73 ------------- 
Tank Level 1 4.995092 
ITERATION 74 ------------- 
Tank Level 1 4.995092 
ITERATION 75 ------------- 
Tank Level 1 4.995092 
ITERATION 76 ------------- 
Tank Level 1 4.995092 
ITERATION 77 ------------- 
Tank Level 1 4.995092 
ITERATION 78 ------------- 
Tank Level 1 4.995092 
ITERATION 79 ------------- 
Tank Level 1 4.995092 
ITERATION 80 ------------- 
Tank Level 1 5.003662 
ITERATION 81 ------------- 
Tank Level 1 5.003662 
ITERATION 82 ------------- 
Tank Level 1 5.003662 
ITERATION 83 ------------- 
Tank Level 1 5.003662 
ITERATION 84 ------------- 
Tank Level 1 5.003662 
ITERATION 85 ------------- 
Tank Level 1 5.003662 
ITERATION 86 ------------- 
Tank Level 1 5.003662 
ITERATION 87 ------------- 
Tank Level 1 5.003662 
ITERATION 88 ------------- 
Tank Level 1 5.012233 
ITERATION 89 ------------- 
Tank Level 1 5.012233 
ITERATION 90 ------------- 
Tank Level 1 5.012233 
ITERATION 91 ------------- 
Tank Level 1 5.012233 
ITERATION 92 ------------- 
Tank Level 1 5.012233 
ITERATION 93 ------------- 
Tank Level 1 5.012233 
ITERATION 94 ------------- 
Tank Level 1 5.012233 
ITERATION 95 ------------- 
Tank Level 1 5.012233 
ITERATION 96 ------------- 
Tank Level 1 5.020804 
ITERATION 97 ------------- 
Tank Level 1 5.020804 
ITERATION 98 ------------- 
Tank Level 1 5.020804 
ITERATION 99 ------------- 
Tank Level 1 5.020804 
ITERATION 100 ------------- 
Tank Level 1 5.020804 
ITERATION 101 ------------- 
Tank Level 1 5.020804 
ITERATION 102 ------------- 
Tank Level 1 5.020804 
ITERATION 103 ------------- 
Tank Level 1 5.020804 
ITERATION 104 ------------- 
Tank Level 1 5.029375 
ITERATION 105 ------------- 
Tank Level 1 5.029375 
ITERATION 106 ------------- 
Tank Level 1 5.029375 
ITERATION 107 ------------- 
Tank Level 1 5.029375 
ITERATION 108 ------------- 
Tank Level 1 5.029375 
ITERATION 109 ------------- 
Tank Level 1 5.029375 
ITERATION 110 ------------- 
Tank Level 1 5.029375 
ITERATION 111 ------------- 
Tank Level 1 5.029375 
ITERATION 112 ------------- 
Tank Level 1 5.029375 
ITERATION 113 ------------- 
Tank Level 1 5.037947 
ITERATION 114 ------------- 
Tank Level 1 5.037947 
ITERATION 115 ------------- 
Tank Level 1 5.037947 
ITERATION 116 ------------- 
Tank Level 1 5.037947 
ITERATION 117 ------------- 
Tank Level 1 5.037947 
ITERATION 118 ------------- 
Tank Level 1 5.037947 
ITERATION 119 ------------- 
Tank Level 1 5.037947 
ITERATION 120 ------------- 
Tank Level 1 5.037947 
ITERATION 121 ------------- 
Tank Level 1 5.046519 
ITERATION 122 ------------- 
Tank Level 1 5.046519 
ITERATION 123 ------------- 
Tank Level 1 5.046519 
ITERATION 124 ------------- 
Tank Level 1 5.046519 
ITERATION 125 ------------- 
Tank Level 1 5.046519 
ITERATION 126 ------------- 
Tank Level 1 5.046519 
ITERATION 127 ------------- 
Tank Level 1 5.046519 
ITERATION 128 ------------- 
Tank Level 1 5.046519 
ITERATION 129 ------------- 
Tank Level 1 5.057337 
ITERATION 130 ------------- 
Tank Level 1 5.057337 
ITERATION 131 ------------- 
Tank Level 1 5.057337 
ITERATION 132 ------------- 
Tank Level 1 5.057337 
ITERATION 133 ------------- 
Tank Level 1 5.057337 
ITERATION 134 ------------- 
Tank Level 1 5.057337 
ITERATION 135 ------------- 
Tank Level 1 5.057337 
ITERATION 136 ------------- 
Tank Level 1 5.057337 
ITERATION 137 ------------- 
Tank Level 1 5.056865 
ITERATION 138 ------------- 
Tank Level 1 5.056865 
ITERATION 139 ------------- 
Tank Level 1 5.056865 
ITERATION 140 ------------- 
Tank Level 1 5.056865 
ITERATION 141 ------------- 
Tank Level 1 5.056865 
ITERATION 142 ------------- 
Tank Level 1 5.056865 
ITERATION 143 ------------- 
Tank Level 1 5.056865 
ITERATION 144 ------------- 
Tank Level 1 5.056865 
ITERATION 145 ------------- 
Tank Level 1 5.056865 
ITERATION 146 ------------- 
Tank Level 1 5.056865 
ITERATION 147 ------------- 
Tank Level 1 5.056403 
ITERATION 148 ------------- 
Tank Level 1 5.056403 
ITERATION 149 ------------- 
Tan                T1:1[    0-0    ] <= [5.056403160095215]
                T1:1              <= [5.05640317988407]: 'OK'
                T1:1              <= [5.05640317988407]: 'OK'
                T1:1[    0-0    ] <= [5.056403160095215]
                T1:1              <= [5.05640317988407]: 'OK'
                T1:1[    0-0    ] <= [5.056403160095215]
                T1:1              <= [5.05640317988407]: 'OK'
                T1:1[    0-0    ] <= [5.056403160095215]
                T1:1              <= [5.05640317988407]: 'OK'
                T1:1[    0-0    ] <= [5.056403160095215]
                T1:1[    0-0    ] <= [5.056403160095215]
                T1:1              <= [5.05640317988407]: 'OK'
                T1:1              <= [5.05640317988407]: 'OK'
                T1:1[    0-0    ] <= [5.056403160095215]
                T1:1[    0-0    ] <= [5.0559515953063965]
                T1:1              <= [5.05595136330329]: 'OK'
                T1:1              <= [5.05595136330329]: 'OK'
                T1:1[    0-0    ] <= [5.0559515953063965]
                T1:1              <= [5.05595136330329]: 'OK'
                T1:1[    0-0    ] <= [5.0559515953063965]
                T1:1              <= [5.05595136330329]: 'OK'
                T1:1[    0-0    ] <= [5.0559515953063965]
                T1:1              <= [5.05595136330329]: 'OK'
                T1:1[    0-0    ] <= [5.0559515953063965]
                T1:1              <= [5.05595136330329]: 'OK'
                T1:1[    0-0    ] <= [5.0559515953063965]
                T1:1              <= [5.05595136330329]: 'OK'
                T1:1[    0-0    ] <= [5.0559515953063965]
                T1:1              <= [5.05595136330329]: 'OK'
                T1:1[    0-0    ] <= [5.0559515953063965]
                T1:1              <= [5.05550945982488]: 'OK'
                T1:1[    0-0    ] <= [5.055509567260742]
                T1:1              <= [5.05550945982488]: 'OK'
                T1:1[    0-0    ] <= [5.055509567260742]
                T1:1              <= [5.05550945982488]: 'OK'
                T1:1[    0-0    ] <= [5.055509567260742]
                T1:1              <= [5.05550945982488]: 'OK'
                T1:1[    0-0    ] <= [5.055509567260742]
                T1:1              <= [5.05550945982488]: 'OK'
                T1:1[    0-0    ] <= [5.055509567260742]
                T1:1              <= [5.05550945982488]: 'OK'
                T1:1[    0-0    ] <= [5.055509567260742]
                T1:1              <= [5.05550945982488]: 'OK'
                T1:1[    0-0    ] <= [5.055509567260742]
                T1:1              <= [5.05550945982488]: 'OK'
                T1:1[    0-0    ] <= [5.055509567260742]
                T1:1              <= [5.05550945982488]: 'OK'
                T1:1[    0-0    ] <= [5.055509567260742]
                T1:1              <= [5.05507745646808]: 'OK'
                T1:1[    0-0    ] <= [5.05507755279541]
                T1:1              <= [5.05507745646808]: 'OK'
                T1:1[    0-0    ] <= [5.05507755279541]
                T1:1              <= [5.05507745646808]: 'OK'
                T1:1[    0-0    ] <= [5.05507755279541]
                T1:1              <= [5.05507745646808]: 'OK'
                T1:1[    0-0    ] <= [5.05507755279541]
                T1:1              <= [5.05507745646808]: 'OK'
                T1:1[    0-0    ] <= [5.05507755279541]
                T1:1              <= [5.05507745646808]: 'OK'
                T1:1[    0-0    ] <= [5.05507755279541]
                T1:1              <= [5.05507745646808]: 'OK'
                T1:1[    0-0    ] <= [5.05507755279541]
                T1:1              <= [5.05507745646808]: 'OK'
                T1:1[    0-0    ] <= [5.05507755279541]
                T1:1              <= [5.05507745646808]: 'OK'
                T1:1[    0-0    ] <= [5.05507755279541]
                T1:1[    0-0    ] <= [5.0546555519104]
                T1:1              <= [5.05465534026928]: 'OK'
                T1:1              <= [5.05465534026928]: 'OK'
                T1:1[    0-0    ] <= [5.0546555519104]
                T1:1              <= [5.05465534026928]: 'OK'
                T1:1[    0-0    ] <= [5.0546555519104]
                T1:1              <= [5.05465534026928]: 'OK'
                T1:1[    0-0    ] <= [5.0546555519104]
                T1:1              <= [5.05465534026928]: 'OK'
                T1:1[    0-0    ] <= [5.0546555519104]
                T1:1              <= [5.05465534026928]: 'OK'
                T1:1[    0-0    ] <= [5.0546555519104]
                T1:1              <= [5.05465534026928]: 'OK'
                T1:1[    0-0    ] <= [5.0546555519104]
                T1:1              <= [5.05424309828288]: 'OK'
                T1:1[    0-0    ] <= [5.054243087768555]
                T1:1              <= [5.05424309828288]: 'OK'
                T1:1[    0-0    ] <= [5.054243087768555]
                T1:1              <= [5.05424309828288]: 'OK'
                T1:1[    0-0    ] <= [5.054243087768555]
                T1:1              <= [5.05424309828288]: 'OK'
                T1:1[    0-0    ] <= [5.054243087768555]
                T1:1[    0-0    ] <= [5.054243087768555]
                T1:1              <= [5.05424309828288]: 'OK'
                T1:1              <= [5.05424309828288]: 'OK'
                T1:1[    0-0    ] <= [5.054243087768555]
                T1:1[    0-0    ] <= [5.054243087768555]
                T1:1              <= [5.05424309828288]: 'OK'
                T1:1              <= [5.05424309828288]: 'OK'
                T1:1[    0-0    ] <= [5.054243087768555]
                T1:1              <= [5.05424309828288]: 'OK'
                T1:1[    0-0    ] <= [5.054243087768555]
                T1:1              <= [5.05384071758468]: 'OK'
                T1:1[    0-0    ] <= [5.053840637207031]
                T1:1              <= [5.05384071758468]: 'OK'
                T1:1[    0-0    ] <= [5.053840637207031]
                T1:1              <= [5.05384071758468]: 'OK'
                T1:1[    0-0    ] <= [5.053840637207031]
                T1:1              <= [5.05384071758468]: 'OK'
                T1:1[    0-0    ] <= [5.053840637207031]
                T1:1              <= [5.05384071758468]: 'OK'
                T1:1[    0-0    ] <= [5.053840637207031]
                T1:1              <= [5.05384071758468]: 'OK'
                T1:1[    0-0    ] <= [5.053840637207031]
                T1:1              <= [5.05384071758468]: 'OK'
                T1:1[    0-0    ] <= [5.053840637207031]
                T1:1              <= [5.05384071758468]: 'OK'
                T1:1[    0-0    ] <= [5.053840637207031]
                T1:1              <= [5.05344818521037]: 'OK'
                T1:1[    0-0    ] <= [5.05344820022583]
                T1:1              <= [5.05344818521037]: 'OK'
                T1:1[    0-0    ] <= [5.05344820022583]
                T1:1              <= [5.05344818521037]: 'OK'
                T1:1[    0-0    ] <= [5.05344820022583]
                T1:1              <= [5.05344818521037]: 'OK'
                T1:1[    0-0    ] <= [5.05344820022583]
                T1:1              <= [5.05344818521037]: 'OK'
                T1:1[    0-0    ] <= [5.05344820022583]
                T1:1              <= [5.05344818521037]: 'OK'
                T1:1[    0-0    ] <= [5.05344820022583]
                T1:1              <= [5.05344818521037]: 'OK'
                T1:1[    0-0    ] <= [5.05344820022583]
                T1:1              <= [5.05344818521037]: 'OK'
                T1:1[    0-0    ] <= [5.05344820022583]
                T1:1              <= [5.05344818521037]: 'OK'
                T1:1[    0-0    ] <= [5.05344820022583]
                T1:1              <= [5.05306548815342]: 'OK'
                T1:1[    0-0    ] <= [5.053065299987793]
                T1:1              <= [5.05306548815342]: 'OK'
                T1:1[    0-0    ] <= [5.053065299987793]
                T1:1              <= [5.05306548815342]: 'OK'
                T1:1[    0-0    ] <= [5.053065299987793]
                T1:1              <= [5.05306548815342]: 'OK'
                T1:1[    0-0    ] <= [5.053065299987793]
                T1:1              <= [5.05306548815342]: 'OK'
                T1:1[    0-0    ] <= [5.053065299987793]
                T1:1[    0-0    ] <= [5.053065299987793]
                T1:1              <= [5.05306548815342]: 'OK'
                T1:1              <= [5.05306548815342]: 'OK'
                T1:1[    0-0    ] <= [5.053065299987793]
                T1:1              <= [5.05296978364089]: 'OK'
                T1:1[    0-0    ] <= [5.052969932556152]
                T1:1              <= [5.05296978364089]: 'OK'
                T1:1[    0-0    ] <= [5.052969932556152]
                T1:1              <= [5.05296978364089]: 'OK'
                T1:1[    0-0    ] <= [5.052969932556152]
                T1:1              <= [5.05296978364089]: 'OK'
                T1:1[    0-0    ] <= [5.052969932556152]
                T1:1              <= [5.05296978364089]: 'OK'
                T1:1[    0-0    ] <= [5.052969932556152]
k Level 1 5.056403 
ITERATION 150 ------------- 
Tank Level 1 5.056403 
ITERATION 151 ------------- 
Tank Level 1 5.056403 
ITERATION 152 ------------- 
Tank Level 1 5.056403 
ITERATION 153 ------------- 
Tank Level 1 5.056403 
ITERATION 154 ------------- 
Tank Level 1 5.056403 
ITERATION 155 ------------- 
Tank Level 1 5.056403 
ITERATION 156 ------------- 
Tank Level 1 5.055951 
ITERATION 157 ------------- 
Tank Level 1 5.055951 
ITERATION 158 ------------- 
Tank Level 1 5.055951 
ITERATION 159 ------------- 
Tank Level 1 5.055951 
ITERATION 160 ------------- 
Tank Level 1 5.055951 
ITERATION 161 ------------- 
Tank Level 1 5.055951 
ITERATION 162 ------------- 
Tank Level 1 5.055951 
ITERATION 163 ------------- 
Tank Level 1 5.055951 
ITERATION 164 ------------- 
Tank Level 1 5.055509 
ITERATION 165 ------------- 
Tank Level 1 5.055509 
ITERATION 166 ------------- 
Tank Level 1 5.055509 
ITERATION 167 ------------- 
Tank Level 1 5.055509 
ITERATION 168 ------------- 
Tank Level 1 5.055509 
ITERATION 169 ------------- 
Tank Level 1 5.055509 
ITERATION 170 ------------- 
Tank Level 1 5.055509 
ITERATION 171 ------------- 
Tank Level 1 5.055509 
ITERATION 172 ------------- 
Tank Level 1 5.055509 
ITERATION 173 ------------- 
Tank Level 1 5.055077 
ITERATION 174 ------------- 
Tank Level 1 5.055077 
ITERATION 175 ------------- 
Tank Level 1 5.055077 
ITERATION 176 ------------- 
Tank Level 1 5.055077 
ITERATION 177 ------------- 
Tank Level 1 5.055077 
ITERATION 178 ------------- 
Tank Level 1 5.055077 
ITERATION 179 ------------- 
Tank Level 1 5.055077 
ITERATION 180 ------------- 
Tank Level 1 5.055077 
ITERATION 181 ------------- 
Tank Level 1 5.055077 
ITERATION 182 ------------- 
Tank Level 1 5.054655 
ITERATION 183 ------------- 
Tank Level 1 5.054655 
ITERATION 184 ------------- 
Tank Level 1 5.054655 
ITERATION 185 ------------- 
Tank Level 1 5.054655 
ITERATION 186 ------------- 
Tank Level 1 5.054655 
ITERATION 187 ------------- 
Tank Level 1 5.054655 
ITERATION 188 ------------- 
Tank Level 1 5.054655 
ITERATION 189 ------------- 
Tank Level 1 5.054243 
ITERATION 190 ------------- 
Tank Level 1 5.054243 
ITERATION 191 ------------- 
Tank Level 1 5.054243 
ITERATION 192 ------------- 
Tank Level 1 5.054243 
ITERATION 193 ------------- 
Tank Level 1 5.054243 
ITERATION 194 ------------- 
Tank Level 1 5.054243 
ITERATION 195 ------------- 
Tank Level 1 5.054243 
ITERATION 196 ------------- 
Tank Level 1 5.054243 
ITERATION 197 ------------- 
Tank Level 1 5.054243 
ITERATION 198 ------------- 
Tank Level 1 5.053841 
ITERATION 199 ------------- 
Tank Level 1 5.053841 
ITERATION 200 ------------- 
Tank Level 1 5.053841 
ITERATION 201 ------------- 
Tank Level 1 5.053841 
ITERATION 202 ------------- 
Tank Level 1 5.053841 
ITERATION 203 ------------- 
Tank Level 1 5.053841 
ITERATION 204 ------------- 
Tank Level 1 5.053841 
ITERATION 205 ------------- 
Tank Level 1 5.053841 
ITERATION 206 ------------- 
Tank Level 1 5.053448 
ITERATION 207 ------------- 
Tank Level 1 5.053448 
ITERATION 208 ------------- 
Tank Level 1 5.053448 
ITERATION 209 ------------- 
Tank Level 1 5.053448 
ITERATION 210 ------------- 
Tank Level 1 5.053448 
ITERATION 211 ------------- 
Tank Level 1 5.053448 
ITERATION 212 ------------- 
Tank Level 1 5.053448 
ITERATION 213 ------------- 
Tank Level 1 5.053448 
ITERATION 214 ------------- 
Tank Level 1 5.053448 
ITERATION 215 ------------- 
Tank Level 1 5.053065 
ITERATION 216 ------------- 
Tank Level 1 5.053065 
ITERATION 217 ------------- 
Tank Level 1 5.053065 
ITERATION 218 ------------- 
Tank Level 1 5.053065 
ITERATION 219 ------------- 
Tank Level 1 5.053065 
ITERATION 220 ------------- 
Tank Level 1 5.053065 
ITERATION 221 ------------- 
Tank Level 1 5.053065 
ITERATION 222 ------------- 
Tank Level 1 5.052970 
ITERATION 223 ------------- 
Tank Level 1 5.052970 
ITERATION 224 ------------- 
Tank Level 1 5.052970 
ITERATION 225 ------------- 
Tank Level 1 5.052970 
ITERATION 226 ------------- 
Tank Level 1 5.052970 
ITERATION 227 ------------- 
Tank Level 1 5.052970 
ITERATION 228 ------                T1:1              <= [5.05296978364089]: 'OK'
                T1:1[    0-0    ] <= [5.052969932556152]
                T1:1              <= [5.05296978364089]: 'OK'
                T1:1[    0-0    ] <= [5.052969932556152]
                T1:1              <= [5.05296978364089]: 'OK'
                T1:1[    0-0    ] <= [5.052969932556152]
                T1:1              <= [5.05296978364089]: 'OK'
                T1:1[    0-0    ] <= [5.052969932556152]
                T1:1              <= [5.05793934419418]: 'OK'
                T1:1[    0-0    ] <= [5.057939529418945]
                T1:1              <= [5.05793934419418]: 'OK'
                T1:1[    0-0    ] <= [5.057939529418945]
                T1:1[    0-0    ] <= [5.057939529418945]
                T1:1              <= [5.05793934419418]: 'OK'
                T1:1              <= [5.05793934419418]: 'OK'
                T1:1[    0-0    ] <= [5.057939529418945]
                T1:1              <= [5.05793934419418]: 'OK'
                T1:1[    0-0    ] <= [5.057939529418945]
                T1:1              <= [5.05793934419418]: 'OK'
                T1:1[    0-0    ] <= [5.057939529418945]
                T1:1              <= [5.05793934419418]: 'OK'
                T1:1[    0-0    ] <= [5.057939529418945]
                T1:1              <= [5.05793934419418]: 'OK'
                T1:1[    0-0    ] <= [5.057939529418945]
                T1:1[    0-0    ] <= [5.057939529418945]
                T1:1              <= [5.05793934419418]: 'OK'
                T1:1              <= [5.05793934419418]: 'OK'
                T1:1[    0-0    ] <= [5.057939529418945]
                T1:1              <= [5.05793934419418]: 'OK'
                T1:1[    0-0    ] <= [5.057939529418945]
                T1:1              <= [5.05793934419418]: 'OK'
                T1:1[    0-0    ] <= [5.057939529418945]
                T1:1              <= [5.05793934419418]: 'OK'
                T1:1[    0-0    ] <= [5.057939529418945]
                T1:1[    0-0    ] <= [5.057939529418945]
                T1:1              <= [5.05793934419418]: 'OK'
                T1:1              <= [5.06866563204274]: 'OK'
                T1:1[    0-0    ] <= [5.068665504455566]
                T1:1              <= [5.06866563204274]: 'OK'
                T1:1[    0-0    ] <= [5.068665504455566]
                T1:1              <= [5.06866563204274]: 'OK'
                T1:1[    0-0    ] <= [5.068665504455566]
                T1:1              <= [5.06866563204274]: 'OK'
                T1:1[    0-0    ] <= [5.068665504455566]
                T1:1              <= [5.06866563204274]: 'OK'
                T1:1[    0-0    ] <= [5.068665504455566]
                T1:1              <= [5.06866563204274]: 'OK'
                T1:1[    0-0    ] <= [5.068665504455566]
                T1:1              <= [5.06866563204274]: 'OK'
                T1:1[    0-0    ] <= [5.068665504455566]
                T1:1[    0-0    ] <= [5.068665504455566]
                T1:1              <= [5.06866563204274]: 'OK'
                T1:1              <= [5.06866563204274]: 'OK'
                T1:1[    0-0    ] <= [5.068665504455566]
                T1:1              <= [5.08357816459143]: 'OK'
                T1:1[    0-0    ] <= [5.083578109741211]
                T1:1              <= [5.08357816459143]: 'OK'
                T1:1[    0-0    ] <= [5.083578109741211]
                T1:1              <= [5.08357816459143]: 'OK'
                T1:1[    0-0    ] <= [5.083578109741211]
                T1:1              <= [5.08357816459143]: 'OK'
                T1:1[    0-0    ] <= [5.083578109741211]
                T1:1              <= [5.08357816459143]: 'OK'
                T1:1[    0-0    ] <= [5.083578109741211]
                T1:1              <= [5.08357816459143]: 'OK'
                T1:1[    0-0    ] <= [5.083578109741211]
                T1:1              <= [5.08357816459143]: 'OK'
                T1:1[    0-0    ] <= [5.083578109741211]
                T1:1              <= [5.08357816459143]: 'OK'
                T1:1[    0-0    ] <= [5.083578109741211]
                T1:1              <= [5.09848736134562]: 'OK'
                T1:1[    0-0    ] <= [5.098487377166748]
                T1:1              <= [5.09848736134562]: 'OK'
                T1:1[    0-0    ] <= [5.098487377166748]
                T1:1              <= [5.09848736134562]: 'OK'
                T1:1[    0-0    ] <= [5.098487377166748]
                T1:1              <= [5.09848736134562]: 'OK'
                T1:1[    0-0    ] <= [5.098487377166748]
                T1:1              <= [5.09848736134562]: 'OK'
                T1:1[    0-0    ] <= [5.098487377166748]
                T1:1[    0-0    ] <= [5.098487377166748]
                T1:1              <= [5.09848736134562]: 'OK'
                T1:1              <= [5.09848736134562]: 'OK'
                T1:1[    0-0    ] <= [5.098487377166748]
                T1:1              <= [5.09848736134562]: 'OK'
                T1:1[    0-0    ] <= [5.098487377166748]
                T1:1              <= [5.09848736134562]: 'OK'
                T1:1[    0-0    ] <= [5.098487377166748]
                T1:1              <= [5.07352351295997]: 'OK'
                T1:1[    0-0    ] <= [5.07352352142334]
                T1:1              <= [5.07352351295997]: 'OK'
                T1:1[    0-0    ] <= [5.07352352142334]
                T1:1              <= [5.07352351295997]: 'OK'
                T1:1[    0-0    ] <= [5.07352352142334]
                T1:1              <= [5.07352351295997]: 'OK'
                T1:1[    0-0    ] <= [5.07352352142334]
                T1:1              <= [5.07352351295997]: 'OK'
                T1:1[    0-0    ] <= [5.07352352142334]
                T1:1              <= [5.07352351295997]: 'OK'
                T1:1[    0-0    ] <= [5.07352352142334]
                T1:1[    0-0    ] <= [5.07352352142334]
                T1:1              <= [5.07352351295997]: 'OK'
                T1:1[    0-0    ] <= [5.07352352142334]
                T1:1              <= [5.07352351295997]: 'OK'
                T1:1              <= [5.07352351295997]: 'OK'
                T1:1[    0-0    ] <= [5.07352352142334]
                T1:1              <= [5.04867345533017]: 'OK'
                T1:1[    0-0    ] <= [5.048673629760742]
                T1:1              <= [5.04867345533017]: 'OK'
                T1:1[    0-0    ] <= [5.048673629760742]
                T1:1              <= [5.04867345533017]: 'OK'
                T1:1[    0-0    ] <= [5.048673629760742]
                T1:1              <= [5.04867345533017]: 'OK'
                T1:1[    0-0    ] <= [5.048673629760742]
                T1:1              <= [5.04867345533017]: 'OK'
                T1:1[    0-0    ] <= [5.048673629760742]
                T1:1              <= [5.04867345533017]: 'OK'
                T1:1[    0-0    ] <= [5.048673629760742]
                T1:1              <= [5.04867345533017]: 'OK'
                T1:1[    0-0    ] <= [5.048673629760742]
                T1:1              <= [5.04867345533017]: 'OK'
                T1:1[    0-0    ] <= [5.048673629760742]
                T1:1              <= [5.02393700609947]: 'OK'
                T1:1[    0-0    ] <= [5.023937225341797]
                T1:1              <= [5.02393700609947]: 'OK'
                T1:1[    0-0    ] <= [5.023937225341797]
                T1:1              <= [5.02393700609947]: 'OK'
                T1:1[    0-0    ] <= [5.023937225341797]
                T1:1              <= [5.02393700609947]: 'OK'
                T1:1[    0-0    ] <= [5.023937225341797]
                T1:1              <= [5.02393700609947]: 'OK'
                T1:1[    0-0    ] <= [5.023937225341797]
                T1:1              <= [5.02393700609947]: 'OK'
                T1:1[    0-0    ] <= [5.023937225341797]
                T1:1              <= [5.02393700609947]: 'OK'
                T1:1[    0-0    ] <= [5.023937225341797]
                T1:1              <= [5.02393700609947]: 'OK'
                T1:1[    0-0    ] <= [5.023937225341797]
                T1:1              <= [4.99931398248366]: 'OK'
                T1:1[    0-0    ] <= [4.999313831329346]
                T1:1              <= [4.99931398248366]: 'OK'
                T1:1[    0-0    ] <= [4.999313831329346]
                T1:1              <= [4.99931398248366]: 'OK'
                T1:1[    0-0    ] <= [4.999313831329346]
                T1:1              <= [4.99931398248366]: 'OK'
                T1:1[    0-0    ] <= [4.999313831329346]
                T1:1              <= [4.99931398248366]: 'OK'
                T1:1[    0-0    ] <= [4.999313831329346]
                T1:1              <= [4.99931398248366]: 'OK'
                T1:1[    0-0    ] <= [4.999313831329346]
                T1:1              <= [4.99931398248366]: 'OK'
                T1:1[    0-0    ] <= [4.999313831329346]
                T1:1              <= [4.99931398248366]: 'OK'
                T1:1[    0-0    ] <= [4.999313831329346]
                T1:1              <= [4.99931398248366]: 'OK'
                T1:1[    0-0    ] <= [4.999313831329346]
                T1:1              <= [4.97654078052517]: 'OK'
                T1:1[    0-0    ] <= [4.976540565490723]
------- 
Tank Level 1 5.052970 
ITERATION 229 ------------- 
Tank Level 1 5.052970 
ITERATION 230 ------------- 
Tank Level 1 5.052970 
ITERATION 231 ------------- 
Tank Level 1 5.057939 
ITERATION 232 ------------- 
Tank Level 1 5.057939 
ITERATION 233 ------------- 
Tank Level 1 5.057939 
ITERATION 234 ------------- 
Tank Level 1 5.057939 
ITERATION 235 ------------- 
Tank Level 1 5.057939 
ITERATION 236 ------------- 
Tank Level 1 5.057939 
ITERATION 237 ------------- 
Tank Level 1 5.057939 
ITERATION 238 ------------- 
Tank Level 1 5.057939 
ITERATION 239 ------------- 
Tank Level 1 5.057939 
ITERATION 240 ------------- 
Tank Level 1 5.057939 
ITERATION 241 ------------- 
Tank Level 1 5.057939 
ITERATION 242 ------------- 
Tank Level 1 5.057939 
ITERATION 243 ------------- 
Tank Level 1 5.057939 
ITERATION 244 ------------- 
Tank Level 1 5.057939 
ITERATION 245 ------------- 
Tank Level 1 5.068666 
ITERATION 246 ------------- 
Tank Level 1 5.068666 
ITERATION 247 ------------- 
Tank Level 1 5.068666 
ITERATION 248 ------------- 
Tank Level 1 5.068666 
ITERATION 249 ------------- 
Tank Level 1 5.068666 
ITERATION 250 ------------- 
Tank Level 1 5.068666 
ITERATION 251 ------------- 
Tank Level 1 5.068666 
ITERATION 252 ------------- 
Tank Level 1 5.068666 
ITERATION 253 ------------- 
Tank Level 1 5.068666 
ITERATION 254 ------------- 
Tank Level 1 5.083578 
ITERATION 255 ------------- 
Tank Level 1 5.083578 
ITERATION 256 ------------- 
Tank Level 1 5.083578 
ITERATION 257 ------------- 
Tank Level 1 5.083578 
ITERATION 258 ------------- 
Tank Level 1 5.083578 
ITERATION 259 ------------- 
Tank Level 1 5.083578 
ITERATION 260 ------------- 
Tank Level 1 5.083578 
ITERATION 261 ------------- 
Tank Level 1 5.083578 
ITERATION 262 ------------- 
Tank Level 1 5.098487 
ITERATION 263 ------------- 
Tank Level 1 5.098487 
ITERATION 264 ------------- 
Tank Level 1 5.098487 
ITERATION 265 ------------- 
Tank Level 1 5.098487 
ITERATION 266 ------------- 
Tank Level 1 5.098487 
ITERATION 267 ------------- 
Tank Level 1 5.098487 
ITERATION 268 ------------- 
Tank Level 1 5.098487 
ITERATION 269 ------------- 
Tank Level 1 5.098487 
ITERATION 270 ------------- 
Tank Level 1 5.098487 
ITERATION 271 ------------- 
Tank Level 1 5.073524 
ITERATION 272 ------------- 
Tank Level 1 5.073524 
ITERATION 273 ------------- 
Tank Level 1 5.073524 
ITERATION 274 ------------- 
Tank Level 1 5.073524 
ITERATION 275 ------------- 
Tank Level 1 5.073524 
ITERATION 276 ------------- 
Tank Level 1 5.073524 
ITERATION 277 ------------- 
Tank Level 1 5.073524 
ITERATION 278 ------------- 
Tank Level 1 5.073524 
ITERATION 279 ------------- 
Tank Level 1 5.073524 
ITERATION 280 ------------- 
Tank Level 1 5.048673 
ITERATION 281 ------------- 
Tank Level 1 5.048673 
ITERATION 282 ------------- 
Tank Level 1 5.048673 
ITERATION 283 ------------- 
Tank Level 1 5.048673 
ITERATION 284 ------------- 
Tank Level 1 5.048673 
ITERATION 285 ------------- 
Tank Level 1 5.048673 
ITERATION 286 ------------- 
Tank Level 1 5.048673 
ITERATION 287 ------------- 
Tank Level 1 5.048673 
ITERATION 288 ------------- 
Tank Level 1 5.023937 
ITERATION 289 ------------- 
Tank Level 1 5.023937 
ITERATION 290 ------------- 
Tank Level 1 5.023937 
ITERATION 291 ------------- 
Tank Level 1 5.023937 
ITERATION 292 ------------- 
Tank Level 1 5.023937 
ITERATION 293 ------------- 
Tank Level 1 5.023937 
ITERATION 294 ------------- 
Tank Level 1 5.023937 
ITERATION 295 ------------- 
Tank Level 1 5.023937 
ITERATION 296 ------------- 
Tank Level 1 4.999314 
ITERATION 297 ------------- 
Tank Level 1 4.999314 
ITERATION 298 ------------- 
Tank Level 1 4.999314 
ITERATION 299 ------------- 
Tank Level 1 4.999314 
ITERATION 300 ------------- 
Tank Level 1 4.999314 
ITERATION 301 ------------- 
Tank Level 1 4.999314 
ITERATION 302 ------------- 
Tank Level 1 4.999314 
ITERATION 303 ------------- 
Tank Level 1 4.999314 
ITERATION 304 ------------- 
Tank Level 1 4.999314 
ITERATION 305 ------------- 
Tank Level 1 4.976541 
ITERATION 306 ------------- 
Tank Level 1 4.976541 
ITERATIO                T1:1[    0-0    ] <= [4.976540565490723]
                T1:1              <= [4.97654078052517]: 'OK'
                T1:1              <= [4.97654078052517]: 'OK'
                T1:1[    0-0    ] <= [4.976540565490723]
                T1:1              <= [4.97654078052517]: 'OK'
                T1:1[    0-0    ] <= [4.976540565490723]
                T1:1              <= [4.97654078052517]: 'OK'
                T1:1[    0-0    ] <= [4.976540565490723]
                T1:1[    0-0    ] <= [4.976540565490723]
                T1:1              <= [4.97654078052517]: 'OK'
                T1:1              <= [4.97654078052517]: 'OK'
                T1:1[    0-0    ] <= [4.976540565490723]
                T1:1              <= [4.97654078052517]: 'OK'
                T1:1[    0-0    ] <= [4.976540565490723]
                T1:1              <= [4.95389029371387]: 'OK'
                T1:1[    0-0    ] <= [4.953890323638916]
                T1:1              <= [4.95389029371387]: 'OK'
                T1:1[    0-0    ] <= [4.953890323638916]
                T1:1              <= [4.95389029371387]: 'OK'
                T1:1[    0-0    ] <= [4.953890323638916]
                T1:1              <= [4.95389029371387]: 'OK'
                T1:1[    0-0    ] <= [4.953890323638916]
                T1:1[    0-0    ] <= [4.953890323638916]
                T1:1              <= [4.95389029371387]: 'OK'
                T1:1              <= [4.95389029371387]: 'OK'
                T1:1[    0-0    ] <= [4.953890323638916]
                T1:1              <= [4.95389029371387]: 'OK'
                T1:1[    0-0    ] <= [4.953890323638916]
                T1:1              <= [4.95389029371387]: 'OK'
                T1:1[    0-0    ] <= [4.953890323638916]
                T1:1              <= [4.93136233610488]: 'OK'
                T1:1[    0-0    ] <= [4.931362152099609]
                T1:1              <= [4.93136233610488]: 'OK'
                T1:1[    0-0    ] <= [4.931362152099609]
                T1:1              <= [4.93136233610488]: 'OK'
                T1:1[    0-0    ] <= [4.931362152099609]
                T1:1              <= [4.93136233610488]: 'OK'
                T1:1[    0-0    ] <= [4.931362152099609]
                T1:1[    0-0    ] <= [4.931362152099609]
                T1:1              <= [4.93136233610488]: 'OK'
                T1:1[    0-0    ] <= [4.931362152099609]
                T1:1              <= [4.93136233610488]: 'OK'
                T1:1              <= [4.93136233610488]: 'OK'
                T1:1[    0-0    ] <= [4.931362152099609]
                T1:1              <= [4.93136233610488]: 'OK'
                T1:1[    0-0    ] <= [4.931362152099609]
                T1:1[    0-0    ] <= [4.931362152099609]
                T1:1              <= [4.93136233610488]: 'OK'
                T1:1              <= [4.90895672123713]: 'OK'
                T1:1[    0-0    ] <= [4.908956527709961]
                T1:1              <= [4.90895672123713]: 'OK'
                T1:1[    0-0    ] <= [4.908956527709961]
                T1:1              <= [4.90895672123713]: 'OK'
                T1:1[    0-0    ] <= [4.908956527709961]
                T1:1              <= [4.90895672123713]: 'OK'
                T1:1[    0-0    ] <= [4.908956527709961]
                T1:1              <= [4.90895672123713]: 'OK'
                T1:1[    0-0    ] <= [4.908956527709961]
                T1:1              <= [4.90895672123713]: 'OK'
                T1:1[    0-0    ] <= [4.908956527709961]
                T1:1              <= [4.90895672123713]: 'OK'
                T1:1[    0-0    ] <= [4.908956527709961]
                T1:1              <= [4.88667326213424]: 'OK'
                T1:1[    0-0    ] <= [4.886673450469971]
                T1:1              <= [4.88667326213424]: 'OK'
                T1:1[    0-0    ] <= [4.886673450469971]
                T1:1              <= [4.88667326213424]: 'OK'
                T1:1[    0-0    ] <= [4.886673450469971]
                T1:1              <= [4.88667326213424]: 'OK'
                T1:1[    0-0    ] <= [4.886673450469971]
                T1:1              <= [4.88667326213424]: 'OK'
                T1:1[    0-0    ] <= [4.886673450469971]
                T1:1              <= [4.88667326213424]: 'OK'
                T1:1[    0-0    ] <= [4.886673450469971]
                T1:1              <= [4.88667326213424]: 'OK'
                T1:1[    0-0    ] <= [4.886673450469971]
                T1:1              <= [4.88667326213424]: 'OK'
                T1:1[    0-0    ] <= [4.886673450469971]
                T1:1[    0-0    ] <= [4.864541053771973]
                T1:1              <= [4.8645409517555]: 'OK'
                T1:1[    0-0    ] <= [4.864541053771973]
                T1:1              <= [4.8645409517555]: 'OK'
                T1:1              <= [4.8645409517555]: 'OK'
                T1:1[    0-0    ] <= [4.864541053771973]
                T1:1              <= [4.8645409517555]: 'OK'
                T1:1[    0-0    ] <= [4.864541053771973]
                T1:1              <= [4.8645409517555]: 'OK'
                T1:1[    0-0    ] <= [4.864541053771973]
                T1:1              <= [4.8645409517555]: 'OK'
                T1:1[    0-0    ] <= [4.864541053771973]
                T1:1              <= [4.8645409517555]: 'OK'
                T1:1[    0-0    ] <= [4.864541053771973]
                T1:1              <= [4.8645409517555]: 'OK'
                T1:1[    0-0    ] <= [4.864541053771973]
                T1:1[    0-0    ] <= [4.864541053771973]
                T1:1              <= [4.8645409517555]: 'OK'
                T1:1              <= [4.8425305389289]: 'OK'
                T1:1[    0-0    ] <= [4.842530727386475]
                T1:1              <= [4.8425305389289]: 'OK'
                T1:1[    0-0    ] <= [4.842530727386475]
                T1:1              <= [4.8425305389289]: 'OK'
                T1:1[    0-0    ] <= [4.842530727386475]
                T1:1              <= [4.8425305389289]: 'OK'
                T1:1[    0-0    ] <= [4.842530727386475]
                T1:1              <= [4.8425305389289]: 'OK'
                T1:1[    0-0    ] <= [4.842530727386475]
                T1:1              <= [4.8425305389289]: 'OK'
                T1:1[    0-0    ] <= [4.842530727386475]
                T1:1[    0-0    ] <= [4.842530727386475]
                T1:1              <= [4.8425305389289]: 'OK'
                T1:1              <= [4.82064183494202]: 'OK'
                T1:1[    0-0    ] <= [4.820641994476318]
                T1:1              <= [4.82064183494202]: 'OK'
                T1:1[    0-0    ] <= [4.820641994476318]
                T1:1              <= [4.82064183494202]: 'OK'
                T1:1[    0-0    ] <= [4.820641994476318]
                T1:1              <= [4.82064183494202]: 'OK'
                T1:1[    0-0    ] <= [4.820641994476318]
                T1:1              <= [4.82064183494202]: 'OK'
                T1:1[    0-0    ] <= [4.820641994476318]
                T1:1              <= [4.82064183494202]: 'OK'
                T1:1[    0-0    ] <= [4.820641994476318]
                T1:1              <= [4.82064183494202]: 'OK'
                T1:1[    0-0    ] <= [4.820641994476318]
                T1:1              <= [4.82064183494202]: 'OK'
                T1:1[    0-0    ] <= [4.820641994476318]
                T1:1              <= [4.82064183494202]: 'OK'
                T1:1[    0-0    ] <= [4.820641994476318]
                T1:1              <= [4.79887465057062]: 'OK'
                T1:1[    0-0    ] <= [4.798874855041504]
                T1:1              <= [4.79887465057062]: 'OK'
                T1:1[    0-0    ] <= [4.798874855041504]
                T1:1              <= [4.79887465057062]: 'OK'
                T1:1[    0-0    ] <= [4.798874855041504]
                T1:1[    0-0    ] <= [4.798874855041504]
                T1:1              <= [4.79887465057062]: 'OK'
                T1:1              <= [4.79887465057062]: 'OK'
                T1:1[    0-0    ] <= [4.798874855041504]
                T1:1              <= [4.79887465057062]: 'OK'
                T1:1[    0-0    ] <= [4.798874855041504]
                T1:1              <= [4.79887465057062]: 'OK'
                T1:1[    0-0    ] <= [4.798874855041504]
                T1:1              <= [4.79887465057062]: 'OK'
                T1:1[    0-0    ] <= [4.798874855041504]
                T1:1              <= [4.79887465057062]: 'OK'
                T1:1[    0-0    ] <= [4.798874855041504]
                T1:1              <= [4.77722879608113]: 'OK'
                T1:1[    0-0    ] <= [4.777228832244873]
                T1:1              <= [4.77722879608113]: 'OK'
                T1:1[    0-0    ] <= [4.777228832244873]
                T1:1[    0-0    ] <= [4.777228832244873]
                T1:1              <= [4.77722879608113]: 'OK'
                T1:1              <= [4.77722879608113]: 'OK'
                T1:1[    0-0    ] <= [4.777228832244873]
                T1:1              <= [4.77722879608113]: 'OK'
                T1:1[    0-0    ] <= [4.777228832244873]
                T1:1              <= [4.77722879608113]: 'OK'
                T1:1[    0-0    ] <= [4.777228832244873]
N 307 ------------- 
Tank Level 1 4.976541 
ITERATION 308 ------------- 
Tank Level 1 4.976541 
ITERATION 309 ------------- 
Tank Level 1 4.976541 
ITERATION 310 ------------- 
Tank Level 1 4.976541 
ITERATION 311 ------------- 
Tank Level 1 4.976541 
ITERATION 312 ------------- 
Tank Level 1 4.976541 
ITERATION 313 ------------- 
Tank Level 1 4.953890 
ITERATION 314 ------------- 
Tank Level 1 4.953890 
ITERATION 315 ------------- 
Tank Level 1 4.953890 
ITERATION 316 ------------- 
Tank Level 1 4.953890 
ITERATION 317 ------------- 
Tank Level 1 4.953890 
ITERATION 318 ------------- 
Tank Level 1 4.953890 
ITERATION 319 ------------- 
Tank Level 1 4.953890 
ITERATION 320 ------------- 
Tank Level 1 4.953890 
ITERATION 321 ------------- 
Tank Level 1 4.931362 
ITERATION 322 ------------- 
Tank Level 1 4.931362 
ITERATION 323 ------------- 
Tank Level 1 4.931362 
ITERATION 324 ------------- 
Tank Level 1 4.931362 
ITERATION 325 ------------- 
Tank Level 1 4.931362 
ITERATION 326 ------------- 
Tank Level 1 4.931362 
ITERATION 327 ------------- 
Tank Level 1 4.931362 
ITERATION 328 ------------- 
Tank Level 1 4.931362 
ITERATION 329 ------------- 
Tank Level 1 4.931362 
ITERATION 330 ------------- 
Tank Level 1 4.908957 
ITERATION 331 ------------- 
Tank Level 1 4.908957 
ITERATION 332 ------------- 
Tank Level 1 4.908957 
ITERATION 333 ------------- 
Tank Level 1 4.908957 
ITERATION 334 ------------- 
Tank Level 1 4.908957 
ITERATION 335 ------------- 
Tank Level 1 4.908957 
ITERATION 336 ------------- 
Tank Level 1 4.908957 
ITERATION 337 ------------- 
Tank Level 1 4.886673 
ITERATION 338 ------------- 
Tank Level 1 4.886673 
ITERATION 339 ------------- 
Tank Level 1 4.886673 
ITERATION 340 ------------- 
Tank Level 1 4.886673 
ITERATION 341 ------------- 
Tank Level 1 4.886673 
ITERATION 342 ------------- 
Tank Level 1 4.886673 
ITERATION 343 ------------- 
Tank Level 1 4.886673 
ITERATION 344 ------------- 
Tank Level 1 4.886673 
ITERATION 345 ------------- 
Tank Level 1 4.864541 
ITERATION 346 ------------- 
Tank Level 1 4.864541 
ITERATION 347 ------------- 
Tank Level 1 4.864541 
ITERATION 348 ------------- 
Tank Level 1 4.864541 
ITERATION 349 ------------- 
Tank Level 1 4.864541 
ITERATION 350 ------------- 
Tank Level 1 4.864541 
ITERATION 351 ------------- 
Tank Level 1 4.864541 
ITERATION 352 ------------- 
Tank Level 1 4.864541 
ITERATION 353 ------------- 
Tank Level 1 4.864541 
ITERATION 354 ------------- 
Tank Level 1 4.842531 
ITERATION 355 ------------- 
Tank Level 1 4.842531 
ITERATION 356 ------------- 
Tank Level 1 4.842531 
ITERATION 357 ------------- 
Tank Level 1 4.842531 
ITERATION 358 ------------- 
Tank Level 1 4.842531 
ITERATION 359 ------------- 
Tank Level 1 4.842531 
ITERATION 360 ------------- 
Tank Level 1 4.842531 
ITERATION 361 ------------- 
Tank Level 1 4.820642 
ITERATION 362 ------------- 
Tank Level 1 4.820642 
ITERATION 363 ------------- 
Tank Level 1 4.820642 
ITERATION 364 ------------- 
Tank Level 1 4.820642 
ITERATION 365 ------------- 
Tank Level 1 4.820642 
ITERATION 366 ------------- 
Tank Level 1 4.820642 
ITERATION 367 ------------- 
Tank Level 1 4.820642 
ITERATION 368 ------------- 
Tank Level 1 4.820642 
ITERATION 369 ------------- 
Tank Level 1 4.820642 
ITERATION 370 ------------- 
Tank Level 1 4.798875 
ITERATION 371 ------------- 
Tank Level 1 4.798875 
ITERATION 372 ------------- 
Tank Level 1 4.798875 
ITERATION 373 ------------- 
Tank Level 1 4.798875 
ITERATION 374 ------------- 
Tank Level 1 4.798875 
ITERATION 375 ------------- 
Tank Level 1 4.798875 
ITERATION 376 ------------- 
Tank Level 1 4.798875 
ITERATION 377 ------------- 
Tank Level 1 4.798875 
ITERATION 378 ------------- 
Tank Level 1 4.798875 
ITERATION 379 ------------- 
Tank Level 1 4.777229 
ITERATION 380 ------------- 
Tank Level 1 4.777229 
ITERATION 381 ------------- 
Tank Level 1 4.777229 
ITERATION 382 ------------- 
Tank Level 1 4.777229 
ITERATION 383 ------------- 
Tank Level 1 4.777229 
ITERATION 384 ------------- 
Tank Level 1 4.777229 
ITERATION 385 ------------- 
Tank Level 1 4.7772                T1:1              <= [4.77722879608113]: 'OK'
                T1:1[    0-0    ] <= [4.777228832244873]
                T1:1              <= [4.77722879608113]: 'OK'
                T1:1[    0-0    ] <= [4.777228832244873]
                T1:1              <= [4.77722879608113]: 'OK'
                T1:1[    0-0    ] <= [4.777228832244873]
                T1:1              <= [4.75570408123359]: 'OK'
                T1:1[    0-0    ] <= [4.755703926086426]
                T1:1              <= [4.75570408123359]: 'OK'
                T1:1[    0-0    ] <= [4.755703926086426]
                T1:1              <= [4.75570408123359]: 'OK'
                T1:1[    0-0    ] <= [4.755703926086426]
                T1:1              <= [4.75570408123359]: 'OK'
                T1:1[    0-0    ] <= [4.755703926086426]
                T1:1              <= [4.75570408123359]: 'OK'
                T1:1[    0-0    ] <= [4.755703926086426]
                T1:1[    0-0    ] <= [4.755703926086426]
                T1:1              <= [4.75570408123359]: 'OK'
                T1:1              <= [4.75570408123359]: 'OK'
                T1:1[    0-0    ] <= [4.755703926086426]
                T1:1[    0-0    ] <= [4.755703926086426]
                T1:1              <= [4.75570408123359]: 'OK'
                T1:1              <= [4.75570408123359]: 'OK'
                T1:1[    0-0    ] <= [4.755703926086426]
                T1:1[    0-0    ] <= [4.734300136566162]
                T1:1              <= [4.73430031528503]: 'OK'
                T1:1[    0-0    ] <= [4.734300136566162]
                T1:1              <= [4.73430031528503]: 'OK'
                T1:1              <= [4.73430031528503]: 'OK'
                T1:1[    0-0    ] <= [4.734300136566162]
                T1:1              <= [4.73430031528503]: 'OK'
                T1:1[    0-0    ] <= [4.734300136566162]
                T1:1              <= [4.73430031528503]: 'OK'
                T1:1[    0-0    ] <= [4.734300136566162]
                T1:1              <= [4.73430031528503]: 'OK'
                T1:1[    0-0    ] <= [4.734300136566162]
                T1:1              <= [4.73430031528503]: 'OK'
                T1:1[    0-0    ] <= [4.734300136566162]
                T1:1              <= [4.73430031528503]: 'OK'
                T1:1[    0-0    ] <= [4.734300136566162]
                T1:1              <= [4.73430031528503]: 'OK'
                T1:1[    0-0    ] <= [4.734300136566162]
                T1:1              <= [4.71301730699338]: 'OK'
                T1:1[    0-0    ] <= [4.713017463684082]
                T1:1              <= [4.71301730699338]: 'OK'
                T1:1[    0-0    ] <= [4.713017463684082]
                T1:1              <= [4.71301730699338]: 'OK'
                T1:1[    0-0    ] <= [4.713017463684082]
                T1:1              <= [4.71301730699338]: 'OK'
                T1:1[    0-0    ] <= [4.713017463684082]
                T1:1              <= [4.71301730699338]: 'OK'
                T1:1[    0-0    ] <= [4.713017463684082]
                T1:1              <= [4.71301730699338]: 'OK'
                T1:1[    0-0    ] <= [4.713017463684082]
                T1:1              <= [4.71301730699338]: 'OK'
                T1:1[    0-0    ] <= [4.713017463684082]
                T1:1              <= [4.71301730699338]: 'OK'
                T1:1[    0-0    ] <= [4.713017463684082]
                T1:1              <= [4.71301730699338]: 'OK'
                T1:1[    0-0    ] <= [4.713017463684082]
                T1:1              <= [4.71301730699338]: 'OK'
                T1:1[    0-0    ] <= [4.713017463684082]
                T1:1[    0-0    ] <= [4.698024272918701]
                T1:1              <= [4.69802429066981]: 'OK'
                T1:1              <= [4.69802429066981]: 'OK'
                T1:1[    0-0    ] <= [4.698024272918701]
                T1:1              <= [4.69802429066981]: 'OK'
                T1:1[    0-0    ] <= [4.698024272918701]
                T1:1              <= [4.69802429066981]: 'OK'
                T1:1[    0-0    ] <= [4.698024272918701]
                T1:1              <= [4.69802429066981]: 'OK'
                T1:1[    0-0    ] <= [4.698024272918701]
                T1:1[    0-0    ] <= [4.698024272918701]
                T1:1              <= [4.69802429066981]: 'OK'
                T1:1              <= [4.69802429066981]: 'OK'
                T1:1[    0-0    ] <= [4.698024272918701]
                T1:1              <= [4.69802429066981]: 'OK'
                T1:1[    0-0    ] <= [4.698024272918701]
                T1:1              <= [4.69802429066981]: 'OK'
                T1:1[    0-0    ] <= [4.698024272918701]
                T1:1              <= [4.68317978349812]: 'OK'
                T1:1[    0-0    ] <= [4.68317985534668]
                T1:1              <= [4.68317978349812]: 'OK'
                T1:1[    0-0    ] <= [4.68317985534668]
                T1:1              <= [4.68317978349812]: 'OK'
                T1:1[    0-0    ] <= [4.68317985534668]
                T1:1              <= [4.68317978349812]: 'OK'
                T1:1[    0-0    ] <= [4.68317985534668]
                T1:1[    0-0    ] <= [4.68317985534668]
                T1:1              <= [4.68317978349812]: 'OK'
                T1:1              <= [4.68317978349812]: 'OK'
                T1:1[    0-0    ] <= [4.68317985534668]
                T1:1              <= [4.68317978349812]: 'OK'
                T1:1[    0-0    ] <= [4.68317985534668]
                T1:1              <= [4.68317978349812]: 'OK'
                T1:1[    0-0    ] <= [4.68317985534668]
                T1:1              <= [4.68317978349812]: 'OK'
                T1:1[    0-0    ] <= [4.68317985534668]
                T1:1              <= [4.68317978349812]: 'OK'
                T1:1[    0-0    ] <= [4.68317985534668]
                T1:1              <= [4.66848352206944]: 'OK'
                T1:1[    0-0    ] <= [4.668483734130859]
                T1:1              <= [4.66848352206944]: 'OK'
                T1:1[    0-0    ] <= [4.668483734130859]
                T1:1              <= [4.66848352206944]: 'OK'
                T1:1[    0-0    ] <= [4.668483734130859]
                T1:1              <= [4.66848352206944]: 'OK'
                T1:1[    0-0    ] <= [4.668483734130859]
                T1:1[    0-0    ] <= [4.668483734130859]
                T1:1              <= [4.66848352206944]: 'OK'
                T1:1              <= [4.66848352206944]: 'OK'
                T1:1[    0-0    ] <= [4.668483734130859]
                T1:1              <= [4.66848352206944]: 'OK'
                T1:1[    0-0    ] <= [4.668483734130859]
                T1:1              <= [4.66848352206944]: 'OK'
                T1:1[    0-0    ] <= [4.668483734130859]
                T1:1              <= [4.66848352206944]: 'OK'
                T1:1[    0-0    ] <= [4.668483734130859]
                T1:1              <= [4.65393524378145]: 'OK'
                T1:1[    0-0    ] <= [4.653935432434082]
                T1:1              <= [4.65393524378145]: 'OK'
                T1:1[    0-0    ] <= [4.653935432434082]
                T1:1              <= [4.65393524378145]: 'OK'
                T1:1[    0-0    ] <= [4.653935432434082]
                T1:1              <= [4.65393524378145]: 'OK'
                T1:1[    0-0    ] <= [4.653935432434082]
                T1:1              <= [4.65393524378145]: 'OK'
                T1:1[    0-0    ] <= [4.653935432434082]
                T1:1              <= [4.65393524378145]: 'OK'
                T1:1[    0-0    ] <= [4.653935432434082]
                T1:1[    0-0    ] <= [4.653935432434082]
                T1:1              <= [4.65393524378145]: 'OK'
                T1:1[    0-0    ] <= [4.653935432434082]
                T1:1              <= [4.65393524378145]: 'OK'
                T1:1[    0-0    ] <= [4.639960765838623]
                T1:1              <= [4.63996053572261]: 'OK'
                T1:1              <= [4.63996053572261]: 'OK'
                T1:1[    0-0    ] <= [4.639960765838623]
                T1:1              <= [4.63996053572261]: 'OK'
                T1:1[    0-0    ] <= [4.639960765838623]
                T1:1              <= [4.63996053572261]: 'OK'
                T1:1[    0-0    ] <= [4.639960765838623]
                T1:1              <= [4.63996053572261]: 'OK'
                T1:1[    0-0    ] <= [4.639960765838623]
                T1:1              <= [4.63996053572261]: 'OK'
                T1:1[    0-0    ] <= [4.639960765838623]
                T1:1              <= [4.63996053572261]: 'OK'
                T1:1[    0-0    ] <= [4.639960765838623]
                T1:1              <= [4.63996053572261]: 'OK'
                T1:1[    0-0    ] <= [4.639960765838623]
                T1:1              <= [4.62613241921653]: 'OK'
                T1:1[    0-0    ] <= [4.626132488250732]
                T1:1              <= [4.62613241921653]: 'OK'
                T1:1[    0-0    ] <= [4.626132488250732]
                T1:1              <= [4.62613241921653]: 'OK'
                T1:1[    0-0    ] <= [4.626132488250732]
                T1:1              <= [4.62613241921653]: 'OK'
                T1:1[    0-0    ] <= [4.626132488250732]
29 
ITERATION 386 ------------- 
Tank Level 1 4.777229 
ITERATION 387 ------------- 
Tank Level 1 4.777229 
ITERATION 388 ------------- 
Tank Level 1 4.755704 
ITERATION 389 ------------- 
Tank Level 1 4.755704 
ITERATION 390 ------------- 
Tank Level 1 4.755704 
ITERATION 391 ------------- 
Tank Level 1 4.755704 
ITERATION 392 ------------- 
Tank Level 1 4.755704 
ITERATION 393 ------------- 
Tank Level 1 4.755704 
ITERATION 394 ------------- 
Tank Level 1 4.755704 
ITERATION 395 ------------- 
Tank Level 1 4.755704 
ITERATION 396 ------------- 
Tank Level 1 4.755704 
ITERATION 397 ------------- 
Tank Level 1 4.734300 
ITERATION 398 ------------- 
Tank Level 1 4.734300 
ITERATION 399 ------------- 
Tank Level 1 4.734300 
ITERATION 400 ------------- 
Tank Level 1 4.734300 
ITERATION 401 ------------- 
Tank Level 1 4.734300 
ITERATION 402 ------------- 
Tank Level 1 4.734300 
ITERATION 403 ------------- 
Tank Level 1 4.734300 
ITERATION 404 ------------- 
Tank Level 1 4.734300 
ITERATION 405 ------------- 
Tank Level 1 4.734300 
ITERATION 406 ------------- 
Tank Level 1 4.713017 
ITERATION 407 ------------- 
Tank Level 1 4.713017 
ITERATION 408 ------------- 
Tank Level 1 4.713017 
ITERATION 409 ------------- 
Tank Level 1 4.713017 
ITERATION 410 ------------- 
Tank Level 1 4.713017 
ITERATION 411 ------------- 
Tank Level 1 4.713017 
ITERATION 412 ------------- 
Tank Level 1 4.713017 
ITERATION 413 ------------- 
Tank Level 1 4.713017 
ITERATION 414 ------------- 
Tank Level 1 4.713017 
ITERATION 415 ------------- 
Tank Level 1 4.713017 
ITERATION 416 ------------- 
Tank Level 1 4.698024 
ITERATION 417 ------------- 
Tank Level 1 4.698024 
ITERATION 418 ------------- 
Tank Level 1 4.698024 
ITERATION 419 ------------- 
Tank Level 1 4.698024 
ITERATION 420 ------------- 
Tank Level 1 4.698024 
ITERATION 421 ------------- 
Tank Level 1 4.698024 
ITERATION 422 ------------- 
Tank Level 1 4.698024 
ITERATION 423 ------------- 
Tank Level 1 4.698024 
ITERATION 424 ------------- 
Tank Level 1 4.698024 
ITERATION 425 ------------- 
Tank Level 1 4.683180 
ITERATION 426 ------------- 
Tank Level 1 4.683180 
ITERATION 427 ------------- 
Tank Level 1 4.683180 
ITERATION 428 ------------- 
Tank Level 1 4.683180 
ITERATION 429 ------------- 
Tank Level 1 4.683180 
ITERATION 430 ------------- 
Tank Level 1 4.683180 
ITERATION 431 ------------- 
Tank Level 1 4.683180 
ITERATION 432 ------------- 
Tank Level 1 4.683180 
ITERATION 433 ------------- 
Tank Level 1 4.683180 
ITERATION 434 ------------- 
Tank Level 1 4.683180 
ITERATION 435 ------------- 
Tank Level 1 4.668484 
ITERATION 436 ------------- 
Tank Level 1 4.668484 
ITERATION 437 ------------- 
Tank Level 1 4.668484 
ITERATION 438 ------------- 
Tank Level 1 4.668484 
ITERATION 439 ------------- 
Tank Level 1 4.668484 
ITERATION 440 ------------- 
Tank Level 1 4.668484 
ITERATION 441 ------------- 
Tank Level 1 4.668484 
ITERATION 442 ------------- 
Tank Level 1 4.668484 
ITERATION 443 ------------- 
Tank Level 1 4.668484 
ITERATION 444 ------------- 
Tank Level 1 4.653935 
ITERATION 445 ------------- 
Tank Level 1 4.653935 
ITERATION 446 ------------- 
Tank Level 1 4.653935 
ITERATION 447 ------------- 
Tank Level 1 4.653935 
ITERATION 448 ------------- 
Tank Level 1 4.653935 
ITERATION 449 ------------- 
Tank Level 1 4.653935 
ITERATION 450 ------------- 
Tank Level 1 4.653935 
ITERATION 451 ------------- 
Tank Level 1 4.653935 
ITERATION 452 ------------- 
Tank Level 1 4.639961 
ITERATION 453 ------------- 
Tank Level 1 4.639961 
ITERATION 454 ------------- 
Tank Level 1 4.639961 
ITERATION 455 ------------- 
Tank Level 1 4.639961 
ITERATION 456 ------------- 
Tank Level 1 4.639961 
ITERATION 457 ------------- 
Tank Level 1 4.639961 
ITERATION 458 ------------- 
Tank Level 1 4.639961 
ITERATION 459 ------------- 
Tank Level 1 4.639961 
ITERATION 460 ------------- 
Tank Level 1 4.626132 
ITERATION 461 ------------- 
Tank Level 1 4.626132 
ITERATION 462 ------------- 
Tank Level 1 4.626132 
ITERATION 463 ------------- 
Tank Level 1 4.626132 
ITERATION 464 ------------- 
Tank Le                T1:1              <= [4.62613241921653]: 'OK'
                T1:1[    0-0    ] <= [4.626132488250732]
                T1:1              <= [4.62613241921653]: 'OK'
                T1:1[    0-0    ] <= [4.626132488250732]
                T1:1              <= [4.62613241921653]: 'OK'
                T1:1[    0-0    ] <= [4.626132488250732]
                T1:1              <= [4.62613241921653]: 'OK'
                T1:1[    0-0    ] <= [4.626132488250732]
                T1:1              <= [4.62613241921653]: 'OK'
                T1:1[    0-0    ] <= [4.626132488250732]
                T1:1              <= [4.62613241921653]: 'OK'
                T1:1[    0-0    ] <= [4.626132488250732]
                T1:1              <= [4.62613241921653]: 'OK'
                T1:1[    0-0    ] <= [4.626132488250732]
                T1:1              <= [4.62613241921653]: 'OK'
                T1:1[    0-0    ] <= [4.626132488250732]
                T1:1              <= [4.62613241921653]: 'OK'
                T1:1[    0-0    ] <= [4.626132488250732]
                T1:1              <= [4.62613241921653]: 'OK'
                T1:1[    0-0    ] <= [4.626132488250732]
                T1:1              <= [4.62613241921653]: 'OK'
                T1:1[    0-0    ] <= [4.626132488250732]
                T1:1              <= [4.62613241921653]: 'OK'
                T1:1[    0-0    ] <= [4.626132488250732]
                T1:1              <= [4.62613241921653]: 'OK'
                T1:1[    0-0    ] <= [4.626132488250732]
                T1:1[    0-0    ] <= [4.626132488250732]
                T1:1              <= [4.62613241921653]: 'OK'
                T1:1              <= [4.62613241921653]: 'OK'
                T1:1[    0-0    ] <= [4.626132488250732]
                T1:1              <= [4.62613241921653]: 'OK'
                T1:1[    0-0    ] <= [4.626132488250732]
                T1:1              <= [4.62613241921653]: 'OK'
                T1:1[    0-0    ] <= [4.626132488250732]
                T1:1              <= [4.62613241921653]: 'OK'
                T1:1[    0-0    ] <= [4.626132488250732]
                T1:1              <= [4.62613241921653]: 'OK'
                T1:1[    0-0    ] <= [4.626132488250732]
                T1:1              <= [4.62613241921653]: 'OK'
                T1:1[    0-0    ] <= [4.626132488250732]
                T1:1[    0-0    ] <= [4.626132488250732]
                T1:1              <= [4.62613241921653]: 'OK'
                T1:1              <= [4.62613241921653]: 'OK'
                T1:1[    0-0    ] <= [4.626132488250732]
                T1:1              <= [4.62613241921653]: 'OK'
                T1:1[    0-0    ] <= [4.626132488250732]
                T1:1              <= [4.62613241921653]: 'OK'
                T1:1[    0-0    ] <= [4.626132488250732]
                T1:1              <= [4.62613241921653]: 'OK'
                T1:1[    0-0    ] <= [4.626132488250732]
                T1:1              <= [4.62613241921653]: 'OK'
                T1:1[    0-0    ] <= [4.626132488250732]
                T1:1              <= [4.62613241921653]: 'OK'
                T1:1[    0-0    ] <= [4.626132488250732]
                T1:1              <= [4.62613241921653]: 'OK'
                T1:1[    0-0    ] <= [4.626132488250732]
                T1:1              <= [4.62613241921653]: 'OK'
                T1:1[    0-0    ] <= [4.626132488250732]
                T1:1              <= [4.62613241921653]: 'OK'
                T1:1[    0-0    ] <= [4.626132488250732]
                T1:1              <= [4.62613241921653]: 'OK'
                T1:1[    0-0    ] <= [4.626132488250732]
                T1:1              <= [4.62613241921653]: 'OK'
                T1:1[    0-0    ] <= [4.626132488250732]
                T1:1              <= [4.62613241921653]: 'OK'
                T1:1[    0-0    ] <= [4.626132488250732]
                T1:1[    0-0    ] <= [4.626132488250732]
                T1:1              <= [4.62613241921653]: 'OK'
                T1:1              <= [4.62613241921653]: 'OK'
                T1:1[    0-0    ] <= [4.626132488250732]
                T1:1              <= [4.62613241921653]: 'OK'
                T1:1[    0-0    ] <= [4.626132488250732]
                T1:1              <= [4.62613241921653]: 'OK'
                T1:1[    0-0    ] <= [4.626132488250732]
                T1:1              <= [4.62613241921653]: 'OK'
                T1:1[    0-0    ] <= [4.626132488250732]
                T1:1[    0-0    ] <= [4.626132488250732]
                T1:1              <= [4.62613241921653]: 'OK'
                T1:1              <= [4.62613241921653]: 'OK'
                T1:1[    0-0    ] <= [4.626132488250732]
                T1:1              <= [4.62613241921653]: 'OK'
                T1:1[    0-0    ] <= [4.626132488250732]
                T1:1              <= [4.62613241921653]: 'OK'
                T1:1[    0-0    ] <= [4.626132488250732]
                T1:1              <= [4.62613241921653]: 'OK'
                T1:1[    0-0    ] <= [4.626132488250732]
                T1:1              <= [4.62613241921653]: 'OK'
                T1:1[    0-0    ] <= [4.626132488250732]
                T1:1              <= [4.62613241921653]: 'OK'
                T1:1[    0-0    ] <= [4.626132488250732]
                T1:1              <= [4.62613241921653]: 'OK'
                T1:1[    0-0    ] <= [4.626132488250732]
                T1:1[    0-0    ] <= [4.626132488250732]
                T1:1              <= [4.62613241921653]: 'OK'
                T1:1              <= [4.62613241921653]: 'OK'
                T1:1[    0-0    ] <= [4.626132488250732]
                T1:1              <= [4.62613241921653]: 'OK'
                T1:1[    0-0    ] <= [4.626132488250732]
                T1:1              <= [4.62613241921653]: 'OK'
                T1:1[    0-0    ] <= [4.626132488250732]
                T1:1              <= [4.62613241921653]: 'OK'
                T1:1[    0-0    ] <= [4.626132488250732]
                T1:1              <= [4.62613241921653]: 'OK'
                T1:1[    0-0    ] <= [4.626132488250732]
                T1:1              <= [4.62613241921653]: 'OK'
                T1:1[    0-0    ] <= [4.626132488250732]
                T1:1              <= [4.62613241921653]: 'OK'
                T1:1[    0-0    ] <= [4.626132488250732]
                T1:1              <= [4.62613241921653]: 'OK'
                T1:1[    0-0    ] <= [4.626132488250732]
                T1:1              <= [4.62613241921653]: 'OK'
                T1:1[    0-0    ] <= [4.626132488250732]
                T1:1              <= [4.62613241921653]: 'OK'
                T1:1[    0-0    ] <= [4.626132488250732]
                T1:1              <= [4.62613241921653]: 'OK'
                T1:1[    0-0    ] <= [4.626132488250732]
                T1:1              <= [4.62613241921653]: 'OK'
                T1:1[    0-0    ] <= [4.626132488250732]
                T1:1              <= [4.62613241921653]: 'OK'
                T1:1[    0-0    ] <= [4.626132488250732]
                T1:1              <= [4.62613241921653]: 'OK'
                T1:1[    0-0    ] <= [4.626132488250732]
                T1:1              <= [4.62613241921653]: 'OK'
                T1:1[    0-0    ] <= [4.626132488250732]
                T1:1              <= [4.62613241921653]: 'OK'
                T1:1[    0-0    ] <= [4.626132488250732]
                T1:1              <= [4.62613241921653]: 'OK'
                T1:1[    0-0    ] <= [4.626132488250732]
                T1:1[    0-0    ] <= [4.626132488250732]
                T1:1              <= [4.62613241921653]: 'OK'
                T1:1              <= [4.62613241921653]: 'OK'
                T1:1[    0-0    ] <= [4.626132488250732]
                T1:1              <= [4.62613241921653]: 'OK'
                T1:1[    0-0    ] <= [4.626132488250732]
                T1:1              <= [4.62613241921653]: 'OK'
                T1:1[    0-0    ] <= [4.626132488250732]
                T1:1[    0-0    ] <= [4.626132488250732]
                T1:1              <= [4.62613241921653]: 'OK'
                T1:1              <= [4.62613241921653]: 'OK'
                T1:1[    0-0    ] <= [4.626132488250732]
                T1:1              <= [4.62613241921653]: 'OK'
                T1:1[    0-0    ] <= [4.626132488250732]
                T1:1              <= [4.62613241921653]: 'OK'
                T1:1[    0-0    ] <= [4.626132488250732]
                T1:1              <= [4.62613241921653]: 'OK'
                T1:1[    0-0    ] <= [4.626132488250732]
                T1:1              <= [4.62613241921653]: 'OK'
                T1:1[    0-0    ] <= [4.626132488250732]
                T1:1              <= [4.62613241921653]: 'OK'
                T1:1[    0-0    ] <= [4.626132488250732]
                T1:1              <= [4.62613241921653]: 'OK'
                T1:1[    0-0    ] <= [4.626132488250732]
                T1:1              <= [4.62613241921653]: 'OK'
                T1:1[    0-0    ] <= [4.626132488250732]
                T1:1              <= [4.62613241921653]: 'OK'
                T1:1[    0-0    ] <= [4.626132488250732]
vel 1 4.626132 
ITERATION 465 ------------- 
Tank Level 1 4.626132 
ITERATION 466 ------------- 
Tank Level 1 4.626132 
ITERATION 467 ------------- 
Tank Level 1 4.626132 
ITERATION 468 ------------- 
Tank Level 1 4.626132 
ITERATION 469 ------------- 
Tank Level 1 4.626132 
ITERATION 470 ------------- 
Tank Level 1 4.626132 
ITERATION 471 ------------- 
Tank Level 1 4.626132 
ITERATION 472 ------------- 
Tank Level 1 4.626132 
ITERATION 473 ------------- 
Tank Level 1 4.626132 
ITERATION 474 ------------- 
Tank Level 1 4.626132 
ITERATION 475 ------------- 
Tank Level 1 4.626132 
ITERATION 476 ------------- 
Tank Level 1 4.626132 
ITERATION 477 ------------- 
Tank Level 1 4.626132 
ITERATION 478 ------------- 
Tank Level 1 4.626132 
ITERATION 479 ------------- 
Tank Level 1 4.626132 
ITERATION 480 ------------- 
Tank Level 1 4.626132 
ITERATION 481 ------------- 
Tank Level 1 4.626132 
ITERATION 482 ------------- 
Tank Level 1 4.626132 
ITERATION 483 ------------- 
Tank Level 1 4.626132 
ITERATION 484 ------------- 
Tank Level 1 4.626132 
ITERATION 485 ------------- 
Tank Level 1 4.626132 
ITERATION 486 ------------- 
Tank Level 1 4.626132 
ITERATION 487 ------------- 
Tank Level 1 4.626132 
ITERATION 488 ------------- 
Tank Level 1 4.626132 
ITERATION 489 ------------- 
Tank Level 1 4.626132 
ITERATION 490 ------------- 
Tank Level 1 4.626132 
ITERATION 491 ------------- 
Tank Level 1 4.626132 
ITERATION 492 ------------- 
Tank Level 1 4.626132 
ITERATION 493 ------------- 
Tank Level 1 4.626132 
ITERATION 494 ------------- 
Tank Level 1 4.626132 
ITERATION 495 ------------- 
Tank Level 1 4.626132 
ITERATION 496 ------------- 
Tank Level 1 4.626132 
ITERATION 497 ------------- 
Tank Level 1 4.626132 
ITERATION 498 ------------- 
Tank Level 1 4.626132 
ITERATION 499 ------------- 
Tank Level 1 4.626132 
ITERATION 500 ------------- 
Tank Level 1 4.626132 
ITERATION 501 ------------- 
Tank Level 1 4.626132 
ITERATION 502 ------------- 
Tank Level 1 4.626132 
ITERATION 503 ------------- 
Tank Level 1 4.626132 
ITERATION 504 ------------- 
Tank Level 1 4.626132 
ITERATION 505 ------------- 
Tank Level 1 4.626132 
ITERATION 506 ------------- 
Tank Level 1 4.626132 
ITERATION 507 ------------- 
Tank Level 1 4.626132 
ITERATION 508 ------------- 
Tank Level 1 4.626132 
ITERATION 509 ------------- 
Tank Level 1 4.626132 
ITERATION 510 ------------- 
Tank Level 1 4.626132 
ITERATION 511 ------------- 
Tank Level 1 4.626132 
ITERATION 512 ------------- 
Tank Level 1 4.626132 
ITERATION 513 ------------- 
Tank Level 1 4.626132 
ITERATION 514 ------------- 
Tank Level 1 4.626132 
ITERATION 515 ------------- 
Tank Level 1 4.626132 
ITERATION 516 ------------- 
Tank Level 1 4.626132 
ITERATION 517 ------------- 
Tank Level 1 4.626132 
ITERATION 518 ------------- 
Tank Level 1 4.626132 
ITERATION 519 ------------- 
Tank Level 1 4.626132 
ITERATION 520 ------------- 
Tank Level 1 4.626132 
ITERATION 521 ------------- 
Tank Level 1 4.626132 
ITERATION 522 ------------- 
Tank Level 1 4.626132 
ITERATION 523 ------------- 
Tank Level 1 4.626132 
ITERATION 524 ------------- 
Tank Level 1 4.626132 
ITERATION 525 ------------- 
Tank Level 1 4.626132 
ITERATION 526 ------------- 
Tank Level 1 4.626132 
ITERATION 527 ------------- 
Tank Level 1 4.626132 
ITERATION 528 ------------- 
Tank Level 1 4.626132 
ITERATION 529 ------------- 
Tank Level 1 4.626132 
ITERATION 530 ------------- 
Tank Level 1 4.626132 
ITERATION 531 ------------- 
Tank Level 1 4.626132 
ITERATION 532 ------------- 
Tank Level 1 4.626132 
ITERATION 533 ------------- 
Tank Level 1 4.626132 
ITERATION 534 ------------- 
Tank Level 1 4.626132 
ITERATION 535 ------------- 
Tank Level 1 4.626132 
ITERATION 536 ------------- 
Tank Level 1 4.626132 
ITERATION 537 ------------- 
Tank Level 1 4.626132 
ITERATION 538 ------------- 
Tank Level 1 4.626132 
ITERATION 539 ------------- 
Tank Level 1 4.626132 
ITERATION 540 ------------- 
Tank Level 1 4.626132 
ITERATION 541 ------------- 
Tank Level 1 4.626132 
ITERATION 542 ------------- 
Tank Level 1 4.626132 
ITERATION 543 ----------                T1:1              <= [4.62613241921653]: 'OK'
                T1:1[    0-0    ] <= [4.626132488250732]
                T1:1              <= [4.62613241921653]: 'OK'
                T1:1[    0-0    ] <= [4.626132488250732]
                T1:1              <= [4.62613241921653]: 'OK'
                T1:1[    0-0    ] <= [4.626132488250732]
                T1:1[    0-0    ] <= [4.626132488250732]
                T1:1              <= [4.62613241921653]: 'OK'
                T1:1              <= [4.62613241921653]: 'OK'
                T1:1[    0-0    ] <= [4.626132488250732]
                T1:1[    0-0    ] <= [4.626132488250732]
                T1:1              <= [4.62613241921653]: 'OK'
                T1:1              <= [4.62613241921653]: 'OK'
                T1:1[    0-0    ] <= [4.626132488250732]
                T1:1              <= [4.62613241921653]: 'OK'
                T1:1[    0-0    ] <= [4.626132488250732]
                T1:1[    0-0    ] <= [4.626132488250732]
                T1:1              <= [4.62613241921653]: 'OK'
                T1:1              <= [4.62613241921653]: 'OK'
                T1:1[    0-0    ] <= [4.626132488250732]
                T1:1              <= [4.62613241921653]: 'OK'
                T1:1[    0-0    ] <= [4.626132488250732]
                T1:1              <= [4.62613241921653]: 'OK'
                T1:1[    0-0    ] <= [4.626132488250732]
                T1:1              <= [4.62613241921653]: 'OK'
                T1:1[    0-0    ] <= [4.626132488250732]
                T1:1              <= [4.62613241921653]: 'OK'
                T1:1[    0-0    ] <= [4.626132488250732]
                T1:1              <= [4.62613241921653]: 'OK'
                T1:1[    0-0    ] <= [4.626132488250732]
                T1:1              <= [4.62613241921653]: 'OK'
                T1:1[    0-0    ] <= [4.626132488250732]
                T1:1              <= [4.62613241921653]: 'OK'
                T1:1[    0-0    ] <= [4.626132488250732]
                T1:1              <= [4.62613241921653]: 'OK'
                T1:1[    0-0    ] <= [4.626132488250732]
                T1:1              <= [4.62613241921653]: 'OK'
                T1:1[    0-0    ] <= [4.626132488250732]
                T1:1[    0-0    ] <= [4.626132488250732]
                T1:1              <= [4.62613241921653]: 'OK'
                T1:1              <= [4.62613241921653]: 'OK'
                T1:1[    0-0    ] <= [4.626132488250732]
                T1:1              <= [4.62613241921653]: 'OK'
                T1:1[    0-0    ] <= [4.626132488250732]
                T1:1              <= [4.62613241921653]: 'OK'
                T1:1[    0-0    ] <= [4.626132488250732]
                T1:1              <= [4.62613241921653]: 'OK'
                T1:1[    0-0    ] <= [4.626132488250732]
                T1:1              <= [4.62613241921653]: 'OK'
                T1:1[    0-0    ] <= [4.626132488250732]
                T1:1[    0-0    ] <= [4.626132488250732]
                T1:1              <= [4.62613241921653]: 'OK'
                T1:1[    0-0    ] <= [4.626132488250732]
                T1:1              <= [4.62613241921653]: 'OK'
                T1:1              <= [4.62613241921653]: 'OK'
                T1:1[    0-0    ] <= [4.626132488250732]
                T1:1              <= [4.62613241921653]: 'OK'
                T1:1[    0-0    ] <= [4.626132488250732]
                T1:1              <= [4.62613241921653]: 'OK'
                T1:1[    0-0    ] <= [4.626132488250732]
                T1:1              <= [4.62613241921653]: 'OK'
                T1:1[    0-0    ] <= [4.626132488250732]
                T1:1              <= [4.62613241921653]: 'OK'
                T1:1[    0-0    ] <= [4.626132488250732]
                T1:1              <= [4.62613241921653]: 'OK'
                T1:1[    0-0    ] <= [4.626132488250732]
                T1:1              <= [4.62613241921653]: 'OK'
                T1:1[    0-0    ] <= [4.626132488250732]
                T1:1[    0-0    ] <= [4.626132488250732]
                T1:1              <= [4.62613241921653]: 'OK'
                T1:1              <= [4.62613241921653]: 'OK'
                T1:1[    0-0    ] <= [4.626132488250732]
                T1:1              <= [4.62613241921653]: 'OK'
                T1:1[    0-0    ] <= [4.626132488250732]
                T1:1              <= [4.62613241921653]: 'OK'
                T1:1[    0-0    ] <= [4.626132488250732]
                T1:1              <= [4.62613241921653]: 'OK'
                T1:1[    0-0    ] <= [4.626132488250732]
                T1:1              <= [4.62613241921653]: 'OK'
                T1:1[    0-0    ] <= [4.626132488250732]
                T1:1              <= [4.62613241921653]: 'OK'
                T1:1[    0-0    ] <= [4.626132488250732]
                T1:1              <= [4.62613241921653]: 'OK'
                T1:1[    0-0    ] <= [4.626132488250732]
--- 
Tank Level 1 4.626132 
ITERATION 544 ------------- 
Tank Level 1 4.626132 
ITERATION 545 ------------- 
Tank Level 1 4.626132 
ITERATION 546 ------------- 
Tank Level 1 4.626132 
ITERATION 547 ------------- 
Tank Level 1 4.626132 
ITERATION 548 ------------- 
Tank Level 1 4.626132 
ITERATION 549 ------------- 
Tank Level 1 4.626132 
ITERATION 550 ------------- 
Tank Level 1 4.626132 
ITERATION 551 ------------- 
Tank Level 1 4.626132 
ITERATION 552 ------------- 
Tank Level 1 4.626132 
ITERATION 553 ------------- 
Tank Level 1 4.626132 
ITERATION 554 ------------- 
Tank Level 1 4.626132 
ITERATION 555 ------------- 
Tank Level 1 4.626132 
ITERATION 556 ------------- 
Tank Level 1 4.626132 
ITERATION 557 ------------- 
Tank Level 1 4.626132 
ITERATION 558 ------------- 
Tank Level 1 4.626132 
ITERATION 559 ------------- 
Tank Level 1 4.626132 
ITERATION 560 ------------- 
Tank Level 1 4.626132 
ITERATION 561 ------------- 
Tank Level 1 4.626132 
ITERATION 562 ------------- 
Tank Level 1 4.626132 
ITERATION 563 ------------- 
Tank Level 1 4.626132 
ITERATION 564 ------------- 
Tank Level 1 4.626132 
ITERATION 565 ------------- 
Tank Level 1 4.626132 
ITERATION 566 ------------- 
Tank Level 1 4.626132 
ITERATION 567 ------------- 
Tank Level 1 4.626132 
ITERATION 568 ------------- 
Tank Level 1 4.626132 
ITERATION 569 ------------- 
Tank Level 1 4.626132 
ITERATION 570 ------------- 
Tank Level 1 4.626132 
ITERATION 571 ------------- 
Tank Level 1 4.626132 
ITERATION 572 ------------- 
Tank Level 1 4.626132 
ITERATION 573 ------------- 
Tank Level 1 4.626132 
ITERATION 574 ------------- 
Tank Level 1 4.626132 
ITERATION 575 ------------- 
Tank Level 1 4.626132 
ITERATION 576 ------------- 
Tank Level 1 4.626132 
ITERATION 577 ------------- 
Tank Level 1 4.626132 
ITERATION 578 ------------- 
Tank Level 1 4.626132 
ITERATION 579 ------------- 
Tank Level 1 4.626132 
ITERATION 580 ------------- 
Tank Level 1 4.626132 
ITERATION 581 ------------- 
Tank Level 1 4.626132 
ITERATION 582 ------------- 
Tank Level 1 4.626132 
ITERATION 583 ------------- 
Tank Level 1 4.626132 
ITERATION 584 ------------- 
Tank Level 1 4.626132 
ITERATION 585 ------------- 
DEBUG plc2 shutdown
plc2
Stopping Tcp dump process on PLC...
Stopping PLC...
