                T3:1              <= [3.0]: 'OK'
                T3:1[    0-0    ] <= [3.0]
                T3:1              <= [3.0]: 'OK'
                T3:1[    0-0    ] <= [3.0]
                T3:1              <= [3.0]: 'OK'
                T3:1[    0-0    ] <= [3.0]
                T3:1              <= [3.0]: 'OK'
                T3:1[    0-0    ] <= [3.0]
                T3:1              <= [3.0]: 'OK'
                T3:1[    0-0    ] <= [3.0]
                T3:1              <= [3.0]: 'OK'
                T3:1[    0-0    ] <= [3.0]
                T3:1              <= [3.0]: 'OK'
                T3:1[    0-0    ] <= [3.0]
                T3:1[    0-0    ] <= [3.0]
                T3:1              <= [3.0]: 'OK'
                T3:1              <= [3.0]: 'OK'
                T3:1[    0-0    ] <= [3.0]
                T3:1              <= [3.0]: 'OK'
                T3:1[    0-0    ] <= [3.0]
                T3:1              <= [3.0]: 'OK'
                T3:1[    0-0    ] <= [3.0]
                T3:1              <= [3.0]: 'OK'
                T3:1[    0-0    ] <= [3.0]
                T3:1              <= [3.0]: 'OK'
                T3:1[    0-0    ] <= [3.0]
                T3:1              <= [3.0]: 'OK'
                T3:1[    0-0    ] <= [3.0]
                T3:1              <= [3.0]: 'OK'
                T3:1[    0-0    ] <= [3.0]
                T3:1              <= [3.0]: 'OK'
                T3:1[    0-0    ] <= [3.0]
                T3:1              <= [3.0]: 'OK'
                T3:1[    0-0    ] <= [3.0]
                T3:1              <= [3.0]: 'OK'
                T3:1[    0-0    ] <= [3.0]
                T3:1              <= [3.0]: 'OK'
                T3:1[    0-0    ] <= [3.0]
                T3:1              <= [3.0]: 'OK'
                T3:1[    0-0    ] <= [3.0]
                T3:1              <= [3.0]: 'OK'
                T3:1[    0-0    ] <= [3.0]
                T3:1              <= [3.0]: 'OK'
                T3:1[    0-0    ] <= [3.0]
                T3:1              <= [6.36174529752942]: 'OK'
                T3:1[    0-0    ] <= [6.361745357513428]
                T3:1              <= [6.36174529752942]: 'OK'
                T3:1[    0-0    ] <= [6.361745357513428]
                T3:1              <= [6.36174529752942]: 'OK'
                T3:1[    0-0    ] <= [6.361745357513428]
                T3:1              <= [6.36174529752942]: 'OK'
                T3:1[    0-0    ] <= [6.361745357513428]
                T3:1              <= [6.36174529752942]: 'OK'
                T3:1[    0-0    ] <= [6.361745357513428]
                T3:1              <= [6.36174529752942]: 'OK'
                T3:1[    0-0    ] <= [6.361745357513428]
                T3:1              <= [6.34108133798566]: 'OK'
                T3:1[    0-0    ] <= [6.341081142425537]
                T3:1              <= [6.34108133798566]: 'OK'
                T3:1[    0-0    ] <= [6.341081142425537]
                T3:1              <= [6.34108133798566]: 'OK'
                T3:1[    0-0    ] <= [6.341081142425537]
                T3:1[    0-0    ] <= [6.341081142425537]
                T3:1              <= [6.34108133798566]: 'OK'
                T3:1[    0-0    ] <= [6.341081142425537]
                T3:1              <= [6.34108133798566]: 'OK'
                T3:1              <= [6.34108133798566]: 'OK'
                T3:1[    0-0    ] <= [6.341081142425537]
                T3:1              <= [6.34108133798566]: 'OK'
                T3:1[    0-0    ] <= [6.341081142425537]
                T3:1              <= [6.34108133798566]: 'OK'
                T3:1[    0-0    ] <= [6.341081142425537]
                T3:1              <= [6.32041737844189]: 'OK'
                T3:1[    0-0    ] <= [6.320417404174805]
                T3:1              <= [6.32041737844189]: 'OK'
                T3:1[    0-0    ] <= [6.320417404174805]
                T3:1              <= [6.32041737844189]: 'OK'
                T3:1[    0-0    ] <= [6.320417404174805]
                T3:1              <= [6.32041737844189]: 'OK'
                T3:1[    0-0    ] <= [6.320417404174805]
                T3:1[    0-0    ] <= [6.320417404174805]
                T3:1              <= [6.32041737844189]: 'OK'
                T3:1[    0-0    ] <= [6.320417404174805]
                T3:1              <= [6.32041737844189]: 'OK'
                T3:1              <= [6.32041737844189]: 'OK'
                T3:1[    0-0    ] <= [6.320417404174805]
                T3:1              <= [6.32041737844189]: 'OK'
                T3:1[    0-0    ] <= [6.320417404174805]
                T3:1[    0-0    ] <= [6.299753189086914]
                T3:1              <= [6.29975341889813]: 'OK'
                T3:1              <= [6.29975341889813]: 'OK'
                T3:1[    0-0    ] <= [6.299753189086914]
                T3:1              <= [6.29975341889813]: 'OK'
                T3:1[    0-0    ] <= [6.299753189086914]
                T3:1              <= [6.29975341889813]: 'OK'
                T3:1[    0-0    ] <= [6.299753189086914]
                T3:1              <= [6.29975341889813]: 'OK'
                T3:1[    0-0    ] <= [6.299753189086914]
                T3:1              <= [6.29975341889813]: 'OK'
                T3:1[    0-0    ] <= [6.299753189086914]
                T3:1              <= [6.29975341889813]: 'OK'
                T3:1[    0-0    ] <= [6.299753189086914]
                T3:1[    0-0    ] <= [6.299753189086914]
                T3:1              <= [6.29975341889813]: 'OK'
                T3:1              <= [6.27908945935438]: 'OK'
                T3:1[    0-0    ] <= [6.279089450836182]
                T3:1[    0-0    ] <= [6.279089450836182]
                T3:1              <= [6.27908945935438]: 'OK'
                T3:1              <= [6.27908945935438]: 'OK'
                T3:1[    0-0    ] <= [6.279089450836182]
                T3:1              <= [6.27908945935438]: 'OK'
                T3:1[    0-0    ] <= [6.279089450836182]
                T3:1              <= [6.27908945935438]: 'OK'
                T3:1[    0-0    ] <= [6.279089450836182]
                T3:1[    0-0    ] <= [6.279089450836182]
                T3:1              <= [6.27908945935438]: 'OK'
                T3:1              <= [6.27908945935438]: 'OK'
                T3:1[    0-0    ] <= [6.279089450836182]
                T3:1              <= [6.27908945935438]: 'OK'
                T3:1[    0-0    ] <= [6.279089450836182]
                T3:1              <= [6.27908945935438]: 'OK'
                T3:1[    0-0    ] <= [6.279089450836182]
                T3:1              <= [6.25842549981063]: 'OK'
                T3:1[    0-0    ] <= [6.258425712585449]
                T3:1              <= [6.25842549981063]: 'OK'
                T3:1[    0-0    ] <= [6.258425712585449]
                T3:1              <= [6.25842549981063]: 'OK'
                T3:1[    0-0    ] <= [6.258425712585449]
                T3:1              <= [6.25842549981063]: 'OK'
                T3:1[    0-0    ] <= [6.258425712585449]
                T3:1              <= [6.25842549981063]: 'OK'
                T3:1[    0-0    ] <= [6.258425712585449]
                T3:1              <= [6.25842549981063]: 'OK'
                T3:1[    0-0    ] <= [6.258425712585449]
                T3:1              <= [6.25842549981063]: 'OK'
                T3:1[    0-0    ] <= [6.258425712585449]
                T3:1              <= [6.25842549981063]: 'OK'
                T3:1[    0-0    ] <= [6.258425712585449]
                T3:1              <= [6.23776154026689]: 'OK'
                T3:1[    0-0    ] <= [6.237761497497559]
                T3:1              <= [6.23776154026689]: 'OK'
                T3:1[    0-0    ] <= [6.237761497497559]
                T3:1              <= [6.23776154026689]: 'OK'
                T3:1[    0-0    ] <= [6.237761497497559]
DEBUG get_query: SELECT value FROM ctown WHERE name = ? AND pid = ?
DEBUG set_query: UPDATE ctown SET value = ? WHERE name = ? AND pid = ?
DEBUG EnipProtocol server addr:  192.168.1.1
DEBUG: concatenating server address with default port.
DEBUG enip server tags_string:  T3:1=REAL ATT_1:1=REAL ATT_2:1=REAL 
DEBUG enip _start_server cmd:  ['/usr/bin/python', '-m', 'cpppo.server.enip', '--print', '--log', 'logs/protocols_tests_enip_server', '--address', '192.168.1.1:44818', 'T3:1=REAL', 'ATT_1:1=REAL', 'ATT_2:1=REAL']
DEBUG: plc4 enters pre_loop
Starting main loop
Tank Level 3.000000 
ITERATION 1 ------------- 
Tank Level 3.000000 
ITERATION 2 ------------- 
Tank Level 3.000000 
ITERATION 3 ------------- 
Tank Level 3.000000 
ITERATION 4 ------------- 
Tank Level 3.000000 
ITERATION 5 ------------- 
Tank Level 3.000000 
ITERATION 6 ------------- 
Tank Level 3.000000 
ITERATION 7 ------------- 
Tank Level 3.000000 
ITERATION 8 ------------- 
Tank Level 3.000000 
ITERATION 9 ------------- 
Tank Level 3.000000 
ITERATION 10 ------------- 
Tank Level 3.000000 
ITERATION 11 ------------- 
Tank Level 3.000000 
ITERATION 12 ------------- 
Tank Level 3.000000 
ITERATION 13 ------------- 
Tank Level 3.000000 
ITERATION 14 ------------- 
Tank Level 3.000000 
ITERATION 15 ------------- 
Tank Level 3.000000 
ITERATION 16 ------------- 
Tank Level 3.000000 
ITERATION 17 ------------- 
Tank Level 3.000000 
ITERATION 18 ------------- 
Tank Level 3.000000 
ITERATION 19 ------------- 
Tank Level 3.000000 
ITERATION 20 ------------- 
Tank Level 3.000000 
ITERATION 21 ------------- 
Tank Level 3.000000 
ITERATION 22 ------------- 
Tank Level 6.361745 
ITERATION 23 ------------- 
Tank Level 6.361745 
ITERATION 24 ------------- 
Tank Level 6.361745 
ITERATION 25 ------------- 
Tank Level 6.361745 
ITERATION 26 ------------- 
Tank Level 6.361745 
ITERATION 27 ------------- 
Tank Level 6.361745 
ITERATION 28 ------------- 
Tank Level 6.341081 
ITERATION 29 ------------- 
Tank Level 6.341081 
ITERATION 30 ------------- 
Tank Level 6.341081 
ITERATION 31 ------------- 
Tank Level 6.341081 
ITERATION 32 ------------- 
Tank Level 6.341081 
ITERATION 33 ------------- 
Tank Level 6.341081 
ITERATION 34 ------------- 
Tank Level 6.341081 
ITERATION 35 ------------- 
Tank Level 6.341081 
ITERATION 36 ------------- 
Tank Level 6.320417 
ITERATION 37 ------------- 
Tank Level 6.320417 
ITERATION 38 ------------- 
Tank Level 6.320417 
ITERATION 39 ------------- 
Tank Level 6.320417 
ITERATION 40 ------------- 
Tank Level 6.320417 
ITERATION 41 ------------- 
Tank Level 6.320417 
ITERATION 42 ------------- 
Tank Level 6.320417 
ITERATION 43 ------------- 
Tank Level 6.320417 
ITERATION 44 ------------- 
Tank Level 6.299753 
ITERATION 45 ------------- 
Tank Level 6.299753 
ITERATION 46 ------------- 
Tank Level 6.299753 
ITERATION 47 ------------- 
Tank Level 6.299753 
ITERATION 48 ------------- 
Tank Level 6.299753 
ITERATION 49 ------------- 
Tank Level 6.299753 
ITERATION 50 ------------- 
Tank Level 6.299753 
ITERATION 51 ------------- 
Tank Level 6.299753 
ITERATION 52 ------------- 
Tank Level 6.279089 
ITERATION 53 ------------- 
Tank Level 6.279089 
ITERATION 54 ------------- 
Tank Level 6.279089 
ITERATION 55 ------------- 
Tank Level 6.279089 
ITERATION 56 ------------- 
Tank Level 6.279089 
ITERATION 57 ------------- 
Tank Level 6.279089 
ITERATION 58 ------------- 
Tank Level 6.279089 
ITERATION 59 ------------- 
Tank Level 6.279089 
ITERATION 60 ------------- 
Tank Level 6.279089 
ITERATION 61 ------------- 
Tank Level 6.258425 
ITERATION 62 ------------- 
Tank Level 6.258425 
ITERATION 63 ------------- 
Tank Level 6.258425 
ITERATION 64 ------------- 
Tank Level 6.258425 
ITERATION 65 ------------- 
Tank Level 6.258425 
ITERATION 66 ------------- 
Tank Level 6.258425 
ITERATION 67 ------------- 
Tank Level 6.258425 
ITERATION 68 ------------- 
Tank Level 6.258425 
ITERATION 69 ------------- 
Tank Level 6.237762 
ITERATION 70 ------------- 
Tank Level 6.237762 
ITERATION 71 ------------- 
Tank Level 6.237762 
ITERATION 72 ------------- 
Tank Leve                T3:1              <= [6.23776154026689]: 'OK'
                T3:1[    0-0    ] <= [6.237761497497559]
                T3:1              <= [6.23776154026689]: 'OK'
                T3:1[    0-0    ] <= [6.237761497497559]
                T3:1              <= [6.23776154026689]: 'OK'
                T3:1[    0-0    ] <= [6.237761497497559]
                T3:1              <= [6.23776154026689]: 'OK'
                T3:1[    0-0    ] <= [6.237761497497559]
                T3:1[    0-0    ] <= [6.217097759246826]
                T3:1              <= [6.21709758072315]: 'OK'
                T3:1              <= [6.21709758072315]: 'OK'
                T3:1[    0-0    ] <= [6.217097759246826]
                T3:1[    0-0    ] <= [6.217097759246826]
                T3:1              <= [6.21709758072315]: 'OK'
                T3:1              <= [6.21709758072315]: 'OK'
                T3:1[    0-0    ] <= [6.217097759246826]
                T3:1[    0-0    ] <= [6.217097759246826]
                T3:1              <= [6.21709758072315]: 'OK'
                T3:1              <= [6.21709758072315]: 'OK'
                T3:1[    0-0    ] <= [6.217097759246826]
                T3:1              <= [6.21709758072315]: 'OK'
                T3:1[    0-0    ] <= [6.217097759246826]
                T3:1              <= [6.21709758072315]: 'OK'
                T3:1[    0-0    ] <= [6.217097759246826]
                T3:1              <= [6.21709758072315]: 'OK'
                T3:1[    0-0    ] <= [6.217097759246826]
                T3:1              <= [6.19643362117941]: 'OK'
                T3:1[    0-0    ] <= [6.1964335441589355]
                T3:1              <= [6.19643362117941]: 'OK'
                T3:1[    0-0    ] <= [6.1964335441589355]
                T3:1[    0-0    ] <= [6.1964335441589355]
                T3:1              <= [6.19643362117941]: 'OK'
                T3:1              <= [6.19643362117941]: 'OK'
                T3:1[    0-0    ] <= [6.1964335441589355]
                T3:1[    0-0    ] <= [6.1964335441589355]
                T3:1              <= [6.19643362117941]: 'OK'
                T3:1              <= [6.19643362117941]: 'OK'
                T3:1[    0-0    ] <= [6.1964335441589355]
                T3:1              <= [6.19643362117941]: 'OK'
                T3:1[    0-0    ] <= [6.1964335441589355]
                T3:1              <= [6.19643362117941]: 'OK'
                T3:1[    0-0    ] <= [6.1964335441589355]
                T3:1              <= [6.17576966163567]: 'OK'
                T3:1[    0-0    ] <= [6.175769805908203]
                T3:1              <= [6.17576966163567]: 'OK'
                T3:1[    0-0    ] <= [6.175769805908203]
                T3:1              <= [6.17576966163567]: 'OK'
                T3:1[    0-0    ] <= [6.175769805908203]
                T3:1              <= [6.17576966163567]: 'OK'
                T3:1[    0-0    ] <= [6.175769805908203]
                T3:1[    0-0    ] <= [6.175769805908203]
                T3:1              <= [6.17576966163567]: 'OK'
                T3:1[    0-0    ] <= [6.175769805908203]
                T3:1              <= [6.17576966163567]: 'OK'
                T3:1              <= [6.17576966163567]: 'OK'
                T3:1[    0-0    ] <= [6.175769805908203]
                T3:1              <= [6.17576966163567]: 'OK'
                T3:1[    0-0    ] <= [6.175769805908203]
                T3:1              <= [6.15510570209194]: 'OK'
                T3:1[    0-0    ] <= [6.1551055908203125]
                T3:1              <= [6.15510570209194]: 'OK'
                T3:1[    0-0    ] <= [6.1551055908203125]
                T3:1              <= [6.15510570209194]: 'OK'
                T3:1[    0-0    ] <= [6.1551055908203125]
                T3:1              <= [6.15510570209194]: 'OK'
                T3:1[    0-0    ] <= [6.1551055908203125]
                T3:1              <= [6.15510570209194]: 'OK'
                T3:1[    0-0    ] <= [6.1551055908203125]
                T3:1              <= [6.15510570209194]: 'OK'
                T3:1[    0-0    ] <= [6.1551055908203125]
                T3:1              <= [6.15510570209194]: 'OK'
                T3:1[    0-0    ] <= [6.1551055908203125]
                T3:1              <= [6.15510570209194]: 'OK'
                T3:1[    0-0    ] <= [6.1551055908203125]
                T3:1[    0-0    ] <= [6.1551055908203125]
                T3:1              <= [6.15510570209194]: 'OK'
                T3:1              <= [6.13444174254822]: 'OK'
                T3:1[    0-0    ] <= [6.13444185256958]
                T3:1[    0-0    ] <= [6.13444185256958]
                T3:1              <= [6.13444174254822]: 'OK'
                T3:1              <= [6.13444174254822]: 'OK'
                T3:1[    0-0    ] <= [6.13444185256958]
                T3:1[    0-0    ] <= [6.13444185256958]
                T3:1              <= [6.13444174254822]: 'OK'
                T3:1              <= [6.13444174254822]: 'OK'
                T3:1[    0-0    ] <= [6.13444185256958]
                T3:1              <= [6.13444174254822]: 'OK'
                T3:1[    0-0    ] <= [6.13444185256958]
                T3:1              <= [6.13444174254822]: 'OK'
                T3:1[    0-0    ] <= [6.13444185256958]
                T3:1              <= [6.13444174254822]: 'OK'
                T3:1[    0-0    ] <= [6.13444185256958]
                T3:1              <= [6.13444174254822]: 'OK'
                T3:1[    0-0    ] <= [6.13444185256958]
                T3:1              <= [6.11377778300449]: 'OK'
                T3:1[    0-0    ] <= [6.1137776374816895]
                T3:1              <= [6.11377778300449]: 'OK'
                T3:1[    0-0    ] <= [6.1137776374816895]
                T3:1              <= [6.11377778300449]: 'OK'
                T3:1[    0-0    ] <= [6.1137776374816895]
                T3:1              <= [6.11377778300449]: 'OK'
                T3:1[    0-0    ] <= [6.1137776374816895]
                T3:1              <= [6.11377778300449]: 'OK'
                T3:1[    0-0    ] <= [6.1137776374816895]
                T3:1              <= [6.11377778300449]: 'OK'
                T3:1[    0-0    ] <= [6.1137776374816895]
                T3:1              <= [6.11377778300449]: 'OK'
                T3:1[    0-0    ] <= [6.1137776374816895]
                T3:1              <= [6.11377778300449]: 'OK'
                T3:1[    0-0    ] <= [6.1137776374816895]
                T3:1              <= [6.09281860923308]: 'OK'
                T3:1[    0-0    ] <= [6.092818737030029]
                T3:1              <= [6.09281860923308]: 'OK'
                T3:1[    0-0    ] <= [6.092818737030029]
                T3:1              <= [6.09281860923308]: 'OK'
                T3:1[    0-0    ] <= [6.092818737030029]
                T3:1              <= [6.09281860923308]: 'OK'
                T3:1[    0-0    ] <= [6.092818737030029]
                T3:1              <= [6.09281860923308]: 'OK'
                T3:1[    0-0    ] <= [6.092818737030029]
                T3:1              <= [6.09281860923308]: 'OK'
                T3:1[    0-0    ] <= [6.092818737030029]
                T3:1              <= [6.09281860923308]: 'OK'
                T3:1[    0-0    ] <= [6.092818737030029]
                T3:1              <= [6.09281860923308]: 'OK'
                T3:1[    0-0    ] <= [6.092818737030029]
                T3:1              <= [6.07185943546168]: 'OK'
                T3:1[    0-0    ] <= [6.071859359741211]
                T3:1              <= [6.07185943546168]: 'OK'
                T3:1[    0-0    ] <= [6.071859359741211]
                T3:1              <= [6.07185943546168]: 'OK'
                T3:1[    0-0    ] <= [6.071859359741211]
                T3:1              <= [6.07185943546168]: 'OK'
                T3:1[    0-0    ] <= [6.071859359741211]
                T3:1              <= [6.07185943546168]: 'OK'
                T3:1[    0-0    ] <= [6.071859359741211]
                T3:1              <= [6.07185943546168]: 'OK'
                T3:1[    0-0    ] <= [6.071859359741211]
                T3:1              <= [6.07185943546168]: 'OK'
                T3:1[    0-0    ] <= [6.071859359741211]
                T3:1              <= [6.07185943546168]: 'OK'
                T3:1[    0-0    ] <= [6.071859359741211]
                T3:1[    0-0    ] <= [6.071859359741211]
                T3:1              <= [6.07185943546168]: 'OK'
                T3:1              <= [6.07185943546168]: 'OK'
                T3:1[    0-0    ] <= [6.071859359741211]
                T3:1[    0-0    ] <= [6.050900459289551]
                T3:1              <= [6.05090026169027]: 'OK'
                T3:1              <= [6.05090026169027]: 'OK'
                T3:1[    0-0    ] <= [6.050900459289551]
                T3:1              <= [6.05090026169027]: 'OK'
                T3:1[    0-0    ] <= [6.050900459289551]
                T3:1              <= [6.05090026169027]: 'OK'
                T3:1[    0-0    ] <= [6.050900459289551]
                T3:1              <= [6.05090026169027]: 'OK'
                T3:1[    0-0    ] <= [6.050900459289551]
                T3:1              <= [6.05090026169027]: 'OK'
                T3:1[    0-0    ] <= [6.050900459289551]
                T3:1              <= [6.05090026169027]: 'OK'
                T3:1[    0-0    ] <= [6.050900459289551]
                T3:1              <= [6.05090026169027]: 'OK'
                T3:1[    0-0    ] <= [6.050900459289551]
                T3:1              <= [6.02994108791887]: 'OK'
                T3:1[    0-0    ] <= [6.029941082000732]
l 6.237762 
ITERATION 73 ------------- 
Tank Level 6.237762 
ITERATION 74 ------------- 
Tank Level 6.237762 
ITERATION 75 ------------- 
Tank Level 6.237762 
ITERATION 76 ------------- 
Tank Level 6.217098 
ITERATION 77 ------------- 
Tank Level 6.217098 
ITERATION 78 ------------- 
Tank Level 6.217098 
ITERATION 79 ------------- 
Tank Level 6.217098 
ITERATION 80 ------------- 
Tank Level 6.217098 
ITERATION 81 ------------- 
Tank Level 6.217098 
ITERATION 82 ------------- 
Tank Level 6.217098 
ITERATION 83 ------------- 
Tank Level 6.217098 
ITERATION 84 ------------- 
Tank Level 6.217098 
ITERATION 85 ------------- 
Tank Level 6.196434 
ITERATION 86 ------------- 
Tank Level 6.196434 
ITERATION 87 ------------- 
Tank Level 6.196434 
ITERATION 88 ------------- 
Tank Level 6.196434 
ITERATION 89 ------------- 
Tank Level 6.196434 
ITERATION 90 ------------- 
Tank Level 6.196434 
ITERATION 91 ------------- 
Tank Level 6.196434 
ITERATION 92 ------------- 
Tank Level 6.196434 
ITERATION 93 ------------- 
Tank Level 6.175770 
ITERATION 94 ------------- 
Tank Level 6.175770 
ITERATION 95 ------------- 
Tank Level 6.175770 
ITERATION 96 ------------- 
Tank Level 6.175770 
ITERATION 97 ------------- 
Tank Level 6.175770 
ITERATION 98 ------------- 
Tank Level 6.175770 
ITERATION 99 ------------- 
Tank Level 6.175770 
ITERATION 100 ------------- 
Tank Level 6.175770 
ITERATION 101 ------------- 
Tank Level 6.155106 
ITERATION 102 ------------- 
Tank Level 6.155106 
ITERATION 103 ------------- 
Tank Level 6.155106 
ITERATION 104 ------------- 
Tank Level 6.155106 
ITERATION 105 ------------- 
Tank Level 6.155106 
ITERATION 106 ------------- 
Tank Level 6.155106 
ITERATION 107 ------------- 
Tank Level 6.155106 
ITERATION 108 ------------- 
Tank Level 6.155106 
ITERATION 109 ------------- 
Tank Level 6.155106 
ITERATION 110 ------------- 
Tank Level 6.134442 
ITERATION 111 ------------- 
Tank Level 6.134442 
ITERATION 112 ------------- 
Tank Level 6.134442 
ITERATION 113 ------------- 
Tank Level 6.134442 
ITERATION 114 ------------- 
Tank Level 6.134442 
ITERATION 115 ------------- 
Tank Level 6.134442 
ITERATION 116 ------------- 
Tank Level 6.134442 
ITERATION 117 ------------- 
Tank Level 6.134442 
ITERATION 118 ------------- 
Tank Level 6.134442 
ITERATION 119 ------------- 
Tank Level 6.113778 
ITERATION 120 ------------- 
Tank Level 6.113778 
ITERATION 121 ------------- 
Tank Level 6.113778 
ITERATION 122 ------------- 
Tank Level 6.113778 
ITERATION 123 ------------- 
Tank Level 6.113778 
ITERATION 124 ------------- 
Tank Level 6.113778 
ITERATION 125 ------------- 
Tank Level 6.113778 
ITERATION 126 ------------- 
Tank Level 6.113778 
ITERATION 127 ------------- 
Tank Level 6.092819 
ITERATION 128 ------------- 
Tank Level 6.092819 
ITERATION 129 ------------- 
Tank Level 6.092819 
ITERATION 130 ------------- 
Tank Level 6.092819 
ITERATION 131 ------------- 
Tank Level 6.092819 
ITERATION 132 ------------- 
Tank Level 6.092819 
ITERATION 133 ------------- 
Tank Level 6.092819 
ITERATION 134 ------------- 
Tank Level 6.092819 
ITERATION 135 ------------- 
Tank Level 6.071859 
ITERATION 136 ------------- 
Tank Level 6.071859 
ITERATION 137 ------------- 
Tank Level 6.071859 
ITERATION 138 ------------- 
Tank Level 6.071859 
ITERATION 139 ------------- 
Tank Level 6.071859 
ITERATION 140 ------------- 
Tank Level 6.071859 
ITERATION 141 ------------- 
Tank Level 6.071859 
ITERATION 142 ------------- 
Tank Level 6.071859 
ITERATION 143 ------------- 
Tank Level 6.071859 
ITERATION 144 ------------- 
Tank Level 6.071859 
ITERATION 145 ------------- 
Tank Level 6.050900 
ITERATION 146 ------------- 
Tank Level 6.050900 
ITERATION 147 ------------- 
Tank Level 6.050900 
ITERATION 148 ------------- 
Tank Level 6.050900 
ITERATION 149 ------------- 
Tank Level 6.050900 
ITERATION 150 ------------- 
Tank Level 6.050900 
ITERATION 151 ------------- 
Tank Level 6.050900 
ITERATION 152 ------------- 
Tank Level 6.050900 
ITERATION 153 ------------- 
Tank Level 6.029941 
ITERATION 154 ------------- 
Tank Level 6.029941 
ITERATION 1                T3:1              <= [6.02994108791887]: 'OK'
                T3:1[    0-0    ] <= [6.029941082000732]
                T3:1              <= [6.02994108791887]: 'OK'
                T3:1[    0-0    ] <= [6.029941082000732]
                T3:1              <= [6.02994108791887]: 'OK'
                T3:1[    0-0    ] <= [6.029941082000732]
                T3:1              <= [6.02994108791887]: 'OK'
                T3:1[    0-0    ] <= [6.029941082000732]
                T3:1              <= [6.02994108791887]: 'OK'
                T3:1[    0-0    ] <= [6.029941082000732]
                T3:1              <= [6.02994108791887]: 'OK'
                T3:1[    0-0    ] <= [6.029941082000732]
                T3:1              <= [6.02994108791887]: 'OK'
                T3:1[    0-0    ] <= [6.029941082000732]
                T3:1[    0-0    ] <= [6.008981704711914]
                T3:1              <= [6.00898191414748]: 'OK'
                T3:1              <= [6.00898191414748]: 'OK'
                T3:1[    0-0    ] <= [6.008981704711914]
                T3:1              <= [6.00898191414748]: 'OK'
                T3:1[    0-0    ] <= [6.008981704711914]
                T3:1              <= [6.00898191414748]: 'OK'
                T3:1[    0-0    ] <= [6.008981704711914]
                T3:1              <= [6.00898191414748]: 'OK'
                T3:1[    0-0    ] <= [6.008981704711914]
                T3:1[    0-0    ] <= [6.008981704711914]
                T3:1              <= [6.00898191414748]: 'OK'
                T3:1              <= [6.00898191414748]: 'OK'
                T3:1[    0-0    ] <= [6.008981704711914]
                T3:1              <= [6.00898191414748]: 'OK'
                T3:1[    0-0    ] <= [6.008981704711914]
                T3:1              <= [6.00898191414748]: 'OK'
                T3:1[    0-0    ] <= [6.008981704711914]
                T3:1[    0-0    ] <= [6.008981704711914]
                T3:1              <= [6.00898191414748]: 'OK'
                T3:1              <= [5.9880227403761]: 'OK'
                T3:1[    0-0    ] <= [5.988022804260254]
                T3:1              <= [5.9880227403761]: 'OK'
                T3:1[    0-0    ] <= [5.988022804260254]
                T3:1              <= [5.9880227403761]: 'OK'
                T3:1[    0-0    ] <= [5.988022804260254]
                T3:1              <= [5.9880227403761]: 'OK'
                T3:1[    0-0    ] <= [5.988022804260254]
                T3:1              <= [5.9880227403761]: 'OK'
                T3:1[    0-0    ] <= [5.988022804260254]
                T3:1              <= [5.9880227403761]: 'OK'
                T3:1[    0-0    ] <= [5.988022804260254]
                T3:1              <= [5.9880227403761]: 'OK'
                T3:1[    0-0    ] <= [5.988022804260254]
                T3:1              <= [5.9880227403761]: 'OK'
                T3:1[    0-0    ] <= [5.988022804260254]
                T3:1              <= [5.9880227403761]: 'OK'
                T3:1[    0-0    ] <= [5.988022804260254]
                T3:1              <= [5.96706356660471]: 'OK'
                T3:1[    0-0    ] <= [5.9670634269714355]
                T3:1              <= [5.96706356660471]: 'OK'
                T3:1[    0-0    ] <= [5.9670634269714355]
                T3:1              <= [5.96706356660471]: 'OK'
                T3:1[    0-0    ] <= [5.9670634269714355]
                T3:1              <= [5.96706356660471]: 'OK'
                T3:1[    0-0    ] <= [5.9670634269714355]
                T3:1              <= [5.96706356660471]: 'OK'
                T3:1[    0-0    ] <= [5.9670634269714355]
                T3:1[    0-0    ] <= [5.9670634269714355]
                T3:1              <= [5.96706356660471]: 'OK'
                T3:1              <= [5.96706356660471]: 'OK'
                T3:1[    0-0    ] <= [5.9670634269714355]
                T3:1              <= [5.96706356660471]: 'OK'
                T3:1[    0-0    ] <= [5.9670634269714355]
                T3:1              <= [5.94610439283333]: 'OK'
                T3:1[    0-0    ] <= [5.946104526519775]
                T3:1              <= [5.94610439283333]: 'OK'
                T3:1[    0-0    ] <= [5.946104526519775]
                T3:1              <= [5.94610439283333]: 'OK'
                T3:1[    0-0    ] <= [5.946104526519775]
                T3:1              <= [5.94610439283333]: 'OK'
                T3:1[    0-0    ] <= [5.946104526519775]
                T3:1              <= [5.94610439283333]: 'OK'
                T3:1[    0-0    ] <= [5.946104526519775]
                T3:1              <= [5.94610439283333]: 'OK'
                T3:1[    0-0    ] <= [5.946104526519775]
                T3:1              <= [5.94610439283333]: 'OK'
                T3:1[    0-0    ] <= [5.946104526519775]
                T3:1              <= [5.94610439283333]: 'OK'
                T3:1[    0-0    ] <= [5.946104526519775]
                T3:1[    0-0    ] <= [5.946104526519775]
                T3:1              <= [5.94610439283333]: 'OK'
                T3:1              <= [5.92514521906196]: 'OK'
                T3:1[    0-0    ] <= [5.925145149230957]
                T3:1              <= [5.92514521906196]: 'OK'
                T3:1[    0-0    ] <= [5.925145149230957]
                T3:1[    0-0    ] <= [5.925145149230957]
                T3:1              <= [5.92514521906196]: 'OK'
                T3:1              <= [5.92514521906196]: 'OK'
                T3:1[    0-0    ] <= [5.925145149230957]
                T3:1              <= [5.92514521906196]: 'OK'
                T3:1[    0-0    ] <= [5.925145149230957]
                T3:1              <= [5.92514521906196]: 'OK'
                T3:1[    0-0    ] <= [5.925145149230957]
                T3:1              <= [5.92514521906196]: 'OK'
                T3:1[    0-0    ] <= [5.925145149230957]
                T3:1              <= [5.92514521906196]: 'OK'
                T3:1[    0-0    ] <= [5.925145149230957]
                T3:1              <= [5.90418604529059]: 'OK'
                T3:1[    0-0    ] <= [5.904186248779297]
                T3:1              <= [5.90418604529059]: 'OK'
                T3:1[    0-0    ] <= [5.904186248779297]
                T3:1[    0-0    ] <= [5.904186248779297]
                T3:1              <= [5.90418604529059]: 'OK'
                T3:1              <= [5.90418604529059]: 'OK'
                T3:1[    0-0    ] <= [5.904186248779297]
                T3:1[    0-0    ] <= [5.904186248779297]
                T3:1              <= [5.90418604529059]: 'OK'
                T3:1              <= [5.90418604529059]: 'OK'
                T3:1[    0-0    ] <= [5.904186248779297]
                T3:1              <= [5.90418604529059]: 'OK'
                T3:1[    0-0    ] <= [5.904186248779297]
                T3:1              <= [5.90418604529059]: 'OK'
                T3:1[    0-0    ] <= [5.904186248779297]
                T3:1              <= [5.90418604529059]: 'OK'
                T3:1[    0-0    ] <= [5.904186248779297]
                T3:1              <= [5.90418604529059]: 'OK'
                T3:1[    0-0    ] <= [5.904186248779297]
                T3:1              <= [5.88322687151923]: 'OK'
                T3:1[    0-0    ] <= [5.8832268714904785]
                T3:1              <= [5.88322687151923]: 'OK'
                T3:1[    0-0    ] <= [5.8832268714904785]
                T3:1              <= [5.88322687151923]: 'OK'
                T3:1[    0-0    ] <= [5.8832268714904785]
                T3:1              <= [5.88322687151923]: 'OK'
                T3:1[    0-0    ] <= [5.8832268714904785]
                T3:1              <= [5.88322687151923]: 'OK'
                T3:1[    0-0    ] <= [5.8832268714904785]
                T3:1              <= [5.88322687151923]: 'OK'
                T3:1[    0-0    ] <= [5.8832268714904785]
                T3:1              <= [5.88322687151923]: 'OK'
                T3:1[    0-0    ] <= [5.8832268714904785]
                T3:1[    0-0    ] <= [5.877847194671631]
                T3:1              <= [5.87784735025124]: 'OK'
                T3:1              <= [5.87784735025124]: 'OK'
                T3:1[    0-0    ] <= [5.877847194671631]
                T3:1              <= [5.87784735025124]: 'OK'
                T3:1[    0-0    ] <= [5.877847194671631]
                T3:1              <= [5.87784735025124]: 'OK'
                T3:1[    0-0    ] <= [5.877847194671631]
                T3:1              <= [5.87784735025124]: 'OK'
                T3:1[    0-0    ] <= [5.877847194671631]
                T3:1              <= [5.87784735025124]: 'OK'
                T3:1[    0-0    ] <= [5.877847194671631]
                T3:1              <= [5.87784735025124]: 'OK'
                T3:1[    0-0    ] <= [5.877847194671631]
                T3:1              <= [5.87784735025124]: 'OK'
                T3:1[    0-0    ] <= [5.877847194671631]
                T3:1              <= [5.86226769774787]: 'OK'
                T3:1[    0-0    ] <= [5.86226749420166]
                T3:1              <= [5.86226769774787]: 'OK'
                T3:1[    0-0    ] <= [5.86226749420166]
                T3:1              <= [5.86226769774787]: 'OK'
                T3:1[    0-0    ] <= [5.86226749420166]
                T3:1              <= [5.86226769774787]: 'OK'
                T3:1[    0-0    ] <= [5.86226749420166]
                T3:1              <= [5.86226769774787]: 'OK'
                T3:1[    0-0    ] <= [5.86226749420166]
                T3:1              <= [5.86226769774787]: 'OK'
                T3:1[    0-0    ] <= [5.86226749420166]
55 ------------- 
Tank Level 6.029941 
ITERATION 156 ------------- 
Tank Level 6.029941 
ITERATION 157 ------------- 
Tank Level 6.029941 
ITERATION 158 ------------- 
Tank Level 6.029941 
ITERATION 159 ------------- 
Tank Level 6.029941 
ITERATION 160 ------------- 
Tank Level 6.029941 
ITERATION 161 ------------- 
Tank Level 6.008982 
ITERATION 162 ------------- 
Tank Level 6.008982 
ITERATION 163 ------------- 
Tank Level 6.008982 
ITERATION 164 ------------- 
Tank Level 6.008982 
ITERATION 165 ------------- 
Tank Level 6.008982 
ITERATION 166 ------------- 
Tank Level 6.008982 
ITERATION 167 ------------- 
Tank Level 6.008982 
ITERATION 168 ------------- 
Tank Level 6.008982 
ITERATION 169 ------------- 
Tank Level 6.008982 
ITERATION 170 ------------- 
Tank Level 6.008982 
ITERATION 171 ------------- 
Tank Level 5.988023 
ITERATION 172 ------------- 
Tank Level 5.988023 
ITERATION 173 ------------- 
Tank Level 5.988023 
ITERATION 174 ------------- 
Tank Level 5.988023 
ITERATION 175 ------------- 
Tank Level 5.988023 
ITERATION 176 ------------- 
Tank Level 5.988023 
ITERATION 177 ------------- 
Tank Level 5.988023 
ITERATION 178 ------------- 
Tank Level 5.988023 
ITERATION 179 ------------- 
Tank Level 5.988023 
ITERATION 180 ------------- 
Tank Level 5.967064 
ITERATION 181 ------------- 
Tank Level 5.967064 
ITERATION 182 ------------- 
Tank Level 5.967064 
ITERATION 183 ------------- 
Tank Level 5.967064 
ITERATION 184 ------------- 
Tank Level 5.967064 
ITERATION 185 ------------- 
Tank Level 5.967064 
ITERATION 186 ------------- 
Tank Level 5.967064 
ITERATION 187 ------------- 
Tank Level 5.967064 
ITERATION 188 ------------- 
Tank Level 5.946104 
ITERATION 189 ------------- 
Tank Level 5.946104 
ITERATION 190 ------------- 
Tank Level 5.946104 
ITERATION 191 ------------- 
Tank Level 5.946104 
ITERATION 192 ------------- 
Tank Level 5.946104 
ITERATION 193 ------------- 
Tank Level 5.946104 
ITERATION 194 ------------- 
Tank Level 5.946104 
ITERATION 195 ------------- 
Tank Level 5.946104 
ITERATION 196 ------------- 
Tank Level 5.946104 
ITERATION 197 ------------- 
Tank Level 5.925145 
ITERATION 198 ------------- 
Tank Level 5.925145 
ITERATION 199 ------------- 
Tank Level 5.925145 
ITERATION 200 ------------- 
Tank Level 5.925145 
ITERATION 201 ------------- 
Tank Level 5.925145 
ITERATION 202 ------------- 
Tank Level 5.925145 
ITERATION 203 ------------- 
Tank Level 5.925145 
ITERATION 204 ------------- 
Tank Level 5.925145 
ITERATION 205 ------------- 
Tank Level 5.904186 
ITERATION 206 ------------- 
Tank Level 5.904186 
ITERATION 207 ------------- 
Tank Level 5.904186 
ITERATION 208 ------------- 
Tank Level 5.904186 
ITERATION 209 ------------- 
Tank Level 5.904186 
ITERATION 210 ------------- 
Tank Level 5.904186 
ITERATION 211 ------------- 
Tank Level 5.904186 
ITERATION 212 ------------- 
Tank Level 5.904186 
ITERATION 213 ------------- 
Tank Level 5.904186 
ITERATION 214 ------------- 
Tank Level 5.904186 
ITERATION 215 ------------- 
Tank Level 5.883227 
ITERATION 216 ------------- 
Tank Level 5.883227 
ITERATION 217 ------------- 
Tank Level 5.883227 
ITERATION 218 ------------- 
Tank Level 5.883227 
ITERATION 219 ------------- 
Tank Level 5.883227 
ITERATION 220 ------------- 
Tank Level 5.883227 
ITERATION 221 ------------- 
Tank Level 5.883227 
ITERATION 222 ------------- 
Tank Level 5.877847 
ITERATION 223 ------------- 
Tank Level 5.877847 
ITERATION 224 ------------- 
Tank Level 5.877847 
ITERATION 225 ------------- 
Tank Level 5.877847 
ITERATION 226 ------------- 
Tank Level 5.877847 
ITERATION 227 ------------- 
Tank Level 5.877847 
ITERATION 228 ------------- 
Tank Level 5.877847 
ITERATION 229 ------------- 
Tank Level 5.877847 
ITERATION 230 ------------- 
Tank Level 5.862268 
ITERATION 231 ------------- 
Tank Level 5.862268 
ITERATION 232 ------------- 
Tank Level 5.862268 
ITERATION 233 ------------- 
Tank Level 5.862268 
ITERATION 234 ------------- 
Tank Level 5.862268 
ITERATION 235 ------------- 
Tank Level 5.862268 
ITERATION 236 ------------- 
Tank Level 5.862268 
ITERATI                T3:1              <= [5.86226769774787]: 'OK'
                T3:1[    0-0    ] <= [5.86226749420166]
                T3:1              <= [5.86226769774787]: 'OK'
                T3:1[    0-0    ] <= [5.86226749420166]
                T3:1              <= [5.86226769774787]: 'OK'
                T3:1[    0-0    ] <= [5.86226749420166]
                T3:1              <= [5.86226769774787]: 'OK'
                T3:1[    0-0    ] <= [5.86226749420166]
                T3:1              <= [5.86226769774787]: 'OK'
                T3:1[    0-0    ] <= [5.86226749420166]
                T3:1              <= [5.86226769774787]: 'OK'
                T3:1[    0-0    ] <= [5.86226749420166]
                T3:1              <= [5.86226769774787]: 'OK'
                T3:1[    0-0    ] <= [5.86226749420166]
                T3:1              <= [5.86226769774787]: 'OK'
                T3:1[    0-0    ] <= [5.86226749420166]
                T3:1              <= [5.86226769774787]: 'OK'
                T3:1[    0-0    ] <= [5.86226749420166]
                T3:1              <= [5.86226769774787]: 'OK'
                T3:1[    0-0    ] <= [5.86226749420166]
                T3:1              <= [5.84567501367916]: 'OK'
                T3:1[    0-0    ] <= [5.845674991607666]
                T3:1              <= [5.84567501367916]: 'OK'
                T3:1[    0-0    ] <= [5.845674991607666]
                T3:1              <= [5.84567501367916]: 'OK'
                T3:1[    0-0    ] <= [5.845674991607666]
                T3:1              <= [5.84567501367916]: 'OK'
                T3:1[    0-0    ] <= [5.845674991607666]
                T3:1              <= [5.84567501367916]: 'OK'
                T3:1[    0-0    ] <= [5.845674991607666]
                T3:1              <= [5.84567501367916]: 'OK'
                T3:1[    0-0    ] <= [5.845674991607666]
                T3:1              <= [5.84567501367916]: 'OK'
                T3:1[    0-0    ] <= [5.845674991607666]
                T3:1              <= [5.84567501367916]: 'OK'
                T3:1[    0-0    ] <= [5.845674991607666]
                T3:1              <= [5.84567501367916]: 'OK'
                T3:1[    0-0    ] <= [5.845674991607666]
                T3:1              <= [5.84567501367916]: 'OK'
                T3:1[    0-0    ] <= [5.845674991607666]
                T3:1              <= [5.82908232961044]: 'OK'
                T3:1[    0-0    ] <= [5.829082489013672]
                T3:1[    0-0    ] <= [5.829082489013672]
                T3:1              <= [5.82908232961044]: 'OK'
                T3:1              <= [5.82908232961044]: 'OK'
                T3:1[    0-0    ] <= [5.829082489013672]
                T3:1              <= [5.82908232961044]: 'OK'
                T3:1[    0-0    ] <= [5.829082489013672]
                T3:1              <= [5.82908232961044]: 'OK'
                T3:1[    0-0    ] <= [5.829082489013672]
                T3:1              <= [5.82908232961044]: 'OK'
                T3:1[    0-0    ] <= [5.829082489013672]
                T3:1              <= [5.82908232961044]: 'OK'
                T3:1[    0-0    ] <= [5.829082489013672]
                T3:1              <= [5.81248964554173]: 'OK'
                T3:1[    0-0    ] <= [5.8124895095825195]
                T3:1              <= [5.81248964554173]: 'OK'
                T3:1[    0-0    ] <= [5.8124895095825195]
                T3:1              <= [5.81248964554173]: 'OK'
                T3:1[    0-0    ] <= [5.8124895095825195]
                T3:1              <= [5.81248964554173]: 'OK'
                T3:1[    0-0    ] <= [5.8124895095825195]
                T3:1[    0-0    ] <= [5.8124895095825195]
                T3:1              <= [5.81248964554173]: 'OK'
                T3:1[    0-0    ] <= [5.8124895095825195]
                T3:1              <= [5.81248964554173]: 'OK'
                T3:1              <= [5.81248964554173]: 'OK'
                T3:1[    0-0    ] <= [5.8124895095825195]
                T3:1              <= [5.81248964554173]: 'OK'
                T3:1[    0-0    ] <= [5.8124895095825195]
                T3:1              <= [5.81248964554173]: 'OK'
                T3:1[    0-0    ] <= [5.8124895095825195]
                T3:1              <= [5.79589696147302]: 'OK'
                T3:1[    0-0    ] <= [5.795897006988525]
                T3:1[    0-0    ] <= [5.795897006988525]
                T3:1              <= [5.79589696147302]: 'OK'
                T3:1              <= [5.79589696147302]: 'OK'
                T3:1[    0-0    ] <= [5.795897006988525]
                T3:1[    0-0    ] <= [5.795897006988525]
                T3:1              <= [5.79589696147302]: 'OK'
                T3:1              <= [5.79589696147302]: 'OK'
                T3:1[    0-0    ] <= [5.795897006988525]
                T3:1[    0-0    ] <= [5.795897006988525]
                T3:1              <= [5.79589696147302]: 'OK'
                T3:1[    0-0    ] <= [5.795897006988525]
                T3:1              <= [5.79589696147302]: 'OK'
                T3:1              <= [5.79589696147302]: 'OK'
                T3:1[    0-0    ] <= [5.795897006988525]
                T3:1              <= [5.79589696147302]: 'OK'
                T3:1[    0-0    ] <= [5.795897006988525]
                T3:1              <= [5.77930427740432]: 'OK'
                T3:1[    0-0    ] <= [5.779304504394531]
                T3:1              <= [5.77930427740432]: 'OK'
                T3:1[    0-0    ] <= [5.779304504394531]
                T3:1              <= [5.77930427740432]: 'OK'
                T3:1[    0-0    ] <= [5.779304504394531]
                T3:1              <= [5.77930427740432]: 'OK'
                T3:1[    0-0    ] <= [5.779304504394531]
                T3:1              <= [5.77930427740432]: 'OK'
                T3:1[    0-0    ] <= [5.779304504394531]
                T3:1              <= [5.77930427740432]: 'OK'
                T3:1[    0-0    ] <= [5.779304504394531]
                T3:1[    0-0    ] <= [5.779304504394531]
                T3:1              <= [5.77930427740432]: 'OK'
                T3:1[    0-0    ] <= [5.779304504394531]
                T3:1              <= [5.77930427740432]: 'OK'
                T3:1              <= [5.76271159333562]: 'OK'
                T3:1[    0-0    ] <= [5.762711524963379]
                T3:1[    0-0    ] <= [5.762711524963379]
                T3:1              <= [5.76271159333562]: 'OK'
                T3:1              <= [5.76271159333562]: 'OK'
                T3:1[    0-0    ] <= [5.762711524963379]
                T3:1              <= [5.76271159333562]: 'OK'
                T3:1[    0-0    ] <= [5.762711524963379]
                T3:1              <= [5.76271159333562]: 'OK'
                T3:1[    0-0    ] <= [5.762711524963379]
                T3:1              <= [5.76271159333562]: 'OK'
                T3:1[    0-0    ] <= [5.762711524963379]
                T3:1              <= [5.76271159333562]: 'OK'
                T3:1[    0-0    ] <= [5.762711524963379]
                T3:1              <= [5.76271159333562]: 'OK'
                T3:1[    0-0    ] <= [5.762711524963379]
                T3:1              <= [5.74611890926693]: 'OK'
                T3:1[    0-0    ] <= [5.746119022369385]
                T3:1              <= [5.74611890926693]: 'OK'
                T3:1[    0-0    ] <= [5.746119022369385]
                T3:1              <= [5.74611890926693]: 'OK'
                T3:1[    0-0    ] <= [5.746119022369385]
                T3:1              <= [5.74611890926693]: 'OK'
                T3:1[    0-0    ] <= [5.746119022369385]
                T3:1              <= [5.74611890926693]: 'OK'
                T3:1[    0-0    ] <= [5.746119022369385]
                T3:1              <= [5.74611890926693]: 'OK'
                T3:1[    0-0    ] <= [5.746119022369385]
                T3:1              <= [5.74611890926693]: 'OK'
                T3:1[    0-0    ] <= [5.746119022369385]
                T3:1              <= [5.74611890926693]: 'OK'
                T3:1[    0-0    ] <= [5.746119022369385]
                T3:1              <= [5.72952622519823]: 'OK'
                T3:1[    0-0    ] <= [5.729526042938232]
                T3:1              <= [5.72952622519823]: 'OK'
                T3:1[    0-0    ] <= [5.729526042938232]
                T3:1              <= [5.72952622519823]: 'OK'
                T3:1[    0-0    ] <= [5.729526042938232]
                T3:1              <= [5.72952622519823]: 'OK'
                T3:1[    0-0    ] <= [5.729526042938232]
                T3:1              <= [5.72952622519823]: 'OK'
                T3:1[    0-0    ] <= [5.729526042938232]
                T3:1              <= [5.72952622519823]: 'OK'
                T3:1[    0-0    ] <= [5.729526042938232]
                T3:1              <= [5.72952622519823]: 'OK'
                T3:1[    0-0    ] <= [5.729526042938232]
                T3:1              <= [5.72952622519823]: 'OK'
                T3:1[    0-0    ] <= [5.729526042938232]
                T3:1              <= [5.71293354112953]: 'OK'
                T3:1[    0-0    ] <= [5.712933540344238]
                T3:1              <= [5.71293354112953]: 'OK'
                T3:1[    0-0    ] <= [5.712933540344238]
                T3:1              <= [5.71293354112953]: 'OK'
                T3:1[    0-0    ] <= [5.712933540344238]
                T3:1              <= [5.71293354112953]: 'OK'
                T3:1[    0-0    ] <= [5.712933540344238]
                T3:1              <= [5.71293354112953]: 'OK'
                T3:1[    0-0    ] <= [5.712933540344238]
ON 237 ------------- 
Tank Level 5.862268 
ITERATION 238 ------------- 
Tank Level 5.862268 
ITERATION 239 ------------- 
Tank Level 5.862268 
ITERATION 240 ------------- 
Tank Level 5.862268 
ITERATION 241 ------------- 
Tank Level 5.862268 
ITERATION 242 ------------- 
Tank Level 5.862268 
ITERATION 243 ------------- 
Tank Level 5.862268 
ITERATION 244 ------------- 
Tank Level 5.862268 
ITERATION 245 ------------- 
Tank Level 5.862268 
ITERATION 246 ------------- 
Tank Level 5.845675 
ITERATION 247 ------------- 
Tank Level 5.845675 
ITERATION 248 ------------- 
Tank Level 5.845675 
ITERATION 249 ------------- 
Tank Level 5.845675 
ITERATION 250 ------------- 
Tank Level 5.845675 
ITERATION 251 ------------- 
Tank Level 5.845675 
ITERATION 252 ------------- 
Tank Level 5.845675 
ITERATION 253 ------------- 
Tank Level 5.845675 
ITERATION 254 ------------- 
Tank Level 5.845675 
ITERATION 255 ------------- 
Tank Level 5.845675 
ITERATION 256 ------------- 
Tank Level 5.829082 
ITERATION 257 ------------- 
Tank Level 5.829082 
ITERATION 258 ------------- 
Tank Level 5.829082 
ITERATION 259 ------------- 
Tank Level 5.829082 
ITERATION 260 ------------- 
Tank Level 5.829082 
ITERATION 261 ------------- 
Tank Level 5.829082 
ITERATION 262 ------------- 
Tank Level 5.829082 
ITERATION 263 ------------- 
Tank Level 5.812490 
ITERATION 264 ------------- 
Tank Level 5.812490 
ITERATION 265 ------------- 
Tank Level 5.812490 
ITERATION 266 ------------- 
Tank Level 5.812490 
ITERATION 267 ------------- 
Tank Level 5.812490 
ITERATION 268 ------------- 
Tank Level 5.812490 
ITERATION 269 ------------- 
Tank Level 5.812490 
ITERATION 270 ------------- 
Tank Level 5.812490 
ITERATION 271 ------------- 
Tank Level 5.812490 
ITERATION 272 ------------- 
Tank Level 5.795897 
ITERATION 273 ------------- 
Tank Level 5.795897 
ITERATION 274 ------------- 
Tank Level 5.795897 
ITERATION 275 ------------- 
Tank Level 5.795897 
ITERATION 276 ------------- 
Tank Level 5.795897 
ITERATION 277 ------------- 
Tank Level 5.795897 
ITERATION 278 ------------- 
Tank Level 5.795897 
ITERATION 279 ------------- 
Tank Level 5.795897 
ITERATION 280 ------------- 
Tank Level 5.795897 
ITERATION 281 ------------- 
Tank Level 5.779304 
ITERATION 282 ------------- 
Tank Level 5.779304 
ITERATION 283 ------------- 
Tank Level 5.779304 
ITERATION 284 ------------- 
Tank Level 5.779304 
ITERATION 285 ------------- 
Tank Level 5.779304 
ITERATION 286 ------------- 
Tank Level 5.779304 
ITERATION 287 ------------- 
Tank Level 5.779304 
ITERATION 288 ------------- 
Tank Level 5.779304 
ITERATION 289 ------------- 
Tank Level 5.762712 
ITERATION 290 ------------- 
Tank Level 5.762712 
ITERATION 291 ------------- 
Tank Level 5.762712 
ITERATION 292 ------------- 
Tank Level 5.762712 
ITERATION 293 ------------- 
Tank Level 5.762712 
ITERATION 294 ------------- 
Tank Level 5.762712 
ITERATION 295 ------------- 
Tank Level 5.762712 
ITERATION 296 ------------- 
Tank Level 5.762712 
ITERATION 297 ------------- 
Tank Level 5.746119 
ITERATION 298 ------------- 
Tank Level 5.746119 
ITERATION 299 ------------- 
Tank Level 5.746119 
ITERATION 300 ------------- 
Tank Level 5.746119 
ITERATION 301 ------------- 
Tank Level 5.746119 
ITERATION 302 ------------- 
Tank Level 5.746119 
ITERATION 303 ------------- 
Tank Level 5.746119 
ITERATION 304 ------------- 
Tank Level 5.746119 
ITERATION 305 ------------- 
Tank Level 5.729526 
ITERATION 306 ------------- 
Tank Level 5.729526 
ITERATION 307 ------------- 
Tank Level 5.729526 
ITERATION 308 ------------- 
Tank Level 5.729526 
ITERATION 309 ------------- 
Tank Level 5.729526 
ITERATION 310 ------------- 
Tank Level 5.729526 
ITERATION 311 ------------- 
Tank Level 5.729526 
ITERATION 312 ------------- 
Tank Level 5.729526 
ITERATION 313 ------------- 
Tank Level 5.712934 
ITERATION 314 ------------- 
Tank Level 5.712934 
ITERATION 315 ------------- 
Tank Level 5.712934 
ITERATION 316 ------------- 
Tank Level 5.712934 
ITERATION 317 ------------- 
Tank Level 5.712934 
ITERATION 318 ------------- 
Tank Level 5.712934 
ITE                T3:1              <= [5.71293354112953]: 'OK'
                T3:1[    0-0    ] <= [5.712933540344238]
                T3:1              <= [5.71293354112953]: 'OK'
                T3:1[    0-0    ] <= [5.712933540344238]
                T3:1              <= [5.71293354112953]: 'OK'
                T3:1[    0-0    ] <= [5.712933540344238]
                T3:1              <= [5.71293354112953]: 'OK'
                T3:1[    0-0    ] <= [5.712933540344238]
                T3:1              <= [5.69634085706085]: 'OK'
                T3:1[    0-0    ] <= [5.696341037750244]
                T3:1              <= [5.69634085706085]: 'OK'
                T3:1[    0-0    ] <= [5.696341037750244]
                T3:1              <= [5.69634085706085]: 'OK'
                T3:1[    0-0    ] <= [5.696341037750244]
                T3:1              <= [5.69634085706085]: 'OK'
                T3:1[    0-0    ] <= [5.696341037750244]
                T3:1              <= [5.69634085706085]: 'OK'
                T3:1[    0-0    ] <= [5.696341037750244]
                T3:1              <= [5.69634085706085]: 'OK'
                T3:1[    0-0    ] <= [5.696341037750244]
                T3:1              <= [5.69634085706085]: 'OK'
                T3:1[    0-0    ] <= [5.696341037750244]
                T3:1              <= [5.69634085706085]: 'OK'
                T3:1[    0-0    ] <= [5.696341037750244]
                T3:1              <= [5.69634085706085]: 'OK'
                T3:1[    0-0    ] <= [5.696341037750244]
                T3:1              <= [5.69634085706085]: 'OK'
                T3:1[    0-0    ] <= [5.696341037750244]
                T3:1              <= [5.67974817299216]: 'OK'
                T3:1[    0-0    ] <= [5.679748058319092]
                T3:1              <= [5.67974817299216]: 'OK'
                T3:1[    0-0    ] <= [5.679748058319092]
                T3:1              <= [5.67974817299216]: 'OK'
                T3:1[    0-0    ] <= [5.679748058319092]
                T3:1              <= [5.67974817299216]: 'OK'
                T3:1[    0-0    ] <= [5.679748058319092]
                T3:1              <= [5.67974817299216]: 'OK'
                T3:1[    0-0    ] <= [5.679748058319092]
                T3:1              <= [5.67974817299216]: 'OK'
                T3:1[    0-0    ] <= [5.679748058319092]
                T3:1              <= [5.67974817299216]: 'OK'
                T3:1[    0-0    ] <= [5.679748058319092]
                T3:1              <= [5.66315548892348]: 'OK'
                T3:1[    0-0    ] <= [5.663155555725098]
                T3:1              <= [5.66315548892348]: 'OK'
                T3:1[    0-0    ] <= [5.663155555725098]
                T3:1              <= [5.66315548892348]: 'OK'
                T3:1[    0-0    ] <= [5.663155555725098]
                T3:1[    0-0    ] <= [5.663155555725098]
                T3:1              <= [5.66315548892348]: 'OK'
                T3:1              <= [5.66315548892348]: 'OK'
                T3:1[    0-0    ] <= [5.663155555725098]
                T3:1              <= [5.66315548892348]: 'OK'
                T3:1[    0-0    ] <= [5.663155555725098]
                T3:1              <= [5.66315548892348]: 'OK'
                T3:1[    0-0    ] <= [5.663155555725098]
                T3:1              <= [5.66315548892348]: 'OK'
                T3:1[    0-0    ] <= [5.663155555725098]
                T3:1              <= [5.64636355114772]: 'OK'
                T3:1[    0-0    ] <= [5.646363735198975]
                T3:1              <= [5.64636355114772]: 'OK'
                T3:1[    0-0    ] <= [5.646363735198975]
                T3:1              <= [5.64636355114772]: 'OK'
                T3:1[    0-0    ] <= [5.646363735198975]
                T3:1              <= [5.64636355114772]: 'OK'
                T3:1[    0-0    ] <= [5.646363735198975]
                T3:1              <= [5.64636355114772]: 'OK'
                T3:1[    0-0    ] <= [5.646363735198975]
                T3:1              <= [5.64636355114772]: 'OK'
                T3:1[    0-0    ] <= [5.646363735198975]
                T3:1              <= [5.64636355114772]: 'OK'
                T3:1[    0-0    ] <= [5.646363735198975]
                T3:1              <= [5.64636355114772]: 'OK'
                T3:1[    0-0    ] <= [5.646363735198975]
                T3:1              <= [5.62957161337195]: 'OK'
                T3:1[    0-0    ] <= [5.629571437835693]
                T3:1              <= [5.62957161337195]: 'OK'
                T3:1[    0-0    ] <= [5.629571437835693]
                T3:1              <= [5.62957161337195]: 'OK'
                T3:1[    0-0    ] <= [5.629571437835693]
                T3:1              <= [5.62957161337195]: 'OK'
                T3:1[    0-0    ] <= [5.629571437835693]
                T3:1              <= [5.62957161337195]: 'OK'
                T3:1[    0-0    ] <= [5.629571437835693]
                T3:1              <= [5.62957161337195]: 'OK'
                T3:1[    0-0    ] <= [5.629571437835693]
                T3:1              <= [5.62957161337195]: 'OK'
                T3:1[    0-0    ] <= [5.629571437835693]
                T3:1              <= [5.61277967559619]: 'OK'
                T3:1[    0-0    ] <= [5.61277961730957]
                T3:1              <= [5.61277967559619]: 'OK'
                T3:1[    0-0    ] <= [5.61277961730957]
                T3:1              <= [5.61277967559619]: 'OK'
                T3:1[    0-0    ] <= [5.61277961730957]
                T3:1              <= [5.61277967559619]: 'OK'
                T3:1[    0-0    ] <= [5.61277961730957]
                T3:1[    0-0    ] <= [5.61277961730957]
                T3:1              <= [5.61277967559619]: 'OK'
                T3:1              <= [5.61277967559619]: 'OK'
                T3:1[    0-0    ] <= [5.61277961730957]
                T3:1              <= [5.61277967559619]: 'OK'
                T3:1[    0-0    ] <= [5.61277961730957]
                T3:1              <= [5.61277967559619]: 'OK'
                T3:1[    0-0    ] <= [5.61277961730957]
                T3:1              <= [5.61277967559619]: 'OK'
                T3:1[    0-0    ] <= [5.61277961730957]
                T3:1[    0-0    ] <= [5.61277961730957]
                T3:1              <= [5.61277967559619]: 'OK'
                T3:1              <= [5.59598773782044]: 'OK'
                T3:1[    0-0    ] <= [5.595987796783447]
                T3:1              <= [5.59598773782044]: 'OK'
                T3:1[    0-0    ] <= [5.595987796783447]
                T3:1              <= [5.59598773782044]: 'OK'
                T3:1[    0-0    ] <= [5.595987796783447]
                T3:1              <= [5.59598773782044]: 'OK'
                T3:1[    0-0    ] <= [5.595987796783447]
                T3:1              <= [5.59598773782044]: 'OK'
                T3:1[    0-0    ] <= [5.595987796783447]
                T3:1              <= [5.59598773782044]: 'OK'
                T3:1[    0-0    ] <= [5.595987796783447]
                T3:1              <= [5.59598773782044]: 'OK'
                T3:1[    0-0    ] <= [5.595987796783447]
                T3:1[    0-0    ] <= [5.595987796783447]
                T3:1              <= [5.59598773782044]: 'OK'
                T3:1              <= [5.59598773782044]: 'OK'
                T3:1[    0-0    ] <= [5.595987796783447]
                T3:1              <= [5.57919580004469]: 'OK'
                T3:1[    0-0    ] <= [5.579195976257324]
                T3:1              <= [5.57919580004469]: 'OK'
                T3:1[    0-0    ] <= [5.579195976257324]
                T3:1              <= [5.57919580004469]: 'OK'
                T3:1[    0-0    ] <= [5.579195976257324]
                T3:1              <= [5.57919580004469]: 'OK'
                T3:1[    0-0    ] <= [5.579195976257324]
                T3:1              <= [5.57919580004469]: 'OK'
                T3:1[    0-0    ] <= [5.579195976257324]
                T3:1              <= [5.57919580004469]: 'OK'
                T3:1[    0-0    ] <= [5.579195976257324]
                T3:1              <= [5.57919580004469]: 'OK'
                T3:1[    0-0    ] <= [5.579195976257324]
                T3:1              <= [5.57919580004469]: 'OK'
                T3:1[    0-0    ] <= [5.579195976257324]
                T3:1[    0-0    ] <= [5.579195976257324]
                T3:1              <= [5.57919580004469]: 'OK'
                T3:1[    0-0    ] <= [5.562403678894043]
                T3:1              <= [5.56240386226894]: 'OK'
                T3:1              <= [5.56240386226894]: 'OK'
                T3:1[    0-0    ] <= [5.562403678894043]
                T3:1              <= [5.56240386226894]: 'OK'
                T3:1[    0-0    ] <= [5.562403678894043]
                T3:1              <= [5.56240386226894]: 'OK'
                T3:1[    0-0    ] <= [5.562403678894043]
                T3:1              <= [5.56240386226894]: 'OK'
                T3:1[    0-0    ] <= [5.562403678894043]
                T3:1              <= [5.56240386226894]: 'OK'
                T3:1[    0-0    ] <= [5.562403678894043]
                T3:1[    0-0    ] <= [5.562403678894043]
                T3:1              <= [5.56240386226894]: 'OK'
                T3:1[    0-0    ] <= [5.562403678894043]
                T3:1              <= [5.56240386226894]: 'OK'
                T3:1              <= [5.54561192449319]: 'OK'
                T3:1[    0-0    ] <= [5.54561185836792]
                T3:1              <= [5.54561192449319]: 'OK'
                T3:1[    0-0    ] <= [5.54561185836792]
RATION 319 ------------- 
Tank Level 5.712934 
ITERATION 320 ------------- 
Tank Level 5.712934 
ITERATION 321 ------------- 
Tank Level 5.712934 
ITERATION 322 ------------- 
Tank Level 5.696341 
ITERATION 323 ------------- 
Tank Level 5.696341 
ITERATION 324 ------------- 
Tank Level 5.696341 
ITERATION 325 ------------- 
Tank Level 5.696341 
ITERATION 326 ------------- 
Tank Level 5.696341 
ITERATION 327 ------------- 
Tank Level 5.696341 
ITERATION 328 ------------- 
Tank Level 5.696341 
ITERATION 329 ------------- 
Tank Level 5.696341 
ITERATION 330 ------------- 
Tank Level 5.696341 
ITERATION 331 ------------- 
Tank Level 5.696341 
ITERATION 332 ------------- 
Tank Level 5.679748 
ITERATION 333 ------------- 
Tank Level 5.679748 
ITERATION 334 ------------- 
Tank Level 5.679748 
ITERATION 335 ------------- 
Tank Level 5.679748 
ITERATION 336 ------------- 
Tank Level 5.679748 
ITERATION 337 ------------- 
Tank Level 5.679748 
ITERATION 338 ------------- 
Tank Level 5.679748 
ITERATION 339 ------------- 
Tank Level 5.663155 
ITERATION 340 ------------- 
Tank Level 5.663155 
ITERATION 341 ------------- 
Tank Level 5.663155 
ITERATION 342 ------------- 
Tank Level 5.663155 
ITERATION 343 ------------- 
Tank Level 5.663155 
ITERATION 344 ------------- 
Tank Level 5.663155 
ITERATION 345 ------------- 
Tank Level 5.663155 
ITERATION 346 ------------- 
Tank Level 5.663155 
ITERATION 347 ------------- 
Tank Level 5.646364 
ITERATION 348 ------------- 
Tank Level 5.646364 
ITERATION 349 ------------- 
Tank Level 5.646364 
ITERATION 350 ------------- 
Tank Level 5.646364 
ITERATION 351 ------------- 
Tank Level 5.646364 
ITERATION 352 ------------- 
Tank Level 5.646364 
ITERATION 353 ------------- 
Tank Level 5.646364 
ITERATION 354 ------------- 
Tank Level 5.646364 
ITERATION 355 ------------- 
Tank Level 5.629572 
ITERATION 356 ------------- 
Tank Level 5.629572 
ITERATION 357 ------------- 
Tank Level 5.629572 
ITERATION 358 ------------- 
Tank Level 5.629572 
ITERATION 359 ------------- 
Tank Level 5.629572 
ITERATION 360 ------------- 
Tank Level 5.629572 
ITERATION 361 ------------- 
Tank Level 5.629572 
ITERATION 362 ------------- 
Tank Level 5.612780 
ITERATION 363 ------------- 
Tank Level 5.612780 
ITERATION 364 ------------- 
Tank Level 5.612780 
ITERATION 365 ------------- 
Tank Level 5.612780 
ITERATION 366 ------------- 
Tank Level 5.612780 
ITERATION 367 ------------- 
Tank Level 5.612780 
ITERATION 368 ------------- 
Tank Level 5.612780 
ITERATION 369 ------------- 
Tank Level 5.612780 
ITERATION 370 ------------- 
Tank Level 5.612780 
ITERATION 371 ------------- 
Tank Level 5.612780 
ITERATION 372 ------------- 
Tank Level 5.595988 
ITERATION 373 ------------- 
Tank Level 5.595988 
ITERATION 374 ------------- 
Tank Level 5.595988 
ITERATION 375 ------------- 
Tank Level 5.595988 
ITERATION 376 ------------- 
Tank Level 5.595988 
ITERATION 377 ------------- 
Tank Level 5.595988 
ITERATION 378 ------------- 
Tank Level 5.595988 
ITERATION 379 ------------- 
Tank Level 5.595988 
ITERATION 380 ------------- 
Tank Level 5.595988 
ITERATION 381 ------------- 
Tank Level 5.579196 
ITERATION 382 ------------- 
Tank Level 5.579196 
ITERATION 383 ------------- 
Tank Level 5.579196 
ITERATION 384 ------------- 
Tank Level 5.579196 
ITERATION 385 ------------- 
Tank Level 5.579196 
ITERATION 386 ------------- 
Tank Level 5.579196 
ITERATION 387 ------------- 
Tank Level 5.579196 
ITERATION 388 ------------- 
Tank Level 5.579196 
ITERATION 389 ------------- 
Tank Level 5.579196 
ITERATION 390 ------------- 
Tank Level 5.562404 
ITERATION 391 ------------- 
Tank Level 5.562404 
ITERATION 392 ------------- 
Tank Level 5.562404 
ITERATION 393 ------------- 
Tank Level 5.562404 
ITERATION 394 ------------- 
Tank Level 5.562404 
ITERATION 395 ------------- 
Tank Level 5.562404 
ITERATION 396 ------------- 
Tank Level 5.562404 
ITERATION 397 ------------- 
Tank Level 5.562404 
ITERATION 398 ------------- 
Tank Level 5.545612 
ITERATION 399 ------------- 
Tank Level 5.545612 
ITERATION 400 ------------- 
Tank Level 5.545612                 T3:1              <= [5.54561192449319]: 'OK'
                T3:1[    0-0    ] <= [5.54561185836792]
                T3:1              <= [5.54561192449319]: 'OK'
                T3:1[    0-0    ] <= [5.54561185836792]
                T3:1              <= [5.54561192449319]: 'OK'
                T3:1[    0-0    ] <= [5.54561185836792]
                T3:1              <= [5.54561192449319]: 'OK'
                T3:1[    0-0    ] <= [5.54561185836792]
                T3:1              <= [5.54561192449319]: 'OK'
                T3:1[    0-0    ] <= [5.54561185836792]
                T3:1              <= [5.54561192449319]: 'OK'
                T3:1[    0-0    ] <= [5.54561185836792]
                T3:1              <= [5.54561192449319]: 'OK'
                T3:1[    0-0    ] <= [5.54561185836792]
                T3:1              <= [5.54561192449319]: 'OK'
                T3:1[    0-0    ] <= [5.54561185836792]
                T3:1              <= [5.52881998671744]: 'OK'
                T3:1[    0-0    ] <= [5.528820037841797]
                T3:1              <= [5.52881998671744]: 'OK'
                T3:1[    0-0    ] <= [5.528820037841797]
                T3:1              <= [5.52881998671744]: 'OK'
                T3:1[    0-0    ] <= [5.528820037841797]
                T3:1              <= [5.52881998671744]: 'OK'
                T3:1[    0-0    ] <= [5.528820037841797]
                T3:1              <= [5.52881998671744]: 'OK'
                T3:1[    0-0    ] <= [5.528820037841797]
                T3:1              <= [5.52881998671744]: 'OK'
                T3:1[    0-0    ] <= [5.528820037841797]
                T3:1[    0-0    ] <= [5.528820037841797]
                T3:1              <= [5.52881998671744]: 'OK'
                T3:1              <= [5.52881998671744]: 'OK'
                T3:1[    0-0    ] <= [5.528820037841797]
                T3:1              <= [5.52881998671744]: 'OK'
                T3:1[    0-0    ] <= [5.528820037841797]
                T3:1              <= [5.52881998671744]: 'OK'
                T3:1[    0-0    ] <= [5.528820037841797]
                T3:1              <= [5.5120280489417]: 'OK'
                T3:1[    0-0    ] <= [5.512028217315674]
                T3:1              <= [5.5120280489417]: 'OK'
                T3:1[    0-0    ] <= [5.512028217315674]
                T3:1[    0-0    ] <= [5.512028217315674]
                T3:1              <= [5.5120280489417]: 'OK'
                T3:1              <= [5.5120280489417]: 'OK'
                T3:1[    0-0    ] <= [5.512028217315674]
                T3:1              <= [5.5120280489417]: 'OK'
                T3:1[    0-0    ] <= [5.512028217315674]
                T3:1              <= [5.5120280489417]: 'OK'
                T3:1[    0-0    ] <= [5.512028217315674]
                T3:1              <= [5.5120280489417]: 'OK'
                T3:1[    0-0    ] <= [5.512028217315674]
                T3:1              <= [5.5120280489417]: 'OK'
                T3:1[    0-0    ] <= [5.512028217315674]
                T3:1              <= [5.49523611116597]: 'OK'
                T3:1[    0-0    ] <= [5.495235919952393]
                T3:1              <= [5.49523611116597]: 'OK'
                T3:1[    0-0    ] <= [5.495235919952393]
                T3:1              <= [5.49523611116597]: 'OK'
                T3:1[    0-0    ] <= [5.495235919952393]
                T3:1              <= [5.49523611116597]: 'OK'
                T3:1[    0-0    ] <= [5.495235919952393]
                T3:1              <= [5.49523611116597]: 'OK'
                T3:1[    0-0    ] <= [5.495235919952393]
                T3:1              <= [5.49523611116597]: 'OK'
                T3:1[    0-0    ] <= [5.495235919952393]
                T3:1              <= [5.49523611116597]: 'OK'
                T3:1[    0-0    ] <= [5.495235919952393]
                T3:1              <= [5.49523611116597]: 'OK'
                T3:1[    0-0    ] <= [5.495235919952393]
                T3:1              <= [5.49523611116597]: 'OK'
                T3:1[    0-0    ] <= [5.495235919952393]
                T3:1[    0-0    ] <= [5.4784440994262695]
                T3:1              <= [5.47844417339023]: 'OK'
                T3:1              <= [5.47844417339023]: 'OK'
                T3:1[    0-0    ] <= [5.4784440994262695]
                T3:1              <= [5.47844417339023]: 'OK'
                T3:1[    0-0    ] <= [5.4784440994262695]
                T3:1              <= [5.47844417339023]: 'OK'
                T3:1[    0-0    ] <= [5.4784440994262695]
                T3:1              <= [5.47844417339023]: 'OK'
                T3:1[    0-0    ] <= [5.4784440994262695]
                T3:1              <= [5.47844417339023]: 'OK'
                T3:1[    0-0    ] <= [5.4784440994262695]
                T3:1              <= [5.47844417339023]: 'OK'
                T3:1[    0-0    ] <= [5.4784440994262695]
                T3:1              <= [5.47844417339023]: 'OK'
                T3:1[    0-0    ] <= [5.4784440994262695]
                T3:1              <= [5.47844417339023]: 'OK'
                T3:1[    0-0    ] <= [5.4784440994262695]
                T3:1              <= [5.46165223561449]: 'OK'
                T3:1[    0-0    ] <= [5.4616522789001465]
                T3:1              <= [5.46165223561449]: 'OK'
                T3:1[    0-0    ] <= [5.4616522789001465]
                T3:1              <= [5.46165223561449]: 'OK'
                T3:1[    0-0    ] <= [5.4616522789001465]
                T3:1              <= [5.46165223561449]: 'OK'
                T3:1[    0-0    ] <= [5.4616522789001465]
                T3:1[    0-0    ] <= [5.4616522789001465]
                T3:1              <= [5.46165223561449]: 'OK'
                T3:1[    0-0    ] <= [5.4616522789001465]
                T3:1              <= [5.46165223561449]: 'OK'
                T3:1              <= [5.46165223561449]: 'OK'
                T3:1[    0-0    ] <= [5.4616522789001465]
                T3:1              <= [5.46165223561449]: 'OK'
                T3:1[    0-0    ] <= [5.4616522789001465]
                T3:1              <= [5.44617836424268]: 'OK'
                T3:1[    0-0    ] <= [5.446178436279297]
                T3:1              <= [5.44617836424268]: 'OK'
                T3:1[    0-0    ] <= [5.446178436279297]
                T3:1[    0-0    ] <= [5.446178436279297]
                T3:1              <= [5.44617836424268]: 'OK'
                T3:1              <= [5.44617836424268]: 'OK'
                T3:1[    0-0    ] <= [5.446178436279297]
                T3:1              <= [5.44617836424268]: 'OK'
                T3:1[    0-0    ] <= [5.446178436279297]
                T3:1              <= [5.44617836424268]: 'OK'
                T3:1[    0-0    ] <= [5.446178436279297]
                T3:1              <= [5.44617836424268]: 'OK'
                T3:1[    0-0    ] <= [5.446178436279297]
                T3:1              <= [5.44617836424268]: 'OK'
                T3:1[    0-0    ] <= [5.446178436279297]
                T3:1              <= [5.44617836424268]: 'OK'
                T3:1[    0-0    ] <= [5.446178436279297]
                T3:1              <= [5.43070449287087]: 'OK'
                T3:1[    0-0    ] <= [5.430704593658447]
                T3:1              <= [5.43070449287087]: 'OK'
                T3:1[    0-0    ] <= [5.430704593658447]
                T3:1              <= [5.43070449287087]: 'OK'
                T3:1[    0-0    ] <= [5.430704593658447]
                T3:1              <= [5.43070449287087]: 'OK'
                T3:1[    0-0    ] <= [5.430704593658447]
                T3:1              <= [5.43070449287087]: 'OK'
                T3:1[    0-0    ] <= [5.430704593658447]
                T3:1[    0-0    ] <= [5.430704593658447]
                T3:1              <= [5.43070449287087]: 'OK'
                T3:1              <= [5.43070449287087]: 'OK'
                T3:1[    0-0    ] <= [5.430704593658447]
                T3:1              <= [5.43070449287087]: 'OK'
                T3:1[    0-0    ] <= [5.430704593658447]
                T3:1              <= [5.43070449287087]: 'OK'
                T3:1[    0-0    ] <= [5.430704593658447]
                T3:1              <= [5.43070449287087]: 'OK'
                T3:1[    0-0    ] <= [5.430704593658447]
                T3:1              <= [5.43070449287087]: 'OK'
                T3:1[    0-0    ] <= [5.430704593658447]
                T3:1              <= [5.43070449287087]: 'OK'
                T3:1[    0-0    ] <= [5.430704593658447]
                T3:1              <= [5.43070449287087]: 'OK'
                T3:1[    0-0    ] <= [5.430704593658447]
                T3:1              <= [5.43070449287087]: 'OK'
                T3:1[    0-0    ] <= [5.430704593658447]
                T3:1              <= [5.43070449287087]: 'OK'
                T3:1[    0-0    ] <= [5.430704593658447]
                T3:1              <= [5.43070449287087]: 'OK'
                T3:1[    0-0    ] <= [5.430704593658447]
                T3:1              <= [5.43070449287087]: 'OK'
                T3:1[    0-0    ] <= [5.430704593658447]
                T3:1              <= [5.43070449287087]: 'OK'
                T3:1[    0-0    ] <= [5.430704593658447]
                T3:1              <= [5.43070449287087]: 'OK'
                T3:1[    0-0    ] <= [5.430704593658447]
                T3:1              <= [5.43070449287087]: 'OK'
                T3:1[    0-0    ] <= [5.430704593658447]
                T3:1              <= [5.43070449287087]: 'OK'
                T3:1[    0-0    ] <= [5.430704593658447]

ITERATION 401 ------------- 
Tank Level 5.545612 
ITERATION 402 ------------- 
Tank Level 5.545612 
ITERATION 403 ------------- 
Tank Level 5.545612 
ITERATION 404 ------------- 
Tank Level 5.545612 
ITERATION 405 ------------- 
Tank Level 5.545612 
ITERATION 406 ------------- 
Tank Level 5.545612 
ITERATION 407 ------------- 
Tank Level 5.545612 
ITERATION 408 ------------- 
Tank Level 5.528820 
ITERATION 409 ------------- 
Tank Level 5.528820 
ITERATION 410 ------------- 
Tank Level 5.528820 
ITERATION 411 ------------- 
Tank Level 5.528820 
ITERATION 412 ------------- 
Tank Level 5.528820 
ITERATION 413 ------------- 
Tank Level 5.528820 
ITERATION 414 ------------- 
Tank Level 5.528820 
ITERATION 415 ------------- 
Tank Level 5.528820 
ITERATION 416 ------------- 
Tank Level 5.528820 
ITERATION 417 ------------- 
Tank Level 5.528820 
ITERATION 418 ------------- 
Tank Level 5.512028 
ITERATION 419 ------------- 
Tank Level 5.512028 
ITERATION 420 ------------- 
Tank Level 5.512028 
ITERATION 421 ------------- 
Tank Level 5.512028 
ITERATION 422 ------------- 
Tank Level 5.512028 
ITERATION 423 ------------- 
Tank Level 5.512028 
ITERATION 424 ------------- 
Tank Level 5.512028 
ITERATION 425 ------------- 
Tank Level 5.512028 
ITERATION 426 ------------- 
Tank Level 5.495236 
ITERATION 427 ------------- 
Tank Level 5.495236 
ITERATION 428 ------------- 
Tank Level 5.495236 
ITERATION 429 ------------- 
Tank Level 5.495236 
ITERATION 430 ------------- 
Tank Level 5.495236 
ITERATION 431 ------------- 
Tank Level 5.495236 
ITERATION 432 ------------- 
Tank Level 5.495236 
ITERATION 433 ------------- 
Tank Level 5.495236 
ITERATION 434 ------------- 
Tank Level 5.495236 
ITERATION 435 ------------- 
Tank Level 5.478444 
ITERATION 436 ------------- 
Tank Level 5.478444 
ITERATION 437 ------------- 
Tank Level 5.478444 
ITERATION 438 ------------- 
Tank Level 5.478444 
ITERATION 439 ------------- 
Tank Level 5.478444 
ITERATION 440 ------------- 
Tank Level 5.478444 
ITERATION 441 ------------- 
Tank Level 5.478444 
ITERATION 442 ------------- 
Tank Level 5.478444 
ITERATION 443 ------------- 
Tank Level 5.478444 
ITERATION 444 ------------- 
Tank Level 5.461652 
ITERATION 445 ------------- 
Tank Level 5.461652 
ITERATION 446 ------------- 
Tank Level 5.461652 
ITERATION 447 ------------- 
Tank Level 5.461652 
ITERATION 448 ------------- 
Tank Level 5.461652 
ITERATION 449 ------------- 
Tank Level 5.461652 
ITERATION 450 ------------- 
Tank Level 5.461652 
ITERATION 451 ------------- 
Tank Level 5.461652 
ITERATION 452 ------------- 
Tank Level 5.446178 
ITERATION 453 ------------- 
Tank Level 5.446178 
ITERATION 454 ------------- 
Tank Level 5.446178 
ITERATION 455 ------------- 
Tank Level 5.446178 
ITERATION 456 ------------- 
Tank Level 5.446178 
ITERATION 457 ------------- 
Tank Level 5.446178 
ITERATION 458 ------------- 
Tank Level 5.446178 
ITERATION 459 ------------- 
Tank Level 5.446178 
ITERATION 460 ------------- 
Tank Level 5.446178 
ITERATION 461 ------------- 
Tank Level 5.430704 
ITERATION 462 ------------- 
Tank Level 5.430704 
ITERATION 463 ------------- 
Tank Level 5.430704 
ITERATION 464 ------------- 
Tank Level 5.430704 
ITERATION 465 ------------- 
Tank Level 5.430704 
ITERATION 466 ------------- 
Tank Level 5.430704 
ITERATION 467 ------------- 
Tank Level 5.430704 
ITERATION 468 ------------- 
Tank Level 5.430704 
ITERATION 469 ------------- 
Tank Level 5.430704 
ITERATION 470 ------------- 
Tank Level 5.430704 
ITERATION 471 ------------- 
Tank Level 5.430704 
ITERATION 472 ------------- 
Tank Level 5.430704 
ITERATION 473 ------------- 
Tank Level 5.430704 
ITERATION 474 ------------- 
Tank Level 5.430704 
ITERATION 475 ------------- 
Tank Level 5.430704 
ITERATION 476 ------------- 
Tank Level 5.430704 
ITERATION 477 ------------- 
Tank Level 5.430704 
ITERATION 478 ------------- 
Tank Level 5.430704 
ITERATION 479 ------------- 
Tank Level 5.430704 
ITERATION 480 ------------- 
Tank Level 5.430704 
ITERATION 481 ------------- 
Tank Level 5.430704 
ITERATION 482 ------------- 
Tank Level 5.430                T3:1[    0-0    ] <= [5.430704593658447]
                T3:1              <= [5.43070449287087]: 'OK'
                T3:1              <= [5.43070449287087]: 'OK'
                T3:1[    0-0    ] <= [5.430704593658447]
                T3:1              <= [5.43070449287087]: 'OK'
                T3:1[    0-0    ] <= [5.430704593658447]
                T3:1              <= [5.43070449287087]: 'OK'
                T3:1[    0-0    ] <= [5.430704593658447]
                T3:1              <= [5.43070449287087]: 'OK'
                T3:1[    0-0    ] <= [5.430704593658447]
                T3:1[    0-0    ] <= [5.430704593658447]
                T3:1              <= [5.43070449287087]: 'OK'
                T3:1              <= [5.43070449287087]: 'OK'
                T3:1[    0-0    ] <= [5.430704593658447]
                T3:1              <= [5.43070449287087]: 'OK'
                T3:1[    0-0    ] <= [5.430704593658447]
                T3:1              <= [5.43070449287087]: 'OK'
                T3:1[    0-0    ] <= [5.430704593658447]
                T3:1              <= [5.43070449287087]: 'OK'
                T3:1[    0-0    ] <= [5.430704593658447]
                T3:1              <= [5.43070449287087]: 'OK'
                T3:1[    0-0    ] <= [5.430704593658447]
                T3:1              <= [5.43070449287087]: 'OK'
                T3:1[    0-0    ] <= [5.430704593658447]
                T3:1              <= [5.43070449287087]: 'OK'
                T3:1[    0-0    ] <= [5.430704593658447]
                T3:1              <= [5.43070449287087]: 'OK'
                T3:1[    0-0    ] <= [5.430704593658447]
                T3:1              <= [5.43070449287087]: 'OK'
                T3:1[    0-0    ] <= [5.430704593658447]
                T3:1              <= [5.43070449287087]: 'OK'
                T3:1[    0-0    ] <= [5.430704593658447]
                T3:1              <= [5.43070449287087]: 'OK'
                T3:1[    0-0    ] <= [5.430704593658447]
                T3:1              <= [5.43070449287087]: 'OK'
                T3:1[    0-0    ] <= [5.430704593658447]
                T3:1              <= [5.43070449287087]: 'OK'
                T3:1[    0-0    ] <= [5.430704593658447]
                T3:1              <= [5.43070449287087]: 'OK'
                T3:1[    0-0    ] <= [5.430704593658447]
                T3:1              <= [5.43070449287087]: 'OK'
                T3:1[    0-0    ] <= [5.430704593658447]
                T3:1[    0-0    ] <= [5.430704593658447]
                T3:1              <= [5.43070449287087]: 'OK'
                T3:1[    0-0    ] <= [5.430704593658447]
                T3:1              <= [5.43070449287087]: 'OK'
                T3:1              <= [5.43070449287087]: 'OK'
                T3:1[    0-0    ] <= [5.430704593658447]
                T3:1              <= [5.43070449287087]: 'OK'
                T3:1[    0-0    ] <= [5.430704593658447]
                T3:1              <= [5.43070449287087]: 'OK'
                T3:1[    0-0    ] <= [5.430704593658447]
                T3:1              <= [5.43070449287087]: 'OK'
                T3:1[    0-0    ] <= [5.430704593658447]
                T3:1[    0-0    ] <= [5.430704593658447]
                T3:1              <= [5.43070449287087]: 'OK'
                T3:1              <= [5.43070449287087]: 'OK'
                T3:1[    0-0    ] <= [5.430704593658447]
                T3:1              <= [5.43070449287087]: 'OK'
                T3:1[    0-0    ] <= [5.430704593658447]
                T3:1              <= [5.43070449287087]: 'OK'
                T3:1[    0-0    ] <= [5.430704593658447]
                T3:1              <= [5.43070449287087]: 'OK'
                T3:1[    0-0    ] <= [5.430704593658447]
                T3:1              <= [5.43070449287087]: 'OK'
                T3:1[    0-0    ] <= [5.430704593658447]
                T3:1              <= [5.43070449287087]: 'OK'
                T3:1[    0-0    ] <= [5.430704593658447]
                T3:1[    0-0    ] <= [5.430704593658447]
                T3:1              <= [5.43070449287087]: 'OK'
                T3:1              <= [5.43070449287087]: 'OK'
                T3:1[    0-0    ] <= [5.430704593658447]
                T3:1              <= [5.43070449287087]: 'OK'
                T3:1[    0-0    ] <= [5.430704593658447]
                T3:1[    0-0    ] <= [5.430704593658447]
                T3:1              <= [5.43070449287087]: 'OK'
                T3:1              <= [5.43070449287087]: 'OK'
                T3:1[    0-0    ] <= [5.430704593658447]
                T3:1              <= [5.43070449287087]: 'OK'
                T3:1[    0-0    ] <= [5.430704593658447]
                T3:1              <= [5.43070449287087]: 'OK'
                T3:1[    0-0    ] <= [5.430704593658447]
                T3:1              <= [5.43070449287087]: 'OK'
                T3:1[    0-0    ] <= [5.430704593658447]
                T3:1              <= [5.43070449287087]: 'OK'
                T3:1[    0-0    ] <= [5.430704593658447]
                T3:1              <= [5.43070449287087]: 'OK'
                T3:1[    0-0    ] <= [5.430704593658447]
                T3:1              <= [5.43070449287087]: 'OK'
                T3:1[    0-0    ] <= [5.430704593658447]
                T3:1              <= [5.43070449287087]: 'OK'
                T3:1[    0-0    ] <= [5.430704593658447]
                T3:1              <= [5.43070449287087]: 'OK'
                T3:1[    0-0    ] <= [5.430704593658447]
                T3:1              <= [5.43070449287087]: 'OK'
                T3:1[    0-0    ] <= [5.430704593658447]
                T3:1              <= [5.43070449287087]: 'OK'
                T3:1[    0-0    ] <= [5.430704593658447]
                T3:1              <= [5.43070449287087]: 'OK'
                T3:1[    0-0    ] <= [5.430704593658447]
                T3:1              <= [5.43070449287087]: 'OK'
                T3:1[    0-0    ] <= [5.430704593658447]
                T3:1              <= [5.43070449287087]: 'OK'
                T3:1[    0-0    ] <= [5.430704593658447]
                T3:1              <= [5.43070449287087]: 'OK'
                T3:1[    0-0    ] <= [5.430704593658447]
                T3:1              <= [5.43070449287087]: 'OK'
                T3:1[    0-0    ] <= [5.430704593658447]
                T3:1[    0-0    ] <= [5.430704593658447]
                T3:1              <= [5.43070449287087]: 'OK'
                T3:1              <= [5.43070449287087]: 'OK'
                T3:1[    0-0    ] <= [5.430704593658447]
                T3:1              <= [5.43070449287087]: 'OK'
                T3:1[    0-0    ] <= [5.430704593658447]
                T3:1              <= [5.43070449287087]: 'OK'
                T3:1[    0-0    ] <= [5.430704593658447]
                T3:1              <= [5.43070449287087]: 'OK'
                T3:1[    0-0    ] <= [5.430704593658447]
                T3:1              <= [5.43070449287087]: 'OK'
                T3:1[    0-0    ] <= [5.430704593658447]
                T3:1              <= [5.43070449287087]: 'OK'
                T3:1[    0-0    ] <= [5.430704593658447]
                T3:1              <= [5.43070449287087]: 'OK'
                T3:1[    0-0    ] <= [5.430704593658447]
                T3:1              <= [5.43070449287087]: 'OK'
                T3:1[    0-0    ] <= [5.430704593658447]
                T3:1              <= [5.43070449287087]: 'OK'
                T3:1[    0-0    ] <= [5.430704593658447]
                T3:1[    0-0    ] <= [5.430704593658447]
                T3:1              <= [5.43070449287087]: 'OK'
                T3:1              <= [5.43070449287087]: 'OK'
                T3:1[    0-0    ] <= [5.430704593658447]
                T3:1              <= [5.43070449287087]: 'OK'
                T3:1[    0-0    ] <= [5.430704593658447]
                T3:1              <= [5.43070449287087]: 'OK'
                T3:1[    0-0    ] <= [5.430704593658447]
                T3:1              <= [5.43070449287087]: 'OK'
                T3:1[    0-0    ] <= [5.430704593658447]
                T3:1              <= [5.43070449287087]: 'OK'
                T3:1[    0-0    ] <= [5.430704593658447]
                T3:1              <= [5.43070449287087]: 'OK'
                T3:1[    0-0    ] <= [5.430704593658447]
                T3:1              <= [5.43070449287087]: 'OK'
                T3:1[    0-0    ] <= [5.430704593658447]
                T3:1              <= [5.43070449287087]: 'OK'
                T3:1[    0-0    ] <= [5.430704593658447]
                T3:1              <= [5.43070449287087]: 'OK'
                T3:1[    0-0    ] <= [5.430704593658447]
                T3:1              <= [5.43070449287087]: 'OK'
                T3:1[    0-0    ] <= [5.430704593658447]
                T3:1              <= [5.43070449287087]: 'OK'
                T3:1[    0-0    ] <= [5.430704593658447]
                T3:1              <= [5.43070449287087]: 'OK'
                T3:1[    0-0    ] <= [5.430704593658447]
                T3:1              <= [5.43070449287087]: 'OK'
                T3:1[    0-0    ] <= [5.430704593658447]
                T3:1              <= [5.43070449287087]: 'OK'
                T3:1[    0-0    ] <= [5.430704593658447]
                T3:1              <= [5.43070449287087]: 'OK'
                T3:1[    0-0    ] <= [5.430704593658447]
                T3:1[    0-0    ] <= [5.430704593658447]
                T3:1              <= [5.43070449287087]: 'OK'
                T3:1              <= [5.43070449287087]: 'OK'
                T3:1[    0-0    ] <= [5.430704593658447]
704 
ITERATION 483 ------------- 
Tank Level 5.430704 
ITERATION 484 ------------- 
Tank Level 5.430704 
ITERATION 485 ------------- 
Tank Level 5.430704 
ITERATION 486 ------------- 
Tank Level 5.430704 
ITERATION 487 ------------- 
Tank Level 5.430704 
ITERATION 488 ------------- 
Tank Level 5.430704 
ITERATION 489 ------------- 
Tank Level 5.430704 
ITERATION 490 ------------- 
Tank Level 5.430704 
ITERATION 491 ------------- 
Tank Level 5.430704 
ITERATION 492 ------------- 
Tank Level 5.430704 
ITERATION 493 ------------- 
Tank Level 5.430704 
ITERATION 494 ------------- 
Tank Level 5.430704 
ITERATION 495 ------------- 
Tank Level 5.430704 
ITERATION 496 ------------- 
Tank Level 5.430704 
ITERATION 497 ------------- 
Tank Level 5.430704 
ITERATION 498 ------------- 
Tank Level 5.430704 
ITERATION 499 ------------- 
Tank Level 5.430704 
ITERATION 500 ------------- 
Tank Level 5.430704 
ITERATION 501 ------------- 
Tank Level 5.430704 
ITERATION 502 ------------- 
Tank Level 5.430704 
ITERATION 503 ------------- 
Tank Level 5.430704 
ITERATION 504 ------------- 
Tank Level 5.430704 
ITERATION 505 ------------- 
Tank Level 5.430704 
ITERATION 506 ------------- 
Tank Level 5.430704 
ITERATION 507 ------------- 
Tank Level 5.430704 
ITERATION 508 ------------- 
Tank Level 5.430704 
ITERATION 509 ------------- 
Tank Level 5.430704 
ITERATION 510 ------------- 
Tank Level 5.430704 
ITERATION 511 ------------- 
Tank Level 5.430704 
ITERATION 512 ------------- 
Tank Level 5.430704 
ITERATION 513 ------------- 
Tank Level 5.430704 
ITERATION 514 ------------- 
Tank Level 5.430704 
ITERATION 515 ------------- 
Tank Level 5.430704 
ITERATION 516 ------------- 
Tank Level 5.430704 
ITERATION 517 ------------- 
Tank Level 5.430704 
ITERATION 518 ------------- 
Tank Level 5.430704 
ITERATION 519 ------------- 
Tank Level 5.430704 
ITERATION 520 ------------- 
Tank Level 5.430704 
ITERATION 521 ------------- 
Tank Level 5.430704 
ITERATION 522 ------------- 
Tank Level 5.430704 
ITERATION 523 ------------- 
Tank Level 5.430704 
ITERATION 524 ------------- 
Tank Level 5.430704 
ITERATION 525 ------------- 
Tank Level 5.430704 
ITERATION 526 ------------- 
Tank Level 5.430704 
ITERATION 527 ------------- 
Tank Level 5.430704 
ITERATION 528 ------------- 
Tank Level 5.430704 
ITERATION 529 ------------- 
Tank Level 5.430704 
ITERATION 530 ------------- 
Tank Level 5.430704 
ITERATION 531 ------------- 
Tank Level 5.430704 
ITERATION 532 ------------- 
Tank Level 5.430704 
ITERATION 533 ------------- 
Tank Level 5.430704 
ITERATION 534 ------------- 
Tank Level 5.430704 
ITERATION 535 ------------- 
Tank Level 5.430704 
ITERATION 536 ------------- 
Tank Level 5.430704 
ITERATION 537 ------------- 
Tank Level 5.430704 
ITERATION 538 ------------- 
Tank Level 5.430704 
ITERATION 539 ------------- 
Tank Level 5.430704 
ITERATION 540 ------------- 
Tank Level 5.430704 
ITERATION 541 ------------- 
Tank Level 5.430704 
ITERATION 542 ------------- 
Tank Level 5.430704 
ITERATION 543 ------------- 
Tank Level 5.430704 
ITERATION 544 ------------- 
Tank Level 5.430704 
ITERATION 545 ------------- 
Tank Level 5.430704 
ITERATION 546 ------------- 
Tank Level 5.430704 
ITERATION 547 ------------- 
Tank Level 5.430704 
ITERATION 548 ------------- 
Tank Level 5.430704 
ITERATION 549 ------------- 
Tank Level 5.430704 
ITERATION 550 ------------- 
Tank Level 5.430704 
ITERATION 551 ------------- 
Tank Level 5.430704 
ITERATION 552 ------------- 
Tank Level 5.430704 
ITERATION 553 ------------- 
Tank Level 5.430704 
ITERATION 554 ------------- 
Tank Level 5.430704 
ITERATION 555 ------------- 
Tank Level 5.430704 
ITERATION 556 ------------- 
Tank Level 5.430704 
ITERATION 557 ------------- 
Tank Level 5.430704 
ITERATION 558 ------------- 
Tank Level 5.430704 
ITERATION 559 ------------- 
Tank Level 5.430704 
ITERATION 560 ------------- 
Tank Level 5.430704 
ITERATION 561 ------------- 
Tank Level 5.430704 
ITERATION 562 ------------- 
Tank Level 5.430704 
ITERATION 563 ------------- 
Tank Level 5.430704 
ITERATION 564 ------------- 
Tank Level 5                T3:1[    0-0    ] <= [5.430704593658447]
                T3:1              <= [5.43070449287087]: 'OK'
                T3:1              <= [5.43070449287087]: 'OK'
                T3:1[    0-0    ] <= [5.430704593658447]
                T3:1              <= [5.43070449287087]: 'OK'
                T3:1[    0-0    ] <= [5.430704593658447]
                T3:1[    0-0    ] <= [5.430704593658447]
                T3:1              <= [5.43070449287087]: 'OK'
                T3:1              <= [5.43070449287087]: 'OK'
                T3:1[    0-0    ] <= [5.430704593658447]
                T3:1              <= [5.43070449287087]: 'OK'
                T3:1[    0-0    ] <= [5.430704593658447]
                T3:1              <= [5.43070449287087]: 'OK'
                T3:1[    0-0    ] <= [5.430704593658447]
                T3:1              <= [5.43070449287087]: 'OK'
                T3:1[    0-0    ] <= [5.430704593658447]
                T3:1              <= [5.43070449287087]: 'OK'
                T3:1[    0-0    ] <= [5.430704593658447]
                T3:1              <= [5.43070449287087]: 'OK'
                T3:1[    0-0    ] <= [5.430704593658447]
                T3:1[    0-0    ] <= [5.430704593658447]
                T3:1              <= [5.43070449287087]: 'OK'
                T3:1              <= [5.43070449287087]: 'OK'
                T3:1[    0-0    ] <= [5.430704593658447]
                T3:1              <= [5.43070449287087]: 'OK'
                T3:1[    0-0    ] <= [5.430704593658447]
                T3:1              <= [5.43070449287087]: 'OK'
                T3:1[    0-0    ] <= [5.430704593658447]
                T3:1              <= [5.43070449287087]: 'OK'
                T3:1[    0-0    ] <= [5.430704593658447]
                T3:1[    0-0    ] <= [5.430704593658447]
                T3:1              <= [5.43070449287087]: 'OK'
                T3:1              <= [5.43070449287087]: 'OK'
                T3:1[    0-0    ] <= [5.430704593658447]
                T3:1              <= [5.43070449287087]: 'OK'
                T3:1[    0-0    ] <= [5.430704593658447]
                T3:1              <= [5.43070449287087]: 'OK'
                T3:1[    0-0    ] <= [5.430704593658447]
                T3:1              <= [5.43070449287087]: 'OK'
                T3:1[    0-0    ] <= [5.430704593658447]
                T3:1              <= [5.43070449287087]: 'OK'
                T3:1[    0-0    ] <= [5.430704593658447]
                T3:1              <= [5.43070449287087]: 'OK'
                T3:1[    0-0    ] <= [5.430704593658447]
.430704 
ITERATION 565 ------------- 
Tank Level 5.430704 
ITERATION 566 ------------- 
Tank Level 5.430704 
ITERATION 567 ------------- 
Tank Level 5.430704 
ITERATION 568 ------------- 
Tank Level 5.430704 
ITERATION 569 ------------- 
Tank Level 5.430704 
ITERATION 570 ------------- 
Tank Level 5.430704 
ITERATION 571 ------------- 
Tank Level 5.430704 
ITERATION 572 ------------- 
Tank Level 5.430704 
ITERATION 573 ------------- 
Tank Level 5.430704 
ITERATION 574 ------------- 
Tank Level 5.430704 
ITERATION 575 ------------- 
Tank Level 5.430704 
ITERATION 576 ------------- 
Tank Level 5.430704 
ITERATION 577 ------------- 
Tank Level 5.430704 
ITERATION 578 ------------- 
Tank Level 5.430704 
ITERATION 579 ------------- 
Tank Level 5.430704 
ITERATION 580 ------------- 
Tank Level 5.430704 
ITERATION 581 ------------- 
Tank Level 5.430704 
ITERATION 582 ------------- 
Tank Level 5.430704 
ITERATION 583 ------------- 
Tank Level 5.430704 
ITERATION 584 ------------- 
Tank Level 5.430704 
ITERATION 585 ------------- 
Tank Level 5.430704 
ITERATION 586 ------------- 
Tank Level 5.430704 
ITERATION 587 ------------- 
DEBUG plc4 shutdown
plc4
Stopping Tcp dump process on PLC...
Stopping PLC...
                T3:1              <= [5.43070449287087]: 'OK'
                T3:1[    0-0    ] <= [5.430704593658447]
