DEBUG get_query: SELECT value FROM ctown WHERE name = ? AND pid = ?
DEBUG set_query: UPDATE ctown SET value = ? WHERE name = ? AND pid = ?
DEBUG EnipProtocol server addr:  192.168.1.1
DEBUG: concatenating server address with default port.
DEBUG enip server tags_string:  T5:1=REAL T7:1=REAL PU8:1=REAL PU10:1=REAL PU11:1=REAL ATT_1:1=REAL ATT_2:1=REAL 
DEBUG enip _start_server cmd:  ['/usr/bin/python', '-m', 'cpppo.server.enip', '--print', '--log', 'logs/protocols_tests_enip_server', '--address', '192.168.1.1:44818', 'T5:1=REAL', 'T7:1=REAL', 'PU8:1=REAL', 'PU10:1=REAL', 'PU11:1=REAL', 'ATT_1:1=REAL', 'ATT_2:1=REAL']
DEBUG: plc5 enters pre_loop
ITERATION 1 ------------- 
T5 Level 1.000000 
T7 Level 2.500000 
Opening PU8
ITERATION 2 ------------- 
T5 Level 1.000000 
T7 Level 2.500000 
Opening PU8
ITERATION 3 ------------- 
T5 Level 1.000000 
T7 Level 2.500000 
Opening PU8
ITERATION 4 ------------- 
T5 Level 1.000000 
T7 Level 2.500000 
Opening PU8
ITERATION 5 ------------- 
T5 Level 1.000000 
T7 Level 2.500000 
Opening PU8
ITERATION 6 ------------- 
T5 Level 1.000000 
T7 Level 3.998570 
Opening PU8
Closing PU11
ITERATION 7 ------------- 
T5 Level 3.274205 
T7 Level 3.998570 
Closing PU11
ITERATION 8 ------------- 
T5 Level 3.274205 
T7 Level 3.998570 
Closing PU11
ITERATION 9 ------------- 
T5 Level 3.274205 
T7 Level 3.858187 
Closing PU11
ITERATION 10 ------------- 
T5 Level 3.328346 
T7 Level 3.858187 
Closing PU11
ITERATION 11 ------------- 
T5 Level 3.328346 
T7 Level 3.858187 
Closing PU11
ITERATION 12 ------------- 
T5 Level 3.328346 
T7 Level 3.718271 
Closing PU11
ITERATION 13 ------------- 
T5 Level 3.382468 
T7 Level 3.718271 
Closing PU11
ITERATION 14 ------------- 
T5 Level 3.382468 
T7 Level 3.718271 
Closing PU11
ITERATION 15 ------------- 
T5 Level 3.382468 
T7 Level 3.578817 
Closing PU11
ITERATION 16 ------------- 
T5 Level 3.434783 
T7 Level 3.578817 
Closing PU11
ITERATION 17 ------------- 
T5 Level 3.434783 
T7 Level 3.578817 
Closing PU11
ITERATION 18 ------------- 
T5 Level 3.434783 
T7 Level 3.439822 
Closing PU11
ITERATION 19 ------------- 
T5 Level 3.487062 
T7 Level 3.439822 
Closing PU11
ITERATION 20 ------------- 
T5 Level 3.487062 
T7 Level 3.439822 
Closing PU11
ITERATION 21 ------------- 
T5 Level 3.487062 
T7 Level 3.439822 
Closing PU11
ITERATION 22 ------------- 
T5 Level 3.539305 
T7 Level 3.301283 
Closing PU11
ITERATION 23 ------------- 
T5 Level 3.539305 
T7 Level 3.301283 
Closing PU11
ITERATION 24 ------------- 
T5 Level 3.539305 
T7 Level 3.301283 
Closing PU11
ITERATION 25 ------------- 
T5 Level 3.591511 
T7 Level 3.163194 
Closing PU11
ITERATION 26 ------------- 
T5 Level 3.591511 
T7 Level 3.163194 
Closing PU11
ITERATION 27 ------------- 
T5 Level 3.591511 
T7 Level 3.025554 
Closing PU11
ITERATION 28 ------------- 
T5 Level 3.643682 
T7 Level 3.025554 
Closing PU11
ITERATION 29 ------------- 
T5 Level 3.643682 
T7 Level 3.025554 
Closing PU11
ITERATION 30 ------------- 
T5 Level 3.643682 
T7 Level 3.025554 
Closing PU11
ITERATION 31 ------------- 
T5 Level 3.695816 
T7 Level 2.888359 
ITERATION 32 ------------- 
T5 Level 3.695816 
T7 Level 2.888359 
ITERATION 33 ------------- 
T5 Level 3.695816 
T7 Level 2.888359 
ITERATION 34 ------------- 
T5 Level 3.695816 
T7 Level 2.751605 
ITERATION 35 ------------- 
T5 Level 3.747913 
T7 Level 2.751605 
ITERATION 36 ------------- 
T5 Level 3.747913 
T7 Level 2.751605 
ITERATION 37 ------------- 
T5 Level 3.799975 
T7 Level 2.615290 
ITERATION 38 ------------- 
T5 Level 3.799975 
T7 Level 2.615290 
ITERATION 39 ------------- 
T5 Level 3.799975 
T7 Level 2.615290 
ITERATION 40 ------------- 
T5 Level 3.799975 
T7 Level 2.615290 
ITERATION 41 ------------- 
T5 Level 3.852000 
T7 Level 2.479411 
Opening PU10
ITERATION 42 ------------- 
T5 Level 3.852000 
T7 Level 2.479411 
Opening PU10
ITERATION 43 ------------- 
T5 Level 3.852000 
T7 Level 2.479411 
Opening PU10
ITERATION 44 ------------- 
T5 Level 3.903989 
T7 Level 2.343965 
Opening PU10
ITERATION 45 ------------- 
T5 Level 3.903989 
T7 Level 2.343965 
Opening PU10
ITERATION 46 ------------- 
T5 Level 3.903989 
T7 Level 2.343965 
Opening PU10
ITERATION 47 ------------- 
T5 Level 3.903989 
T7 Level 2.223521 
Opening PU10
ITERATION 48 ------------- 
T5 Level 3.962195 
T7 Level 2.223521 
Opening PU10
ITERATION 49 ------------- 
T5 Level 3.962195 
T7 Level 2.223521 
Opening PU10
ITERATION 50 ------------- 
T5 Level 3.962195 
T7 Level 2.270508 
Opening PU10
ITERATION 51 ------------- 
T5 Level 4.014840 
T7 Level 2.270508 
Opening PU10
ITERATION 52 ------------- 
T5 Level 4.014840 
T7 Level 2.270508 
Opening PU10
ITERATION 53 ------------- 
T5 Level 4.014840 
T7 Level 2.270508 
Opening PU10
ITERATION 54 ------------- 
T5 Level 4.067442 
T7 Level 2.317402 
Opening PU10
ITERATION 55 ------------- 
T5 Level 4.067442 
T7 Level 2.317402 
Opening PU10
ITERATION 56 ------------- 
T5 Level 4.067442 
T7 Level 2.317402 
Opening PU10
ITERATION 57 ------------- 
T5 Level 4.067442 
T7 Level 2.317402 
Opening PU10
ITERATION 58 ------------- 
T5 Level 4.120000 
T7 Level 2.364203 
Opening PU10
ITERATION 59 ------------- 
T5 Level 4.120000 
T7 Level 2.364203 
Opening PU10
ITERATION 60 ------------- 
T5 Level 4.120000 
T7 Level 2.364203 
Opening PU10
ITERATION 61 ------------- 
T5 Level 4.172515 
T7 Level 2.410911 
Opening PU10
ITERATION 62 ------------- 
T5 Level 4.172515 
T7 Level 2.410911 
Opening PU10
ITERATION 63 ------------- 
T5 Level 4.172515 
T7 Level 2.410911 
Opening PU10
ITERATION 64 ------------- 
T5 Level 4.172515 
T7 Level 2.410911 
Opening PU10
ITERATION 65 ------------- 
T5 Level 4.224986 
T7 Level 2.457528 
Opening PU10
ITERATION 66 ------------- 
T5 Level 4.224986 
T7 Level 2.457528 
Opening PU10
ITERATION 67 ------------- 
T5 Level 4.224986 
T7 Level 2.457528 
Opening PU10
ITERATION 68 ------------- 
T5 Level 4.224986 
T7 Level 2.504052 
ITERATION 69 ------------- 
T5 Level 4.277413 
T7 Level 2.504052 
ITERATION 70 ------------- 
T5 Level 4.277413 
T7 Level 2.504052 
ITERATION 71 ------------- 
T5 Level 4.277413 
T7 Level 2.550484 
ITERATION 72 ------------- 
T5 Level 4.329798 
T7 Level 2.550484 
ITERATION 73 ------------- 
T5 Level 4.329798 
T7 Level 2.550484 
ITERATION 74 ------------- 
T5 Level 4.329798 
T7 Level 2.596826 
ITERATION 75 ------------- 
T5 Level 4.382139 
T7 Level 2.596826 
ITERATION 76 ------------- 
T5 Level 4.382139 
T7 Level 2.596826 
ITERATION 77 ------------- 
T5 Level 4.382139 
T7 Level 2.596826 
ITERATION 78 ------------- 
T5 Level 4.434436 
T7 Level 2.643076 
ITERATION 79 ------------- 
T5 Level 4.434436 
T7 Level 2.643076 
ITERATION 80 ------------- 
T5 Level 4.434436 
T7 Level 2.643076 
ITERATION 81 ------------- 
T5 Level 4.434436 
T7 Level 2.689236 
ITERATION 82 ------------- 
T5 Level 4.486690 
T7 Level 2.689236 
ITERATION 83 ------------- 
T5 Level 4.486690 
T7 Level 2.689236 
ITERATION 84 ------------- 
T5 Level 4.486690 
T7 Level 2.701061 
ITERATION 85 ------------- 
T5 Level 4.500091 
T7 Level 2.701061 
Closing PU8
ITERATION 86 ------------- 
T5 Level 4.500091 
T7 Level 2.701061 
Closing PU8
ITERATION 87 ------------- 
T5 Level 4.500091 
T7 Level 2.739149 
Closing PU8
ITERATION 88 ------------- 
T5 Level 4.500091 
T7 Level 2.739149 
Closing PU8
ITERATION 89 ------------- 
T5 Level 4.500091 
T7 Level 2.739149 
Closing PU8
ITERATION 90 ------------- 
T5 Level 4.500091 
T7 Level 2.739149 
Closing PU8
ITERATION 91 ------------- 
T5 Level 4.500091 
T7 Level 2.739149 
Closing PU8
ITERATION 92 ------------- 
T5 Level 4.500091 
T7 Level 2.739149 
Closing PU8
ITERATION 93 ------------- 
T5 Level 4.500091 
T7 Level 2.824332 
Closing PU8
ITERATION 94 ------------- 
T5 Level 4.500091 
T7 Level 2.824332 
Closing PU8
ITERATION 95 ------------- 
T5 Level 4.500091 
T7 Level 2.824332 
Closing PU8
ITERATION 96 ------------- 
T5 Level 4.500091 
T7 Level 2.824332 
Closing PU8
ITERATION 97 ------------- 
T5 Level 4.500091 
T7 Level 2.911678 
Closing PU8
ITERATION 98 ------------- 
T5 Level 4.468917 
T7 Level 2.911678 
ITERATION 99 ------------- 
T5 Level 4.468917 
T7 Level 2.911678 
ITERATION 100 ------------- 
T5 Level 4.468917 
T7 Level 2.911678 
ITERATION 101 ------------- 
T5 Level 4.437744 
T7 Level 2.998853 
ITERATION 102 ------------- 
T5 Level 4.437744 
T7 Level 2.998853 
ITERATION 103 ------------- 
T5 Level 4.437744 
T7 Level 2.998853 
ITERATION 104 ------------- 
T5 Level 4.406570 
T7 Level 3.083751 
Closing PU11
ITERATION 105 ------------- 
T5 Level 4.406570 
T7 Level 3.083751 
Closing PU11
ITERATION 106 ------------- 
T5 Level 4.406570 
T7 Level 3.083751 
Closing PU11
ITERATION 107 ------------- 
T5 Level 4.406570 
T7 Level 3.168447 
Closing PU11
ITERATION 108 ------------- 
T5 Level 4.375397 
T7 Level 3.168447 
Closing PU11
ITERATION 109 ------------- 
T5 Level 4.375397 
T7 Level 3.168447 
Closing PU11
ITERATION 110 ------------- 
T5 Level 4.375397 
T7 Level 3.252942 
Closing PU11
ITERATION 111 ------------- 
T5 Level 4.344223 
T7 Level 3.252942 
Closing PU11
ITERATION 112 ------------- 
T5 Level 4.344223 
T7 Level 3.252942 
Closing PU11
ITERATION 113 ------------- 
T5 Level 4.344223 
T7 Level 3.252942 
Closing PU11
ITERATION 114 ------------- 
T5 Level 4.313050 
T7 Level 3.337235 
Closing PU11
ITERATION 115 ------------- 
T5 Level 4.313050 
T7 Level 3.337235 
Closing PU11
ITERATION 116 ------------- 
T5 Level 4.313050 
T7 Level 3.337235 
Closing PU11
ITERATION 117 ------------- 
T5 Level 4.281877 
T7 Level 3.421507 
Closing PU11
ITERATION 118 ------------- 
T5 Level 4.281877 
T7 Level 3.421507 
Closing PU11
ITERATION 119 ------------- 
T5 Level 4.281877 
T7 Level 3.421507 
Closing PU11
ITERATION 120 ------------- 
T5 Level 4.250703 
T7 Level 3.505582 
Closing PU11
ITERATION 121 ------------- 
T5 Level 4.250703 
T7 Level 3.505582 
Closing PU11
ITERATION 122 ------------- 
T5 Level 4.250703 
T7 Level 3.505582 
Closing PU11
ITERATION 123 ------------- 
T5 Level 4.250703 
T7 Level 3.589460 
Closing PU11
ITERATION 124 ------------- 
T5 Level 4.219530 
T7 Level 3.589460 
Closing PU11
ITERATION 125 ------------- 
T5 Level 4.219530 
T7 Level 3.589460 
Closing PU11
ITERATION 126 ------------- 
T5 Level 4.219530 
T7 Level 3.589460 
Closing PU11
ITERATION 127 ------------- 
T5 Level 4.188356 
T7 Level 3.673141 
Closing PU11
ITERATION 128 ------------- 
T5 Level 4.188356 
T7 Level 3.673141 
Closing PU11
ITERATION 129 ------------- 
T5 Level 4.188356 
T7 Level 3.673141 
Closing PU11
ITERATION 130 ------------- 
T5 Level 4.157183 
T7 Level 3.756626 
Closing PU11
ITERATION 131 ------------- 
T5 Level 4.157183 
T7 Level 3.756626 
Closing PU11
ITERATION 132 ------------- 
T5 Level 4.157183 
T7 Level 3.756626 
Closing PU11
ITERATION 133 ------------- 
T5 Level 4.127500 
T7 Level 3.842944 
Closing PU11
ITERATION 134 ------------- 
T5 Level 4.127500 
T7 Level 3.842944 
Closing PU11
ITERATION 135 ------------- 
T5 Level 4.127500 
T7 Level 3.842944 
Closing PU11
ITERATION 136 ------------- 
T5 Level 4.127500 
T7 Level 3.929061 
Closing PU11
ITERATION 137 ------------- 
T5 Level 4.097817 
T7 Level 3.929061 
Closing PU11
ITERATION 138 ------------- 
T5 Level 4.097817 
T7 Level 3.929061 
Closing PU11
ITERATION 139 ------------- 
T5 Level 4.068134 
T7 Level 4.014977 
Closing PU11
ITERATION 140 ------------- 
T5 Level 4.068134 
T7 Level 4.014977 
Closing PU11
ITERATION 141 ------------- 
T5 Level 4.068134 
T7 Level 4.014977 
Closing PU11
ITERATION 142 ------------- 
T5 Level 4.068134 
T7 Level 4.100693 
Closing PU11
ITERATION 143 ------------- 
T5 Level 4.038451 
T7 Level 4.100693 
Closing PU11
ITERATION 144 ------------- 
T5 Level 4.038451 
T7 Level 4.100693 
Closing PU11
ITERATION 145 ------------- 
T5 Level 4.038451 
T7 Level 4.100693 
Closing PU11
ITERATION 146 ------------- 
T5 Level 4.038451 
T7 Level 4.186210 
Closing PU11
ITERATION 147 ------------- 
T5 Level 4.008768 
T7 Level 4.186210 
Closing PU11
ITERATION 148 ------------- 
T5 Level 4.008768 
T7 Level 4.186210 
Closing PU11
ITERATION 149 ------------- 
T5 Level 4.008768 
T7 Level 4.186210 
Closing PU11
ITERATION 150 ------------- 
T5 Level 3.979085 
T7 Level 4.271528 
Closing PU11
ITERATION 151 ------------- 
T5 Level 3.979085 
T7 Level 4.271528 
Closing PU11
ITERATION 152 ------------- 
T5 Level 3.979085 
T7 Level 4.271528 
Closing PU11
ITERATION 153 ------------- 
T5 Level 3.949402 
T7 Level 4.356647 
Closing PU11
ITERATION 154 ------------- 
T5 Level 3.949402 
T7 Level 4.356647 
Closing PU11
ITERATION 155 ------------- 
T5 Level 3.949402 
T7 Level 4.356647 
Closing PU11
ITERATION 156 ------------- 
T5 Level 3.949402 
T7 Level 4.441569 
Closing PU11
ITERATION 157 ------------- 
T5 Level 3.919719 
T7 Level 4.441569 
Closing PU11
ITERATION 158 ------------- 
T5 Level 3.919719 
T7 Level 4.441569 
Closing PU11
ITERATION 159 ------------- 
T5 Level 3.919719 
T7 Level 4.441569 
Closing PU11
ITERATION 160 ------------- 
T5 Level 3.919719 
T7 Level 4.526797 
Closing PU11
ITERATION 161 ------------- 
T5 Level 3.890036 
T7 Level 4.526797 
Closing PU11
ITERATION 162 ------------- 
T5 Level 3.890036 
T7 Level 4.526797 
Closing PU11
ITERATION 163 ------------- 
T5 Level 3.890036 
T7 Level 4.611835 
Closing PU11
ITERATION 164 ------------- 
T5 Level 3.860353 
T7 Level 4.611835 
Closing PU11
ITERATION 165 ------------- 
T5 Level 3.860353 
T7 Level 4.611835 
Closing PU11
ITERATION 166 ------------- 
T5 Level 3.860353 
T7 Level 4.611835 
Closing PU11
ITERATION 167 ------------- 
T5 Level 3.830670 
T7 Level 4.696682 
Closing PU11
ITERATION 168 ------------- 
T5 Level 3.830670 
T7 Level 4.696682 
Closing PU11
ITERATION 169 ------------- 
T5 Level 3.830670 
T7 Level 4.696682 
Closing PU11
ITERATION 170 ------------- 
T5 Level 3.830670 
T7 Level 4.781340 
Closing PU11
ITERATION 171 ------------- 
T5 Level 3.800987 
T7 Level 4.781340 
Closing PU11
ITERATION 172 ------------- 
T5 Level 3.800987 
T7 Level 4.781340 
Closing PU11
ITERATION 173 ------------- 
T5 Level 3.800987 
T7 Level 4.857875 
Closing PU10
Closing PU11
ITERATION 174 ------------- 
T5 Level 3.769607 
T7 Level 4.857875 
Closing PU10
Closing PU11
ITERATION 175 ------------- 
T5 Level 3.769607 
T7 Level 4.857875 
Closing PU10
Closing PU11
ITERATION 176 ------------- 
T5 Level 3.769607 
T7 Level 4.857875 
Closing PU10
Closing PU11
ITERATION 177 ------------- 
T5 Level 3.738227 
T7 Level 4.934239 
Closing PU10
Closing PU11
ITERATION 178 ------------- 
T5 Level 3.738227 
T7 Level 4.934239 
Closing PU10
Closing PU11
ITERATION 179 ------------- 
T5 Level 3.738227 
T7 Level 4.934239 
Closing PU10
Closing PU11
ITERATION 180 ------------- 
T5 Level 3.738227 
T7 Level 4.934239 
Closing PU10
Closing PU11
ITERATION 181 ------------- 
T5 Level 3.738227 
T7 Level 4.934239 
Closing PU10
Closing PU11
ITERATION 182 ------------- 
T5 Level 3.738227 
T7 Level 4.934239 
Closing PU10
Closing PU11
ITERATION 183 ------------- 
T5 Level 3.738227 
T7 Level 4.934239 
Closing PU10
Closing PU11
ITERATION 184 ------------- 
T5 Level 3.738227 
T7 Level 4.934239 
Closing PU10
Closing PU11
ITERATION 185 ------------- 
T5 Level 3.738227 
T7 Level 4.934239 
Closing PU10
Closing PU11
ITERATION 186 ------------- 
T5 Level 3.738227 
T7 Level 4.934239 
Closing PU10
Closing PU11
ITERATION 187 ------------- 
T5 Level 3.738227 
T7 Level 4.934239 
Closing PU10
Closing PU11
ITERATION 188 ------------- 
T5 Level 3.738227 
T7 Level 4.934239 
Closing PU10
Closing PU11
ITERATION 189 ------------- 
T5 Level 3.738227 
T7 Level 4.934239 
Closing PU10
Closing PU11
ITERATION 190 ------------- 
T5 Level 3.738227 
T7 Level 4.934239 
Closing PU10
Closing PU11
ITERATION 191 ------------- 
T5 Level 3.738227 
T7 Level 4.934239 
Closing PU10
Closing PU11
ITERATION 192 ------------- 
T5 Level 3.738227 
T7 Level 4.934239 
Closing PU10
Closing PU11
ITERATION 193 ------------- 
T5 Level 3.738227 
T7 Level 4.934239 
Closing PU10
Closing PU11
ITERATION 194 ------------- 
T5 Level 3.738227 
T7 Level 4.934239 
Closing PU10
Closing PU11
ITERATION 195 ------------- 
T5 Level 3.738227 
T7 Level 4.934239 
Closing PU10
Closing PU11
ITERATION 196 ------------- 
T5 Level 3.738227 
T7 Level 4.934239 
Closing PU10
Closing PU11
ITERATION 197 ------------- 
T5 Level 3.738227 
T7 Level 4.934239 
Closing PU10
Closing PU11
ITERATION 198 ------------- 
T5 Level 3.738227 
T7 Level 4.934239 
Closing PU10
Closing PU11
ITERATION 199 ------------- 
T5 Level 3.738227 
T7 Level 4.934239 
Closing PU10
Closing PU11
ITERATION 200 ------------- 
T5 Level 3.738227 
T7 Level 4.934239 
Closing PU10
Closing PU11
ITERATION 201 ------------- 
T5 Level 3.738227 
T7 Level 4.934239 
Closing PU10
Closing PU11
ITERATION 202 ------------- 
T5 Level 3.738227 
T7 Level 4.934239 
Closing PU10
Closing PU11
ITERATION 203 ------------- 
T5 Level 3.738227 
T7 Level 4.934239 
Closing PU10
Closing PU11
ITERATION 204 ------------- 
T5 Level 3.738227 
T7 Level 4.934239 
Closing PU10
Closing PU11
ITERATION 205 ------------- 
T5 Level 3.738227 
T7 Level 4.934239 
Closing PU10
Closing PU11
ITERATION 206 ------------- 
T5 Level 3.738227 
T7 Level 4.934239 
Closing PU10
Closing PU11
ITERATION 207 ------------- 
T5 Level 3.738227 
T7 Level 4.934239 
Closing PU10
Closing PU11
ITERATION 208 ------------- 
T5 Level 3.738227 
T7 Level 4.934239 
Closing PU10
Closing PU11
ITERATION 209 ------------- 
T5 Level 3.738227 
T7 Level 4.934239 
Closing PU10
Closing PU11
ITERATION 210 ------------- 
T5 Level 3.738227 
T7 Level 4.934239 
Closing PU10
Closing PU11
ITERATION 211 ------------- 
T5 Level 3.738227 
T7 Level 4.934239 
Closing PU10
Closing PU11
ITERATION 212 ------------- 
T5 Level 3.738227 
T7 Level 4.934239 
Closing PU10
Closing PU11
ITERATION 213 ------------- 
T5 Level 3.738227 
T7 Level 4.934239 
Closing PU10
Closing PU11
ITERATION 214 ------------- 
T5 Level 3.738227 
T7 Level 4.934239 
Closing PU10
Closing PU11
ITERATION 215 ------------- 
T5 Level 3.738227 
T7 Level 4.934239 
Closing PU10
Closing PU11
ITERATION 216 ------------- 
T5 Level 3.738227 
T7 Level 4.934239 
Closing PU10
Closing PU11
ITERATION 217 ------------- 
T5 Level 3.738227 
T7 Level 4.934239 
Closing PU10
Closing PU11
ITERATION 218 ------------- 
T5 Level 3.738227 
T7 Level 4.934239 
Closing PU10
Closing PU11
ITERATION 219 ------------- 
T5 Level 3.738227 
T7 Level 4.934239 
Closing PU10
Closing PU11
ITERATION 220 ------------- 
T5 Level 3.738227 
T7 Level 4.934239 
Closing PU10
Closing PU11
ITERATION 221 ------------- 
T5 Level 3.738227 
T7 Level 4.934239 
Closing PU10
Closing PU11
ITERATION 222 ------------- 
T5 Level 3.738227 
T7 Level 4.934239 
Closing PU10
Closing PU11
DEBUG plc5 shutdown
plc5
Stopping Tcp dump process on PLC...
Stopping PLC...
