                T4:1              <= [2.5]: 'OK'
                T4:1[    0-0    ] <= [2.5]
                T4:1              <= [2.5]: 'OK'
                T4:1[    0-0    ] <= [2.5]
                T4:1[    0-0    ] <= [2.5]
                T4:1              <= [2.5]: 'OK'
                T4:1              <= [2.5]: 'OK'
                T4:1[    0-0    ] <= [2.5]
                T4:1              <= [2.5]: 'OK'
                T4:1[    0-0    ] <= [2.5]
                T4:1              <= [2.5]: 'OK'
                T4:1[    0-0    ] <= [2.5]
                T4:1[    0-0    ] <= [2.5]
                T4:1              <= [2.5]: 'OK'
                T4:1              <= [2.5]: 'OK'
                T4:1[    0-0    ] <= [2.5]
                T4:1              <= [2.5]: 'OK'
                T4:1[    0-0    ] <= [2.5]
                T4:1              <= [2.5]: 'OK'
                T4:1[    0-0    ] <= [2.5]
                T4:1              <= [2.5]: 'OK'
                T4:1[    0-0    ] <= [2.5]
                T4:1              <= [2.5]: 'OK'
                T4:1[    0-0    ] <= [2.5]
                T4:1              <= [2.5]: 'OK'
                T4:1[    0-0    ] <= [2.5]
                T4:1              <= [2.5]: 'OK'
                T4:1[    0-0    ] <= [2.5]
                T4:1              <= [2.5]: 'OK'
                T4:1[    0-0    ] <= [2.5]
                T4:1              <= [2.5]: 'OK'
                T4:1[    0-0    ] <= [2.5]
                T4:1[    0-0    ] <= [2.5]
                T4:1              <= [2.5]: 'OK'
                T4:1              <= [2.5]: 'OK'
                T4:1[    0-0    ] <= [2.5]
                T4:1[    0-0    ] <= [2.5]
                T4:1              <= [2.5]: 'OK'
                T4:1              <= [0.552033826664825]: 'OK'
                T4:1[    0-0    ] <= [0.5520338416099548]
                T4:1              <= [0.552033826664825]: 'OK'
                T4:1[    0-0    ] <= [0.5520338416099548]
                T4:1              <= [0.552033826664825]: 'OK'
                T4:1[    0-0    ] <= [0.5520338416099548]
                T4:1              <= [0.552033826664825]: 'OK'
                T4:1[    0-0    ] <= [0.5520338416099548]
                T4:1              <= [0.552033826664825]: 'OK'
                T4:1[    0-0    ] <= [0.5520338416099548]
                T4:1              <= [0.552033826664825]: 'OK'
                T4:1[    0-0    ] <= [0.5520338416099548]
                T4:1              <= [0.552033826664825]: 'OK'
                T4:1[    0-0    ] <= [0.5520338416099548]
                T4:1              <= [0.601390996922703]: 'OK'
                T4:1[    0-0    ] <= [0.6013910174369812]
                T4:1              <= [0.601390996922703]: 'OK'
                T4:1[    0-0    ] <= [0.6013910174369812]
                T4:1              <= [0.601390996922703]: 'OK'
                T4:1[    0-0    ] <= [0.6013910174369812]
                T4:1              <= [0.601390996922703]: 'OK'
                T4:1[    0-0    ] <= [0.6013910174369812]
                T4:1              <= [0.601390996922703]: 'OK'
                T4:1[    0-0    ] <= [0.6013910174369812]
                T4:1              <= [0.601390996922703]: 'OK'
                T4:1[    0-0    ] <= [0.6013910174369812]
                T4:1              <= [0.601390996922703]: 'OK'
                T4:1[    0-0    ] <= [0.6013910174369812]
                T4:1              <= [0.601390996922703]: 'OK'
                T4:1[    0-0    ] <= [0.6013910174369812]
                T4:1              <= [0.650653299772415]: 'OK'
                T4:1[    0-0    ] <= [0.6506533026695251]
                T4:1              <= [0.650653299772415]: 'OK'
                T4:1[    0-0    ] <= [0.6506533026695251]
                T4:1              <= [0.650653299772415]: 'OK'
                T4:1[    0-0    ] <= [0.6506533026695251]
                T4:1              <= [0.650653299772415]: 'OK'
                T4:1[    0-0    ] <= [0.6506533026695251]
                T4:1              <= [0.650653299772415]: 'OK'
                T4:1[    0-0    ] <= [0.6506533026695251]
                T4:1              <= [0.650653299772415]: 'OK'
                T4:1[    0-0    ] <= [0.6506533026695251]
                T4:1              <= [0.650653299772415]: 'OK'
                T4:1[    0-0    ] <= [0.6506533026695251]
                T4:1              <= [0.650653299772415]: 'OK'
                T4:1[    0-0    ] <= [0.6506533026695251]
                T4:1[    0-0    ] <= [0.7552350759506226]
                T4:1              <= [0.755235054745867]: 'OK'
                T4:1              <= [0.755235054745867]: 'OK'
                T4:1[    0-0    ] <= [0.7552350759506226]
                T4:1              <= [0.755235054745867]: 'OK'
                T4:1[    0-0    ] <= [0.7552350759506226]
                T4:1              <= [0.755235054745867]: 'OK'
                T4:1[    0-0    ] <= [0.7552350759506226]
                T4:1              <= [0.755235054745867]: 'OK'
                T4:1[    0-0    ] <= [0.7552350759506226]
                T4:1              <= [0.755235054745867]: 'OK'
                T4:1[    0-0    ] <= [0.7552350759506226]
                T4:1              <= [0.755235054745867]: 'OK'
                T4:1[    0-0    ] <= [0.7552350759506226]
                T4:1              <= [0.85955862295117]: 'OK'
                T4:1[    0-0    ] <= [0.859558641910553]
                T4:1              <= [0.85955862295117]: 'OK'
                T4:1[    0-0    ] <= [0.859558641910553]
                T4:1              <= [0.85955862295117]: 'OK'
                T4:1[    0-0    ] <= [0.859558641910553]
                T4:1              <= [0.85955862295117]: 'OK'
                T4:1[    0-0    ] <= [0.859558641910553]
                T4:1              <= [0.85955862295117]: 'OK'
                T4:1[    0-0    ] <= [0.859558641910553]
                T4:1              <= [0.85955862295117]: 'OK'
                T4:1[    0-0    ] <= [0.859558641910553]
                T4:1              <= [0.85955862295117]: 'OK'
                T4:1[    0-0    ] <= [0.859558641910553]
                T4:1              <= [0.85955862295117]: 'OK'
                T4:1[    0-0    ] <= [0.859558641910553]
                T4:1              <= [0.85955862295117]: 'OK'
                T4:1[    0-0    ] <= [0.859558641910553]
                T4:1              <= [0.963624115177169]: 'OK'
                T4:1[    0-0    ] <= [0.963624119758606]
                T4:1              <= [0.963624115177169]: 'OK'
                T4:1[    0-0    ] <= [0.963624119758606]
                T4:1              <= [0.963624115177169]: 'OK'
                T4:1[    0-0    ] <= [0.963624119758606]
                T4:1              <= [0.963624115177169]: 'OK'
                T4:1[    0-0    ] <= [0.963624119758606]
                T4:1              <= [0.963624115177169]: 'OK'
                T4:1[    0-0    ] <= [0.963624119758606]
                T4:1              <= [0.963624115177169]: 'OK'
                T4:1[    0-0    ] <= [0.963624119758606]
                T4:1              <= [0.963624115177169]: 'OK'
                T4:1[    0-0    ] <= [0.963624119758606]
                T4:1              <= [0.963624115177169]: 'OK'
                T4:1[    0-0    ] <= [0.963624119758606]
                T4:1              <= [1.06743164258933]: 'OK'
                T4:1[    0-0    ] <= [1.0674316883087158]
                T4:1              <= [1.06743164258933]: 'OK'
                T4:1[    0-0    ] <= [1.0674316883087158]
                T4:1              <= [1.06743164258933]: 'OK'
                T4:1[    0-0    ] <= [1.0674316883087158]
                T4:1              <= [1.06743164258933]: 'OK'
                T4:1[    0-0    ] <= [1.0674316883087158]
                T4:1              <= [1.06743164258933]: 'OK'
                T4:1[    0-0    ] <= [1.0674316883087158]
                T4:1              <= [1.06743164258933]: 'OK'
                T4:1[    0-0    ] <= [1.0674316883087158]
DEBUG get_query: SELECT value FROM ctown WHERE name = ? AND pid = ?
DEBUG set_query: UPDATE ctown SET value = ? WHERE name = ? AND pid = ?
DEBUG EnipProtocol server addr:  192.168.1.1
DEBUG: concatenating server address with default port.
DEBUG enip server tags_string:  T4:1=REAL ATT_1:1=REAL ATT_2:1=REAL 
DEBUG enip _start_server cmd:  ['/usr/bin/python', '-m', 'cpppo.server.enip', '--print', '--log', 'logs/protocols_tests_enip_server', '--address', '192.168.1.1:44818', 'T4:1=REAL', 'ATT_1:1=REAL', 'ATT_2:1=REAL']
DEBUG: plc6 enters pre_loop
Tank Level 2.500000 
ITERATION 1 ------------- 
Tank Level 2.500000 
ITERATION 2 ------------- 
Tank Level 2.500000 
ITERATION 3 ------------- 
Tank Level 2.500000 
ITERATION 4 ------------- 
Tank Level 2.500000 
ITERATION 5 ------------- 
Tank Level 2.500000 
ITERATION 6 ------------- 
Tank Level 2.500000 
ITERATION 7 ------------- 
Tank Level 2.500000 
ITERATION 8 ------------- 
Tank Level 2.500000 
ITERATION 9 ------------- 
Tank Level 2.500000 
ITERATION 10 ------------- 
Tank Level 2.500000 
ITERATION 11 ------------- 
Tank Level 2.500000 
ITERATION 12 ------------- 
Tank Level 2.500000 
ITERATION 13 ------------- 
Tank Level 2.500000 
ITERATION 14 ------------- 
Tank Level 2.500000 
ITERATION 15 ------------- 
Tank Level 2.500000 
ITERATION 16 ------------- 
Tank Level 2.500000 
ITERATION 17 ------------- 
Tank Level 2.500000 
ITERATION 18 ------------- 
Tank Level 2.500000 
ITERATION 19 ------------- 
Tank Level 0.552034 
ITERATION 20 ------------- 
Tank Level 0.552034 
ITERATION 21 ------------- 
Tank Level 0.552034 
ITERATION 22 ------------- 
Tank Level 0.552034 
ITERATION 23 ------------- 
Tank Level 0.552034 
ITERATION 24 ------------- 
Tank Level 0.552034 
ITERATION 25 ------------- 
Tank Level 0.552034 
ITERATION 26 ------------- 
Tank Level 0.601391 
ITERATION 27 ------------- 
Tank Level 0.601391 
ITERATION 28 ------------- 
Tank Level 0.601391 
ITERATION 29 ------------- 
Tank Level 0.601391 
ITERATION 30 ------------- 
Tank Level 0.601391 
ITERATION 31 ------------- 
Tank Level 0.601391 
ITERATION 32 ------------- 
Tank Level 0.601391 
ITERATION 33 ------------- 
Tank Level 0.601391 
ITERATION 34 ------------- 
Tank Level 0.650653 
ITERATION 35 ------------- 
Tank Level 0.650653 
ITERATION 36 ------------- 
Tank Level 0.650653 
ITERATION 37 ------------- 
Tank Level 0.650653 
ITERATION 38 ------------- 
Tank Level 0.650653 
ITERATION 39 ------------- 
Tank Level 0.650653 
ITERATION 40 ------------- 
Tank Level 0.650653 
ITERATION 41 ------------- 
Tank Level 0.650653 
ITERATION 42 ------------- 
Tank Level 0.755235 
ITERATION 43 ------------- 
Tank Level 0.755235 
ITERATION 44 ------------- 
Tank Level 0.755235 
ITERATION 45 ------------- 
Tank Level 0.755235 
ITERATION 46 ------------- 
Tank Level 0.755235 
ITERATION 47 ------------- 
Tank Level 0.755235 
ITERATION 48 ------------- 
Tank Level 0.755235 
ITERATION 49 ------------- 
Tank Level 0.859559 
ITERATION 50 ------------- 
Tank Level 0.859559 
ITERATION 51 ------------- 
Tank Level 0.859559 
ITERATION 52 ------------- 
Tank Level 0.859559 
ITERATION 53 ------------- 
Tank Level 0.859559 
ITERATION 54 ------------- 
Tank Level 0.859559 
ITERATION 55 ------------- 
Tank Level 0.859559 
ITERATION 56 ------------- 
Tank Level 0.859559 
ITERATION 57 ------------- 
Tank Level 0.859559 
ITERATION 58 ------------- 
Tank Level 0.963624 
ITERATION 59 ------------- 
Tank Level 0.963624 
ITERATION 60 ------------- 
Tank Level 0.963624 
ITERATION 61 ------------- 
Tank Level 0.963624 
ITERATION 62 ------------- 
Tank Level 0.963624 
ITERATION 63 ------------- 
Tank Level 0.963624 
ITERATION 64 ------------- 
Tank Level 0.963624 
ITERATION 65 ------------- 
Tank Level 0.963624 
ITERATION 66 ------------- 
Tank Level 1.067432 
ITERATION 67 ------------- 
Tank Level 1.067432 
ITERATION 68 ------------- 
Tank Level 1.067432 
ITERATION 69 ------------- 
Tank Level 1.067432 
ITERATION 70 ------------- 
Tank Level 1.067432 
ITERATION 71 ------------- 
Tank Level 1.067432 
ITERATION 72 ------------- 
Tank Level 1.067432 
ITERATI                T4:1              <= [1.06743164258933]: 'OK'
                T4:1[    0-0    ] <= [1.0674316883087158]
                T4:1              <= [1.170981316731]: 'OK'
                T4:1[    0-0    ] <= [1.1709812879562378]
                T4:1              <= [1.170981316731]: 'OK'
                T4:1[    0-0    ] <= [1.1709812879562378]
                T4:1              <= [1.170981316731]: 'OK'
                T4:1[    0-0    ] <= [1.1709812879562378]
                T4:1[    0-0    ] <= [1.1709812879562378]
                T4:1              <= [1.170981316731]: 'OK'
                T4:1              <= [1.170981316731]: 'OK'
                T4:1[    0-0    ] <= [1.1709812879562378]
                T4:1              <= [1.170981316731]: 'OK'
                T4:1[    0-0    ] <= [1.1709812879562378]
                T4:1[    0-0    ] <= [1.1709812879562378]
                T4:1              <= [1.170981316731]: 'OK'
                T4:1[    0-0    ] <= [1.1709812879562378]
                T4:1              <= [1.170981316731]: 'OK'
                T4:1              <= [1.170981316731]: 'OK'
                T4:1[    0-0    ] <= [1.1709812879562378]
                T4:1              <= [1.27427324952467]: 'OK'
                T4:1[    0-0    ] <= [1.2742732763290405]
                T4:1[    0-0    ] <= [1.2742732763290405]
                T4:1              <= [1.27427324952467]: 'OK'
                T4:1              <= [1.27427324952467]: 'OK'
                T4:1[    0-0    ] <= [1.2742732763290405]
                T4:1              <= [1.27427324952467]: 'OK'
                T4:1[    0-0    ] <= [1.2742732763290405]
                T4:1              <= [1.27427324952467]: 'OK'
                T4:1[    0-0    ] <= [1.2742732763290405]
                T4:1[    0-0    ] <= [1.2742732763290405]
                T4:1              <= [1.27427324952467]: 'OK'
                T4:1              <= [1.27427324952467]: 'OK'
                T4:1[    0-0    ] <= [1.2742732763290405]
                T4:1[    0-0    ] <= [1.2742732763290405]
                T4:1              <= [1.27427324952467]: 'OK'
                T4:1              <= [1.37730755327311]: 'OK'
                T4:1[    0-0    ] <= [1.3773075342178345]
                T4:1              <= [1.37730755327311]: 'OK'
                T4:1[    0-0    ] <= [1.3773075342178345]
                T4:1              <= [1.37730755327311]: 'OK'
                T4:1[    0-0    ] <= [1.3773075342178345]
                T4:1              <= [1.37730755327311]: 'OK'
                T4:1[    0-0    ] <= [1.3773075342178345]
                T4:1              <= [1.37730755327311]: 'OK'
                T4:1[    0-0    ] <= [1.3773075342178345]
                T4:1              <= [1.37730755327311]: 'OK'
                T4:1[    0-0    ] <= [1.3773075342178345]
                T4:1              <= [1.37730755327311]: 'OK'
                T4:1[    0-0    ] <= [1.3773075342178345]
                T4:1              <= [1.48008434066068]: 'OK'
                T4:1[    0-0    ] <= [1.4800843000411987]
                T4:1              <= [1.48008434066068]: 'OK'
                T4:1[    0-0    ] <= [1.4800843000411987]
                T4:1[    0-0    ] <= [1.4800843000411987]
                T4:1              <= [1.48008434066068]: 'OK'
                T4:1              <= [1.48008434066068]: 'OK'
                T4:1[    0-0    ] <= [1.4800843000411987]
                T4:1              <= [1.48008434066068]: 'OK'
                T4:1[    0-0    ] <= [1.4800843000411987]
                T4:1              <= [1.48008434066068]: 'OK'
                T4:1[    0-0    ] <= [1.4800843000411987]
                T4:1              <= [1.48008434066068]: 'OK'
                T4:1[    0-0    ] <= [1.4800843000411987]
                T4:1              <= [1.48008434066068]: 'OK'
                T4:1[    0-0    ] <= [1.4800843000411987]
                T4:1              <= [1.48008434066068]: 'OK'
                T4:1[    0-0    ] <= [1.4800843000411987]
                T4:1              <= [1.48008434066068]: 'OK'
                T4:1[    0-0    ] <= [1.4800843000411987]
                T4:1              <= [1.58260372475453]: 'OK'
                T4:1[    0-0    ] <= [1.5826036930084229]
                T4:1              <= [1.58260372475453]: 'OK'
                T4:1[    0-0    ] <= [1.5826036930084229]
                T4:1              <= [1.58260372475453]: 'OK'
                T4:1[    0-0    ] <= [1.5826036930084229]
                T4:1              <= [1.58260372475453]: 'OK'
                T4:1[    0-0    ] <= [1.5826036930084229]
                T4:1              <= [1.58260372475453]: 'OK'
                T4:1[    0-0    ] <= [1.5826036930084229]
                T4:1              <= [1.58260372475453]: 'OK'
                T4:1[    0-0    ] <= [1.5826036930084229]
                T4:1              <= [1.58260372475453]: 'OK'
                T4:1[    0-0    ] <= [1.5826036930084229]
                T4:1[    0-0    ] <= [1.5826036930084229]
                T4:1              <= [1.58260372475453]: 'OK'
                T4:1              <= [1.68486581900584]: 'OK'
                T4:1[    0-0    ] <= [1.6848658323287964]
                T4:1              <= [1.68486581900584]: 'OK'
                T4:1[    0-0    ] <= [1.6848658323287964]
                T4:1              <= [1.68486581900584]: 'OK'
                T4:1[    0-0    ] <= [1.6848658323287964]
                T4:1[    0-0    ] <= [1.6848658323287964]
                T4:1              <= [1.68486581900584]: 'OK'
                T4:1              <= [1.68486581900584]: 'OK'
                T4:1[    0-0    ] <= [1.6848658323287964]
                T4:1              <= [1.68486581900584]: 'OK'
                T4:1[    0-0    ] <= [1.6848658323287964]
                T4:1              <= [1.68486581900584]: 'OK'
                T4:1[    0-0    ] <= [1.6848658323287964]
                T4:1              <= [1.68486581900584]: 'OK'
                T4:1[    0-0    ] <= [1.6848658323287964]
                T4:1              <= [1.78827575532551]: 'OK'
                T4:1[    0-0    ] <= [1.7882757186889648]
                T4:1              <= [1.78827575532551]: 'OK'
                T4:1[    0-0    ] <= [1.7882757186889648]
                T4:1              <= [1.78827575532551]: 'OK'
                T4:1[    0-0    ] <= [1.7882757186889648]
                T4:1              <= [1.78827575532551]: 'OK'
                T4:1[    0-0    ] <= [1.7882757186889648]
                T4:1              <= [1.78827575532551]: 'OK'
                T4:1[    0-0    ] <= [1.7882757186889648]
                T4:1              <= [1.78827575532551]: 'OK'
                T4:1[    0-0    ] <= [1.7882757186889648]
                T4:1              <= [1.78827575532551]: 'OK'
                T4:1[    0-0    ] <= [1.7882757186889648]
                T4:1              <= [1.78827575532551]: 'OK'
                T4:1[    0-0    ] <= [1.7882757186889648]
                T4:1              <= [1.78827575532551]: 'OK'
                T4:1[    0-0    ] <= [1.7882757186889648]
                T4:1              <= [1.89142667625254]: 'OK'
                T4:1[    0-0    ] <= [1.891426682472229]
                T4:1              <= [1.89142667625254]: 'OK'
                T4:1[    0-0    ] <= [1.891426682472229]
                T4:1              <= [1.89142667625254]: 'OK'
                T4:1[    0-0    ] <= [1.891426682472229]
                T4:1              <= [1.89142667625254]: 'OK'
                T4:1[    0-0    ] <= [1.891426682472229]
                T4:1              <= [1.89142667625254]: 'OK'
                T4:1[    0-0    ] <= [1.891426682472229]
                T4:1              <= [1.89142667625254]: 'OK'
                T4:1[    0-0    ] <= [1.891426682472229]
                T4:1              <= [1.89142667625254]: 'OK'
                T4:1[    0-0    ] <= [1.891426682472229]
                T4:1              <= [1.89142667625254]: 'OK'
                T4:1[    0-0    ] <= [1.891426682472229]
                T4:1              <= [1.89142667625254]: 'OK'
                T4:1[    0-0    ] <= [1.891426682472229]
                T4:1              <= [1.99431869436572]: 'OK'
                T4:1[    0-0    ] <= [1.9943187236785889]
                T4:1              <= [1.99431869436572]: 'OK'
                T4:1[    0-0    ] <= [1.9943187236785889]
                T4:1              <= [1.99431869436572]: 'OK'
                T4:1[    0-0    ] <= [1.9943187236785889]
                T4:1              <= [1.99431869436572]: 'OK'
                T4:1[    0-0    ] <= [1.9943187236785889]
                T4:1              <= [1.99431869436572]: 'OK'
                T4:1[    0-0    ] <= [1.9943187236785889]
                T4:1              <= [1.99431869436572]: 'OK'
                T4:1[    0-0    ] <= [1.9943187236785889]
                T4:1              <= [1.99431869436572]: 'OK'
                T4:1[    0-0    ] <= [1.9943187236785889]
                T4:1              <= [1.99431869436572]: 'OK'
                T4:1[    0-0    ] <= [1.9943187236785889]
                T4:1              <= [1.99431869436572]: 'OK'
                T4:1[    0-0    ] <= [1.9943187236785889]
                T4:1              <= [2.09695192263274]: 'OK'
                T4:1[    0-0    ] <= [2.096951961517334]
                T4:1              <= [2.09695192263274]: 'OK'
                T4:1[    0-0    ] <= [2.096951961517334]
                T4:1              <= [2.09695192263274]: 'OK'
                T4:1[    0-0    ] <= [2.096951961517334]
                T4:1              <= [2.09695192263274]: 'OK'
                T4:1[    0-0    ] <= [2.096951961517334]
                T4:1              <= [2.09695192263274]: 'OK'
                T4:1[    0-0    ] <= [2.096951961517334]
ON 73 ------------- 
Tank Level 1.170981 
ITERATION 74 ------------- 
Tank Level 1.170981 
ITERATION 75 ------------- 
Tank Level 1.170981 
ITERATION 76 ------------- 
Tank Level 1.170981 
ITERATION 77 ------------- 
Tank Level 1.170981 
ITERATION 78 ------------- 
Tank Level 1.170981 
ITERATION 79 ------------- 
Tank Level 1.170981 
ITERATION 80 ------------- 
Tank Level 1.170981 
ITERATION 81 ------------- 
Tank Level 1.170981 
ITERATION 82 ------------- 
Tank Level 1.274273 
ITERATION 83 ------------- 
Tank Level 1.274273 
ITERATION 84 ------------- 
Tank Level 1.274273 
ITERATION 85 ------------- 
Tank Level 1.274273 
ITERATION 86 ------------- 
Tank Level 1.274273 
ITERATION 87 ------------- 
Tank Level 1.274273 
ITERATION 88 ------------- 
Tank Level 1.274273 
ITERATION 89 ------------- 
Tank Level 1.274273 
ITERATION 90 ------------- 
Tank Level 1.377308 
ITERATION 91 ------------- 
Tank Level 1.377308 
ITERATION 92 ------------- 
Tank Level 1.377308 
ITERATION 93 ------------- 
Tank Level 1.377308 
ITERATION 94 ------------- 
Tank Level 1.377308 
ITERATION 95 ------------- 
Tank Level 1.377308 
ITERATION 96 ------------- 
Tank Level 1.377308 
ITERATION 97 ------------- 
Tank Level 1.480084 
ITERATION 98 ------------- 
Tank Level 1.480084 
ITERATION 99 ------------- 
Tank Level 1.480084 
ITERATION 100 ------------- 
Tank Level 1.480084 
ITERATION 101 ------------- 
Tank Level 1.480084 
ITERATION 102 ------------- 
Tank Level 1.480084 
ITERATION 103 ------------- 
Tank Level 1.480084 
ITERATION 104 ------------- 
Tank Level 1.480084 
ITERATION 105 ------------- 
Tank Level 1.480084 
ITERATION 106 ------------- 
Tank Level 1.480084 
ITERATION 107 ------------- 
Tank Level 1.582604 
ITERATION 108 ------------- 
Tank Level 1.582604 
ITERATION 109 ------------- 
Tank Level 1.582604 
ITERATION 110 ------------- 
Tank Level 1.582604 
ITERATION 111 ------------- 
Tank Level 1.582604 
ITERATION 112 ------------- 
Tank Level 1.582604 
ITERATION 113 ------------- 
Tank Level 1.582604 
ITERATION 114 ------------- 
Tank Level 1.582604 
ITERATION 115 ------------- 
Tank Level 1.684866 
ITERATION 116 ------------- 
Tank Level 1.684866 
ITERATION 117 ------------- 
Tank Level 1.684866 
ITERATION 118 ------------- 
Tank Level 1.684866 
ITERATION 119 ------------- 
Tank Level 1.684866 
ITERATION 120 ------------- 
Tank Level 1.684866 
ITERATION 121 ------------- 
Tank Level 1.684866 
ITERATION 122 ------------- 
Tank Level 1.684866 
ITERATION 123 ------------- 
Tank Level 1.788276 
ITERATION 124 ------------- 
Tank Level 1.788276 
ITERATION 125 ------------- 
Tank Level 1.788276 
ITERATION 126 ------------- 
Tank Level 1.788276 
ITERATION 127 ------------- 
Tank Level 1.788276 
ITERATION 128 ------------- 
Tank Level 1.788276 
ITERATION 129 ------------- 
Tank Level 1.788276 
ITERATION 130 ------------- 
Tank Level 1.788276 
ITERATION 131 ------------- 
Tank Level 1.788276 
ITERATION 132 ------------- 
Tank Level 1.891427 
ITERATION 133 ------------- 
Tank Level 1.891427 
ITERATION 134 ------------- 
Tank Level 1.891427 
ITERATION 135 ------------- 
Tank Level 1.891427 
ITERATION 136 ------------- 
Tank Level 1.891427 
ITERATION 137 ------------- 
Tank Level 1.891427 
ITERATION 138 ------------- 
Tank Level 1.891427 
ITERATION 139 ------------- 
Tank Level 1.891427 
ITERATION 140 ------------- 
Tank Level 1.891427 
ITERATION 141 ------------- 
Tank Level 1.994319 
ITERATION 142 ------------- 
Tank Level 1.994319 
ITERATION 143 ------------- 
Tank Level 1.994319 
ITERATION 144 ------------- 
Tank Level 1.994319 
ITERATION 145 ------------- 
Tank Level 1.994319 
ITERATION 146 ------------- 
Tank Level 1.994319 
ITERATION 147 ------------- 
Tank Level 1.994319 
ITERATION 148 ------------- 
Tank Level 1.994319 
ITERATION 149 ------------- 
Tank Level 1.994319 
ITERATION 150 ------------- 
Tank Level 2.096952 
ITERATION 151 ------------- 
Tank Level 2.096952 
ITERATION 152 ------------- 
Tank Level 2.096952 
ITERATION 153 ------------- 
Tank Level 2.096952 
ITERATION 154 ------------- 
Tank Level 2.096952 
ITERATION 155 ------------- 
T                T4:1              <= [2.09695192263274]: 'OK'
                T4:1[    0-0    ] <= [2.096951961517334]
                T4:1              <= [2.09695192263274]: 'OK'
                T4:1[    0-0    ] <= [2.096951961517334]
                T4:1              <= [2.09695192263274]: 'OK'
                T4:1[    0-0    ] <= [2.096951961517334]
                T4:1              <= [2.09695192263274]: 'OK'
                T4:1[    0-0    ] <= [2.096951961517334]
                T4:1[    0-0    ] <= [2.199326515197754]
                T4:1              <= [2.19932647441135]: 'OK'
                T4:1[    0-0    ] <= [2.199326515197754]
                T4:1              <= [2.19932647441135]: 'OK'
                T4:1              <= [2.19932647441135]: 'OK'
                T4:1[    0-0    ] <= [2.199326515197754]
                T4:1              <= [2.19932647441135]: 'OK'
                T4:1[    0-0    ] <= [2.199326515197754]
                T4:1              <= [2.19932647441135]: 'OK'
                T4:1[    0-0    ] <= [2.199326515197754]
                T4:1              <= [2.19932647441135]: 'OK'
                T4:1[    0-0    ] <= [2.199326515197754]
                T4:1[    0-0    ] <= [2.199326515197754]
                T4:1              <= [2.19932647441135]: 'OK'
                T4:1              <= [2.19932647441135]: 'OK'
                T4:1[    0-0    ] <= [2.199326515197754]
                T4:1              <= [2.19932647441135]: 'OK'
                T4:1[    0-0    ] <= [2.199326515197754]
                T4:1[    0-0    ] <= [2.199326515197754]
                T4:1              <= [2.19932647441135]: 'OK'
                T4:1[    0-0    ] <= [2.3014423847198486]
                T4:1              <= [2.30144246345074]: 'OK'
                T4:1              <= [2.30144246345074]: 'OK'
                T4:1[    0-0    ] <= [2.3014423847198486]
                T4:1              <= [2.30144246345074]: 'OK'
                T4:1[    0-0    ] <= [2.3014423847198486]
                T4:1              <= [2.30144246345074]: 'OK'
                T4:1[    0-0    ] <= [2.3014423847198486]
                T4:1[    0-0    ] <= [2.3014423847198486]
                T4:1              <= [2.30144246345074]: 'OK'
                T4:1              <= [2.30144246345074]: 'OK'
                T4:1[    0-0    ] <= [2.3014423847198486]
                T4:1              <= [2.30144246345074]: 'OK'
                T4:1[    0-0    ] <= [2.3014423847198486]
                T4:1              <= [2.30144246345074]: 'OK'
                T4:1[    0-0    ] <= [2.3014423847198486]
                T4:1              <= [2.40330000389275]: 'OK'
                T4:1[    0-0    ] <= [2.4033000469207764]
                T4:1              <= [2.40330000389275]: 'OK'
                T4:1[    0-0    ] <= [2.4033000469207764]
                T4:1              <= [2.40330000389275]: 'OK'
                T4:1[    0-0    ] <= [2.4033000469207764]
                T4:1[    0-0    ] <= [2.4033000469207764]
                T4:1              <= [2.40330000389275]: 'OK'
                T4:1              <= [2.40330000389275]: 'OK'
                T4:1[    0-0    ] <= [2.4033000469207764]
                T4:1              <= [2.40330000389275]: 'OK'
                T4:1[    0-0    ] <= [2.4033000469207764]
                T4:1              <= [2.40330000389275]: 'OK'
                T4:1[    0-0    ] <= [2.4033000469207764]
                T4:1              <= [2.40330000389275]: 'OK'
                T4:1[    0-0    ] <= [2.4033000469207764]
                T4:1              <= [2.40330000389275]: 'OK'
                T4:1[    0-0    ] <= [2.4033000469207764]
                T4:1              <= [2.50489921027318]: 'OK'
                T4:1[    0-0    ] <= [2.504899263381958]
                T4:1[    0-0    ] <= [2.504899263381958]
                T4:1              <= [2.50489921027318]: 'OK'
                T4:1              <= [2.50489921027318]: 'OK'
                T4:1[    0-0    ] <= [2.504899263381958]
                T4:1              <= [2.50489921027318]: 'OK'
                T4:1[    0-0    ] <= [2.504899263381958]
                T4:1[    0-0    ] <= [2.504899263381958]
                T4:1              <= [2.50489921027318]: 'OK'
                T4:1[    0-0    ] <= [2.504899263381958]
                T4:1              <= [2.50489921027318]: 'OK'
                T4:1              <= [2.50489921027318]: 'OK'
                T4:1[    0-0    ] <= [2.504899263381958]
                T4:1[    0-0    ] <= [2.504899263381958]
                T4:1              <= [2.50489921027318]: 'OK'
                T4:1              <= [2.50489921027318]: 'OK'
                T4:1[    0-0    ] <= [2.504899263381958]
                T4:1              <= [2.60624019752314]: 'OK'
                T4:1[    0-0    ] <= [2.6062402725219727]
                T4:1              <= [2.60624019752314]: 'OK'
                T4:1[    0-0    ] <= [2.6062402725219727]
                T4:1              <= [2.60624019752314]: 'OK'
                T4:1[    0-0    ] <= [2.6062402725219727]
                T4:1              <= [2.60624019752314]: 'OK'
                T4:1[    0-0    ] <= [2.6062402725219727]
                T4:1              <= [2.60624019752314]: 'OK'
                T4:1[    0-0    ] <= [2.6062402725219727]
                T4:1[    0-0    ] <= [2.6062402725219727]
                T4:1              <= [2.60624019752314]: 'OK'
                T4:1[    0-0    ] <= [2.6062402725219727]
                T4:1              <= [2.60624019752314]: 'OK'
                T4:1              <= [2.60624019752314]: 'OK'
                T4:1[    0-0    ] <= [2.6062402725219727]
                T4:1              <= [2.7073230809703]: 'OK'
                T4:1[    0-0    ] <= [2.7073230743408203]
                T4:1              <= [2.7073230809703]: 'OK'
                T4:1[    0-0    ] <= [2.7073230743408203]
                T4:1              <= [2.7073230809703]: 'OK'
                T4:1[    0-0    ] <= [2.7073230743408203]
                T4:1              <= [2.7073230809703]: 'OK'
                T4:1[    0-0    ] <= [2.7073230743408203]
                T4:1              <= [2.7073230809703]: 'OK'
                T4:1[    0-0    ] <= [2.7073230743408203]
                T4:1              <= [2.7073230809703]: 'OK'
                T4:1[    0-0    ] <= [2.7073230743408203]
                T4:1              <= [2.7073230809703]: 'OK'
                T4:1[    0-0    ] <= [2.7073230743408203]
                T4:1              <= [2.7073230809703]: 'OK'
                T4:1[    0-0    ] <= [2.7073230743408203]
                T4:1              <= [2.7073230809703]: 'OK'
                T4:1[    0-0    ] <= [2.7073230743408203]
                T4:1              <= [2.80814797634019]: 'OK'
                T4:1[    0-0    ] <= [2.80814790725708]
                T4:1              <= [2.80814797634019]: 'OK'
                T4:1[    0-0    ] <= [2.80814790725708]
                T4:1              <= [2.80814797634019]: 'OK'
                T4:1[    0-0    ] <= [2.80814790725708]
                T4:1[    0-0    ] <= [2.80814790725708]
                T4:1              <= [2.80814797634019]: 'OK'
                T4:1              <= [2.80814797634019]: 'OK'
                T4:1[    0-0    ] <= [2.80814790725708]
                T4:1              <= [2.80814797634019]: 'OK'
                T4:1[    0-0    ] <= [2.80814790725708]
                T4:1[    0-0    ] <= [2.80814790725708]
                T4:1              <= [2.80814797634019]: 'OK'
                T4:1              <= [2.83396017901734]: 'OK'
                T4:1[    0-0    ] <= [2.8339602947235107]
                T4:1              <= [2.83396017901734]: 'OK'
                T4:1[    0-0    ] <= [2.8339602947235107]
                T4:1              <= [2.83396017901734]: 'OK'
                T4:1[    0-0    ] <= [2.8339602947235107]
                T4:1              <= [2.83396017901734]: 'OK'
                T4:1[    0-0    ] <= [2.8339602947235107]
                T4:1              <= [2.83396017901734]: 'OK'
                T4:1[    0-0    ] <= [2.8339602947235107]
                T4:1              <= [2.83396017901734]: 'OK'
                T4:1[    0-0    ] <= [2.8339602947235107]
                T4:1              <= [2.83396017901734]: 'OK'
                T4:1[    0-0    ] <= [2.8339602947235107]
                T4:1              <= [2.83396017901734]: 'OK'
                T4:1[    0-0    ] <= [2.8339602947235107]
                T4:1              <= [2.90866585348752]: 'OK'
                T4:1[    0-0    ] <= [2.908665895462036]
                T4:1              <= [2.90866585348752]: 'OK'
                T4:1[    0-0    ] <= [2.908665895462036]
                T4:1              <= [2.90866585348752]: 'OK'
                T4:1[    0-0    ] <= [2.908665895462036]
                T4:1              <= [2.90866585348752]: 'OK'
                T4:1[    0-0    ] <= [2.908665895462036]
                T4:1              <= [2.90866585348752]: 'OK'
                T4:1[    0-0    ] <= [2.908665895462036]
                T4:1              <= [2.90866585348752]: 'OK'
                T4:1[    0-0    ] <= [2.908665895462036]
                T4:1              <= [2.90866585348752]: 'OK'
                T4:1[    0-0    ] <= [2.908665895462036]
                T4:1              <= [2.90866585348752]: 'OK'
                T4:1[    0-0    ] <= [2.908665895462036]
                T4:1              <= [2.90866585348752]: 'OK'
                T4:1[    0-0    ] <= [2.908665895462036]
ank Level 2.096952 
ITERATION 156 ------------- 
Tank Level 2.096952 
ITERATION 157 ------------- 
Tank Level 2.096952 
ITERATION 158 ------------- 
Tank Level 2.096952 
ITERATION 159 ------------- 
Tank Level 2.199326 
ITERATION 160 ------------- 
Tank Level 2.199326 
ITERATION 161 ------------- 
Tank Level 2.199326 
ITERATION 162 ------------- 
Tank Level 2.199326 
ITERATION 163 ------------- 
Tank Level 2.199326 
ITERATION 164 ------------- 
Tank Level 2.199326 
ITERATION 165 ------------- 
Tank Level 2.199326 
ITERATION 166 ------------- 
Tank Level 2.199326 
ITERATION 167 ------------- 
Tank Level 2.199326 
ITERATION 168 ------------- 
Tank Level 2.199326 
ITERATION 169 ------------- 
Tank Level 2.301442 
ITERATION 170 ------------- 
Tank Level 2.301442 
ITERATION 171 ------------- 
Tank Level 2.301442 
ITERATION 172 ------------- 
Tank Level 2.301442 
ITERATION 173 ------------- 
Tank Level 2.301442 
ITERATION 174 ------------- 
Tank Level 2.301442 
ITERATION 175 ------------- 
Tank Level 2.301442 
ITERATION 176 ------------- 
Tank Level 2.301442 
ITERATION 177 ------------- 
Tank Level 2.403300 
ITERATION 178 ------------- 
Tank Level 2.403300 
ITERATION 179 ------------- 
Tank Level 2.403300 
ITERATION 180 ------------- 
Tank Level 2.403300 
ITERATION 181 ------------- 
Tank Level 2.403300 
ITERATION 182 ------------- 
Tank Level 2.403300 
ITERATION 183 ------------- 
Tank Level 2.403300 
ITERATION 184 ------------- 
Tank Level 2.403300 
ITERATION 185 ------------- 
Tank Level 2.403300 
ITERATION 186 ------------- 
Tank Level 2.504899 
ITERATION 187 ------------- 
Tank Level 2.504899 
ITERATION 188 ------------- 
Tank Level 2.504899 
ITERATION 189 ------------- 
Tank Level 2.504899 
ITERATION 190 ------------- 
Tank Level 2.504899 
ITERATION 191 ------------- 
Tank Level 2.504899 
ITERATION 192 ------------- 
Tank Level 2.504899 
ITERATION 193 ------------- 
Tank Level 2.504899 
ITERATION 194 ------------- 
Tank Level 2.504899 
ITERATION 195 ------------- 
Tank Level 2.606240 
ITERATION 196 ------------- 
Tank Level 2.606240 
ITERATION 197 ------------- 
Tank Level 2.606240 
ITERATION 198 ------------- 
Tank Level 2.606240 
ITERATION 199 ------------- 
Tank Level 2.606240 
ITERATION 200 ------------- 
Tank Level 2.606240 
ITERATION 201 ------------- 
Tank Level 2.606240 
ITERATION 202 ------------- 
Tank Level 2.606240 
ITERATION 203 ------------- 
Tank Level 2.707323 
ITERATION 204 ------------- 
Tank Level 2.707323 
ITERATION 205 ------------- 
Tank Level 2.707323 
ITERATION 206 ------------- 
Tank Level 2.707323 
ITERATION 207 ------------- 
Tank Level 2.707323 
ITERATION 208 ------------- 
Tank Level 2.707323 
ITERATION 209 ------------- 
Tank Level 2.707323 
ITERATION 210 ------------- 
Tank Level 2.707323 
ITERATION 211 ------------- 
Tank Level 2.707323 
ITERATION 212 ------------- 
Tank Level 2.808148 
ITERATION 213 ------------- 
Tank Level 2.808148 
ITERATION 214 ------------- 
Tank Level 2.808148 
ITERATION 215 ------------- 
Tank Level 2.808148 
ITERATION 216 ------------- 
Tank Level 2.808148 
ITERATION 217 ------------- 
Tank Level 2.808148 
ITERATION 218 ------------- 
Tank Level 2.808148 
ITERATION 219 ------------- 
Tank Level 2.833960 
ITERATION 220 ------------- 
Tank Level 2.833960 
ITERATION 221 ------------- 
Tank Level 2.833960 
ITERATION 222 ------------- 
Tank Level 2.833960 
ITERATION 223 ------------- 
Tank Level 2.833960 
ITERATION 224 ------------- 
Tank Level 2.833960 
ITERATION 225 ------------- 
Tank Level 2.833960 
ITERATION 226 ------------- 
Tank Level 2.833960 
ITERATION 227 ------------- 
Tank Level 2.908666 
ITERATION 228 ------------- 
Tank Level 2.908666 
ITERATION 229 ------------- 
Tank Level 2.908666 
ITERATION 230 ------------- 
Tank Level 2.908666 
ITERATION 231 ------------- 
Tank Level 2.908666 
ITERATION 232 ------------- 
Tank Level 2.908666 
ITERATION 233 ------------- 
Tank Level 2.908666 
ITERATION 234 ------------- 
Tank Level 2.908666 
ITERATION 235 ------------- 
Tank Level 2.908666 
ITERATION 236 ------------- 
Tank Level 2.908666 
ITERATION 237 ------------                T4:1              <= [2.90866585348752]: 'OK'
                T4:1[    0-0    ] <= [2.908665895462036]
                T4:1              <= [2.90866585348752]: 'OK'
                T4:1[    0-0    ] <= [2.908665895462036]
                T4:1              <= [2.90866585348752]: 'OK'
                T4:1[    0-0    ] <= [2.908665895462036]
                T4:1              <= [2.90866585348752]: 'OK'
                T4:1[    0-0    ] <= [2.908665895462036]
                T4:1              <= [2.90866585348752]: 'OK'
                T4:1[    0-0    ] <= [2.908665895462036]
                T4:1              <= [2.90866585348752]: 'OK'
                T4:1[    0-0    ] <= [2.908665895462036]
                T4:1              <= [3.02694996158237]: 'OK'
                T4:1[    0-0    ] <= [3.026949882507324]
                T4:1              <= [3.02694996158237]: 'OK'
                T4:1[    0-0    ] <= [3.026949882507324]
                T4:1              <= [3.02694996158237]: 'OK'
                T4:1[    0-0    ] <= [3.026949882507324]
                T4:1              <= [3.02694996158237]: 'OK'
                T4:1[    0-0    ] <= [3.026949882507324]
                T4:1              <= [3.02694996158237]: 'OK'
                T4:1[    0-0    ] <= [3.026949882507324]
                T4:1              <= [3.02694996158237]: 'OK'
                T4:1[    0-0    ] <= [3.026949882507324]
                T4:1              <= [3.02694996158237]: 'OK'
                T4:1[    0-0    ] <= [3.026949882507324]
                T4:1              <= [3.02694996158237]: 'OK'
                T4:1[    0-0    ] <= [3.026949882507324]
                T4:1              <= [3.02694996158237]: 'OK'
                T4:1[    0-0    ] <= [3.026949882507324]
                T4:1              <= [3.14495074985612]: 'OK'
                T4:1[    0-0    ] <= [3.1449508666992188]
                T4:1[    0-0    ] <= [3.1449508666992188]
                T4:1              <= [3.14495074985612]: 'OK'
                T4:1              <= [3.14495074985612]: 'OK'
                T4:1[    0-0    ] <= [3.1449508666992188]
                T4:1              <= [3.14495074985612]: 'OK'
                T4:1[    0-0    ] <= [3.1449508666992188]
                T4:1              <= [3.14495074985612]: 'OK'
                T4:1[    0-0    ] <= [3.1449508666992188]
                T4:1              <= [3.14495074985612]: 'OK'
                T4:1[    0-0    ] <= [3.1449508666992188]
                T4:1              <= [3.14495074985612]: 'OK'
                T4:1[    0-0    ] <= [3.1449508666992188]
                T4:1              <= [3.14495074985612]: 'OK'
                T4:1[    0-0    ] <= [3.1449508666992188]
                T4:1[    0-0    ] <= [3.2626683712005615]
                T4:1              <= [3.26266830559172]: 'OK'
                T4:1[    0-0    ] <= [3.2626683712005615]
                T4:1              <= [3.26266830559172]: 'OK'
                T4:1              <= [3.26266830559172]: 'OK'
                T4:1[    0-0    ] <= [3.2626683712005615]
                T4:1              <= [3.26266830559172]: 'OK'
                T4:1[    0-0    ] <= [3.2626683712005615]
                T4:1              <= [3.26266830559172]: 'OK'
                T4:1[    0-0    ] <= [3.2626683712005615]
                T4:1              <= [3.26266830559172]: 'OK'
                T4:1[    0-0    ] <= [3.2626683712005615]
                T4:1              <= [3.26266830559172]: 'OK'
                T4:1[    0-0    ] <= [3.2626683712005615]
                T4:1              <= [3.26266830559172]: 'OK'
                T4:1[    0-0    ] <= [3.2626683712005615]
                T4:1              <= [3.26266830559172]: 'OK'
                T4:1[    0-0    ] <= [3.2626683712005615]
                T4:1              <= [3.26266830559172]: 'OK'
                T4:1[    0-0    ] <= [3.2626683712005615]
                T4:1              <= [3.38689206151361]: 'OK'
                T4:1[    0-0    ] <= [3.386892080307007]
                T4:1              <= [3.38689206151361]: 'OK'
                T4:1[    0-0    ] <= [3.386892080307007]
                T4:1              <= [3.38689206151361]: 'OK'
                T4:1[    0-0    ] <= [3.386892080307007]
                T4:1              <= [3.38689206151361]: 'OK'
                T4:1[    0-0    ] <= [3.386892080307007]
                T4:1              <= [3.38689206151361]: 'OK'
                T4:1[    0-0    ] <= [3.386892080307007]
                T4:1              <= [3.38689206151361]: 'OK'
                T4:1[    0-0    ] <= [3.386892080307007]
                T4:1              <= [3.38689206151361]: 'OK'
                T4:1[    0-0    ] <= [3.386892080307007]
                T4:1              <= [3.38689206151361]: 'OK'
                T4:1[    0-0    ] <= [3.386892080307007]
                T4:1              <= [3.38689206151361]: 'OK'
                T4:1[    0-0    ] <= [3.386892080307007]
                T4:1              <= [3.51095363332749]: 'OK'
                T4:1[    0-0    ] <= [3.510953664779663]
                T4:1              <= [3.51095363332749]: 'OK'
                T4:1[    0-0    ] <= [3.510953664779663]
                T4:1              <= [3.51095363332749]: 'OK'
                T4:1[    0-0    ] <= [3.510953664779663]
                T4:1              <= [3.51095363332749]: 'OK'
                T4:1[    0-0    ] <= [3.510953664779663]
                T4:1              <= [3.51095363332749]: 'OK'
                T4:1[    0-0    ] <= [3.510953664779663]
                T4:1[    0-0    ] <= [3.510953664779663]
                T4:1              <= [3.51095363332749]: 'OK'
                T4:1              <= [3.51095363332749]: 'OK'
                T4:1[    0-0    ] <= [3.510953664779663]
                T4:1              <= [3.51095363332749]: 'OK'
                T4:1[    0-0    ] <= [3.510953664779663]
                T4:1              <= [3.63485294924354]: 'OK'
                T4:1[    0-0    ] <= [3.634852886199951]
                T4:1              <= [3.63485294924354]: 'OK'
                T4:1[    0-0    ] <= [3.634852886199951]
                T4:1              <= [3.63485294924354]: 'OK'
                T4:1[    0-0    ] <= [3.634852886199951]
                T4:1              <= [3.63485294924354]: 'OK'
                T4:1[    0-0    ] <= [3.634852886199951]
                T4:1              <= [3.63485294924354]: 'OK'
                T4:1[    0-0    ] <= [3.634852886199951]
                T4:1              <= [3.63485294924354]: 'OK'
                T4:1[    0-0    ] <= [3.634852886199951]
                T4:1              <= [3.63485294924354]: 'OK'
                T4:1[    0-0    ] <= [3.634852886199951]
                T4:1              <= [3.63485294924354]: 'OK'
                T4:1[    0-0    ] <= [3.634852886199951]
                T4:1              <= [3.63485294924354]: 'OK'
                T4:1[    0-0    ] <= [3.634852886199951]
                T4:1              <= [3.75858993766786]: 'OK'
                T4:1[    0-0    ] <= [3.75858998298645]
                T4:1[    0-0    ] <= [3.75858998298645]
                T4:1              <= [3.75858993766786]: 'OK'
                T4:1              <= [3.75858993766786]: 'OK'
                T4:1[    0-0    ] <= [3.75858998298645]
                T4:1              <= [3.75858993766786]: 'OK'
                T4:1[    0-0    ] <= [3.75858998298645]
                T4:1              <= [3.75858993766786]: 'OK'
                T4:1[    0-0    ] <= [3.75858998298645]
                T4:1              <= [3.75858993766786]: 'OK'
                T4:1[    0-0    ] <= [3.75858998298645]
                T4:1              <= [3.75858993766786]: 'OK'
                T4:1[    0-0    ] <= [3.75858998298645]
                T4:1              <= [3.75858993766786]: 'OK'
                T4:1[    0-0    ] <= [3.75858998298645]
                T4:1              <= [3.75858993766786]: 'OK'
                T4:1[    0-0    ] <= [3.75858998298645]
                T4:1              <= [3.830065698862]: 'OK'
                T4:1[    0-0    ] <= [3.8300657272338867]
                T4:1              <= [3.830065698862]: 'OK'
                T4:1[    0-0    ] <= [3.8300657272338867]
                T4:1              <= [3.830065698862]: 'OK'
                T4:1[    0-0    ] <= [3.8300657272338867]
                T4:1              <= [3.830065698862]: 'OK'
                T4:1[    0-0    ] <= [3.8300657272338867]
                T4:1              <= [3.830065698862]: 'OK'
                T4:1[    0-0    ] <= [3.8300657272338867]
                T4:1              <= [3.830065698862]: 'OK'
                T4:1[    0-0    ] <= [3.8300657272338867]
                T4:1              <= [3.830065698862]: 'OK'
                T4:1[    0-0    ] <= [3.8300657272338867]
                T4:1              <= [3.90149626709837]: 'OK'
                T4:1[    0-0    ] <= [3.901496171951294]
                T4:1              <= [3.90149626709837]: 'OK'
                T4:1[    0-0    ] <= [3.901496171951294]
                T4:1              <= [3.90149626709837]: 'OK'
                T4:1[    0-0    ] <= [3.901496171951294]
                T4:1              <= [3.90149626709837]: 'OK'
                T4:1[    0-0    ] <= [3.901496171951294]
                T4:1              <= [3.90149626709837]: 'OK'
                T4:1[    0-0    ] <= [3.901496171951294]
                T4:1              <= [3.90149626709837]: 'OK'
                T4:1[    0-0    ] <= [3.901496171951294]
                T4:1              <= [3.90149626709837]: 'OK'
                T4:1[    0-0    ] <= [3.901496171951294]
- 
Tank Level 2.908666 
ITERATION 238 ------------- 
Tank Level 2.908666 
ITERATION 239 ------------- 
Tank Level 2.908666 
ITERATION 240 ------------- 
Tank Level 2.908666 
ITERATION 241 ------------- 
Tank Level 2.908666 
ITERATION 242 ------------- 
Tank Level 3.026950 
ITERATION 243 ------------- 
Tank Level 3.026950 
ITERATION 244 ------------- 
Tank Level 3.026950 
ITERATION 245 ------------- 
Tank Level 3.026950 
ITERATION 246 ------------- 
Tank Level 3.026950 
ITERATION 247 ------------- 
Tank Level 3.026950 
ITERATION 248 ------------- 
Tank Level 3.026950 
ITERATION 249 ------------- 
Tank Level 3.026950 
ITERATION 250 ------------- 
Tank Level 3.026950 
ITERATION 251 ------------- 
Tank Level 3.144951 
ITERATION 252 ------------- 
Tank Level 3.144951 
ITERATION 253 ------------- 
Tank Level 3.144951 
ITERATION 254 ------------- 
Tank Level 3.144951 
ITERATION 255 ------------- 
Tank Level 3.144951 
ITERATION 256 ------------- 
Tank Level 3.144951 
ITERATION 257 ------------- 
Tank Level 3.144951 
ITERATION 258 ------------- 
Tank Level 3.144951 
ITERATION 259 ------------- 
Tank Level 3.262668 
ITERATION 260 ------------- 
Tank Level 3.262668 
ITERATION 261 ------------- 
Tank Level 3.262668 
ITERATION 262 ------------- 
Tank Level 3.262668 
ITERATION 263 ------------- 
Tank Level 3.262668 
ITERATION 264 ------------- 
Tank Level 3.262668 
ITERATION 265 ------------- 
Tank Level 3.262668 
ITERATION 266 ------------- 
Tank Level 3.262668 
ITERATION 267 ------------- 
Tank Level 3.262668 
ITERATION 268 ------------- 
Tank Level 3.262668 
ITERATION 269 ------------- 
Tank Level 3.386892 
ITERATION 270 ------------- 
Tank Level 3.386892 
ITERATION 271 ------------- 
Tank Level 3.386892 
ITERATION 272 ------------- 
Tank Level 3.386892 
ITERATION 273 ------------- 
Tank Level 3.386892 
ITERATION 274 ------------- 
Tank Level 3.386892 
ITERATION 275 ------------- 
Tank Level 3.386892 
ITERATION 276 ------------- 
Tank Level 3.386892 
ITERATION 277 ------------- 
Tank Level 3.386892 
ITERATION 278 ------------- 
Tank Level 3.510954 
ITERATION 279 ------------- 
Tank Level 3.510954 
ITERATION 280 ------------- 
Tank Level 3.510954 
ITERATION 281 ------------- 
Tank Level 3.510954 
ITERATION 282 ------------- 
Tank Level 3.510954 
ITERATION 283 ------------- 
Tank Level 3.510954 
ITERATION 284 ------------- 
Tank Level 3.510954 
ITERATION 285 ------------- 
Tank Level 3.510954 
ITERATION 286 ------------- 
Tank Level 3.634853 
ITERATION 287 ------------- 
Tank Level 3.634853 
ITERATION 288 ------------- 
Tank Level 3.634853 
ITERATION 289 ------------- 
Tank Level 3.634853 
ITERATION 290 ------------- 
Tank Level 3.634853 
ITERATION 291 ------------- 
Tank Level 3.634853 
ITERATION 292 ------------- 
Tank Level 3.634853 
ITERATION 293 ------------- 
Tank Level 3.634853 
ITERATION 294 ------------- 
Tank Level 3.634853 
ITERATION 295 ------------- 
Tank Level 3.758590 
ITERATION 296 ------------- 
Tank Level 3.758590 
ITERATION 297 ------------- 
Tank Level 3.758590 
ITERATION 298 ------------- 
Tank Level 3.758590 
ITERATION 299 ------------- 
Tank Level 3.758590 
ITERATION 300 ------------- 
Tank Level 3.758590 
ITERATION 301 ------------- 
Tank Level 3.758590 
ITERATION 302 ------------- 
Tank Level 3.758590 
ITERATION 303 ------------- 
Tank Level 3.758590 
ITERATION 304 ------------- 
Tank Level 3.830066 
ITERATION 305 ------------- 
Tank Level 3.830066 
ITERATION 306 ------------- 
Tank Level 3.830066 
ITERATION 307 ------------- 
Tank Level 3.830066 
ITERATION 308 ------------- 
Tank Level 3.830066 
ITERATION 309 ------------- 
Tank Level 3.830066 
ITERATION 310 ------------- 
Tank Level 3.830066 
ITERATION 311 ------------- 
Tank Level 3.901496 
ITERATION 312 ------------- 
Tank Level 3.901496 
ITERATION 313 ------------- 
Tank Level 3.901496 
ITERATION 314 ------------- 
Tank Level 3.901496 
ITERATION 315 ------------- 
Tank Level 3.901496 
ITERATION 316 ------------- 
Tank Level 3.901496 
ITERATION 317 ------------- 
Tank Level 3.901496 
ITERATION 318 ------------- 
Tank Level 3.901496 
ITERATION 319 --------                T4:1              <= [3.90149626709837]: 'OK'
                T4:1[    0-0    ] <= [3.901496171951294]
                T4:1              <= [3.97288153764586]: 'OK'
                T4:1[    0-0    ] <= [3.972881555557251]
                T4:1              <= [3.97288153764586]: 'OK'
                T4:1[    0-0    ] <= [3.972881555557251]
                T4:1              <= [3.97288153764586]: 'OK'
                T4:1[    0-0    ] <= [3.972881555557251]
                T4:1              <= [3.97288153764586]: 'OK'
                T4:1[    0-0    ] <= [3.972881555557251]
                T4:1              <= [3.97288153764586]: 'OK'
                T4:1[    0-0    ] <= [3.972881555557251]
                T4:1[    0-0    ] <= [3.972881555557251]
                T4:1              <= [3.97288153764586]: 'OK'
                T4:1              <= [3.97288153764586]: 'OK'
                T4:1[    0-0    ] <= [3.972881555557251]
                T4:1              <= [3.97288153764586]: 'OK'
                T4:1[    0-0    ] <= [3.972881555557251]
                T4:1[    0-0    ] <= [3.972881555557251]
                T4:1              <= [3.97288153764586]: 'OK'
                T4:1              <= [3.97288153764586]: 'OK'
                T4:1[    0-0    ] <= [3.972881555557251]
                T4:1              <= [4.04422140589031]: 'OK'
                T4:1[    0-0    ] <= [4.0442214012146]
                T4:1              <= [4.04422140589031]: 'OK'
                T4:1[    0-0    ] <= [4.0442214012146]
                T4:1              <= [4.04422140589031]: 'OK'
                T4:1[    0-0    ] <= [4.0442214012146]
                T4:1              <= [4.04422140589031]: 'OK'
                T4:1[    0-0    ] <= [4.0442214012146]
                T4:1              <= [4.04422140589031]: 'OK'
                T4:1[    0-0    ] <= [4.0442214012146]
                T4:1              <= [4.04422140589031]: 'OK'
                T4:1[    0-0    ] <= [4.0442214012146]
                T4:1              <= [4.04422140589031]: 'OK'
                T4:1[    0-0    ] <= [4.0442214012146]
                T4:1              <= [4.11551576733419]: 'OK'
                T4:1[    0-0    ] <= [4.11551570892334]
                T4:1[    0-0    ] <= [4.11551570892334]
                T4:1              <= [4.11551576733419]: 'OK'
                T4:1              <= [4.11551576733419]: 'OK'
                T4:1[    0-0    ] <= [4.11551570892334]
                T4:1              <= [4.11551576733419]: 'OK'
                T4:1[    0-0    ] <= [4.11551570892334]
                T4:1              <= [4.11551576733419]: 'OK'
                T4:1[    0-0    ] <= [4.11551570892334]
                T4:1              <= [4.11551576733419]: 'OK'
                T4:1[    0-0    ] <= [4.11551570892334]
                T4:1              <= [4.11551576733419]: 'OK'
                T4:1[    0-0    ] <= [4.11551570892334]
                T4:1              <= [4.11551576733419]: 'OK'
                T4:1[    0-0    ] <= [4.11551570892334]
                T4:1              <= [4.18646219773126]: 'OK'
                T4:1[    0-0    ] <= [4.18646240234375]
                T4:1              <= [4.18646219773126]: 'OK'
                T4:1[    0-0    ] <= [4.18646240234375]
                T4:1              <= [4.18646219773126]: 'OK'
                T4:1[    0-0    ] <= [4.18646240234375]
                T4:1              <= [4.18646219773126]: 'OK'
                T4:1[    0-0    ] <= [4.18646240234375]
                T4:1              <= [4.18646219773126]: 'OK'
                T4:1[    0-0    ] <= [4.18646240234375]
                T4:1              <= [4.18646219773126]: 'OK'
                T4:1[    0-0    ] <= [4.18646240234375]
                T4:1[    0-0    ] <= [4.18646240234375]
                T4:1              <= [4.18646219773126]: 'OK'
                T4:1              <= [4.18646219773126]: 'OK'
                T4:1[    0-0    ] <= [4.18646240234375]
                T4:1              <= [4.25736324179442]: 'OK'
                T4:1[    0-0    ] <= [4.257363319396973]
                T4:1              <= [4.25736324179442]: 'OK'
                T4:1[    0-0    ] <= [4.257363319396973]
                T4:1[    0-0    ] <= [4.257363319396973]
                T4:1              <= [4.25736324179442]: 'OK'
                T4:1[    0-0    ] <= [4.257363319396973]
                T4:1              <= [4.25736324179442]: 'OK'
                T4:1              <= [4.25736324179442]: 'OK'
                T4:1[    0-0    ] <= [4.257363319396973]
                T4:1[    0-0    ] <= [4.257363319396973]
                T4:1              <= [4.25736324179442]: 'OK'
                T4:1              <= [4.25736324179442]: 'OK'
                T4:1[    0-0    ] <= [4.257363319396973]
                T4:1              <= [4.25736324179442]: 'OK'
                T4:1[    0-0    ] <= [4.257363319396973]
                T4:1[    0-0    ] <= [4.328218936920166]
                T4:1              <= [4.32821879541402]: 'OK'
                T4:1              <= [4.32821879541402]: 'OK'
                T4:1[    0-0    ] <= [4.328218936920166]
                T4:1[    0-0    ] <= [4.328218936920166]
                T4:1              <= [4.32821879541402]: 'OK'
                T4:1              <= [4.32821879541402]: 'OK'
                T4:1[    0-0    ] <= [4.328218936920166]
                T4:1              <= [4.32821879541402]: 'OK'
                T4:1[    0-0    ] <= [4.328218936920166]
                T4:1              <= [4.32821879541402]: 'OK'
                T4:1[    0-0    ] <= [4.328218936920166]
                T4:1              <= [4.32821879541402]: 'OK'
                T4:1[    0-0    ] <= [4.328218936920166]
                T4:1              <= [4.32821879541402]: 'OK'
                T4:1[    0-0    ] <= [4.328218936920166]
                T4:1              <= [4.39902875459717]: 'OK'
                T4:1[    0-0    ] <= [4.399028778076172]
                T4:1              <= [4.39902875459717]: 'OK'
                T4:1[    0-0    ] <= [4.399028778076172]
                T4:1              <= [4.39902875459717]: 'OK'
                T4:1[    0-0    ] <= [4.399028778076172]
                T4:1              <= [4.39902875459717]: 'OK'
                T4:1[    0-0    ] <= [4.399028778076172]
                T4:1              <= [4.39902875459717]: 'OK'
                T4:1[    0-0    ] <= [4.399028778076172]
                T4:1              <= [4.39902875459717]: 'OK'
                T4:1[    0-0    ] <= [4.399028778076172]
                T4:1              <= [4.39902875459717]: 'OK'
                T4:1[    0-0    ] <= [4.399028778076172]
                T4:1              <= [4.39902875459717]: 'OK'
                T4:1[    0-0    ] <= [4.399028778076172]
                T4:1              <= [4.39902875459717]: 'OK'
                T4:1[    0-0    ] <= [4.399028778076172]
                T4:1              <= [4.46979301546745]: 'OK'
                T4:1[    0-0    ] <= [4.46979284286499]
                T4:1              <= [4.46979301546745]: 'OK'
                T4:1[    0-0    ] <= [4.46979284286499]
                T4:1              <= [4.46979301546745]: 'OK'
                T4:1[    0-0    ] <= [4.46979284286499]
                T4:1              <= [4.46979301546745]: 'OK'
                T4:1[    0-0    ] <= [4.46979284286499]
                T4:1              <= [4.46979301546745]: 'OK'
                T4:1[    0-0    ] <= [4.46979284286499]
                T4:1              <= [4.46979301546745]: 'OK'
                T4:1[    0-0    ] <= [4.46979284286499]
                T4:1              <= [4.46979301546745]: 'OK'
                T4:1[    0-0    ] <= [4.46979284286499]
                T4:1              <= [4.46979301546745]: 'OK'
                T4:1[    0-0    ] <= [4.46979284286499]
                T4:1              <= [4.46979301546745]: 'OK'
                T4:1[    0-0    ] <= [4.46979284286499]
                T4:1              <= [4.54051147426426]: 'OK'
                T4:1[    0-0    ] <= [4.540511608123779]
                T4:1              <= [4.54051147426426]: 'OK'
                T4:1[    0-0    ] <= [4.540511608123779]
                T4:1              <= [4.54051147426426]: 'OK'
                T4:1[    0-0    ] <= [4.540511608123779]
                T4:1              <= [4.54051147426426]: 'OK'
                T4:1[    0-0    ] <= [4.540511608123779]
                T4:1              <= [4.54051147426426]: 'OK'
                T4:1[    0-0    ] <= [4.540511608123779]
                T4:1              <= [4.54051147426426]: 'OK'
                T4:1[    0-0    ] <= [4.540511608123779]
                T4:1              <= [4.54051147426426]: 'OK'
                T4:1[    0-0    ] <= [4.540511608123779]
                T4:1              <= [4.54051147426426]: 'OK'
                T4:1[    0-0    ] <= [4.540511608123779]
                T4:1              <= [4.61118402734249]: 'OK'
                T4:1[    0-0    ] <= [4.611184120178223]
                T4:1              <= [4.61118402734249]: 'OK'
                T4:1[    0-0    ] <= [4.611184120178223]
                T4:1              <= [4.61118402734249]: 'OK'
                T4:1[    0-0    ] <= [4.611184120178223]
                T4:1              <= [4.61118402734249]: 'OK'
                T4:1[    0-0    ] <= [4.611184120178223]
                T4:1              <= [4.61118402734249]: 'OK'
                T4:1[    0-0    ] <= [4.611184120178223]
                T4:1[    0-0    ] <= [4.611184120178223]
                T4:1              <= [4.61118402734249]: 'OK'
----- 
Tank Level 3.972882 
ITERATION 320 ------------- 
Tank Level 3.972882 
ITERATION 321 ------------- 
Tank Level 3.972882 
ITERATION 322 ------------- 
Tank Level 3.972882 
ITERATION 323 ------------- 
Tank Level 3.972882 
ITERATION 324 ------------- 
Tank Level 3.972882 
ITERATION 325 ------------- 
Tank Level 3.972882 
ITERATION 326 ------------- 
Tank Level 3.972882 
ITERATION 327 ------------- 
Tank Level 3.972882 
ITERATION 328 ------------- 
Tank Level 3.972882 
ITERATION 329 ------------- 
Tank Level 4.044221 
ITERATION 330 ------------- 
Tank Level 4.044221 
ITERATION 331 ------------- 
Tank Level 4.044221 
ITERATION 332 ------------- 
Tank Level 4.044221 
ITERATION 333 ------------- 
Tank Level 4.044221 
ITERATION 334 ------------- 
Tank Level 4.044221 
ITERATION 335 ------------- 
Tank Level 4.044221 
ITERATION 336 ------------- 
Tank Level 4.115516 
ITERATION 337 ------------- 
Tank Level 4.115516 
ITERATION 338 ------------- 
Tank Level 4.115516 
ITERATION 339 ------------- 
Tank Level 4.115516 
ITERATION 340 ------------- 
Tank Level 4.115516 
ITERATION 341 ------------- 
Tank Level 4.115516 
ITERATION 342 ------------- 
Tank Level 4.115516 
ITERATION 343 ------------- 
Tank Level 4.115516 
ITERATION 344 ------------- 
Tank Level 4.186462 
ITERATION 345 ------------- 
Tank Level 4.186462 
ITERATION 346 ------------- 
Tank Level 4.186462 
ITERATION 347 ------------- 
Tank Level 4.186462 
ITERATION 348 ------------- 
Tank Level 4.186462 
ITERATION 349 ------------- 
Tank Level 4.186462 
ITERATION 350 ------------- 
Tank Level 4.186462 
ITERATION 351 ------------- 
Tank Level 4.186462 
ITERATION 352 ------------- 
Tank Level 4.257363 
ITERATION 353 ------------- 
Tank Level 4.257363 
ITERATION 354 ------------- 
Tank Level 4.257363 
ITERATION 355 ------------- 
Tank Level 4.257363 
ITERATION 356 ------------- 
Tank Level 4.257363 
ITERATION 357 ------------- 
Tank Level 4.257363 
ITERATION 358 ------------- 
Tank Level 4.257363 
ITERATION 359 ------------- 
Tank Level 4.257363 
ITERATION 360 ------------- 
Tank Level 4.328219 
ITERATION 361 ------------- 
Tank Level 4.328219 
ITERATION 362 ------------- 
Tank Level 4.328219 
ITERATION 363 ------------- 
Tank Level 4.328219 
ITERATION 364 ------------- 
Tank Level 4.328219 
ITERATION 365 ------------- 
Tank Level 4.328219 
ITERATION 366 ------------- 
Tank Level 4.328219 
ITERATION 367 ------------- 
Tank Level 4.328219 
ITERATION 368 ------------- 
Tank Level 4.399029 
ITERATION 369 ------------- 
Tank Level 4.399029 
ITERATION 370 ------------- 
Tank Level 4.399029 
ITERATION 371 ------------- 
Tank Level 4.399029 
ITERATION 372 ------------- 
Tank Level 4.399029 
ITERATION 373 ------------- 
Tank Level 4.399029 
ITERATION 374 ------------- 
Tank Level 4.399029 
ITERATION 375 ------------- 
Tank Level 4.399029 
ITERATION 376 ------------- 
Tank Level 4.399029 
ITERATION 377 ------------- 
Tank Level 4.469793 
ITERATION 378 ------------- 
Tank Level 4.469793 
ITERATION 379 ------------- 
Tank Level 4.469793 
ITERATION 380 ------------- 
Tank Level 4.469793 
ITERATION 381 ------------- 
Tank Level 4.469793 
ITERATION 382 ------------- 
Tank Level 4.469793 
ITERATION 383 ------------- 
Tank Level 4.469793 
ITERATION 384 ------------- 
Tank Level 4.469793 
ITERATION 385 ------------- 
Tank Level 4.469793 
ITERATION 386 ------------- 
Tank Level 4.540511 
ITERATION 387 ------------- 
Tank Level 4.540511 
ITERATION 388 ------------- 
Tank Level 4.540511 
ITERATION 389 ------------- 
Tank Level 4.540511 
ITERATION 390 ------------- 
Tank Level 4.540511 
ITERATION 391 ------------- 
Tank Level 4.540511 
ITERATION 392 ------------- 
Tank Level 4.540511 
ITERATION 393 ------------- 
Tank Level 4.540511 
ITERATION 394 ------------- 
Tank Level 4.611184 
ITERATION 395 ------------- 
Tank Level 4.611184 
ITERATION 396 ------------- 
Tank Level 4.611184 
ITERATION 397 ------------- 
Tank Level 4.611184 
ITERATION 398 ------------- 
Tank Level 4.611184 
ITERATION 399 ------------- 
Tank Level 4.611184 
ITERATION 400 ------------- 
Tank Level 4.611184 
ITERATION 401 ----                T4:1[    0-0    ] <= [4.611184120178223]
                T4:1              <= [4.61118402734249]: 'OK'
                T4:1              <= [4.61118402734249]: 'OK'
                T4:1[    0-0    ] <= [4.611184120178223]
                T4:1              <= [4.61118402734249]: 'OK'
                T4:1[    0-0    ] <= [4.611184120178223]
                T4:1              <= [4.61118402734249]: 'OK'
                T4:1[    0-0    ] <= [4.611184120178223]
                T4:1              <= [4.68181057117172]: 'OK'
                T4:1[    0-0    ] <= [4.68181037902832]
                T4:1[    0-0    ] <= [4.68181037902832]
                T4:1              <= [4.68181057117172]: 'OK'
                T4:1              <= [4.68181057117172]: 'OK'
                T4:1[    0-0    ] <= [4.68181037902832]
                T4:1[    0-0    ] <= [4.68181037902832]
                T4:1              <= [4.68181057117172]: 'OK'
                T4:1              <= [4.68181057117172]: 'OK'
                T4:1[    0-0    ] <= [4.68181037902832]
                T4:1              <= [4.68181057117172]: 'OK'
                T4:1[    0-0    ] <= [4.68181037902832]
                T4:1              <= [4.68181057117172]: 'OK'
                T4:1[    0-0    ] <= [4.68181037902832]
                T4:1              <= [4.68181057117172]: 'OK'
                T4:1[    0-0    ] <= [4.68181037902832]
                T4:1              <= [4.68181057117172]: 'OK'
                T4:1[    0-0    ] <= [4.68181037902832]
                T4:1              <= [4.68181057117172]: 'OK'
                T4:1[    0-0    ] <= [4.68181037902832]
                T4:1              <= [4.61915403488854]: 'OK'
                T4:1[    0-0    ] <= [4.61915397644043]
                T4:1              <= [4.61915403488854]: 'OK'
                T4:1[    0-0    ] <= [4.61915397644043]
                T4:1[    0-0    ] <= [4.61915397644043]
                T4:1              <= [4.61915403488854]: 'OK'
                T4:1[    0-0    ] <= [4.61915397644043]
                T4:1              <= [4.61915403488854]: 'OK'
                T4:1              <= [4.61915403488854]: 'OK'
                T4:1[    0-0    ] <= [4.61915397644043]
                T4:1[    0-0    ] <= [4.61915397644043]
                T4:1              <= [4.61915403488854]: 'OK'
                T4:1              <= [4.61915403488854]: 'OK'
                T4:1[    0-0    ] <= [4.61915397644043]
                T4:1              <= [4.61915403488854]: 'OK'
                T4:1[    0-0    ] <= [4.61915397644043]
                T4:1              <= [4.61915403488854]: 'OK'
                T4:1[    0-0    ] <= [4.61915397644043]
                T4:1              <= [4.55649749860538]: 'OK'
                T4:1[    0-0    ] <= [4.556497573852539]
                T4:1              <= [4.55649749860538]: 'OK'
                T4:1[    0-0    ] <= [4.556497573852539]
                T4:1              <= [4.55649749860538]: 'OK'
                T4:1[    0-0    ] <= [4.556497573852539]
                T4:1              <= [4.55649749860538]: 'OK'
                T4:1[    0-0    ] <= [4.556497573852539]
                T4:1              <= [4.55649749860538]: 'OK'
                T4:1[    0-0    ] <= [4.556497573852539]
                T4:1              <= [4.55649749860538]: 'OK'
                T4:1[    0-0    ] <= [4.556497573852539]
                T4:1[    0-0    ] <= [4.556497573852539]
                T4:1              <= [4.55649749860538]: 'OK'
                T4:1              <= [4.55649749860538]: 'OK'
                T4:1[    0-0    ] <= [4.556497573852539]
                T4:1              <= [4.55649749860538]: 'OK'
                T4:1[    0-0    ] <= [4.556497573852539]
                T4:1              <= [4.49384096232228]: 'OK'
                T4:1[    0-0    ] <= [4.493841171264648]
                T4:1              <= [4.49384096232228]: 'OK'
                T4:1[    0-0    ] <= [4.493841171264648]
                T4:1              <= [4.49384096232228]: 'OK'
                T4:1[    0-0    ] <= [4.493841171264648]
                T4:1              <= [4.49384096232228]: 'OK'
                T4:1[    0-0    ] <= [4.493841171264648]
                T4:1              <= [4.49384096232228]: 'OK'
                T4:1[    0-0    ] <= [4.493841171264648]
                T4:1[    0-0    ] <= [4.493841171264648]
                T4:1              <= [4.49384096232228]: 'OK'
                T4:1              <= [4.49384096232228]: 'OK'
                T4:1[    0-0    ] <= [4.493841171264648]
                T4:1              <= [4.49384096232228]: 'OK'
                T4:1[    0-0    ] <= [4.493841171264648]
                T4:1              <= [4.49384096232228]: 'OK'
                T4:1[    0-0    ] <= [4.493841171264648]
                T4:1              <= [4.43118442603921]: 'OK'
                T4:1[    0-0    ] <= [4.4311842918396]
                T4:1              <= [4.43118442603921]: 'OK'
                T4:1[    0-0    ] <= [4.4311842918396]
                T4:1              <= [4.43118442603921]: 'OK'
                T4:1[    0-0    ] <= [4.4311842918396]
                T4:1              <= [4.43118442603921]: 'OK'
                T4:1[    0-0    ] <= [4.4311842918396]
                T4:1[    0-0    ] <= [4.4311842918396]
                T4:1              <= [4.43118442603921]: 'OK'
                T4:1              <= [4.43118442603921]: 'OK'
                T4:1[    0-0    ] <= [4.4311842918396]
                T4:1              <= [4.43118442603921]: 'OK'
                T4:1[    0-0    ] <= [4.4311842918396]
                T4:1              <= [4.43118442603921]: 'OK'
                T4:1[    0-0    ] <= [4.4311842918396]
                T4:1              <= [4.36821219916837]: 'OK'
                T4:1[    0-0    ] <= [4.3682122230529785]
                T4:1              <= [4.36821219916837]: 'OK'
                T4:1[    0-0    ] <= [4.3682122230529785]
                T4:1              <= [4.36821219916837]: 'OK'
                T4:1[    0-0    ] <= [4.3682122230529785]
                T4:1              <= [4.36821219916837]: 'OK'
                T4:1[    0-0    ] <= [4.3682122230529785]
                T4:1              <= [4.36821219916837]: 'OK'
                T4:1[    0-0    ] <= [4.3682122230529785]
                T4:1              <= [4.36821219916837]: 'OK'
                T4:1[    0-0    ] <= [4.3682122230529785]
                T4:1              <= [4.36821219916837]: 'OK'
                T4:1[    0-0    ] <= [4.3682122230529785]
                T4:1              <= [4.36821219916837]: 'OK'
                T4:1[    0-0    ] <= [4.3682122230529785]
                T4:1              <= [4.36821219916837]: 'OK'
                T4:1[    0-0    ] <= [4.3682122230529785]
                T4:1              <= [4.30523997229756]: 'OK'
                T4:1[    0-0    ] <= [4.305240154266357]
                T4:1              <= [4.30523997229756]: 'OK'
                T4:1[    0-0    ] <= [4.305240154266357]
                T4:1              <= [4.30523997229756]: 'OK'
                T4:1[    0-0    ] <= [4.305240154266357]
                T4:1              <= [4.30523997229756]: 'OK'
                T4:1[    0-0    ] <= [4.305240154266357]
                T4:1              <= [4.30523997229756]: 'OK'
                T4:1[    0-0    ] <= [4.305240154266357]
                T4:1              <= [4.30523997229756]: 'OK'
                T4:1[    0-0    ] <= [4.305240154266357]
                T4:1[    0-0    ] <= [4.305240154266357]
                T4:1              <= [4.30523997229756]: 'OK'
                T4:1              <= [4.30523997229756]: 'OK'
                T4:1[    0-0    ] <= [4.305240154266357]
                T4:1              <= [4.30523997229756]: 'OK'
                T4:1[    0-0    ] <= [4.305240154266357]
                T4:1              <= [4.30523997229756]: 'OK'
                T4:1[    0-0    ] <= [4.305240154266357]
                T4:1              <= [4.30523997229756]: 'OK'
                T4:1[    0-0    ] <= [4.305240154266357]
                T4:1              <= [4.30523997229756]: 'OK'
                T4:1[    0-0    ] <= [4.305240154266357]
                T4:1              <= [4.30523997229756]: 'OK'
                T4:1[    0-0    ] <= [4.305240154266357]
                T4:1              <= [4.30523997229756]: 'OK'
                T4:1[    0-0    ] <= [4.305240154266357]
                T4:1[    0-0    ] <= [4.305240154266357]
                T4:1              <= [4.30523997229756]: 'OK'
                T4:1              <= [4.30523997229756]: 'OK'
                T4:1[    0-0    ] <= [4.305240154266357]
                T4:1[    0-0    ] <= [4.305240154266357]
                T4:1              <= [4.30523997229756]: 'OK'
                T4:1              <= [4.30523997229756]: 'OK'
                T4:1[    0-0    ] <= [4.305240154266357]
                T4:1              <= [4.30523997229756]: 'OK'
                T4:1[    0-0    ] <= [4.305240154266357]
                T4:1              <= [4.30523997229756]: 'OK'
                T4:1[    0-0    ] <= [4.305240154266357]
                T4:1              <= [4.30523997229756]: 'OK'
                T4:1[    0-0    ] <= [4.305240154266357]
                T4:1              <= [4.30523997229756]: 'OK'
                T4:1[    0-0    ] <= [4.305240154266357]
                T4:1              <= [4.30523997229756]: 'OK'
                T4:1[    0-0    ] <= [4.305240154266357]
                T4:1              <= [4.30523997229756]: 'OK'
                T4:1[    0-0    ] <= [4.305240154266357]
--------- 
Tank Level 4.611184 
ITERATION 402 ------------- 
Tank Level 4.611184 
ITERATION 403 ------------- 
Tank Level 4.611184 
ITERATION 404 ------------- 
Tank Level 4.681811 
ITERATION 405 ------------- 
Tank Level 4.681811 
ITERATION 406 ------------- 
Tank Level 4.681811 
ITERATION 407 ------------- 
Tank Level 4.681811 
ITERATION 408 ------------- 
Tank Level 4.681811 
ITERATION 409 ------------- 
Tank Level 4.681811 
ITERATION 410 ------------- 
Tank Level 4.681811 
ITERATION 411 ------------- 
Tank Level 4.681811 
ITERATION 412 ------------- 
Tank Level 4.681811 
ITERATION 413 ------------- 
Tank Level 4.681811 
ITERATION 414 ------------- 
Tank Level 4.619154 
ITERATION 415 ------------- 
Tank Level 4.619154 
ITERATION 416 ------------- 
Tank Level 4.619154 
ITERATION 417 ------------- 
Tank Level 4.619154 
ITERATION 418 ------------- 
Tank Level 4.619154 
ITERATION 419 ------------- 
Tank Level 4.619154 
ITERATION 420 ------------- 
Tank Level 4.619154 
ITERATION 421 ------------- 
Tank Level 4.619154 
ITERATION 422 ------------- 
Tank Level 4.619154 
ITERATION 423 ------------- 
Tank Level 4.556497 
ITERATION 424 ------------- 
Tank Level 4.556497 
ITERATION 425 ------------- 
Tank Level 4.556497 
ITERATION 426 ------------- 
Tank Level 4.556497 
ITERATION 427 ------------- 
Tank Level 4.556497 
ITERATION 428 ------------- 
Tank Level 4.556497 
ITERATION 429 ------------- 
Tank Level 4.556497 
ITERATION 430 ------------- 
Tank Level 4.556497 
ITERATION 431 ------------- 
Tank Level 4.556497 
ITERATION 432 ------------- 
Tank Level 4.493841 
ITERATION 433 ------------- 
Tank Level 4.493841 
ITERATION 434 ------------- 
Tank Level 4.493841 
ITERATION 435 ------------- 
Tank Level 4.493841 
ITERATION 436 ------------- 
Tank Level 4.493841 
ITERATION 437 ------------- 
Tank Level 4.493841 
ITERATION 438 ------------- 
Tank Level 4.493841 
ITERATION 439 ------------- 
Tank Level 4.493841 
ITERATION 440 ------------- 
Tank Level 4.493841 
ITERATION 441 ------------- 
Tank Level 4.431184 
ITERATION 442 ------------- 
Tank Level 4.431184 
ITERATION 443 ------------- 
Tank Level 4.431184 
ITERATION 444 ------------- 
Tank Level 4.431184 
ITERATION 445 ------------- 
Tank Level 4.431184 
ITERATION 446 ------------- 
Tank Level 4.431184 
ITERATION 447 ------------- 
Tank Level 4.431184 
ITERATION 448 ------------- 
Tank Level 4.431184 
ITERATION 449 ------------- 
Tank Level 4.368212 
ITERATION 450 ------------- 
Tank Level 4.368212 
ITERATION 451 ------------- 
Tank Level 4.368212 
ITERATION 452 ------------- 
Tank Level 4.368212 
ITERATION 453 ------------- 
Tank Level 4.368212 
ITERATION 454 ------------- 
Tank Level 4.368212 
ITERATION 455 ------------- 
Tank Level 4.368212 
ITERATION 456 ------------- 
Tank Level 4.368212 
ITERATION 457 ------------- 
Tank Level 4.368212 
ITERATION 458 ------------- 
Tank Level 4.305240 
ITERATION 459 ------------- 
Tank Level 4.305240 
ITERATION 460 ------------- 
Tank Level 4.305240 
ITERATION 461 ------------- 
Tank Level 4.305240 
ITERATION 462 ------------- 
Tank Level 4.305240 
ITERATION 463 ------------- 
Tank Level 4.305240 
ITERATION 464 ------------- 
Tank Level 4.305240 
ITERATION 465 ------------- 
Tank Level 4.305240 
ITERATION 466 ------------- 
Tank Level 4.305240 
ITERATION 467 ------------- 
Tank Level 4.305240 
ITERATION 468 ------------- 
Tank Level 4.305240 
ITERATION 469 ------------- 
Tank Level 4.305240 
ITERATION 470 ------------- 
Tank Level 4.305240 
ITERATION 471 ------------- 
Tank Level 4.305240 
ITERATION 472 ------------- 
Tank Level 4.305240 
ITERATION 473 ------------- 
Tank Level 4.305240 
ITERATION 474 ------------- 
Tank Level 4.305240 
ITERATION 475 ------------- 
Tank Level 4.305240 
ITERATION 476 ------------- 
Tank Level 4.305240 
ITERATION 477 ------------- 
Tank Level 4.305240 
ITERATION 478 ------------- 
Tank Level 4.305240 
ITERATION 479 ------------- 
Tank Level 4.305240 
ITERATION 480 ------------- 
Tank Level 4.305240 
ITERATION 481 ------------- 
Tank Level 4.305240 
ITERATION 482 ------------- 
Tank Level 4.305240 
ITERATION 483                 T4:1              <= [4.30523997229756]: 'OK'
                T4:1[    0-0    ] <= [4.305240154266357]
                T4:1              <= [4.30523997229756]: 'OK'
                T4:1[    0-0    ] <= [4.305240154266357]
                T4:1              <= [4.30523997229756]: 'OK'
                T4:1[    0-0    ] <= [4.305240154266357]
                T4:1[    0-0    ] <= [4.305240154266357]
                T4:1              <= [4.30523997229756]: 'OK'
                T4:1              <= [4.30523997229756]: 'OK'
                T4:1[    0-0    ] <= [4.305240154266357]
                T4:1              <= [4.30523997229756]: 'OK'
                T4:1[    0-0    ] <= [4.305240154266357]
                T4:1[    0-0    ] <= [4.305240154266357]
                T4:1              <= [4.30523997229756]: 'OK'
                T4:1              <= [4.30523997229756]: 'OK'
                T4:1[    0-0    ] <= [4.305240154266357]
                T4:1              <= [4.30523997229756]: 'OK'
                T4:1[    0-0    ] <= [4.305240154266357]
                T4:1[    0-0    ] <= [4.305240154266357]
                T4:1              <= [4.30523997229756]: 'OK'
                T4:1              <= [4.30523997229756]: 'OK'
                T4:1[    0-0    ] <= [4.305240154266357]
                T4:1              <= [4.30523997229756]: 'OK'
                T4:1[    0-0    ] <= [4.305240154266357]
                T4:1              <= [4.30523997229756]: 'OK'
                T4:1[    0-0    ] <= [4.305240154266357]
                T4:1              <= [4.30523997229756]: 'OK'
                T4:1[    0-0    ] <= [4.305240154266357]
                T4:1              <= [4.30523997229756]: 'OK'
                T4:1[    0-0    ] <= [4.305240154266357]
                T4:1              <= [4.30523997229756]: 'OK'
                T4:1[    0-0    ] <= [4.305240154266357]
                T4:1              <= [4.30523997229756]: 'OK'
                T4:1[    0-0    ] <= [4.305240154266357]
                T4:1              <= [4.30523997229756]: 'OK'
                T4:1[    0-0    ] <= [4.305240154266357]
                T4:1              <= [4.30523997229756]: 'OK'
                T4:1[    0-0    ] <= [4.305240154266357]
                T4:1              <= [4.30523997229756]: 'OK'
                T4:1[    0-0    ] <= [4.305240154266357]
                T4:1              <= [4.30523997229756]: 'OK'
                T4:1[    0-0    ] <= [4.305240154266357]
                T4:1              <= [4.30523997229756]: 'OK'
                T4:1[    0-0    ] <= [4.305240154266357]
                T4:1              <= [4.30523997229756]: 'OK'
                T4:1[    0-0    ] <= [4.305240154266357]
                T4:1              <= [4.30523997229756]: 'OK'
                T4:1[    0-0    ] <= [4.305240154266357]
                T4:1              <= [4.30523997229756]: 'OK'
                T4:1[    0-0    ] <= [4.305240154266357]
                T4:1              <= [4.30523997229756]: 'OK'
                T4:1[    0-0    ] <= [4.305240154266357]
                T4:1              <= [4.30523997229756]: 'OK'
                T4:1[    0-0    ] <= [4.305240154266357]
                T4:1              <= [4.30523997229756]: 'OK'
                T4:1[    0-0    ] <= [4.305240154266357]
                T4:1              <= [4.30523997229756]: 'OK'
                T4:1[    0-0    ] <= [4.305240154266357]
                T4:1              <= [4.30523997229756]: 'OK'
                T4:1[    0-0    ] <= [4.305240154266357]
                T4:1              <= [4.30523997229756]: 'OK'
                T4:1[    0-0    ] <= [4.305240154266357]
                T4:1              <= [4.30523997229756]: 'OK'
                T4:1[    0-0    ] <= [4.305240154266357]
                T4:1              <= [4.30523997229756]: 'OK'
                T4:1[    0-0    ] <= [4.305240154266357]
                T4:1              <= [4.30523997229756]: 'OK'
                T4:1[    0-0    ] <= [4.305240154266357]
                T4:1              <= [4.30523997229756]: 'OK'
                T4:1[    0-0    ] <= [4.305240154266357]
                T4:1              <= [4.30523997229756]: 'OK'
                T4:1[    0-0    ] <= [4.305240154266357]
                T4:1              <= [4.30523997229756]: 'OK'
                T4:1[    0-0    ] <= [4.305240154266357]
                T4:1              <= [4.30523997229756]: 'OK'
                T4:1[    0-0    ] <= [4.305240154266357]
                T4:1              <= [4.30523997229756]: 'OK'
                T4:1[    0-0    ] <= [4.305240154266357]
                T4:1              <= [4.30523997229756]: 'OK'
                T4:1[    0-0    ] <= [4.305240154266357]
                T4:1              <= [4.30523997229756]: 'OK'
                T4:1[    0-0    ] <= [4.305240154266357]
                T4:1              <= [4.30523997229756]: 'OK'
                T4:1[    0-0    ] <= [4.305240154266357]
                T4:1              <= [4.30523997229756]: 'OK'
                T4:1[    0-0    ] <= [4.305240154266357]
                T4:1              <= [4.30523997229756]: 'OK'
                T4:1[    0-0    ] <= [4.305240154266357]
                T4:1              <= [4.30523997229756]: 'OK'
                T4:1[    0-0    ] <= [4.305240154266357]
                T4:1              <= [4.30523997229756]: 'OK'
                T4:1[    0-0    ] <= [4.305240154266357]
                T4:1              <= [4.30523997229756]: 'OK'
                T4:1[    0-0    ] <= [4.305240154266357]
                T4:1              <= [4.30523997229756]: 'OK'
                T4:1[    0-0    ] <= [4.305240154266357]
                T4:1              <= [4.30523997229756]: 'OK'
                T4:1[    0-0    ] <= [4.305240154266357]
                T4:1              <= [4.30523997229756]: 'OK'
                T4:1[    0-0    ] <= [4.305240154266357]
                T4:1              <= [4.30523997229756]: 'OK'
                T4:1[    0-0    ] <= [4.305240154266357]
                T4:1              <= [4.30523997229756]: 'OK'
                T4:1[    0-0    ] <= [4.305240154266357]
                T4:1              <= [4.30523997229756]: 'OK'
                T4:1[    0-0    ] <= [4.305240154266357]
                T4:1              <= [4.30523997229756]: 'OK'
                T4:1[    0-0    ] <= [4.305240154266357]
                T4:1              <= [4.30523997229756]: 'OK'
                T4:1[    0-0    ] <= [4.305240154266357]
                T4:1              <= [4.30523997229756]: 'OK'
                T4:1[    0-0    ] <= [4.305240154266357]
                T4:1              <= [4.30523997229756]: 'OK'
                T4:1[    0-0    ] <= [4.305240154266357]
                T4:1              <= [4.30523997229756]: 'OK'
                T4:1[    0-0    ] <= [4.305240154266357]
                T4:1              <= [4.30523997229756]: 'OK'
                T4:1[    0-0    ] <= [4.305240154266357]
                T4:1              <= [4.30523997229756]: 'OK'
                T4:1[    0-0    ] <= [4.305240154266357]
                T4:1              <= [4.30523997229756]: 'OK'
                T4:1[    0-0    ] <= [4.305240154266357]
                T4:1              <= [4.30523997229756]: 'OK'
                T4:1[    0-0    ] <= [4.305240154266357]
                T4:1              <= [4.30523997229756]: 'OK'
                T4:1[    0-0    ] <= [4.305240154266357]
                T4:1              <= [4.30523997229756]: 'OK'
                T4:1[    0-0    ] <= [4.305240154266357]
                T4:1              <= [4.30523997229756]: 'OK'
                T4:1[    0-0    ] <= [4.305240154266357]
                T4:1[    0-0    ] <= [4.305240154266357]
                T4:1              <= [4.30523997229756]: 'OK'
                T4:1              <= [4.30523997229756]: 'OK'
                T4:1[    0-0    ] <= [4.305240154266357]
                T4:1              <= [4.30523997229756]: 'OK'
                T4:1[    0-0    ] <= [4.305240154266357]
                T4:1              <= [4.30523997229756]: 'OK'
                T4:1[    0-0    ] <= [4.305240154266357]
                T4:1              <= [4.30523997229756]: 'OK'
                T4:1[    0-0    ] <= [4.305240154266357]
                T4:1[    0-0    ] <= [4.305240154266357]
                T4:1              <= [4.30523997229756]: 'OK'
                T4:1              <= [4.30523997229756]: 'OK'
                T4:1[    0-0    ] <= [4.305240154266357]
                T4:1              <= [4.30523997229756]: 'OK'
                T4:1[    0-0    ] <= [4.305240154266357]
                T4:1              <= [4.30523997229756]: 'OK'
                T4:1[    0-0    ] <= [4.305240154266357]
                T4:1              <= [4.30523997229756]: 'OK'
                T4:1[    0-0    ] <= [4.305240154266357]
                T4:1              <= [4.30523997229756]: 'OK'
                T4:1[    0-0    ] <= [4.305240154266357]
                T4:1              <= [4.30523997229756]: 'OK'
                T4:1[    0-0    ] <= [4.305240154266357]
                T4:1              <= [4.30523997229756]: 'OK'
                T4:1[    0-0    ] <= [4.305240154266357]
                T4:1              <= [4.30523997229756]: 'OK'
                T4:1[    0-0    ] <= [4.305240154266357]
                T4:1              <= [4.30523997229756]: 'OK'
                T4:1[    0-0    ] <= [4.305240154266357]
                T4:1              <= [4.30523997229756]: 'OK'
                T4:1[    0-0    ] <= [4.305240154266357]
                T4:1              <= [4.30523997229756]: 'OK'
                T4:1[    0-0    ] <= [4.305240154266357]
------------- 
Tank Level 4.305240 
ITERATION 484 ------------- 
Tank Level 4.305240 
ITERATION 485 ------------- 
Tank Level 4.305240 
ITERATION 486 ------------- 
Tank Level 4.305240 
ITERATION 487 ------------- 
Tank Level 4.305240 
ITERATION 488 ------------- 
Tank Level 4.305240 
ITERATION 489 ------------- 
Tank Level 4.305240 
ITERATION 490 ------------- 
Tank Level 4.305240 
ITERATION 491 ------------- 
Tank Level 4.305240 
ITERATION 492 ------------- 
Tank Level 4.305240 
ITERATION 493 ------------- 
Tank Level 4.305240 
ITERATION 494 ------------- 
Tank Level 4.305240 
ITERATION 495 ------------- 
Tank Level 4.305240 
ITERATION 496 ------------- 
Tank Level 4.305240 
ITERATION 497 ------------- 
Tank Level 4.305240 
ITERATION 498 ------------- 
Tank Level 4.305240 
ITERATION 499 ------------- 
Tank Level 4.305240 
ITERATION 500 ------------- 
Tank Level 4.305240 
ITERATION 501 ------------- 
Tank Level 4.305240 
ITERATION 502 ------------- 
Tank Level 4.305240 
ITERATION 503 ------------- 
Tank Level 4.305240 
ITERATION 504 ------------- 
Tank Level 4.305240 
ITERATION 505 ------------- 
Tank Level 4.305240 
ITERATION 506 ------------- 
Tank Level 4.305240 
ITERATION 507 ------------- 
Tank Level 4.305240 
ITERATION 508 ------------- 
Tank Level 4.305240 
ITERATION 509 ------------- 
Tank Level 4.305240 
ITERATION 510 ------------- 
Tank Level 4.305240 
ITERATION 511 ------------- 
Tank Level 4.305240 
ITERATION 512 ------------- 
Tank Level 4.305240 
ITERATION 513 ------------- 
Tank Level 4.305240 
ITERATION 514 ------------- 
Tank Level 4.305240 
ITERATION 515 ------------- 
Tank Level 4.305240 
ITERATION 516 ------------- 
Tank Level 4.305240 
ITERATION 517 ------------- 
Tank Level 4.305240 
ITERATION 518 ------------- 
Tank Level 4.305240 
ITERATION 519 ------------- 
Tank Level 4.305240 
ITERATION 520 ------------- 
Tank Level 4.305240 
ITERATION 521 ------------- 
Tank Level 4.305240 
ITERATION 522 ------------- 
Tank Level 4.305240 
ITERATION 523 ------------- 
Tank Level 4.305240 
ITERATION 524 ------------- 
Tank Level 4.305240 
ITERATION 525 ------------- 
Tank Level 4.305240 
ITERATION 526 ------------- 
Tank Level 4.305240 
ITERATION 527 ------------- 
Tank Level 4.305240 
ITERATION 528 ------------- 
Tank Level 4.305240 
ITERATION 529 ------------- 
Tank Level 4.305240 
ITERATION 530 ------------- 
Tank Level 4.305240 
ITERATION 531 ------------- 
Tank Level 4.305240 
ITERATION 532 ------------- 
Tank Level 4.305240 
ITERATION 533 ------------- 
Tank Level 4.305240 
ITERATION 534 ------------- 
Tank Level 4.305240 
ITERATION 535 ------------- 
Tank Level 4.305240 
ITERATION 536 ------------- 
Tank Level 4.305240 
ITERATION 537 ------------- 
Tank Level 4.305240 
ITERATION 538 ------------- 
Tank Level 4.305240 
ITERATION 539 ------------- 
Tank Level 4.305240 
ITERATION 540 ------------- 
Tank Level 4.305240 
ITERATION 541 ------------- 
Tank Level 4.305240 
ITERATION 542 ------------- 
Tank Level 4.305240 
ITERATION 543 ------------- 
Tank Level 4.305240 
ITERATION 544 ------------- 
Tank Level 4.305240 
ITERATION 545 ------------- 
Tank Level 4.305240 
ITERATION 546 ------------- 
Tank Level 4.305240 
ITERATION 547 ------------- 
Tank Level 4.305240 
ITERATION 548 ------------- 
Tank Level 4.305240 
ITERATION 549 ------------- 
Tank Level 4.305240 
ITERATION 550 ------------- 
Tank Level 4.305240 
ITERATION 551 ------------- 
Tank Level 4.305240 
ITERATION 552 ------------- 
Tank Level 4.305240 
ITERATION 553 ------------- 
Tank Level 4.305240 
ITERATION 554 ------------- 
Tank Level 4.305240 
ITERATION 555 ------------- 
Tank Level 4.305240 
ITERATION 556 ------------- 
Tank Level 4.305240 
ITERATION 557 ------------- 
Tank Level 4.305240 
ITERATION 558 ------------- 
Tank Level 4.305240 
ITERATION 559 ------------- 
Tank Level 4.305240 
ITERATION 560 ------------- 
Tank Level 4.305240 
ITERATION 561 ------------- 
Tank Level 4.305240 
ITERATION 562 ------------- 
Tank Level 4.305240 
ITERATION 563 ------------- 
Tank Level 4.305240 
ITERATION 564 ------------- 
Tank Level 4.305240 
ITERATION                 T4:1              <= [4.30523997229756]: 'OK'
                T4:1[    0-0    ] <= [4.305240154266357]
                T4:1[    0-0    ] <= [4.305240154266357]
                T4:1              <= [4.30523997229756]: 'OK'
                T4:1              <= [4.30523997229756]: 'OK'
                T4:1[    0-0    ] <= [4.305240154266357]
                T4:1              <= [4.30523997229756]: 'OK'
                T4:1[    0-0    ] <= [4.305240154266357]
                T4:1              <= [4.30523997229756]: 'OK'
                T4:1[    0-0    ] <= [4.305240154266357]
                T4:1              <= [4.30523997229756]: 'OK'
                T4:1[    0-0    ] <= [4.305240154266357]
                T4:1              <= [4.30523997229756]: 'OK'
                T4:1[    0-0    ] <= [4.305240154266357]
                T4:1              <= [4.30523997229756]: 'OK'
                T4:1[    0-0    ] <= [4.305240154266357]
                T4:1              <= [4.30523997229756]: 'OK'
                T4:1[    0-0    ] <= [4.305240154266357]
                T4:1              <= [4.30523997229756]: 'OK'
                T4:1[    0-0    ] <= [4.305240154266357]
                T4:1              <= [4.30523997229756]: 'OK'
                T4:1[    0-0    ] <= [4.305240154266357]
                T4:1[    0-0    ] <= [4.305240154266357]
                T4:1              <= [4.30523997229756]: 'OK'
                T4:1              <= [4.30523997229756]: 'OK'
                T4:1[    0-0    ] <= [4.305240154266357]
                T4:1              <= [4.30523997229756]: 'OK'
                T4:1[    0-0    ] <= [4.305240154266357]
                T4:1              <= [4.30523997229756]: 'OK'
                T4:1[    0-0    ] <= [4.305240154266357]
                T4:1              <= [4.30523997229756]: 'OK'
                T4:1[    0-0    ] <= [4.305240154266357]
                T4:1              <= [4.30523997229756]: 'OK'
                T4:1[    0-0    ] <= [4.305240154266357]
                T4:1              <= [4.30523997229756]: 'OK'
                T4:1[    0-0    ] <= [4.305240154266357]
                T4:1              <= [4.30523997229756]: 'OK'
                T4:1[    0-0    ] <= [4.305240154266357]
                T4:1              <= [4.30523997229756]: 'OK'
                T4:1[    0-0    ] <= [4.305240154266357]
565 ------------- 
Tank Level 4.305240 
ITERATION 566 ------------- 
Tank Level 4.305240 
ITERATION 567 ------------- 
Tank Level 4.305240 
ITERATION 568 ------------- 
Tank Level 4.305240 
ITERATION 569 ------------- 
Tank Level 4.305240 
ITERATION 570 ------------- 
Tank Level 4.305240 
ITERATION 571 ------------- 
Tank Level 4.305240 
ITERATION 572 ------------- 
Tank Level 4.305240 
ITERATION 573 ------------- 
Tank Level 4.305240 
ITERATION 574 ------------- 
Tank Level 4.305240 
ITERATION 575 ------------- 
Tank Level 4.305240 
ITERATION 576 ------------- 
Tank Level 4.305240 
ITERATION 577 ------------- 
Tank Level 4.305240 
ITERATION 578 ------------- 
Tank Level 4.305240 
ITERATION 579 ------------- 
Tank Level 4.305240 
ITERATION 580 ------------- 
Tank Level 4.305240 
ITERATION 581 ------------- 
Tank Level 4.305240 
ITERATION 582 ------------- 
Tank Level 4.305240 
ITERATION 583 ------------- 
Tank Level 4.305240 
ITERATION 584 ------------- 
Tank Level 4.305240 
ITERATION 585 ------------- 
DEBUG plc6 shutdown
plc6
Stopping Tcp dump process on PLC...
Stopping PLC...
                T4:1              <= [4.30523997229756]: 'OK'
                T4:1[    0-0    ] <= [4.305240154266357]
