                T5:1              <= [1.0]: 'OK'
                T5:1[    0-0    ] <= [1.0]
                T5:1              <= [1.0]: 'OK'
                T5:1[    0-0    ] <= [1.0]
                T5:1              <= [1.0]: 'OK'
                T5:1[    0-0    ] <= [1.0]
                T5:1              <= [1.0]: 'OK'
                T5:1[    0-0    ] <= [1.0]
                T5:1              <= [1.0]: 'OK'
                T5:1[    0-0    ] <= [1.0]
                T5:1              <= [1.0]: 'OK'
                T5:1[    0-0    ] <= [1.0]
                T5:1              <= [1.0]: 'OK'
                T5:1[    0-0    ] <= [1.0]
                T5:1              <= [1.0]: 'OK'
                T5:1[    0-0    ] <= [1.0]
                T5:1              <= [1.0]: 'OK'
                T5:1[    0-0    ] <= [1.0]
                T5:1              <= [1.0]: 'OK'
                T5:1[    0-0    ] <= [1.0]
                T5:1[    0-0    ] <= [1.0]
                T5:1              <= [1.0]: 'OK'
                T5:1              <= [1.0]: 'OK'
                T5:1[    0-0    ] <= [1.0]
                T5:1              <= [1.0]: 'OK'
                T5:1[    0-0    ] <= [1.0]
                T5:1              <= [1.0]: 'OK'
                T5:1[    0-0    ] <= [1.0]
                T5:1              <= [1.0]: 'OK'
                T5:1[    0-0    ] <= [1.0]
                T5:1              <= [1.0]: 'OK'
                T5:1[    0-0    ] <= [1.0]
                T5:1              <= [1.0]: 'OK'
                T5:1[    0-0    ] <= [1.0]
                T5:1              <= [1.0]: 'OK'
                T5:1[    0-0    ] <= [1.0]
                T5:1              <= [1.0]: 'OK'
                T5:1[    0-0    ] <= [1.0]
                T5:1[    0-0    ] <= [1.0]
                T5:1              <= [1.0]: 'OK'
                T5:1              <= [3.27420477991872]: 'OK'
                T5:1[    0-0    ] <= [3.274204730987549]
                T5:1              <= [3.27420477991872]: 'OK'
                T5:1[    0-0    ] <= [3.274204730987549]
                T5:1              <= [3.27420477991872]: 'OK'
                T5:1[    0-0    ] <= [3.274204730987549]
                T5:1              <= [3.27420477991872]: 'OK'
                T5:1[    0-0    ] <= [3.274204730987549]
                T5:1              <= [3.27420477991872]: 'OK'
                T5:1[    0-0    ] <= [3.274204730987549]
                T5:1[    0-0    ] <= [3.274204730987549]
                T5:1              <= [3.27420477991872]: 'OK'
                T5:1              <= [3.27420477991872]: 'OK'
                T5:1[    0-0    ] <= [3.274204730987549]
                T5:1              <= [3.32834598977125]: 'OK'
                T5:1[    0-0    ] <= [3.328346014022827]
                T5:1              <= [3.32834598977125]: 'OK'
                T5:1[    0-0    ] <= [3.328346014022827]
                T5:1              <= [3.32834598977125]: 'OK'
                T5:1[    0-0    ] <= [3.328346014022827]
                T5:1[    0-0    ] <= [3.328346014022827]
                T5:1              <= [3.32834598977125]: 'OK'
                T5:1              <= [3.32834598977125]: 'OK'
                T5:1[    0-0    ] <= [3.328346014022827]
                T5:1              <= [3.32834598977125]: 'OK'
                T5:1[    0-0    ] <= [3.328346014022827]
                T5:1              <= [3.32834598977125]: 'OK'
                T5:1[    0-0    ] <= [3.328346014022827]
                T5:1              <= [3.32834598977125]: 'OK'
                T5:1[    0-0    ] <= [3.328346014022827]
                T5:1              <= [3.32834598977125]: 'OK'
                T5:1[    0-0    ] <= [3.328346014022827]
                T5:1              <= [3.38246811554448]: 'OK'
                T5:1[    0-0    ] <= [3.3824682235717773]
                T5:1              <= [3.38246811554448]: 'OK'
                T5:1[    0-0    ] <= [3.3824682235717773]
                T5:1              <= [3.38246811554448]: 'OK'
                T5:1[    0-0    ] <= [3.3824682235717773]
                T5:1              <= [3.38246811554448]: 'OK'
                T5:1[    0-0    ] <= [3.3824682235717773]
                T5:1              <= [3.38246811554448]: 'OK'
                T5:1[    0-0    ] <= [3.3824682235717773]
                T5:1              <= [3.38246811554448]: 'OK'
                T5:1[    0-0    ] <= [3.3824682235717773]
                T5:1              <= [3.38246811554448]: 'OK'
                T5:1[    0-0    ] <= [3.3824682235717773]
                T5:1[    0-0    ] <= [3.3824682235717773]
                T5:1              <= [3.38246811554448]: 'OK'
                T5:1              <= [3.43478342861825]: 'OK'
                T5:1[    0-0    ] <= [3.434783458709717]
                T5:1              <= [3.43478342861825]: 'OK'
                T5:1[    0-0    ] <= [3.434783458709717]
                T5:1              <= [3.43478342861825]: 'OK'
                T5:1[    0-0    ] <= [3.434783458709717]
                T5:1              <= [3.43478342861825]: 'OK'
                T5:1[    0-0    ] <= [3.434783458709717]
                T5:1              <= [3.43478342861825]: 'OK'
                T5:1[    0-0    ] <= [3.434783458709717]
                T5:1              <= [3.43478342861825]: 'OK'
                T5:1[    0-0    ] <= [3.434783458709717]
                T5:1              <= [3.43478342861825]: 'OK'
                T5:1[    0-0    ] <= [3.434783458709717]
                T5:1              <= [3.43478342861825]: 'OK'
                T5:1[    0-0    ] <= [3.434783458709717]
                T5:1[    0-0    ] <= [3.487062454223633]
                T5:1              <= [3.48706243566751]: 'OK'
                T5:1              <= [3.48706243566751]: 'OK'
                T5:1[    0-0    ] <= [3.487062454223633]
                T5:1              <= [3.48706243566751]: 'OK'
                T5:1[    0-0    ] <= [3.487062454223633]
                T5:1              <= [3.48706243566751]: 'OK'
                T5:1[    0-0    ] <= [3.487062454223633]
                T5:1              <= [3.48706243566751]: 'OK'
                T5:1[    0-0    ] <= [3.487062454223633]
                T5:1[    0-0    ] <= [3.487062454223633]
                T5:1              <= [3.48706243566751]: 'OK'
                T5:1              <= [3.48706243566751]: 'OK'
                T5:1[    0-0    ] <= [3.487062454223633]
                T5:1              <= [3.48706243566751]: 'OK'
                T5:1[    0-0    ] <= [3.487062454223633]
                T5:1              <= [3.5393051529083]: 'OK'
                T5:1[    0-0    ] <= [3.5393052101135254]
                T5:1              <= [3.5393051529083]: 'OK'
                T5:1[    0-0    ] <= [3.5393052101135254]
                T5:1              <= [3.5393051529083]: 'OK'
                T5:1[    0-0    ] <= [3.5393052101135254]
                T5:1[    0-0    ] <= [3.5393052101135254]
                T5:1              <= [3.5393051529083]: 'OK'
                T5:1              <= [3.5393051529083]: 'OK'
                T5:1[    0-0    ] <= [3.5393052101135254]
                T5:1              <= [3.5393051529083]: 'OK'
                T5:1[    0-0    ] <= [3.5393052101135254]
                T5:1              <= [3.5393051529083]: 'OK'
                T5:1[    0-0    ] <= [3.5393052101135254]
                T5:1              <= [3.5393051529083]: 'OK'
                T5:1[    0-0    ] <= [3.5393052101135254]
                T5:1              <= [3.59151159655997]: 'OK'
                T5:1[    0-0    ] <= [3.5915114879608154]
                T5:1              <= [3.59151159655997]: 'OK'
                T5:1[    0-0    ] <= [3.5915114879608154]
                T5:1              <= [3.59151159655997]: 'OK'
                T5:1[    0-0    ] <= [3.5915114879608154]
                T5:1[    0-0    ] <= [3.5915114879608154]
                T5:1              <= [3.59151159655997]: 'OK'
DEBUG get_query: SELECT value FROM ctown WHERE name = ? AND pid = ?
DEBUG set_query: UPDATE ctown SET value = ? WHERE name = ? AND pid = ?
DEBUG EnipProtocol server addr:  192.168.1.1
DEBUG: concatenating server address with default port.
DEBUG enip server tags_string:  T5:1=REAL ATT_1:1=REAL ATT_2:1=REAL 
DEBUG enip _start_server cmd:  ['/usr/bin/python', '-m', 'cpppo.server.enip', '--print', '--log', 'logs/protocols_tests_enip_server', '--address', '192.168.1.1:44818', 'T5:1=REAL', 'ATT_1:1=REAL', 'ATT_2:1=REAL']
DEBUG: plc7 enters pre_loop
Tank Level 1.000000 
ITERATION 1 ------------- 
Tank Level 1.000000 
ITERATION 2 ------------- 
Tank Level 1.000000 
ITERATION 3 ------------- 
Tank Level 1.000000 
ITERATION 4 ------------- 
Tank Level 1.000000 
ITERATION 5 ------------- 
Tank Level 1.000000 
ITERATION 6 ------------- 
Tank Level 1.000000 
ITERATION 7 ------------- 
Tank Level 1.000000 
ITERATION 8 ------------- 
Tank Level 1.000000 
ITERATION 9 ------------- 
Tank Level 1.000000 
ITERATION 10 ------------- 
Tank Level 1.000000 
ITERATION 11 ------------- 
Tank Level 1.000000 
ITERATION 12 ------------- 
Tank Level 1.000000 
ITERATION 13 ------------- 
Tank Level 1.000000 
ITERATION 14 ------------- 
Tank Level 1.000000 
ITERATION 15 ------------- 
Tank Level 1.000000 
ITERATION 16 ------------- 
Tank Level 1.000000 
ITERATION 17 ------------- 
Tank Level 1.000000 
ITERATION 18 ------------- 
Tank Level 1.000000 
ITERATION 19 ------------- 
Tank Level 1.000000 
ITERATION 20 ------------- 
Tank Level 3.274205 
ITERATION 21 ------------- 
Tank Level 3.274205 
ITERATION 22 ------------- 
Tank Level 3.274205 
ITERATION 23 ------------- 
Tank Level 3.274205 
ITERATION 24 ------------- 
Tank Level 3.274205 
ITERATION 25 ------------- 
Tank Level 3.274205 
ITERATION 26 ------------- 
Tank Level 3.274205 
ITERATION 27 ------------- 
Tank Level 3.328346 
ITERATION 28 ------------- 
Tank Level 3.328346 
ITERATION 29 ------------- 
Tank Level 3.328346 
ITERATION 30 ------------- 
Tank Level 3.328346 
ITERATION 31 ------------- 
Tank Level 3.328346 
ITERATION 32 ------------- 
Tank Level 3.328346 
ITERATION 33 ------------- 
Tank Level 3.328346 
ITERATION 34 ------------- 
Tank Level 3.328346 
ITERATION 35 ------------- 
Tank Level 3.328346 
ITERATION 36 ------------- 
Tank Level 3.382468 
ITERATION 37 ------------- 
Tank Level 3.382468 
ITERATION 38 ------------- 
Tank Level 3.382468 
ITERATION 39 ------------- 
Tank Level 3.382468 
ITERATION 40 ------------- 
Tank Level 3.382468 
ITERATION 41 ------------- 
Tank Level 3.382468 
ITERATION 42 ------------- 
Tank Level 3.382468 
ITERATION 43 ------------- 
Tank Level 3.382468 
ITERATION 44 ------------- 
Tank Level 3.434783 
ITERATION 45 ------------- 
Tank Level 3.434783 
ITERATION 46 ------------- 
Tank Level 3.434783 
ITERATION 47 ------------- 
Tank Level 3.434783 
ITERATION 48 ------------- 
Tank Level 3.434783 
ITERATION 49 ------------- 
Tank Level 3.434783 
ITERATION 50 ------------- 
Tank Level 3.434783 
ITERATION 51 ------------- 
Tank Level 3.434783 
ITERATION 52 ------------- 
Tank Level 3.487062 
ITERATION 53 ------------- 
Tank Level 3.487062 
ITERATION 54 ------------- 
Tank Level 3.487062 
ITERATION 55 ------------- 
Tank Level 3.487062 
ITERATION 56 ------------- 
Tank Level 3.487062 
ITERATION 57 ------------- 
Tank Level 3.487062 
ITERATION 58 ------------- 
Tank Level 3.487062 
ITERATION 59 ------------- 
Tank Level 3.487062 
ITERATION 60 ------------- 
Tank Level 3.539305 
ITERATION 61 ------------- 
Tank Level 3.539305 
ITERATION 62 ------------- 
Tank Level 3.539305 
ITERATION 63 ------------- 
Tank Level 3.539305 
ITERATION 64 ------------- 
Tank Level 3.539305 
ITERATION 65 ------------- 
Tank Level 3.539305 
ITERATION 66 ------------- 
Tank Level 3.539305 
ITERATION 67 ------------- 
Tank Level 3.539305 
ITERATION 68 ------------- 
Tank Level 3.591512 
ITERATION 69 ------------- 
Tank Level 3.591512 
ITERATION 70 ------------- 
Tank Level 3.591512 
ITERATION 71 ------------- 
Tank Level 3.591512 
ITERATION 72 ------------- 
Tank Level 3.591512 
ITERATI                T5:1[    0-0    ] <= [3.5915114879608154]
                T5:1              <= [3.59151159655997]: 'OK'
                T5:1              <= [3.59151159655997]: 'OK'
                T5:1[    0-0    ] <= [3.5915114879608154]
                T5:1              <= [3.59151159655997]: 'OK'
                T5:1[    0-0    ] <= [3.5915114879608154]
                T5:1[    0-0    ] <= [3.643681764602661]
                T5:1              <= [3.64368178284518]: 'OK'
                T5:1              <= [3.64368178284518]: 'OK'
                T5:1[    0-0    ] <= [3.643681764602661]
                T5:1              <= [3.64368178284518]: 'OK'
                T5:1[    0-0    ] <= [3.643681764602661]
                T5:1              <= [3.64368178284518]: 'OK'
                T5:1[    0-0    ] <= [3.643681764602661]
                T5:1              <= [3.64368178284518]: 'OK'
                T5:1[    0-0    ] <= [3.643681764602661]
                T5:1              <= [3.64368178284518]: 'OK'
                T5:1[    0-0    ] <= [3.643681764602661]
                T5:1              <= [3.64368178284518]: 'OK'
                T5:1[    0-0    ] <= [3.643681764602661]
                T5:1[    0-0    ] <= [3.643681764602661]
                T5:1              <= [3.64368178284518]: 'OK'
                T5:1              <= [3.6958157279899]: 'OK'
                T5:1[    0-0    ] <= [3.6958158016204834]
                T5:1              <= [3.6958157279899]: 'OK'
                T5:1[    0-0    ] <= [3.6958158016204834]
                T5:1              <= [3.6958157279899]: 'OK'
                T5:1[    0-0    ] <= [3.6958158016204834]
                T5:1              <= [3.6958157279899]: 'OK'
                T5:1[    0-0    ] <= [3.6958158016204834]
                T5:1[    0-0    ] <= [3.6958158016204834]
                T5:1              <= [3.6958157279899]: 'OK'
                T5:1              <= [3.6958157279899]: 'OK'
                T5:1[    0-0    ] <= [3.6958158016204834]
                T5:1              <= [3.6958157279899]: 'OK'
                T5:1[    0-0    ] <= [3.6958158016204834]
                T5:1              <= [3.6958157279899]: 'OK'
                T5:1[    0-0    ] <= [3.6958158016204834]
                T5:1[    0-0    ] <= [3.6958158016204834]
                T5:1              <= [3.6958157279899]: 'OK'
                T5:1              <= [3.7479134482234]: 'OK'
                T5:1[    0-0    ] <= [3.747913360595703]
                T5:1              <= [3.7479134482234]: 'OK'
                T5:1[    0-0    ] <= [3.747913360595703]
                T5:1[    0-0    ] <= [3.747913360595703]
                T5:1              <= [3.7479134482234]: 'OK'
                T5:1[    0-0    ] <= [3.747913360595703]
                T5:1              <= [3.7479134482234]: 'OK'
                T5:1              <= [3.7479134482234]: 'OK'
                T5:1[    0-0    ] <= [3.747913360595703]
                T5:1[    0-0    ] <= [3.747913360595703]
                T5:1              <= [3.7479134482234]: 'OK'
                T5:1              <= [3.7479134482234]: 'OK'
                T5:1[    0-0    ] <= [3.747913360595703]
                T5:1              <= [3.7479134482234]: 'OK'
                T5:1[    0-0    ] <= [3.747913360595703]
                T5:1              <= [3.79997495977824]: 'OK'
                T5:1[    0-0    ] <= [3.7999749183654785]
                T5:1              <= [3.79997495977824]: 'OK'
                T5:1[    0-0    ] <= [3.7999749183654785]
                T5:1[    0-0    ] <= [3.7999749183654785]
                T5:1              <= [3.79997495977824]: 'OK'
                T5:1[    0-0    ] <= [3.7999749183654785]
                T5:1              <= [3.79997495977824]: 'OK'
                T5:1              <= [3.79997495977824]: 'OK'
                T5:1[    0-0    ] <= [3.7999749183654785]
                T5:1              <= [3.79997495977824]: 'OK'
                T5:1[    0-0    ] <= [3.7999749183654785]
                T5:1              <= [3.79997495977824]: 'OK'
                T5:1[    0-0    ] <= [3.7999749183654785]
                T5:1              <= [3.79997495977824]: 'OK'
                T5:1[    0-0    ] <= [3.7999749183654785]
                T5:1              <= [3.79997495977824]: 'OK'
                T5:1[    0-0    ] <= [3.7999749183654785]
                T5:1              <= [3.79997495977824]: 'OK'
                T5:1[    0-0    ] <= [3.7999749183654785]
                T5:1              <= [3.85200027889027]: 'OK'
                T5:1[    0-0    ] <= [3.8520002365112305]
                T5:1              <= [3.85200027889027]: 'OK'
                T5:1[    0-0    ] <= [3.8520002365112305]
                T5:1              <= [3.85200027889027]: 'OK'
                T5:1[    0-0    ] <= [3.8520002365112305]
                T5:1              <= [3.85200027889027]: 'OK'
                T5:1[    0-0    ] <= [3.8520002365112305]
                T5:1              <= [3.85200027889027]: 'OK'
                T5:1[    0-0    ] <= [3.8520002365112305]
                T5:1              <= [3.85200027889027]: 'OK'
                T5:1[    0-0    ] <= [3.8520002365112305]
                T5:1              <= [3.85200027889027]: 'OK'
                T5:1[    0-0    ] <= [3.8520002365112305]
                T5:1              <= [3.85200027889027]: 'OK'
                T5:1[    0-0    ] <= [3.8520002365112305]
                T5:1              <= [3.90398942179863]: 'OK'
                T5:1[    0-0    ] <= [3.903989315032959]
                T5:1              <= [3.90398942179863]: 'OK'
                T5:1[    0-0    ] <= [3.903989315032959]
                T5:1              <= [3.90398942179863]: 'OK'
                T5:1[    0-0    ] <= [3.903989315032959]
                T5:1              <= [3.90398942179863]: 'OK'
                T5:1[    0-0    ] <= [3.903989315032959]
                T5:1[    0-0    ] <= [3.903989315032959]
                T5:1              <= [3.90398942179863]: 'OK'
                T5:1              <= [3.90398942179863]: 'OK'
                T5:1[    0-0    ] <= [3.903989315032959]
                T5:1              <= [3.90398942179863]: 'OK'
                T5:1[    0-0    ] <= [3.903989315032959]
                T5:1              <= [3.90398942179863]: 'OK'
                T5:1[    0-0    ] <= [3.903989315032959]
                T5:1              <= [3.96219490032281]: 'OK'
                T5:1[    0-0    ] <= [3.9621949195861816]
                T5:1              <= [3.96219490032281]: 'OK'
                T5:1[    0-0    ] <= [3.9621949195861816]
                T5:1              <= [3.96219490032281]: 'OK'
                T5:1[    0-0    ] <= [3.9621949195861816]
                T5:1              <= [3.96219490032281]: 'OK'
                T5:1[    0-0    ] <= [3.9621949195861816]
                T5:1              <= [3.96219490032281]: 'OK'
                T5:1[    0-0    ] <= [3.9621949195861816]
                T5:1              <= [3.96219490032281]: 'OK'
                T5:1[    0-0    ] <= [3.9621949195861816]
                T5:1              <= [3.96219490032281]: 'OK'
                T5:1[    0-0    ] <= [3.9621949195861816]
                T5:1              <= [3.96219490032281]: 'OK'
                T5:1[    0-0    ] <= [3.9621949195861816]
                T5:1              <= [3.96219490032281]: 'OK'
                T5:1[    0-0    ] <= [3.9621949195861816]
                T5:1              <= [4.01484015122058]: 'OK'
                T5:1[    0-0    ] <= [4.014840126037598]
                T5:1              <= [4.01484015122058]: 'OK'
                T5:1[    0-0    ] <= [4.014840126037598]
                T5:1              <= [4.01484015122058]: 'OK'
                T5:1[    0-0    ] <= [4.014840126037598]
                T5:1              <= [4.01484015122058]: 'OK'
                T5:1[    0-0    ] <= [4.014840126037598]
                T5:1              <= [4.01484015122058]: 'OK'
                T5:1[    0-0    ] <= [4.014840126037598]
                T5:1[    0-0    ] <= [4.014840126037598]
                T5:1              <= [4.01484015122058]: 'OK'
                T5:1              <= [4.01484015122058]: 'OK'
                T5:1[    0-0    ] <= [4.014840126037598]
                T5:1              <= [4.01484015122058]: 'OK'
                T5:1[    0-0    ] <= [4.014840126037598]
                T5:1              <= [4.01484015122058]: 'OK'
                T5:1[    0-0    ] <= [4.014840126037598]
                T5:1              <= [4.01484015122058]: 'OK'
                T5:1[    0-0    ] <= [4.014840126037598]
                T5:1              <= [4.0674418519181]: 'OK'
                T5:1[    0-0    ] <= [4.067441940307617]
                T5:1              <= [4.0674418519181]: 'OK'
                T5:1[    0-0    ] <= [4.067441940307617]
                T5:1              <= [4.0674418519181]: 'OK'
                T5:1[    0-0    ] <= [4.067441940307617]
                T5:1              <= [4.0674418519181]: 'OK'
                T5:1[    0-0    ] <= [4.067441940307617]
                T5:1              <= [4.0674418519181]: 'OK'
                T5:1[    0-0    ] <= [4.067441940307617]
                T5:1              <= [4.0674418519181]: 'OK'
                T5:1[    0-0    ] <= [4.067441940307617]
                T5:1              <= [4.0674418519181]: 'OK'
                T5:1[    0-0    ] <= [4.067441940307617]
                T5:1              <= [4.0674418519181]: 'OK'
                T5:1[    0-0    ] <= [4.067441940307617]
                T5:1              <= [4.0674418519181]: 'OK'
                T5:1[    0-0    ] <= [4.067441940307617]
                T5:1              <= [4.12000002362771]: 'OK'
                T5:1[    0-0    ] <= [4.119999885559082]
ON 73 ------------- 
Tank Level 3.591512 
ITERATION 74 ------------- 
Tank Level 3.591512 
ITERATION 75 ------------- 
Tank Level 3.643682 
ITERATION 76 ------------- 
Tank Level 3.643682 
ITERATION 77 ------------- 
Tank Level 3.643682 
ITERATION 78 ------------- 
Tank Level 3.643682 
ITERATION 79 ------------- 
Tank Level 3.643682 
ITERATION 80 ------------- 
Tank Level 3.643682 
ITERATION 81 ------------- 
Tank Level 3.643682 
ITERATION 82 ------------- 
Tank Level 3.643682 
ITERATION 83 ------------- 
Tank Level 3.695816 
ITERATION 84 ------------- 
Tank Level 3.695816 
ITERATION 85 ------------- 
Tank Level 3.695816 
ITERATION 86 ------------- 
Tank Level 3.695816 
ITERATION 87 ------------- 
Tank Level 3.695816 
ITERATION 88 ------------- 
Tank Level 3.695816 
ITERATION 89 ------------- 
Tank Level 3.695816 
ITERATION 90 ------------- 
Tank Level 3.695816 
ITERATION 91 ------------- 
Tank Level 3.695816 
ITERATION 92 ------------- 
Tank Level 3.747913 
ITERATION 93 ------------- 
Tank Level 3.747913 
ITERATION 94 ------------- 
Tank Level 3.747913 
ITERATION 95 ------------- 
Tank Level 3.747913 
ITERATION 96 ------------- 
Tank Level 3.747913 
ITERATION 97 ------------- 
Tank Level 3.747913 
ITERATION 98 ------------- 
Tank Level 3.747913 
ITERATION 99 ------------- 
Tank Level 3.747913 
ITERATION 100 ------------- 
Tank Level 3.799975 
ITERATION 101 ------------- 
Tank Level 3.799975 
ITERATION 102 ------------- 
Tank Level 3.799975 
ITERATION 103 ------------- 
Tank Level 3.799975 
ITERATION 104 ------------- 
Tank Level 3.799975 
ITERATION 105 ------------- 
Tank Level 3.799975 
ITERATION 106 ------------- 
Tank Level 3.799975 
ITERATION 107 ------------- 
Tank Level 3.799975 
ITERATION 108 ------------- 
Tank Level 3.799975 
ITERATION 109 ------------- 
Tank Level 3.799975 
ITERATION 110 ------------- 
Tank Level 3.852000 
ITERATION 111 ------------- 
Tank Level 3.852000 
ITERATION 112 ------------- 
Tank Level 3.852000 
ITERATION 113 ------------- 
Tank Level 3.852000 
ITERATION 114 ------------- 
Tank Level 3.852000 
ITERATION 115 ------------- 
Tank Level 3.852000 
ITERATION 116 ------------- 
Tank Level 3.852000 
ITERATION 117 ------------- 
Tank Level 3.852000 
ITERATION 118 ------------- 
Tank Level 3.903989 
ITERATION 119 ------------- 
Tank Level 3.903989 
ITERATION 120 ------------- 
Tank Level 3.903989 
ITERATION 121 ------------- 
Tank Level 3.903989 
ITERATION 122 ------------- 
Tank Level 3.903989 
ITERATION 123 ------------- 
Tank Level 3.903989 
ITERATION 124 ------------- 
Tank Level 3.903989 
ITERATION 125 ------------- 
Tank Level 3.903989 
ITERATION 126 ------------- 
Tank Level 3.962195 
ITERATION 127 ------------- 
Tank Level 3.962195 
ITERATION 128 ------------- 
Tank Level 3.962195 
ITERATION 129 ------------- 
Tank Level 3.962195 
ITERATION 130 ------------- 
Tank Level 3.962195 
ITERATION 131 ------------- 
Tank Level 3.962195 
ITERATION 132 ------------- 
Tank Level 3.962195 
ITERATION 133 ------------- 
Tank Level 3.962195 
ITERATION 134 ------------- 
Tank Level 3.962195 
ITERATION 135 ------------- 
Tank Level 4.014840 
ITERATION 136 ------------- 
Tank Level 4.014840 
ITERATION 137 ------------- 
Tank Level 4.014840 
ITERATION 138 ------------- 
Tank Level 4.014840 
ITERATION 139 ------------- 
Tank Level 4.014840 
ITERATION 140 ------------- 
Tank Level 4.014840 
ITERATION 141 ------------- 
Tank Level 4.014840 
ITERATION 142 ------------- 
Tank Level 4.014840 
ITERATION 143 ------------- 
Tank Level 4.014840 
ITERATION 144 ------------- 
Tank Level 4.014840 
ITERATION 145 ------------- 
Tank Level 4.067442 
ITERATION 146 ------------- 
Tank Level 4.067442 
ITERATION 147 ------------- 
Tank Level 4.067442 
ITERATION 148 ------------- 
Tank Level 4.067442 
ITERATION 149 ------------- 
Tank Level 4.067442 
ITERATION 150 ------------- 
Tank Level 4.067442 
ITERATION 151 ------------- 
Tank Level 4.067442 
ITERATION 152 ------------- 
Tank Level 4.067442 
ITERATION 153 ------------- 
Tank Level 4.067442 
ITERATION 154 ------------- 
Tank Level 4.120000 
ITERATION 155 ------------- 
T                T5:1              <= [4.12000002362771]: 'OK'
                T5:1[    0-0    ] <= [4.119999885559082]
                T5:1              <= [4.12000002362771]: 'OK'
                T5:1[    0-0    ] <= [4.119999885559082]
                T5:1              <= [4.12000002362771]: 'OK'
                T5:1[    0-0    ] <= [4.119999885559082]
                T5:1              <= [4.12000002362771]: 'OK'
                T5:1[    0-0    ] <= [4.119999885559082]
                T5:1              <= [4.12000002362771]: 'OK'
                T5:1[    0-0    ] <= [4.119999885559082]
                T5:1[    0-0    ] <= [4.119999885559082]
                T5:1              <= [4.12000002362771]: 'OK'
                T5:1              <= [4.12000002362771]: 'OK'
                T5:1[    0-0    ] <= [4.119999885559082]
                T5:1              <= [4.17251468756911]: 'OK'
                T5:1[    0-0    ] <= [4.172514915466309]
                T5:1              <= [4.17251468756911]: 'OK'
                T5:1[    0-0    ] <= [4.172514915466309]
                T5:1              <= [4.17251468756911]: 'OK'
                T5:1[    0-0    ] <= [4.172514915466309]
                T5:1              <= [4.17251468756911]: 'OK'
                T5:1[    0-0    ] <= [4.172514915466309]
                T5:1[    0-0    ] <= [4.172514915466309]
                T5:1              <= [4.17251468756911]: 'OK'
                T5:1              <= [4.17251468756911]: 'OK'
                T5:1[    0-0    ] <= [4.172514915466309]
                T5:1              <= [4.17251468756911]: 'OK'
                T5:1[    0-0    ] <= [4.172514915466309]
                T5:1              <= [4.17251468756911]: 'OK'
                T5:1[    0-0    ] <= [4.172514915466309]
                T5:1              <= [4.17251468756911]: 'OK'
                T5:1[    0-0    ] <= [4.172514915466309]
                T5:1[    0-0    ] <= [4.2249860763549805]
                T5:1              <= [4.22498586496901]: 'OK'
                T5:1              <= [4.22498586496901]: 'OK'
                T5:1[    0-0    ] <= [4.2249860763549805]
                T5:1              <= [4.22498586496901]: 'OK'
                T5:1[    0-0    ] <= [4.2249860763549805]
                T5:1              <= [4.22498586496901]: 'OK'
                T5:1[    0-0    ] <= [4.2249860763549805]
                T5:1              <= [4.22498586496901]: 'OK'
                T5:1[    0-0    ] <= [4.2249860763549805]
                T5:1              <= [4.22498586496901]: 'OK'
                T5:1[    0-0    ] <= [4.2249860763549805]
                T5:1              <= [4.22498586496901]: 'OK'
                T5:1[    0-0    ] <= [4.2249860763549805]
                T5:1              <= [4.22498586496901]: 'OK'
                T5:1[    0-0    ] <= [4.2249860763549805]
                T5:1              <= [4.22498586496901]: 'OK'
                T5:1[    0-0    ] <= [4.2249860763549805]
                T5:1              <= [4.2774135770606]: 'OK'
                T5:1[    0-0    ] <= [4.277413368225098]
                T5:1[    0-0    ] <= [4.277413368225098]
                T5:1              <= [4.2774135770606]: 'OK'
                T5:1              <= [4.2774135770606]: 'OK'
                T5:1[    0-0    ] <= [4.277413368225098]
                T5:1              <= [4.2774135770606]: 'OK'
                T5:1[    0-0    ] <= [4.277413368225098]
                T5:1              <= [4.2774135770606]: 'OK'
                T5:1[    0-0    ] <= [4.277413368225098]
                T5:1              <= [4.2774135770606]: 'OK'
                T5:1[    0-0    ] <= [4.277413368225098]
                T5:1[    0-0    ] <= [4.277413368225098]
                T5:1              <= [4.2774135770606]: 'OK'
                T5:1              <= [4.2774135770606]: 'OK'
                T5:1[    0-0    ] <= [4.277413368225098]
                T5:1              <= [4.32979784508234]: 'OK'
                T5:1[    0-0    ] <= [4.329797744750977]
                T5:1              <= [4.32979784508234]: 'OK'
                T5:1[    0-0    ] <= [4.329797744750977]
                T5:1              <= [4.32979784508234]: 'OK'
                T5:1[    0-0    ] <= [4.329797744750977]
                T5:1              <= [4.32979784508234]: 'OK'
                T5:1[    0-0    ] <= [4.329797744750977]
                T5:1              <= [4.32979784508234]: 'OK'
                T5:1[    0-0    ] <= [4.329797744750977]
                T5:1              <= [4.32979784508234]: 'OK'
                T5:1[    0-0    ] <= [4.329797744750977]
                T5:1              <= [4.32979784508234]: 'OK'
                T5:1[    0-0    ] <= [4.329797744750977]
                T5:1              <= [4.32979784508234]: 'OK'
                T5:1[    0-0    ] <= [4.329797744750977]
                T5:1              <= [4.38213869027454]: 'OK'
                T5:1[    0-0    ] <= [4.382138729095459]
                T5:1              <= [4.38213869027454]: 'OK'
                T5:1[    0-0    ] <= [4.382138729095459]
                T5:1              <= [4.38213869027454]: 'OK'
                T5:1[    0-0    ] <= [4.382138729095459]
                T5:1              <= [4.38213869027454]: 'OK'
                T5:1[    0-0    ] <= [4.382138729095459]
                T5:1              <= [4.38213869027454]: 'OK'
                T5:1[    0-0    ] <= [4.382138729095459]
                T5:1              <= [4.38213869027454]: 'OK'
                T5:1[    0-0    ] <= [4.382138729095459]
                T5:1              <= [4.38213869027454]: 'OK'
                T5:1[    0-0    ] <= [4.382138729095459]
                T5:1              <= [4.38213869027454]: 'OK'
                T5:1[    0-0    ] <= [4.382138729095459]
                T5:1              <= [4.43443613394439]: 'OK'
                T5:1[    0-0    ] <= [4.434436321258545]
                T5:1              <= [4.43443613394439]: 'OK'
                T5:1[    0-0    ] <= [4.434436321258545]
                T5:1              <= [4.43443613394439]: 'OK'
                T5:1[    0-0    ] <= [4.434436321258545]
                T5:1              <= [4.43443613394439]: 'OK'
                T5:1[    0-0    ] <= [4.434436321258545]
                T5:1              <= [4.43443613394439]: 'OK'
                T5:1[    0-0    ] <= [4.434436321258545]
                T5:1              <= [4.43443613394439]: 'OK'
                T5:1[    0-0    ] <= [4.434436321258545]
                T5:1              <= [4.43443613394439]: 'OK'
                T5:1[    0-0    ] <= [4.434436321258545]
                T5:1              <= [4.43443613394439]: 'OK'
                T5:1[    0-0    ] <= [4.434436321258545]
                T5:1              <= [4.43443613394439]: 'OK'
                T5:1[    0-0    ] <= [4.434436321258545]
                T5:1              <= [4.48669019746818]: 'OK'
                T5:1[    0-0    ] <= [4.486690044403076]
                T5:1              <= [4.48669019746818]: 'OK'
                T5:1[    0-0    ] <= [4.486690044403076]
                T5:1[    0-0    ] <= [4.486690044403076]
                T5:1              <= [4.48669019746818]: 'OK'
                T5:1              <= [4.48669019746818]: 'OK'
                T5:1[    0-0    ] <= [4.486690044403076]
                T5:1              <= [4.48669019746818]: 'OK'
                T5:1[    0-0    ] <= [4.486690044403076]
                T5:1              <= [4.48669019746818]: 'OK'
                T5:1[    0-0    ] <= [4.486690044403076]
                T5:1              <= [4.48669019746818]: 'OK'
                T5:1[    0-0    ] <= [4.486690044403076]
                T5:1[    0-0    ] <= [4.486690044403076]
                T5:1              <= [4.48669019746818]: 'OK'
                T5:1              <= [4.500090945022]: 'OK'
                T5:1[    0-0    ] <= [4.500091075897217]
                T5:1              <= [4.500090945022]: 'OK'
                T5:1[    0-0    ] <= [4.500091075897217]
                T5:1              <= [4.500090945022]: 'OK'
                T5:1[    0-0    ] <= [4.500091075897217]
                T5:1              <= [4.500090945022]: 'OK'
                T5:1[    0-0    ] <= [4.500091075897217]
                T5:1              <= [4.500090945022]: 'OK'
                T5:1[    0-0    ] <= [4.500091075897217]
                T5:1              <= [4.500090945022]: 'OK'
                T5:1[    0-0    ] <= [4.500091075897217]
                T5:1              <= [4.500090945022]: 'OK'
                T5:1[    0-0    ] <= [4.500091075897217]
                T5:1              <= [4.500090945022]: 'OK'
                T5:1[    0-0    ] <= [4.500091075897217]
                T5:1              <= [4.500090945022]: 'OK'
                T5:1[    0-0    ] <= [4.500091075897217]
                T5:1              <= [4.500090945022]: 'OK'
                T5:1[    0-0    ] <= [4.500091075897217]
                T5:1              <= [4.500090945022]: 'OK'
                T5:1[    0-0    ] <= [4.500091075897217]
                T5:1              <= [4.500090945022]: 'OK'
                T5:1[    0-0    ] <= [4.500091075897217]
                T5:1              <= [4.500090945022]: 'OK'
                T5:1[    0-0    ] <= [4.500091075897217]
                T5:1              <= [4.500090945022]: 'OK'
                T5:1[    0-0    ] <= [4.500091075897217]
                T5:1              <= [4.500090945022]: 'OK'
                T5:1[    0-0    ] <= [4.500091075897217]
ank Level 4.120000 
ITERATION 156 ------------- 
Tank Level 4.120000 
ITERATION 157 ------------- 
Tank Level 4.120000 
ITERATION 158 ------------- 
Tank Level 4.120000 
ITERATION 159 ------------- 
Tank Level 4.120000 
ITERATION 160 ------------- 
Tank Level 4.120000 
ITERATION 161 ------------- 
Tank Level 4.120000 
ITERATION 162 ------------- 
Tank Level 4.172515 
ITERATION 163 ------------- 
Tank Level 4.172515 
ITERATION 164 ------------- 
Tank Level 4.172515 
ITERATION 165 ------------- 
Tank Level 4.172515 
ITERATION 166 ------------- 
Tank Level 4.172515 
ITERATION 167 ------------- 
Tank Level 4.172515 
ITERATION 168 ------------- 
Tank Level 4.172515 
ITERATION 169 ------------- 
Tank Level 4.172515 
ITERATION 170 ------------- 
Tank Level 4.172515 
ITERATION 171 ------------- 
Tank Level 4.224986 
ITERATION 172 ------------- 
Tank Level 4.224986 
ITERATION 173 ------------- 
Tank Level 4.224986 
ITERATION 174 ------------- 
Tank Level 4.224986 
ITERATION 175 ------------- 
Tank Level 4.224986 
ITERATION 176 ------------- 
Tank Level 4.224986 
ITERATION 177 ------------- 
Tank Level 4.224986 
ITERATION 178 ------------- 
Tank Level 4.224986 
ITERATION 179 ------------- 
Tank Level 4.224986 
ITERATION 180 ------------- 
Tank Level 4.277414 
ITERATION 181 ------------- 
Tank Level 4.277414 
ITERATION 182 ------------- 
Tank Level 4.277414 
ITERATION 183 ------------- 
Tank Level 4.277414 
ITERATION 184 ------------- 
Tank Level 4.277414 
ITERATION 185 ------------- 
Tank Level 4.277414 
ITERATION 186 ------------- 
Tank Level 4.277414 
ITERATION 187 ------------- 
Tank Level 4.277414 
ITERATION 188 ------------- 
Tank Level 4.329798 
ITERATION 189 ------------- 
Tank Level 4.329798 
ITERATION 190 ------------- 
Tank Level 4.329798 
ITERATION 191 ------------- 
Tank Level 4.329798 
ITERATION 192 ------------- 
Tank Level 4.329798 
ITERATION 193 ------------- 
Tank Level 4.329798 
ITERATION 194 ------------- 
Tank Level 4.329798 
ITERATION 195 ------------- 
Tank Level 4.329798 
ITERATION 196 ------------- 
Tank Level 4.382139 
ITERATION 197 ------------- 
Tank Level 4.382139 
ITERATION 198 ------------- 
Tank Level 4.382139 
ITERATION 199 ------------- 
Tank Level 4.382139 
ITERATION 200 ------------- 
Tank Level 4.382139 
ITERATION 201 ------------- 
Tank Level 4.382139 
ITERATION 202 ------------- 
Tank Level 4.382139 
ITERATION 203 ------------- 
Tank Level 4.382139 
ITERATION 204 ------------- 
Tank Level 4.434436 
ITERATION 205 ------------- 
Tank Level 4.434436 
ITERATION 206 ------------- 
Tank Level 4.434436 
ITERATION 207 ------------- 
Tank Level 4.434436 
ITERATION 208 ------------- 
Tank Level 4.434436 
ITERATION 209 ------------- 
Tank Level 4.434436 
ITERATION 210 ------------- 
Tank Level 4.434436 
ITERATION 211 ------------- 
Tank Level 4.434436 
ITERATION 212 ------------- 
Tank Level 4.434436 
ITERATION 213 ------------- 
Tank Level 4.486690 
ITERATION 214 ------------- 
Tank Level 4.486690 
ITERATION 215 ------------- 
Tank Level 4.486690 
ITERATION 216 ------------- 
Tank Level 4.486690 
ITERATION 217 ------------- 
Tank Level 4.486690 
ITERATION 218 ------------- 
Tank Level 4.486690 
ITERATION 219 ------------- 
Tank Level 4.486690 
ITERATION 220 ------------- 
Tank Level 4.486690 
ITERATION 221 ------------- 
Tank Level 4.500091 
ITERATION 222 ------------- 
Tank Level 4.500091 
ITERATION 223 ------------- 
Tank Level 4.500091 
ITERATION 224 ------------- 
Tank Level 4.500091 
ITERATION 225 ------------- 
Tank Level 4.500091 
ITERATION 226 ------------- 
Tank Level 4.500091 
ITERATION 227 ------------- 
Tank Level 4.500091 
ITERATION 228 ------------- 
Tank Level 4.500091 
ITERATION 229 ------------- 
Tank Level 4.500091 
ITERATION 230 ------------- 
Tank Level 4.500091 
ITERATION 231 ------------- 
Tank Level 4.500091 
ITERATION 232 ------------- 
Tank Level 4.500091 
ITERATION 233 ------------- 
Tank Level 4.500091 
ITERATION 234 ------------- 
Tank Level 4.500091 
ITERATION 235 ------------- 
Tank Level 4.500091 
ITERATION 236 ------------- 
Tank Level 4.500091 
ITERATION 237 ------------                T5:1              <= [4.500090945022]: 'OK'
                T5:1[    0-0    ] <= [4.500091075897217]
                T5:1              <= [4.500090945022]: 'OK'
                T5:1[    0-0    ] <= [4.500091075897217]
                T5:1[    0-0    ] <= [4.500091075897217]
                T5:1              <= [4.500090945022]: 'OK'
                T5:1              <= [4.500090945022]: 'OK'
                T5:1[    0-0    ] <= [4.500091075897217]
                T5:1              <= [4.500090945022]: 'OK'
                T5:1[    0-0    ] <= [4.500091075897217]
                T5:1              <= [4.500090945022]: 'OK'
                T5:1[    0-0    ] <= [4.500091075897217]
                T5:1              <= [4.500090945022]: 'OK'
                T5:1[    0-0    ] <= [4.500091075897217]
                T5:1              <= [4.500090945022]: 'OK'
                T5:1[    0-0    ] <= [4.500091075897217]
                T5:1              <= [4.500090945022]: 'OK'
                T5:1[    0-0    ] <= [4.500091075897217]
                T5:1              <= [4.500090945022]: 'OK'
                T5:1[    0-0    ] <= [4.500091075897217]
                T5:1              <= [4.500090945022]: 'OK'
                T5:1[    0-0    ] <= [4.500091075897217]
                T5:1              <= [4.500090945022]: 'OK'
                T5:1[    0-0    ] <= [4.500091075897217]
                T5:1              <= [4.500090945022]: 'OK'
                T5:1[    0-0    ] <= [4.500091075897217]
                T5:1              <= [4.500090945022]: 'OK'
                T5:1[    0-0    ] <= [4.500091075897217]
                T5:1              <= [4.500090945022]: 'OK'
                T5:1[    0-0    ] <= [4.500091075897217]
                T5:1              <= [4.500090945022]: 'OK'
                T5:1[    0-0    ] <= [4.500091075897217]
                T5:1              <= [4.500090945022]: 'OK'
                T5:1[    0-0    ] <= [4.500091075897217]
                T5:1              <= [4.500090945022]: 'OK'
                T5:1[    0-0    ] <= [4.500091075897217]
                T5:1              <= [4.46891750158174]: 'OK'
                T5:1[    0-0    ] <= [4.468917369842529]
                T5:1              <= [4.46891750158174]: 'OK'
                T5:1[    0-0    ] <= [4.468917369842529]
                T5:1              <= [4.46891750158174]: 'OK'
                T5:1[    0-0    ] <= [4.468917369842529]
                T5:1              <= [4.46891750158174]: 'OK'
                T5:1[    0-0    ] <= [4.468917369842529]
                T5:1              <= [4.46891750158174]: 'OK'
                T5:1[    0-0    ] <= [4.468917369842529]
                T5:1              <= [4.46891750158174]: 'OK'
                T5:1[    0-0    ] <= [4.468917369842529]
                T5:1              <= [4.46891750158174]: 'OK'
                T5:1[    0-0    ] <= [4.468917369842529]
                T5:1              <= [4.4377440581415]: 'OK'
                T5:1[    0-0    ] <= [4.437744140625]
                T5:1              <= [4.4377440581415]: 'OK'
                T5:1[    0-0    ] <= [4.437744140625]
                T5:1              <= [4.4377440581415]: 'OK'
                T5:1[    0-0    ] <= [4.437744140625]
                T5:1              <= [4.4377440581415]: 'OK'
                T5:1[    0-0    ] <= [4.437744140625]
                T5:1              <= [4.4377440581415]: 'OK'
                T5:1[    0-0    ] <= [4.437744140625]
                T5:1              <= [4.4377440581415]: 'OK'
                T5:1[    0-0    ] <= [4.437744140625]
                T5:1              <= [4.4377440581415]: 'OK'
                T5:1[    0-0    ] <= [4.437744140625]
                T5:1              <= [4.4377440581415]: 'OK'
                T5:1[    0-0    ] <= [4.437744140625]
                T5:1[    0-0    ] <= [4.437744140625]
                T5:1              <= [4.4377440581415]: 'OK'
                T5:1              <= [4.4377440581415]: 'OK'
                T5:1[    0-0    ] <= [4.437744140625]
                T5:1              <= [4.40657061470128]: 'OK'
                T5:1[    0-0    ] <= [4.4065704345703125]
                T5:1              <= [4.40657061470128]: 'OK'
                T5:1[    0-0    ] <= [4.4065704345703125]
                T5:1              <= [4.40657061470128]: 'OK'
                T5:1[    0-0    ] <= [4.4065704345703125]
                T5:1              <= [4.40657061470128]: 'OK'
                T5:1[    0-0    ] <= [4.4065704345703125]
                T5:1              <= [4.40657061470128]: 'OK'
                T5:1[    0-0    ] <= [4.4065704345703125]
                T5:1[    0-0    ] <= [4.4065704345703125]
                T5:1              <= [4.40657061470128]: 'OK'
                T5:1              <= [4.40657061470128]: 'OK'
                T5:1[    0-0    ] <= [4.4065704345703125]
                T5:1              <= [4.40657061470128]: 'OK'
                T5:1[    0-0    ] <= [4.4065704345703125]
                T5:1              <= [4.40657061470128]: 'OK'
                T5:1[    0-0    ] <= [4.4065704345703125]
                T5:1[    0-0    ] <= [4.375397205352783]
                T5:1              <= [4.37539717126106]: 'OK'
                T5:1              <= [4.37539717126106]: 'OK'
                T5:1[    0-0    ] <= [4.375397205352783]
                T5:1              <= [4.37539717126106]: 'OK'
                T5:1[    0-0    ] <= [4.375397205352783]
                T5:1              <= [4.37539717126106]: 'OK'
                T5:1[    0-0    ] <= [4.375397205352783]
                T5:1              <= [4.37539717126106]: 'OK'
                T5:1[    0-0    ] <= [4.375397205352783]
                T5:1              <= [4.37539717126106]: 'OK'
                T5:1[    0-0    ] <= [4.375397205352783]
                T5:1              <= [4.37539717126106]: 'OK'
                T5:1[    0-0    ] <= [4.375397205352783]
                T5:1              <= [4.34422372782085]: 'OK'
                T5:1[    0-0    ] <= [4.344223499298096]
                T5:1              <= [4.34422372782085]: 'OK'
                T5:1[    0-0    ] <= [4.344223499298096]
                T5:1              <= [4.34422372782085]: 'OK'
                T5:1[    0-0    ] <= [4.344223499298096]
                T5:1              <= [4.34422372782085]: 'OK'
                T5:1[    0-0    ] <= [4.344223499298096]
                T5:1              <= [4.34422372782085]: 'OK'
                T5:1[    0-0    ] <= [4.344223499298096]
                T5:1              <= [4.34422372782085]: 'OK'
                T5:1[    0-0    ] <= [4.344223499298096]
                T5:1              <= [4.34422372782085]: 'OK'
                T5:1[    0-0    ] <= [4.344223499298096]
                T5:1              <= [4.34422372782085]: 'OK'
                T5:1[    0-0    ] <= [4.344223499298096]
                T5:1              <= [4.34422372782085]: 'OK'
                T5:1[    0-0    ] <= [4.344223499298096]
                T5:1              <= [4.31305028438065]: 'OK'
                T5:1[    0-0    ] <= [4.313050270080566]
                T5:1              <= [4.31305028438065]: 'OK'
                T5:1[    0-0    ] <= [4.313050270080566]
                T5:1              <= [4.31305028438065]: 'OK'
                T5:1[    0-0    ] <= [4.313050270080566]
                T5:1              <= [4.31305028438065]: 'OK'
                T5:1[    0-0    ] <= [4.313050270080566]
                T5:1              <= [4.31305028438065]: 'OK'
                T5:1[    0-0    ] <= [4.313050270080566]
                T5:1              <= [4.31305028438065]: 'OK'
                T5:1[    0-0    ] <= [4.313050270080566]
                T5:1              <= [4.31305028438065]: 'OK'
                T5:1[    0-0    ] <= [4.313050270080566]
                T5:1              <= [4.31305028438065]: 'OK'
                T5:1[    0-0    ] <= [4.313050270080566]
                T5:1              <= [4.31305028438065]: 'OK'
                T5:1[    0-0    ] <= [4.313050270080566]
                T5:1              <= [4.28187684094046]: 'OK'
                T5:1[    0-0    ] <= [4.281877040863037]
                T5:1              <= [4.28187684094046]: 'OK'
                T5:1[    0-0    ] <= [4.281877040863037]
                T5:1              <= [4.28187684094046]: 'OK'
                T5:1[    0-0    ] <= [4.281877040863037]
                T5:1              <= [4.28187684094046]: 'OK'
                T5:1[    0-0    ] <= [4.281877040863037]
                T5:1              <= [4.28187684094046]: 'OK'
                T5:1[    0-0    ] <= [4.281877040863037]
                T5:1              <= [4.28187684094046]: 'OK'
                T5:1[    0-0    ] <= [4.281877040863037]
                T5:1              <= [4.28187684094046]: 'OK'
                T5:1[    0-0    ] <= [4.281877040863037]
                T5:1              <= [4.28187684094046]: 'OK'
                T5:1[    0-0    ] <= [4.281877040863037]
                T5:1              <= [4.25070339750027]: 'OK'
                T5:1[    0-0    ] <= [4.25070333480835]
                T5:1              <= [4.25070339750027]: 'OK'
                T5:1[    0-0    ] <= [4.25070333480835]
                T5:1[    0-0    ] <= [4.25070333480835]
                T5:1              <= [4.25070339750027]: 'OK'
                T5:1              <= [4.25070339750027]: 'OK'
                T5:1[    0-0    ] <= [4.25070333480835]
                T5:1[    0-0    ] <= [4.25070333480835]
                T5:1              <= [4.25070339750027]: 'OK'
- 
Tank Level 4.500091 
ITERATION 238 ------------- 
Tank Level 4.500091 
ITERATION 239 ------------- 
Tank Level 4.500091 
ITERATION 240 ------------- 
Tank Level 4.500091 
ITERATION 241 ------------- 
Tank Level 4.500091 
ITERATION 242 ------------- 
Tank Level 4.500091 
ITERATION 243 ------------- 
Tank Level 4.500091 
ITERATION 244 ------------- 
Tank Level 4.500091 
ITERATION 245 ------------- 
Tank Level 4.500091 
ITERATION 246 ------------- 
Tank Level 4.500091 
ITERATION 247 ------------- 
Tank Level 4.500091 
ITERATION 248 ------------- 
Tank Level 4.500091 
ITERATION 249 ------------- 
Tank Level 4.500091 
ITERATION 250 ------------- 
Tank Level 4.500091 
ITERATION 251 ------------- 
Tank Level 4.500091 
ITERATION 252 ------------- 
Tank Level 4.500091 
ITERATION 253 ------------- 
Tank Level 4.500091 
ITERATION 254 ------------- 
Tank Level 4.468918 
ITERATION 255 ------------- 
Tank Level 4.468918 
ITERATION 256 ------------- 
Tank Level 4.468918 
ITERATION 257 ------------- 
Tank Level 4.468918 
ITERATION 258 ------------- 
Tank Level 4.468918 
ITERATION 259 ------------- 
Tank Level 4.468918 
ITERATION 260 ------------- 
Tank Level 4.468918 
ITERATION 261 ------------- 
Tank Level 4.437744 
ITERATION 262 ------------- 
Tank Level 4.437744 
ITERATION 263 ------------- 
Tank Level 4.437744 
ITERATION 264 ------------- 
Tank Level 4.437744 
ITERATION 265 ------------- 
Tank Level 4.437744 
ITERATION 266 ------------- 
Tank Level 4.437744 
ITERATION 267 ------------- 
Tank Level 4.437744 
ITERATION 268 ------------- 
Tank Level 4.437744 
ITERATION 269 ------------- 
Tank Level 4.437744 
ITERATION 270 ------------- 
Tank Level 4.437744 
ITERATION 271 ------------- 
Tank Level 4.406571 
ITERATION 272 ------------- 
Tank Level 4.406571 
ITERATION 273 ------------- 
Tank Level 4.406571 
ITERATION 274 ------------- 
Tank Level 4.406571 
ITERATION 275 ------------- 
Tank Level 4.406571 
ITERATION 276 ------------- 
Tank Level 4.406571 
ITERATION 277 ------------- 
Tank Level 4.406571 
ITERATION 278 ------------- 
Tank Level 4.406571 
ITERATION 279 ------------- 
Tank Level 4.406571 
ITERATION 280 ------------- 
Tank Level 4.375397 
ITERATION 281 ------------- 
Tank Level 4.375397 
ITERATION 282 ------------- 
Tank Level 4.375397 
ITERATION 283 ------------- 
Tank Level 4.375397 
ITERATION 284 ------------- 
Tank Level 4.375397 
ITERATION 285 ------------- 
Tank Level 4.375397 
ITERATION 286 ------------- 
Tank Level 4.375397 
ITERATION 287 ------------- 
Tank Level 4.344224 
ITERATION 288 ------------- 
Tank Level 4.344224 
ITERATION 289 ------------- 
Tank Level 4.344224 
ITERATION 290 ------------- 
Tank Level 4.344224 
ITERATION 291 ------------- 
Tank Level 4.344224 
ITERATION 292 ------------- 
Tank Level 4.344224 
ITERATION 293 ------------- 
Tank Level 4.344224 
ITERATION 294 ------------- 
Tank Level 4.344224 
ITERATION 295 ------------- 
Tank Level 4.344224 
ITERATION 296 ------------- 
Tank Level 4.313050 
ITERATION 297 ------------- 
Tank Level 4.313050 
ITERATION 298 ------------- 
Tank Level 4.313050 
ITERATION 299 ------------- 
Tank Level 4.313050 
ITERATION 300 ------------- 
Tank Level 4.313050 
ITERATION 301 ------------- 
Tank Level 4.313050 
ITERATION 302 ------------- 
Tank Level 4.313050 
ITERATION 303 ------------- 
Tank Level 4.313050 
ITERATION 304 ------------- 
Tank Level 4.313050 
ITERATION 305 ------------- 
Tank Level 4.281877 
ITERATION 306 ------------- 
Tank Level 4.281877 
ITERATION 307 ------------- 
Tank Level 4.281877 
ITERATION 308 ------------- 
Tank Level 4.281877 
ITERATION 309 ------------- 
Tank Level 4.281877 
ITERATION 310 ------------- 
Tank Level 4.281877 
ITERATION 311 ------------- 
Tank Level 4.281877 
ITERATION 312 ------------- 
Tank Level 4.281877 
ITERATION 313 ------------- 
Tank Level 4.250703 
ITERATION 314 ------------- 
Tank Level 4.250703 
ITERATION 315 ------------- 
Tank Level 4.250703 
ITERATION 316 ------------- 
Tank Level 4.250703 
ITERATION 317 ------------- 
Tank Level 4.250703 
ITERATION 318 ------------- 
Tank Level 4.250703 
ITERATION 319 --------                T5:1              <= [4.25070339750027]: 'OK'
                T5:1[    0-0    ] <= [4.25070333480835]
                T5:1              <= [4.25070339750027]: 'OK'
                T5:1[    0-0    ] <= [4.25070333480835]
                T5:1              <= [4.25070339750027]: 'OK'
                T5:1[    0-0    ] <= [4.25070333480835]
                T5:1              <= [4.25070339750027]: 'OK'
                T5:1[    0-0    ] <= [4.25070333480835]
                T5:1              <= [4.21952995406011]: 'OK'
                T5:1[    0-0    ] <= [4.21953010559082]
                T5:1              <= [4.21952995406011]: 'OK'
                T5:1[    0-0    ] <= [4.21953010559082]
                T5:1              <= [4.21952995406011]: 'OK'
                T5:1[    0-0    ] <= [4.21953010559082]
                T5:1              <= [4.21952995406011]: 'OK'
                T5:1[    0-0    ] <= [4.21953010559082]
                T5:1              <= [4.21952995406011]: 'OK'
                T5:1[    0-0    ] <= [4.21953010559082]
                T5:1[    0-0    ] <= [4.21953010559082]
                T5:1              <= [4.21952995406011]: 'OK'
                T5:1              <= [4.21952995406011]: 'OK'
                T5:1[    0-0    ] <= [4.21953010559082]
                T5:1              <= [4.21952995406011]: 'OK'
                T5:1[    0-0    ] <= [4.21953010559082]
                T5:1              <= [4.21952995406011]: 'OK'
                T5:1[    0-0    ] <= [4.21953010559082]
                T5:1[    0-0    ] <= [4.21953010559082]
                T5:1              <= [4.21952995406011]: 'OK'
                T5:1              <= [4.18835651061994]: 'OK'
                T5:1[    0-0    ] <= [4.188356399536133]
                T5:1              <= [4.18835651061994]: 'OK'
                T5:1[    0-0    ] <= [4.188356399536133]
                T5:1              <= [4.18835651061994]: 'OK'
                T5:1[    0-0    ] <= [4.188356399536133]
                T5:1              <= [4.18835651061994]: 'OK'
                T5:1[    0-0    ] <= [4.188356399536133]
                T5:1              <= [4.18835651061994]: 'OK'
                T5:1[    0-0    ] <= [4.188356399536133]
                T5:1              <= [4.18835651061994]: 'OK'
                T5:1[    0-0    ] <= [4.188356399536133]
                T5:1              <= [4.18835651061994]: 'OK'
                T5:1[    0-0    ] <= [4.188356399536133]
                T5:1              <= [4.15718306717979]: 'OK'
                T5:1[    0-0    ] <= [4.1571831703186035]
                T5:1              <= [4.15718306717979]: 'OK'
                T5:1[    0-0    ] <= [4.1571831703186035]
                T5:1              <= [4.15718306717979]: 'OK'
                T5:1[    0-0    ] <= [4.1571831703186035]
                T5:1              <= [4.15718306717979]: 'OK'
                T5:1[    0-0    ] <= [4.1571831703186035]
                T5:1              <= [4.15718306717979]: 'OK'
                T5:1[    0-0    ] <= [4.1571831703186035]
                T5:1              <= [4.15718306717979]: 'OK'
                T5:1[    0-0    ] <= [4.1571831703186035]
                T5:1              <= [4.15718306717979]: 'OK'
                T5:1[    0-0    ] <= [4.1571831703186035]
                T5:1              <= [4.15718306717979]: 'OK'
                T5:1[    0-0    ] <= [4.1571831703186035]
                T5:1              <= [4.12750007123458]: 'OK'
                T5:1[    0-0    ] <= [4.127500057220459]
                T5:1              <= [4.12750007123458]: 'OK'
                T5:1[    0-0    ] <= [4.127500057220459]
                T5:1              <= [4.12750007123458]: 'OK'
                T5:1[    0-0    ] <= [4.127500057220459]
                T5:1              <= [4.12750007123458]: 'OK'
                T5:1[    0-0    ] <= [4.127500057220459]
                T5:1[    0-0    ] <= [4.127500057220459]
                T5:1              <= [4.12750007123458]: 'OK'
                T5:1              <= [4.12750007123458]: 'OK'
                T5:1[    0-0    ] <= [4.127500057220459]
                T5:1              <= [4.12750007123458]: 'OK'
                T5:1[    0-0    ] <= [4.127500057220459]
                T5:1              <= [4.12750007123458]: 'OK'
                T5:1[    0-0    ] <= [4.127500057220459]
                T5:1              <= [4.12750007123458]: 'OK'
                T5:1[    0-0    ] <= [4.127500057220459]
                T5:1              <= [4.09781707528937]: 'OK'
                T5:1[    0-0    ] <= [4.0978169441223145]
                T5:1              <= [4.09781707528937]: 'OK'
                T5:1[    0-0    ] <= [4.0978169441223145]
                T5:1              <= [4.09781707528937]: 'OK'
                T5:1[    0-0    ] <= [4.0978169441223145]
                T5:1              <= [4.09781707528937]: 'OK'
                T5:1[    0-0    ] <= [4.0978169441223145]
                T5:1              <= [4.09781707528937]: 'OK'
                T5:1[    0-0    ] <= [4.0978169441223145]
                T5:1              <= [4.09781707528937]: 'OK'
                T5:1[    0-0    ] <= [4.0978169441223145]
                T5:1              <= [4.09781707528937]: 'OK'
                T5:1[    0-0    ] <= [4.0978169441223145]
                T5:1              <= [4.06813407934418]: 'OK'
                T5:1[    0-0    ] <= [4.068134307861328]
                T5:1              <= [4.06813407934418]: 'OK'
                T5:1[    0-0    ] <= [4.068134307861328]
                T5:1              <= [4.06813407934418]: 'OK'
                T5:1[    0-0    ] <= [4.068134307861328]
                T5:1              <= [4.06813407934418]: 'OK'
                T5:1[    0-0    ] <= [4.068134307861328]
                T5:1              <= [4.06813407934418]: 'OK'
                T5:1[    0-0    ] <= [4.068134307861328]
                T5:1[    0-0    ] <= [4.068134307861328]
                T5:1              <= [4.06813407934418]: 'OK'
                T5:1[    0-0    ] <= [4.068134307861328]
                T5:1              <= [4.06813407934418]: 'OK'
                T5:1              <= [4.06813407934418]: 'OK'
                T5:1[    0-0    ] <= [4.068134307861328]
                T5:1[    0-0    ] <= [4.068134307861328]
                T5:1              <= [4.06813407934418]: 'OK'
                T5:1              <= [4.03845108339898]: 'OK'
                T5:1[    0-0    ] <= [4.038451194763184]
                T5:1              <= [4.03845108339898]: 'OK'
                T5:1[    0-0    ] <= [4.038451194763184]
                T5:1              <= [4.03845108339898]: 'OK'
                T5:1[    0-0    ] <= [4.038451194763184]
                T5:1              <= [4.03845108339898]: 'OK'
                T5:1[    0-0    ] <= [4.038451194763184]
                T5:1              <= [4.03845108339898]: 'OK'
                T5:1[    0-0    ] <= [4.038451194763184]
                T5:1              <= [4.03845108339898]: 'OK'
                T5:1[    0-0    ] <= [4.038451194763184]
                T5:1              <= [4.03845108339898]: 'OK'
                T5:1[    0-0    ] <= [4.038451194763184]
                T5:1              <= [4.03845108339898]: 'OK'
                T5:1[    0-0    ] <= [4.038451194763184]
                T5:1              <= [4.03845108339898]: 'OK'
                T5:1[    0-0    ] <= [4.038451194763184]
                T5:1              <= [4.03845108339898]: 'OK'
                T5:1[    0-0    ] <= [4.038451194763184]
                T5:1              <= [4.0087680874538]: 'OK'
                T5:1[    0-0    ] <= [4.008768081665039]
                T5:1              <= [4.0087680874538]: 'OK'
                T5:1[    0-0    ] <= [4.008768081665039]
                T5:1[    0-0    ] <= [4.008768081665039]
                T5:1              <= [4.0087680874538]: 'OK'
                T5:1              <= [4.0087680874538]: 'OK'
                T5:1[    0-0    ] <= [4.008768081665039]
                T5:1              <= [4.0087680874538]: 'OK'
                T5:1[    0-0    ] <= [4.008768081665039]
                T5:1              <= [4.0087680874538]: 'OK'
                T5:1[    0-0    ] <= [4.008768081665039]
                T5:1              <= [4.0087680874538]: 'OK'
                T5:1[    0-0    ] <= [4.008768081665039]
                T5:1              <= [4.0087680874538]: 'OK'
                T5:1[    0-0    ] <= [4.008768081665039]
                T5:1              <= [3.97908509150864]: 'OK'
                T5:1[    0-0    ] <= [3.9790852069854736]
                T5:1              <= [3.97908509150864]: 'OK'
                T5:1[    0-0    ] <= [3.9790852069854736]
                T5:1              <= [3.97908509150864]: 'OK'
                T5:1[    0-0    ] <= [3.9790852069854736]
                T5:1              <= [3.97908509150864]: 'OK'
                T5:1[    0-0    ] <= [3.9790852069854736]
                T5:1              <= [3.97908509150864]: 'OK'
                T5:1[    0-0    ] <= [3.9790852069854736]
                T5:1              <= [3.97908509150864]: 'OK'
                T5:1[    0-0    ] <= [3.9790852069854736]
                T5:1              <= [3.97908509150864]: 'OK'
                T5:1[    0-0    ] <= [3.9790852069854736]
                T5:1              <= [3.97908509150864]: 'OK'
                T5:1[    0-0    ] <= [3.9790852069854736]
                T5:1              <= [3.97908509150864]: 'OK'
                T5:1[    0-0    ] <= [3.9790852069854736]
                T5:1              <= [3.94940209556347]: 'OK'
                T5:1[    0-0    ] <= [3.949402093887329]
----- 
Tank Level 4.250703 
ITERATION 320 ------------- 
Tank Level 4.250703 
ITERATION 321 ------------- 
Tank Level 4.250703 
ITERATION 322 ------------- 
Tank Level 4.219530 
ITERATION 323 ------------- 
Tank Level 4.219530 
ITERATION 324 ------------- 
Tank Level 4.219530 
ITERATION 325 ------------- 
Tank Level 4.219530 
ITERATION 326 ------------- 
Tank Level 4.219530 
ITERATION 327 ------------- 
Tank Level 4.219530 
ITERATION 328 ------------- 
Tank Level 4.219530 
ITERATION 329 ------------- 
Tank Level 4.219530 
ITERATION 330 ------------- 
Tank Level 4.219530 
ITERATION 331 ------------- 
Tank Level 4.219530 
ITERATION 332 ------------- 
Tank Level 4.188357 
ITERATION 333 ------------- 
Tank Level 4.188357 
ITERATION 334 ------------- 
Tank Level 4.188357 
ITERATION 335 ------------- 
Tank Level 4.188357 
ITERATION 336 ------------- 
Tank Level 4.188357 
ITERATION 337 ------------- 
Tank Level 4.188357 
ITERATION 338 ------------- 
Tank Level 4.188357 
ITERATION 339 ------------- 
Tank Level 4.157183 
ITERATION 340 ------------- 
Tank Level 4.157183 
ITERATION 341 ------------- 
Tank Level 4.157183 
ITERATION 342 ------------- 
Tank Level 4.157183 
ITERATION 343 ------------- 
Tank Level 4.157183 
ITERATION 344 ------------- 
Tank Level 4.157183 
ITERATION 345 ------------- 
Tank Level 4.157183 
ITERATION 346 ------------- 
Tank Level 4.157183 
ITERATION 347 ------------- 
Tank Level 4.127500 
ITERATION 348 ------------- 
Tank Level 4.127500 
ITERATION 349 ------------- 
Tank Level 4.127500 
ITERATION 350 ------------- 
Tank Level 4.127500 
ITERATION 351 ------------- 
Tank Level 4.127500 
ITERATION 352 ------------- 
Tank Level 4.127500 
ITERATION 353 ------------- 
Tank Level 4.127500 
ITERATION 354 ------------- 
Tank Level 4.127500 
ITERATION 355 ------------- 
Tank Level 4.127500 
ITERATION 356 ------------- 
Tank Level 4.097817 
ITERATION 357 ------------- 
Tank Level 4.097817 
ITERATION 358 ------------- 
Tank Level 4.097817 
ITERATION 359 ------------- 
Tank Level 4.097817 
ITERATION 360 ------------- 
Tank Level 4.097817 
ITERATION 361 ------------- 
Tank Level 4.097817 
ITERATION 362 ------------- 
Tank Level 4.097817 
ITERATION 363 ------------- 
Tank Level 4.068134 
ITERATION 364 ------------- 
Tank Level 4.068134 
ITERATION 365 ------------- 
Tank Level 4.068134 
ITERATION 366 ------------- 
Tank Level 4.068134 
ITERATION 367 ------------- 
Tank Level 4.068134 
ITERATION 368 ------------- 
Tank Level 4.068134 
ITERATION 369 ------------- 
Tank Level 4.068134 
ITERATION 370 ------------- 
Tank Level 4.068134 
ITERATION 371 ------------- 
Tank Level 4.068134 
ITERATION 372 ------------- 
Tank Level 4.038451 
ITERATION 373 ------------- 
Tank Level 4.038451 
ITERATION 374 ------------- 
Tank Level 4.038451 
ITERATION 375 ------------- 
Tank Level 4.038451 
ITERATION 376 ------------- 
Tank Level 4.038451 
ITERATION 377 ------------- 
Tank Level 4.038451 
ITERATION 378 ------------- 
Tank Level 4.038451 
ITERATION 379 ------------- 
Tank Level 4.038451 
ITERATION 380 ------------- 
Tank Level 4.038451 
ITERATION 381 ------------- 
Tank Level 4.038451 
ITERATION 382 ------------- 
Tank Level 4.008768 
ITERATION 383 ------------- 
Tank Level 4.008768 
ITERATION 384 ------------- 
Tank Level 4.008768 
ITERATION 385 ------------- 
Tank Level 4.008768 
ITERATION 386 ------------- 
Tank Level 4.008768 
ITERATION 387 ------------- 
Tank Level 4.008768 
ITERATION 388 ------------- 
Tank Level 4.008768 
ITERATION 389 ------------- 
Tank Level 4.008768 
ITERATION 390 ------------- 
Tank Level 3.979085 
ITERATION 391 ------------- 
Tank Level 3.979085 
ITERATION 392 ------------- 
Tank Level 3.979085 
ITERATION 393 ------------- 
Tank Level 3.979085 
ITERATION 394 ------------- 
Tank Level 3.979085 
ITERATION 395 ------------- 
Tank Level 3.979085 
ITERATION 396 ------------- 
Tank Level 3.979085 
ITERATION 397 ------------- 
Tank Level 3.979085 
ITERATION 398 ------------- 
Tank Level 3.979085 
ITERATION 399 ------------- 
Tank Level 3.949402 
ITERATION 400 ------------- 
Tank Level 3.949402 
ITERATION 401 ----                T5:1[    0-0    ] <= [3.949402093887329]
                T5:1              <= [3.94940209556347]: 'OK'
                T5:1[    0-0    ] <= [3.949402093887329]
                T5:1              <= [3.94940209556347]: 'OK'
                T5:1              <= [3.94940209556347]: 'OK'
                T5:1[    0-0    ] <= [3.949402093887329]
                T5:1              <= [3.94940209556347]: 'OK'
                T5:1[    0-0    ] <= [3.949402093887329]
                T5:1              <= [3.94940209556347]: 'OK'
                T5:1[    0-0    ] <= [3.949402093887329]
                T5:1              <= [3.94940209556347]: 'OK'
                T5:1[    0-0    ] <= [3.949402093887329]
                T5:1              <= [3.94940209556347]: 'OK'
                T5:1[    0-0    ] <= [3.949402093887329]
                T5:1              <= [3.94940209556347]: 'OK'
                T5:1[    0-0    ] <= [3.949402093887329]
                T5:1              <= [3.91971909961832]: 'OK'
                T5:1[    0-0    ] <= [3.9197189807891846]
                T5:1              <= [3.91971909961832]: 'OK'
                T5:1[    0-0    ] <= [3.9197189807891846]
                T5:1              <= [3.91971909961832]: 'OK'
                T5:1[    0-0    ] <= [3.9197189807891846]
                T5:1              <= [3.91971909961832]: 'OK'
                T5:1[    0-0    ] <= [3.9197189807891846]
                T5:1              <= [3.91971909961832]: 'OK'
                T5:1[    0-0    ] <= [3.9197189807891846]
                T5:1              <= [3.91971909961832]: 'OK'
                T5:1[    0-0    ] <= [3.9197189807891846]
                T5:1              <= [3.91971909961832]: 'OK'
                T5:1[    0-0    ] <= [3.9197189807891846]
                T5:1              <= [3.91971909961832]: 'OK'
                T5:1[    0-0    ] <= [3.9197189807891846]
                T5:1              <= [3.91971909961832]: 'OK'
                T5:1[    0-0    ] <= [3.9197189807891846]
                T5:1              <= [3.91971909961832]: 'OK'
                T5:1[    0-0    ] <= [3.9197189807891846]
                T5:1[    0-0    ] <= [3.890036106109619]
                T5:1              <= [3.89003610367318]: 'OK'
                T5:1              <= [3.89003610367318]: 'OK'
                T5:1[    0-0    ] <= [3.890036106109619]
                T5:1              <= [3.89003610367318]: 'OK'
                T5:1[    0-0    ] <= [3.890036106109619]
                T5:1              <= [3.89003610367318]: 'OK'
                T5:1[    0-0    ] <= [3.890036106109619]
                T5:1              <= [3.89003610367318]: 'OK'
                T5:1[    0-0    ] <= [3.890036106109619]
                T5:1              <= [3.89003610367318]: 'OK'
                T5:1[    0-0    ] <= [3.890036106109619]
                T5:1              <= [3.89003610367318]: 'OK'
                T5:1[    0-0    ] <= [3.890036106109619]
                T5:1              <= [3.89003610367318]: 'OK'
                T5:1[    0-0    ] <= [3.890036106109619]
                T5:1              <= [3.86035310772805]: 'OK'
                T5:1[    0-0    ] <= [3.8603529930114746]
                T5:1              <= [3.86035310772805]: 'OK'
                T5:1[    0-0    ] <= [3.8603529930114746]
                T5:1              <= [3.86035310772805]: 'OK'
                T5:1[    0-0    ] <= [3.8603529930114746]
                T5:1              <= [3.86035310772805]: 'OK'
                T5:1[    0-0    ] <= [3.8603529930114746]
                T5:1              <= [3.86035310772805]: 'OK'
                T5:1[    0-0    ] <= [3.8603529930114746]
                T5:1              <= [3.86035310772805]: 'OK'
                T5:1[    0-0    ] <= [3.8603529930114746]
                T5:1              <= [3.86035310772805]: 'OK'
                T5:1[    0-0    ] <= [3.8603529930114746]
                T5:1              <= [3.86035310772805]: 'OK'
                T5:1[    0-0    ] <= [3.8603529930114746]
                T5:1[    0-0    ] <= [3.8603529930114746]
                T5:1              <= [3.86035310772805]: 'OK'
                T5:1              <= [3.83067011178292]: 'OK'
                T5:1[    0-0    ] <= [3.830670118331909]
                T5:1              <= [3.83067011178292]: 'OK'
                T5:1[    0-0    ] <= [3.830670118331909]
                T5:1[    0-0    ] <= [3.830670118331909]
                T5:1              <= [3.83067011178292]: 'OK'
                T5:1              <= [3.83067011178292]: 'OK'
                T5:1[    0-0    ] <= [3.830670118331909]
                T5:1              <= [3.83067011178292]: 'OK'
                T5:1[    0-0    ] <= [3.830670118331909]
                T5:1              <= [3.83067011178292]: 'OK'
                T5:1[    0-0    ] <= [3.830670118331909]
                T5:1              <= [3.83067011178292]: 'OK'
                T5:1[    0-0    ] <= [3.830670118331909]
                T5:1              <= [3.83067011178292]: 'OK'
                T5:1[    0-0    ] <= [3.830670118331909]
                T5:1              <= [3.83067011178292]: 'OK'
                T5:1[    0-0    ] <= [3.830670118331909]
                T5:1[    0-0    ] <= [3.830670118331909]
                T5:1              <= [3.83067011178292]: 'OK'
                T5:1              <= [3.8009871158378]: 'OK'
                T5:1[    0-0    ] <= [3.8009870052337646]
                T5:1              <= [3.8009871158378]: 'OK'
                T5:1[    0-0    ] <= [3.8009870052337646]
                T5:1              <= [3.8009871158378]: 'OK'
                T5:1[    0-0    ] <= [3.8009870052337646]
                T5:1[    0-0    ] <= [3.8009870052337646]
                T5:1              <= [3.8009871158378]: 'OK'
                T5:1              <= [3.8009871158378]: 'OK'
                T5:1[    0-0    ] <= [3.8009870052337646]
                T5:1              <= [3.8009871158378]: 'OK'
                T5:1[    0-0    ] <= [3.8009870052337646]
                T5:1[    0-0    ] <= [3.8009870052337646]
                T5:1              <= [3.8009871158378]: 'OK'
                T5:1              <= [3.8009871158378]: 'OK'
                T5:1[    0-0    ] <= [3.8009870052337646]
                T5:1[    0-0    ] <= [3.7696070671081543]
                T5:1              <= [3.76960698680884]: 'OK'
                T5:1              <= [3.76960698680884]: 'OK'
                T5:1[    0-0    ] <= [3.7696070671081543]
                T5:1              <= [3.76960698680884]: 'OK'
                T5:1[    0-0    ] <= [3.7696070671081543]
                T5:1              <= [3.76960698680884]: 'OK'
                T5:1[    0-0    ] <= [3.7696070671081543]
                T5:1              <= [3.76960698680884]: 'OK'
                T5:1[    0-0    ] <= [3.7696070671081543]
                T5:1              <= [3.76960698680884]: 'OK'
                T5:1[    0-0    ] <= [3.7696070671081543]
                T5:1              <= [3.76960698680884]: 'OK'
                T5:1[    0-0    ] <= [3.7696070671081543]
                T5:1              <= [3.76960698680884]: 'OK'
                T5:1[    0-0    ] <= [3.7696070671081543]
                T5:1[    0-0    ] <= [3.7696070671081543]
                T5:1              <= [3.76960698680884]: 'OK'
                T5:1              <= [3.73822685777989]: 'OK'
                T5:1[    0-0    ] <= [3.738226890563965]
                T5:1              <= [3.73822685777989]: 'OK'
                T5:1[    0-0    ] <= [3.738226890563965]
                T5:1              <= [3.73822685777989]: 'OK'
                T5:1[    0-0    ] <= [3.738226890563965]
                T5:1[    0-0    ] <= [3.738226890563965]
                T5:1              <= [3.73822685777989]: 'OK'
                T5:1              <= [3.73822685777989]: 'OK'
                T5:1[    0-0    ] <= [3.738226890563965]
                T5:1              <= [3.73822685777989]: 'OK'
                T5:1[    0-0    ] <= [3.738226890563965]
                T5:1              <= [3.73822685777989]: 'OK'
                T5:1[    0-0    ] <= [3.738226890563965]
                T5:1              <= [3.73822685777989]: 'OK'
                T5:1[    0-0    ] <= [3.738226890563965]
                T5:1              <= [3.73822685777989]: 'OK'
                T5:1[    0-0    ] <= [3.738226890563965]
                T5:1              <= [3.73822685777989]: 'OK'
                T5:1[    0-0    ] <= [3.738226890563965]
                T5:1              <= [3.73822685777989]: 'OK'
                T5:1[    0-0    ] <= [3.738226890563965]
                T5:1              <= [3.73822685777989]: 'OK'
                T5:1[    0-0    ] <= [3.738226890563965]
                T5:1              <= [3.73822685777989]: 'OK'
                T5:1[    0-0    ] <= [3.738226890563965]
                T5:1              <= [3.73822685777989]: 'OK'
                T5:1[    0-0    ] <= [3.738226890563965]
                T5:1              <= [3.73822685777989]: 'OK'
                T5:1[    0-0    ] <= [3.738226890563965]
                T5:1              <= [3.73822685777989]: 'OK'
                T5:1[    0-0    ] <= [3.738226890563965]
                T5:1              <= [3.73822685777989]: 'OK'
                T5:1[    0-0    ] <= [3.738226890563965]
                T5:1              <= [3.73822685777989]: 'OK'
                T5:1[    0-0    ] <= [3.738226890563965]
                T5:1              <= [3.73822685777989]: 'OK'
                T5:1[    0-0    ] <= [3.738226890563965]
                T5:1              <= [3.73822685777989]: 'OK'
                T5:1[    0-0    ] <= [3.738226890563965]
--------- 
Tank Level 3.949402 
ITERATION 402 ------------- 
Tank Level 3.949402 
ITERATION 403 ------------- 
Tank Level 3.949402 
ITERATION 404 ------------- 
Tank Level 3.949402 
ITERATION 405 ------------- 
Tank Level 3.949402 
ITERATION 406 ------------- 
Tank Level 3.949402 
ITERATION 407 ------------- 
Tank Level 3.949402 
ITERATION 408 ------------- 
Tank Level 3.919719 
ITERATION 409 ------------- 
Tank Level 3.919719 
ITERATION 410 ------------- 
Tank Level 3.919719 
ITERATION 411 ------------- 
Tank Level 3.919719 
ITERATION 412 ------------- 
Tank Level 3.919719 
ITERATION 413 ------------- 
Tank Level 3.919719 
ITERATION 414 ------------- 
Tank Level 3.919719 
ITERATION 415 ------------- 
Tank Level 3.919719 
ITERATION 416 ------------- 
Tank Level 3.919719 
ITERATION 417 ------------- 
Tank Level 3.919719 
ITERATION 418 ------------- 
Tank Level 3.890036 
ITERATION 419 ------------- 
Tank Level 3.890036 
ITERATION 420 ------------- 
Tank Level 3.890036 
ITERATION 421 ------------- 
Tank Level 3.890036 
ITERATION 422 ------------- 
Tank Level 3.890036 
ITERATION 423 ------------- 
Tank Level 3.890036 
ITERATION 424 ------------- 
Tank Level 3.890036 
ITERATION 425 ------------- 
Tank Level 3.890036 
ITERATION 426 ------------- 
Tank Level 3.860353 
ITERATION 427 ------------- 
Tank Level 3.860353 
ITERATION 428 ------------- 
Tank Level 3.860353 
ITERATION 429 ------------- 
Tank Level 3.860353 
ITERATION 430 ------------- 
Tank Level 3.860353 
ITERATION 431 ------------- 
Tank Level 3.860353 
ITERATION 432 ------------- 
Tank Level 3.860353 
ITERATION 433 ------------- 
Tank Level 3.860353 
ITERATION 434 ------------- 
Tank Level 3.860353 
ITERATION 435 ------------- 
Tank Level 3.830670 
ITERATION 436 ------------- 
Tank Level 3.830670 
ITERATION 437 ------------- 
Tank Level 3.830670 
ITERATION 438 ------------- 
Tank Level 3.830670 
ITERATION 439 ------------- 
Tank Level 3.830670 
ITERATION 440 ------------- 
Tank Level 3.830670 
ITERATION 441 ------------- 
Tank Level 3.830670 
ITERATION 442 ------------- 
Tank Level 3.830670 
ITERATION 443 ------------- 
Tank Level 3.830670 
ITERATION 444 ------------- 
Tank Level 3.830670 
ITERATION 445 ------------- 
Tank Level 3.800987 
ITERATION 446 ------------- 
Tank Level 3.800987 
ITERATION 447 ------------- 
Tank Level 3.800987 
ITERATION 448 ------------- 
Tank Level 3.800987 
ITERATION 449 ------------- 
Tank Level 3.800987 
ITERATION 450 ------------- 
Tank Level 3.800987 
ITERATION 451 ------------- 
Tank Level 3.800987 
ITERATION 452 ------------- 
Tank Level 3.800987 
ITERATION 453 ------------- 
Tank Level 3.769607 
ITERATION 454 ------------- 
Tank Level 3.769607 
ITERATION 455 ------------- 
Tank Level 3.769607 
ITERATION 456 ------------- 
Tank Level 3.769607 
ITERATION 457 ------------- 
Tank Level 3.769607 
ITERATION 458 ------------- 
Tank Level 3.769607 
ITERATION 459 ------------- 
Tank Level 3.769607 
ITERATION 460 ------------- 
Tank Level 3.769607 
ITERATION 461 ------------- 
Tank Level 3.769607 
ITERATION 462 ------------- 
Tank Level 3.738227 
ITERATION 463 ------------- 
Tank Level 3.738227 
ITERATION 464 ------------- 
Tank Level 3.738227 
ITERATION 465 ------------- 
Tank Level 3.738227 
ITERATION 466 ------------- 
Tank Level 3.738227 
ITERATION 467 ------------- 
Tank Level 3.738227 
ITERATION 468 ------------- 
Tank Level 3.738227 
ITERATION 469 ------------- 
Tank Level 3.738227 
ITERATION 470 ------------- 
Tank Level 3.738227 
ITERATION 471 ------------- 
Tank Level 3.738227 
ITERATION 472 ------------- 
Tank Level 3.738227 
ITERATION 473 ------------- 
Tank Level 3.738227 
ITERATION 474 ------------- 
Tank Level 3.738227 
ITERATION 475 ------------- 
Tank Level 3.738227 
ITERATION 476 ------------- 
Tank Level 3.738227 
ITERATION 477 ------------- 
Tank Level 3.738227 
ITERATION 478 ------------- 
Tank Level 3.738227 
ITERATION 479 ------------- 
Tank Level 3.738227 
ITERATION 480 ------------- 
Tank Level 3.738227 
ITERATION 481 ------------- 
Tank Level 3.738227 
ITERATION 482 ------------- 
Tank Level 3.738227 
ITERATION 483                 T5:1              <= [3.73822685777989]: 'OK'
                T5:1[    0-0    ] <= [3.738226890563965]
                T5:1              <= [3.73822685777989]: 'OK'
                T5:1[    0-0    ] <= [3.738226890563965]
                T5:1[    0-0    ] <= [3.738226890563965]
                T5:1              <= [3.73822685777989]: 'OK'
                T5:1              <= [3.73822685777989]: 'OK'
                T5:1[    0-0    ] <= [3.738226890563965]
                T5:1[    0-0    ] <= [3.738226890563965]
                T5:1              <= [3.73822685777989]: 'OK'
                T5:1              <= [3.73822685777989]: 'OK'
                T5:1[    0-0    ] <= [3.738226890563965]
                T5:1[    0-0    ] <= [3.738226890563965]
                T5:1              <= [3.73822685777989]: 'OK'
                T5:1              <= [3.73822685777989]: 'OK'
                T5:1[    0-0    ] <= [3.738226890563965]
                T5:1[    0-0    ] <= [3.738226890563965]
                T5:1              <= [3.73822685777989]: 'OK'
                T5:1[    0-0    ] <= [3.738226890563965]
                T5:1              <= [3.73822685777989]: 'OK'
                T5:1              <= [3.73822685777989]: 'OK'
                T5:1[    0-0    ] <= [3.738226890563965]
                T5:1              <= [3.73822685777989]: 'OK'
                T5:1[    0-0    ] <= [3.738226890563965]
                T5:1              <= [3.73822685777989]: 'OK'
                T5:1[    0-0    ] <= [3.738226890563965]
                T5:1              <= [3.73822685777989]: 'OK'
                T5:1[    0-0    ] <= [3.738226890563965]
                T5:1              <= [3.73822685777989]: 'OK'
                T5:1[    0-0    ] <= [3.738226890563965]
                T5:1              <= [3.73822685777989]: 'OK'
                T5:1[    0-0    ] <= [3.738226890563965]
                T5:1              <= [3.73822685777989]: 'OK'
                T5:1[    0-0    ] <= [3.738226890563965]
                T5:1              <= [3.73822685777989]: 'OK'
                T5:1[    0-0    ] <= [3.738226890563965]
                T5:1              <= [3.73822685777989]: 'OK'
                T5:1[    0-0    ] <= [3.738226890563965]
                T5:1              <= [3.73822685777989]: 'OK'
                T5:1[    0-0    ] <= [3.738226890563965]
                T5:1              <= [3.73822685777989]: 'OK'
                T5:1[    0-0    ] <= [3.738226890563965]
                T5:1              <= [3.73822685777989]: 'OK'
                T5:1[    0-0    ] <= [3.738226890563965]
                T5:1[    0-0    ] <= [3.738226890563965]
                T5:1              <= [3.73822685777989]: 'OK'
                T5:1[    0-0    ] <= [3.738226890563965]
                T5:1              <= [3.73822685777989]: 'OK'
                T5:1              <= [3.73822685777989]: 'OK'
                T5:1[    0-0    ] <= [3.738226890563965]
                T5:1              <= [3.73822685777989]: 'OK'
                T5:1[    0-0    ] <= [3.738226890563965]
                T5:1[    0-0    ] <= [3.738226890563965]
                T5:1              <= [3.73822685777989]: 'OK'
                T5:1              <= [3.73822685777989]: 'OK'
                T5:1[    0-0    ] <= [3.738226890563965]
                T5:1              <= [3.73822685777989]: 'OK'
                T5:1[    0-0    ] <= [3.738226890563965]
                T5:1              <= [3.73822685777989]: 'OK'
                T5:1[    0-0    ] <= [3.738226890563965]
                T5:1              <= [3.73822685777989]: 'OK'
                T5:1[    0-0    ] <= [3.738226890563965]
                T5:1[    0-0    ] <= [3.738226890563965]
                T5:1              <= [3.73822685777989]: 'OK'
                T5:1              <= [3.73822685777989]: 'OK'
                T5:1[    0-0    ] <= [3.738226890563965]
                T5:1[    0-0    ] <= [3.738226890563965]
                T5:1              <= [3.73822685777989]: 'OK'
                T5:1[    0-0    ] <= [3.738226890563965]
                T5:1              <= [3.73822685777989]: 'OK'
                T5:1[    0-0    ] <= [3.738226890563965]
                T5:1              <= [3.73822685777989]: 'OK'
                T5:1              <= [3.73822685777989]: 'OK'
                T5:1[    0-0    ] <= [3.738226890563965]
                T5:1              <= [3.73822685777989]: 'OK'
                T5:1[    0-0    ] <= [3.738226890563965]
                T5:1              <= [3.73822685777989]: 'OK'
                T5:1[    0-0    ] <= [3.738226890563965]
                T5:1              <= [3.73822685777989]: 'OK'
                T5:1[    0-0    ] <= [3.738226890563965]
                T5:1              <= [3.73822685777989]: 'OK'
                T5:1[    0-0    ] <= [3.738226890563965]
                T5:1              <= [3.73822685777989]: 'OK'
                T5:1[    0-0    ] <= [3.738226890563965]
                T5:1              <= [3.73822685777989]: 'OK'
                T5:1[    0-0    ] <= [3.738226890563965]
                T5:1              <= [3.73822685777989]: 'OK'
                T5:1[    0-0    ] <= [3.738226890563965]
                T5:1              <= [3.73822685777989]: 'OK'
                T5:1[    0-0    ] <= [3.738226890563965]
                T5:1              <= [3.73822685777989]: 'OK'
                T5:1[    0-0    ] <= [3.738226890563965]
                T5:1              <= [3.73822685777989]: 'OK'
                T5:1[    0-0    ] <= [3.738226890563965]
                T5:1              <= [3.73822685777989]: 'OK'
                T5:1[    0-0    ] <= [3.738226890563965]
                T5:1              <= [3.73822685777989]: 'OK'
                T5:1[    0-0    ] <= [3.738226890563965]
                T5:1              <= [3.73822685777989]: 'OK'
                T5:1[    0-0    ] <= [3.738226890563965]
                T5:1              <= [3.73822685777989]: 'OK'
                T5:1[    0-0    ] <= [3.738226890563965]
                T5:1              <= [3.73822685777989]: 'OK'
                T5:1[    0-0    ] <= [3.738226890563965]
                T5:1              <= [3.73822685777989]: 'OK'
                T5:1[    0-0    ] <= [3.738226890563965]
                T5:1              <= [3.73822685777989]: 'OK'
                T5:1[    0-0    ] <= [3.738226890563965]
                T5:1              <= [3.73822685777989]: 'OK'
                T5:1[    0-0    ] <= [3.738226890563965]
                T5:1              <= [3.73822685777989]: 'OK'
                T5:1[    0-0    ] <= [3.738226890563965]
                T5:1              <= [3.73822685777989]: 'OK'
                T5:1[    0-0    ] <= [3.738226890563965]
                T5:1              <= [3.73822685777989]: 'OK'
                T5:1[    0-0    ] <= [3.738226890563965]
                T5:1              <= [3.73822685777989]: 'OK'
                T5:1[    0-0    ] <= [3.738226890563965]
                T5:1              <= [3.73822685777989]: 'OK'
                T5:1[    0-0    ] <= [3.738226890563965]
                T5:1[    0-0    ] <= [3.738226890563965]
                T5:1              <= [3.73822685777989]: 'OK'
                T5:1              <= [3.73822685777989]: 'OK'
                T5:1[    0-0    ] <= [3.738226890563965]
                T5:1              <= [3.73822685777989]: 'OK'
                T5:1[    0-0    ] <= [3.738226890563965]
                T5:1              <= [3.73822685777989]: 'OK'
                T5:1[    0-0    ] <= [3.738226890563965]
                T5:1              <= [3.73822685777989]: 'OK'
                T5:1[    0-0    ] <= [3.738226890563965]
                T5:1              <= [3.73822685777989]: 'OK'
                T5:1[    0-0    ] <= [3.738226890563965]
                T5:1              <= [3.73822685777989]: 'OK'
                T5:1[    0-0    ] <= [3.738226890563965]
                T5:1              <= [3.73822685777989]: 'OK'
                T5:1[    0-0    ] <= [3.738226890563965]
                T5:1              <= [3.73822685777989]: 'OK'
                T5:1[    0-0    ] <= [3.738226890563965]
                T5:1              <= [3.73822685777989]: 'OK'
                T5:1[    0-0    ] <= [3.738226890563965]
                T5:1              <= [3.73822685777989]: 'OK'
                T5:1[    0-0    ] <= [3.738226890563965]
                T5:1              <= [3.73822685777989]: 'OK'
                T5:1[    0-0    ] <= [3.738226890563965]
                T5:1              <= [3.73822685777989]: 'OK'
                T5:1[    0-0    ] <= [3.738226890563965]
                T5:1              <= [3.73822685777989]: 'OK'
                T5:1[    0-0    ] <= [3.738226890563965]
                T5:1              <= [3.73822685777989]: 'OK'
                T5:1[    0-0    ] <= [3.738226890563965]
                T5:1[    0-0    ] <= [3.738226890563965]
                T5:1              <= [3.73822685777989]: 'OK'
                T5:1              <= [3.73822685777989]: 'OK'
                T5:1[    0-0    ] <= [3.738226890563965]
                T5:1              <= [3.73822685777989]: 'OK'
                T5:1[    0-0    ] <= [3.738226890563965]
                T5:1[    0-0    ] <= [3.738226890563965]
                T5:1              <= [3.73822685777989]: 'OK'
                T5:1              <= [3.73822685777989]: 'OK'
                T5:1[    0-0    ] <= [3.738226890563965]
                T5:1              <= [3.73822685777989]: 'OK'
                T5:1[    0-0    ] <= [3.738226890563965]
                T5:1              <= [3.73822685777989]: 'OK'
                T5:1[    0-0    ] <= [3.738226890563965]
------------- 
Tank Level 3.738227 
ITERATION 484 ------------- 
Tank Level 3.738227 
ITERATION 485 ------------- 
Tank Level 3.738227 
ITERATION 486 ------------- 
Tank Level 3.738227 
ITERATION 487 ------------- 
Tank Level 3.738227 
ITERATION 488 ------------- 
Tank Level 3.738227 
ITERATION 489 ------------- 
Tank Level 3.738227 
ITERATION 490 ------------- 
Tank Level 3.738227 
ITERATION 491 ------------- 
Tank Level 3.738227 
ITERATION 492 ------------- 
Tank Level 3.738227 
ITERATION 493 ------------- 
Tank Level 3.738227 
ITERATION 494 ------------- 
Tank Level 3.738227 
ITERATION 495 ------------- 
Tank Level 3.738227 
ITERATION 496 ------------- 
Tank Level 3.738227 
ITERATION 497 ------------- 
Tank Level 3.738227 
ITERATION 498 ------------- 
Tank Level 3.738227 
ITERATION 499 ------------- 
Tank Level 3.738227 
ITERATION 500 ------------- 
Tank Level 3.738227 
ITERATION 501 ------------- 
Tank Level 3.738227 
ITERATION 502 ------------- 
Tank Level 3.738227 
ITERATION 503 ------------- 
Tank Level 3.738227 
ITERATION 504 ------------- 
Tank Level 3.738227 
ITERATION 505 ------------- 
Tank Level 3.738227 
ITERATION 506 ------------- 
Tank Level 3.738227 
ITERATION 507 ------------- 
Tank Level 3.738227 
ITERATION 508 ------------- 
Tank Level 3.738227 
ITERATION 509 ------------- 
Tank Level 3.738227 
ITERATION 510 ------------- 
Tank Level 3.738227 
ITERATION 511 ------------- 
Tank Level 3.738227 
ITERATION 512 ------------- 
Tank Level 3.738227 
ITERATION 513 ------------- 
Tank Level 3.738227 
ITERATION 514 ------------- 
Tank Level 3.738227 
ITERATION 515 ------------- 
Tank Level 3.738227 
ITERATION 516 ------------- 
Tank Level 3.738227 
ITERATION 517 ------------- 
Tank Level 3.738227 
ITERATION 518 ------------- 
Tank Level 3.738227 
ITERATION 519 ------------- 
Tank Level 3.738227 
ITERATION 520 ------------- 
Tank Level 3.738227 
ITERATION 521 ------------- 
Tank Level 3.738227 
ITERATION 522 ------------- 
Tank Level 3.738227 
ITERATION 523 ------------- 
Tank Level 3.738227 
ITERATION 524 ------------- 
Tank Level 3.738227 
ITERATION 525 ------------- 
Tank Level 3.738227 
ITERATION 526 ------------- 
Tank Level 3.738227 
ITERATION 527 ------------- 
Tank Level 3.738227 
ITERATION 528 ------------- 
Tank Level 3.738227 
ITERATION 529 ------------- 
Tank Level 3.738227 
ITERATION 530 ------------- 
Tank Level 3.738227 
ITERATION 531 ------------- 
Tank Level 3.738227 
ITERATION 532 ------------- 
Tank Level 3.738227 
ITERATION 533 ------------- 
Tank Level 3.738227 
ITERATION 534 ------------- 
Tank Level 3.738227 
ITERATION 535 ------------- 
Tank Level 3.738227 
ITERATION 536 ------------- 
Tank Level 3.738227 
ITERATION 537 ------------- 
Tank Level 3.738227 
ITERATION 538 ------------- 
Tank Level 3.738227 
ITERATION 539 ------------- 
Tank Level 3.738227 
ITERATION 540 ------------- 
Tank Level 3.738227 
ITERATION 541 ------------- 
Tank Level 3.738227 
ITERATION 542 ------------- 
Tank Level 3.738227 
ITERATION 543 ------------- 
Tank Level 3.738227 
ITERATION 544 ------------- 
Tank Level 3.738227 
ITERATION 545 ------------- 
Tank Level 3.738227 
ITERATION 546 ------------- 
Tank Level 3.738227 
ITERATION 547 ------------- 
Tank Level 3.738227 
ITERATION 548 ------------- 
Tank Level 3.738227 
ITERATION 549 ------------- 
Tank Level 3.738227 
ITERATION 550 ------------- 
Tank Level 3.738227 
ITERATION 551 ------------- 
Tank Level 3.738227 
ITERATION 552 ------------- 
Tank Level 3.738227 
ITERATION 553 ------------- 
Tank Level 3.738227 
ITERATION 554 ------------- 
Tank Level 3.738227 
ITERATION 555 ------------- 
Tank Level 3.738227 
ITERATION 556 ------------- 
Tank Level 3.738227 
ITERATION 557 ------------- 
Tank Level 3.738227 
ITERATION 558 ------------- 
Tank Level 3.738227 
ITERATION 559 ------------- 
Tank Level 3.738227 
ITERATION 560 ------------- 
Tank Level 3.738227 
ITERATION 561 ------------- 
Tank Level 3.738227 
ITERATION 562 ------------- 
Tank Level 3.738227 
ITERATION 563 ------------- 
Tank Level 3.738227 
ITERATION 564 ------------- 
Tank Level 3.738227 
ITERATION                 T5:1              <= [3.73822685777989]: 'OK'
                T5:1[    0-0    ] <= [3.738226890563965]
                T5:1              <= [3.73822685777989]: 'OK'
                T5:1[    0-0    ] <= [3.738226890563965]
                T5:1              <= [3.73822685777989]: 'OK'
                T5:1[    0-0    ] <= [3.738226890563965]
                T5:1              <= [3.73822685777989]: 'OK'
                T5:1[    0-0    ] <= [3.738226890563965]
                T5:1              <= [3.73822685777989]: 'OK'
                T5:1[    0-0    ] <= [3.738226890563965]
                T5:1              <= [3.73822685777989]: 'OK'
                T5:1[    0-0    ] <= [3.738226890563965]
                T5:1[    0-0    ] <= [3.738226890563965]
                T5:1              <= [3.73822685777989]: 'OK'
                T5:1              <= [3.73822685777989]: 'OK'
                T5:1[    0-0    ] <= [3.738226890563965]
                T5:1              <= [3.73822685777989]: 'OK'
                T5:1[    0-0    ] <= [3.738226890563965]
                T5:1              <= [3.73822685777989]: 'OK'
                T5:1[    0-0    ] <= [3.738226890563965]
                T5:1              <= [3.73822685777989]: 'OK'
                T5:1[    0-0    ] <= [3.738226890563965]
                T5:1              <= [3.73822685777989]: 'OK'
                T5:1[    0-0    ] <= [3.738226890563965]
                T5:1[    0-0    ] <= [3.738226890563965]
                T5:1              <= [3.73822685777989]: 'OK'
                T5:1              <= [3.73822685777989]: 'OK'
                T5:1[    0-0    ] <= [3.738226890563965]
                T5:1              <= [3.73822685777989]: 'OK'
                T5:1[    0-0    ] <= [3.738226890563965]
                T5:1              <= [3.73822685777989]: 'OK'
                T5:1[    0-0    ] <= [3.738226890563965]
                T5:1              <= [3.73822685777989]: 'OK'
                T5:1[    0-0    ] <= [3.738226890563965]
                T5:1              <= [3.73822685777989]: 'OK'
                T5:1[    0-0    ] <= [3.738226890563965]
                T5:1              <= [3.73822685777989]: 'OK'
                T5:1[    0-0    ] <= [3.738226890563965]
                T5:1              <= [3.73822685777989]: 'OK'
                T5:1[    0-0    ] <= [3.738226890563965]
                T5:1              <= [3.73822685777989]: 'OK'
                T5:1[    0-0    ] <= [3.738226890563965]
                T5:1              <= [3.73822685777989]: 'OK'
                T5:1[    0-0    ] <= [3.738226890563965]
565 ------------- 
Tank Level 3.738227 
ITERATION 566 ------------- 
Tank Level 3.738227 
ITERATION 567 ------------- 
Tank Level 3.738227 
ITERATION 568 ------------- 
Tank Level 3.738227 
ITERATION 569 ------------- 
Tank Level 3.738227 
ITERATION 570 ------------- 
Tank Level 3.738227 
ITERATION 571 ------------- 
Tank Level 3.738227 
ITERATION 572 ------------- 
Tank Level 3.738227 
ITERATION 573 ------------- 
Tank Level 3.738227 
ITERATION 574 ------------- 
Tank Level 3.738227 
ITERATION 575 ------------- 
Tank Level 3.738227 
ITERATION 576 ------------- 
Tank Level 3.738227 
ITERATION 577 ------------- 
Tank Level 3.738227 
ITERATION 578 ------------- 
Tank Level 3.738227 
ITERATION 579 ------------- 
Tank Level 3.738227 
ITERATION 580 ------------- 
Tank Level 3.738227 
ITERATION 581 ------------- 
Tank Level 3.738227 
ITERATION 582 ------------- 
Tank Level 3.738227 
ITERATION 583 ------------- 
Tank Level 3.738227 
ITERATION 584 ------------- 
Tank Level 3.738227 
ITERATION 585 ------------- 
Tank Level 3.738227 
ITERATION 586 ------------- 
Tank Level 3.738227 
ITERATION 587 ------------- 
DEBUG plc7 shutdown
plc7
Stopping Tcp dump process on PLC...
Stopping PLC...
