                T7:1              <= [2.5]: 'OK'
                T7:1[    0-0    ] <= [2.5]
                T7:1[    0-0    ] <= [2.5]
                T7:1              <= [2.5]: 'OK'
                T7:1              <= [2.5]: 'OK'
                T7:1[    0-0    ] <= [2.5]
                T7:1              <= [2.5]: 'OK'
                T7:1[    0-0    ] <= [2.5]
                T7:1              <= [2.5]: 'OK'
                T7:1[    0-0    ] <= [2.5]
                T7:1              <= [2.5]: 'OK'
                T7:1[    0-0    ] <= [2.5]
                T7:1              <= [2.5]: 'OK'
                T7:1[    0-0    ] <= [2.5]
                T7:1              <= [2.5]: 'OK'
                T7:1[    0-0    ] <= [2.5]
                T7:1              <= [2.5]: 'OK'
                T7:1[    0-0    ] <= [2.5]
                T7:1              <= [2.5]: 'OK'
                T7:1[    0-0    ] <= [2.5]
                T7:1              <= [2.5]: 'OK'
                T7:1[    0-0    ] <= [2.5]
                T7:1              <= [2.5]: 'OK'
                T7:1[    0-0    ] <= [2.5]
                T7:1              <= [2.5]: 'OK'
                T7:1[    0-0    ] <= [2.5]
                T7:1              <= [2.5]: 'OK'
                T7:1[    0-0    ] <= [2.5]
                T7:1              <= [2.5]: 'OK'
                T7:1[    0-0    ] <= [2.5]
                T7:1[    0-0    ] <= [3.9985697269439697]
                T7:1              <= [3.99856962363863]: 'OK'
                T7:1              <= [3.99856962363863]: 'OK'
                T7:1[    0-0    ] <= [3.9985697269439697]
                T7:1              <= [3.99856962363863]: 'OK'
                T7:1[    0-0    ] <= [3.9985697269439697]
                T7:1              <= [3.99856962363863]: 'OK'
                T7:1[    0-0    ] <= [3.9985697269439697]
                T7:1              <= [3.99856962363863]: 'OK'
                T7:1[    0-0    ] <= [3.9985697269439697]
                T7:1              <= [3.99856962363863]: 'OK'
                T7:1[    0-0    ] <= [3.9985697269439697]
                T7:1              <= [3.99856962363863]: 'OK'
                T7:1[    0-0    ] <= [3.9985697269439697]
                T7:1              <= [3.85818699994334]: 'OK'
                T7:1[    0-0    ] <= [3.858186960220337]
                T7:1              <= [3.85818699994334]: 'OK'
                T7:1[    0-0    ] <= [3.858186960220337]
                T7:1              <= [3.85818699994334]: 'OK'
                T7:1[    0-0    ] <= [3.858186960220337]
                T7:1              <= [3.85818699994334]: 'OK'
                T7:1[    0-0    ] <= [3.858186960220337]
                T7:1              <= [3.85818699994334]: 'OK'
                T7:1[    0-0    ] <= [3.858186960220337]
                T7:1[    0-0    ] <= [3.858186960220337]
                T7:1              <= [3.85818699994334]: 'OK'
                T7:1              <= [3.85818699994334]: 'OK'
                T7:1[    0-0    ] <= [3.858186960220337]
                T7:1[    0-0    ] <= [3.858186960220337]
                T7:1              <= [3.85818699994334]: 'OK'
                T7:1[    0-0    ] <= [3.718270778656006]
                T7:1              <= [3.71827086789216]: 'OK'
                T7:1              <= [3.71827086789216]: 'OK'
                T7:1[    0-0    ] <= [3.718270778656006]
                T7:1[    0-0    ] <= [3.718270778656006]
                T7:1              <= [3.71827086789216]: 'OK'
                T7:1              <= [3.71827086789216]: 'OK'
                T7:1[    0-0    ] <= [3.718270778656006]
                T7:1[    0-0    ] <= [3.718270778656006]
                T7:1              <= [3.71827086789216]: 'OK'
                T7:1              <= [3.71827086789216]: 'OK'
                T7:1[    0-0    ] <= [3.718270778656006]
                T7:1              <= [3.71827086789216]: 'OK'
                T7:1[    0-0    ] <= [3.718270778656006]
                T7:1              <= [3.71827086789216]: 'OK'
                T7:1[    0-0    ] <= [3.718270778656006]
                T7:1              <= [3.57881728132467]: 'OK'
                T7:1[    0-0    ] <= [3.578817367553711]
                T7:1              <= [3.57881728132467]: 'OK'
                T7:1[    0-0    ] <= [3.578817367553711]
                T7:1              <= [3.57881728132467]: 'OK'
                T7:1[    0-0    ] <= [3.578817367553711]
                T7:1              <= [3.57881728132467]: 'OK'
                T7:1[    0-0    ] <= [3.578817367553711]
                T7:1              <= [3.57881728132467]: 'OK'
                T7:1[    0-0    ] <= [3.578817367553711]
                T7:1              <= [3.57881728132467]: 'OK'
                T7:1[    0-0    ] <= [3.578817367553711]
                T7:1              <= [3.57881728132467]: 'OK'
                T7:1[    0-0    ] <= [3.578817367553711]
                T7:1              <= [3.57881728132467]: 'OK'
                T7:1[    0-0    ] <= [3.578817367553711]
                T7:1              <= [3.439822430142]: 'OK'
                T7:1[    0-0    ] <= [3.4398224353790283]
                T7:1[    0-0    ] <= [3.4398224353790283]
                T7:1              <= [3.439822430142]: 'OK'
                T7:1              <= [3.439822430142]: 'OK'
                T7:1[    0-0    ] <= [3.4398224353790283]
                T7:1              <= [3.439822430142]: 'OK'
                T7:1[    0-0    ] <= [3.4398224353790283]
                T7:1              <= [3.439822430142]: 'OK'
                T7:1[    0-0    ] <= [3.4398224353790283]
                T7:1              <= [3.439822430142]: 'OK'
                T7:1[    0-0    ] <= [3.4398224353790283]
                T7:1              <= [3.439822430142]: 'OK'
                T7:1[    0-0    ] <= [3.4398224353790283]
                T7:1              <= [3.439822430142]: 'OK'
                T7:1[    0-0    ] <= [3.4398224353790283]
                T7:1              <= [3.30128263829354]: 'OK'
                T7:1[    0-0    ] <= [3.3012826442718506]
                T7:1              <= [3.30128263829354]: 'OK'
                T7:1[    0-0    ] <= [3.3012826442718506]
                T7:1              <= [3.30128263829354]: 'OK'
                T7:1[    0-0    ] <= [3.3012826442718506]
                T7:1[    0-0    ] <= [3.3012826442718506]
                T7:1              <= [3.30128263829354]: 'OK'
                T7:1              <= [3.30128263829354]: 'OK'
                T7:1[    0-0    ] <= [3.3012826442718506]
                T7:1              <= [3.30128263829354]: 'OK'
                T7:1[    0-0    ] <= [3.3012826442718506]
                T7:1              <= [3.30128263829354]: 'OK'
                T7:1[    0-0    ] <= [3.3012826442718506]
                T7:1              <= [3.30128263829354]: 'OK'
                T7:1[    0-0    ] <= [3.3012826442718506]
                T7:1              <= [3.30128263829354]: 'OK'
                T7:1[    0-0    ] <= [3.3012826442718506]
                T7:1              <= [3.16319436248773]: 'OK'
                T7:1[    0-0    ] <= [3.163194417953491]
                T7:1[    0-0    ] <= [3.163194417953491]
                T7:1              <= [3.16319436248773]: 'OK'
                T7:1              <= [3.16319436248773]: 'OK'
                T7:1[    0-0    ] <= [3.163194417953491]
                T7:1              <= [3.16319436248773]: 'OK'
                T7:1[    0-0    ] <= [3.163194417953491]
                T7:1              <= [3.16319436248773]: 'OK'
                T7:1[    0-0    ] <= [3.163194417953491]
                T7:1              <= [3.16319436248773]: 'OK'
                T7:1[    0-0    ] <= [3.163194417953491]
                T7:1[    0-0    ] <= [3.163194417953491]
                T7:1              <= [3.16319436248773]: 'OK'
                T7:1              <= [3.02555419173109]: 'OK'
                T7:1[    0-0    ] <= [3.0255541801452637]
                T7:1              <= [3.02555419173109]: 'OK'
                T7:1[    0-0    ] <= [3.0255541801452637]
DEBUG get_query: SELECT value FROM ctown WHERE name = ? AND pid = ?
DEBUG set_query: UPDATE ctown SET value = ? WHERE name = ? AND pid = ?
DEBUG EnipProtocol server addr:  192.168.1.1
DEBUG: concatenating server address with default port.
DEBUG enip server tags_string:  T7:1=REAL ATT_1:1=REAL ATT_2:1=REAL 
DEBUG enip _start_server cmd:  ['/usr/bin/python', '-m', 'cpppo.server.enip', '--print', '--log', 'logs/protocols_tests_enip_server', '--address', '192.168.1.1:44818', 'T7:1=REAL', 'ATT_1:1=REAL', 'ATT_2:1=REAL']
DEBUG: plc9 enters pre_loop
Week index in PLC9 is: 35
Tank Level 2.500000 
ITERATION 1 ------------- 
Tank Level 2.500000 
ITERATION 2 ------------- 
Tank Level 2.500000 
ITERATION 3 ------------- 
Tank Level 2.500000 
ITERATION 4 ------------- 
Tank Level 2.500000 
ITERATION 5 ------------- 
Tank Level 2.500000 
ITERATION 6 ------------- 
Tank Level 2.500000 
ITERATION 7 ------------- 
Tank Level 2.500000 
ITERATION 8 ------------- 
Tank Level 2.500000 
ITERATION 9 ------------- 
Tank Level 2.500000 
ITERATION 10 ------------- 
Tank Level 2.500000 
ITERATION 11 ------------- 
Tank Level 2.500000 
ITERATION 12 ------------- 
Tank Level 2.500000 
ITERATION 13 ------------- 
Tank Level 2.500000 
ITERATION 14 ------------- 
Tank Level 2.500000 
ITERATION 15 ------------- 
Tank Level 3.998570 
ITERATION 16 ------------- 
Tank Level 3.998570 
ITERATION 17 ------------- 
Tank Level 3.998570 
ITERATION 18 ------------- 
Tank Level 3.998570 
ITERATION 19 ------------- 
Tank Level 3.998570 
ITERATION 20 ------------- 
Tank Level 3.998570 
ITERATION 21 ------------- 
Tank Level 3.998570 
ITERATION 22 ------------- 
Tank Level 3.858187 
ITERATION 23 ------------- 
Tank Level 3.858187 
ITERATION 24 ------------- 
Tank Level 3.858187 
ITERATION 25 ------------- 
Tank Level 3.858187 
ITERATION 26 ------------- 
Tank Level 3.858187 
ITERATION 27 ------------- 
Tank Level 3.858187 
ITERATION 28 ------------- 
Tank Level 3.858187 
ITERATION 29 ------------- 
Tank Level 3.858187 
ITERATION 30 ------------- 
Tank Level 3.718271 
ITERATION 31 ------------- 
Tank Level 3.718271 
ITERATION 32 ------------- 
Tank Level 3.718271 
ITERATION 33 ------------- 
Tank Level 3.718271 
ITERATION 34 ------------- 
Tank Level 3.718271 
ITERATION 35 ------------- 
Tank Level 3.718271 
ITERATION 36 ------------- 
Tank Level 3.718271 
ITERATION 37 ------------- 
Tank Level 3.718271 
ITERATION 38 ------------- 
Tank Level 3.578817 
ITERATION 39 ------------- 
Tank Level 3.578817 
ITERATION 40 ------------- 
Tank Level 3.578817 
ITERATION 41 ------------- 
Tank Level 3.578817 
ITERATION 42 ------------- 
Tank Level 3.578817 
ITERATION 43 ------------- 
Tank Level 3.578817 
ITERATION 44 ------------- 
Tank Level 3.578817 
ITERATION 45 ------------- 
Tank Level 3.578817 
ITERATION 46 ------------- 
Tank Level 3.439822 
ITERATION 47 ------------- 
Tank Level 3.439822 
ITERATION 48 ------------- 
Tank Level 3.439822 
ITERATION 49 ------------- 
Tank Level 3.439822 
ITERATION 50 ------------- 
Tank Level 3.439822 
ITERATION 51 ------------- 
Tank Level 3.439822 
ITERATION 52 ------------- 
Tank Level 3.439822 
ITERATION 53 ------------- 
Tank Level 3.439822 
ITERATION 54 ------------- 
Tank Level 3.301283 
ITERATION 55 ------------- 
Tank Level 3.301283 
ITERATION 56 ------------- 
Tank Level 3.301283 
ITERATION 57 ------------- 
Tank Level 3.301283 
ITERATION 58 ------------- 
Tank Level 3.301283 
ITERATION 59 ------------- 
Tank Level 3.301283 
ITERATION 60 ------------- 
Tank Level 3.301283 
ITERATION 61 ------------- 
Tank Level 3.301283 
ITERATION 62 ------------- 
Tank Level 3.301283 
ITERATION 63 ------------- 
Tank Level 3.163194 
ITERATION 64 ------------- 
Tank Level 3.163194 
ITERATION 65 ------------- 
Tank Level 3.163194 
ITERATION 66 ------------- 
Tank Level 3.163194 
ITERATION 67 ------------- 
Tank Level 3.163194 
ITERATION 68 ------------- 
Tank Level 3.163194 
ITERATION 69 ------------- 
Tank Level 3.163194 
ITERATION 70 ------------- 
Tank Level 3.025554 
ITERATION 71 ------------- 
Tank Level 3.025554 
ITERATION 72 ------------- 
Ta                T7:1              <= [3.02555419173109]: 'OK'
                T7:1[    0-0    ] <= [3.0255541801452637]
                T7:1              <= [3.02555419173109]: 'OK'
                T7:1[    0-0    ] <= [3.0255541801452637]
                T7:1              <= [3.02555419173109]: 'OK'
                T7:1[    0-0    ] <= [3.0255541801452637]
                T7:1              <= [3.02555419173109]: 'OK'
                T7:1[    0-0    ] <= [3.0255541801452637]
                T7:1              <= [3.02555419173109]: 'OK'
                T7:1[    0-0    ] <= [3.0255541801452637]
                T7:1              <= [3.02555419173109]: 'OK'
                T7:1[    0-0    ] <= [3.0255541801452637]
                T7:1              <= [2.88835884785775]: 'OK'
                T7:1[    0-0    ] <= [2.8883588314056396]
                T7:1              <= [2.88835884785775]: 'OK'
                T7:1[    0-0    ] <= [2.8883588314056396]
                T7:1[    0-0    ] <= [2.8883588314056396]
                T7:1              <= [2.88835884785775]: 'OK'
                T7:1              <= [2.88835884785775]: 'OK'
                T7:1[    0-0    ] <= [2.8883588314056396]
                T7:1              <= [2.88835884785775]: 'OK'
                T7:1[    0-0    ] <= [2.8883588314056396]
                T7:1              <= [2.88835884785775]: 'OK'
                T7:1[    0-0    ] <= [2.8883588314056396]
                T7:1              <= [2.88835884785775]: 'OK'
                T7:1[    0-0    ] <= [2.8883588314056396]
                T7:1[    0-0    ] <= [2.8883588314056396]
                T7:1              <= [2.88835884785775]: 'OK'
                T7:1              <= [2.75160518730405]: 'OK'
                T7:1[    0-0    ] <= [2.751605272293091]
                T7:1              <= [2.75160518730405]: 'OK'
                T7:1[    0-0    ] <= [2.751605272293091]
                T7:1[    0-0    ] <= [2.751605272293091]
                T7:1              <= [2.75160518730405]: 'OK'
                T7:1              <= [2.75160518730405]: 'OK'
                T7:1[    0-0    ] <= [2.751605272293091]
                T7:1              <= [2.75160518730405]: 'OK'
                T7:1[    0-0    ] <= [2.751605272293091]
                T7:1              <= [2.75160518730405]: 'OK'
                T7:1[    0-0    ] <= [2.751605272293091]
                T7:1              <= [2.75160518730405]: 'OK'
                T7:1[    0-0    ] <= [2.751605272293091]
                T7:1              <= [2.75160518730405]: 'OK'
                T7:1[    0-0    ] <= [2.751605272293091]
                T7:1              <= [2.61529020454209]: 'OK'
                T7:1[    0-0    ] <= [2.6152901649475098]
                T7:1              <= [2.61529020454209]: 'OK'
                T7:1[    0-0    ] <= [2.6152901649475098]
                T7:1              <= [2.61529020454209]: 'OK'
                T7:1[    0-0    ] <= [2.6152901649475098]
                T7:1              <= [2.61529020454209]: 'OK'
                T7:1[    0-0    ] <= [2.6152901649475098]
                T7:1              <= [2.61529020454209]: 'OK'
                T7:1[    0-0    ] <= [2.6152901649475098]
                T7:1              <= [2.61529020454209]: 'OK'
                T7:1[    0-0    ] <= [2.6152901649475098]
                T7:1              <= [2.61529020454209]: 'OK'
                T7:1[    0-0    ] <= [2.6152901649475098]
                T7:1              <= [2.61529020454209]: 'OK'
                T7:1[    0-0    ] <= [2.6152901649475098]
                T7:1              <= [2.61529020454209]: 'OK'
                T7:1[    0-0    ] <= [2.6152901649475098]
                T7:1[    0-0    ] <= [2.4794111251831055]
                T7:1              <= [2.4794110378796]: 'OK'
                T7:1              <= [2.4794110378796]: 'OK'
                T7:1[    0-0    ] <= [2.4794111251831055]
                T7:1[    0-0    ] <= [2.4794111251831055]
                T7:1              <= [2.4794110378796]: 'OK'
                T7:1              <= [2.4794110378796]: 'OK'
                T7:1[    0-0    ] <= [2.4794111251831055]
                T7:1              <= [2.4794110378796]: 'OK'
                T7:1[    0-0    ] <= [2.4794111251831055]
                T7:1              <= [2.4794110378796]: 'OK'
                T7:1[    0-0    ] <= [2.4794111251831055]
                T7:1              <= [2.4794110378796]: 'OK'
                T7:1[    0-0    ] <= [2.4794111251831055]
                T7:1              <= [2.4794110378796]: 'OK'
                T7:1[    0-0    ] <= [2.4794111251831055]
                T7:1[    0-0    ] <= [2.4794111251831055]
                T7:1              <= [2.4794110378796]: 'OK'
                T7:1              <= [2.34396497893663]: 'OK'
                T7:1[    0-0    ] <= [2.3439650535583496]
                T7:1              <= [2.34396497893663]: 'OK'
                T7:1[    0-0    ] <= [2.3439650535583496]
                T7:1              <= [2.34396497893663]: 'OK'
                T7:1[    0-0    ] <= [2.3439650535583496]
                T7:1              <= [2.34396497893663]: 'OK'
                T7:1[    0-0    ] <= [2.3439650535583496]
                T7:1[    0-0    ] <= [2.3439650535583496]
                T7:1              <= [2.34396497893663]: 'OK'
                T7:1              <= [2.34396497893663]: 'OK'
                T7:1[    0-0    ] <= [2.3439650535583496]
                T7:1              <= [2.34396497893663]: 'OK'
                T7:1[    0-0    ] <= [2.3439650535583496]
                T7:1              <= [2.34396497893663]: 'OK'
                T7:1[    0-0    ] <= [2.3439650535583496]
                T7:1              <= [2.2235207506245]: 'OK'
                T7:1[    0-0    ] <= [2.2235207557678223]
                T7:1              <= [2.2235207506245]: 'OK'
                T7:1[    0-0    ] <= [2.2235207557678223]
                T7:1              <= [2.2235207506245]: 'OK'
                T7:1[    0-0    ] <= [2.2235207557678223]
                T7:1              <= [2.2235207506245]: 'OK'
                T7:1[    0-0    ] <= [2.2235207557678223]
                T7:1              <= [2.2235207506245]: 'OK'
                T7:1[    0-0    ] <= [2.2235207557678223]
                T7:1              <= [2.2235207506245]: 'OK'
                T7:1[    0-0    ] <= [2.2235207557678223]
                T7:1              <= [2.2235207506245]: 'OK'
                T7:1[    0-0    ] <= [2.2235207557678223]
                T7:1              <= [2.2235207506245]: 'OK'
                T7:1[    0-0    ] <= [2.2235207557678223]
                T7:1              <= [2.27050800822465]: 'OK'
                T7:1[    0-0    ] <= [2.270508050918579]
                T7:1              <= [2.27050800822465]: 'OK'
                T7:1[    0-0    ] <= [2.270508050918579]
                T7:1              <= [2.27050800822465]: 'OK'
                T7:1[    0-0    ] <= [2.270508050918579]
                T7:1              <= [2.27050800822465]: 'OK'
                T7:1[    0-0    ] <= [2.270508050918579]
                T7:1              <= [2.27050800822465]: 'OK'
                T7:1[    0-0    ] <= [2.270508050918579]
                T7:1              <= [2.27050800822465]: 'OK'
                T7:1[    0-0    ] <= [2.270508050918579]
                T7:1              <= [2.27050800822465]: 'OK'
                T7:1[    0-0    ] <= [2.270508050918579]
                T7:1[    0-0    ] <= [2.270508050918579]
                T7:1              <= [2.27050800822465]: 'OK'
                T7:1              <= [2.27050800822465]: 'OK'
                T7:1[    0-0    ] <= [2.270508050918579]
                T7:1              <= [2.31740197535817]: 'OK'
                T7:1[    0-0    ] <= [2.317401885986328]
                T7:1              <= [2.31740197535817]: 'OK'
                T7:1[    0-0    ] <= [2.317401885986328]
                T7:1              <= [2.31740197535817]: 'OK'
                T7:1[    0-0    ] <= [2.317401885986328]
                T7:1              <= [2.31740197535817]: 'OK'
                T7:1[    0-0    ] <= [2.317401885986328]
                T7:1              <= [2.31740197535817]: 'OK'
                T7:1[    0-0    ] <= [2.317401885986328]
                T7:1              <= [2.31740197535817]: 'OK'
                T7:1[    0-0    ] <= [2.317401885986328]
                T7:1              <= [2.31740197535817]: 'OK'
                T7:1[    0-0    ] <= [2.317401885986328]
                T7:1[    0-0    ] <= [2.317401885986328]
                T7:1              <= [2.31740197535817]: 'OK'
                T7:1              <= [2.31740197535817]: 'OK'
                T7:1[    0-0    ] <= [2.317401885986328]
                T7:1              <= [2.36420299920997]: 'OK'
                T7:1[    0-0    ] <= [2.3642029762268066]
                T7:1              <= [2.36420299920997]: 'OK'
                T7:1[    0-0    ] <= [2.3642029762268066]
                T7:1              <= [2.36420299920997]: 'OK'
                T7:1[    0-0    ] <= [2.3642029762268066]
                T7:1              <= [2.36420299920997]: 'OK'
                T7:1[    0-0    ] <= [2.3642029762268066]
                T7:1              <= [2.36420299920997]: 'OK'
                T7:1[    0-0    ] <= [2.3642029762268066]
                T7:1              <= [2.36420299920997]: 'OK'
                T7:1[    0-0    ] <= [2.3642029762268066]
                T7:1              <= [2.36420299920997]: 'OK'
                T7:1[    0-0    ] <= [2.3642029762268066]
                T7:1              <= [2.36420299920997]: 'OK'
                T7:1[    0-0    ] <= [2.3642029762268066]
nk Level 3.025554 
ITERATION 73 ------------- 
Tank Level 3.025554 
ITERATION 74 ------------- 
Tank Level 3.025554 
ITERATION 75 ------------- 
Tank Level 3.025554 
ITERATION 76 ------------- 
Tank Level 3.025554 
ITERATION 77 ------------- 
Tank Level 3.025554 
ITERATION 78 ------------- 
Tank Level 2.888359 
ITERATION 79 ------------- 
Tank Level 2.888359 
ITERATION 80 ------------- 
Tank Level 2.888359 
ITERATION 81 ------------- 
Tank Level 2.888359 
ITERATION 82 ------------- 
Tank Level 2.888359 
ITERATION 83 ------------- 
Tank Level 2.888359 
ITERATION 84 ------------- 
Tank Level 2.888359 
ITERATION 85 ------------- 
Tank Level 2.888359 
ITERATION 86 ------------- 
Tank Level 2.751605 
ITERATION 87 ------------- 
Tank Level 2.751605 
ITERATION 88 ------------- 
Tank Level 2.751605 
ITERATION 89 ------------- 
Tank Level 2.751605 
ITERATION 90 ------------- 
Tank Level 2.751605 
ITERATION 91 ------------- 
Tank Level 2.751605 
ITERATION 92 ------------- 
Tank Level 2.751605 
ITERATION 93 ------------- 
Tank Level 2.751605 
ITERATION 94 ------------- 
Tank Level 2.615290 
ITERATION 95 ------------- 
Tank Level 2.615290 
ITERATION 96 ------------- 
Tank Level 2.615290 
ITERATION 97 ------------- 
Tank Level 2.615290 
ITERATION 98 ------------- 
Tank Level 2.615290 
ITERATION 99 ------------- 
Tank Level 2.615290 
ITERATION 100 ------------- 
Tank Level 2.615290 
ITERATION 101 ------------- 
Tank Level 2.615290 
ITERATION 102 ------------- 
Tank Level 2.615290 
ITERATION 103 ------------- 
Tank Level 2.479411 
ITERATION 104 ------------- 
Tank Level 2.479411 
ITERATION 105 ------------- 
Tank Level 2.479411 
ITERATION 106 ------------- 
Tank Level 2.479411 
ITERATION 107 ------------- 
Tank Level 2.479411 
ITERATION 108 ------------- 
Tank Level 2.479411 
ITERATION 109 ------------- 
Tank Level 2.479411 
ITERATION 110 ------------- 
Tank Level 2.479411 
ITERATION 111 ------------- 
Tank Level 2.479411 
ITERATION 112 ------------- 
Tank Level 2.343965 
ITERATION 113 ------------- 
Tank Level 2.343965 
ITERATION 114 ------------- 
Tank Level 2.343965 
ITERATION 115 ------------- 
Tank Level 2.343965 
ITERATION 116 ------------- 
Tank Level 2.343965 
ITERATION 117 ------------- 
Tank Level 2.343965 
ITERATION 118 ------------- 
Tank Level 2.343965 
ITERATION 119 ------------- 
Tank Level 2.343965 
ITERATION 120 ------------- 
Tank Level 2.223521 
ITERATION 121 ------------- 
Tank Level 2.223521 
ITERATION 122 ------------- 
Tank Level 2.223521 
ITERATION 123 ------------- 
Tank Level 2.223521 
ITERATION 124 ------------- 
Tank Level 2.223521 
ITERATION 125 ------------- 
Tank Level 2.223521 
ITERATION 126 ------------- 
Tank Level 2.223521 
ITERATION 127 ------------- 
Tank Level 2.223521 
ITERATION 128 ------------- 
Tank Level 2.270508 
ITERATION 129 ------------- 
Tank Level 2.270508 
ITERATION 130 ------------- 
Tank Level 2.270508 
ITERATION 131 ------------- 
Tank Level 2.270508 
ITERATION 132 ------------- 
Tank Level 2.270508 
ITERATION 133 ------------- 
Tank Level 2.270508 
ITERATION 134 ------------- 
Tank Level 2.270508 
ITERATION 135 ------------- 
Tank Level 2.270508 
ITERATION 136 ------------- 
Tank Level 2.270508 
ITERATION 137 ------------- 
Tank Level 2.317402 
ITERATION 138 ------------- 
Tank Level 2.317402 
ITERATION 139 ------------- 
Tank Level 2.317402 
ITERATION 140 ------------- 
Tank Level 2.317402 
ITERATION 141 ------------- 
Tank Level 2.317402 
ITERATION 142 ------------- 
Tank Level 2.317402 
ITERATION 143 ------------- 
Tank Level 2.317402 
ITERATION 144 ------------- 
Tank Level 2.317402 
ITERATION 145 ------------- 
Tank Level 2.317402 
ITERATION 146 ------------- 
Tank Level 2.364203 
ITERATION 147 ------------- 
Tank Level 2.364203 
ITERATION 148 ------------- 
Tank Level 2.364203 
ITERATION 149 ------------- 
Tank Level 2.364203 
ITERATION 150 ------------- 
Tank Level 2.364203 
ITERATION 151 ------------- 
Tank Level 2.364203 
ITERATION 152 ------------- 
Tank Level 2.364203 
ITERATION 153 ------------- 
Tank Level 2.364203 
ITERATION 154 ------------- 
Tank Level 2.364203 
ITER                T7:1              <= [2.36420299920997]: 'OK'
                T7:1[    0-0    ] <= [2.3642029762268066]
                T7:1              <= [2.41091142494545]: 'OK'
                T7:1[    0-0    ] <= [2.4109113216400146]
                T7:1              <= [2.41091142494545]: 'OK'
                T7:1[    0-0    ] <= [2.4109113216400146]
                T7:1              <= [2.41091142494545]: 'OK'
                T7:1[    0-0    ] <= [2.4109113216400146]
                T7:1              <= [2.41091142494545]: 'OK'
                T7:1[    0-0    ] <= [2.4109113216400146]
                T7:1              <= [2.41091142494545]: 'OK'
                T7:1[    0-0    ] <= [2.4109113216400146]
                T7:1              <= [2.41091142494545]: 'OK'
                T7:1[    0-0    ] <= [2.4109113216400146]
                T7:1[    0-0    ] <= [2.4109113216400146]
                T7:1              <= [2.41091142494545]: 'OK'
                T7:1              <= [2.41091142494545]: 'OK'
                T7:1[    0-0    ] <= [2.4109113216400146]
                T7:1              <= [2.41091142494545]: 'OK'
                T7:1[    0-0    ] <= [2.4109113216400146]
                T7:1              <= [2.4575275957361]: 'OK'
                T7:1[    0-0    ] <= [2.4575276374816895]
                T7:1              <= [2.4575275957361]: 'OK'
                T7:1[    0-0    ] <= [2.4575276374816895]
                T7:1              <= [2.4575275957361]: 'OK'
                T7:1[    0-0    ] <= [2.4575276374816895]
                T7:1[    0-0    ] <= [2.4575276374816895]
                T7:1              <= [2.4575275957361]: 'OK'
                T7:1              <= [2.4575275957361]: 'OK'
                T7:1[    0-0    ] <= [2.4575276374816895]
                T7:1              <= [2.4575275957361]: 'OK'
                T7:1[    0-0    ] <= [2.4575276374816895]
                T7:1[    0-0    ] <= [2.4575276374816895]
                T7:1              <= [2.4575275957361]: 'OK'
                T7:1              <= [2.4575275957361]: 'OK'
                T7:1[    0-0    ] <= [2.4575276374816895]
                T7:1              <= [2.4575275957361]: 'OK'
                T7:1[    0-0    ] <= [2.4575276374816895]
                T7:1              <= [2.4575275957361]: 'OK'
                T7:1[    0-0    ] <= [2.4575276374816895]
                T7:1              <= [2.50405185278404]: 'OK'
                T7:1[    0-0    ] <= [2.504051923751831]
                T7:1              <= [2.50405185278404]: 'OK'
                T7:1[    0-0    ] <= [2.504051923751831]
                T7:1              <= [2.50405185278404]: 'OK'
                T7:1[    0-0    ] <= [2.504051923751831]
                T7:1[    0-0    ] <= [2.504051923751831]
                T7:1              <= [2.50405185278404]: 'OK'
                T7:1              <= [2.50405185278404]: 'OK'
                T7:1[    0-0    ] <= [2.504051923751831]
                T7:1              <= [2.50405185278404]: 'OK'
                T7:1[    0-0    ] <= [2.504051923751831]
                T7:1[    0-0    ] <= [2.504051923751831]
                T7:1              <= [2.50405185278404]: 'OK'
                T7:1              <= [2.50405185278404]: 'OK'
                T7:1[    0-0    ] <= [2.504051923751831]
                T7:1[    0-0    ] <= [2.5504844188690186]
                T7:1              <= [2.55048453534529]: 'OK'
                T7:1              <= [2.55048453534529]: 'OK'
                T7:1[    0-0    ] <= [2.5504844188690186]
                T7:1[    0-0    ] <= [2.5504844188690186]
                T7:1              <= [2.55048453534529]: 'OK'
                T7:1              <= [2.55048453534529]: 'OK'
                T7:1[    0-0    ] <= [2.5504844188690186]
                T7:1              <= [2.55048453534529]: 'OK'
                T7:1[    0-0    ] <= [2.5504844188690186]
                T7:1              <= [2.55048453534529]: 'OK'
                T7:1[    0-0    ] <= [2.5504844188690186]
                T7:1              <= [2.55048453534529]: 'OK'
                T7:1[    0-0    ] <= [2.5504844188690186]
                T7:1              <= [2.55048453534529]: 'OK'
                T7:1[    0-0    ] <= [2.5504844188690186]
                T7:1              <= [2.55048453534529]: 'OK'
                T7:1[    0-0    ] <= [2.5504844188690186]
                T7:1              <= [2.59682598074892]: 'OK'
                T7:1[    0-0    ] <= [2.5968260765075684]
                T7:1              <= [2.59682598074892]: 'OK'
                T7:1[    0-0    ] <= [2.5968260765075684]
                T7:1              <= [2.59682598074892]: 'OK'
                T7:1[    0-0    ] <= [2.5968260765075684]
                T7:1              <= [2.59682598074892]: 'OK'
                T7:1[    0-0    ] <= [2.5968260765075684]
                T7:1              <= [2.59682598074892]: 'OK'
                T7:1[    0-0    ] <= [2.5968260765075684]
                T7:1              <= [2.59682598074892]: 'OK'
                T7:1[    0-0    ] <= [2.5968260765075684]
                T7:1              <= [2.59682598074892]: 'OK'
                T7:1[    0-0    ] <= [2.5968260765075684]
                T7:1[    0-0    ] <= [2.5968260765075684]
                T7:1              <= [2.59682598074892]: 'OK'
                T7:1              <= [2.59682598074892]: 'OK'
                T7:1[    0-0    ] <= [2.5968260765075684]
                T7:1              <= [2.6430765245114]: 'OK'
                T7:1[    0-0    ] <= [2.6430764198303223]
                T7:1              <= [2.6430765245114]: 'OK'
                T7:1[    0-0    ] <= [2.6430764198303223]
                T7:1              <= [2.6430765245114]: 'OK'
                T7:1[    0-0    ] <= [2.6430764198303223]
                T7:1              <= [2.6430765245114]: 'OK'
                T7:1[    0-0    ] <= [2.6430764198303223]
                T7:1              <= [2.6430765245114]: 'OK'
                T7:1[    0-0    ] <= [2.6430764198303223]
                T7:1              <= [2.6430765245114]: 'OK'
                T7:1[    0-0    ] <= [2.6430764198303223]
                T7:1              <= [2.6430765245114]: 'OK'
                T7:1[    0-0    ] <= [2.6430764198303223]
                T7:1[    0-0    ] <= [2.6430764198303223]
                T7:1              <= [2.6430765245114]: 'OK'
                T7:1              <= [2.6430765245114]: 'OK'
                T7:1[    0-0    ] <= [2.6430764198303223]
                T7:1              <= [2.68923650036254]: 'OK'
                T7:1[    0-0    ] <= [2.6892364025115967]
                T7:1              <= [2.68923650036254]: 'OK'
                T7:1[    0-0    ] <= [2.6892364025115967]
                T7:1              <= [2.68923650036254]: 'OK'
                T7:1[    0-0    ] <= [2.6892364025115967]
                T7:1              <= [2.68923650036254]: 'OK'
                T7:1[    0-0    ] <= [2.6892364025115967]
                T7:1              <= [2.68923650036254]: 'OK'
                T7:1[    0-0    ] <= [2.6892364025115967]
                T7:1[    0-0    ] <= [2.6892364025115967]
                T7:1              <= [2.68923650036254]: 'OK'
                T7:1              <= [2.68923650036254]: 'OK'
                T7:1[    0-0    ] <= [2.6892364025115967]
                T7:1              <= [2.68923650036254]: 'OK'
                T7:1[    0-0    ] <= [2.6892364025115967]
                T7:1              <= [2.70106106691382]: 'OK'
                T7:1[    0-0    ] <= [2.7010610103607178]
                T7:1              <= [2.70106106691382]: 'OK'
                T7:1[    0-0    ] <= [2.7010610103607178]
                T7:1              <= [2.70106106691382]: 'OK'
                T7:1[    0-0    ] <= [2.7010610103607178]
                T7:1              <= [2.70106106691382]: 'OK'
                T7:1[    0-0    ] <= [2.7010610103607178]
                T7:1              <= [2.70106106691382]: 'OK'
                T7:1[    0-0    ] <= [2.7010610103607178]
                T7:1              <= [2.70106106691382]: 'OK'
                T7:1[    0-0    ] <= [2.7010610103607178]
                T7:1              <= [2.70106106691382]: 'OK'
                T7:1[    0-0    ] <= [2.7010610103607178]
                T7:1[    0-0    ] <= [2.7010610103607178]
                T7:1              <= [2.70106106691382]: 'OK'
                T7:1              <= [2.73914870434729]: 'OK'
                T7:1[    0-0    ] <= [2.7391486167907715]
                T7:1              <= [2.73914870434729]: 'OK'
                T7:1[    0-0    ] <= [2.7391486167907715]
                T7:1              <= [2.73914870434729]: 'OK'
                T7:1[    0-0    ] <= [2.7391486167907715]
                T7:1              <= [2.73914870434729]: 'OK'
                T7:1[    0-0    ] <= [2.7391486167907715]
                T7:1[    0-0    ] <= [2.7391486167907715]
                T7:1              <= [2.73914870434729]: 'OK'
                T7:1              <= [2.73914870434729]: 'OK'
                T7:1[    0-0    ] <= [2.7391486167907715]
                T7:1              <= [2.73914870434729]: 'OK'
                T7:1[    0-0    ] <= [2.7391486167907715]
                T7:1              <= [2.73914870434729]: 'OK'
                T7:1[    0-0    ] <= [2.7391486167907715]
                T7:1[    0-0    ] <= [2.7391486167907715]
                T7:1              <= [2.73914870434729]: 'OK'
                T7:1              <= [2.73914870434729]: 'OK'
                T7:1[    0-0    ] <= [2.7391486167907715]
                T7:1              <= [2.73914870434729]: 'OK'
                T7:1[    0-0    ] <= [2.7391486167907715]
ATION 155 ------------- 
Tank Level 2.410911 
ITERATION 156 ------------- 
Tank Level 2.410911 
ITERATION 157 ------------- 
Tank Level 2.410911 
ITERATION 158 ------------- 
Tank Level 2.410911 
ITERATION 159 ------------- 
Tank Level 2.410911 
ITERATION 160 ------------- 
Tank Level 2.410911 
ITERATION 161 ------------- 
Tank Level 2.410911 
ITERATION 162 ------------- 
Tank Level 2.410911 
ITERATION 163 ------------- 
Tank Level 2.410911 
ITERATION 164 ------------- 
Tank Level 2.457528 
ITERATION 165 ------------- 
Tank Level 2.457528 
ITERATION 166 ------------- 
Tank Level 2.457528 
ITERATION 167 ------------- 
Tank Level 2.457528 
ITERATION 168 ------------- 
Tank Level 2.457528 
ITERATION 169 ------------- 
Tank Level 2.457528 
ITERATION 170 ------------- 
Tank Level 2.457528 
ITERATION 171 ------------- 
Tank Level 2.457528 
ITERATION 172 ------------- 
Tank Level 2.457528 
ITERATION 173 ------------- 
Tank Level 2.457528 
ITERATION 174 ------------- 
Tank Level 2.504052 
ITERATION 175 ------------- 
Tank Level 2.504052 
ITERATION 176 ------------- 
Tank Level 2.504052 
ITERATION 177 ------------- 
Tank Level 2.504052 
ITERATION 178 ------------- 
Tank Level 2.504052 
ITERATION 179 ------------- 
Tank Level 2.504052 
ITERATION 180 ------------- 
Tank Level 2.504052 
ITERATION 181 ------------- 
Tank Level 2.504052 
ITERATION 182 ------------- 
Tank Level 2.550485 
ITERATION 183 ------------- 
Tank Level 2.550485 
ITERATION 184 ------------- 
Tank Level 2.550485 
ITERATION 185 ------------- 
Tank Level 2.550485 
ITERATION 186 ------------- 
Tank Level 2.550485 
ITERATION 187 ------------- 
Tank Level 2.550485 
ITERATION 188 ------------- 
Tank Level 2.550485 
ITERATION 189 ------------- 
Tank Level 2.550485 
ITERATION 190 ------------- 
Tank Level 2.550485 
ITERATION 191 ------------- 
Tank Level 2.596826 
ITERATION 192 ------------- 
Tank Level 2.596826 
ITERATION 193 ------------- 
Tank Level 2.596826 
ITERATION 194 ------------- 
Tank Level 2.596826 
ITERATION 195 ------------- 
Tank Level 2.596826 
ITERATION 196 ------------- 
Tank Level 2.596826 
ITERATION 197 ------------- 
Tank Level 2.596826 
ITERATION 198 ------------- 
Tank Level 2.596826 
ITERATION 199 ------------- 
Tank Level 2.596826 
ITERATION 200 ------------- 
Tank Level 2.643077 
ITERATION 201 ------------- 
Tank Level 2.643077 
ITERATION 202 ------------- 
Tank Level 2.643077 
ITERATION 203 ------------- 
Tank Level 2.643077 
ITERATION 204 ------------- 
Tank Level 2.643077 
ITERATION 205 ------------- 
Tank Level 2.643077 
ITERATION 206 ------------- 
Tank Level 2.643077 
ITERATION 207 ------------- 
Tank Level 2.643077 
ITERATION 208 ------------- 
Tank Level 2.643077 
ITERATION 209 ------------- 
Tank Level 2.689237 
ITERATION 210 ------------- 
Tank Level 2.689237 
ITERATION 211 ------------- 
Tank Level 2.689237 
ITERATION 212 ------------- 
Tank Level 2.689237 
ITERATION 213 ------------- 
Tank Level 2.689237 
ITERATION 214 ------------- 
Tank Level 2.689237 
ITERATION 215 ------------- 
Tank Level 2.689237 
ITERATION 216 ------------- 
Tank Level 2.689237 
ITERATION 217 ------------- 
Tank Level 2.701061 
ITERATION 218 ------------- 
Tank Level 2.701061 
ITERATION 219 ------------- 
Tank Level 2.701061 
ITERATION 220 ------------- 
Tank Level 2.701061 
ITERATION 221 ------------- 
Tank Level 2.701061 
ITERATION 222 ------------- 
Tank Level 2.701061 
ITERATION 223 ------------- 
Tank Level 2.701061 
ITERATION 224 ------------- 
Tank Level 2.701061 
ITERATION 225 ------------- 
Tank Level 2.739149 
ITERATION 226 ------------- 
Tank Level 2.739149 
ITERATION 227 ------------- 
Tank Level 2.739149 
ITERATION 228 ------------- 
Tank Level 2.739149 
ITERATION 229 ------------- 
Tank Level 2.739149 
ITERATION 230 ------------- 
Tank Level 2.739149 
ITERATION 231 ------------- 
Tank Level 2.739149 
ITERATION 232 ------------- 
Tank Level 2.739149 
ITERATION 233 ------------- 
Tank Level 2.739149 
ITERATION 234 ------------- 
Tank Level 2.739149 
ITERATION 235 ------------- 
Tank Level 2.739149 
ITERATION 236 ------------- 
Tank Level 2.739149 
                T7:1              <= [2.73914870434729]: 'OK'
                T7:1[    0-0    ] <= [2.7391486167907715]
                T7:1[    0-0    ] <= [2.7391486167907715]
                T7:1              <= [2.73914870434729]: 'OK'
                T7:1              <= [2.73914870434729]: 'OK'
                T7:1[    0-0    ] <= [2.7391486167907715]
                T7:1              <= [2.73914870434729]: 'OK'
                T7:1[    0-0    ] <= [2.7391486167907715]
                T7:1              <= [2.73914870434729]: 'OK'
                T7:1[    0-0    ] <= [2.7391486167907715]
                T7:1              <= [2.73914870434729]: 'OK'
                T7:1[    0-0    ] <= [2.7391486167907715]
                T7:1              <= [2.82433218966199]: 'OK'
                T7:1[    0-0    ] <= [2.8243322372436523]
                T7:1              <= [2.82433218966199]: 'OK'
                T7:1[    0-0    ] <= [2.8243322372436523]
                T7:1              <= [2.82433218966199]: 'OK'
                T7:1[    0-0    ] <= [2.8243322372436523]
                T7:1[    0-0    ] <= [2.8243322372436523]
                T7:1              <= [2.82433218966199]: 'OK'
                T7:1              <= [2.82433218966199]: 'OK'
                T7:1[    0-0    ] <= [2.8243322372436523]
                T7:1              <= [2.82433218966199]: 'OK'
                T7:1[    0-0    ] <= [2.8243322372436523]
                T7:1              <= [2.82433218966199]: 'OK'
                T7:1[    0-0    ] <= [2.8243322372436523]
                T7:1              <= [2.82433218966199]: 'OK'
                T7:1[    0-0    ] <= [2.8243322372436523]
                T7:1              <= [2.82433218966199]: 'OK'
                T7:1[    0-0    ] <= [2.8243322372436523]
                T7:1              <= [2.91167811338782]: 'OK'
                T7:1[    0-0    ] <= [2.9116780757904053]
                T7:1[    0-0    ] <= [2.9116780757904053]
                T7:1              <= [2.91167811338782]: 'OK'
                T7:1              <= [2.91167811338782]: 'OK'
                T7:1[    0-0    ] <= [2.9116780757904053]
                T7:1              <= [2.91167811338782]: 'OK'
                T7:1[    0-0    ] <= [2.9116780757904053]
                T7:1              <= [2.91167811338782]: 'OK'
                T7:1[    0-0    ] <= [2.9116780757904053]
                T7:1              <= [2.91167811338782]: 'OK'
                T7:1[    0-0    ] <= [2.9116780757904053]
                T7:1              <= [2.91167811338782]: 'OK'
                T7:1[    0-0    ] <= [2.9116780757904053]
                T7:1              <= [2.91167811338782]: 'OK'
                T7:1[    0-0    ] <= [2.9116780757904053]
                T7:1[    0-0    ] <= [2.9988527297973633]
                T7:1              <= [2.99885281262125]: 'OK'
                T7:1              <= [2.99885281262125]: 'OK'
                T7:1[    0-0    ] <= [2.9988527297973633]
                T7:1              <= [2.99885281262125]: 'OK'
                T7:1[    0-0    ] <= [2.9988527297973633]
                T7:1              <= [2.99885281262125]: 'OK'
                T7:1[    0-0    ] <= [2.9988527297973633]
                T7:1              <= [2.99885281262125]: 'OK'
                T7:1[    0-0    ] <= [2.9988527297973633]
                T7:1              <= [2.99885281262125]: 'OK'
                T7:1[    0-0    ] <= [2.9988527297973633]
                T7:1              <= [2.99885281262125]: 'OK'
                T7:1[    0-0    ] <= [2.9988527297973633]
                T7:1              <= [2.99885281262125]: 'OK'
                T7:1[    0-0    ] <= [2.9988527297973633]
                T7:1              <= [2.99885281262125]: 'OK'
                T7:1[    0-0    ] <= [2.9988527297973633]
                T7:1              <= [3.08375119454824]: 'OK'
                T7:1[    0-0    ] <= [3.0837512016296387]
                T7:1              <= [3.08375119454824]: 'OK'
                T7:1[    0-0    ] <= [3.0837512016296387]
                T7:1              <= [3.08375119454824]: 'OK'
                T7:1[    0-0    ] <= [3.0837512016296387]
                T7:1              <= [3.08375119454824]: 'OK'
                T7:1[    0-0    ] <= [3.0837512016296387]
                T7:1              <= [3.08375119454824]: 'OK'
                T7:1[    0-0    ] <= [3.0837512016296387]
                T7:1              <= [3.08375119454824]: 'OK'
                T7:1[    0-0    ] <= [3.0837512016296387]
                T7:1              <= [3.08375119454824]: 'OK'
                T7:1[    0-0    ] <= [3.0837512016296387]
                T7:1              <= [3.08375119454824]: 'OK'
                T7:1[    0-0    ] <= [3.0837512016296387]
                T7:1              <= [3.08375119454824]: 'OK'
                T7:1[    0-0    ] <= [3.0837512016296387]
                T7:1              <= [3.16844726001507]: 'OK'
                T7:1[    0-0    ] <= [3.168447256088257]
                T7:1              <= [3.16844726001507]: 'OK'
                T7:1[    0-0    ] <= [3.168447256088257]
                T7:1              <= [3.16844726001507]: 'OK'
                T7:1[    0-0    ] <= [3.168447256088257]
                T7:1[    0-0    ] <= [3.168447256088257]
                T7:1              <= [3.16844726001507]: 'OK'
                T7:1              <= [3.16844726001507]: 'OK'
                T7:1[    0-0    ] <= [3.168447256088257]
                T7:1              <= [3.16844726001507]: 'OK'
                T7:1[    0-0    ] <= [3.168447256088257]
                T7:1              <= [3.16844726001507]: 'OK'
                T7:1[    0-0    ] <= [3.168447256088257]
                T7:1[    0-0    ] <= [3.252941608428955]
                T7:1              <= [3.25294163110826]: 'OK'
                T7:1              <= [3.25294163110826]: 'OK'
                T7:1[    0-0    ] <= [3.252941608428955]
                T7:1[    0-0    ] <= [3.252941608428955]
                T7:1              <= [3.25294163110826]: 'OK'
                T7:1              <= [3.25294163110826]: 'OK'
                T7:1[    0-0    ] <= [3.252941608428955]
                T7:1              <= [3.25294163110826]: 'OK'
                T7:1[    0-0    ] <= [3.252941608428955]
                T7:1              <= [3.25294163110826]: 'OK'
                T7:1[    0-0    ] <= [3.252941608428955]
                T7:1              <= [3.25294163110826]: 'OK'
                T7:1[    0-0    ] <= [3.252941608428955]
                T7:1              <= [3.25294163110826]: 'OK'
                T7:1[    0-0    ] <= [3.252941608428955]
                T7:1              <= [3.25294163110826]: 'OK'
                T7:1[    0-0    ] <= [3.252941608428955]
                T7:1[    0-0    ] <= [3.3372349739074707]
                T7:1              <= [3.33723492647391]: 'OK'
                T7:1[    0-0    ] <= [3.3372349739074707]
                T7:1              <= [3.33723492647391]: 'OK'
                T7:1              <= [3.33723492647391]: 'OK'
                T7:1[    0-0    ] <= [3.3372349739074707]
                T7:1              <= [3.33723492647391]: 'OK'
                T7:1[    0-0    ] <= [3.3372349739074707]
                T7:1              <= [3.33723492647391]: 'OK'
                T7:1[    0-0    ] <= [3.3372349739074707]
                T7:1              <= [3.33723492647391]: 'OK'
                T7:1[    0-0    ] <= [3.3372349739074707]
                T7:1[    0-0    ] <= [3.3372349739074707]
                T7:1              <= [3.33723492647391]: 'OK'
                T7:1              <= [3.33723492647391]: 'OK'
                T7:1[    0-0    ] <= [3.3372349739074707]
                T7:1              <= [3.33723492647391]: 'OK'
                T7:1[    0-0    ] <= [3.3372349739074707]
                T7:1              <= [3.42150743320575]: 'OK'
                T7:1[    0-0    ] <= [3.4215073585510254]
                T7:1              <= [3.42150743320575]: 'OK'
                T7:1[    0-0    ] <= [3.4215073585510254]
                T7:1              <= [3.42150743320575]: 'OK'
                T7:1[    0-0    ] <= [3.4215073585510254]
                T7:1[    0-0    ] <= [3.4215073585510254]
                T7:1              <= [3.42150743320575]: 'OK'
                T7:1              <= [3.42150743320575]: 'OK'
                T7:1[    0-0    ] <= [3.4215073585510254]
                T7:1              <= [3.42150743320575]: 'OK'
                T7:1[    0-0    ] <= [3.4215073585510254]
                T7:1              <= [3.42150743320575]: 'OK'
                T7:1[    0-0    ] <= [3.4215073585510254]
                T7:1              <= [3.42150743320575]: 'OK'
                T7:1[    0-0    ] <= [3.4215073585510254]
                T7:1              <= [3.50558215283974]: 'OK'
                T7:1[    0-0    ] <= [3.505582094192505]
                T7:1              <= [3.50558215283974]: 'OK'
                T7:1[    0-0    ] <= [3.505582094192505]
                T7:1              <= [3.50558215283974]: 'OK'
                T7:1[    0-0    ] <= [3.505582094192505]
                T7:1              <= [3.50558215283974]: 'OK'
                T7:1[    0-0    ] <= [3.505582094192505]
                T7:1              <= [3.50558215283974]: 'OK'
                T7:1[    0-0    ] <= [3.505582094192505]
                T7:1              <= [3.50558215283974]: 'OK'
                T7:1[    0-0    ] <= [3.505582094192505]
                T7:1              <= [3.50558215283974]: 'OK'
                T7:1[    0-0    ] <= [3.505582094192505]
                T7:1              <= [3.50558215283974]: 'OK'
                T7:1[    0-0    ] <= [3.505582094192505]
ITERATION 237 ------------- 
Tank Level 2.739149 
ITERATION 238 ------------- 
Tank Level 2.739149 
ITERATION 239 ------------- 
Tank Level 2.739149 
ITERATION 240 ------------- 
Tank Level 2.739149 
ITERATION 241 ------------- 
Tank Level 2.739149 
ITERATION 242 ------------- 
Tank Level 2.824332 
ITERATION 243 ------------- 
Tank Level 2.824332 
ITERATION 244 ------------- 
Tank Level 2.824332 
ITERATION 245 ------------- 
Tank Level 2.824332 
ITERATION 246 ------------- 
Tank Level 2.824332 
ITERATION 247 ------------- 
Tank Level 2.824332 
ITERATION 248 ------------- 
Tank Level 2.824332 
ITERATION 249 ------------- 
Tank Level 2.824332 
ITERATION 250 ------------- 
Tank Level 2.824332 
ITERATION 251 ------------- 
Tank Level 2.911678 
ITERATION 252 ------------- 
Tank Level 2.911678 
ITERATION 253 ------------- 
Tank Level 2.911678 
ITERATION 254 ------------- 
Tank Level 2.911678 
ITERATION 255 ------------- 
Tank Level 2.911678 
ITERATION 256 ------------- 
Tank Level 2.911678 
ITERATION 257 ------------- 
Tank Level 2.911678 
ITERATION 258 ------------- 
Tank Level 2.911678 
ITERATION 259 ------------- 
Tank Level 2.998853 
ITERATION 260 ------------- 
Tank Level 2.998853 
ITERATION 261 ------------- 
Tank Level 2.998853 
ITERATION 262 ------------- 
Tank Level 2.998853 
ITERATION 263 ------------- 
Tank Level 2.998853 
ITERATION 264 ------------- 
Tank Level 2.998853 
ITERATION 265 ------------- 
Tank Level 2.998853 
ITERATION 266 ------------- 
Tank Level 2.998853 
ITERATION 267 ------------- 
Tank Level 2.998853 
ITERATION 268 ------------- 
Tank Level 3.083751 
ITERATION 269 ------------- 
Tank Level 3.083751 
ITERATION 270 ------------- 
Tank Level 3.083751 
ITERATION 271 ------------- 
Tank Level 3.083751 
ITERATION 272 ------------- 
Tank Level 3.083751 
ITERATION 273 ------------- 
Tank Level 3.083751 
ITERATION 274 ------------- 
Tank Level 3.083751 
ITERATION 275 ------------- 
Tank Level 3.083751 
ITERATION 276 ------------- 
Tank Level 3.083751 
ITERATION 277 ------------- 
Tank Level 3.168447 
ITERATION 278 ------------- 
Tank Level 3.168447 
ITERATION 279 ------------- 
Tank Level 3.168447 
ITERATION 280 ------------- 
Tank Level 3.168447 
ITERATION 281 ------------- 
Tank Level 3.168447 
ITERATION 282 ------------- 
Tank Level 3.168447 
ITERATION 283 ------------- 
Tank Level 3.168447 
ITERATION 284 ------------- 
Tank Level 3.252942 
ITERATION 285 ------------- 
Tank Level 3.252942 
ITERATION 286 ------------- 
Tank Level 3.252942 
ITERATION 287 ------------- 
Tank Level 3.252942 
ITERATION 288 ------------- 
Tank Level 3.252942 
ITERATION 289 ------------- 
Tank Level 3.252942 
ITERATION 290 ------------- 
Tank Level 3.252942 
ITERATION 291 ------------- 
Tank Level 3.252942 
ITERATION 292 ------------- 
Tank Level 3.252942 
ITERATION 293 ------------- 
Tank Level 3.337235 
ITERATION 294 ------------- 
Tank Level 3.337235 
ITERATION 295 ------------- 
Tank Level 3.337235 
ITERATION 296 ------------- 
Tank Level 3.337235 
ITERATION 297 ------------- 
Tank Level 3.337235 
ITERATION 298 ------------- 
Tank Level 3.337235 
ITERATION 299 ------------- 
Tank Level 3.337235 
ITERATION 300 ------------- 
Tank Level 3.337235 
ITERATION 301 ------------- 
Tank Level 3.337235 
ITERATION 302 ------------- 
Tank Level 3.421507 
ITERATION 303 ------------- 
Tank Level 3.421507 
ITERATION 304 ------------- 
Tank Level 3.421507 
ITERATION 305 ------------- 
Tank Level 3.421507 
ITERATION 306 ------------- 
Tank Level 3.421507 
ITERATION 307 ------------- 
Tank Level 3.421507 
ITERATION 308 ------------- 
Tank Level 3.421507 
ITERATION 309 ------------- 
Tank Level 3.421507 
ITERATION 310 ------------- 
Tank Level 3.505582 
ITERATION 311 ------------- 
Tank Level 3.505582 
ITERATION 312 ------------- 
Tank Level 3.505582 
ITERATION 313 ------------- 
Tank Level 3.505582 
ITERATION 314 ------------- 
Tank Level 3.505582 
ITERATION 315 ------------- 
Tank Level 3.505582 
ITERATION 316 ------------- 
Tank Level 3.505582 
ITERATION 317 ------------- 
Tank Level 3.505582 
ITERATION 318 ------------- 
Tank Level 3.5055                T7:1              <= [3.50558215283974]: 'OK'
                T7:1[    0-0    ] <= [3.505582094192505]
                T7:1[    0-0    ] <= [3.5894596576690674]
                T7:1              <= [3.58945969791782]: 'OK'
                T7:1              <= [3.58945969791782]: 'OK'
                T7:1[    0-0    ] <= [3.5894596576690674]
                T7:1[    0-0    ] <= [3.5894596576690674]
                T7:1              <= [3.58945969791782]: 'OK'
                T7:1              <= [3.58945969791782]: 'OK'
                T7:1[    0-0    ] <= [3.5894596576690674]
                T7:1              <= [3.58945969791782]: 'OK'
                T7:1[    0-0    ] <= [3.5894596576690674]
                T7:1              <= [3.58945969791782]: 'OK'
                T7:1[    0-0    ] <= [3.5894596576690674]
                T7:1              <= [3.58945969791782]: 'OK'
                T7:1[    0-0    ] <= [3.5894596576690674]
                T7:1              <= [3.58945969791782]: 'OK'
                T7:1[    0-0    ] <= [3.5894596576690674]
                T7:1              <= [3.58945969791782]: 'OK'
                T7:1[    0-0    ] <= [3.5894596576690674]
                T7:1[    0-0    ] <= [3.5894596576690674]
                T7:1              <= [3.58945969791782]: 'OK'
                T7:1              <= [3.67314067781284]: 'OK'
                T7:1[    0-0    ] <= [3.67314076423645]
                T7:1              <= [3.67314067781284]: 'OK'
                T7:1[    0-0    ] <= [3.67314076423645]
                T7:1              <= [3.67314067781284]: 'OK'
                T7:1[    0-0    ] <= [3.67314076423645]
                T7:1[    0-0    ] <= [3.67314076423645]
                T7:1              <= [3.67314067781284]: 'OK'
                T7:1              <= [3.67314067781284]: 'OK'
                T7:1[    0-0    ] <= [3.67314076423645]
                T7:1              <= [3.67314067781284]: 'OK'
                T7:1[    0-0    ] <= [3.67314076423645]
                T7:1              <= [3.67314067781284]: 'OK'
                T7:1[    0-0    ] <= [3.67314076423645]
                T7:1              <= [3.67314067781284]: 'OK'
                T7:1[    0-0    ] <= [3.67314076423645]
                T7:1              <= [3.75662569879161]: 'OK'
                T7:1[    0-0    ] <= [3.7566256523132324]
                T7:1              <= [3.75662569879161]: 'OK'
                T7:1[    0-0    ] <= [3.7566256523132324]
                T7:1              <= [3.75662569879161]: 'OK'
                T7:1[    0-0    ] <= [3.7566256523132324]
                T7:1              <= [3.75662569879161]: 'OK'
                T7:1[    0-0    ] <= [3.7566256523132324]
                T7:1              <= [3.75662569879161]: 'OK'
                T7:1[    0-0    ] <= [3.7566256523132324]
                T7:1              <= [3.75662569879161]: 'OK'
                T7:1[    0-0    ] <= [3.7566256523132324]
                T7:1              <= [3.75662569879161]: 'OK'
                T7:1[    0-0    ] <= [3.7566256523132324]
                T7:1              <= [3.75662569879161]: 'OK'
                T7:1[    0-0    ] <= [3.7566256523132324]
                T7:1              <= [3.84294401474286]: 'OK'
                T7:1[    0-0    ] <= [3.8429439067840576]
                T7:1              <= [3.84294401474286]: 'OK'
                T7:1[    0-0    ] <= [3.8429439067840576]
                T7:1              <= [3.84294401474286]: 'OK'
                T7:1[    0-0    ] <= [3.8429439067840576]
                T7:1              <= [3.84294401474286]: 'OK'
                T7:1[    0-0    ] <= [3.8429439067840576]
                T7:1              <= [3.84294401474286]: 'OK'
                T7:1[    0-0    ] <= [3.8429439067840576]
                T7:1              <= [3.84294401474286]: 'OK'
                T7:1[    0-0    ] <= [3.8429439067840576]
                T7:1              <= [3.84294401474286]: 'OK'
                T7:1[    0-0    ] <= [3.8429439067840576]
                T7:1              <= [3.84294401474286]: 'OK'
                T7:1[    0-0    ] <= [3.8429439067840576]
                T7:1              <= [3.92906099384092]: 'OK'
                T7:1[    0-0    ] <= [3.929060935974121]
                T7:1              <= [3.92906099384092]: 'OK'
                T7:1[    0-0    ] <= [3.929060935974121]
                T7:1              <= [3.92906099384092]: 'OK'
                T7:1[    0-0    ] <= [3.929060935974121]
                T7:1              <= [3.92906099384092]: 'OK'
                T7:1[    0-0    ] <= [3.929060935974121]
                T7:1              <= [3.92906099384092]: 'OK'
                T7:1[    0-0    ] <= [3.929060935974121]
                T7:1              <= [3.92906099384092]: 'OK'
                T7:1[    0-0    ] <= [3.929060935974121]
                T7:1[    0-0    ] <= [3.929060935974121]
                T7:1              <= [3.92906099384092]: 'OK'
                T7:1              <= [4.01497724394929]: 'OK'
                T7:1[    0-0    ] <= [4.01497745513916]
                T7:1              <= [4.01497724394929]: 'OK'
                T7:1[    0-0    ] <= [4.01497745513916]
                T7:1              <= [4.01497724394929]: 'OK'
                T7:1[    0-0    ] <= [4.01497745513916]
                T7:1              <= [4.01497724394929]: 'OK'
                T7:1[    0-0    ] <= [4.01497745513916]
                T7:1              <= [4.01497724394929]: 'OK'
                T7:1[    0-0    ] <= [4.01497745513916]
                T7:1              <= [4.01497724394929]: 'OK'
                T7:1[    0-0    ] <= [4.01497745513916]
                T7:1[    0-0    ] <= [4.01497745513916]
                T7:1              <= [4.01497724394929]: 'OK'
                T7:1              <= [4.01497724394929]: 'OK'
                T7:1[    0-0    ] <= [4.01497745513916]
                T7:1              <= [4.01497724394929]: 'OK'
                T7:1[    0-0    ] <= [4.01497745513916]
                T7:1              <= [4.01497724394929]: 'OK'
                T7:1[    0-0    ] <= [4.01497745513916]
                T7:1              <= [4.10069336997449]: 'OK'
                T7:1[    0-0    ] <= [4.100693225860596]
                T7:1              <= [4.10069336997449]: 'OK'
                T7:1[    0-0    ] <= [4.100693225860596]
                T7:1              <= [4.10069336997449]: 'OK'
                T7:1[    0-0    ] <= [4.100693225860596]
                T7:1              <= [4.10069336997449]: 'OK'
                T7:1[    0-0    ] <= [4.100693225860596]
                T7:1              <= [4.10069336997449]: 'OK'
                T7:1[    0-0    ] <= [4.100693225860596]
                T7:1              <= [4.10069336997449]: 'OK'
                T7:1[    0-0    ] <= [4.100693225860596]
                T7:1[    0-0    ] <= [4.100693225860596]
                T7:1              <= [4.10069336997449]: 'OK'
                T7:1              <= [4.10069336997449]: 'OK'
                T7:1[    0-0    ] <= [4.100693225860596]
                T7:1              <= [4.10069336997449]: 'OK'
                T7:1[    0-0    ] <= [4.100693225860596]
                T7:1              <= [4.18620997392163]: 'OK'
                T7:1[    0-0    ] <= [4.1862101554870605]
                T7:1              <= [4.18620997392163]: 'OK'
                T7:1[    0-0    ] <= [4.1862101554870605]
                T7:1              <= [4.18620997392163]: 'OK'
                T7:1[    0-0    ] <= [4.1862101554870605]
                T7:1              <= [4.18620997392163]: 'OK'
                T7:1[    0-0    ] <= [4.1862101554870605]
                T7:1[    0-0    ] <= [4.1862101554870605]
                T7:1              <= [4.18620997392163]: 'OK'
                T7:1              <= [4.18620997392163]: 'OK'
                T7:1[    0-0    ] <= [4.1862101554870605]
                T7:1              <= [4.18620997392163]: 'OK'
                T7:1[    0-0    ] <= [4.1862101554870605]
                T7:1              <= [4.18620997392163]: 'OK'
                T7:1[    0-0    ] <= [4.1862101554870605]
                T7:1              <= [4.18620997392163]: 'OK'
                T7:1[    0-0    ] <= [4.1862101554870605]
                T7:1              <= [4.27152765494792]: 'OK'
                T7:1[    0-0    ] <= [4.2715277671813965]
                T7:1              <= [4.27152765494792]: 'OK'
                T7:1[    0-0    ] <= [4.2715277671813965]
                T7:1[    0-0    ] <= [4.2715277671813965]
                T7:1              <= [4.27152765494792]: 'OK'
                T7:1              <= [4.27152765494792]: 'OK'
                T7:1[    0-0    ] <= [4.2715277671813965]
                T7:1              <= [4.27152765494792]: 'OK'
                T7:1[    0-0    ] <= [4.2715277671813965]
                T7:1              <= [4.27152765494792]: 'OK'
                T7:1[    0-0    ] <= [4.2715277671813965]
                T7:1              <= [4.27152765494792]: 'OK'
                T7:1[    0-0    ] <= [4.2715277671813965]
                T7:1[    0-0    ] <= [4.2715277671813965]
                T7:1              <= [4.27152765494792]: 'OK'
                T7:1              <= [4.35664700941419]: 'OK'
                T7:1[    0-0    ] <= [4.35664701461792]
                T7:1              <= [4.35664700941419]: 'OK'
                T7:1[    0-0    ] <= [4.35664701461792]
                T7:1              <= [4.35664700941419]: 'OK'
                T7:1[    0-0    ] <= [4.35664701461792]
                T7:1              <= [4.35664700941419]: 'OK'
                T7:1[    0-0    ] <= [4.35664701461792]
82 
ITERATION 319 ------------- 
Tank Level 3.589460 
ITERATION 320 ------------- 
Tank Level 3.589460 
ITERATION 321 ------------- 
Tank Level 3.589460 
ITERATION 322 ------------- 
Tank Level 3.589460 
ITERATION 323 ------------- 
Tank Level 3.589460 
ITERATION 324 ------------- 
Tank Level 3.589460 
ITERATION 325 ------------- 
Tank Level 3.589460 
ITERATION 326 ------------- 
Tank Level 3.589460 
ITERATION 327 ------------- 
Tank Level 3.589460 
ITERATION 328 ------------- 
Tank Level 3.589460 
ITERATION 329 ------------- 
Tank Level 3.673141 
ITERATION 330 ------------- 
Tank Level 3.673141 
ITERATION 331 ------------- 
Tank Level 3.673141 
ITERATION 332 ------------- 
Tank Level 3.673141 
ITERATION 333 ------------- 
Tank Level 3.673141 
ITERATION 334 ------------- 
Tank Level 3.673141 
ITERATION 335 ------------- 
Tank Level 3.673141 
ITERATION 336 ------------- 
Tank Level 3.673141 
ITERATION 337 ------------- 
Tank Level 3.756626 
ITERATION 338 ------------- 
Tank Level 3.756626 
ITERATION 339 ------------- 
Tank Level 3.756626 
ITERATION 340 ------------- 
Tank Level 3.756626 
ITERATION 341 ------------- 
Tank Level 3.756626 
ITERATION 342 ------------- 
Tank Level 3.756626 
ITERATION 343 ------------- 
Tank Level 3.756626 
ITERATION 344 ------------- 
Tank Level 3.756626 
ITERATION 345 ------------- 
Tank Level 3.842944 
ITERATION 346 ------------- 
Tank Level 3.842944 
ITERATION 347 ------------- 
Tank Level 3.842944 
ITERATION 348 ------------- 
Tank Level 3.842944 
ITERATION 349 ------------- 
Tank Level 3.842944 
ITERATION 350 ------------- 
Tank Level 3.842944 
ITERATION 351 ------------- 
Tank Level 3.842944 
ITERATION 352 ------------- 
Tank Level 3.842944 
ITERATION 353 ------------- 
Tank Level 3.929061 
ITERATION 354 ------------- 
Tank Level 3.929061 
ITERATION 355 ------------- 
Tank Level 3.929061 
ITERATION 356 ------------- 
Tank Level 3.929061 
ITERATION 357 ------------- 
Tank Level 3.929061 
ITERATION 358 ------------- 
Tank Level 3.929061 
ITERATION 359 ------------- 
Tank Level 3.929061 
ITERATION 360 ------------- 
Tank Level 4.014977 
ITERATION 361 ------------- 
Tank Level 4.014977 
ITERATION 362 ------------- 
Tank Level 4.014977 
ITERATION 363 ------------- 
Tank Level 4.014977 
ITERATION 364 ------------- 
Tank Level 4.014977 
ITERATION 365 ------------- 
Tank Level 4.014977 
ITERATION 366 ------------- 
Tank Level 4.014977 
ITERATION 367 ------------- 
Tank Level 4.014977 
ITERATION 368 ------------- 
Tank Level 4.014977 
ITERATION 369 ------------- 
Tank Level 4.014977 
ITERATION 370 ------------- 
Tank Level 4.100693 
ITERATION 371 ------------- 
Tank Level 4.100693 
ITERATION 372 ------------- 
Tank Level 4.100693 
ITERATION 373 ------------- 
Tank Level 4.100693 
ITERATION 374 ------------- 
Tank Level 4.100693 
ITERATION 375 ------------- 
Tank Level 4.100693 
ITERATION 376 ------------- 
Tank Level 4.100693 
ITERATION 377 ------------- 
Tank Level 4.100693 
ITERATION 378 ------------- 
Tank Level 4.100693 
ITERATION 379 ------------- 
Tank Level 4.186210 
ITERATION 380 ------------- 
Tank Level 4.186210 
ITERATION 381 ------------- 
Tank Level 4.186210 
ITERATION 382 ------------- 
Tank Level 4.186210 
ITERATION 383 ------------- 
Tank Level 4.186210 
ITERATION 384 ------------- 
Tank Level 4.186210 
ITERATION 385 ------------- 
Tank Level 4.186210 
ITERATION 386 ------------- 
Tank Level 4.186210 
ITERATION 387 ------------- 
Tank Level 4.186210 
ITERATION 388 ------------- 
Tank Level 4.271528 
ITERATION 389 ------------- 
Tank Level 4.271528 
ITERATION 390 ------------- 
Tank Level 4.271528 
ITERATION 391 ------------- 
Tank Level 4.271528 
ITERATION 392 ------------- 
Tank Level 4.271528 
ITERATION 393 ------------- 
Tank Level 4.271528 
ITERATION 394 ------------- 
Tank Level 4.271528 
ITERATION 395 ------------- 
Tank Level 4.271528 
ITERATION 396 ------------- 
Tank Level 4.356647 
ITERATION 397 ------------- 
Tank Level 4.356647 
ITERATION 398 ------------- 
Tank Level 4.356647 
ITERATION 399 ------------- 
Tank Level 4.356647 
ITERATION 400 ------------- 
Tank Level 4.                T7:1[    0-0    ] <= [4.35664701461792]
                T7:1              <= [4.35664700941419]: 'OK'
                T7:1              <= [4.35664700941419]: 'OK'
                T7:1[    0-0    ] <= [4.35664701461792]
                T7:1              <= [4.35664700941419]: 'OK'
                T7:1[    0-0    ] <= [4.35664701461792]
                T7:1              <= [4.35664700941419]: 'OK'
                T7:1[    0-0    ] <= [4.35664701461792]
                T7:1              <= [4.35664700941419]: 'OK'
                T7:1[    0-0    ] <= [4.35664701461792]
                T7:1              <= [4.44156863093471]: 'OK'
                T7:1[    0-0    ] <= [4.441568851470947]
                T7:1              <= [4.44156863093471]: 'OK'
                T7:1[    0-0    ] <= [4.441568851470947]
                T7:1              <= [4.44156863093471]: 'OK'
                T7:1[    0-0    ] <= [4.441568851470947]
                T7:1              <= [4.44156863093471]: 'OK'
                T7:1[    0-0    ] <= [4.441568851470947]
                T7:1              <= [4.44156863093471]: 'OK'
                T7:1[    0-0    ] <= [4.441568851470947]
                T7:1              <= [4.44156863093471]: 'OK'
                T7:1[    0-0    ] <= [4.441568851470947]
                T7:1              <= [4.44156863093471]: 'OK'
                T7:1[    0-0    ] <= [4.441568851470947]
                T7:1              <= [4.44156863093471]: 'OK'
                T7:1[    0-0    ] <= [4.441568851470947]
                T7:1[    0-0    ] <= [4.441568851470947]
                T7:1              <= [4.44156863093471]: 'OK'
                T7:1              <= [4.44156863093471]: 'OK'
                T7:1[    0-0    ] <= [4.441568851470947]
                T7:1              <= [4.52679721154291]: 'OK'
                T7:1[    0-0    ] <= [4.526797294616699]
                T7:1              <= [4.52679721154291]: 'OK'
                T7:1[    0-0    ] <= [4.526797294616699]
                T7:1              <= [4.52679721154291]: 'OK'
                T7:1[    0-0    ] <= [4.526797294616699]
                T7:1[    0-0    ] <= [4.526797294616699]
                T7:1              <= [4.52679721154291]: 'OK'
                T7:1              <= [4.52679721154291]: 'OK'
                T7:1[    0-0    ] <= [4.526797294616699]
                T7:1[    0-0    ] <= [4.526797294616699]
                T7:1              <= [4.52679721154291]: 'OK'
                T7:1              <= [4.52679721154291]: 'OK'
                T7:1[    0-0    ] <= [4.526797294616699]
                T7:1              <= [4.52679721154291]: 'OK'
                T7:1[    0-0    ] <= [4.526797294616699]
                T7:1              <= [4.61183496077994]: 'OK'
                T7:1[    0-0    ] <= [4.61183500289917]
                T7:1              <= [4.61183496077994]: 'OK'
                T7:1[    0-0    ] <= [4.61183500289917]
                T7:1              <= [4.61183496077994]: 'OK'
                T7:1[    0-0    ] <= [4.61183500289917]
                T7:1              <= [4.61183496077994]: 'OK'
                T7:1[    0-0    ] <= [4.61183500289917]
                T7:1              <= [4.61183496077994]: 'OK'
                T7:1[    0-0    ] <= [4.61183500289917]
                T7:1              <= [4.61183496077994]: 'OK'
                T7:1[    0-0    ] <= [4.61183500289917]
                T7:1              <= [4.61183496077994]: 'OK'
                T7:1[    0-0    ] <= [4.61183500289917]
                T7:1              <= [4.61183496077994]: 'OK'
                T7:1[    0-0    ] <= [4.61183500289917]
                T7:1[    0-0    ] <= [4.696682453155518]
                T7:1              <= [4.69668246983177]: 'OK'
                T7:1              <= [4.69668246983177]: 'OK'
                T7:1[    0-0    ] <= [4.696682453155518]
                T7:1[    0-0    ] <= [4.696682453155518]
                T7:1              <= [4.69668246983177]: 'OK'
                T7:1              <= [4.69668246983177]: 'OK'
                T7:1[    0-0    ] <= [4.696682453155518]
                T7:1              <= [4.69668246983177]: 'OK'
                T7:1[    0-0    ] <= [4.696682453155518]
                T7:1              <= [4.69668246983177]: 'OK'
                T7:1[    0-0    ] <= [4.696682453155518]
                T7:1              <= [4.69668246983177]: 'OK'
                T7:1[    0-0    ] <= [4.696682453155518]
                T7:1              <= [4.69668246983177]: 'OK'
                T7:1[    0-0    ] <= [4.696682453155518]
                T7:1              <= [4.69668246983177]: 'OK'
                T7:1[    0-0    ] <= [4.696682453155518]
                T7:1[    0-0    ] <= [4.7813401222229]
                T7:1              <= [4.78134032728433]: 'OK'
                T7:1              <= [4.78134032728433]: 'OK'
                T7:1[    0-0    ] <= [4.7813401222229]
                T7:1              <= [4.78134032728433]: 'OK'
                T7:1[    0-0    ] <= [4.7813401222229]
                T7:1              <= [4.78134032728433]: 'OK'
                T7:1[    0-0    ] <= [4.7813401222229]
                T7:1              <= [4.78134032728433]: 'OK'
                T7:1[    0-0    ] <= [4.7813401222229]
                T7:1              <= [4.78134032728433]: 'OK'
                T7:1[    0-0    ] <= [4.7813401222229]
                T7:1              <= [4.78134032728433]: 'OK'
                T7:1[    0-0    ] <= [4.7813401222229]
                T7:1[    0-0    ] <= [4.7813401222229]
                T7:1              <= [4.78134032728433]: 'OK'
                T7:1              <= [4.85787511276557]: 'OK'
                T7:1[    0-0    ] <= [4.857875347137451]
                T7:1              <= [4.85787511276557]: 'OK'
                T7:1[    0-0    ] <= [4.857875347137451]
                T7:1              <= [4.85787511276557]: 'OK'
                T7:1[    0-0    ] <= [4.857875347137451]
                T7:1              <= [4.85787511276557]: 'OK'
                T7:1[    0-0    ] <= [4.857875347137451]
                T7:1              <= [4.85787511276557]: 'OK'
                T7:1[    0-0    ] <= [4.857875347137451]
                T7:1              <= [4.85787511276557]: 'OK'
                T7:1[    0-0    ] <= [4.857875347137451]
                T7:1              <= [4.85787511276557]: 'OK'
                T7:1[    0-0    ] <= [4.857875347137451]
                T7:1              <= [4.85787511276557]: 'OK'
                T7:1[    0-0    ] <= [4.857875347137451]
                T7:1              <= [4.85787511276557]: 'OK'
                T7:1[    0-0    ] <= [4.857875347137451]
                T7:1              <= [4.93423948204781]: 'OK'
                T7:1[    0-0    ] <= [4.934239387512207]
                T7:1              <= [4.93423948204781]: 'OK'
                T7:1[    0-0    ] <= [4.934239387512207]
                T7:1              <= [4.93423948204781]: 'OK'
                T7:1[    0-0    ] <= [4.934239387512207]
                T7:1              <= [4.93423948204781]: 'OK'
                T7:1[    0-0    ] <= [4.934239387512207]
                T7:1              <= [4.93423948204781]: 'OK'
                T7:1[    0-0    ] <= [4.934239387512207]
                T7:1              <= [4.93423948204781]: 'OK'
                T7:1[    0-0    ] <= [4.934239387512207]
                T7:1              <= [4.93423948204781]: 'OK'
                T7:1[    0-0    ] <= [4.934239387512207]
                T7:1[    0-0    ] <= [4.934239387512207]
                T7:1              <= [4.93423948204781]: 'OK'
                T7:1              <= [4.93423948204781]: 'OK'
                T7:1[    0-0    ] <= [4.934239387512207]
                T7:1              <= [4.93423948204781]: 'OK'
                T7:1[    0-0    ] <= [4.934239387512207]
                T7:1              <= [4.93423948204781]: 'OK'
                T7:1[    0-0    ] <= [4.934239387512207]
                T7:1              <= [4.93423948204781]: 'OK'
                T7:1[    0-0    ] <= [4.934239387512207]
                T7:1              <= [4.93423948204781]: 'OK'
                T7:1[    0-0    ] <= [4.934239387512207]
                T7:1              <= [4.93423948204781]: 'OK'
                T7:1[    0-0    ] <= [4.934239387512207]
                T7:1              <= [4.93423948204781]: 'OK'
                T7:1[    0-0    ] <= [4.934239387512207]
                T7:1              <= [4.93423948204781]: 'OK'
                T7:1[    0-0    ] <= [4.934239387512207]
                T7:1              <= [4.93423948204781]: 'OK'
                T7:1[    0-0    ] <= [4.934239387512207]
                T7:1              <= [4.93423948204781]: 'OK'
                T7:1[    0-0    ] <= [4.934239387512207]
                T7:1              <= [4.93423948204781]: 'OK'
                T7:1[    0-0    ] <= [4.934239387512207]
                T7:1[    0-0    ] <= [4.934239387512207]
                T7:1              <= [4.93423948204781]: 'OK'
                T7:1              <= [4.93423948204781]: 'OK'
                T7:1[    0-0    ] <= [4.934239387512207]
                T7:1              <= [4.93423948204781]: 'OK'
                T7:1[    0-0    ] <= [4.934239387512207]
                T7:1              <= [4.93423948204781]: 'OK'
                T7:1[    0-0    ] <= [4.934239387512207]
                T7:1              <= [4.93423948204781]: 'OK'
                T7:1[    0-0    ] <= [4.934239387512207]
                T7:1              <= [4.93423948204781]: 'OK'
                T7:1[    0-0    ] <= [4.934239387512207]
356647 
ITERATION 401 ------------- 
Tank Level 4.356647 
ITERATION 402 ------------- 
Tank Level 4.356647 
ITERATION 403 ------------- 
Tank Level 4.356647 
ITERATION 404 ------------- 
Tank Level 4.356647 
ITERATION 405 ------------- 
Tank Level 4.441569 
ITERATION 406 ------------- 
Tank Level 4.441569 
ITERATION 407 ------------- 
Tank Level 4.441569 
ITERATION 408 ------------- 
Tank Level 4.441569 
ITERATION 409 ------------- 
Tank Level 4.441569 
ITERATION 410 ------------- 
Tank Level 4.441569 
ITERATION 411 ------------- 
Tank Level 4.441569 
ITERATION 412 ------------- 
Tank Level 4.441569 
ITERATION 413 ------------- 
Tank Level 4.441569 
ITERATION 414 ------------- 
Tank Level 4.441569 
ITERATION 415 ------------- 
Tank Level 4.526797 
ITERATION 416 ------------- 
Tank Level 4.526797 
ITERATION 417 ------------- 
Tank Level 4.526797 
ITERATION 418 ------------- 
Tank Level 4.526797 
ITERATION 419 ------------- 
Tank Level 4.526797 
ITERATION 420 ------------- 
Tank Level 4.526797 
ITERATION 421 ------------- 
Tank Level 4.526797 
ITERATION 422 ------------- 
Tank Level 4.526797 
ITERATION 423 ------------- 
Tank Level 4.611835 
ITERATION 424 ------------- 
Tank Level 4.611835 
ITERATION 425 ------------- 
Tank Level 4.611835 
ITERATION 426 ------------- 
Tank Level 4.611835 
ITERATION 427 ------------- 
Tank Level 4.611835 
ITERATION 428 ------------- 
Tank Level 4.611835 
ITERATION 429 ------------- 
Tank Level 4.611835 
ITERATION 430 ------------- 
Tank Level 4.611835 
ITERATION 431 ------------- 
Tank Level 4.696682 
ITERATION 432 ------------- 
Tank Level 4.696682 
ITERATION 433 ------------- 
Tank Level 4.696682 
ITERATION 434 ------------- 
Tank Level 4.696682 
ITERATION 435 ------------- 
Tank Level 4.696682 
ITERATION 436 ------------- 
Tank Level 4.696682 
ITERATION 437 ------------- 
Tank Level 4.696682 
ITERATION 438 ------------- 
Tank Level 4.696682 
ITERATION 439 ------------- 
Tank Level 4.696682 
ITERATION 440 ------------- 
Tank Level 4.781340 
ITERATION 441 ------------- 
Tank Level 4.781340 
ITERATION 442 ------------- 
Tank Level 4.781340 
ITERATION 443 ------------- 
Tank Level 4.781340 
ITERATION 444 ------------- 
Tank Level 4.781340 
ITERATION 445 ------------- 
Tank Level 4.781340 
ITERATION 446 ------------- 
Tank Level 4.781340 
ITERATION 447 ------------- 
Tank Level 4.781340 
ITERATION 448 ------------- 
Tank Level 4.857875 
ITERATION 449 ------------- 
Tank Level 4.857875 
ITERATION 450 ------------- 
Tank Level 4.857875 
ITERATION 451 ------------- 
Tank Level 4.857875 
ITERATION 452 ------------- 
Tank Level 4.857875 
ITERATION 453 ------------- 
Tank Level 4.857875 
ITERATION 454 ------------- 
Tank Level 4.857875 
ITERATION 455 ------------- 
Tank Level 4.857875 
ITERATION 456 ------------- 
Tank Level 4.857875 
ITERATION 457 ------------- 
Tank Level 4.934239 
ITERATION 458 ------------- 
Tank Level 4.934239 
ITERATION 459 ------------- 
Tank Level 4.934239 
ITERATION 460 ------------- 
Tank Level 4.934239 
ITERATION 461 ------------- 
Tank Level 4.934239 
ITERATION 462 ------------- 
Tank Level 4.934239 
ITERATION 463 ------------- 
Tank Level 4.934239 
ITERATION 464 ------------- 
Tank Level 4.934239 
ITERATION 465 ------------- 
Tank Level 4.934239 
ITERATION 466 ------------- 
Tank Level 4.934239 
ITERATION 467 ------------- 
Tank Level 4.934239 
ITERATION 468 ------------- 
Tank Level 4.934239 
ITERATION 469 ------------- 
Tank Level 4.934239 
ITERATION 470 ------------- 
Tank Level 4.934239 
ITERATION 471 ------------- 
Tank Level 4.934239 
ITERATION 472 ------------- 
Tank Level 4.934239 
ITERATION 473 ------------- 
Tank Level 4.934239 
ITERATION 474 ------------- 
Tank Level 4.934239 
ITERATION 475 ------------- 
Tank Level 4.934239 
ITERATION 476 ------------- 
Tank Level 4.934239 
ITERATION 477 ------------- 
Tank Level 4.934239 
ITERATION 478 ------------- 
Tank Level 4.934239 
ITERATION 479 ------------- 
Tank Level 4.934239 
ITERATION 480 ------------- 
Tank Level 4.934239 
ITERATION 481 ------------- 
Tank Level 4.934239 
ITERATION 482 ------------- 
Tank Leve                T7:1              <= [4.93423948204781]: 'OK'
                T7:1[    0-0    ] <= [4.934239387512207]
                T7:1              <= [4.93423948204781]: 'OK'
                T7:1[    0-0    ] <= [4.934239387512207]
                T7:1              <= [4.93423948204781]: 'OK'
                T7:1[    0-0    ] <= [4.934239387512207]
                T7:1              <= [4.93423948204781]: 'OK'
                T7:1[    0-0    ] <= [4.934239387512207]
                T7:1              <= [4.93423948204781]: 'OK'
                T7:1[    0-0    ] <= [4.934239387512207]
                T7:1              <= [4.93423948204781]: 'OK'
                T7:1[    0-0    ] <= [4.934239387512207]
                T7:1              <= [4.93423948204781]: 'OK'
                T7:1[    0-0    ] <= [4.934239387512207]
                T7:1              <= [4.93423948204781]: 'OK'
                T7:1[    0-0    ] <= [4.934239387512207]
                T7:1              <= [4.93423948204781]: 'OK'
                T7:1[    0-0    ] <= [4.934239387512207]
                T7:1              <= [4.93423948204781]: 'OK'
                T7:1[    0-0    ] <= [4.934239387512207]
                T7:1              <= [4.93423948204781]: 'OK'
                T7:1[    0-0    ] <= [4.934239387512207]
                T7:1              <= [4.93423948204781]: 'OK'
                T7:1[    0-0    ] <= [4.934239387512207]
                T7:1              <= [4.93423948204781]: 'OK'
                T7:1[    0-0    ] <= [4.934239387512207]
                T7:1              <= [4.93423948204781]: 'OK'
                T7:1[    0-0    ] <= [4.934239387512207]
                T7:1              <= [4.93423948204781]: 'OK'
                T7:1[    0-0    ] <= [4.934239387512207]
                T7:1              <= [4.93423948204781]: 'OK'
                T7:1[    0-0    ] <= [4.934239387512207]
                T7:1              <= [4.93423948204781]: 'OK'
                T7:1[    0-0    ] <= [4.934239387512207]
                T7:1              <= [4.93423948204781]: 'OK'
                T7:1[    0-0    ] <= [4.934239387512207]
                T7:1              <= [4.93423948204781]: 'OK'
                T7:1[    0-0    ] <= [4.934239387512207]
                T7:1              <= [4.93423948204781]: 'OK'
                T7:1[    0-0    ] <= [4.934239387512207]
                T7:1              <= [4.93423948204781]: 'OK'
                T7:1[    0-0    ] <= [4.934239387512207]
                T7:1              <= [4.93423948204781]: 'OK'
                T7:1[    0-0    ] <= [4.934239387512207]
                T7:1              <= [4.93423948204781]: 'OK'
                T7:1[    0-0    ] <= [4.934239387512207]
                T7:1              <= [4.93423948204781]: 'OK'
                T7:1[    0-0    ] <= [4.934239387512207]
                T7:1              <= [4.93423948204781]: 'OK'
                T7:1[    0-0    ] <= [4.934239387512207]
                T7:1              <= [4.93423948204781]: 'OK'
                T7:1[    0-0    ] <= [4.934239387512207]
                T7:1[    0-0    ] <= [4.934239387512207]
                T7:1              <= [4.93423948204781]: 'OK'
                T7:1              <= [4.93423948204781]: 'OK'
                T7:1[    0-0    ] <= [4.934239387512207]
                T7:1              <= [4.93423948204781]: 'OK'
                T7:1[    0-0    ] <= [4.934239387512207]
                T7:1              <= [4.93423948204781]: 'OK'
                T7:1[    0-0    ] <= [4.934239387512207]
                T7:1              <= [4.93423948204781]: 'OK'
                T7:1[    0-0    ] <= [4.934239387512207]
                T7:1              <= [4.93423948204781]: 'OK'
                T7:1[    0-0    ] <= [4.934239387512207]
                T7:1              <= [4.93423948204781]: 'OK'
                T7:1[    0-0    ] <= [4.934239387512207]
                T7:1              <= [4.93423948204781]: 'OK'
                T7:1[    0-0    ] <= [4.934239387512207]
                T7:1[    0-0    ] <= [4.934239387512207]
                T7:1              <= [4.93423948204781]: 'OK'
                T7:1              <= [4.93423948204781]: 'OK'
                T7:1[    0-0    ] <= [4.934239387512207]
                T7:1              <= [4.93423948204781]: 'OK'
                T7:1[    0-0    ] <= [4.934239387512207]
                T7:1              <= [4.93423948204781]: 'OK'
                T7:1[    0-0    ] <= [4.934239387512207]
                T7:1              <= [4.93423948204781]: 'OK'
                T7:1[    0-0    ] <= [4.934239387512207]
                T7:1              <= [4.93423948204781]: 'OK'
                T7:1[    0-0    ] <= [4.934239387512207]
                T7:1              <= [4.93423948204781]: 'OK'
                T7:1[    0-0    ] <= [4.934239387512207]
                T7:1              <= [4.93423948204781]: 'OK'
                T7:1[    0-0    ] <= [4.934239387512207]
                T7:1              <= [4.93423948204781]: 'OK'
                T7:1[    0-0    ] <= [4.934239387512207]
                T7:1              <= [4.93423948204781]: 'OK'
                T7:1[    0-0    ] <= [4.934239387512207]
                T7:1              <= [4.93423948204781]: 'OK'
                T7:1[    0-0    ] <= [4.934239387512207]
                T7:1              <= [4.93423948204781]: 'OK'
                T7:1[    0-0    ] <= [4.934239387512207]
                T7:1              <= [4.93423948204781]: 'OK'
                T7:1[    0-0    ] <= [4.934239387512207]
                T7:1              <= [4.93423948204781]: 'OK'
                T7:1[    0-0    ] <= [4.934239387512207]
                T7:1              <= [4.93423948204781]: 'OK'
                T7:1[    0-0    ] <= [4.934239387512207]
                T7:1[    0-0    ] <= [4.934239387512207]
                T7:1              <= [4.93423948204781]: 'OK'
                T7:1              <= [4.93423948204781]: 'OK'
                T7:1[    0-0    ] <= [4.934239387512207]
                T7:1              <= [4.93423948204781]: 'OK'
                T7:1[    0-0    ] <= [4.934239387512207]
                T7:1              <= [4.93423948204781]: 'OK'
                T7:1[    0-0    ] <= [4.934239387512207]
                T7:1              <= [4.93423948204781]: 'OK'
                T7:1[    0-0    ] <= [4.934239387512207]
                T7:1              <= [4.93423948204781]: 'OK'
                T7:1[    0-0    ] <= [4.934239387512207]
                T7:1              <= [4.93423948204781]: 'OK'
                T7:1[    0-0    ] <= [4.934239387512207]
                T7:1              <= [4.93423948204781]: 'OK'
                T7:1[    0-0    ] <= [4.934239387512207]
                T7:1              <= [4.93423948204781]: 'OK'
                T7:1[    0-0    ] <= [4.934239387512207]
                T7:1              <= [4.93423948204781]: 'OK'
                T7:1[    0-0    ] <= [4.934239387512207]
                T7:1              <= [4.93423948204781]: 'OK'
                T7:1[    0-0    ] <= [4.934239387512207]
                T7:1              <= [4.93423948204781]: 'OK'
                T7:1[    0-0    ] <= [4.934239387512207]
                T7:1[    0-0    ] <= [4.934239387512207]
                T7:1              <= [4.93423948204781]: 'OK'
                T7:1[    0-0    ] <= [4.934239387512207]
                T7:1              <= [4.93423948204781]: 'OK'
                T7:1              <= [4.93423948204781]: 'OK'
                T7:1[    0-0    ] <= [4.934239387512207]
                T7:1              <= [4.93423948204781]: 'OK'
                T7:1[    0-0    ] <= [4.934239387512207]
                T7:1              <= [4.93423948204781]: 'OK'
                T7:1[    0-0    ] <= [4.934239387512207]
                T7:1              <= [4.93423948204781]: 'OK'
                T7:1[    0-0    ] <= [4.934239387512207]
                T7:1[    0-0    ] <= [4.934239387512207]
                T7:1              <= [4.93423948204781]: 'OK'
                T7:1              <= [4.93423948204781]: 'OK'
                T7:1[    0-0    ] <= [4.934239387512207]
                T7:1              <= [4.93423948204781]: 'OK'
                T7:1[    0-0    ] <= [4.934239387512207]
                T7:1              <= [4.93423948204781]: 'OK'
                T7:1[    0-0    ] <= [4.934239387512207]
                T7:1[    0-0    ] <= [4.934239387512207]
                T7:1              <= [4.93423948204781]: 'OK'
                T7:1[    0-0    ] <= [4.934239387512207]
                T7:1              <= [4.93423948204781]: 'OK'
                T7:1              <= [4.93423948204781]: 'OK'
                T7:1[    0-0    ] <= [4.934239387512207]
                T7:1              <= [4.93423948204781]: 'OK'
                T7:1[    0-0    ] <= [4.934239387512207]
                T7:1              <= [4.93423948204781]: 'OK'
                T7:1[    0-0    ] <= [4.934239387512207]
                T7:1              <= [4.93423948204781]: 'OK'
                T7:1[    0-0    ] <= [4.934239387512207]
                T7:1              <= [4.93423948204781]: 'OK'
                T7:1[    0-0    ] <= [4.934239387512207]
                T7:1              <= [4.93423948204781]: 'OK'
                T7:1[    0-0    ] <= [4.934239387512207]
                T7:1[    0-0    ] <= [4.934239387512207]
                T7:1              <= [4.93423948204781]: 'OK'
                T7:1              <= [4.93423948204781]: 'OK'
                T7:1[    0-0    ] <= [4.934239387512207]
                T7:1              <= [4.93423948204781]: 'OK'
                T7:1[    0-0    ] <= [4.934239387512207]
l 4.934239 
ITERATION 483 ------------- 
Tank Level 4.934239 
ITERATION 484 ------------- 
Tank Level 4.934239 
ITERATION 485 ------------- 
Tank Level 4.934239 
ITERATION 486 ------------- 
Tank Level 4.934239 
ITERATION 487 ------------- 
Tank Level 4.934239 
ITERATION 488 ------------- 
Tank Level 4.934239 
ITERATION 489 ------------- 
Tank Level 4.934239 
ITERATION 490 ------------- 
Tank Level 4.934239 
ITERATION 491 ------------- 
Tank Level 4.934239 
ITERATION 492 ------------- 
Tank Level 4.934239 
ITERATION 493 ------------- 
Tank Level 4.934239 
ITERATION 494 ------------- 
Tank Level 4.934239 
ITERATION 495 ------------- 
Tank Level 4.934239 
ITERATION 496 ------------- 
Tank Level 4.934239 
ITERATION 497 ------------- 
Tank Level 4.934239 
ITERATION 498 ------------- 
Tank Level 4.934239 
ITERATION 499 ------------- 
Tank Level 4.934239 
ITERATION 500 ------------- 
Tank Level 4.934239 
ITERATION 501 ------------- 
Tank Level 4.934239 
ITERATION 502 ------------- 
Tank Level 4.934239 
ITERATION 503 ------------- 
Tank Level 4.934239 
ITERATION 504 ------------- 
Tank Level 4.934239 
ITERATION 505 ------------- 
Tank Level 4.934239 
ITERATION 506 ------------- 
Tank Level 4.934239 
ITERATION 507 ------------- 
Tank Level 4.934239 
ITERATION 508 ------------- 
Tank Level 4.934239 
ITERATION 509 ------------- 
Tank Level 4.934239 
ITERATION 510 ------------- 
Tank Level 4.934239 
ITERATION 511 ------------- 
Tank Level 4.934239 
ITERATION 512 ------------- 
Tank Level 4.934239 
ITERATION 513 ------------- 
Tank Level 4.934239 
ITERATION 514 ------------- 
Tank Level 4.934239 
ITERATION 515 ------------- 
Tank Level 4.934239 
ITERATION 516 ------------- 
Tank Level 4.934239 
ITERATION 517 ------------- 
Tank Level 4.934239 
ITERATION 518 ------------- 
Tank Level 4.934239 
ITERATION 519 ------------- 
Tank Level 4.934239 
ITERATION 520 ------------- 
Tank Level 4.934239 
ITERATION 521 ------------- 
Tank Level 4.934239 
ITERATION 522 ------------- 
Tank Level 4.934239 
ITERATION 523 ------------- 
Tank Level 4.934239 
ITERATION 524 ------------- 
Tank Level 4.934239 
ITERATION 525 ------------- 
Tank Level 4.934239 
ITERATION 526 ------------- 
Tank Level 4.934239 
ITERATION 527 ------------- 
Tank Level 4.934239 
ITERATION 528 ------------- 
Tank Level 4.934239 
ITERATION 529 ------------- 
Tank Level 4.934239 
ITERATION 530 ------------- 
Tank Level 4.934239 
ITERATION 531 ------------- 
Tank Level 4.934239 
ITERATION 532 ------------- 
Tank Level 4.934239 
ITERATION 533 ------------- 
Tank Level 4.934239 
ITERATION 534 ------------- 
Tank Level 4.934239 
ITERATION 535 ------------- 
Tank Level 4.934239 
ITERATION 536 ------------- 
Tank Level 4.934239 
ITERATION 537 ------------- 
Tank Level 4.934239 
ITERATION 538 ------------- 
Tank Level 4.934239 
ITERATION 539 ------------- 
Tank Level 4.934239 
ITERATION 540 ------------- 
Tank Level 4.934239 
ITERATION 541 ------------- 
Tank Level 4.934239 
ITERATION 542 ------------- 
Tank Level 4.934239 
ITERATION 543 ------------- 
Tank Level 4.934239 
ITERATION 544 ------------- 
Tank Level 4.934239 
ITERATION 545 ------------- 
Tank Level 4.934239 
ITERATION 546 ------------- 
Tank Level 4.934239 
ITERATION 547 ------------- 
Tank Level 4.934239 
ITERATION 548 ------------- 
Tank Level 4.934239 
ITERATION 549 ------------- 
Tank Level 4.934239 
ITERATION 550 ------------- 
Tank Level 4.934239 
ITERATION 551 ------------- 
Tank Level 4.934239 
ITERATION 552 ------------- 
Tank Level 4.934239 
ITERATION 553 ------------- 
Tank Level 4.934239 
ITERATION 554 ------------- 
Tank Level 4.934239 
ITERATION 555 ------------- 
Tank Level 4.934239 
ITERATION 556 ------------- 
Tank Level 4.934239 
ITERATION 557 ------------- 
Tank Level 4.934239 
ITERATION 558 ------------- 
Tank Level 4.934239 
ITERATION 559 ------------- 
Tank Level 4.934239 
ITERATION 560 ------------- 
Tank Level 4.934239 
ITERATION 561 ------------- 
Tank Level 4.934239 
ITERATION 562 ------------- 
Tank Level 4.934239 
ITERATION 563 ------------- 
Tank Level 4.934239 
ITERATION 564 ------------- 
Tank                 T7:1              <= [4.93423948204781]: 'OK'
                T7:1[    0-0    ] <= [4.934239387512207]
                T7:1              <= [4.93423948204781]: 'OK'
                T7:1[    0-0    ] <= [4.934239387512207]
                T7:1              <= [4.93423948204781]: 'OK'
                T7:1[    0-0    ] <= [4.934239387512207]
                T7:1              <= [4.93423948204781]: 'OK'
                T7:1[    0-0    ] <= [4.934239387512207]
                T7:1              <= [4.93423948204781]: 'OK'
                T7:1[    0-0    ] <= [4.934239387512207]
                T7:1              <= [4.93423948204781]: 'OK'
                T7:1[    0-0    ] <= [4.934239387512207]
                T7:1              <= [4.93423948204781]: 'OK'
                T7:1[    0-0    ] <= [4.934239387512207]
                T7:1              <= [4.93423948204781]: 'OK'
                T7:1[    0-0    ] <= [4.934239387512207]
                T7:1              <= [4.93423948204781]: 'OK'
                T7:1[    0-0    ] <= [4.934239387512207]
                T7:1              <= [4.93423948204781]: 'OK'
                T7:1[    0-0    ] <= [4.934239387512207]
                T7:1              <= [4.93423948204781]: 'OK'
                T7:1[    0-0    ] <= [4.934239387512207]
                T7:1[    0-0    ] <= [4.934239387512207]
                T7:1              <= [4.93423948204781]: 'OK'
                T7:1              <= [4.93423948204781]: 'OK'
                T7:1[    0-0    ] <= [4.934239387512207]
Copying to  week_35
