DEBUG get_query: SELECT value FROM ctown WHERE name = ? AND pid = ?
DEBUG set_query: UPDATE ctown SET value = ? WHERE name = ? AND pid = ?
DEBUG EnipProtocol server addr:  192.168.1.1
DEBUG: concatenating server address with default port.
DEBUG enip server tags_string:  T1:1=REAL PU1:1=REAL PU2:1=REAL ATT_1:1=REAL ATT_2:1=REAL 
DEBUG enip _start_server cmd:  ['/usr/bin/python', '-m', 'cpppo.server.enip', '--print', '--log', 'logs/protocols_tests_enip_server', '--address', '192.168.1.1:44818', 'T1:1=REAL', 'PU1:1=REAL', 'PU2:1=REAL', 'ATT_1:1=REAL', 'ATT_2:1=REAL']
DEBUG: plc1 enters pre_loop
ITERATION 1 ------------- 
Tank 1 Level 3.000000 
Opening P1
ITERATION 2 ------------- 
Tank 1 Level 3.000000 
Opening P1
ITERATION 3 ------------- 
Tank 1 Level 3.000000 
Opening P1
ITERATION 4 ------------- 
Tank 1 Level 3.000000 
Opening P1
ITERATION 5 ------------- 
Tank 1 Level 3.000000 
Opening P1
ITERATION 6 ------------- 
Tank 1 Level 3.000000 
Opening P1
ITERATION 7 ------------- 
Tank 1 Level 3.000000 
Opening P1
ITERATION 8 ------------- 
Tank 1 Level 3.000000 
Opening P1
ITERATION 9 ------------- 
Tank 1 Level 3.000000 
Opening P1
ITERATION 10 ------------- 
Tank 1 Level 6.074874 
Closing P2
ITERATION 11 ------------- 
Tank 1 Level 6.074874 
Closing P2
ITERATION 12 ------------- 
Tank 1 Level 6.074874 
Closing P2
ITERATION 13 ------------- 
Tank 1 Level 6.074874 
Closing P2
ITERATION 14 ------------- 
Tank 1 Level 6.074874 
Closing P2
ITERATION 15 ------------- 
Tank 1 Level 6.107213 
Closing P2
ITERATION 16 ------------- 
Tank 1 Level 6.107213 
Closing P2
ITERATION 17 ------------- 
Tank 1 Level 6.107213 
Closing P2
ITERATION 18 ------------- 
Tank 1 Level 6.107213 
Closing P2
ITERATION 19 ------------- 
Tank 1 Level 6.107213 
Closing P2
ITERATION 20 ------------- 
Tank 1 Level 6.139530 
Closing P2
ITERATION 21 ------------- 
Tank 1 Level 6.139530 
Closing P2
ITERATION 22 ------------- 
Tank 1 Level 6.139530 
Closing P2
ITERATION 23 ------------- 
Tank 1 Level 6.139530 
Closing P2
ITERATION 24 ------------- 
Tank 1 Level 6.139530 
Closing P2
ITERATION 25 ------------- 
Tank 1 Level 6.135451 
Closing P2
ITERATION 26 ------------- 
Tank 1 Level 6.135451 
Closing P2
ITERATION 27 ------------- 
Tank 1 Level 6.135451 
Closing P2
ITERATION 28 ------------- 
Tank 1 Level 6.135451 
Closing P2
ITERATION 29 ------------- 
Tank 1 Level 6.135451 
Closing P2
ITERATION 30 ------------- 
Tank 1 Level 6.131385 
Closing P2
ITERATION 31 ------------- 
Tank 1 Level 6.131385 
Closing P2
ITERATION 32 ------------- 
Tank 1 Level 6.131385 
Closing P2
ITERATION 33 ------------- 
Tank 1 Level 6.131385 
Closing P2
ITERATION 34 ------------- 
Tank 1 Level 6.131385 
Closing P2
ITERATION 35 ------------- 
Tank 1 Level 6.127331 
Closing P2
ITERATION 36 ------------- 
Tank 1 Level 6.127331 
Closing P2
ITERATION 37 ------------- 
Tank 1 Level 6.127331 
Closing P2
ITERATION 38 ------------- 
Tank 1 Level 6.127331 
Closing P2
ITERATION 39 ------------- 
Tank 1 Level 6.127331 
Closing P2
ITERATION 40 ------------- 
Tank 1 Level 6.123289 
Closing P2
ITERATION 41 ------------- 
Tank 1 Level 6.123289 
Closing P2
ITERATION 42 ------------- 
Tank 1 Level 6.123289 
Closing P2
ITERATION 43 ------------- 
Tank 1 Level 6.123289 
Closing P2
ITERATION 44 ------------- 
Tank 1 Level 6.123289 
Closing P2
ITERATION 45 ------------- 
Tank 1 Level 6.119259 
Closing P2
ITERATION 46 ------------- 
Tank 1 Level 6.119259 
Closing P2
ITERATION 47 ------------- 
Tank 1 Level 6.119259 
Closing P2
ITERATION 48 ------------- 
Tank 1 Level 6.119259 
Closing P2
ITERATION 49 ------------- 
Tank 1 Level 6.119259 
Closing P2
ITERATION 50 ------------- 
Tank 1 Level 6.115241 
Closing P2
ITERATION 51 ------------- 
Tank 1 Level 6.115241 
Closing P2
ITERATION 52 ------------- 
Tank 1 Level 6.115241 
Closing P2
ITERATION 53 ------------- 
Tank 1 Level 6.115241 
Closing P2
ITERATION 54 ------------- 
Tank 1 Level 6.115241 
Closing P2
ITERATION 55 ------------- 
Tank 1 Level 6.111235 
Closing P2
ITERATION 56 ------------- 
Tank 1 Level 6.111235 
Closing P2
ITERATION 57 ------------- 
Tank 1 Level 6.111235 
Closing P2
ITERATION 58 ------------- 
Tank 1 Level 6.111235 
Closing P2
ITERATION 59 ------------- 
Tank 1 Level 6.107242 
Closing P2
ITERATION 60 ------------- 
Tank 1 Level 6.107242 
Closing P2
ITERATION 61 ------------- 
Tank 1 Level 6.107242 
Closing P2
ITERATION 62 ------------- 
Tank 1 Level 6.107242 
Closing P2
ITERATION 63 ------------- 
Tank 1 Level 6.107242 
Closing P2
ITERATION 64 ------------- 
Tank 1 Level 6.107242 
Closing P2
ITERATION 65 ------------- 
Tank 1 Level 6.103261 
Closing P2
ITERATION 66 ------------- 
Tank 1 Level 6.103261 
Closing P2
ITERATION 67 ------------- 
Tank 1 Level 6.103261 
Closing P2
ITERATION 68 ------------- 
Tank 1 Level 6.103261 
Closing P2
ITERATION 69 ------------- 
Tank 1 Level 6.103261 
Closing P2
ITERATION 70 ------------- 
Tank 1 Level 6.103261 
Closing P2
ITERATION 71 ------------- 
Tank 1 Level 6.099291 
Closing P2
ITERATION 72 ------------- 
Tank 1 Level 6.099291 
Closing P2
ITERATION 73 ------------- 
Tank 1 Level 6.099291 
Closing P2
ITERATION 74 ------------- 
Tank 1 Level 6.099291 
Closing P2
ITERATION 75 ------------- 
Tank 1 Level 6.096514 
Closing P2
ITERATION 76 ------------- 
Tank 1 Level 6.096514 
Closing P2
ITERATION 77 ------------- 
Tank 1 Level 6.096514 
Closing P2
ITERATION 78 ------------- 
Tank 1 Level 6.096514 
Closing P2
ITERATION 79 ------------- 
Tank 1 Level 6.096514 
Closing P2
ITERATION 80 ------------- 
Tank 1 Level 6.096514 
Closing P2
ITERATION 81 ------------- 
Tank 1 Level 6.093749 
Closing P2
ITERATION 82 ------------- 
Tank 1 Level 6.093749 
Closing P2
ITERATION 83 ------------- 
Tank 1 Level 6.093749 
Closing P2
ITERATION 84 ------------- 
Tank 1 Level 6.093749 
Closing P2
ITERATION 85 ------------- 
Tank 1 Level 6.093749 
Closing P2
ITERATION 86 ------------- 
Tank 1 Level 6.090997 
Closing P2
ITERATION 87 ------------- 
Tank 1 Level 6.090997 
Closing P2
ITERATION 88 ------------- 
Tank 1 Level 6.090997 
Closing P2
ITERATION 89 ------------- 
Tank 1 Level 6.090997 
Closing P2
ITERATION 90 ------------- 
Tank 1 Level 6.090997 
Closing P2
ITERATION 91 ------------- 
Tank 1 Level 6.090997 
Closing P2
ITERATION 92 ------------- 
Tank 1 Level 6.088257 
Closing P2
ITERATION 93 ------------- 
Tank 1 Level 6.088257 
Closing P2
ITERATION 94 ------------- 
Tank 1 Level 6.088257 
Closing P2
ITERATION 95 ------------- 
Tank 1 Level 6.088257 
Closing P2
ITERATION 96 ------------- 
Tank 1 Level 6.088257 
Closing P2
ITERATION 97 ------------- 
Tank 1 Level 6.085530 
Closing P2
ITERATION 98 ------------- 
Tank 1 Level 6.085530 
Closing P2
ITERATION 99 ------------- 
Tank 1 Level 6.085530 
Closing P2
ITERATION 100 ------------- 
Tank 1 Level 6.085530 
Closing P2
ITERATION 101 ------------- 
Tank 1 Level 6.085530 
Closing P2
ITERATION 102 ------------- 
Tank 1 Level 6.082815 
Closing P2
ITERATION 103 ------------- 
Tank 1 Level 6.082815 
Closing P2
ITERATION 104 ------------- 
Tank 1 Level 6.082815 
Closing P2
ITERATION 105 ------------- 
Tank 1 Level 6.082815 
Closing P2
ITERATION 106 ------------- 
Tank 1 Level 6.082815 
Closing P2
ITERATION 107 ------------- 
Tank 1 Level 6.080113 
Closing P2
ITERATION 108 ------------- 
Tank 1 Level 6.080113 
Closing P2
ITERATION 109 ------------- 
Tank 1 Level 6.080113 
Closing P2
ITERATION 110 ------------- 
Tank 1 Level 6.080113 
Closing P2
ITERATION 111 ------------- 
Tank 1 Level 6.080113 
Closing P2
ITERATION 112 ------------- 
Tank 1 Level 6.080113 
Closing P2
ITERATION 113 ------------- 
Tank 1 Level 6.077423 
Closing P2
ITERATION 114 ------------- 
Tank 1 Level 6.077423 
Closing P2
ITERATION 115 ------------- 
Tank 1 Level 6.077423 
Closing P2
ITERATION 116 ------------- 
Tank 1 Level 6.077423 
Closing P2
ITERATION 117 ------------- 
Tank 1 Level 6.077423 
Closing P2
ITERATION 118 ------------- 
Tank 1 Level 6.077423 
Closing P2
ITERATION 119 ------------- 
Tank 1 Level 6.074746 
Closing P2
ITERATION 120 ------------- 
Tank 1 Level 6.074746 
Closing P2
ITERATION 121 ------------- 
Tank 1 Level 6.074746 
Closing P2
ITERATION 122 ------------- 
Tank 1 Level 6.074746 
Closing P2
ITERATION 123 ------------- 
Tank 1 Level 6.074746 
Closing P2
ITERATION 124 ------------- 
Tank 1 Level 6.072081 
Closing P2
ITERATION 125 ------------- 
Tank 1 Level 6.072081 
Closing P2
ITERATION 126 ------------- 
Tank 1 Level 6.072081 
Closing P2
ITERATION 127 ------------- 
Tank 1 Level 6.072081 
Closing P2
ITERATION 128 ------------- 
Tank 1 Level 6.072081 
Closing P2
ITERATION 129 ------------- 
Tank 1 Level 6.069429 
Closing P2
ITERATION 130 ------------- 
Tank 1 Level 6.069429 
Closing P2
ITERATION 131 ------------- 
Tank 1 Level 6.069429 
Closing P2
ITERATION 132 ------------- 
Tank 1 Level 6.069429 
Closing P2
ITERATION 133 ------------- 
Tank 1 Level 6.069429 
Closing P2
ITERATION 134 ------------- 
Tank 1 Level 6.066789 
Closing P2
ITERATION 135 ------------- 
Tank 1 Level 6.066789 
Closing P2
ITERATION 136 ------------- 
Tank 1 Level 6.066789 
Closing P2
ITERATION 137 ------------- 
Tank 1 Level 6.066789 
Closing P2
ITERATION 138 ------------- 
Tank 1 Level 6.066789 
Closing P2
ITERATION 139 ------------- 
Tank 1 Level 6.062221 
Closing P2
ITERATION 140 ------------- 
Tank 1 Level 6.062221 
Closing P2
ITERATION 141 ------------- 
Tank 1 Level 6.062221 
Closing P2
ITERATION 142 ------------- 
Tank 1 Level 6.062221 
Closing P2
ITERATION 143 ------------- 
Tank 1 Level 6.062221 
Closing P2
ITERATION 144 ------------- 
Tank 1 Level 6.057666 
Closing P2
ITERATION 145 ------------- 
Tank 1 Level 6.057666 
Closing P2
ITERATION 146 ------------- 
Tank 1 Level 6.057666 
Closing P2
ITERATION 147 ------------- 
Tank 1 Level 6.057666 
Closing P2
ITERATION 148 ------------- 
Tank 1 Level 6.057666 
Closing P2
ITERATION 149 ------------- 
Tank 1 Level 6.057666 
Closing P2
ITERATION 150 ------------- 
Tank 1 Level 6.053124 
Closing P2
ITERATION 151 ------------- 
Tank 1 Level 6.053124 
Closing P2
ITERATION 152 ------------- 
Tank 1 Level 6.053124 
Closing P2
ITERATION 153 ------------- 
Tank 1 Level 6.053124 
Closing P2
ITERATION 154 ------------- 
Tank 1 Level 6.053124 
Closing P2
ITERATION 155 ------------- 
Tank 1 Level 6.048596 
Closing P2
ITERATION 156 ------------- 
Tank 1 Level 6.048596 
Closing P2
ITERATION 157 ------------- 
Tank 1 Level 6.048596 
Closing P2
ITERATION 158 ------------- 
Tank 1 Level 6.048596 
Closing P2
ITERATION 159 ------------- 
Tank 1 Level 6.048596 
Closing P2
ITERATION 160 ------------- 
Tank 1 Level 6.044081 
Closing P2
ITERATION 161 ------------- 
Tank 1 Level 6.044081 
Closing P2
ITERATION 162 ------------- 
Tank 1 Level 6.044081 
Closing P2
ITERATION 163 ------------- 
Tank 1 Level 6.044081 
Closing P2
ITERATION 164 ------------- 
Tank 1 Level 6.044081 
Closing P2
ITERATION 165 ------------- 
Tank 1 Level 6.039579 
Closing P2
ITERATION 166 ------------- 
Tank 1 Level 6.039579 
Closing P2
ITERATION 167 ------------- 
Tank 1 Level 6.039579 
Closing P2
ITERATION 168 ------------- 
Tank 1 Level 6.039579 
Closing P2
ITERATION 169 ------------- 
Tank 1 Level 6.039579 
Closing P2
ITERATION 170 ------------- 
Tank 1 Level 6.035090 
Closing P2
ITERATION 171 ------------- 
Tank 1 Level 6.035090 
Closing P2
ITERATION 172 ------------- 
Tank 1 Level 6.035090 
Closing P2
ITERATION 173 ------------- 
Tank 1 Level 6.035090 
Closing P2
ITERATION 174 ------------- 
Tank 1 Level 6.035090 
Closing P2
ITERATION 175 ------------- 
Tank 1 Level 6.030614 
Closing P2
ITERATION 176 ------------- 
Tank 1 Level 6.030614 
Closing P2
ITERATION 177 ------------- 
Tank 1 Level 6.030614 
Closing P2
ITERATION 178 ------------- 
Tank 1 Level 6.030614 
Closing P2
ITERATION 179 ------------- 
Tank 1 Level 6.030614 
Closing P2
ITERATION 180 ------------- 
Tank 1 Level 6.030614 
Closing P2
ITERATION 181 ------------- 
Tank 1 Level 6.026151 
Closing P2
ITERATION 182 ------------- 
Tank 1 Level 6.026151 
Closing P2
ITERATION 183 ------------- 
Tank 1 Level 6.026151 
Closing P2
ITERATION 184 ------------- 
Tank 1 Level 6.026151 
Closing P2
ITERATION 185 ------------- 
Tank 1 Level 6.026151 
Closing P2
ITERATION 186 ------------- 
Tank 1 Level 6.026151 
Closing P2
ITERATION 187 ------------- 
Tank 1 Level 6.021701 
Closing P2
ITERATION 188 ------------- 
Tank 1 Level 6.021701 
Closing P2
ITERATION 189 ------------- 
Tank 1 Level 6.021701 
Closing P2
ITERATION 190 ------------- 
Tank 1 Level 6.021701 
Closing P2
ITERATION 191 ------------- 
Tank 1 Level 6.021701 
Closing P2
ITERATION 192 ------------- 
Tank 1 Level 6.021701 
Closing P2
ITERATION 193 ------------- 
Tank 1 Level 6.017264 
Closing P2
ITERATION 194 ------------- 
Tank 1 Level 6.017264 
Closing P2
ITERATION 195 ------------- 
Tank 1 Level 6.017264 
Closing P2
ITERATION 196 ------------- 
Tank 1 Level 6.017264 
Closing P2
ITERATION 197 ------------- 
Tank 1 Level 6.012841 
Closing P2
ITERATION 198 ------------- 
Tank 1 Level 6.012841 
Closing P2
ITERATION 199 ------------- 
Tank 1 Level 6.012841 
Closing P2
ITERATION 200 ------------- 
Tank 1 Level 6.012841 
Closing P2
ITERATION 201 ------------- 
Tank 1 Level 6.012841 
Closing P2
ITERATION 202 ------------- 
Tank 1 Level 6.012841 
Closing P2
ITERATION 203 ------------- 
Tank 1 Level 6.011235 
Closing P2
ITERATION 204 ------------- 
Tank 1 Level 6.011235 
Closing P2
ITERATION 205 ------------- 
Tank 1 Level 6.011235 
Closing P2
ITERATION 206 ------------- 
Tank 1 Level 6.011235 
Closing P2
ITERATION 207 ------------- 
Tank 1 Level 6.011235 
Closing P2
ITERATION 208 ------------- 
Tank 1 Level 6.009641 
Closing P2
ITERATION 209 ------------- 
Tank 1 Level 6.009641 
Closing P2
ITERATION 210 ------------- 
Tank 1 Level 6.009641 
Closing P2
ITERATION 211 ------------- 
Tank 1 Level 6.009641 
Closing P2
ITERATION 212 ------------- 
Tank 1 Level 6.009641 
Closing P2
ITERATION 213 ------------- 
Tank 1 Level 6.008058 
Closing P2
ITERATION 214 ------------- 
Tank 1 Level 6.008058 
Closing P2
ITERATION 215 ------------- 
Tank 1 Level 6.008058 
Closing P2
ITERATION 216 ------------- 
Tank 1 Level 6.008058 
Closing P2
ITERATION 217 ------------- 
Tank 1 Level 6.008058 
Closing P2
ITERATION 218 ------------- 
Tank 1 Level 6.008058 
Closing P2
ITERATION 219 ------------- 
Tank 1 Level 6.006486 
Closing P2
ITERATION 220 ------------- 
Tank 1 Level 6.006486 
Closing P2
ITERATION 221 ------------- 
Tank 1 Level 6.006486 
Closing P2
ITERATION 222 ------------- 
Tank 1 Level 6.006486 
Closing P2
ITERATION 223 ------------- 
Tank 1 Level 6.006486 
Closing P2
ITERATION 224 ------------- 
Tank 1 Level 6.004926 
Closing P2
ITERATION 225 ------------- 
Tank 1 Level 6.004926 
Closing P2
ITERATION 226 ------------- 
Tank 1 Level 6.004926 
Closing P2
ITERATION 227 ------------- 
Tank 1 Level 6.004926 
Closing P2
ITERATION 228 ------------- 
Tank 1 Level 6.004926 
Closing P2
ITERATION 229 ------------- 
Tank 1 Level 6.004926 
Closing P2
ITERATION 230 ------------- 
Tank 1 Level 6.003376 
Closing P2
ITERATION 231 ------------- 
Tank 1 Level 6.003376 
Closing P2
ITERATION 232 ------------- 
Tank 1 Level 6.003376 
Closing P2
ITERATION 233 ------------- 
Tank 1 Level 6.003376 
Closing P2
ITERATION 234 ------------- 
Tank 1 Level 6.001839 
Closing P2
ITERATION 235 ------------- 
Tank 1 Level 6.001839 
Closing P2
ITERATION 236 ------------- 
Tank 1 Level 6.001839 
Closing P2
ITERATION 237 ------------- 
Tank 1 Level 6.001839 
Closing P2
ITERATION 238 ------------- 
Tank 1 Level 6.001839 
Closing P2
ITERATION 239 ------------- 
Tank 1 Level 6.001839 
Closing P2
ITERATION 240 ------------- 
Tank 1 Level 6.000313 
Closing P2
ITERATION 241 ------------- 
Tank 1 Level 6.000313 
Closing P2
ITERATION 242 ------------- 
Tank 1 Level 6.000313 
Closing P2
ITERATION 243 ------------- 
Tank 1 Level 6.000313 
Closing P2
ITERATION 244 ------------- 
Tank 1 Level 6.000313 
Closing P2
ITERATION 245 ------------- 
Tank 1 Level 5.960289 
Closing P2
ITERATION 246 ------------- 
Tank 1 Level 5.960289 
Closing P2
ITERATION 247 ------------- 
Tank 1 Level 5.960289 
Closing P2
ITERATION 248 ------------- 
Tank 1 Level 5.960289 
Closing P2
ITERATION 249 ------------- 
Tank 1 Level 5.960289 
Closing P2
ITERATION 250 ------------- 
Tank 1 Level 5.920386 
Closing P2
ITERATION 251 ------------- 
Tank 1 Level 5.920386 
Closing P2
ITERATION 252 ------------- 
Tank 1 Level 5.920386 
Closing P2
ITERATION 253 ------------- 
Tank 1 Level 5.920386 
Closing P2
ITERATION 254 ------------- 
Tank 1 Level 5.920386 
Closing P2
ITERATION 255 ------------- 
Tank 1 Level 5.920386 
Closing P2
ITERATION 256 ------------- 
Tank 1 Level 5.880604 
Closing P2
ITERATION 257 ------------- 
Tank 1 Level 5.880604 
Closing P2
ITERATION 258 ------------- 
Tank 1 Level 5.880604 
Closing P2
ITERATION 259 ------------- 
Tank 1 Level 5.880604 
Closing P2
ITERATION 260 ------------- 
Tank 1 Level 5.880604 
Closing P2
ITERATION 261 ------------- 
Tank 1 Level 5.840942 
Closing P2
ITERATION 262 ------------- 
Tank 1 Level 5.840942 
Closing P2
ITERATION 263 ------------- 
Tank 1 Level 5.840942 
Closing P2
ITERATION 264 ------------- 
Tank 1 Level 5.840942 
Closing P2
ITERATION 265 ------------- 
Tank 1 Level 5.840942 
Closing P2
ITERATION 266 ------------- 
Tank 1 Level 5.804003 
Closing P2
ITERATION 267 ------------- 
Tank 1 Level 5.804003 
Closing P2
ITERATION 268 ------------- 
Tank 1 Level 5.804003 
Closing P2
ITERATION 269 ------------- 
Tank 1 Level 5.804003 
Closing P2
ITERATION 270 ------------- 
Tank 1 Level 5.804003 
Closing P2
ITERATION 271 ------------- 
Tank 1 Level 5.767185 
Closing P2
ITERATION 272 ------------- 
Tank 1 Level 5.767185 
Closing P2
ITERATION 273 ------------- 
Tank 1 Level 5.767185 
Closing P2
ITERATION 274 ------------- 
Tank 1 Level 5.767185 
Closing P2
ITERATION 275 ------------- 
Tank 1 Level 5.767185 
Closing P2
ITERATION 276 ------------- 
Tank 1 Level 5.730489 
Closing P2
ITERATION 277 ------------- 
Tank 1 Level 5.730489 
Closing P2
ITERATION 278 ------------- 
Tank 1 Level 5.730489 
Closing P2
ITERATION 279 ------------- 
Tank 1 Level 5.730489 
Closing P2
ITERATION 280 ------------- 
Tank 1 Level 5.730489 
Closing P2
ITERATION 281 ------------- 
Tank 1 Level 5.693914 
Closing P2
ITERATION 282 ------------- 
Tank 1 Level 5.693914 
Closing P2
ITERATION 283 ------------- 
Tank 1 Level 5.693914 
Closing P2
ITERATION 284 ------------- 
Tank 1 Level 5.693914 
Closing P2
ITERATION 285 ------------- 
Tank 1 Level 5.693914 
Closing P2
ITERATION 286 ------------- 
Tank 1 Level 5.657460 
Closing P2
ITERATION 287 ------------- 
Tank 1 Level 5.657460 
Closing P2
ITERATION 288 ------------- 
Tank 1 Level 5.657460 
Closing P2
ITERATION 289 ------------- 
Tank 1 Level 5.657460 
Closing P2
ITERATION 290 ------------- 
Tank 1 Level 5.657460 
Closing P2
ITERATION 291 ------------- 
Tank 1 Level 5.657460 
Closing P2
ITERATION 292 ------------- 
Tank 1 Level 5.647166 
Closing P2
ITERATION 293 ------------- 
Tank 1 Level 5.647166 
Closing P2
ITERATION 294 ------------- 
Tank 1 Level 5.647166 
Closing P2
ITERATION 295 ------------- 
Tank 1 Level 5.647166 
Closing P2
ITERATION 296 ------------- 
Tank 1 Level 5.647166 
Closing P2
ITERATION 297 ------------- 
Tank 1 Level 5.625735 
Closing P2
ITERATION 298 ------------- 
Tank 1 Level 5.625735 
Closing P2
ITERATION 299 ------------- 
Tank 1 Level 5.625735 
Closing P2
ITERATION 300 ------------- 
Tank 1 Level 5.625735 
Closing P2
ITERATION 301 ------------- 
Tank 1 Level 5.625735 
Closing P2
ITERATION 302 ------------- 
Tank 1 Level 5.625735 
Closing P2
ITERATION 303 ------------- 
Tank 1 Level 5.625735 
Closing P2
ITERATION 304 ------------- 
Tank 1 Level 5.625735 
Closing P2
ITERATION 305 ------------- 
Tank 1 Level 5.625735 
Closing P2
ITERATION 306 ------------- 
Tank 1 Level 5.625735 
Closing P2
ITERATION 307 ------------- 
Tank 1 Level 5.595907 
Closing P2
ITERATION 308 ------------- 
Tank 1 Level 5.595907 
Closing P2
ITERATION 309 ------------- 
Tank 1 Level 5.595907 
Closing P2
ITERATION 310 ------------- 
Tank 1 Level 5.595907 
Closing P2
ITERATION 311 ------------- 
Tank 1 Level 5.569699 
Closing P2
ITERATION 312 ------------- 
Tank 1 Level 5.569699 
Closing P2
ITERATION 313 ------------- 
Tank 1 Level 5.569699 
Closing P2
ITERATION 314 ------------- 
Tank 1 Level 5.569699 
Closing P2
ITERATION 315 ------------- 
Tank 1 Level 5.569699 
Closing P2
ITERATION 316 ------------- 
Tank 1 Level 5.543593 
Closing P2
ITERATION 317 ------------- 
Tank 1 Level 5.543593 
Closing P2
ITERATION 318 ------------- 
Tank 1 Level 5.543593 
Closing P2
ITERATION 319 ------------- 
Tank 1 Level 5.543593 
Closing P2
ITERATION 320 ------------- 
Tank 1 Level 5.543593 
Closing P2
ITERATION 321 ------------- 
Tank 1 Level 5.517589 
Closing P2
ITERATION 322 ------------- 
Tank 1 Level 5.517589 
Closing P2
ITERATION 323 ------------- 
Tank 1 Level 5.517589 
Closing P2
ITERATION 324 ------------- 
Tank 1 Level 5.517589 
Closing P2
ITERATION 325 ------------- 
Tank 1 Level 5.517589 
Closing P2
ITERATION 326 ------------- 
Tank 1 Level 5.517589 
Closing P2
ITERATION 327 ------------- 
Tank 1 Level 5.491687 
Closing P2
ITERATION 328 ------------- 
Tank 1 Level 5.491687 
Closing P2
ITERATION 329 ------------- 
Tank 1 Level 5.491687 
Closing P2
ITERATION 330 ------------- 
Tank 1 Level 5.491687 
Closing P2
ITERATION 331 ------------- 
Tank 1 Level 5.491687 
Closing P2
ITERATION 332 ------------- 
Tank 1 Level 5.491687 
Closing P2
ITERATION 333 ------------- 
Tank 1 Level 5.491687 
Closing P2
ITERATION 334 ------------- 
Tank 1 Level 5.491687 
Closing P2
ITERATION 335 ------------- 
Tank 1 Level 5.491687 
Closing P2
ITERATION 336 ------------- 
Tank 1 Level 5.491687 
Closing P2
ITERATION 337 ------------- 
Tank 1 Level 5.491687 
Closing P2
ITERATION 338 ------------- 
Tank 1 Level 5.491687 
Closing P2
ITERATION 339 ------------- 
Tank 1 Level 5.491687 
Closing P2
ITERATION 340 ------------- 
Tank 1 Level 5.491687 
Closing P2
ITERATION 341 ------------- 
Tank 1 Level 5.491687 
Closing P2
ITERATION 342 ------------- 
Tank 1 Level 5.491687 
Closing P2
ITERATION 343 ------------- 
Tank 1 Level 5.491687 
Closing P2
ITERATION 344 ------------- 
Tank 1 Level 5.491687 
Closing P2
ITERATION 345 ------------- 
Tank 1 Level 5.491687 
Closing P2
ITERATION 346 ------------- 
Tank 1 Level 5.491687 
Closing P2
ITERATION 347 ------------- 
Tank 1 Level 5.491687 
Closing P2
ITERATION 348 ------------- 
Tank 1 Level 5.491687 
Closing P2
ITERATION 349 ------------- 
Tank 1 Level 5.491687 
Closing P2
ITERATION 350 ------------- 
Tank 1 Level 5.491687 
Closing P2
ITERATION 351 ------------- 
Tank 1 Level 5.491687 
Closing P2
ITERATION 352 ------------- 
Tank 1 Level 5.491687 
Closing P2
ITERATION 353 ------------- 
Tank 1 Level 5.491687 
Closing P2
ITERATION 354 ------------- 
Tank 1 Level 5.491687 
Closing P2
ITERATION 355 ------------- 
Tank 1 Level 5.491687 
Closing P2
ITERATION 356 ------------- 
Tank 1 Level 5.491687 
Closing P2
ITERATION 357 ------------- 
Tank 1 Level 5.491687 
Closing P2
ITERATION 358 ------------- 
Tank 1 Level 5.491687 
Closing P2
ITERATION 359 ------------- 
Tank 1 Level 5.491687 
Closing P2
ITERATION 360 ------------- 
Tank 1 Level 5.491687 
Closing P2
ITERATION 361 ------------- 
Tank 1 Level 5.491687 
Closing P2
ITERATION 362 ------------- 
Tank 1 Level 5.491687 
Closing P2
ITERATION 363 ------------- 
Tank 1 Level 5.491687 
Closing P2
ITERATION 364 ------------- 
Tank 1 Level 5.491687 
Closing P2
ITERATION 365 ------------- 
Tank 1 Level 5.491687 
Closing P2
ITERATION 366 ------------- 
Tank 1 Level 5.491687 
Closing P2
ITERATION 367 ------------- 
Tank 1 Level 5.491687 
Closing P2
ITERATION 368 ------------- 
Tank 1 Level 5.491687 
Closing P2
ITERATION 369 ------------- 
Tank 1 Level 5.491687 
Closing P2
ITERATION 370 ------------- 
Tank 1 Level 5.491687 
Closing P2
ITERATION 371 ------------- 
Tank 1 Level 5.491687 
Closing P2
ITERATION 372 ------------- 
Tank 1 Level 5.491687 
Closing P2
ITERATION 373 ------------- 
Tank 1 Level 5.491687 
Closing P2
ITERATION 374 ------------- 
Tank 1 Level 5.491687 
Closing P2
ITERATION 375 ------------- 
Tank 1 Level 5.491687 
Closing P2
ITERATION 376 ------------- 
Tank 1 Level 5.491687 
Closing P2
ITERATION 377 ------------- 
Tank 1 Level 5.491687 
Closing P2
ITERATION 378 ------------- 
Tank 1 Level 5.491687 
Closing P2
ITERATION 379 ------------- 
Tank 1 Level 5.491687 
Closing P2
ITERATION 380 ------------- 
Tank 1 Level 5.491687 
Closing P2
ITERATION 381 ------------- 
Tank 1 Level 5.491687 
Closing P2
ITERATION 382 ------------- 
Tank 1 Level 5.491687 
Closing P2
ITERATION 383 ------------- 
Tank 1 Level 5.491687 
Closing P2
ITERATION 384 ------------- 
Tank 1 Level 5.491687 
Closing P2
ITERATION 385 ------------- 
Tank 1 Level 5.491687 
Closing P2
ITERATION 386 ------------- 
Tank 1 Level 5.491687 
Closing P2
ITERATION 387 ------------- 
Tank 1 Level 5.491687 
Closing P2
ITERATION 388 ------------- 
Tank 1 Level 5.491687 
Closing P2
ITERATION 389 ------------- 
Tank 1 Level 5.491687 
Closing P2
ITERATION 390 ------------- 
Tank 1 Level 5.491687 
Closing P2
ITERATION 391 ------------- 
Tank 1 Level 5.491687 
Closing P2
ITERATION 392 ------------- 
Tank 1 Level 5.491687 
Closing P2
ITERATION 393 ------------- 
Tank 1 Level 5.491687 
Closing P2
ITERATION 394 ------------- 
Tank 1 Level 5.491687 
Closing P2
ITERATION 395 ------------- 
Tank 1 Level 5.491687 
Closing P2
ITERATION 396 ------------- 
Tank 1 Level 5.491687 
Closing P2
ITERATION 397 ------------- 
Tank 1 Level 5.491687 
Closing P2
ITERATION 398 ------------- 
Tank 1 Level 5.491687 
Closing P2
ITERATION 399 ------------- 
Tank 1 Level 5.491687 
Closing P2
ITERATION 400 ------------- 
Tank 1 Level 5.491687 
Closing P2
ITERATION 401 ------------- 
Tank 1 Level 5.491687 
Closing P2
ITERATION 402 ------------- 
Tank 1 Level 5.491687 
Closing P2
ITERATION 403 ------------- 
Tank 1 Level 5.491687 
Closing P2
ITERATION 404 ------------- 
Tank 1 Level 5.491687 
Closing P2
ITERATION 405 ------------- 
Tank 1 Level 5.491687 
Closing P2
ITERATION 406 ------------- 
Tank 1 Level 5.491687 
Closing P2
ITERATION 407 ------------- 
Tank 1 Level 5.491687 
Closing P2
ITERATION 408 ------------- 
Tank 1 Level 5.491687 
Closing P2
ITERATION 409 ------------- 
Tank 1 Level 5.491687 
Closing P2
ITERATION 410 ------------- 
Tank 1 Level 5.491687 
Closing P2
ITERATION 411 ------------- 
Tank 1 Level 5.491687 
Closing P2
ITERATION 412 ------------- 
Tank 1 Level 5.491687 
Closing P2
ITERATION 413 ------------- 
Tank 1 Level 5.491687 
Closing P2
DEBUG plc1 shutdown
plc1
Stopping Tcp dump process on PLC...
Stopping PLC...
