                T1:1              <= [3.0]: 'OK'
                T1:1[    0-0    ] <= [3.0]
                T1:1              <= [3.0]: 'OK'
                T1:1[    0-0    ] <= [3.0]
                T1:1              <= [3.0]: 'OK'
                T1:1[    0-0    ] <= [3.0]
                T1:1              <= [3.0]: 'OK'
                T1:1[    0-0    ] <= [3.0]
                T1:1              <= [3.0]: 'OK'
                T1:1[    0-0    ] <= [3.0]
                T1:1              <= [3.0]: 'OK'
                T1:1[    0-0    ] <= [3.0]
                T1:1              <= [3.0]: 'OK'
                T1:1[    0-0    ] <= [3.0]
                T1:1              <= [3.0]: 'OK'
                T1:1[    0-0    ] <= [3.0]
                T1:1              <= [3.0]: 'OK'
                T1:1[    0-0    ] <= [3.0]
                T1:1              <= [3.0]: 'OK'
                T1:1[    0-0    ] <= [3.0]
                T1:1[    0-0    ] <= [3.0]
                T1:1              <= [3.0]: 'OK'
                T1:1              <= [3.0]: 'OK'
                T1:1[    0-0    ] <= [3.0]
                T1:1              <= [5.642761]: 'OK'
                T1:1[    0-0    ] <= [5.64276123046875]
                T1:1[    0-0    ] <= [5.684223651885986]
                T1:1              <= [5.6842237]: 'OK'
                T1:1              <= [5.7256303]: 'OK'
                T1:1[    0-0    ] <= [5.725630283355713]
                T1:1              <= [5.5793]: 'OK'
                T1:1[    0-0    ] <= [5.5792999267578125]
                T1:1              <= [5.573235]: 'OK'
                T1:1[    0-0    ] <= [5.573235034942627]
                T1:1              <= [5.5611243]: 'OK'
                T1:1[    0-0    ] <= [5.561124324798584]
                T1:1              <= [5.5490503]: 'OK'
                T1:1[    0-0    ] <= [5.549050331115723]
                T1:1              <= [5.3863025]: 'OK'
                T1:1[    0-0    ] <= [5.386302471160889]
                T1:1              <= [5.3668895]: 'OK'
                T1:1[    0-0    ] <= [5.366889476776123]
                T1:1              <= [5.347523]: 'OK'
                T1:1[    0-0    ] <= [5.347523212432861]
                T1:1              <= [4.6264696]: 'OK'
                T1:1[    0-0    ] <= [4.626469612121582]
                T1:1              <= [4.543777]: 'OK'
                T1:1[    0-0    ] <= [4.543776988983154]
                T1:1              <= [4.461517]: 'OK'
                T1:1[    0-0    ] <= [4.461516857147217]
                T1:1              <= [4.379689]: 'OK'
                T1:1[    0-0    ] <= [4.3796892166137695]
                T1:1              <= [4.29829]: 'OK'
                T1:1[    0-0    ] <= [4.298289775848389]
                T1:1              <= [4.217318]: 'OK'
                T1:1[    0-0    ] <= [4.217318058013916]
                T1:1              <= [4.1367645]: 'OK'
                T1:1[    0-0    ] <= [4.1367645263671875]
                T1:1              <= [4.0166926]: 'OK'
                T1:1[    0-0    ] <= [4.016692638397217]
                T1:1              <= [3.937121]: 'OK'
                T1:1[    0-0    ] <= [3.9371209144592285]
                T1:1              <= [3.8579676]: 'OK'
                T1:1[    0-0    ] <= [3.8579676151275635]
                T1:1[    0-0    ] <= [3.779232978820801]
                T1:1              <= [3.779233]: 'OK'
                T1:1              <= [3.7400215]: 'OK'
                T1:1[    0-0    ] <= [3.7400214672088623]
                T1:1              <= [3.6619098]: 'OK'
                T1:1[    0-0    ] <= [3.661909818649292]
                T1:1              <= [3.5842123]: 'OK'
                T1:1[    0-0    ] <= [3.584212303161621]
                T1:1[    0-0    ] <= [3.5123050212860107]
                T1:1              <= [3.512305]: 'OK'
                T1:1              <= [3.440807]: 'OK'
                T1:1[    0-0    ] <= [3.4408071041107178]
                T1:1              <= [3.369709]: 'OK'
                T1:1[    0-0    ] <= [3.369709014892578]
                T1:1              <= [3.2990158]: 'OK'
                T1:1[    0-0    ] <= [3.299015760421753]
                T1:1              <= [3.2638178]: 'OK'
                T1:1[    0-0    ] <= [3.26381778717041]
                T1:1              <= [3.1937244]: 'OK'
                T1:1[    0-0    ] <= [3.1937243938446045]
                T1:1              <= [3.1253984]: 'OK'
                T1:1[    0-0    ] <= [3.1253983974456787]
                T1:1              <= [3.353631]: 'OK'
                T1:1[    0-0    ] <= [3.353631019592285]
                T1:1              <= [3.2989507]: 'OK'
                T1:1[    0-0    ] <= [3.298950672149658]
                T1:1              <= [3.2718127]: 'OK'
                T1:1[    0-0    ] <= [3.271812677383423]
                T1:1              <= [2.917732]: 'OK'
                T1:1[    0-0    ] <= [2.917732000350952]
                T1:1              <= [2.8855014]: 'OK'
                T1:1[    0-0    ] <= [2.8855013847351074]
                T1:1              <= [2.8213658]: 'OK'
                T1:1[    0-0    ] <= [2.8213658332824707]
                T1:1              <= [3.1117435]: 'OK'
                T1:1[    0-0    ] <= [3.111743450164795]
                T1:1              <= [3.0855265]: 'OK'
                T1:1[    0-0    ] <= [3.085526466369629]
                T1:1              <= [3.057705]: 'OK'
                T1:1[    0-0    ] <= [3.0577049255371094]
                T1:1              <= [3.0301065]: 'OK'
                T1:1[    0-0    ] <= [3.030106544494629]
                T1:1              <= [3.249549]: 'OK'
                T1:1[    0-0    ] <= [3.24954891204834]
                T1:1[    0-0    ] <= [3.2298851013183594]
                T1:1              <= [3.229885]: 'OK'
                T1:1              <= [3.4917622]: 'OK'
                T1:1[    0-0    ] <= [3.491762161254883]
                T1:1              <= [3.5127375]: 'OK'
                T1:1[    0-0    ] <= [3.512737512588501]
                T1:1              <= [3.4969711]: 'OK'
                T1:1[    0-0    ] <= [3.4969711303710938]
                T1:1[    0-0    ] <= [4.065475940704346]
                T1:1              <= [4.065476]: 'OK'
                T1:1              <= [4.07734]: 'OK'
                T1:1[    0-0    ] <= [4.077340126037598]
                T1:1              <= [3.5002081]: 'OK'
                T1:1[    0-0    ] <= [3.5002081394195557]
                T1:1              <= [3.4634197]: 'OK'
                T1:1[    0-0    ] <= [3.4634196758270264]
                T1:1              <= [5.9560537]: 'OK'
                T1:1[    0-0    ] <= [5.956053733825684]
                T1:1[    0-0    ] <= [5.9676947593688965]
                T1:1              <= [5.9676948]: 'OK'
                T1:1              <= [5.979331]: 'OK'
                T1:1[    0-0    ] <= [5.979331016540527]
                T1:1              <= [6.005711]: 'OK'
                T1:1[    0-0    ] <= [6.005711078643799]
                T1:1              <= [3.3579423]: 'OK'
                T1:1[    0-0    ] <= [3.3579423427581787]
                T1:1              <= [3.342855]: 'OK'
                T1:1[    0-0    ] <= [3.3428549766540527]
                T1:1              <= [2.9226015]: 'OK'
                T1:1[    0-0    ] <= [2.9226014614105225]
                T1:1              <= [2.8931243]: 'OK'
                T1:1[    0-0    ] <= [2.8931243419647217]
                T1:1              <= [3.3703136]: 'OK'
                T1:1[    0-0    ] <= [3.3703136444091797]
                T1:1              <= [3.3605654]: 'OK'
                T1:1[    0-0    ] <= [3.360565423965454]
                T1:1              <= [3.350938]: 'OK'
                T1:1[    0-0    ] <= [3.350938081741333]
                T1:1              <= [3.350938]: 'OK'
                T1:1[    0-0    ] <= [3.350938081741333]
                T1:1              <= [2.4583228]: 'OK'
                T1:1[    0-0    ] <= [2.458322763442993]
                T1:1[    0-0    ] <= [3.2417123317718506]
                T1:1              <= [3.2417123]: 'OK'
                T1:1              <= [3.2289922]: 'OK'
                T1:1[    0-0    ] <= [3.228992223739624]
                T1:1              <= [4.14955]: 'OK'
                T1:1[    0-0    ] <= [4.149549961090088]
                T1:1              <= [4.14955]: 'OK'
                T1:1[    0-0    ] <= [4.149549961090088]
                T1:1              <= [5.4360294]: 'OK'
                T1:1[    0-0    ] <= [5.436029434204102]
                T1:1              <= [3.2952626]: 'OK'
                T1:1[    0-0    ] <= [3.295262575149536]
                T1:1              <= [2.3684864]: 'OK'
                T1:1[    0-0    ] <= [2.3684864044189453]
                T1:1              <= [2.3539386]: 'OK'
                T1:1[    0-0    ] <= [2.353938579559326]
                T1:1              <= [2.3539386]: 'OK'
                T1:1[    0-0    ] <= [2.353938579559326]
                T1:1              <= [2.3395116]: 'OK'
                T1:1[    0-0    ] <= [2.3395116329193115]
                T1:1              <= [4.1097894]: 'OK'
                T1:1[    0-0    ] <= [4.1097893714904785]
                T1:1              <= [4.1034737]: 'OK'
                T1:1[    0-0    ] <= [4.103473663330078]
                T1:1              <= [4.1034737]: 'OK'
                T1:1[    0-0    ] <= [4.103473663330078]
                T1:1              <= [4.097246]: 'OK'
                T1:1[    0-0    ] <= [4.097246170043945]
                T1:1              <= [3.1786463]: 'OK'
                T1:1[    0-0    ] <= [3.1786463260650635]
                T1:1              <= [2.266265]: 'OK'
                T1:1[    0-0    ] <= [2.2662649154663086]
                T1:1              <= [2.266265]: 'OK'
                T1:1[    0-0    ] <= [2.2662649154663086]
                T1:1              <= [1.625769]: 'OK'
                T1:1[    0-0    ] <= [1.625769019126892]
                T1:1              <= [3.5353687]: 'OK'
                T1:1[    0-0    ] <= [3.5353686809539795]
                T1:1[    0-0    ] <= [3.5353686809539795]
                T1:1              <= [3.5353687]: 'OK'
                T1:1              <= [3.5227463]: 'OK'
                T1:1[    0-0    ] <= [3.5227463245391846]
                T1:1              <= [5.6991854]: 'OK'
                T1:1[    0-0    ] <= [5.699185371398926]
                T1:1              <= [5.6991854]: 'OK'
                T1:1[    0-0    ] <= [5.699185371398926]
                T1:1              <= [3.1946127]: 'OK'
                T1:1[    0-0    ] <= [3.194612741470337]
                T1:1              <= [3.1968918]: 'OK'
                T1:1[    0-0    ] <= [3.1968917846679688]
                T1:1              <= [5.0101905]: 'OK'
                T1:1[    0-0    ] <= [5.010190486907959]
                T1:1              <= [5.0101905]: 'OK'
                T1:1[    0-0    ] <= [5.010190486907959]
                T1:1              <= [6.500002]: 'OK'
                T1:1[    0-0    ] <= [6.500001907348633]
                T1:1              <= [6.500002]: 'OK'
                T1:1[    0-0    ] <= [6.500001907348633]
                T1:1              <= [3.4367747]: 'OK'
                T1:1[    0-0    ] <= [3.436774730682373]
                T1:1              <= [3.4367747]: 'OK'
                T1:1[    0-0    ] <= [3.436774730682373]
                T1:1              <= [-1.4892578e-06]: 'OK'
                T1:1[    0-0    ] <= [-1.4892577837599674e-06]
                T1:1              <= [-1.4892578e-06]: 'OK'
                T1:1[    0-0    ] <= [-1.4892577837599674e-06]
                T1:1              <= [-1.4892578e-06]: 'OK'
                T1:1[    0-0    ] <= [-1.4892577837599674e-06]
                T1:1              <= [3.2204392]: 'OK'
                T1:1[    0-0    ] <= [3.2204391956329346]
                T1:1              <= [3.2204392]: 'OK'
                T1:1[    0-0    ] <= [3.2204391956329346]
                T1:1              <= [6.47045]: 'OK'
                T1:1[    0-0    ] <= [6.470449924468994]
                T1:1              <= [4.7020745]: 'OK'
                T1:1[    0-0    ] <= [4.7020745277404785]
                T1:1              <= [4.7020745]: 'OK'
                T1:1[    0-0    ] <= [4.7020745277404785]
                T1:1              <= [6.500002]: 'OK'
                T1:1[    0-0    ] <= [6.500001907348633]
                T1:1              <= [2.4211018]: 'OK'
                T1:1[    0-0    ] <= [2.4211018085479736]
                T1:1              <= [2.4211018]: 'OK'
                T1:1[    0-0    ] <= [2.4211018085479736]
                T1:1              <= [2.3971825]: 'OK'
                T1:1[    0-0    ] <= [2.3971824645996094]
                T1:1              <= [2.3971825]: 'OK'
                T1:1[    0-0    ] <= [2.3971824645996094]
                T1:1              <= [1.2039018]: 'OK'
                T1:1[    0-0    ] <= [1.203901767730713]
                T1:1              <= [1.1837867]: 'OK'
                T1:1[    0-0    ] <= [1.1837867498397827]
                T1:1              <= [1.1454309]: 'OK'
                T1:1[    0-0    ] <= [1.1454309225082397]
                T1:1              <= [1.1271762]: 'OK'
                T1:1[    0-0    ] <= [1.1271761655807495]
                T1:1              <= [1.1271762]: 'OK'
                T1:1[    0-0    ] <= [1.1271761655807495]
                T1:1              <= [1.9134724]: 'OK'
                T1:1[    0-0    ] <= [1.9134724140167236]
                T1:1              <= [1.9134724]: 'OK'
                T1:1[    0-0    ] <= [1.9134724140167236]
                T1:1              <= [6.106863]: 'OK'
                T1:1[    0-0    ] <= [6.106863021850586]
                T1:1              <= [6.106863]: 'OK'
                T1:1[    0-0    ] <= [6.106863021850586]
                T1:1              <= [4.0175953]: 'OK'
                T1:1[    0-0    ] <= [4.017595291137695]
                T1:1              <= [4.024999]: 'OK'
                T1:1[    0-0    ] <= [4.024999141693115]
                T1:1              <= [4.024999]: 'OK'
                T1:1[    0-0    ] <= [4.024999141693115]
                T1:1              <= [5.1027985]: 'OK'
                T1:1[    0-0    ] <= [5.1027984619140625]
                T1:1              <= [5.10897]: 'OK'
                T1:1[    0-0    ] <= [5.1089701652526855]
                T1:1              <= [5.10897]: 'OK'
                T1:1[    0-0    ] <= [5.1089701652526855]
                T1:1              <= [5.115128]: 'OK'
                T1:1[    0-0    ] <= [5.115128040313721]
                T1:1              <= [0.9842454]: 'OK'
                T1:1[    0-0    ] <= [0.9842454195022583]
                T1:1              <= [3.2376752]: 'OK'
                T1:1[    0-0    ] <= [3.237675189971924]
                T1:1              <= [3.2376752]: 'OK'
                T1:1[    0-0    ] <= [3.237675189971924]
                T1:1              <= [3.2307408]: 'OK'
                T1:1[    0-0    ] <= [3.230740785598755]
                T1:1              <= [6.500002]: 'OK'
                T1:1[    0-0    ] <= [6.500001907348633]
                T1:1[    0-0    ] <= [6.500001907348633]
                T1:1              <= [6.500002]: 'OK'
                T1:1              <= [6.500002]: 'OK'
                T1:1[    0-0    ] <= [6.500001907348633]
                T1:1[    0-0    ] <= [6.500001907348633]
                T1:1              <= [6.500002]: 'OK'
                T1:1              <= [6.500002]: 'OK'
                T1:1[    0-0    ] <= [6.500001907348633]
                T1:1              <= [6.500002]: 'OK'
                T1:1[    0-0    ] <= [6.500001907348633]
                T1:1              <= [-1.4892578e-06]: 'OK'
                T1:1[    0-0    ] <= [-1.4892577837599674e-06]
                T1:1              <= [-1.4892578e-06]: 'OK'
                T1:1[    0-0    ] <= [-1.4892577837599674e-06]
                T1:1              <= [-1.4892578e-06]: 'OK'
                T1:1[    0-0    ] <= [-1.4892577837599674e-06]
                T1:1              <= [5.8972168e-05]: 'OK'
                T1:1[    0-0    ] <= [5.89721676078625e-05]
                T1:1              <= [5.8972168e-05]: 'OK'
                T1:1[    0-0    ] <= [5.89721676078625e-05]
                T1:1              <= [1.9103981]: 'OK'
                T1:1[    0-0    ] <= [1.9103981256484985]
                T1:1              <= [6.500002]: 'OK'
                T1:1[    0-0    ] <= [6.500001907348633]
                T1:1              <= [5.328413]: 'OK'
                T1:1[    0-0    ] <= [5.328413009643555]
                T1:1              <= [4.106013]: 'OK'
                T1:1[    0-0    ] <= [4.10601282119751]
                T1:1              <= [0.77310944]: 'OK'
                T1:1[    0-0    ] <= [0.7731094360351562]
                T1:1              <= [0.77310944]: 'OK'
                T1:1[    0-0    ] <= [0.7731094360351562]
                T1:1              <= [5.2164617]: 'OK'
                T1:1[    0-0    ] <= [5.216461658477783]
                T1:1              <= [5.2164617]: 'OK'
                T1:1[    0-0    ] <= [5.216461658477783]
                T1:1              <= [5.2164617]: 'OK'
                T1:1[    0-0    ] <= [5.216461658477783]
                T1:1              <= [6.500002]: 'OK'
                T1:1[    0-0    ] <= [6.500001907348633]
                T1:1              <= [6.500002]: 'OK'
                T1:1[    0-0    ] <= [6.500001907348633]
                T1:1              <= [6.500002]: 'OK'
                T1:1[    0-0    ] <= [6.500001907348633]
                T1:1              <= [6.500002]: 'OK'
                T1:1[    0-0    ] <= [6.500001907348633]
                T1:1              <= [6.500002]: 'OK'
                T1:1[    0-0    ] <= [6.500001907348633]
                T1:1              <= [6.500002]: 'OK'
                T1:1[    0-0    ] <= [6.500001907348633]
                T1:1              <= [6.500002]: 'OK'
                T1:1[    0-0    ] <= [6.500001907348633]
                T1:1[    0-0    ] <= [-1.4892577837599674e-06]
                T1:1              <= [-1.4892578e-06]: 'OK'
                T1:1              <= [-1.4892578e-06]: 'OK'
                T1:1[    0-0    ] <= [-1.4892577837599674e-06]
                T1:1              <= [-1.4892578e-06]: 'OK'
                T1:1[    0-0    ] <= [-1.4892577837599674e-06]
                T1:1              <= [-1.4892578e-06]: 'OK'
                T1:1[    0-0    ] <= [-1.4892577837599674e-06]
                T1:1              <= [-1.4892578e-06]: 'OK'
                T1:1[    0-0    ] <= [-1.4892577837599674e-06]
                T1:1              <= [-1.4892578e-06]: 'OK'
                T1:1[    0-0    ] <= [-1.4892577837599674e-06]
                T1:1              <= [3.1066895e-05]: 'OK'
                T1:1[    0-0    ] <= [3.106689473497681e-05]
                T1:1              <= [5.5012674]: 'OK'
                T1:1[    0-0    ] <= [5.501267433166504]
                T1:1[    0-0    ] <= [4.179417610168457]
                T1:1              <= [4.1794176]: 'OK'
                T1:1              <= [4.2011795]: 'OK'
                T1:1[    0-0    ] <= [4.201179504394531]
                T1:1              <= [4.2087045]: 'OK'
                T1:1[    0-0    ] <= [4.208704471588135]
                T1:1              <= [4.2162666]: 'OK'
                T1:1[    0-0    ] <= [4.216266632080078]
                T1:1              <= [4.2162666]: 'OK'
                T1:1[    0-0    ] <= [4.216266632080078]
                T1:1              <= [6.500002]: 'OK'
                T1:1[    0-0    ] <= [6.500001907348633]
                T1:1              <= [6.500002]: 'OK'
                T1:1[    0-0    ] <= [6.500001907348633]
                T1:1              <= [6.500002]: 'OK'
                T1:1[    0-0    ] <= [6.500001907348633]
                T1:1              <= [6.500002]: 'OK'
                T1:1[    0-0    ] <= [6.500001907348633]
                T1:1              <= [6.500002]: 'OK'
                T1:1[    0-0    ] <= [6.500001907348633]
                T1:1              <= [6.500002]: 'OK'
                T1:1[    0-0    ] <= [6.500001907348633]
                T1:1              <= [6.500002]: 'OK'
                T1:1[    0-0    ] <= [6.500001907348633]
                T1:1              <= [6.500002]: 'OK'
                T1:1[    0-0    ] <= [6.500001907348633]
                T1:1              <= [5.8972168e-05]: 'OK'
                T1:1[    0-0    ] <= [5.89721676078625e-05]
                T1:1              <= [5.8972168e-05]: 'OK'
                T1:1[    0-0    ] <= [5.89721676078625e-05]
                T1:1              <= [5.8972168e-05]: 'OK'
                T1:1[    0-0    ] <= [5.89721676078625e-05]
                T1:1              <= [5.8972168e-05]: 'OK'
                T1:1[    0-0    ] <= [5.89721676078625e-05]
                T1:1              <= [5.8972168e-05]: 'OK'
                T1:1[    0-0    ] <= [5.89721676078625e-05]
                T1:1              <= [5.8972168e-05]: 'OK'
                T1:1[    0-0    ] <= [5.89721676078625e-05]
                T1:1              <= [5.8972168e-05]: 'OK'
                T1:1[    0-0    ] <= [5.89721676078625e-05]
                T1:1              <= [5.8972168e-05]: 'OK'
                T1:1[    0-0    ] <= [5.89721676078625e-05]
                T1:1              <= [4.3088703]: 'OK'
                T1:1[    0-0    ] <= [4.308870315551758]
                T1:1              <= [4.321423]: 'OK'
                T1:1[    0-0    ] <= [4.321423053741455]
                T1:1              <= [4.335278]: 'OK'
                T1:1[    0-0    ] <= [4.335278034210205]
                T1:1              <= [5.997344]: 'OK'
                T1:1[    0-0    ] <= [5.997344017028809]
                T1:1              <= [5.997344]: 'OK'
                T1:1[    0-0    ] <= [5.997344017028809]
                T1:1              <= [5.997344]: 'OK'
                T1:1[    0-0    ] <= [5.997344017028809]
                T1:1              <= [6.500002]: 'OK'
                T1:1[    0-0    ] <= [6.500001907348633]
                T1:1              <= [6.500002]: 'OK'
                T1:1[    0-0    ] <= [6.500001907348633]
                T1:1              <= [6.500002]: 'OK'
                T1:1[    0-0    ] <= [6.500001907348633]
                T1:1[    0-0    ] <= [1.7547751665115356]
                T1:1              <= [1.7547752]: 'OK'
                T1:1              <= [1.7547752]: 'OK'
                T1:1[    0-0    ] <= [1.7547751665115356]
                T1:1              <= [1.7547752]: 'OK'
                T1:1[    0-0    ] <= [1.7547751665115356]
                T1:1              <= [1.7547752]: 'OK'
                T1:1[    0-0    ] <= [1.7547751665115356]
                T1:1              <= [-1.4892578e-06]: 'OK'
                T1:1[    0-0    ] <= [-1.4892577837599674e-06]
                T1:1              <= [-1.4892578e-06]: 'OK'
                T1:1[    0-0    ] <= [-1.4892577837599674e-06]
                T1:1              <= [-1.4892578e-06]: 'OK'
                T1:1[    0-0    ] <= [-1.4892577837599674e-06]
                T1:1              <= [5.4774594]: 'OK'
                T1:1[    0-0    ] <= [5.47745943069458]
                T1:1[    0-0    ] <= [5.47745943069458]
                T1:1              <= [5.4774594]: 'OK'
                T1:1              <= [3.7687778]: 'OK'
                T1:1[    0-0    ] <= [3.768777847290039]
                T1:1              <= [3.7687778]: 'OK'
                T1:1[    0-0    ] <= [3.768777847290039]
                T1:1              <= [3.7687778]: 'OK'
                T1:1[    0-0    ] <= [3.768777847290039]
                T1:1              <= [6.500002]: 'OK'
                T1:1[    0-0    ] <= [6.500001907348633]
                T1:1              <= [6.500002]: 'OK'
                T1:1[    0-0    ] <= [6.500001907348633]
                T1:1              <= [6.500002]: 'OK'
                T1:1[    0-0    ] <= [6.500001907348633]
                T1:1              <= [6.500002]: 'OK'
                T1:1[    0-0    ] <= [6.500001907348633]
                T1:1              <= [6.500002]: 'OK'
                T1:1[    0-0    ] <= [6.500001907348633]
                T1:1              <= [3.1002464]: 'OK'
                T1:1[    0-0    ] <= [3.1002464294433594]
                T1:1              <= [3.1002464]: 'OK'
                T1:1[    0-0    ] <= [3.1002464294433594]
                T1:1              <= [-1.4892578e-06]: 'OK'
                T1:1[    0-0    ] <= [-1.4892577837599674e-06]
                T1:1              <= [-1.4892578e-06]: 'OK'
                T1:1[    0-0    ] <= [-1.4892577837599674e-06]
                T1:1              <= [-1.4892578e-06]: 'OK'
                T1:1[    0-0    ] <= [-1.4892577837599674e-06]
                T1:1              <= [-1.4892578e-06]: 'OK'
                T1:1[    0-0    ] <= [-1.4892577837599674e-06]
                T1:1              <= [-1.4892578e-06]: 'OK'
                T1:1[    0-0    ] <= [-1.4892577837599674e-06]
                T1:1              <= [-1.4892578e-06]: 'OK'
                T1:1[    0-0    ] <= [-1.4892577837599674e-06]
                T1:1              <= [3.823537]: 'OK'
                T1:1[    0-0    ] <= [3.8235371112823486]
                T1:1              <= [3.823537]: 'OK'
                T1:1[    0-0    ] <= [3.8235371112823486]
                T1:1              <= [3.823537]: 'OK'
                T1:1[    0-0    ] <= [3.8235371112823486]
                T1:1              <= [6.1944065]: 'OK'
                T1:1[    0-0    ] <= [6.194406509399414]
                T1:1              <= [6.1944065]: 'OK'
                T1:1[    0-0    ] <= [6.194406509399414]
                T1:1              <= [6.220498]: 'OK'
                T1:1[    0-0    ] <= [6.220498085021973]
                T1:1              <= [6.220498]: 'OK'
                T1:1[    0-0    ] <= [6.220498085021973]
                T1:1              <= [6.220498]: 'OK'
                T1:1[    0-0    ] <= [6.220498085021973]
                T1:1              <= [6.500002]: 'OK'
                T1:1[    0-0    ] <= [6.500001907348633]
                T1:1              <= [6.500002]: 'OK'
                T1:1[    0-0    ] <= [6.500001907348633]
                T1:1              <= [6.500002]: 'OK'
                T1:1[    0-0    ] <= [6.500001907348633]
                T1:1              <= [6.500002]: 'OK'
                T1:1[    0-0    ] <= [6.500001907348633]
                T1:1              <= [6.500002]: 'OK'
                T1:1[    0-0    ] <= [6.500001907348633]
                T1:1              <= [3.0962281]: 'OK'
                T1:1[    0-0    ] <= [3.0962281227111816]
                T1:1              <= [3.0962281]: 'OK'
                T1:1[    0-0    ] <= [3.0962281227111816]
                T1:1              <= [3.0962281]: 'OK'
                T1:1[    0-0    ] <= [3.0962281227111816]
                T1:1              <= [3.0962281]: 'OK'
                T1:1[    0-0    ] <= [3.0962281227111816]
                T1:1              <= [-1.4892578e-06]: 'OK'
                T1:1[    0-0    ] <= [-1.4892577837599674e-06]
                T1:1[    0-0    ] <= [-1.4892577837599674e-06]
                T1:1              <= [-1.4892578e-06]: 'OK'
                T1:1              <= [-1.4892578e-06]: 'OK'
                T1:1[    0-0    ] <= [-1.4892577837599674e-06]
                T1:1              <= [-1.4892578e-06]: 'OK'
                T1:1[    0-0    ] <= [-1.4892577837599674e-06]
                T1:1              <= [-1.4892578e-06]: 'OK'
                T1:1[    0-0    ] <= [-1.4892577837599674e-06]
                T1:1              <= [-1.4892578e-06]: 'OK'
                T1:1[    0-0    ] <= [-1.4892577837599674e-06]
                T1:1              <= [-1.4892578e-06]: 'OK'
                T1:1[    0-0    ] <= [-1.4892577837599674e-06]
                T1:1              <= [5.6508536]: 'OK'
                T1:1[    0-0    ] <= [5.650853633880615]
                T1:1              <= [5.6508536]: 'OK'
                T1:1[    0-0    ] <= [5.650853633880615]
                T1:1              <= [4.8289456]: 'OK'
                T1:1[    0-0    ] <= [4.828945636749268]
                T1:1              <= [4.8289456]: 'OK'
                T1:1[    0-0    ] <= [4.828945636749268]
                T1:1              <= [6.500002]: 'OK'
                T1:1[    0-0    ] <= [6.500001907348633]
                T1:1              <= [6.500002]: 'OK'
                T1:1[    0-0    ] <= [6.500001907348633]
                T1:1              <= [3.1051857]: 'OK'
                T1:1[    0-0    ] <= [3.1051857471466064]
                T1:1              <= [3.1051857]: 'OK'
                T1:1[    0-0    ] <= [3.1051857471466064]
                T1:1              <= [3.1051857]: 'OK'
                T1:1[    0-0    ] <= [3.1051857471466064]
                T1:1              <= [6.500002]: 'OK'
                T1:1[    0-0    ] <= [6.500001907348633]
                T1:1              <= [6.500002]: 'OK'
                T1:1[    0-0    ] <= [6.500001907348633]
                T1:1              <= [6.500002]: 'OK'
                T1:1[    0-0    ] <= [6.500001907348633]
                T1:1              <= [6.500002]: 'OK'
                T1:1[    0-0    ] <= [6.500001907348633]
                T1:1              <= [-1.4892578e-06]: 'OK'
                T1:1[    0-0    ] <= [-1.4892577837599674e-06]
                T1:1              <= [-1.4892578e-06]: 'OK'
                T1:1[    0-0    ] <= [-1.4892577837599674e-06]
                T1:1              <= [-1.4892578e-06]: 'OK'
                T1:1[    0-0    ] <= [-1.4892577837599674e-06]
                T1:1              <= [6.500002]: 'OK'
                T1:1[    0-0    ] <= [6.500001907348633]
                T1:1              <= [6.500002]: 'OK'
                T1:1[    0-0    ] <= [6.500001907348633]
                T1:1              <= [6.500002]: 'OK'
                T1:1[    0-0    ] <= [6.500001907348633]
                T1:1              <= [6.500002]: 'OK'
                T1:1[    0-0    ] <= [6.500001907348633]
                T1:1              <= [-1.4892578e-06]: 'OK'
                T1:1[    0-0    ] <= [-1.4892577837599674e-06]
                T1:1              <= [5.029789]: 'OK'
                T1:1[    0-0    ] <= [5.029788970947266]
                T1:1              <= [6.500002]: 'OK'
                T1:1[    0-0    ] <= [6.500001907348633]
                T1:1              <= [6.500002]: 'OK'
                T1:1[    0-0    ] <= [6.500001907348633]
                T1:1              <= [6.500002]: 'OK'
                T1:1[    0-0    ] <= [6.500001907348633]
                T1:1              <= [6.500002]: 'OK'
                T1:1[    0-0    ] <= [6.500001907348633]
                T1:1              <= [6.500002]: 'OK'
                T1:1[    0-0    ] <= [6.500001907348633]
                T1:1              <= [-1.4892578e-06]: 'OK'
                T1:1[    0-0    ] <= [-1.4892577837599674e-06]
                T1:1              <= [-1.4892578e-06]: 'OK'
                T1:1[    0-0    ] <= [-1.4892577837599674e-06]
                T1:1              <= [-1.4892578e-06]: 'OK'
                T1:1[    0-0    ] <= [-1.4892577837599674e-06]
                T1:1              <= [-1.4892578e-06]: 'OK'
                T1:1[    0-0    ] <= [-1.4892577837599674e-06]
                T1:1[    0-0    ] <= [7.812500371073838e-06]
                T1:1              <= [7.8125e-06]: 'OK'
                T1:1              <= [7.8125e-06]: 'OK'
                T1:1[    0-0    ] <= [7.812500371073838e-06]
                T1:1              <= [7.8125e-06]: 'OK'
                T1:1[    0-0    ] <= [7.812500371073838e-06]
                T1:1              <= [7.8125e-06]: 'OK'
                T1:1[    0-0    ] <= [7.812500371073838e-06]
                T1:1              <= [7.8125e-06]: 'OK'
                T1:1[    0-0    ] <= [7.812500371073838e-06]
                T1:1              <= [-1.4892578e-06]: 'OK'
                T1:1[    0-0    ] <= [-1.4892577837599674e-06]
                T1:1              <= [5.1911793]: 'OK'
                T1:1[    0-0    ] <= [5.191179275512695]
                T1:1              <= [5.2555566]: 'OK'
                T1:1[    0-0    ] <= [5.255556583404541]
                T1:1              <= [5.2877083]: 'OK'
                T1:1[    0-0    ] <= [5.287708282470703]
                T1:1[    0-0    ] <= [5.287708282470703]
                T1:1              <= [5.2877083]: 'OK'
                T1:1              <= [1.7559471]: 'OK'
                T1:1[    0-0    ] <= [1.7559471130371094]
                T1:1              <= [1.7559471]: 'OK'
                T1:1[    0-0    ] <= [1.7559471130371094]
                T1:1              <= [1.7559471]: 'OK'
                T1:1[    0-0    ] <= [1.7559471130371094]
                T1:1              <= [1.7559471]: 'OK'
                T1:1[    0-0    ] <= [1.7559471130371094]
                T1:1              <= [6.500002]: 'OK'
                T1:1[    0-0    ] <= [6.500001907348633]
                T1:1              <= [6.500002]: 'OK'
                T1:1[    0-0    ] <= [6.500001907348633]
                T1:1              <= [6.500002]: 'OK'
                T1:1[    0-0    ] <= [6.500001907348633]
                T1:1[    0-0    ] <= [6.500001907348633]
                T1:1              <= [6.500002]: 'OK'
                T1:1[    0-0    ] <= [6.500001907348633]
                T1:1              <= [6.500002]: 'OK'
                T1:1              <= [6.500002]: 'OK'
                T1:1[    0-0    ] <= [6.500001907348633]
                T1:1              <= [6.500002]: 'OK'
                T1:1[    0-0    ] <= [6.500001907348633]
                T1:1              <= [6.500002]: 'OK'
                T1:1[    0-0    ] <= [6.500001907348633]
                T1:1              <= [6.500002]: 'OK'
                T1:1[    0-0    ] <= [6.500001907348633]
                T1:1              <= [6.500002]: 'OK'
                T1:1[    0-0    ] <= [6.500001907348633]
                T1:1              <= [6.500002]: 'OK'
                T1:1[    0-0    ] <= [6.500001907348633]
                T1:1              <= [-1.4892578e-06]: 'OK'
                T1:1[    0-0    ] <= [-1.4892577837599674e-06]
                T1:1              <= [-1.4892578e-06]: 'OK'
                T1:1[    0-0    ] <= [-1.4892577837599674e-06]
                T1:1              <= [-1.4892578e-06]: 'OK'
                T1:1[    0-0    ] <= [-1.4892577837599674e-06]
                T1:1              <= [-1.4892578e-06]: 'OK'
                T1:1[    0-0    ] <= [-1.4892577837599674e-06]
                T1:1              <= [-1.4892578e-06]: 'OK'
                T1:1[    0-0    ] <= [-1.4892577837599674e-06]
                T1:1              <= [-1.4892578e-06]: 'OK'
                T1:1[    0-0    ] <= [-1.4892577837599674e-06]
                T1:1              <= [-1.4892578e-06]: 'OK'
                T1:1[    0-0    ] <= [-1.4892577837599674e-06]
                T1:1              <= [-1.4892578e-06]: 'OK'
                T1:1[    0-0    ] <= [-1.4892577837599674e-06]
                T1:1              <= [-1.4892578e-06]: 'OK'
                T1:1[    0-0    ] <= [-1.4892577837599674e-06]
                T1:1              <= [-1.4892578e-06]: 'OK'
                T1:1[    0-0    ] <= [-1.4892577837599674e-06]
                T1:1              <= [5.5463624]: 'OK'
                T1:1[    0-0    ] <= [5.546362400054932]
                T1:1              <= [5.578579]: 'OK'
                T1:1[    0-0    ] <= [5.578578948974609]
                T1:1              <= [5.6429377]: 'OK'
                T1:1[    0-0    ] <= [5.642937660217285]
                T1:1              <= [0.30340326]: 'OK'
                T1:1[    0-0    ] <= [0.30340325832366943]
                T1:1              <= [0.30340326]: 'OK'
                T1:1[    0-0    ] <= [0.30340325832366943]
                T1:1              <= [0.30340326]: 'OK'
                T1:1[    0-0    ] <= [0.30340325832366943]
                T1:1              <= [0.30340326]: 'OK'
                T1:1[    0-0    ] <= [0.30340325832366943]
                T1:1              <= [6.500002]: 'OK'
                T1:1[    0-0    ] <= [6.500001907348633]
                T1:1              <= [6.500002]: 'OK'
                T1:1[    0-0    ] <= [6.500001907348633]
                T1:1              <= [6.500002]: 'OK'
                T1:1[    0-0    ] <= [6.500001907348633]
                T1:1              <= [6.500002]: 'OK'
                T1:1[    0-0    ] <= [6.500001907348633]
                T1:1              <= [6.500002]: 'OK'
                T1:1[    0-0    ] <= [6.500001907348633]
                T1:1              <= [6.500002]: 'OK'
                T1:1[    0-0    ] <= [6.500001907348633]
                T1:1              <= [6.500002]: 'OK'
                T1:1[    0-0    ] <= [6.500001907348633]
                T1:1              <= [6.500002]: 'OK'
                T1:1[    0-0    ] <= [6.500001907348633]
                T1:1              <= [6.500002]: 'OK'
                T1:1[    0-0    ] <= [6.500001907348633]
                T1:1              <= [6.500002]: 'OK'
                T1:1[    0-0    ] <= [6.500001907348633]
                T1:1              <= [6.500002]: 'OK'
                T1:1[    0-0    ] <= [6.500001907348633]
                T1:1              <= [6.500002]: 'OK'
                T1:1[    0-0    ] <= [6.500001907348633]
                T1:1              <= [6.500002]: 'OK'
                T1:1[    0-0    ] <= [6.500001907348633]
                T1:1              <= [5.8972168e-05]: 'OK'
                T1:1[    0-0    ] <= [5.89721676078625e-05]
                T1:1              <= [5.8972168e-05]: 'OK'
                T1:1[    0-0    ] <= [5.89721676078625e-05]
                T1:1              <= [5.8972168e-05]: 'OK'
                T1:1[    0-0    ] <= [5.89721676078625e-05]
                T1:1              <= [5.8972168e-05]: 'OK'
                T1:1[    0-0    ] <= [5.89721676078625e-05]
                T1:1              <= [5.8972168e-05]: 'OK'
                T1:1[    0-0    ] <= [5.89721676078625e-05]
                T1:1              <= [5.8972168e-05]: 'OK'
                T1:1[    0-0    ] <= [5.89721676078625e-05]
                T1:1              <= [3.1066895e-05]: 'OK'
                T1:1[    0-0    ] <= [3.106689473497681e-05]
                T1:1              <= [5.855753]: 'OK'
                T1:1[    0-0    ] <= [5.855752944946289]
                T1:1[    0-0    ] <= [5.915786266326904]
                T1:1              <= [5.9157863]: 'OK'
                T1:1[    0-0    ] <= [5.945770263671875]
                T1:1              <= [5.9457703]: 'OK'
                T1:1              <= [5.9457703]: 'OK'
                T1:1[    0-0    ] <= [5.945770263671875]
                T1:1              <= [5.9457703]: 'OK'
                T1:1[    0-0    ] <= [5.945770263671875]
                T1:1              <= [6.2941866]: 'OK'
                T1:1[    0-0    ] <= [6.294186592102051]
                T1:1[    0-0    ] <= [6.294186592102051]
                T1:1              <= [6.2941866]: 'OK'
                T1:1              <= [6.2941866]: 'OK'
                T1:1[    0-0    ] <= [6.294186592102051]
                T1:1              <= [6.2941866]: 'OK'
                T1:1[    0-0    ] <= [6.294186592102051]
                T1:1              <= [6.500002]: 'OK'
                T1:1[    0-0    ] <= [6.500001907348633]
                T1:1              <= [6.500002]: 'OK'
                T1:1[    0-0    ] <= [6.500001907348633]
                T1:1              <= [3.6108432]: 'OK'
                T1:1[    0-0    ] <= [3.6108431816101074]
                T1:1              <= [1.7495242]: 'OK'
                T1:1[    0-0    ] <= [1.7495242357254028]
                T1:1              <= [1.7495242]: 'OK'
                T1:1[    0-0    ] <= [1.7495242357254028]
                T1:1              <= [1.7495242]: 'OK'
                T1:1[    0-0    ] <= [1.7495242357254028]
                T1:1              <= [1.7495242]: 'OK'
                T1:1[    0-0    ] <= [1.7495242357254028]
                T1:1              <= [1.7495242]: 'OK'
                T1:1[    0-0    ] <= [1.7495242357254028]
                T1:1              <= [1.7495242]: 'OK'
                T1:1[    0-0    ] <= [1.7495242357254028]
                T1:1[    0-0    ] <= [1.7495242357254028]
                T1:1              <= [1.7495242]: 'OK'
                T1:1              <= [-1.4892578e-06]: 'OK'
                T1:1[    0-0    ] <= [-1.4892577837599674e-06]
                T1:1              <= [-1.4892578e-06]: 'OK'
                T1:1[    0-0    ] <= [-1.4892577837599674e-06]
                T1:1              <= [-1.4892578e-06]: 'OK'
                T1:1[    0-0    ] <= [-1.4892577837599674e-06]
                T1:1              <= [-1.4892578e-06]: 'OK'
                T1:1[    0-0    ] <= [-1.4892577837599674e-06]
                T1:1              <= [6.500002]: 'OK'
                T1:1[    0-0    ] <= [6.500001907348633]
                T1:1              <= [6.500002]: 'OK'
                T1:1[    0-0    ] <= [6.500001907348633]
                T1:1              <= [6.500002]: 'OK'
                T1:1[    0-0    ] <= [6.500001907348633]
                T1:1              <= [1.5784324]: 'OK'
                T1:1[    0-0    ] <= [1.5784324407577515]
                T1:1              <= [1.5784324]: 'OK'
                T1:1[    0-0    ] <= [1.5784324407577515]
                T1:1              <= [1.5784324]: 'OK'
                T1:1[    0-0    ] <= [1.5784324407577515]
                T1:1              <= [6.500002]: 'OK'
                T1:1[    0-0    ] <= [6.500001907348633]
                T1:1              <= [6.500002]: 'OK'
                T1:1[    0-0    ] <= [6.500001907348633]
                T1:1              <= [6.500002]: 'OK'
                T1:1[    0-0    ] <= [6.500001907348633]
                T1:1              <= [6.500002]: 'OK'
                T1:1[    0-0    ] <= [6.500001907348633]
                T1:1[    0-0    ] <= [0.23192854225635529]
                T1:1              <= [0.23192854]: 'OK'
                T1:1              <= [0.23192854]: 'OK'
                T1:1[    0-0    ] <= [0.23192854225635529]
                T1:1              <= [0.23192854]: 'OK'
                T1:1[    0-0    ] <= [0.23192854225635529]
                T1:1              <= [0.23192854]: 'OK'
                T1:1[    0-0    ] <= [0.23192854225635529]
                T1:1              <= [6.500002]: 'OK'
                T1:1[    0-0    ] <= [6.500001907348633]
                T1:1              <= [6.500002]: 'OK'
                T1:1[    0-0    ] <= [6.500001907348633]
                T1:1[    0-0    ] <= [6.500001907348633]
                T1:1              <= [6.500002]: 'OK'
                T1:1              <= [6.500002]: 'OK'
                T1:1[    0-0    ] <= [6.500001907348633]
                T1:1[    0-0    ] <= [6.500001907348633]
                T1:1              <= [6.500002]: 'OK'
                T1:1              <= [-1.4892578e-06]: 'OK'
                T1:1[    0-0    ] <= [-1.4892577837599674e-06]
                T1:1              <= [6.308716]: 'OK'
                T1:1[    0-0    ] <= [6.3087158203125]
                T1:1              <= [6.308716]: 'OK'
                T1:1[    0-0    ] <= [6.3087158203125]
                T1:1              <= [6.308716]: 'OK'
                T1:1[    0-0    ] <= [6.3087158203125]
                T1:1              <= [6.308716]: 'OK'
                T1:1[    0-0    ] <= [6.3087158203125]
                T1:1              <= [6.308716]: 'OK'
                T1:1[    0-0    ] <= [6.3087158203125]
                T1:1              <= [6.308716]: 'OK'
                T1:1[    0-0    ] <= [6.3087158203125]
                T1:1              <= [-1.4892578e-06]: 'OK'
                T1:1[    0-0    ] <= [-1.4892577837599674e-06]
                T1:1              <= [-1.4892578e-06]: 'OK'
                T1:1[    0-0    ] <= [-1.4892577837599674e-06]
                T1:1              <= [-1.4892578e-06]: 'OK'
                T1:1[    0-0    ] <= [-1.4892577837599674e-06]
                T1:1              <= [-1.4892578e-06]: 'OK'
                T1:1[    0-0    ] <= [-1.4892577837599674e-06]
                T1:1              <= [6.500002]: 'OK'
                T1:1[    0-0    ] <= [6.500001907348633]
                T1:1              <= [6.500002]: 'OK'
                T1:1[    0-0    ] <= [6.500001907348633]
                T1:1              <= [6.500002]: 'OK'
                T1:1[    0-0    ] <= [6.500001907348633]
                T1:1              <= [6.500002]: 'OK'
                T1:1[    0-0    ] <= [6.500001907348633]
                T1:1              <= [6.500002]: 'OK'
                T1:1[    0-0    ] <= [6.500001907348633]
                T1:1              <= [7.2924806e-05]: 'OK'
                T1:1[    0-0    ] <= [7.292480586329475e-05]
                T1:1              <= [6.384995]: 'OK'
                T1:1[    0-0    ] <= [6.384994983673096]
                T1:1              <= [6.3959336]: 'OK'
                T1:1[    0-0    ] <= [6.395933628082275]
                T1:1[    0-0    ] <= [6.395933628082275]
                T1:1              <= [6.3959336]: 'OK'
                T1:1              <= [6.3959336]: 'OK'
                T1:1[    0-0    ] <= [6.395933628082275]
                T1:1              <= [6.3959336]: 'OK'
                T1:1[    0-0    ] <= [6.395933628082275]
                T1:1              <= [6.3959336]: 'OK'
                T1:1[    0-0    ] <= [6.395933628082275]
                T1:1              <= [6.3959336]: 'OK'
                T1:1[    0-0    ] <= [6.395933628082275]
                T1:1              <= [-1.4892578e-06]: 'OK'
                T1:1[    0-0    ] <= [-1.4892577837599674e-06]
                T1:1              <= [-1.4892578e-06]: 'OK'
                T1:1[    0-0    ] <= [-1.4892577837599674e-06]
                T1:1              <= [-1.4892578e-06]: 'OK'
                T1:1[    0-0    ] <= [-1.4892577837599674e-06]
                T1:1              <= [-1.4892578e-06]: 'OK'
                T1:1[    0-0    ] <= [-1.4892577837599674e-06]
                T1:1              <= [0.010309509]: 'OK'
                T1:1[    0-0    ] <= [0.010309509001672268]
                T1:1              <= [0.010309509]: 'OK'
                T1:1[    0-0    ] <= [0.010309509001672268]
                T1:1              <= [0.010309509]: 'OK'
                T1:1[    0-0    ] <= [0.010309509001672268]
                T1:1              <= [0.010309509]: 'OK'
                T1:1[    0-0    ] <= [0.010309509001672268]
                T1:1              <= [0.010309509]: 'OK'
                T1:1[    0-0    ] <= [0.010309509001672268]
                T1:1              <= [7.2924806e-05]: 'OK'
                T1:1[    0-0    ] <= [7.292480586329475e-05]
                T1:1              <= [6.439605]: 'OK'
                T1:1[    0-0    ] <= [6.439605236053467]
                T1:1              <= [6.4505024]: 'OK'
                T1:1[    0-0    ] <= [6.450502395629883]
                T1:1              <= [6.4613857]: 'OK'
                T1:1[    0-0    ] <= [6.461385726928711]
                T1:1              <= [6.472264]: 'OK'
                T1:1[    0-0    ] <= [6.472263813018799]
                T1:1              <= [6.472264]: 'OK'
                T1:1[    0-0    ] <= [6.472263813018799]
                T1:1              <= [6.472264]: 'OK'
                T1:1[    0-0    ] <= [6.472263813018799]
                T1:1              <= [6.472264]: 'OK'
                T1:1[    0-0    ] <= [6.472263813018799]
                T1:1              <= [6.472264]: 'OK'
                T1:1[    0-0    ] <= [6.472263813018799]
                T1:1              <= [6.472264]: 'OK'
                T1:1[    0-0    ] <= [6.472263813018799]
                T1:1              <= [6.472264]: 'OK'
                T1:1[    0-0    ] <= [6.472263813018799]
                T1:1              <= [3.1066895e-05]: 'OK'
                T1:1[    0-0    ] <= [3.106689473497681e-05]
                T1:1[    0-0    ] <= [3.106689473497681e-05]
                T1:1              <= [3.1066895e-05]: 'OK'
                T1:1              <= [3.1066895e-05]: 'OK'
                T1:1[    0-0    ] <= [3.106689473497681e-05]
                T1:1              <= [3.1066895e-05]: 'OK'
                T1:1[    0-0    ] <= [3.106689473497681e-05]
                T1:1              <= [3.1066895e-05]: 'OK'
                T1:1[    0-0    ] <= [3.106689473497681e-05]
                T1:1              <= [1.2463379e-05]: 'OK'
                T1:1[    0-0    ] <= [1.2463378880056553e-05]
                T1:1              <= [6.49017]: 'OK'
                T1:1[    0-0    ] <= [6.490170001983643]
                T1:1              <= [6.4909744]: 'OK'
                T1:1[    0-0    ] <= [6.490974426269531]
                T1:1              <= [6.491779]: 'OK'
                T1:1[    0-0    ] <= [6.49177885055542]
                T1:1              <= [6.4925838]: 'OK'
                T1:1[    0-0    ] <= [6.492583751678467]
                T1:1              <= [6.4925838]: 'OK'
                T1:1[    0-0    ] <= [6.492583751678467]
                T1:1              <= [6.4925838]: 'OK'
                T1:1[    0-0    ] <= [6.492583751678467]
                T1:1              <= [6.4925838]: 'OK'
                T1:1[    0-0    ] <= [6.492583751678467]
                T1:1              <= [6.4925838]: 'OK'
                T1:1[    0-0    ] <= [6.492583751678467]
                T1:1              <= [6.4925838]: 'OK'
                T1:1[    0-0    ] <= [6.492583751678467]
                T1:1[    0-0    ] <= [7.292480586329475e-05]
                T1:1              <= [7.2924806e-05]: 'OK'
                T1:1              <= [7.2924806e-05]: 'OK'
                T1:1[    0-0    ] <= [7.292480586329475e-05]
                T1:1              <= [7.2924806e-05]: 'OK'
                T1:1[    0-0    ] <= [7.292480586329475e-05]
                T1:1              <= [7.2924806e-05]: 'OK'
                T1:1[    0-0    ] <= [7.292480586329475e-05]
                T1:1              <= [7.2924806e-05]: 'OK'
                T1:1[    0-0    ] <= [7.292480586329475e-05]
                T1:1              <= [1.2463379e-05]: 'OK'
                T1:1[    0-0    ] <= [1.2463378880056553e-05]
                T1:1              <= [1.2463379e-05]: 'OK'
                T1:1[    0-0    ] <= [1.2463378880056553e-05]
                T1:1              <= [1.2463379e-05]: 'OK'
                T1:1[    0-0    ] <= [1.2463378880056553e-05]
                T1:1              <= [1.2463379e-05]: 'OK'
                T1:1[    0-0    ] <= [1.2463378880056553e-05]
                T1:1              <= [1.2463379e-05]: 'OK'
                T1:1[    0-0    ] <= [1.2463378880056553e-05]
                T1:1              <= [1.2463379e-05]: 'OK'
                T1:1[    0-0    ] <= [1.2463378880056553e-05]
                T1:1              <= [-1.4892578e-06]: 'OK'
                T1:1[    0-0    ] <= [-1.4892577837599674e-06]
                T1:1              <= [6.500002]: 'OK'
                T1:1[    0-0    ] <= [6.500001907348633]
                T1:1              <= [6.500002]: 'OK'
                T1:1[    0-0    ] <= [6.500001907348633]
                T1:1              <= [6.500002]: 'OK'
                T1:1[    0-0    ] <= [6.500001907348633]
                T1:1              <= [6.500002]: 'OK'
                T1:1[    0-0    ] <= [6.500001907348633]
                T1:1              <= [6.500002]: 'OK'
                T1:1[    0-0    ] <= [6.500001907348633]
                T1:1[    0-0    ] <= [6.500001907348633]
                T1:1              <= [6.500002]: 'OK'
                T1:1              <= [6.500002]: 'OK'
                T1:1[    0-0    ] <= [6.500001907348633]
                T1:1              <= [6.500002]: 'OK'
                T1:1[    0-0    ] <= [6.500001907348633]
                T1:1              <= [6.500002]: 'OK'
                T1:1[    0-0    ] <= [6.500001907348633]
                T1:1              <= [1.2463379e-05]: 'OK'
                T1:1[    0-0    ] <= [1.2463378880056553e-05]
                T1:1              <= [1.2463379e-05]: 'OK'
                T1:1[    0-0    ] <= [1.2463378880056553e-05]
                T1:1              <= [1.2463379e-05]: 'OK'
                T1:1[    0-0    ] <= [1.2463378880056553e-05]
                T1:1              <= [1.2463379e-05]: 'OK'
                T1:1[    0-0    ] <= [1.2463378880056553e-05]
                T1:1              <= [1.2463379e-05]: 'OK'
                T1:1[    0-0    ] <= [1.2463378880056553e-05]
                T1:1              <= [1.2463379e-05]: 'OK'
                T1:1[    0-0    ] <= [1.2463378880056553e-05]
                T1:1              <= [1.2463379e-05]: 'OK'
                T1:1[    0-0    ] <= [1.2463378880056553e-05]
                T1:1              <= [7.8125e-06]: 'OK'
                T1:1[    0-0    ] <= [7.812500371073838e-06]
                T1:1              <= [7.8125e-06]: 'OK'
                T1:1[    0-0    ] <= [7.812500371073838e-06]
                T1:1              <= [7.8125e-06]: 'OK'
                T1:1[    0-0    ] <= [7.812500371073838e-06]
                T1:1              <= [7.8125e-06]: 'OK'
                T1:1[    0-0    ] <= [7.812500371073838e-06]
                T1:1              <= [7.8125e-06]: 'OK'
                T1:1[    0-0    ] <= [7.812500371073838e-06]
                T1:1              <= [-1.4892578e-06]: 'OK'
                T1:1[    0-0    ] <= [-1.4892577837599674e-06]
                T1:1              <= [6.4955134]: 'OK'
                T1:1[    0-0    ] <= [6.495513439178467]
                T1:1              <= [6.494021]: 'OK'
                T1:1[    0-0    ] <= [6.494020938873291]
                T1:1              <= [6.492528]: 'OK'
                T1:1[    0-0    ] <= [6.492527961730957]
                T1:1              <= [6.491035]: 'OK'
                T1:1[    0-0    ] <= [6.491034984588623]
                T1:1              <= [6.491035]: 'OK'
                T1:1[    0-0    ] <= [6.491034984588623]
                T1:1              <= [6.491035]: 'OK'
                T1:1[    0-0    ] <= [6.491034984588623]
                T1:1              <= [6.491035]: 'OK'
                T1:1[    0-0    ] <= [6.491034984588623]
                T1:1              <= [6.491035]: 'OK'
                T1:1[    0-0    ] <= [6.491034984588623]
                T1:1              <= [6.491035]: 'OK'
                T1:1[    0-0    ] <= [6.491034984588623]
                T1:1              <= [-1.4892578e-06]: 'OK'
                T1:1[    0-0    ] <= [-1.4892577837599674e-06]
                T1:1              <= [-1.4892578e-06]: 'OK'
                T1:1[    0-0    ] <= [-1.4892577837599674e-06]
                T1:1              <= [-1.4892578e-06]: 'OK'
                T1:1[    0-0    ] <= [-1.4892577837599674e-06]
                T1:1              <= [-1.4892578e-06]: 'OK'
                T1:1[    0-0    ] <= [-1.4892577837599674e-06]
                T1:1              <= [-1.4892578e-06]: 'OK'
                T1:1[    0-0    ] <= [-1.4892577837599674e-06]
                T1:1              <= [1.2463379e-05]: 'OK'
                T1:1[    0-0    ] <= [1.2463378880056553e-05]
                T1:1              <= [1.2463379e-05]: 'OK'
                T1:1[    0-0    ] <= [1.2463378880056553e-05]
                T1:1              <= [1.2463379e-05]: 'OK'
                T1:1[    0-0    ] <= [1.2463378880056553e-05]
                T1:1              <= [1.2463379e-05]: 'OK'
                T1:1[    0-0    ] <= [1.2463378880056553e-05]
                T1:1              <= [1.2463379e-05]: 'OK'
                T1:1[    0-0    ] <= [1.2463378880056553e-05]
                T1:1              <= [1.2463379e-05]: 'OK'
                T1:1[    0-0    ] <= [1.2463378880056553e-05]
                T1:1              <= [7.2924806e-05]: 'OK'
                T1:1[    0-0    ] <= [7.292480586329475e-05]
                T1:1              <= [6.4850864]: 'OK'
                T1:1[    0-0    ] <= [6.485086441040039]
                T1:1              <= [6.4836025]: 'OK'
                T1:1[    0-0    ] <= [6.483602523803711]
                T1:1              <= [6.482119]: 'OK'
                T1:1[    0-0    ] <= [6.482119083404541]
                T1:1              <= [6.4726033]: 'OK'
                T1:1[    0-0    ] <= [6.4726033210754395]
                T1:1              <= [6.4726033]: 'OK'
                T1:1[    0-0    ] <= [6.4726033210754395]
DEBUG get_query: SELECT value FROM ctown WHERE name = ? AND pid = ?
DEBUG set_query: UPDATE ctown SET value = ? WHERE name = ? AND pid = ?
DEBUG EnipProtocol server addr:  192.168.1.1
DEBUG: concatenating server address with default port.
DEBUG enip server tags_string:  T1:1=REAL CONTROL:1=REAL 
DEBUG enip _start_server cmd:  ['/usr/bin/python', '-m', 'cpppo.server.enip', '--print', '--log', 'logs/protocols_tests_enip_server', '--address', '192.168.1.1:44818', 'T1:1=REAL', 'CONTROL:1=REAL']
DEBUG: plc2 enters pre_loop
DEBUG plc shutdown
IF WE PRINT THIS, IT MEANS THE GENERIC PLC CODE WORKS! YASSSS!!!
                T1:1              <= [6.4726033]: 'OK'
                T1:1[    0-0    ] <= [6.4726033210754395]
plc2
Stopping Tcp dump process on PLC...
Stopping PLC...
