                T3:1              <= [3.0]: 'OK'
                T3:1[    0-0    ] <= [3.0]
                T3:1              <= [3.0]: 'OK'
                T3:1[    0-0    ] <= [3.0]
                T3:1              <= [3.0]: 'OK'
                T3:1[    0-0    ] <= [3.0]
                T3:1              <= [3.0]: 'OK'
                T3:1[    0-0    ] <= [3.0]
                T3:1              <= [3.0]: 'OK'
                T3:1[    0-0    ] <= [3.0]
                T3:1              <= [3.0]: 'OK'
                T3:1[    0-0    ] <= [3.0]
                T3:1              <= [3.0]: 'OK'
                T3:1[    0-0    ] <= [3.0]
                T3:1              <= [3.0]: 'OK'
                T3:1[    0-0    ] <= [3.0]
                T3:1              <= [3.0]: 'OK'
                T3:1[    0-0    ] <= [3.0]
                T3:1[    0-0    ] <= [3.0]
                T3:1              <= [3.0]: 'OK'
                T3:1              <= [2.08167]: 'OK'
                T3:1[    0-0    ] <= [2.081670045852661]
                T3:1              <= [2.0252643]: 'OK'
                T3:1[    0-0    ] <= [2.025264263153076]
                T3:1              <= [1.9688677]: 'OK'
                T3:1[    0-0    ] <= [1.9688676595687866]
                T3:1              <= [2.3811028]: 'OK'
                T3:1[    0-0    ] <= [2.3811028003692627]
                T3:1              <= [2.4578702]: 'OK'
                T3:1[    0-0    ] <= [2.4578702449798584]
                T3:1[    0-0    ] <= [2.496128559112549]
                T3:1              <= [2.4961286]: 'OK'
                T3:1              <= [2.6082053]: 'OK'
                T3:1[    0-0    ] <= [2.6082053184509277]
                T3:1              <= [2.679559]: 'OK'
                T3:1[    0-0    ] <= [2.6795589923858643]
                T3:1              <= [2.7505872]: 'OK'
                T3:1[    0-0    ] <= [2.750587224960327]
                T3:1              <= [2.932604]: 'OK'
                T3:1[    0-0    ] <= [2.9326040744781494]
                T3:1              <= [3.0511365]: 'OK'
                T3:1[    0-0    ] <= [3.0511364936828613]
                T3:1              <= [3.0905945]: 'OK'
                T3:1[    0-0    ] <= [3.090594530105591]
                T3:1              <= [3.173743]: 'OK'
                T3:1[    0-0    ] <= [3.1737430095672607]
                T3:1              <= [3.2567797]: 'OK'
                T3:1[    0-0    ] <= [3.256779670715332]
                T3:1              <= [3.3397048]: 'OK'
                T3:1[    0-0    ] <= [3.339704751968384]
                T3:1              <= [3.4225092]: 'OK'
                T3:1[    0-0    ] <= [3.42250919342041]
                T3:1              <= [3.546511]: 'OK'
                T3:1[    0-0    ] <= [3.546510934829712]
                T3:1              <= [3.6279757]: 'OK'
                T3:1[    0-0    ] <= [3.6279757022857666]
                T3:1              <= [3.7082777]: 'OK'
                T3:1[    0-0    ] <= [3.708277702331543]
                T3:1              <= [3.7884681]: 'OK'
                T3:1[    0-0    ] <= [3.7884681224823]
                T3:1              <= [3.9085352]: 'OK'
                T3:1[    0-0    ] <= [3.9085352420806885]
                T3:1              <= [3.988428]: 'OK'
                T3:1[    0-0    ] <= [3.9884281158447266]
                T3:1              <= [4.068209]: 'OK'
                T3:1[    0-0    ] <= [4.068209171295166]
                T3:1              <= [4.1517763]: 'OK'
                T3:1[    0-0    ] <= [4.151776313781738]
                T3:1              <= [4.2352223]: 'OK'
                T3:1[    0-0    ] <= [4.235222339630127]
                T3:1              <= [4.3185472]: 'OK'
                T3:1[    0-0    ] <= [4.318547248840332]
                T3:1              <= [4.401761]: 'OK'
                T3:1[    0-0    ] <= [4.401761054992676]
                T3:1              <= [4.4848537]: 'OK'
                T3:1[    0-0    ] <= [4.484853744506836]
                T3:1              <= [4.5678253]: 'OK'
                T3:1[    0-0    ] <= [4.5678253173828125]
                T3:1[    0-0    ] <= [4.610939025878906]
                T3:1              <= [4.610939]: 'OK'
                T3:1              <= [4.813382]: 'OK'
                T3:1[    0-0    ] <= [4.813382148742676]
                T3:1              <= [4.8587003]: 'OK'
                T3:1[    0-0    ] <= [4.858700275421143]
                T3:1[    0-0    ] <= [4.9040093421936035]
                T3:1              <= [4.9040093]: 'OK'
                T3:1              <= [4.8644953]: 'OK'
                T3:1[    0-0    ] <= [4.864495277404785]
                T3:1              <= [4.9507785]: 'OK'
                T3:1[    0-0    ] <= [4.950778484344482]
                T3:1              <= [5.1753883]: 'OK'
                T3:1[    0-0    ] <= [5.175388336181641]
                T3:1              <= [5.220548]: 'OK'
                T3:1[    0-0    ] <= [5.220548152923584]
                T3:1              <= [5.2651596]: 'OK'
                T3:1[    0-0    ] <= [5.265159606933594]
                T3:1[    0-0    ] <= [5.309751987457275]
                T3:1              <= [5.309752]: 'OK'
                T3:1              <= [5.380566]: 'OK'
                T3:1[    0-0    ] <= [5.380566120147705]
                T3:1              <= [5.269717]: 'OK'
                T3:1[    0-0    ] <= [5.269717216491699]
                T3:1              <= [2.0336915e-05]: 'OK'
                T3:1[    0-0    ] <= [2.033691453107167e-05]
                T3:1              <= [2.0336915e-05]: 'OK'
                T3:1[    0-0    ] <= [2.033691453107167e-05]
                T3:1              <= [2.0336915e-05]: 'OK'
                T3:1[    0-0    ] <= [2.033691453107167e-05]
                T3:1              <= [2.0336915e-05]: 'OK'
                T3:1[    0-0    ] <= [2.033691453107167e-05]
                T3:1              <= [2.0336915e-05]: 'OK'
                T3:1[    0-0    ] <= [2.033691453107167e-05]
                T3:1              <= [6.749999]: 'OK'
                T3:1[    0-0    ] <= [6.749999046325684]
                T3:1              <= [6.749999]: 'OK'
                T3:1[    0-0    ] <= [6.749999046325684]
                T3:1              <= [0.974026]: 'OK'
                T3:1[    0-0    ] <= [0.9740260243415833]
                T3:1              <= [0.9513483]: 'OK'
                T3:1[    0-0    ] <= [0.9513483047485352]
                T3:1              <= [0.92867064]: 'OK'
                T3:1[    0-0    ] <= [0.9286706447601318]
                T3:1              <= [0.90595573]: 'OK'
                T3:1[    0-0    ] <= [0.9059557318687439]
                T3:1              <= [2.0336915e-05]: 'OK'
                T3:1[    0-0    ] <= [2.033691453107167e-05]
                T3:1              <= [2.0336915e-05]: 'OK'
                T3:1[    0-0    ] <= [2.033691453107167e-05]
                T3:1              <= [6.749999]: 'OK'
                T3:1[    0-0    ] <= [6.749999046325684]
                T3:1              <= [6.749999]: 'OK'
                T3:1[    0-0    ] <= [6.749999046325684]
                T3:1              <= [6.749999]: 'OK'
                T3:1[    0-0    ] <= [6.749999046325684]
                T3:1              <= [6.749999]: 'OK'
                T3:1[    0-0    ] <= [6.749999046325684]
                T3:1              <= [6.749999]: 'OK'
                T3:1[    0-0    ] <= [6.749999046325684]
                T3:1              <= [6.749999]: 'OK'
                T3:1[    0-0    ] <= [6.749999046325684]
                T3:1              <= [2.0336915e-05]: 'OK'
                T3:1[    0-0    ] <= [2.033691453107167e-05]
                T3:1              <= [2.0336915e-05]: 'OK'
                T3:1[    0-0    ] <= [2.033691453107167e-05]
                T3:1              <= [2.0336915e-05]: 'OK'
                T3:1[    0-0    ] <= [2.033691453107167e-05]
                T3:1              <= [2.0336915e-05]: 'OK'
                T3:1[    0-0    ] <= [2.033691453107167e-05]
                T3:1              <= [2.0336915e-05]: 'OK'
                T3:1[    0-0    ] <= [2.033691453107167e-05]
                T3:1              <= [6.749999]: 'OK'
                T3:1[    0-0    ] <= [6.749999046325684]
                T3:1              <= [6.749999]: 'OK'
                T3:1[    0-0    ] <= [6.749999046325684]
                T3:1              <= [6.749999]: 'OK'
                T3:1[    0-0    ] <= [6.749999046325684]
                T3:1              <= [6.749999]: 'OK'
                T3:1[    0-0    ] <= [6.749999046325684]
                T3:1              <= [6.749999]: 'OK'
                T3:1[    0-0    ] <= [6.749999046325684]
                T3:1              <= [2.0336915e-05]: 'OK'
                T3:1[    0-0    ] <= [2.033691453107167e-05]
                T3:1              <= [2.0336915e-05]: 'OK'
                T3:1[    0-0    ] <= [2.033691453107167e-05]
                T3:1              <= [2.0336915e-05]: 'OK'
                T3:1[    0-0    ] <= [2.033691453107167e-05]
                T3:1              <= [2.0336915e-05]: 'OK'
                T3:1[    0-0    ] <= [2.033691453107167e-05]
                T3:1              <= [2.0336915e-05]: 'OK'
                T3:1[    0-0    ] <= [2.033691453107167e-05]
                T3:1              <= [2.0336915e-05]: 'OK'
                T3:1[    0-0    ] <= [2.033691453107167e-05]
                T3:1[    0-0    ] <= [6.749999046325684]
                T3:1              <= [6.749999]: 'OK'
                T3:1              <= [6.749999]: 'OK'
                T3:1[    0-0    ] <= [6.749999046325684]
                T3:1              <= [6.749999]: 'OK'
                T3:1[    0-0    ] <= [6.749999046325684]
                T3:1[    0-0    ] <= [6.749999046325684]
                T3:1              <= [6.749999]: 'OK'
                T3:1              <= [6.749999]: 'OK'
                T3:1[    0-0    ] <= [6.749999046325684]
                T3:1              <= [2.0336915e-05]: 'OK'
                T3:1[    0-0    ] <= [2.033691453107167e-05]
                T3:1              <= [2.0336915e-05]: 'OK'
                T3:1[    0-0    ] <= [2.033691453107167e-05]
                T3:1              <= [2.0336915e-05]: 'OK'
                T3:1[    0-0    ] <= [2.033691453107167e-05]
                T3:1              <= [2.0336915e-05]: 'OK'
                T3:1[    0-0    ] <= [2.033691453107167e-05]
                T3:1[    0-0    ] <= [0.15299704670906067]
                T3:1              <= [0.15299705]: 'OK'
                T3:1              <= [0.15299705]: 'OK'
                T3:1[    0-0    ] <= [0.15299704670906067]
                T3:1              <= [0.12487783]: 'OK'
                T3:1[    0-0    ] <= [0.12487783282995224]
                T3:1              <= [0.09673072]: 'OK'
                T3:1[    0-0    ] <= [0.09673071652650833]
                T3:1              <= [6.749999]: 'OK'
                T3:1[    0-0    ] <= [6.749999046325684]
                T3:1              <= [6.749999]: 'OK'
                T3:1[    0-0    ] <= [6.749999046325684]
                T3:1              <= [4.853947]: 'OK'
                T3:1[    0-0    ] <= [4.853947162628174]
                T3:1              <= [4.8291955]: 'OK'
                T3:1[    0-0    ] <= [4.829195499420166]
                T3:1              <= [4.8291955]: 'OK'
                T3:1[    0-0    ] <= [4.829195499420166]
                T3:1              <= [2.0336915e-05]: 'OK'
                T3:1[    0-0    ] <= [2.033691453107167e-05]
                T3:1              <= [2.0336915e-05]: 'OK'
                T3:1[    0-0    ] <= [2.033691453107167e-05]
                T3:1              <= [2.0336915e-05]: 'OK'
                T3:1[    0-0    ] <= [2.033691453107167e-05]
                T3:1              <= [2.0336915e-05]: 'OK'
                T3:1[    0-0    ] <= [2.033691453107167e-05]
                T3:1              <= [1.7333984e-06]: 'OK'
                T3:1[    0-0    ] <= [1.7333984487777343e-06]
                T3:1[    0-0    ] <= [1.7333984487777343e-06]
                T3:1              <= [1.7333984e-06]: 'OK'
                T3:1[    0-0    ] <= [1.7333984487777343e-06]
                T3:1              <= [1.7333984e-06]: 'OK'
                T3:1              <= [1.7952782]: 'OK'
                T3:1[    0-0    ] <= [1.7952781915664673]
                T3:1              <= [1.7952782]: 'OK'
                T3:1[    0-0    ] <= [1.7952781915664673]
                T3:1              <= [1.7705262]: 'OK'
                T3:1[    0-0    ] <= [1.7705261707305908]
                T3:1              <= [6.749999]: 'OK'
                T3:1[    0-0    ] <= [6.749999046325684]
                T3:1              <= [6.749999]: 'OK'
                T3:1[    0-0    ] <= [6.749999046325684]
                T3:1              <= [6.749999]: 'OK'
                T3:1[    0-0    ] <= [6.749999046325684]
                T3:1              <= [6.749999]: 'OK'
                T3:1[    0-0    ] <= [6.749999046325684]
                T3:1              <= [6.749999]: 'OK'
                T3:1[    0-0    ] <= [6.749999046325684]
                T3:1              <= [2.0336915e-05]: 'OK'
                T3:1[    0-0    ] <= [2.033691453107167e-05]
                T3:1              <= [2.0336915e-05]: 'OK'
                T3:1[    0-0    ] <= [2.033691453107167e-05]
                T3:1              <= [2.0336915e-05]: 'OK'
                T3:1[    0-0    ] <= [2.033691453107167e-05]
                T3:1              <= [2.0336915e-05]: 'OK'
                T3:1[    0-0    ] <= [2.033691453107167e-05]
                T3:1              <= [2.0336915e-05]: 'OK'
                T3:1[    0-0    ] <= [2.033691453107167e-05]
                T3:1              <= [2.0336915e-05]: 'OK'
                T3:1[    0-0    ] <= [2.033691453107167e-05]
                T3:1              <= [3.894043e-05]: 'OK'
                T3:1[    0-0    ] <= [3.894043038599193e-05]
                T3:1              <= [1.4778464]: 'OK'
                T3:1[    0-0    ] <= [1.477846384048462]
                T3:1              <= [1.4778464]: 'OK'
                T3:1[    0-0    ] <= [1.477846384048462]
                T3:1              <= [1.4505458]: 'OK'
                T3:1[    0-0    ] <= [1.4505457878112793]
                T3:1              <= [6.749999]: 'OK'
                T3:1[    0-0    ] <= [6.749999046325684]
                T3:1              <= [6.749999]: 'OK'
                T3:1[    0-0    ] <= [6.749999046325684]
                T3:1[    0-0    ] <= [6.749999046325684]
                T3:1              <= [6.749999]: 'OK'
                T3:1              <= [6.749999]: 'OK'
                T3:1[    0-0    ] <= [6.749999046325684]
                T3:1[    0-0    ] <= [6.749999046325684]
                T3:1              <= [6.749999]: 'OK'
                T3:1              <= [2.0336915e-05]: 'OK'
                T3:1[    0-0    ] <= [2.033691453107167e-05]
                T3:1[    0-0    ] <= [2.033691453107167e-05]
                T3:1              <= [2.0336915e-05]: 'OK'
                T3:1              <= [2.0336915e-05]: 'OK'
                T3:1[    0-0    ] <= [2.033691453107167e-05]
                T3:1              <= [2.0336915e-05]: 'OK'
                T3:1[    0-0    ] <= [2.033691453107167e-05]
                T3:1              <= [2.0336915e-05]: 'OK'
                T3:1[    0-0    ] <= [2.033691453107167e-05]
                T3:1              <= [2.0336915e-05]: 'OK'
                T3:1[    0-0    ] <= [2.033691453107167e-05]
                T3:1              <= [2.0336915e-05]: 'OK'
                T3:1[    0-0    ] <= [2.033691453107167e-05]
                T3:1              <= [1.7333984e-06]: 'OK'
                T3:1[    0-0    ] <= [1.7333984487777343e-06]
                T3:1              <= [1.7333984e-06]: 'OK'
                T3:1[    0-0    ] <= [1.7333984487777343e-06]
                T3:1              <= [1.7333984e-06]: 'OK'
                T3:1[    0-0    ] <= [1.7333984487777343e-06]
                T3:1              <= [6.749999]: 'OK'
                T3:1[    0-0    ] <= [6.749999046325684]
                T3:1              <= [6.749999]: 'OK'
                T3:1[    0-0    ] <= [6.749999046325684]
                T3:1              <= [6.749999]: 'OK'
                T3:1[    0-0    ] <= [6.749999046325684]
                T3:1              <= [6.749999]: 'OK'
                T3:1[    0-0    ] <= [6.749999046325684]
                T3:1              <= [6.749999]: 'OK'
                T3:1[    0-0    ] <= [6.749999046325684]
                T3:1              <= [2.0336915e-05]: 'OK'
                T3:1[    0-0    ] <= [2.033691453107167e-05]
                T3:1              <= [2.0336915e-05]: 'OK'
                T3:1[    0-0    ] <= [2.033691453107167e-05]
                T3:1              <= [2.0336915e-05]: 'OK'
                T3:1[    0-0    ] <= [2.033691453107167e-05]
                T3:1              <= [2.0336915e-05]: 'OK'
                T3:1[    0-0    ] <= [2.033691453107167e-05]
                T3:1              <= [2.0336915e-05]: 'OK'
                T3:1[    0-0    ] <= [2.033691453107167e-05]
                T3:1              <= [2.0336915e-05]: 'OK'
                T3:1[    0-0    ] <= [2.033691453107167e-05]
                T3:1              <= [2.0336915e-05]: 'OK'
                T3:1[    0-0    ] <= [2.033691453107167e-05]
                T3:1              <= [1.7333984e-06]: 'OK'
                T3:1[    0-0    ] <= [1.7333984487777343e-06]
                T3:1[    0-0    ] <= [1.7333984487777343e-06]
                T3:1              <= [1.7333984e-06]: 'OK'
                T3:1              <= [3.894043e-05]: 'OK'
                T3:1[    0-0    ] <= [3.894043038599193e-05]
                T3:1              <= [3.894043e-05]: 'OK'
                T3:1[    0-0    ] <= [3.894043038599193e-05]
                T3:1              <= [1.7333984e-06]: 'OK'
                T3:1[    0-0    ] <= [1.7333984487777343e-06]
                T3:1[    0-0    ] <= [1.7333984487777343e-06]
                T3:1              <= [1.7333984e-06]: 'OK'
                T3:1              <= [1.7333984e-06]: 'OK'
                T3:1[    0-0    ] <= [1.7333984487777343e-06]
                T3:1              <= [4.828823]: 'OK'
                T3:1[    0-0    ] <= [4.828823089599609]
                T3:1              <= [4.828823]: 'OK'
                T3:1[    0-0    ] <= [4.828823089599609]
                T3:1              <= [6.749999]: 'OK'
                T3:1[    0-0    ] <= [6.749999046325684]
                T3:1              <= [6.749999]: 'OK'
                T3:1[    0-0    ] <= [6.749999046325684]
                T3:1              <= [6.749999]: 'OK'
                T3:1[    0-0    ] <= [6.749999046325684]
                T3:1              <= [6.749999]: 'OK'
                T3:1[    0-0    ] <= [6.749999046325684]
                T3:1[    0-0    ] <= [6.749999046325684]
                T3:1              <= [6.749999]: 'OK'
                T3:1              <= [6.749999]: 'OK'
                T3:1[    0-0    ] <= [6.749999046325684]
                T3:1              <= [2.0336915e-05]: 'OK'
                T3:1[    0-0    ] <= [2.033691453107167e-05]
                T3:1              <= [2.0336915e-05]: 'OK'
                T3:1[    0-0    ] <= [2.033691453107167e-05]
                T3:1              <= [2.0336915e-05]: 'OK'
                T3:1[    0-0    ] <= [2.033691453107167e-05]
                T3:1              <= [2.0336915e-05]: 'OK'
                T3:1[    0-0    ] <= [2.033691453107167e-05]
                T3:1              <= [2.0336915e-05]: 'OK'
                T3:1[    0-0    ] <= [2.033691453107167e-05]
                T3:1              <= [2.0336915e-05]: 'OK'
                T3:1[    0-0    ] <= [2.033691453107167e-05]
                T3:1              <= [2.0336915e-05]: 'OK'
                T3:1[    0-0    ] <= [2.033691453107167e-05]
                T3:1[    0-0    ] <= [2.033691453107167e-05]
                T3:1              <= [2.0336915e-05]: 'OK'
                T3:1              <= [1.7333984e-06]: 'OK'
                T3:1[    0-0    ] <= [1.7333984487777343e-06]
                T3:1              <= [1.7333984e-06]: 'OK'
                T3:1[    0-0    ] <= [1.7333984487777343e-06]
                T3:1              <= [1.7333984e-06]: 'OK'
                T3:1[    0-0    ] <= [1.7333984487777343e-06]
                T3:1              <= [1.7333984e-06]: 'OK'
                T3:1[    0-0    ] <= [1.7333984487777343e-06]
                T3:1              <= [1.7333984e-06]: 'OK'
                T3:1[    0-0    ] <= [1.7333984487777343e-06]
                T3:1[    0-0    ] <= [1.7333984487777343e-06]
                T3:1              <= [1.7333984e-06]: 'OK'
                T3:1              <= [1.7333984e-06]: 'OK'
                T3:1[    0-0    ] <= [1.7333984487777343e-06]
                T3:1              <= [6.749999]: 'OK'
                T3:1[    0-0    ] <= [6.749999046325684]
                T3:1              <= [6.749999]: 'OK'
                T3:1[    0-0    ] <= [6.749999046325684]
                T3:1              <= [6.749999]: 'OK'
                T3:1[    0-0    ] <= [6.749999046325684]
                T3:1              <= [6.749999]: 'OK'
                T3:1[    0-0    ] <= [6.749999046325684]
                T3:1              <= [6.749999]: 'OK'
                T3:1[    0-0    ] <= [6.749999046325684]
                T3:1              <= [6.749999]: 'OK'
                T3:1[    0-0    ] <= [6.749999046325684]
                T3:1              <= [0.605295]: 'OK'
                T3:1[    0-0    ] <= [0.6052950024604797]
                T3:1              <= [0.605295]: 'OK'
                T3:1[    0-0    ] <= [0.6052950024604797]
                T3:1              <= [0.605295]: 'OK'
                T3:1[    0-0    ] <= [0.6052950024604797]
                T3:1              <= [2.0336915e-05]: 'OK'
                T3:1[    0-0    ] <= [2.033691453107167e-05]
                T3:1              <= [6.749999]: 'OK'
                T3:1[    0-0    ] <= [6.749999046325684]
                T3:1              <= [6.749999]: 'OK'
                T3:1[    0-0    ] <= [6.749999046325684]
                T3:1              <= [6.749999]: 'OK'
                T3:1[    0-0    ] <= [6.749999046325684]
                T3:1              <= [3.4172442]: 'OK'
                T3:1[    0-0    ] <= [3.4172441959381104]
                T3:1              <= [3.4172442]: 'OK'
                T3:1[    0-0    ] <= [3.4172441959381104]
                T3:1              <= [3.4172442]: 'OK'
                T3:1[    0-0    ] <= [3.4172441959381104]
                T3:1              <= [2.0336915e-05]: 'OK'
                T3:1[    0-0    ] <= [2.033691453107167e-05]
                T3:1              <= [2.0336915e-05]: 'OK'
                T3:1[    0-0    ] <= [2.033691453107167e-05]
                T3:1              <= [2.0336915e-05]: 'OK'
                T3:1[    0-0    ] <= [2.033691453107167e-05]
                T3:1              <= [2.0336915e-05]: 'OK'
                T3:1[    0-0    ] <= [2.033691453107167e-05]
                T3:1              <= [2.0336915e-05]: 'OK'
                T3:1[    0-0    ] <= [2.033691453107167e-05]
                T3:1              <= [1.7333984e-06]: 'OK'
                T3:1[    0-0    ] <= [1.7333984487777343e-06]
                T3:1[    0-0    ] <= [1.7333984487777343e-06]
                T3:1              <= [1.7333984e-06]: 'OK'
                T3:1              <= [1.7333984e-06]: 'OK'
                T3:1[    0-0    ] <= [1.7333984487777343e-06]
                T3:1              <= [1.7333984e-06]: 'OK'
                T3:1[    0-0    ] <= [1.7333984487777343e-06]
                T3:1              <= [1.7333984e-06]: 'OK'
                T3:1[    0-0    ] <= [1.7333984487777343e-06]
                T3:1              <= [6.749999]: 'OK'
                T3:1[    0-0    ] <= [6.749999046325684]
                T3:1              <= [6.749999]: 'OK'
                T3:1[    0-0    ] <= [6.749999046325684]
                T3:1[    0-0    ] <= [6.749999046325684]
                T3:1              <= [6.749999]: 'OK'
                T3:1              <= [4.9318776]: 'OK'
                T3:1[    0-0    ] <= [4.931877613067627]
                T3:1              <= [4.9318776]: 'OK'
                T3:1[    0-0    ] <= [4.931877613067627]
                T3:1              <= [4.9318776]: 'OK'
                T3:1[    0-0    ] <= [4.931877613067627]
                T3:1              <= [4.4572644]: 'OK'
                T3:1[    0-0    ] <= [4.457264423370361]
                T3:1              <= [4.4572644]: 'OK'
                T3:1[    0-0    ] <= [4.457264423370361]
                T3:1              <= [2.0336915e-05]: 'OK'
                T3:1[    0-0    ] <= [2.033691453107167e-05]
                T3:1              <= [2.0336915e-05]: 'OK'
                T3:1[    0-0    ] <= [2.033691453107167e-05]
                T3:1              <= [2.0336915e-05]: 'OK'
                T3:1[    0-0    ] <= [2.033691453107167e-05]
                T3:1              <= [2.0336915e-05]: 'OK'
                T3:1[    0-0    ] <= [2.033691453107167e-05]
                T3:1              <= [2.0336915e-05]: 'OK'
                T3:1[    0-0    ] <= [2.033691453107167e-05]
                T3:1              <= [2.0336915e-05]: 'OK'
                T3:1[    0-0    ] <= [2.033691453107167e-05]
                T3:1              <= [2.0336915e-05]: 'OK'
                T3:1[    0-0    ] <= [2.033691453107167e-05]
                T3:1              <= [2.0336915e-05]: 'OK'
                T3:1[    0-0    ] <= [2.033691453107167e-05]
                T3:1              <= [1.7333984e-06]: 'OK'
                T3:1[    0-0    ] <= [1.7333984487777343e-06]
                T3:1              <= [1.7333984e-06]: 'OK'
                T3:1[    0-0    ] <= [1.7333984487777343e-06]
                T3:1              <= [1.7333984e-06]: 'OK'
                T3:1[    0-0    ] <= [1.7333984487777343e-06]
                T3:1              <= [0.2501074]: 'OK'
                T3:1[    0-0    ] <= [0.25010740756988525]
                T3:1              <= [6.749999]: 'OK'
                T3:1[    0-0    ] <= [6.749999046325684]
                T3:1              <= [6.749999]: 'OK'
                T3:1[    0-0    ] <= [6.749999046325684]
                T3:1              <= [6.749999]: 'OK'
                T3:1[    0-0    ] <= [6.749999046325684]
                T3:1[    0-0    ] <= [6.749999046325684]
                T3:1              <= [6.749999]: 'OK'
                T3:1              <= [3.094064]: 'OK'
                T3:1[    0-0    ] <= [3.0940639972686768]
                T3:1              <= [3.094064]: 'OK'
                T3:1[    0-0    ] <= [3.0940639972686768]
                T3:1              <= [3.094064]: 'OK'
                T3:1[    0-0    ] <= [3.0940639972686768]
                T3:1              <= [3.094064]: 'OK'
                T3:1[    0-0    ] <= [3.0940639972686768]
                T3:1              <= [2.0336915e-05]: 'OK'
                T3:1[    0-0    ] <= [2.033691453107167e-05]
                T3:1              <= [2.0336915e-05]: 'OK'
                T3:1[    0-0    ] <= [2.033691453107167e-05]
                T3:1              <= [2.0336915e-05]: 'OK'
                T3:1[    0-0    ] <= [2.033691453107167e-05]
                T3:1              <= [1.7333984e-06]: 'OK'
                T3:1[    0-0    ] <= [1.7333984487777343e-06]
                T3:1              <= [1.7333984e-06]: 'OK'
                T3:1[    0-0    ] <= [1.7333984487777343e-06]
                T3:1              <= [6.749999]: 'OK'
                T3:1[    0-0    ] <= [6.749999046325684]
                T3:1              <= [6.749999]: 'OK'
                T3:1[    0-0    ] <= [6.749999046325684]
                T3:1              <= [6.749999]: 'OK'
                T3:1[    0-0    ] <= [6.749999046325684]
                T3:1[    0-0    ] <= [6.749999046325684]
                T3:1              <= [6.749999]: 'OK'
                T3:1              <= [6.749999]: 'OK'
                T3:1[    0-0    ] <= [6.749999046325684]
                T3:1              <= [6.749999]: 'OK'
                T3:1[    0-0    ] <= [6.749999046325684]
                T3:1              <= [6.749999]: 'OK'
                T3:1[    0-0    ] <= [6.749999046325684]
                T3:1              <= [2.0336915e-05]: 'OK'
                T3:1[    0-0    ] <= [2.033691453107167e-05]
                T3:1              <= [2.0336915e-05]: 'OK'
                T3:1[    0-0    ] <= [2.033691453107167e-05]
                T3:1              <= [2.0336915e-05]: 'OK'
                T3:1[    0-0    ] <= [2.033691453107167e-05]
                T3:1              <= [2.0336915e-05]: 'OK'
                T3:1[    0-0    ] <= [2.033691453107167e-05]
                T3:1              <= [2.0336915e-05]: 'OK'
                T3:1[    0-0    ] <= [2.033691453107167e-05]
                T3:1              <= [2.0336915e-05]: 'OK'
                T3:1[    0-0    ] <= [2.033691453107167e-05]
                T3:1[    0-0    ] <= [2.033691453107167e-05]
                T3:1              <= [2.0336915e-05]: 'OK'
                T3:1              <= [1.7333984e-06]: 'OK'
                T3:1[    0-0    ] <= [1.7333984487777343e-06]
                T3:1              <= [1.7333984e-06]: 'OK'
                T3:1[    0-0    ] <= [1.7333984487777343e-06]
                T3:1              <= [1.7333984e-06]: 'OK'
                T3:1[    0-0    ] <= [1.7333984487777343e-06]
                T3:1              <= [2.8971736]: 'OK'
                T3:1[    0-0    ] <= [2.8971736431121826]
                T3:1              <= [6.749999]: 'OK'
                T3:1[    0-0    ] <= [6.749999046325684]
                T3:1              <= [6.749999]: 'OK'
                T3:1[    0-0    ] <= [6.749999046325684]
                T3:1              <= [6.749999]: 'OK'
                T3:1[    0-0    ] <= [6.749999046325684]
                T3:1              <= [6.749999]: 'OK'
                T3:1[    0-0    ] <= [6.749999046325684]
                T3:1              <= [6.749999]: 'OK'
                T3:1[    0-0    ] <= [6.749999046325684]
                T3:1[    0-0    ] <= [6.749999046325684]
                T3:1              <= [6.749999]: 'OK'
                T3:1              <= [3.8429487]: 'OK'
                T3:1[    0-0    ] <= [3.8429486751556396]
                T3:1[    0-0    ] <= [3.8429486751556396]
                T3:1              <= [3.8429487]: 'OK'
                T3:1              <= [3.8429487]: 'OK'
                T3:1[    0-0    ] <= [3.8429486751556396]
                T3:1              <= [3.8429487]: 'OK'
                T3:1[    0-0    ] <= [3.8429486751556396]
                T3:1              <= [2.0336915e-05]: 'OK'
                T3:1[    0-0    ] <= [2.033691453107167e-05]
                T3:1              <= [2.0336915e-05]: 'OK'
                T3:1[    0-0    ] <= [2.033691453107167e-05]
                T3:1              <= [2.0336915e-05]: 'OK'
                T3:1[    0-0    ] <= [2.033691453107167e-05]
                T3:1              <= [2.0336915e-05]: 'OK'
                T3:1[    0-0    ] <= [2.033691453107167e-05]
                T3:1              <= [2.0336915e-05]: 'OK'
                T3:1[    0-0    ] <= [2.033691453107167e-05]
                T3:1              <= [6.749999]: 'OK'
                T3:1[    0-0    ] <= [6.749999046325684]
                T3:1              <= [6.749999]: 'OK'
                T3:1[    0-0    ] <= [6.749999046325684]
                T3:1              <= [6.749999]: 'OK'
                T3:1[    0-0    ] <= [6.749999046325684]
                T3:1              <= [6.749999]: 'OK'
                T3:1[    0-0    ] <= [6.749999046325684]
                T3:1              <= [6.749999]: 'OK'
                T3:1[    0-0    ] <= [6.749999046325684]
                T3:1              <= [6.749999]: 'OK'
                T3:1[    0-0    ] <= [6.749999046325684]
                T3:1              <= [6.749999]: 'OK'
                T3:1[    0-0    ] <= [6.749999046325684]
                T3:1              <= [6.749999]: 'OK'
                T3:1[    0-0    ] <= [6.749999046325684]
                T3:1              <= [2.0336915e-05]: 'OK'
                T3:1[    0-0    ] <= [2.033691453107167e-05]
                T3:1              <= [2.0336915e-05]: 'OK'
                T3:1[    0-0    ] <= [2.033691453107167e-05]
                T3:1              <= [2.0336915e-05]: 'OK'
                T3:1[    0-0    ] <= [2.033691453107167e-05]
                T3:1              <= [2.0336915e-05]: 'OK'
                T3:1[    0-0    ] <= [2.033691453107167e-05]
                T3:1              <= [2.0336915e-05]: 'OK'
                T3:1[    0-0    ] <= [2.033691453107167e-05]
                T3:1              <= [2.0336915e-05]: 'OK'
                T3:1[    0-0    ] <= [2.033691453107167e-05]
                T3:1              <= [2.0336915e-05]: 'OK'
                T3:1[    0-0    ] <= [2.033691453107167e-05]
                T3:1              <= [2.0336915e-05]: 'OK'
                T3:1[    0-0    ] <= [2.033691453107167e-05]
                T3:1              <= [2.0336915e-05]: 'OK'
                T3:1[    0-0    ] <= [2.033691453107167e-05]
                T3:1              <= [2.0336915e-05]: 'OK'
                T3:1[    0-0    ] <= [2.033691453107167e-05]
                T3:1              <= [1.7333984e-06]: 'OK'
                T3:1[    0-0    ] <= [1.7333984487777343e-06]
                T3:1              <= [1.7333984e-06]: 'OK'
                T3:1[    0-0    ] <= [1.7333984487777343e-06]
                T3:1              <= [1.7333984e-06]: 'OK'
                T3:1[    0-0    ] <= [1.7333984487777343e-06]
                T3:1              <= [1.7333984e-06]: 'OK'
                T3:1[    0-0    ] <= [1.7333984487777343e-06]
                T3:1              <= [1.7333984e-06]: 'OK'
                T3:1[    0-0    ] <= [1.7333984487777343e-06]
                T3:1              <= [1.7333984e-06]: 'OK'
                T3:1[    0-0    ] <= [1.7333984487777343e-06]
                T3:1              <= [1.7333984e-06]: 'OK'
                T3:1[    0-0    ] <= [1.7333984487777343e-06]
                T3:1              <= [1.7333984e-06]: 'OK'
                T3:1[    0-0    ] <= [1.7333984487777343e-06]
                T3:1              <= [1.7333984e-06]: 'OK'
                T3:1[    0-0    ] <= [1.7333984487777343e-06]
                T3:1              <= [1.7333984e-06]: 'OK'
                T3:1[    0-0    ] <= [1.7333984487777343e-06]
                T3:1[    0-0    ] <= [6.749999046325684]
                T3:1              <= [6.749999]: 'OK'
                T3:1              <= [6.749999]: 'OK'
                T3:1[    0-0    ] <= [6.749999046325684]
                T3:1              <= [6.749999]: 'OK'
                T3:1[    0-0    ] <= [6.749999046325684]
                T3:1              <= [6.749999]: 'OK'
                T3:1[    0-0    ] <= [6.749999046325684]
                T3:1              <= [6.749999]: 'OK'
                T3:1[    0-0    ] <= [6.749999046325684]
                T3:1              <= [6.749999]: 'OK'
                T3:1[    0-0    ] <= [6.749999046325684]
                T3:1              <= [6.749999]: 'OK'
                T3:1[    0-0    ] <= [6.749999046325684]
                T3:1              <= [2.0336915e-05]: 'OK'
                T3:1[    0-0    ] <= [2.033691453107167e-05]
                T3:1              <= [2.0336915e-05]: 'OK'
                T3:1[    0-0    ] <= [2.033691453107167e-05]
                T3:1[    0-0    ] <= [2.033691453107167e-05]
                T3:1              <= [2.0336915e-05]: 'OK'
                T3:1              <= [2.0336915e-05]: 'OK'
                T3:1[    0-0    ] <= [2.033691453107167e-05]
                T3:1              <= [2.0336915e-05]: 'OK'
                T3:1[    0-0    ] <= [2.033691453107167e-05]
                T3:1              <= [2.0336915e-05]: 'OK'
                T3:1[    0-0    ] <= [2.033691453107167e-05]
                T3:1              <= [2.0336915e-05]: 'OK'
                T3:1[    0-0    ] <= [2.033691453107167e-05]
                T3:1              <= [1.7333984e-06]: 'OK'
                T3:1[    0-0    ] <= [1.7333984487777343e-06]
                T3:1              <= [1.7333984e-06]: 'OK'
                T3:1[    0-0    ] <= [1.7333984487777343e-06]
                T3:1[    0-0    ] <= [1.7333984487777343e-06]
                T3:1              <= [1.7333984e-06]: 'OK'
                T3:1              <= [1.7333984e-06]: 'OK'
                T3:1[    0-0    ] <= [1.7333984487777343e-06]
                T3:1              <= [1.7333984e-06]: 'OK'
                T3:1[    0-0    ] <= [1.7333984487777343e-06]
                T3:1              <= [1.7333984e-06]: 'OK'
                T3:1[    0-0    ] <= [1.7333984487777343e-06]
                T3:1              <= [1.7333984e-06]: 'OK'
                T3:1[    0-0    ] <= [1.7333984487777343e-06]
                T3:1              <= [1.7333984e-06]: 'OK'
                T3:1[    0-0    ] <= [1.7333984487777343e-06]
                T3:1              <= [1.7333984e-06]: 'OK'
                T3:1[    0-0    ] <= [1.7333984487777343e-06]
                T3:1              <= [1.7333984e-06]: 'OK'
                T3:1[    0-0    ] <= [1.7333984487777343e-06]
                T3:1              <= [1.7333984e-06]: 'OK'
                T3:1[    0-0    ] <= [1.7333984487777343e-06]
                T3:1              <= [3.45793]: 'OK'
                T3:1[    0-0    ] <= [3.457930088043213]
                T3:1              <= [6.749999]: 'OK'
                T3:1[    0-0    ] <= [6.749999046325684]
                T3:1              <= [6.749999]: 'OK'
                T3:1[    0-0    ] <= [6.749999046325684]
                T3:1              <= [6.749999]: 'OK'
                T3:1[    0-0    ] <= [6.749999046325684]
                T3:1              <= [6.749999]: 'OK'
                T3:1[    0-0    ] <= [6.749999046325684]
                T3:1              <= [6.749999]: 'OK'
                T3:1[    0-0    ] <= [6.749999046325684]
                T3:1              <= [1.7333984e-06]: 'OK'
                T3:1[    0-0    ] <= [1.7333984487777343e-06]
                T3:1              <= [1.7333984e-06]: 'OK'
                T3:1[    0-0    ] <= [1.7333984487777343e-06]
                T3:1              <= [1.7333984e-06]: 'OK'
                T3:1[    0-0    ] <= [1.7333984487777343e-06]
                T3:1              <= [2.0336915e-05]: 'OK'
                T3:1[    0-0    ] <= [2.033691453107167e-05]
                T3:1              <= [2.0336915e-05]: 'OK'
                T3:1[    0-0    ] <= [2.033691453107167e-05]
                T3:1              <= [6.749999]: 'OK'
                T3:1[    0-0    ] <= [6.749999046325684]
                T3:1              <= [6.749999]: 'OK'
                T3:1[    0-0    ] <= [6.749999046325684]
                T3:1              <= [6.749999]: 'OK'
                T3:1[    0-0    ] <= [6.749999046325684]
                T3:1              <= [6.749999]: 'OK'
                T3:1[    0-0    ] <= [6.749999046325684]
                T3:1              <= [6.749999]: 'OK'
                T3:1[    0-0    ] <= [6.749999046325684]
                T3:1              <= [6.749999]: 'OK'
                T3:1[    0-0    ] <= [6.749999046325684]
                T3:1              <= [6.749999]: 'OK'
                T3:1[    0-0    ] <= [6.749999046325684]
                T3:1              <= [6.749999]: 'OK'
                T3:1[    0-0    ] <= [6.749999046325684]
                T3:1              <= [3.3176038]: 'OK'
                T3:1[    0-0    ] <= [3.317603826522827]
                T3:1              <= [3.3176038]: 'OK'
                T3:1[    0-0    ] <= [3.317603826522827]
                T3:1              <= [3.3176038]: 'OK'
                T3:1[    0-0    ] <= [3.317603826522827]
                T3:1              <= [3.3176038]: 'OK'
                T3:1[    0-0    ] <= [3.317603826522827]
                T3:1              <= [2.0336915e-05]: 'OK'
                T3:1[    0-0    ] <= [2.033691453107167e-05]
                T3:1              <= [2.0336915e-05]: 'OK'
                T3:1[    0-0    ] <= [2.033691453107167e-05]
                T3:1              <= [2.0336915e-05]: 'OK'
                T3:1[    0-0    ] <= [2.033691453107167e-05]
                T3:1              <= [2.0336915e-05]: 'OK'
                T3:1[    0-0    ] <= [2.033691453107167e-05]
                T3:1              <= [2.0336915e-05]: 'OK'
                T3:1[    0-0    ] <= [2.033691453107167e-05]
                T3:1              <= [2.0336915e-05]: 'OK'
                T3:1[    0-0    ] <= [2.033691453107167e-05]
                T3:1              <= [2.0336915e-05]: 'OK'
                T3:1[    0-0    ] <= [2.033691453107167e-05]
                T3:1              <= [2.0336915e-05]: 'OK'
                T3:1[    0-0    ] <= [2.033691453107167e-05]
                T3:1              <= [2.0336915e-05]: 'OK'
                T3:1[    0-0    ] <= [2.033691453107167e-05]
                T3:1              <= [2.0336915e-05]: 'OK'
                T3:1[    0-0    ] <= [2.033691453107167e-05]
                T3:1              <= [1.7333984e-06]: 'OK'
                T3:1[    0-0    ] <= [1.7333984487777343e-06]
                T3:1              <= [1.7333984e-06]: 'OK'
                T3:1[    0-0    ] <= [1.7333984487777343e-06]
                T3:1              <= [1.7333984e-06]: 'OK'
                T3:1[    0-0    ] <= [1.7333984487777343e-06]
                T3:1              <= [1.7333984e-06]: 'OK'
                T3:1[    0-0    ] <= [1.7333984487777343e-06]
                T3:1              <= [1.7333984e-06]: 'OK'
                T3:1[    0-0    ] <= [1.7333984487777343e-06]
                T3:1              <= [1.7333984e-06]: 'OK'
                T3:1[    0-0    ] <= [1.7333984487777343e-06]
                T3:1              <= [1.7333984e-06]: 'OK'
                T3:1[    0-0    ] <= [1.7333984487777343e-06]
                T3:1              <= [1.7333984e-06]: 'OK'
                T3:1[    0-0    ] <= [1.7333984487777343e-06]
                T3:1              <= [1.7333984e-06]: 'OK'
                T3:1[    0-0    ] <= [1.7333984487777343e-06]
                T3:1              <= [6.749999]: 'OK'
                T3:1[    0-0    ] <= [6.749999046325684]
                T3:1              <= [6.749999]: 'OK'
                T3:1[    0-0    ] <= [6.749999046325684]
                T3:1              <= [6.749999]: 'OK'
                T3:1[    0-0    ] <= [6.749999046325684]
                T3:1              <= [6.749999]: 'OK'
                T3:1[    0-0    ] <= [6.749999046325684]
                T3:1              <= [6.749999]: 'OK'
                T3:1[    0-0    ] <= [6.749999046325684]
                T3:1              <= [6.749999]: 'OK'
                T3:1[    0-0    ] <= [6.749999046325684]
                T3:1              <= [6.749999]: 'OK'
                T3:1[    0-0    ] <= [6.749999046325684]
                T3:1[    0-0    ] <= [2.1687159538269043]
                T3:1              <= [2.168716]: 'OK'
                T3:1              <= [2.168716]: 'OK'
                T3:1[    0-0    ] <= [2.1687159538269043]
                T3:1[    0-0    ] <= [2.1687159538269043]
                T3:1              <= [2.168716]: 'OK'
                T3:1              <= [2.168716]: 'OK'
                T3:1[    0-0    ] <= [2.1687159538269043]
                T3:1              <= [2.0336915e-05]: 'OK'
                T3:1[    0-0    ] <= [2.033691453107167e-05]
                T3:1              <= [2.0336915e-05]: 'OK'
                T3:1[    0-0    ] <= [2.033691453107167e-05]
                T3:1              <= [2.0336915e-05]: 'OK'
                T3:1[    0-0    ] <= [2.033691453107167e-05]
                T3:1              <= [2.0336915e-05]: 'OK'
                T3:1[    0-0    ] <= [2.033691453107167e-05]
                T3:1              <= [2.0336915e-05]: 'OK'
                T3:1[    0-0    ] <= [2.033691453107167e-05]
                T3:1              <= [0.96050125]: 'OK'
                T3:1[    0-0    ] <= [0.9605012536048889]
                T3:1              <= [6.749999]: 'OK'
                T3:1[    0-0    ] <= [6.749999046325684]
                T3:1              <= [6.749999]: 'OK'
                T3:1[    0-0    ] <= [6.749999046325684]
                T3:1[    0-0    ] <= [6.749999046325684]
                T3:1              <= [6.749999]: 'OK'
                T3:1              <= [6.749999]: 'OK'
                T3:1[    0-0    ] <= [6.749999046325684]
                T3:1              <= [6.749999]: 'OK'
                T3:1[    0-0    ] <= [6.749999046325684]
                T3:1              <= [6.749999]: 'OK'
                T3:1[    0-0    ] <= [6.749999046325684]
                T3:1              <= [2.0617735]: 'OK'
                T3:1[    0-0    ] <= [2.0617735385894775]
                T3:1              <= [2.0617735]: 'OK'
                T3:1[    0-0    ] <= [2.0617735385894775]
                T3:1              <= [2.0617735]: 'OK'
                T3:1[    0-0    ] <= [2.0617735385894775]
                T3:1              <= [2.0336915e-05]: 'OK'
                T3:1[    0-0    ] <= [2.033691453107167e-05]
                T3:1              <= [2.0336915e-05]: 'OK'
                T3:1[    0-0    ] <= [2.033691453107167e-05]
                T3:1              <= [2.0336915e-05]: 'OK'
                T3:1[    0-0    ] <= [2.033691453107167e-05]
                T3:1              <= [2.0336915e-05]: 'OK'
                T3:1[    0-0    ] <= [2.033691453107167e-05]
                T3:1              <= [2.0336915e-05]: 'OK'
                T3:1[    0-0    ] <= [2.033691453107167e-05]
                T3:1              <= [2.0336915e-05]: 'OK'
                T3:1[    0-0    ] <= [2.033691453107167e-05]
                T3:1              <= [0.84775466]: 'OK'
                T3:1[    0-0    ] <= [0.8477546572685242]
                T3:1              <= [6.749999]: 'OK'
                T3:1[    0-0    ] <= [6.749999046325684]
                T3:1              <= [6.749999]: 'OK'
                T3:1[    0-0    ] <= [6.749999046325684]
                T3:1              <= [6.749999]: 'OK'
                T3:1[    0-0    ] <= [6.749999046325684]
                T3:1              <= [6.749999]: 'OK'
                T3:1[    0-0    ] <= [6.749999046325684]
                T3:1              <= [6.749999]: 'OK'
                T3:1[    0-0    ] <= [6.749999046325684]
                T3:1              <= [6.749999]: 'OK'
                T3:1[    0-0    ] <= [6.749999046325684]
                T3:1              <= [6.749999]: 'OK'
                T3:1[    0-0    ] <= [6.749999046325684]
                T3:1              <= [6.749999]: 'OK'
                T3:1[    0-0    ] <= [6.749999046325684]
                T3:1              <= [6.749999]: 'OK'
                T3:1[    0-0    ] <= [6.749999046325684]
                T3:1              <= [6.749999]: 'OK'
                T3:1[    0-0    ] <= [6.749999046325684]
                T3:1              <= [2.8935647]: 'OK'
                T3:1[    0-0    ] <= [2.8935647010803223]
                T3:1              <= [2.8935647]: 'OK'
                T3:1[    0-0    ] <= [2.8935647010803223]
                T3:1              <= [2.8935647]: 'OK'
                T3:1[    0-0    ] <= [2.8935647010803223]
                T3:1              <= [2.8935647]: 'OK'
                T3:1[    0-0    ] <= [2.8935647010803223]
                T3:1              <= [2.8935647]: 'OK'
                T3:1[    0-0    ] <= [2.8935647010803223]
                T3:1              <= [6.749999]: 'OK'
                T3:1[    0-0    ] <= [6.749999046325684]
                T3:1              <= [6.749999]: 'OK'
                T3:1[    0-0    ] <= [6.749999046325684]
                T3:1              <= [6.749999]: 'OK'
                T3:1[    0-0    ] <= [6.749999046325684]
                T3:1[    0-0    ] <= [6.749999046325684]
                T3:1              <= [6.749999]: 'OK'
                T3:1              <= [6.749999]: 'OK'
                T3:1[    0-0    ] <= [6.749999046325684]
                T3:1              <= [6.749999]: 'OK'
                T3:1[    0-0    ] <= [6.749999046325684]
                T3:1              <= [6.749999]: 'OK'
                T3:1[    0-0    ] <= [6.749999046325684]
                T3:1              <= [6.749999]: 'OK'
                T3:1[    0-0    ] <= [6.749999046325684]
                T3:1              <= [0.56518584]: 'OK'
                T3:1[    0-0    ] <= [0.5651858448982239]
                T3:1              <= [0.56518584]: 'OK'
                T3:1[    0-0    ] <= [0.5651858448982239]
                T3:1              <= [0.56518584]: 'OK'
                T3:1[    0-0    ] <= [0.5651858448982239]
                T3:1              <= [0.56518584]: 'OK'
                T3:1[    0-0    ] <= [0.5651858448982239]
                T3:1              <= [0.56518584]: 'OK'
                T3:1[    0-0    ] <= [0.5651858448982239]
                T3:1              <= [2.0336915e-05]: 'OK'
                T3:1[    0-0    ] <= [2.033691453107167e-05]
                T3:1              <= [2.0336915e-05]: 'OK'
                T3:1[    0-0    ] <= [2.033691453107167e-05]
                T3:1              <= [2.0336915e-05]: 'OK'
                T3:1[    0-0    ] <= [2.033691453107167e-05]
                T3:1              <= [2.0336915e-05]: 'OK'
                T3:1[    0-0    ] <= [2.033691453107167e-05]
                T3:1              <= [2.0336915e-05]: 'OK'
                T3:1[    0-0    ] <= [2.033691453107167e-05]
                T3:1              <= [1.6751925]: 'OK'
                T3:1[    0-0    ] <= [1.6751924753189087]
                T3:1              <= [6.749999]: 'OK'
                T3:1[    0-0    ] <= [6.749999046325684]
                T3:1              <= [6.749999]: 'OK'
                T3:1[    0-0    ] <= [6.749999046325684]
                T3:1              <= [6.749999]: 'OK'
                T3:1[    0-0    ] <= [6.749999046325684]
                T3:1              <= [6.749999]: 'OK'
                T3:1[    0-0    ] <= [6.749999046325684]
                T3:1              <= [6.749999]: 'OK'
                T3:1[    0-0    ] <= [6.749999046325684]
                T3:1              <= [6.749999]: 'OK'
                T3:1[    0-0    ] <= [6.749999046325684]
                T3:1              <= [6.749999]: 'OK'
                T3:1[    0-0    ] <= [6.749999046325684]
                T3:1              <= [6.749999]: 'OK'
                T3:1[    0-0    ] <= [6.749999046325684]
                T3:1              <= [6.749999]: 'OK'
                T3:1[    0-0    ] <= [6.749999046325684]
                T3:1              <= [2.0336915e-05]: 'OK'
                T3:1[    0-0    ] <= [2.033691453107167e-05]
                T3:1              <= [2.0336915e-05]: 'OK'
                T3:1[    0-0    ] <= [2.033691453107167e-05]
                T3:1              <= [2.0336915e-05]: 'OK'
                T3:1[    0-0    ] <= [2.033691453107167e-05]
                T3:1              <= [2.0336915e-05]: 'OK'
                T3:1[    0-0    ] <= [2.033691453107167e-05]
                T3:1              <= [2.0336915e-05]: 'OK'
                T3:1[    0-0    ] <= [2.033691453107167e-05]
                T3:1              <= [2.0336915e-05]: 'OK'
                T3:1[    0-0    ] <= [2.033691453107167e-05]
                T3:1              <= [1.7333984e-06]: 'OK'
                T3:1[    0-0    ] <= [1.7333984487777343e-06]
                T3:1              <= [1.7333984e-06]: 'OK'
                T3:1[    0-0    ] <= [1.7333984487777343e-06]
                T3:1              <= [1.7333984e-06]: 'OK'
                T3:1[    0-0    ] <= [1.7333984487777343e-06]
                T3:1              <= [1.7333984e-06]: 'OK'
                T3:1[    0-0    ] <= [1.7333984487777343e-06]
                T3:1              <= [1.7333984e-06]: 'OK'
                T3:1[    0-0    ] <= [1.7333984487777343e-06]
                T3:1              <= [1.7333984e-06]: 'OK'
                T3:1[    0-0    ] <= [1.7333984487777343e-06]
                T3:1              <= [1.465782]: 'OK'
                T3:1[    0-0    ] <= [1.4657820463180542]
                T3:1              <= [6.749999]: 'OK'
                T3:1[    0-0    ] <= [6.749999046325684]
                T3:1              <= [6.749999]: 'OK'
                T3:1[    0-0    ] <= [6.749999046325684]
                T3:1              <= [6.749999]: 'OK'
                T3:1[    0-0    ] <= [6.749999046325684]
                T3:1              <= [6.749999]: 'OK'
                T3:1[    0-0    ] <= [6.749999046325684]
                T3:1              <= [6.749999]: 'OK'
                T3:1[    0-0    ] <= [6.749999046325684]
                T3:1              <= [6.749999]: 'OK'
                T3:1[    0-0    ] <= [6.749999046325684]
                T3:1              <= [6.749999]: 'OK'
                T3:1[    0-0    ] <= [6.749999046325684]
                T3:1              <= [6.749999]: 'OK'
                T3:1[    0-0    ] <= [6.749999046325684]
                T3:1              <= [2.9716995]: 'OK'
                T3:1[    0-0    ] <= [2.9716994762420654]
                T3:1              <= [2.9716995]: 'OK'
                T3:1[    0-0    ] <= [2.9716994762420654]
                T3:1              <= [2.9716995]: 'OK'
                T3:1[    0-0    ] <= [2.9716994762420654]
                T3:1              <= [2.9716995]: 'OK'
                T3:1[    0-0    ] <= [2.9716994762420654]
                T3:1              <= [2.9716995]: 'OK'
                T3:1[    0-0    ] <= [2.9716994762420654]
                T3:1              <= [1.7333984e-06]: 'OK'
                T3:1[    0-0    ] <= [1.7333984487777343e-06]
                T3:1              <= [1.7333984e-06]: 'OK'
                T3:1[    0-0    ] <= [1.7333984487777343e-06]
                T3:1              <= [1.7333984e-06]: 'OK'
                T3:1[    0-0    ] <= [1.7333984487777343e-06]
                T3:1              <= [1.7333984e-06]: 'OK'
                T3:1[    0-0    ] <= [1.7333984487777343e-06]
                T3:1              <= [1.7333984e-06]: 'OK'
                T3:1[    0-0    ] <= [1.7333984487777343e-06]
                T3:1              <= [0.079373635]: 'OK'
                T3:1[    0-0    ] <= [0.07937363535165787]
                T3:1              <= [6.749999]: 'OK'
                T3:1[    0-0    ] <= [6.749999046325684]
                T3:1              <= [6.749999]: 'OK'
                T3:1[    0-0    ] <= [6.749999046325684]
                T3:1              <= [6.749999]: 'OK'
                T3:1[    0-0    ] <= [6.749999046325684]
                T3:1              <= [6.749999]: 'OK'
                T3:1[    0-0    ] <= [6.749999046325684]
                T3:1              <= [6.749999]: 'OK'
                T3:1[    0-0    ] <= [6.749999046325684]
                T3:1              <= [6.749999]: 'OK'
                T3:1[    0-0    ] <= [6.749999046325684]
DEBUG get_query: SELECT value FROM ctown WHERE name = ? AND pid = ?
DEBUG set_query: UPDATE ctown SET value = ? WHERE name = ? AND pid = ?
DEBUG EnipProtocol server addr:  192.168.1.1
DEBUG: concatenating server address with default port.
DEBUG enip server tags_string:  T3:1=REAL CONTROL:1=REAL 
DEBUG enip _start_server cmd:  ['/usr/bin/python', '-m', 'cpppo.server.enip', '--print', '--log', 'logs/protocols_tests_enip_server', '--address', '192.168.1.1:44818', 'T3:1=REAL', 'CONTROL:1=REAL']
DEBUG: plc4 enters pre_loop
Starting main loop
DEBUG plc shutdown
IF WE PRINT THIS, IT MEANS THE GENERIC PLC CODE WORKS! YASSSS!!!
                T3:1              <= [6.749999]: 'OK'
                T3:1[    0-0    ] <= [6.749999046325684]
plc4
Stopping Tcp dump process on PLC...
Stopping PLC...
