                T4:1              <= [2.5]: 'OK'
                T4:1[    0-0    ] <= [2.5]
                T4:1              <= [2.5]: 'OK'
                T4:1[    0-0    ] <= [2.5]
                T4:1              <= [2.5]: 'OK'
                T4:1[    0-0    ] <= [2.5]
                T4:1[    0-0    ] <= [2.5]
                T4:1              <= [2.5]: 'OK'
                T4:1              <= [2.5]: 'OK'
                T4:1[    0-0    ] <= [2.5]
                T4:1[    0-0    ] <= [2.5]
                T4:1              <= [2.5]: 'OK'
                T4:1              <= [2.5]: 'OK'
                T4:1[    0-0    ] <= [2.5]
                T4:1              <= [2.5]: 'OK'
                T4:1[    0-0    ] <= [2.5]
                T4:1              <= [2.5]: 'OK'
                T4:1[    0-0    ] <= [2.5]
                T4:1              <= [2.5]: 'OK'
                T4:1[    0-0    ] <= [2.5]
                T4:1              <= [3.660768]: 'OK'
                T4:1[    0-0    ] <= [3.6607680320739746]
                T4:1              <= [3.6407878]: 'OK'
                T4:1[    0-0    ] <= [3.6407878398895264]
                T4:1              <= [3.6206589]: 'OK'
                T4:1[    0-0    ] <= [3.6206588745117188]
                T4:1              <= [3.5725965]: 'OK'
                T4:1[    0-0    ] <= [3.572596549987793]
                T4:1              <= [3.5449889]: 'OK'
                T4:1[    0-0    ] <= [3.5449888706207275]
                T4:1              <= [3.5171394]: 'OK'
                T4:1[    0-0    ] <= [3.517139434814453]
                T4:1              <= [3.5407753]: 'OK'
                T4:1[    0-0    ] <= [3.5407752990722656]
                T4:1              <= [3.564067]: 'OK'
                T4:1[    0-0    ] <= [3.5640668869018555]
                T4:1              <= [3.5983438]: 'OK'
                T4:1[    0-0    ] <= [3.598343849182129]
                T4:1              <= [3.7578132]: 'OK'
                T4:1[    0-0    ] <= [3.7578132152557373]
                T4:1              <= [3.7928157]: 'OK'
                T4:1[    0-0    ] <= [3.792815685272217]
                T4:1[    0-0    ] <= [3.83778977394104]
                T4:1              <= [3.8377898]: 'OK'
                T4:1              <= [3.88268]: 'OK'
                T4:1[    0-0    ] <= [3.8826799392700195]
                T4:1              <= [3.9274867]: 'OK'
                T4:1[    0-0    ] <= [3.9274866580963135]
                T4:1              <= [3.9722095]: 'OK'
                T4:1[    0-0    ] <= [3.9722094535827637]
                T4:1              <= [4.0391264]: 'OK'
                T4:1[    0-0    ] <= [4.039126396179199]
                T4:1              <= [4.0862584]: 'OK'
                T4:1[    0-0    ] <= [4.086258411407471]
                T4:1              <= [4.135911]: 'OK'
                T4:1[    0-0    ] <= [4.135910987854004]
                T4:1              <= [4.185471]: 'OK'
                T4:1[    0-0    ] <= [4.185471057891846]
                T4:1              <= [4.234928]: 'OK'
                T4:1[    0-0    ] <= [4.234928131103516]
                T4:1              <= [4.2842927]: 'OK'
                T4:1[    0-0    ] <= [4.284292697906494]
                T4:1              <= [4.3335457]: 'OK'
                T4:1[    0-0    ] <= [4.333545684814453]
                T4:1              <= [4.3801193]: 'OK'
                T4:1[    0-0    ] <= [4.380119323730469]
                T4:1              <= [4.424042]: 'OK'
                T4:1[    0-0    ] <= [4.424042224884033]
                T4:1              <= [4.467872]: 'OK'
                T4:1[    0-0    ] <= [4.467872142791748]
                T4:1              <= [4.5116277]: 'OK'
                T4:1[    0-0    ] <= [4.511627674102783]
                T4:1              <= [4.55529]: 'OK'
                T4:1[    0-0    ] <= [4.555290222167969]
                T4:1              <= [4.598869]: 'OK'
                T4:1[    0-0    ] <= [4.5988688468933105]
                T4:1              <= [4.653377]: 'OK'
                T4:1[    0-0    ] <= [4.653377056121826]
                T4:1              <= [-3.930664e-06]: 'OK'
                T4:1[    0-0    ] <= [-3.930664206563961e-06]
                T4:1              <= [-3.930664e-06]: 'OK'
                T4:1[    0-0    ] <= [-3.930664206563961e-06]
                T4:1              <= [-3.930664e-06]: 'OK'
                T4:1[    0-0    ] <= [-3.930664206563961e-06]
                T4:1              <= [4.6999974]: 'OK'
                T4:1[    0-0    ] <= [4.699997425079346]
                T4:1              <= [4.6999974]: 'OK'
                T4:1[    0-0    ] <= [4.699997425079346]
                T4:1              <= [4.6999974]: 'OK'
                T4:1[    0-0    ] <= [4.699997425079346]
                T4:1              <= [-3.930664e-06]: 'OK'
                T4:1[    0-0    ] <= [-3.930664206563961e-06]
                T4:1              <= [-3.930664e-06]: 'OK'
                T4:1[    0-0    ] <= [-3.930664206563961e-06]
                T4:1              <= [-3.930664e-06]: 'OK'
                T4:1[    0-0    ] <= [-3.930664206563961e-06]
                T4:1              <= [-3.930664e-06]: 'OK'
                T4:1[    0-0    ] <= [-3.930664206563961e-06]
                T4:1              <= [4.6999974]: 'OK'
                T4:1[    0-0    ] <= [4.699997425079346]
                T4:1[    0-0    ] <= [4.699997425079346]
                T4:1              <= [4.6999974]: 'OK'
                T4:1              <= [4.6999974]: 'OK'
                T4:1[    0-0    ] <= [4.699997425079346]
                T4:1              <= [4.6999974]: 'OK'
                T4:1[    0-0    ] <= [4.699997425079346]
                T4:1              <= [-3.930664e-06]: 'OK'
                T4:1[    0-0    ] <= [-3.930664206563961e-06]
                T4:1[    0-0    ] <= [-3.930664206563961e-06]
                T4:1              <= [-3.930664e-06]: 'OK'
                T4:1              <= [-3.930664e-06]: 'OK'
                T4:1[    0-0    ] <= [-3.930664206563961e-06]
                T4:1              <= [-3.930664e-06]: 'OK'
                T4:1[    0-0    ] <= [-3.930664206563961e-06]
                T4:1[    0-0    ] <= [-3.930664206563961e-06]
                T4:1              <= [-3.930664e-06]: 'OK'
                T4:1              <= [8.908691e-05]: 'OK'
                T4:1[    0-0    ] <= [8.908691233955324e-05]
                T4:1              <= [8.908691e-05]: 'OK'
                T4:1[    0-0    ] <= [8.908691233955324e-05]
                T4:1              <= [8.908691e-05]: 'OK'
                T4:1[    0-0    ] <= [8.908691233955324e-05]
                T4:1              <= [4.2578125e-05]: 'OK'
                T4:1[    0-0    ] <= [4.257812543073669e-05]
                T4:1              <= [4.6999974]: 'OK'
                T4:1[    0-0    ] <= [4.699997425079346]
                T4:1              <= [4.6999974]: 'OK'
                T4:1[    0-0    ] <= [4.699997425079346]
                T4:1              <= [4.6999974]: 'OK'
                T4:1[    0-0    ] <= [4.699997425079346]
                T4:1              <= [-3.930664e-06]: 'OK'
                T4:1[    0-0    ] <= [-3.930664206563961e-06]
                T4:1              <= [-3.930664e-06]: 'OK'
                T4:1[    0-0    ] <= [-3.930664206563961e-06]
                T4:1              <= [-3.930664e-06]: 'OK'
                T4:1[    0-0    ] <= [-3.930664206563961e-06]
                T4:1              <= [-3.930664e-06]: 'OK'
                T4:1[    0-0    ] <= [-3.930664206563961e-06]
                T4:1              <= [-3.930664e-06]: 'OK'
                T4:1[    0-0    ] <= [-3.930664206563961e-06]
                T4:1              <= [4.6999974]: 'OK'
                T4:1[    0-0    ] <= [4.699997425079346]
                T4:1              <= [4.6999974]: 'OK'
                T4:1[    0-0    ] <= [4.699997425079346]
                T4:1              <= [4.6999974]: 'OK'
                T4:1[    0-0    ] <= [4.699997425079346]
                T4:1              <= [4.6999974]: 'OK'
                T4:1[    0-0    ] <= [4.699997425079346]
                T4:1              <= [1.4672852e-05]: 'OK'
                T4:1[    0-0    ] <= [1.46728516483563e-05]
                T4:1              <= [-3.930664e-06]: 'OK'
                T4:1[    0-0    ] <= [-3.930664206563961e-06]
                T4:1              <= [-3.930664e-06]: 'OK'
                T4:1[    0-0    ] <= [-3.930664206563961e-06]
                T4:1              <= [-3.930664e-06]: 'OK'
                T4:1[    0-0    ] <= [-3.930664206563961e-06]
                T4:1              <= [-3.930664e-06]: 'OK'
                T4:1[    0-0    ] <= [-3.930664206563961e-06]
                T4:1              <= [-3.930664e-06]: 'OK'
                T4:1[    0-0    ] <= [-3.930664206563961e-06]
                T4:1              <= [4.6999974]: 'OK'
                T4:1[    0-0    ] <= [4.699997425079346]
                T4:1              <= [4.6999974]: 'OK'
                T4:1[    0-0    ] <= [4.699997425079346]
                T4:1              <= [4.6999974]: 'OK'
                T4:1[    0-0    ] <= [4.699997425079346]
                T4:1              <= [4.6999974]: 'OK'
                T4:1[    0-0    ] <= [4.699997425079346]
                T4:1              <= [-3.930664e-06]: 'OK'
                T4:1[    0-0    ] <= [-3.930664206563961e-06]
                T4:1              <= [-3.930664e-06]: 'OK'
                T4:1[    0-0    ] <= [-3.930664206563961e-06]
                T4:1              <= [-3.930664e-06]: 'OK'
                T4:1[    0-0    ] <= [-3.930664206563961e-06]
                T4:1              <= [4.6999974]: 'OK'
                T4:1[    0-0    ] <= [4.699997425079346]
                T4:1              <= [4.6999974]: 'OK'
                T4:1[    0-0    ] <= [4.699997425079346]
                T4:1              <= [4.6999974]: 'OK'
                T4:1[    0-0    ] <= [4.699997425079346]
                T4:1              <= [4.6999974]: 'OK'
                T4:1[    0-0    ] <= [4.699997425079346]
                T4:1              <= [1.4672852e-05]: 'OK'
                T4:1[    0-0    ] <= [1.46728516483563e-05]
                T4:1              <= [-3.930664e-06]: 'OK'
                T4:1[    0-0    ] <= [-3.930664206563961e-06]
                T4:1              <= [-3.930664e-06]: 'OK'
                T4:1[    0-0    ] <= [-3.930664206563961e-06]
                T4:1              <= [-3.930664e-06]: 'OK'
                T4:1[    0-0    ] <= [-3.930664206563961e-06]
                T4:1              <= [-3.930664e-06]: 'OK'
                T4:1[    0-0    ] <= [-3.930664206563961e-06]
                T4:1              <= [8.908691e-05]: 'OK'
                T4:1[    0-0    ] <= [8.908691233955324e-05]
                T4:1              <= [8.908691e-05]: 'OK'
                T4:1[    0-0    ] <= [8.908691233955324e-05]
                T4:1              <= [4.6999974]: 'OK'
                T4:1[    0-0    ] <= [4.699997425079346]
                T4:1              <= [4.6999974]: 'OK'
                T4:1[    0-0    ] <= [4.699997425079346]
                T4:1              <= [-3.930664e-06]: 'OK'
                T4:1[    0-0    ] <= [-3.930664206563961e-06]
                T4:1              <= [-3.930664e-06]: 'OK'
                T4:1[    0-0    ] <= [-3.930664206563961e-06]
                T4:1              <= [-3.930664e-06]: 'OK'
                T4:1[    0-0    ] <= [-3.930664206563961e-06]
                T4:1              <= [-3.930664e-06]: 'OK'
                T4:1[    0-0    ] <= [-3.930664206563961e-06]
                T4:1              <= [-3.930664e-06]: 'OK'
                T4:1[    0-0    ] <= [-3.930664206563961e-06]
                T4:1              <= [-3.930664e-06]: 'OK'
                T4:1[    0-0    ] <= [-3.930664206563961e-06]
                T4:1              <= [4.6999974]: 'OK'
                T4:1[    0-0    ] <= [4.699997425079346]
                T4:1              <= [4.6999974]: 'OK'
                T4:1[    0-0    ] <= [4.699997425079346]
                T4:1              <= [0.00011699219]: 'OK'
                T4:1[    0-0    ] <= [0.00011699218885041773]
                T4:1              <= [7.978515e-05]: 'OK'
                T4:1[    0-0    ] <= [7.97851535025984e-05]
                T4:1              <= [7.978515e-05]: 'OK'
                T4:1[    0-0    ] <= [7.97851535025984e-05]
                T4:1              <= [-3.930664e-06]: 'OK'
                T4:1[    0-0    ] <= [-3.930664206563961e-06]
                T4:1              <= [-3.930664e-06]: 'OK'
                T4:1[    0-0    ] <= [-3.930664206563961e-06]
                T4:1              <= [4.6999974]: 'OK'
                T4:1[    0-0    ] <= [4.699997425079346]
                T4:1              <= [4.6999974]: 'OK'
                T4:1[    0-0    ] <= [4.699997425079346]
                T4:1              <= [4.6999974]: 'OK'
                T4:1[    0-0    ] <= [4.699997425079346]
                T4:1              <= [4.6999974]: 'OK'
                T4:1[    0-0    ] <= [4.699997425079346]
                T4:1              <= [4.6999974]: 'OK'
                T4:1[    0-0    ] <= [4.699997425079346]
                T4:1              <= [-3.930664e-06]: 'OK'
                T4:1[    0-0    ] <= [-3.930664206563961e-06]
                T4:1              <= [-3.930664e-06]: 'OK'
                T4:1[    0-0    ] <= [-3.930664206563961e-06]
                T4:1              <= [1.4672852e-05]: 'OK'
                T4:1[    0-0    ] <= [1.46728516483563e-05]
                T4:1              <= [1.4672852e-05]: 'OK'
                T4:1[    0-0    ] <= [1.46728516483563e-05]
                T4:1[    0-0    ] <= [4.699997425079346]
                T4:1              <= [4.6999974]: 'OK'
                T4:1              <= [4.6999974]: 'OK'
                T4:1[    0-0    ] <= [4.699997425079346]
                T4:1              <= [4.6999974]: 'OK'
                T4:1[    0-0    ] <= [4.699997425079346]
                T4:1              <= [-3.930664e-06]: 'OK'
                T4:1[    0-0    ] <= [-3.930664206563961e-06]
                T4:1              <= [0.00012629395]: 'OK'
                T4:1[    0-0    ] <= [0.00012629394768737257]
                T4:1              <= [0.00012629395]: 'OK'
                T4:1[    0-0    ] <= [0.00012629394768737257]
                T4:1              <= [0.00012629395]: 'OK'
                T4:1[    0-0    ] <= [0.00012629394768737257]
                T4:1              <= [4.6999974]: 'OK'
                T4:1[    0-0    ] <= [4.699997425079346]
                T4:1              <= [4.6999974]: 'OK'
                T4:1[    0-0    ] <= [4.699997425079346]
                T4:1              <= [4.6999974]: 'OK'
                T4:1[    0-0    ] <= [4.699997425079346]
                T4:1              <= [4.6999974]: 'OK'
                T4:1[    0-0    ] <= [4.699997425079346]
                T4:1              <= [4.6999974]: 'OK'
                T4:1[    0-0    ] <= [4.699997425079346]
                T4:1              <= [4.6999974]: 'OK'
                T4:1[    0-0    ] <= [4.699997425079346]
                T4:1              <= [1.4672852e-05]: 'OK'
                T4:1[    0-0    ] <= [1.46728516483563e-05]
                T4:1[    0-0    ] <= [1.46728516483563e-05]
                T4:1              <= [1.4672852e-05]: 'OK'
                T4:1              <= [-3.930664e-06]: 'OK'
                T4:1[    0-0    ] <= [-3.930664206563961e-06]
                T4:1              <= [-3.930664e-06]: 'OK'
                T4:1[    0-0    ] <= [-3.930664206563961e-06]
                T4:1              <= [-3.930664e-06]: 'OK'
                T4:1[    0-0    ] <= [-3.930664206563961e-06]
                T4:1              <= [-3.930664e-06]: 'OK'
                T4:1[    0-0    ] <= [-3.930664206563961e-06]
                T4:1              <= [1.4672852e-05]: 'OK'
                T4:1[    0-0    ] <= [1.46728516483563e-05]
                T4:1              <= [1.4672852e-05]: 'OK'
                T4:1[    0-0    ] <= [1.46728516483563e-05]
                T4:1              <= [7.978515e-05]: 'OK'
                T4:1[    0-0    ] <= [7.97851535025984e-05]
                T4:1              <= [7.978515e-05]: 'OK'
                T4:1[    0-0    ] <= [7.97851535025984e-05]
                T4:1              <= [4.6999974]: 'OK'
                T4:1[    0-0    ] <= [4.699997425079346]
                T4:1              <= [4.6999974]: 'OK'
                T4:1[    0-0    ] <= [4.699997425079346]
                T4:1              <= [4.6999974]: 'OK'
                T4:1[    0-0    ] <= [4.699997425079346]
                T4:1              <= [4.6999974]: 'OK'
                T4:1[    0-0    ] <= [4.699997425079346]
                T4:1              <= [4.6999974]: 'OK'
                T4:1[    0-0    ] <= [4.699997425079346]
                T4:1              <= [0.00012629395]: 'OK'
                T4:1[    0-0    ] <= [0.00012629394768737257]
                T4:1              <= [0.00012629395]: 'OK'
                T4:1[    0-0    ] <= [0.00012629394768737257]
                T4:1              <= [-3.930664e-06]: 'OK'
                T4:1[    0-0    ] <= [-3.930664206563961e-06]
                T4:1              <= [-3.930664e-06]: 'OK'
                T4:1[    0-0    ] <= [-3.930664206563961e-06]
                T4:1              <= [-3.930664e-06]: 'OK'
                T4:1[    0-0    ] <= [-3.930664206563961e-06]
                T4:1              <= [-3.930664e-06]: 'OK'
                T4:1[    0-0    ] <= [-3.930664206563961e-06]
                T4:1              <= [4.2578125e-05]: 'OK'
                T4:1[    0-0    ] <= [4.257812543073669e-05]
                T4:1              <= [4.2578125e-05]: 'OK'
                T4:1[    0-0    ] <= [4.257812543073669e-05]
                T4:1              <= [3.3276367e-05]: 'OK'
                T4:1[    0-0    ] <= [3.327636659378186e-05]
                T4:1[    0-0    ] <= [3.327636659378186e-05]
                T4:1              <= [3.3276367e-05]: 'OK'
                T4:1              <= [3.3276367e-05]: 'OK'
                T4:1[    0-0    ] <= [3.327636659378186e-05]
                T4:1              <= [7.978515e-05]: 'OK'
                T4:1[    0-0    ] <= [7.97851535025984e-05]
                T4:1              <= [7.978515e-05]: 'OK'
                T4:1[    0-0    ] <= [7.97851535025984e-05]
                T4:1              <= [7.978515e-05]: 'OK'
                T4:1[    0-0    ] <= [7.97851535025984e-05]
                T4:1              <= [-3.930664e-06]: 'OK'
                T4:1[    0-0    ] <= [-3.930664206563961e-06]
                T4:1[    0-0    ] <= [4.699997425079346]
                T4:1              <= [4.6999974]: 'OK'
                T4:1              <= [4.6999974]: 'OK'
                T4:1[    0-0    ] <= [4.699997425079346]
                T4:1              <= [4.6999974]: 'OK'
                T4:1[    0-0    ] <= [4.699997425079346]
                T4:1              <= [4.6999974]: 'OK'
                T4:1[    0-0    ] <= [4.699997425079346]
                T4:1              <= [4.6999974]: 'OK'
                T4:1[    0-0    ] <= [4.699997425079346]
                T4:1              <= [4.6999974]: 'OK'
                T4:1[    0-0    ] <= [4.699997425079346]
                T4:1              <= [1.4672852e-05]: 'OK'
                T4:1[    0-0    ] <= [1.46728516483563e-05]
                T4:1              <= [1.4672852e-05]: 'OK'
                T4:1[    0-0    ] <= [1.46728516483563e-05]
                T4:1              <= [1.4672852e-05]: 'OK'
                T4:1[    0-0    ] <= [1.46728516483563e-05]
                T4:1              <= [1.4672852e-05]: 'OK'
                T4:1[    0-0    ] <= [1.46728516483563e-05]
                T4:1              <= [1.4672852e-05]: 'OK'
                T4:1[    0-0    ] <= [1.46728516483563e-05]
                T4:1              <= [1.4672852e-05]: 'OK'
                T4:1[    0-0    ] <= [1.46728516483563e-05]
                T4:1              <= [1.4672852e-05]: 'OK'
                T4:1[    0-0    ] <= [1.46728516483563e-05]
                T4:1              <= [1.4672852e-05]: 'OK'
                T4:1[    0-0    ] <= [1.46728516483563e-05]
                T4:1              <= [1.4672852e-05]: 'OK'
                T4:1[    0-0    ] <= [1.46728516483563e-05]
                T4:1              <= [1.4672852e-05]: 'OK'
                T4:1[    0-0    ] <= [1.46728516483563e-05]
                T4:1              <= [1.4672852e-05]: 'OK'
                T4:1[    0-0    ] <= [1.46728516483563e-05]
                T4:1              <= [1.4672852e-05]: 'OK'
                T4:1[    0-0    ] <= [1.46728516483563e-05]
                T4:1              <= [1.4672852e-05]: 'OK'
                T4:1[    0-0    ] <= [1.46728516483563e-05]
                T4:1              <= [1.4672852e-05]: 'OK'
                T4:1[    0-0    ] <= [1.46728516483563e-05]
                T4:1              <= [1.4672852e-05]: 'OK'
                T4:1[    0-0    ] <= [1.46728516483563e-05]
                T4:1              <= [4.6999974]: 'OK'
                T4:1[    0-0    ] <= [4.699997425079346]
                T4:1              <= [4.6999974]: 'OK'
                T4:1[    0-0    ] <= [4.699997425079346]
                T4:1              <= [4.6999974]: 'OK'
                T4:1[    0-0    ] <= [4.699997425079346]
                T4:1              <= [4.6999974]: 'OK'
                T4:1[    0-0    ] <= [4.699997425079346]
                T4:1[    0-0    ] <= [4.699997425079346]
                T4:1              <= [4.6999974]: 'OK'
                T4:1              <= [4.6999974]: 'OK'
                T4:1[    0-0    ] <= [4.699997425079346]
                T4:1              <= [-3.930664e-06]: 'OK'
                T4:1[    0-0    ] <= [-3.930664206563961e-06]
                T4:1              <= [-3.930664e-06]: 'OK'
                T4:1[    0-0    ] <= [-3.930664206563961e-06]
                T4:1              <= [-3.930664e-06]: 'OK'
                T4:1[    0-0    ] <= [-3.930664206563961e-06]
                T4:1              <= [-3.930664e-06]: 'OK'
                T4:1[    0-0    ] <= [-3.930664206563961e-06]
                T4:1              <= [4.6999974]: 'OK'
                T4:1[    0-0    ] <= [4.699997425079346]
                T4:1              <= [4.6999974]: 'OK'
                T4:1[    0-0    ] <= [4.699997425079346]
                T4:1              <= [4.6999974]: 'OK'
                T4:1[    0-0    ] <= [4.699997425079346]
                T4:1              <= [-3.930664e-06]: 'OK'
                T4:1[    0-0    ] <= [-3.930664206563961e-06]
                T4:1              <= [-3.930664e-06]: 'OK'
                T4:1[    0-0    ] <= [-3.930664206563961e-06]
                T4:1              <= [-3.930664e-06]: 'OK'
                T4:1[    0-0    ] <= [-3.930664206563961e-06]
                T4:1              <= [-3.930664e-06]: 'OK'
                T4:1[    0-0    ] <= [-3.930664206563961e-06]
                T4:1              <= [-3.930664e-06]: 'OK'
                T4:1[    0-0    ] <= [-3.930664206563961e-06]
                T4:1              <= [-3.930664e-06]: 'OK'
                T4:1[    0-0    ] <= [-3.930664206563961e-06]
                T4:1              <= [-3.930664e-06]: 'OK'
                T4:1[    0-0    ] <= [-3.930664206563961e-06]
                T4:1              <= [-3.930664e-06]: 'OK'
                T4:1[    0-0    ] <= [-3.930664206563961e-06]
                T4:1              <= [0.00011699219]: 'OK'
                T4:1[    0-0    ] <= [0.00011699218885041773]
                T4:1              <= [0.00011699219]: 'OK'
                T4:1[    0-0    ] <= [0.00011699218885041773]
                T4:1              <= [0.00011699219]: 'OK'
                T4:1[    0-0    ] <= [0.00011699218885041773]
                T4:1              <= [4.2578125e-05]: 'OK'
                T4:1[    0-0    ] <= [4.257812543073669e-05]
                T4:1              <= [4.2578125e-05]: 'OK'
                T4:1[    0-0    ] <= [4.257812543073669e-05]
                T4:1              <= [4.6999974]: 'OK'
                T4:1[    0-0    ] <= [4.699997425079346]
                T4:1              <= [4.6999974]: 'OK'
                T4:1[    0-0    ] <= [4.699997425079346]
                T4:1              <= [4.6999974]: 'OK'
                T4:1[    0-0    ] <= [4.699997425079346]
                T4:1              <= [7.978515e-05]: 'OK'
                T4:1[    0-0    ] <= [7.97851535025984e-05]
                T4:1              <= [7.978515e-05]: 'OK'
                T4:1[    0-0    ] <= [7.97851535025984e-05]
                T4:1              <= [7.978515e-05]: 'OK'
                T4:1[    0-0    ] <= [7.97851535025984e-05]
                T4:1              <= [-3.930664e-06]: 'OK'
                T4:1[    0-0    ] <= [-3.930664206563961e-06]
                T4:1              <= [-3.930664e-06]: 'OK'
                T4:1[    0-0    ] <= [-3.930664206563961e-06]
                T4:1              <= [-3.930664e-06]: 'OK'
                T4:1[    0-0    ] <= [-3.930664206563961e-06]
                T4:1              <= [-3.930664e-06]: 'OK'
                T4:1[    0-0    ] <= [-3.930664206563961e-06]
                T4:1              <= [-3.930664e-06]: 'OK'
                T4:1[    0-0    ] <= [-3.930664206563961e-06]
                T4:1              <= [4.6999974]: 'OK'
                T4:1[    0-0    ] <= [4.699997425079346]
                T4:1              <= [4.6999974]: 'OK'
                T4:1[    0-0    ] <= [4.699997425079346]
                T4:1[    0-0    ] <= [4.699997425079346]
                T4:1              <= [4.6999974]: 'OK'
                T4:1              <= [4.6999974]: 'OK'
                T4:1[    0-0    ] <= [4.699997425079346]
                T4:1              <= [4.6999974]: 'OK'
                T4:1[    0-0    ] <= [4.699997425079346]
                T4:1              <= [8.908691e-05]: 'OK'
                T4:1[    0-0    ] <= [8.908691233955324e-05]
                T4:1              <= [8.908691e-05]: 'OK'
                T4:1[    0-0    ] <= [8.908691233955324e-05]
                T4:1              <= [-3.930664e-06]: 'OK'
                T4:1[    0-0    ] <= [-3.930664206563961e-06]
                T4:1              <= [-3.930664e-06]: 'OK'
                T4:1[    0-0    ] <= [-3.930664206563961e-06]
                T4:1              <= [4.6999974]: 'OK'
                T4:1[    0-0    ] <= [4.699997425079346]
                T4:1              <= [4.6999974]: 'OK'
                T4:1[    0-0    ] <= [4.699997425079346]
                T4:1              <= [4.6999974]: 'OK'
                T4:1[    0-0    ] <= [4.699997425079346]
                T4:1              <= [4.6999974]: 'OK'
                T4:1[    0-0    ] <= [4.699997425079346]
                T4:1              <= [-3.930664e-06]: 'OK'
                T4:1[    0-0    ] <= [-3.930664206563961e-06]
                T4:1              <= [-3.930664e-06]: 'OK'
                T4:1[    0-0    ] <= [-3.930664206563961e-06]
                T4:1              <= [-3.930664e-06]: 'OK'
                T4:1[    0-0    ] <= [-3.930664206563961e-06]
                T4:1              <= [-3.930664e-06]: 'OK'
                T4:1[    0-0    ] <= [-3.930664206563961e-06]
                T4:1              <= [-3.930664e-06]: 'OK'
                T4:1[    0-0    ] <= [-3.930664206563961e-06]
                T4:1              <= [-3.930664e-06]: 'OK'
                T4:1[    0-0    ] <= [-3.930664206563961e-06]
                T4:1              <= [-3.930664e-06]: 'OK'
                T4:1[    0-0    ] <= [-3.930664206563961e-06]
                T4:1              <= [6.118164e-05]: 'OK'
                T4:1[    0-0    ] <= [6.118164310464635e-05]
                T4:1              <= [6.118164e-05]: 'OK'
                T4:1[    0-0    ] <= [6.118164310464635e-05]
                T4:1              <= [4.6999974]: 'OK'
                T4:1[    0-0    ] <= [4.699997425079346]
                T4:1              <= [4.6999974]: 'OK'
                T4:1[    0-0    ] <= [4.699997425079346]
                T4:1              <= [4.6999974]: 'OK'
                T4:1[    0-0    ] <= [4.699997425079346]
                T4:1              <= [4.6999974]: 'OK'
                T4:1[    0-0    ] <= [4.699997425079346]
                T4:1              <= [4.6999974]: 'OK'
                T4:1[    0-0    ] <= [4.699997425079346]
                T4:1              <= [4.6999974]: 'OK'
                T4:1[    0-0    ] <= [4.699997425079346]
                T4:1              <= [4.6999974]: 'OK'
                T4:1[    0-0    ] <= [4.699997425079346]
                T4:1              <= [-3.930664e-06]: 'OK'
                T4:1[    0-0    ] <= [-3.930664206563961e-06]
                T4:1              <= [-3.930664e-06]: 'OK'
                T4:1[    0-0    ] <= [-3.930664206563961e-06]
                T4:1              <= [-3.930664e-06]: 'OK'
                T4:1[    0-0    ] <= [-3.930664206563961e-06]
                T4:1              <= [-3.930664e-06]: 'OK'
                T4:1[    0-0    ] <= [-3.930664206563961e-06]
                T4:1              <= [-3.930664e-06]: 'OK'
                T4:1[    0-0    ] <= [-3.930664206563961e-06]
                T4:1              <= [-3.930664e-06]: 'OK'
                T4:1[    0-0    ] <= [-3.930664206563961e-06]
                T4:1              <= [-3.930664e-06]: 'OK'
                T4:1[    0-0    ] <= [-3.930664206563961e-06]
                T4:1              <= [8.908691e-05]: 'OK'
                T4:1[    0-0    ] <= [8.908691233955324e-05]
                T4:1              <= [8.908691e-05]: 'OK'
                T4:1[    0-0    ] <= [8.908691233955324e-05]
                T4:1              <= [8.908691e-05]: 'OK'
                T4:1[    0-0    ] <= [8.908691233955324e-05]
                T4:1              <= [8.908691e-05]: 'OK'
                T4:1[    0-0    ] <= [8.908691233955324e-05]
                T4:1              <= [4.6999974]: 'OK'
                T4:1[    0-0    ] <= [4.699997425079346]
                T4:1              <= [4.6999974]: 'OK'
                T4:1[    0-0    ] <= [4.699997425079346]
                T4:1              <= [4.6999974]: 'OK'
                T4:1[    0-0    ] <= [4.699997425079346]
                T4:1              <= [4.6999974]: 'OK'
                T4:1[    0-0    ] <= [4.699997425079346]
                T4:1              <= [4.6999974]: 'OK'
                T4:1[    0-0    ] <= [4.699997425079346]
                T4:1              <= [4.6999974]: 'OK'
                T4:1[    0-0    ] <= [4.699997425079346]
                T4:1              <= [0.00015419922]: 'OK'
                T4:1[    0-0    ] <= [0.00015419922419823706]
                T4:1              <= [0.00015419922]: 'OK'
                T4:1[    0-0    ] <= [0.00015419922419823706]
                T4:1              <= [0.00015419922]: 'OK'
                T4:1[    0-0    ] <= [0.00015419922419823706]
                T4:1              <= [0.00015419922]: 'OK'
                T4:1[    0-0    ] <= [0.00015419922419823706]
                T4:1[    0-0    ] <= [-3.930664206563961e-06]
                T4:1              <= [-3.930664e-06]: 'OK'
                T4:1              <= [-3.930664e-06]: 'OK'
                T4:1[    0-0    ] <= [-3.930664206563961e-06]
                T4:1              <= [-3.930664e-06]: 'OK'
                T4:1[    0-0    ] <= [-3.930664206563961e-06]
                T4:1              <= [-3.930664e-06]: 'OK'
                T4:1[    0-0    ] <= [-3.930664206563961e-06]
                T4:1              <= [-3.930664e-06]: 'OK'
                T4:1[    0-0    ] <= [-3.930664206563961e-06]
                T4:1              <= [1.4672852e-05]: 'OK'
                T4:1[    0-0    ] <= [1.46728516483563e-05]
                T4:1              <= [4.6999974]: 'OK'
                T4:1[    0-0    ] <= [4.699997425079346]
                T4:1              <= [4.6999974]: 'OK'
                T4:1[    0-0    ] <= [4.699997425079346]
                T4:1[    0-0    ] <= [4.699997425079346]
                T4:1              <= [4.6999974]: 'OK'
                T4:1              <= [4.6999974]: 'OK'
                T4:1[    0-0    ] <= [4.699997425079346]
                T4:1              <= [4.6999974]: 'OK'
                T4:1[    0-0    ] <= [4.699997425079346]
                T4:1              <= [4.6999974]: 'OK'
                T4:1[    0-0    ] <= [4.699997425079346]
                T4:1              <= [4.6999974]: 'OK'
                T4:1[    0-0    ] <= [4.699997425079346]
                T4:1              <= [4.6999974]: 'OK'
                T4:1[    0-0    ] <= [4.699997425079346]
                T4:1              <= [-3.930664e-06]: 'OK'
                T4:1[    0-0    ] <= [-3.930664206563961e-06]
                T4:1              <= [-3.930664e-06]: 'OK'
                T4:1[    0-0    ] <= [-3.930664206563961e-06]
                T4:1[    0-0    ] <= [-3.930664206563961e-06]
                T4:1              <= [-3.930664e-06]: 'OK'
                T4:1              <= [-3.930664e-06]: 'OK'
                T4:1[    0-0    ] <= [-3.930664206563961e-06]
                T4:1              <= [-3.930664e-06]: 'OK'
                T4:1[    0-0    ] <= [-3.930664206563961e-06]
                T4:1              <= [-3.930664e-06]: 'OK'
                T4:1[    0-0    ] <= [-3.930664206563961e-06]
                T4:1              <= [-3.930664e-06]: 'OK'
                T4:1[    0-0    ] <= [-3.930664206563961e-06]
                T4:1              <= [-3.930664e-06]: 'OK'
                T4:1[    0-0    ] <= [-3.930664206563961e-06]
                T4:1              <= [-3.930664e-06]: 'OK'
                T4:1[    0-0    ] <= [-3.930664206563961e-06]
                T4:1              <= [-3.930664e-06]: 'OK'
                T4:1[    0-0    ] <= [-3.930664206563961e-06]
                T4:1              <= [7.978515e-05]: 'OK'
                T4:1[    0-0    ] <= [7.97851535025984e-05]
                T4:1              <= [7.978515e-05]: 'OK'
                T4:1[    0-0    ] <= [7.97851535025984e-05]
                T4:1              <= [7.978515e-05]: 'OK'
                T4:1[    0-0    ] <= [7.97851535025984e-05]
                T4:1              <= [7.978515e-05]: 'OK'
                T4:1[    0-0    ] <= [7.97851535025984e-05]
                T4:1              <= [7.978515e-05]: 'OK'
                T4:1[    0-0    ] <= [7.97851535025984e-05]
                T4:1              <= [7.978515e-05]: 'OK'
                T4:1[    0-0    ] <= [7.97851535025984e-05]
                T4:1              <= [7.978515e-05]: 'OK'
                T4:1[    0-0    ] <= [7.97851535025984e-05]
                T4:1              <= [7.978515e-05]: 'OK'
                T4:1[    0-0    ] <= [7.97851535025984e-05]
                T4:1              <= [7.978515e-05]: 'OK'
                T4:1[    0-0    ] <= [7.97851535025984e-05]
                T4:1              <= [-3.930664e-06]: 'OK'
                T4:1[    0-0    ] <= [-3.930664206563961e-06]
                T4:1              <= [4.6999974]: 'OK'
                T4:1[    0-0    ] <= [4.699997425079346]
                T4:1              <= [4.6999974]: 'OK'
                T4:1[    0-0    ] <= [4.699997425079346]
                T4:1              <= [4.6999974]: 'OK'
                T4:1[    0-0    ] <= [4.699997425079346]
                T4:1              <= [4.6999974]: 'OK'
                T4:1[    0-0    ] <= [4.699997425079346]
                T4:1              <= [4.6999974]: 'OK'
                T4:1[    0-0    ] <= [4.699997425079346]
                T4:1              <= [4.6999974]: 'OK'
                T4:1[    0-0    ] <= [4.699997425079346]
                T4:1              <= [-3.930664e-06]: 'OK'
                T4:1[    0-0    ] <= [-3.930664206563961e-06]
                T4:1              <= [-3.930664e-06]: 'OK'
                T4:1[    0-0    ] <= [-3.930664206563961e-06]
                T4:1              <= [-3.930664e-06]: 'OK'
                T4:1[    0-0    ] <= [-3.930664206563961e-06]
                T4:1              <= [-3.930664e-06]: 'OK'
                T4:1[    0-0    ] <= [-3.930664206563961e-06]
                T4:1              <= [-3.930664e-06]: 'OK'
                T4:1[    0-0    ] <= [-3.930664206563961e-06]
                T4:1              <= [-3.930664e-06]: 'OK'
                T4:1[    0-0    ] <= [-3.930664206563961e-06]
                T4:1              <= [-3.930664e-06]: 'OK'
                T4:1[    0-0    ] <= [-3.930664206563961e-06]
                T4:1              <= [-3.930664e-06]: 'OK'
                T4:1[    0-0    ] <= [-3.930664206563961e-06]
                T4:1              <= [-3.930664e-06]: 'OK'
                T4:1[    0-0    ] <= [-3.930664206563961e-06]
                T4:1              <= [-3.930664e-06]: 'OK'
                T4:1[    0-0    ] <= [-3.930664206563961e-06]
                T4:1              <= [-3.930664e-06]: 'OK'
                T4:1[    0-0    ] <= [-3.930664206563961e-06]
                T4:1              <= [-3.930664e-06]: 'OK'
                T4:1[    0-0    ] <= [-3.930664206563961e-06]
                T4:1              <= [-3.930664e-06]: 'OK'
                T4:1[    0-0    ] <= [-3.930664206563961e-06]
                T4:1              <= [1.4672852e-05]: 'OK'
                T4:1[    0-0    ] <= [1.46728516483563e-05]
                T4:1              <= [1.4672852e-05]: 'OK'
                T4:1[    0-0    ] <= [1.46728516483563e-05]
                T4:1              <= [1.4672852e-05]: 'OK'
                T4:1[    0-0    ] <= [1.46728516483563e-05]
                T4:1              <= [1.4672852e-05]: 'OK'
                T4:1[    0-0    ] <= [1.46728516483563e-05]
                T4:1              <= [1.4672852e-05]: 'OK'
                T4:1[    0-0    ] <= [1.46728516483563e-05]
                T4:1              <= [-3.930664e-06]: 'OK'
                T4:1[    0-0    ] <= [-3.930664206563961e-06]
                T4:1              <= [4.6999974]: 'OK'
                T4:1[    0-0    ] <= [4.699997425079346]
                T4:1              <= [4.6999974]: 'OK'
                T4:1[    0-0    ] <= [4.699997425079346]
                T4:1              <= [4.6999974]: 'OK'
                T4:1[    0-0    ] <= [4.699997425079346]
                T4:1              <= [4.6999974]: 'OK'
                T4:1[    0-0    ] <= [4.699997425079346]
                T4:1              <= [4.6999974]: 'OK'
                T4:1[    0-0    ] <= [4.699997425079346]
                T4:1              <= [0.00012629395]: 'OK'
                T4:1[    0-0    ] <= [0.00012629394768737257]
                T4:1              <= [0.00012629395]: 'OK'
                T4:1[    0-0    ] <= [0.00012629394768737257]
                T4:1              <= [0.00012629395]: 'OK'
                T4:1[    0-0    ] <= [0.00012629394768737257]
                T4:1              <= [0.00012629395]: 'OK'
                T4:1[    0-0    ] <= [0.00012629394768737257]
                T4:1              <= [-3.930664e-06]: 'OK'
                T4:1[    0-0    ] <= [-3.930664206563961e-06]
                T4:1              <= [-3.930664e-06]: 'OK'
                T4:1[    0-0    ] <= [-3.930664206563961e-06]
                T4:1              <= [4.6999974]: 'OK'
                T4:1[    0-0    ] <= [4.699997425079346]
                T4:1              <= [4.6999974]: 'OK'
                T4:1[    0-0    ] <= [4.699997425079346]
                T4:1              <= [4.6999974]: 'OK'
                T4:1[    0-0    ] <= [4.699997425079346]
                T4:1              <= [4.6999974]: 'OK'
                T4:1[    0-0    ] <= [4.699997425079346]
                T4:1              <= [4.6999974]: 'OK'
                T4:1[    0-0    ] <= [4.699997425079346]
                T4:1              <= [4.6999974]: 'OK'
                T4:1[    0-0    ] <= [4.699997425079346]
                T4:1              <= [4.6999974]: 'OK'
                T4:1[    0-0    ] <= [4.699997425079346]
                T4:1              <= [4.6999974]: 'OK'
                T4:1[    0-0    ] <= [4.699997425079346]
                T4:1              <= [0.00015419922]: 'OK'
                T4:1[    0-0    ] <= [0.00015419922419823706]
                T4:1              <= [0.00015419922]: 'OK'
                T4:1[    0-0    ] <= [0.00015419922419823706]
                T4:1              <= [0.00015419922]: 'OK'
                T4:1[    0-0    ] <= [0.00015419922419823706]
                T4:1              <= [-3.930664e-06]: 'OK'
                T4:1[    0-0    ] <= [-3.930664206563961e-06]
                T4:1              <= [-3.930664e-06]: 'OK'
                T4:1[    0-0    ] <= [-3.930664206563961e-06]
                T4:1              <= [-3.930664e-06]: 'OK'
                T4:1[    0-0    ] <= [-3.930664206563961e-06]
                T4:1              <= [4.6999974]: 'OK'
                T4:1[    0-0    ] <= [4.699997425079346]
                T4:1[    0-0    ] <= [4.699997425079346]
                T4:1              <= [4.6999974]: 'OK'
                T4:1              <= [4.6999974]: 'OK'
                T4:1[    0-0    ] <= [4.699997425079346]
                T4:1              <= [4.6999974]: 'OK'
                T4:1[    0-0    ] <= [4.699997425079346]
                T4:1              <= [4.6999974]: 'OK'
                T4:1[    0-0    ] <= [4.699997425079346]
                T4:1              <= [4.6999974]: 'OK'
                T4:1[    0-0    ] <= [4.699997425079346]
                T4:1              <= [4.6999974]: 'OK'
                T4:1[    0-0    ] <= [4.699997425079346]
                T4:1              <= [-3.930664e-06]: 'OK'
                T4:1[    0-0    ] <= [-3.930664206563961e-06]
                T4:1              <= [-3.930664e-06]: 'OK'
                T4:1[    0-0    ] <= [-3.930664206563961e-06]
                T4:1              <= [-3.930664e-06]: 'OK'
                T4:1[    0-0    ] <= [-3.930664206563961e-06]
                T4:1              <= [-3.930664e-06]: 'OK'
                T4:1[    0-0    ] <= [-3.930664206563961e-06]
                T4:1              <= [-3.930664e-06]: 'OK'
                T4:1[    0-0    ] <= [-3.930664206563961e-06]
                T4:1              <= [-3.930664e-06]: 'OK'
                T4:1[    0-0    ] <= [-3.930664206563961e-06]
                T4:1              <= [-3.930664e-06]: 'OK'
                T4:1[    0-0    ] <= [-3.930664206563961e-06]
                T4:1              <= [-3.930664e-06]: 'OK'
                T4:1[    0-0    ] <= [-3.930664206563961e-06]
                T4:1              <= [-3.930664e-06]: 'OK'
                T4:1[    0-0    ] <= [-3.930664206563961e-06]
                T4:1              <= [4.6999974]: 'OK'
                T4:1[    0-0    ] <= [4.699997425079346]
                T4:1[    0-0    ] <= [4.699997425079346]
                T4:1              <= [4.6999974]: 'OK'
                T4:1              <= [4.6999974]: 'OK'
                T4:1[    0-0    ] <= [4.699997425079346]
                T4:1              <= [4.6999974]: 'OK'
                T4:1[    0-0    ] <= [4.699997425079346]
                T4:1              <= [4.6999974]: 'OK'
                T4:1[    0-0    ] <= [4.699997425079346]
                T4:1              <= [4.6999974]: 'OK'
                T4:1[    0-0    ] <= [4.699997425079346]
                T4:1              <= [-3.930664e-06]: 'OK'
                T4:1[    0-0    ] <= [-3.930664206563961e-06]
                T4:1              <= [-3.930664e-06]: 'OK'
                T4:1[    0-0    ] <= [-3.930664206563961e-06]
                T4:1              <= [-3.930664e-06]: 'OK'
                T4:1[    0-0    ] <= [-3.930664206563961e-06]
                T4:1              <= [-3.930664e-06]: 'OK'
                T4:1[    0-0    ] <= [-3.930664206563961e-06]
                T4:1              <= [-3.930664e-06]: 'OK'
                T4:1[    0-0    ] <= [-3.930664206563961e-06]
                T4:1              <= [-3.930664e-06]: 'OK'
                T4:1[    0-0    ] <= [-3.930664206563961e-06]
                T4:1              <= [-3.930664e-06]: 'OK'
                T4:1[    0-0    ] <= [-3.930664206563961e-06]
                T4:1              <= [-3.930664e-06]: 'OK'
                T4:1[    0-0    ] <= [-3.930664206563961e-06]
                T4:1              <= [-3.930664e-06]: 'OK'
                T4:1[    0-0    ] <= [-3.930664206563961e-06]
                T4:1              <= [1.4672852e-05]: 'OK'
                T4:1[    0-0    ] <= [1.46728516483563e-05]
                T4:1              <= [4.6999974]: 'OK'
                T4:1[    0-0    ] <= [4.699997425079346]
                T4:1              <= [4.6999974]: 'OK'
                T4:1[    0-0    ] <= [4.699997425079346]
                T4:1              <= [4.6999974]: 'OK'
                T4:1[    0-0    ] <= [4.699997425079346]
                T4:1              <= [4.6999974]: 'OK'
                T4:1[    0-0    ] <= [4.699997425079346]
                T4:1              <= [4.6999974]: 'OK'
                T4:1[    0-0    ] <= [4.699997425079346]
                T4:1              <= [4.6999974]: 'OK'
                T4:1[    0-0    ] <= [4.699997425079346]
                T4:1              <= [4.6999974]: 'OK'
                T4:1[    0-0    ] <= [4.699997425079346]
                T4:1              <= [-3.930664e-06]: 'OK'
                T4:1[    0-0    ] <= [-3.930664206563961e-06]
                T4:1              <= [-3.930664e-06]: 'OK'
                T4:1[    0-0    ] <= [-3.930664206563961e-06]
                T4:1              <= [-3.930664e-06]: 'OK'
                T4:1[    0-0    ] <= [-3.930664206563961e-06]
                T4:1              <= [-3.930664e-06]: 'OK'
                T4:1[    0-0    ] <= [-3.930664206563961e-06]
                T4:1              <= [-3.930664e-06]: 'OK'
                T4:1[    0-0    ] <= [-3.930664206563961e-06]
                T4:1              <= [-3.930664e-06]: 'OK'
                T4:1[    0-0    ] <= [-3.930664206563961e-06]
                T4:1              <= [-3.930664e-06]: 'OK'
                T4:1[    0-0    ] <= [-3.930664206563961e-06]
                T4:1              <= [-3.930664e-06]: 'OK'
                T4:1[    0-0    ] <= [-3.930664206563961e-06]
                T4:1              <= [-3.930664e-06]: 'OK'
                T4:1[    0-0    ] <= [-3.930664206563961e-06]
                T4:1              <= [1.4672852e-05]: 'OK'
                T4:1[    0-0    ] <= [1.46728516483563e-05]
                T4:1              <= [4.6999974]: 'OK'
                T4:1[    0-0    ] <= [4.699997425079346]
                T4:1              <= [4.6999974]: 'OK'
                T4:1[    0-0    ] <= [4.699997425079346]
                T4:1              <= [4.6999974]: 'OK'
                T4:1[    0-0    ] <= [4.699997425079346]
                T4:1              <= [4.6999974]: 'OK'
                T4:1[    0-0    ] <= [4.699997425079346]
                T4:1              <= [4.6999974]: 'OK'
                T4:1[    0-0    ] <= [4.699997425079346]
                T4:1              <= [4.6999974]: 'OK'
                T4:1[    0-0    ] <= [4.699997425079346]
                T4:1              <= [4.6999974]: 'OK'
                T4:1[    0-0    ] <= [4.699997425079346]
                T4:1[    0-0    ] <= [4.699997425079346]
                T4:1              <= [4.6999974]: 'OK'
                T4:1              <= [4.6999974]: 'OK'
                T4:1[    0-0    ] <= [4.699997425079346]
                T4:1[    0-0    ] <= [4.699997425079346]
                T4:1              <= [4.6999974]: 'OK'
                T4:1              <= [-3.930664e-06]: 'OK'
                T4:1[    0-0    ] <= [-3.930664206563961e-06]
                T4:1              <= [-3.930664e-06]: 'OK'
                T4:1[    0-0    ] <= [-3.930664206563961e-06]
                T4:1              <= [-3.930664e-06]: 'OK'
                T4:1[    0-0    ] <= [-3.930664206563961e-06]
                T4:1              <= [-3.930664e-06]: 'OK'
                T4:1[    0-0    ] <= [-3.930664206563961e-06]
                T4:1              <= [-3.930664e-06]: 'OK'
                T4:1[    0-0    ] <= [-3.930664206563961e-06]
                T4:1              <= [4.6999974]: 'OK'
                T4:1[    0-0    ] <= [4.699997425079346]
                T4:1              <= [4.6999974]: 'OK'
                T4:1[    0-0    ] <= [4.699997425079346]
                T4:1              <= [4.6999974]: 'OK'
                T4:1[    0-0    ] <= [4.699997425079346]
                T4:1[    0-0    ] <= [4.699997425079346]
                T4:1              <= [4.6999974]: 'OK'
                T4:1              <= [4.6999974]: 'OK'
                T4:1[    0-0    ] <= [4.699997425079346]
                T4:1              <= [4.6999974]: 'OK'
                T4:1[    0-0    ] <= [4.699997425079346]
                T4:1              <= [4.6999974]: 'OK'
                T4:1[    0-0    ] <= [4.699997425079346]
                T4:1[    0-0    ] <= [4.699997425079346]
                T4:1              <= [4.6999974]: 'OK'
                T4:1              <= [1.4672852e-05]: 'OK'
                T4:1[    0-0    ] <= [1.46728516483563e-05]
                T4:1              <= [1.4672852e-05]: 'OK'
                T4:1[    0-0    ] <= [1.46728516483563e-05]
                T4:1              <= [1.4672852e-05]: 'OK'
                T4:1[    0-0    ] <= [1.46728516483563e-05]
                T4:1              <= [1.4672852e-05]: 'OK'
                T4:1[    0-0    ] <= [1.46728516483563e-05]
                T4:1              <= [1.4672852e-05]: 'OK'
                T4:1[    0-0    ] <= [1.46728516483563e-05]
                T4:1              <= [-3.930664e-06]: 'OK'
                T4:1[    0-0    ] <= [-3.930664206563961e-06]
                T4:1              <= [-3.930664e-06]: 'OK'
                T4:1[    0-0    ] <= [-3.930664206563961e-06]
                T4:1              <= [-3.930664e-06]: 'OK'
                T4:1[    0-0    ] <= [-3.930664206563961e-06]
                T4:1              <= [-3.930664e-06]: 'OK'
                T4:1[    0-0    ] <= [-3.930664206563961e-06]
                T4:1              <= [-3.930664e-06]: 'OK'
                T4:1[    0-0    ] <= [-3.930664206563961e-06]
                T4:1              <= [-3.930664e-06]: 'OK'
                T4:1[    0-0    ] <= [-3.930664206563961e-06]
                T4:1              <= [4.6999974]: 'OK'
                T4:1[    0-0    ] <= [4.699997425079346]
                T4:1              <= [4.6999974]: 'OK'
                T4:1[    0-0    ] <= [4.699997425079346]
                T4:1              <= [4.6999974]: 'OK'
                T4:1[    0-0    ] <= [4.699997425079346]
                T4:1              <= [4.6999974]: 'OK'
                T4:1[    0-0    ] <= [4.699997425079346]
                T4:1              <= [4.6999974]: 'OK'
                T4:1[    0-0    ] <= [4.699997425079346]
                T4:1              <= [0.00010769043]: 'OK'
                T4:1[    0-0    ] <= [0.0001076904300134629]
                T4:1              <= [0.00010769043]: 'OK'
                T4:1[    0-0    ] <= [0.0001076904300134629]
                T4:1              <= [0.00010769043]: 'OK'
                T4:1[    0-0    ] <= [0.0001076904300134629]
                T4:1              <= [0.00010769043]: 'OK'
                T4:1[    0-0    ] <= [0.0001076904300134629]
                T4:1              <= [0.00010769043]: 'OK'
                T4:1[    0-0    ] <= [0.0001076904300134629]
                T4:1[    0-0    ] <= [-3.930664206563961e-06]
                T4:1              <= [-3.930664e-06]: 'OK'
                T4:1              <= [-3.930664e-06]: 'OK'
                T4:1[    0-0    ] <= [-3.930664206563961e-06]
                T4:1              <= [-3.930664e-06]: 'OK'
                T4:1[    0-0    ] <= [-3.930664206563961e-06]
                T4:1[    0-0    ] <= [-3.930664206563961e-06]
                T4:1              <= [-3.930664e-06]: 'OK'
                T4:1              <= [-3.930664e-06]: 'OK'
                T4:1[    0-0    ] <= [-3.930664206563961e-06]
                T4:1[    0-0    ] <= [-3.930664206563961e-06]
                T4:1              <= [-3.930664e-06]: 'OK'
                T4:1              <= [-3.930664e-06]: 'OK'
                T4:1[    0-0    ] <= [-3.930664206563961e-06]
                T4:1              <= [-3.930664e-06]: 'OK'
                T4:1[    0-0    ] <= [-3.930664206563961e-06]
                T4:1              <= [-3.930664e-06]: 'OK'
                T4:1[    0-0    ] <= [-3.930664206563961e-06]
                T4:1              <= [-3.930664e-06]: 'OK'
                T4:1[    0-0    ] <= [-3.930664206563961e-06]
                T4:1              <= [-3.930664e-06]: 'OK'
                T4:1[    0-0    ] <= [-3.930664206563961e-06]
                T4:1[    0-0    ] <= [-3.930664206563961e-06]
                T4:1              <= [-3.930664e-06]: 'OK'
                T4:1              <= [-3.930664e-06]: 'OK'
                T4:1[    0-0    ] <= [-3.930664206563961e-06]
                T4:1[    0-0    ] <= [4.699997425079346]
                T4:1              <= [4.6999974]: 'OK'
                T4:1              <= [4.6999974]: 'OK'
                T4:1[    0-0    ] <= [4.699997425079346]
                T4:1              <= [4.6999974]: 'OK'
                T4:1[    0-0    ] <= [4.699997425079346]
                T4:1              <= [4.6999974]: 'OK'
                T4:1[    0-0    ] <= [4.699997425079346]
                T4:1              <= [4.6999974]: 'OK'
                T4:1[    0-0    ] <= [4.699997425079346]
                T4:1              <= [4.6999974]: 'OK'
                T4:1[    0-0    ] <= [4.699997425079346]
                T4:1              <= [4.6999974]: 'OK'
                T4:1[    0-0    ] <= [4.699997425079346]
                T4:1              <= [4.6999974]: 'OK'
                T4:1[    0-0    ] <= [4.699997425079346]
                T4:1              <= [7.978515e-05]: 'OK'
                T4:1[    0-0    ] <= [7.97851535025984e-05]
                T4:1              <= [7.978515e-05]: 'OK'
                T4:1[    0-0    ] <= [7.97851535025984e-05]
                T4:1              <= [7.978515e-05]: 'OK'
                T4:1[    0-0    ] <= [7.97851535025984e-05]
                T4:1              <= [7.978515e-05]: 'OK'
                T4:1[    0-0    ] <= [7.97851535025984e-05]
                T4:1              <= [7.978515e-05]: 'OK'
                T4:1[    0-0    ] <= [7.97851535025984e-05]
                T4:1              <= [-3.930664e-06]: 'OK'
                T4:1[    0-0    ] <= [-3.930664206563961e-06]
                T4:1              <= [-3.930664e-06]: 'OK'
                T4:1[    0-0    ] <= [-3.930664206563961e-06]
                T4:1              <= [-3.930664e-06]: 'OK'
                T4:1[    0-0    ] <= [-3.930664206563961e-06]
                T4:1              <= [-3.930664e-06]: 'OK'
                T4:1[    0-0    ] <= [-3.930664206563961e-06]
                T4:1              <= [-3.930664e-06]: 'OK'
                T4:1[    0-0    ] <= [-3.930664206563961e-06]
                T4:1              <= [-3.930664e-06]: 'OK'
                T4:1[    0-0    ] <= [-3.930664206563961e-06]
                T4:1              <= [1.4672852e-05]: 'OK'
                T4:1[    0-0    ] <= [1.46728516483563e-05]
                T4:1[    0-0    ] <= [4.699997425079346]
                T4:1              <= [4.6999974]: 'OK'
                T4:1              <= [4.6999974]: 'OK'
                T4:1[    0-0    ] <= [4.699997425079346]
                T4:1[    0-0    ] <= [4.699997425079346]
                T4:1              <= [4.6999974]: 'OK'
                T4:1              <= [4.6999974]: 'OK'
                T4:1[    0-0    ] <= [4.699997425079346]
                T4:1[    0-0    ] <= [4.699997425079346]
                T4:1              <= [4.6999974]: 'OK'
                T4:1              <= [4.6999974]: 'OK'
                T4:1[    0-0    ] <= [4.699997425079346]
                T4:1              <= [4.6999974]: 'OK'
                T4:1[    0-0    ] <= [4.699997425079346]
DEBUG get_query: SELECT value FROM ctown WHERE name = ? AND pid = ?
DEBUG set_query: UPDATE ctown SET value = ? WHERE name = ? AND pid = ?
DEBUG EnipProtocol server addr:  192.168.1.1
DEBUG: concatenating server address with default port.
DEBUG enip server tags_string:  T4:1=REAL CONTROL:1=REAL 
DEBUG enip _start_server cmd:  ['/usr/bin/python', '-m', 'cpppo.server.enip', '--print', '--log', 'logs/protocols_tests_enip_server', '--address', '192.168.1.1:44818', 'T4:1=REAL', 'CONTROL:1=REAL']
DEBUG: plc6 enters pre_loop
DEBUG plc shutdown
IF WE PRINT THIS, IT MEANS THE GENERIC PLC CODE WORKS! YASSSS!!!
                T4:1              <= [4.6999974]: 'OK'
                T4:1[    0-0    ] <= [4.699997425079346]
plc6
Stopping Tcp dump process on PLC...
Stopping PLC...
