                T5:1              <= [1.0]: 'OK'
                T5:1[    0-0    ] <= [1.0]
                T5:1              <= [1.0]: 'OK'
                T5:1[    0-0    ] <= [1.0]
                T5:1              <= [1.0]: 'OK'
                T5:1[    0-0    ] <= [1.0]
                T5:1              <= [1.0]: 'OK'
                T5:1[    0-0    ] <= [1.0]
                T5:1              <= [1.0]: 'OK'
                T5:1[    0-0    ] <= [1.0]
                T5:1              <= [1.0]: 'OK'
                T5:1[    0-0    ] <= [1.0]
                T5:1              <= [1.0]: 'OK'
                T5:1[    0-0    ] <= [1.0]
                T5:1              <= [1.0]: 'OK'
                T5:1[    0-0    ] <= [1.0]
                T5:1              <= [1.0]: 'OK'
                T5:1[    0-0    ] <= [1.0]
                T5:1              <= [1.5058316]: 'OK'
                T5:1[    0-0    ] <= [1.5058315992355347]
                T5:1              <= [1.5838175]: 'OK'
                T5:1[    0-0    ] <= [1.583817481994629]
                T5:1[    0-0    ] <= [1.6617475748062134]
                T5:1              <= [1.6617476]: 'OK'
                T5:1              <= [1.7323852]: 'OK'
                T5:1[    0-0    ] <= [1.7323851585388184]
                T5:1              <= [1.845662]: 'OK'
                T5:1[    0-0    ] <= [1.845661997795105]
                T5:1              <= [1.9599992]: 'OK'
                T5:1[    0-0    ] <= [1.9599992036819458]
                T5:1              <= [1.9498603]: 'OK'
                T5:1[    0-0    ] <= [1.9498603343963623]
                T5:1              <= [2.016368]: 'OK'
                T5:1[    0-0    ] <= [2.0163679122924805]
                T5:1              <= [2.0898423]: 'OK'
                T5:1[    0-0    ] <= [2.0898423194885254]
                T5:1              <= [2.1503038]: 'OK'
                T5:1[    0-0    ] <= [2.150303840637207]
                T5:1              <= [2.244791]: 'OK'
                T5:1[    0-0    ] <= [2.244791030883789]
                T5:1              <= [2.3089268]: 'OK'
                T5:1[    0-0    ] <= [2.308926820755005]
                T5:1              <= [2.3728578]: 'OK'
                T5:1[    0-0    ] <= [2.3728578090667725]
                T5:1              <= [2.4365933]: 'OK'
                T5:1[    0-0    ] <= [2.4365932941436768]
                T5:1              <= [2.5001338]: 'OK'
                T5:1[    0-0    ] <= [2.500133752822876]
                T5:1              <= [2.5634787]: 'OK'
                T5:1[    0-0    ] <= [2.563478708267212]
                T5:1              <= [2.6480317]: 'OK'
                T5:1[    0-0    ] <= [2.648031711578369]
                T5:1              <= [2.7323613]: 'OK'
                T5:1[    0-0    ] <= [2.732361316680908]
                T5:1              <= [2.8164492]: 'OK'
                T5:1[    0-0    ] <= [2.8164491653442383]
                T5:1[    0-0    ] <= [2.9003138542175293]
                T5:1              <= [2.9003139]: 'OK'
                T5:1              <= [2.983946]: 'OK'
                T5:1[    0-0    ] <= [2.9839460849761963]
                T5:1              <= [3.1100686]: 'OK'
                T5:1[    0-0    ] <= [3.1100685596466064]
                T5:1              <= [3.237884]: 'OK'
                T5:1[    0-0    ] <= [3.237884044647217]
                T5:1              <= [3.3228183]: 'OK'
                T5:1[    0-0    ] <= [3.3228182792663574]
                T5:1              <= [3.4075294]: 'OK'
                T5:1[    0-0    ] <= [3.407529354095459]
                T5:1              <= [3.492008]: 'OK'
                T5:1[    0-0    ] <= [3.4920079708099365]
                T5:1              <= [3.5762727]: 'OK'
                T5:1[    0-0    ] <= [3.57627272605896]
                T5:1              <= [3.620707]: 'OK'
                T5:1[    0-0    ] <= [3.6207070350646973]
                T5:1              <= [3.742681]: 'OK'
                T5:1[    0-0    ] <= [3.7426810264587402]
                T5:1              <= [3.7876644]: 'OK'
                T5:1[    0-0    ] <= [3.7876644134521484]
                T5:1              <= [3.8325825]: 'OK'
                T5:1[    0-0    ] <= [3.832582473754883]
                T5:1              <= [3.8842444]: 'OK'
                T5:1[    0-0    ] <= [3.884244441986084]
                T5:1              <= [3.9723694]: 'OK'
                T5:1[    0-0    ] <= [3.972369432449341]
                T5:1              <= [4.016348]: 'OK'
                T5:1[    0-0    ] <= [4.016347885131836]
                T5:1              <= [4.1010966]: 'OK'
                T5:1[    0-0    ] <= [4.1010966300964355]
                T5:1              <= [4.194914]: 'OK'
                T5:1[    0-0    ] <= [4.194913864135742]
                T5:1              <= [4.244213]: 'OK'
                T5:1[    0-0    ] <= [4.244213104248047]
                T5:1              <= [4.5000024]: 'OK'
                T5:1[    0-0    ] <= [4.500002384185791]
                T5:1              <= [4.5000024]: 'OK'
                T5:1[    0-0    ] <= [4.500002384185791]
                T5:1              <= [4.5000024]: 'OK'
                T5:1[    0-0    ] <= [4.500002384185791]
                T5:1              <= [-2.0996094e-06]: 'OK'
                T5:1[    0-0    ] <= [-2.0996094463043846e-06]
                T5:1              <= [-2.0996094e-06]: 'OK'
                T5:1[    0-0    ] <= [-2.0996094463043846e-06]
                T5:1              <= [-2.0996094e-06]: 'OK'
                T5:1[    0-0    ] <= [-2.0996094463043846e-06]
                T5:1              <= [-2.0996094e-06]: 'OK'
                T5:1[    0-0    ] <= [-2.0996094463043846e-06]
                T5:1              <= [-2.0996094e-06]: 'OK'
                T5:1[    0-0    ] <= [-2.0996094463043846e-06]
                T5:1              <= [4.5000024]: 'OK'
                T5:1[    0-0    ] <= [4.500002384185791]
                T5:1              <= [4.5000024]: 'OK'
                T5:1[    0-0    ] <= [4.500002384185791]
                T5:1              <= [4.5000024]: 'OK'
                T5:1[    0-0    ] <= [4.500002384185791]
                T5:1              <= [4.5000024]: 'OK'
                T5:1[    0-0    ] <= [4.500002384185791]
                T5:1              <= [-2.0996094e-06]: 'OK'
                T5:1[    0-0    ] <= [-2.0996094463043846e-06]
                T5:1              <= [-2.0996094e-06]: 'OK'
                T5:1[    0-0    ] <= [-2.0996094463043846e-06]
                T5:1              <= [-2.0996094e-06]: 'OK'
                T5:1[    0-0    ] <= [-2.0996094463043846e-06]
                T5:1              <= [-2.0996094e-06]: 'OK'
                T5:1[    0-0    ] <= [-2.0996094463043846e-06]
                T5:1[    0-0    ] <= [4.500002384185791]
                T5:1              <= [4.5000024]: 'OK'
                T5:1              <= [4.5000024]: 'OK'
                T5:1[    0-0    ] <= [4.500002384185791]
                T5:1              <= [4.5000024]: 'OK'
                T5:1[    0-0    ] <= [4.500002384185791]
                T5:1              <= [4.5000024]: 'OK'
                T5:1[    0-0    ] <= [4.500002384185791]
                T5:1[    0-0    ] <= [4.500002384185791]
                T5:1              <= [4.5000024]: 'OK'
                T5:1              <= [-2.0996094e-06]: 'OK'
                T5:1[    0-0    ] <= [-2.0996094463043846e-06]
                T5:1              <= [-2.0996094e-06]: 'OK'
                T5:1[    0-0    ] <= [-2.0996094463043846e-06]
                T5:1              <= [-2.0996094e-06]: 'OK'
                T5:1[    0-0    ] <= [-2.0996094463043846e-06]
                T5:1              <= [-2.0996094e-06]: 'OK'
                T5:1[    0-0    ] <= [-2.0996094463043846e-06]
                T5:1              <= [-2.0996094e-06]: 'OK'
                T5:1[    0-0    ] <= [-2.0996094463043846e-06]
                T5:1              <= [4.5000024]: 'OK'
                T5:1[    0-0    ] <= [4.500002384185791]
                T5:1              <= [4.5000024]: 'OK'
                T5:1[    0-0    ] <= [4.500002384185791]
                T5:1              <= [4.5000024]: 'OK'
                T5:1[    0-0    ] <= [4.500002384185791]
                T5:1              <= [4.5000024]: 'OK'
                T5:1[    0-0    ] <= [4.500002384185791]
                T5:1              <= [4.5000024]: 'OK'
                T5:1[    0-0    ] <= [4.500002384185791]
                T5:1              <= [-2.0996094e-06]: 'OK'
                T5:1[    0-0    ] <= [-2.0996094463043846e-06]
                T5:1              <= [-2.0996094e-06]: 'OK'
                T5:1[    0-0    ] <= [-2.0996094463043846e-06]
                T5:1              <= [-2.0996094e-06]: 'OK'
                T5:1[    0-0    ] <= [-2.0996094463043846e-06]
                T5:1              <= [-2.0996094e-06]: 'OK'
                T5:1[    0-0    ] <= [-2.0996094463043846e-06]
                T5:1              <= [4.5000024]: 'OK'
                T5:1[    0-0    ] <= [4.500002384185791]
                T5:1              <= [4.5000024]: 'OK'
                T5:1[    0-0    ] <= [4.500002384185791]
                T5:1              <= [4.5000024]: 'OK'
                T5:1[    0-0    ] <= [4.500002384185791]
                T5:1              <= [4.5000024]: 'OK'
                T5:1[    0-0    ] <= [4.500002384185791]
                T5:1              <= [-2.0996094e-06]: 'OK'
                T5:1[    0-0    ] <= [-2.0996094463043846e-06]
                T5:1              <= [-2.0996094e-06]: 'OK'
                T5:1[    0-0    ] <= [-2.0996094463043846e-06]
                T5:1              <= [-2.0996094e-06]: 'OK'
                T5:1[    0-0    ] <= [-2.0996094463043846e-06]
                T5:1              <= [-2.0996094e-06]: 'OK'
                T5:1[    0-0    ] <= [-2.0996094463043846e-06]
                T5:1[    0-0    ] <= [4.500002384185791]
                T5:1              <= [4.5000024]: 'OK'
                T5:1              <= [4.5000024]: 'OK'
                T5:1[    0-0    ] <= [4.500002384185791]
                T5:1              <= [4.5000024]: 'OK'
                T5:1[    0-0    ] <= [4.500002384185791]
                T5:1              <= [4.5000024]: 'OK'
                T5:1[    0-0    ] <= [4.500002384185791]
                T5:1              <= [-2.0996094e-06]: 'OK'
                T5:1[    0-0    ] <= [-2.0996094463043846e-06]
                T5:1              <= [-2.0996094e-06]: 'OK'
                T5:1[    0-0    ] <= [-2.0996094463043846e-06]
                T5:1              <= [-2.0996094e-06]: 'OK'
                T5:1[    0-0    ] <= [-2.0996094463043846e-06]
                T5:1              <= [-2.0996094e-06]: 'OK'
                T5:1[    0-0    ] <= [-2.0996094463043846e-06]
                T5:1              <= [0.980459]: 'OK'
                T5:1[    0-0    ] <= [0.9804589748382568]
                T5:1              <= [0.980459]: 'OK'
                T5:1[    0-0    ] <= [0.9804589748382568]
                T5:1              <= [0.92614603]: 'OK'
                T5:1[    0-0    ] <= [0.9261460304260254]
                T5:1              <= [4.5000024]: 'OK'
                T5:1[    0-0    ] <= [4.500002384185791]
                T5:1              <= [4.5000024]: 'OK'
                T5:1[    0-0    ] <= [4.500002384185791]
                T5:1              <= [4.5000024]: 'OK'
                T5:1[    0-0    ] <= [4.500002384185791]
                T5:1              <= [4.5000024]: 'OK'
                T5:1[    0-0    ] <= [4.500002384185791]
                T5:1[    0-0    ] <= [4.500002384185791]
                T5:1              <= [4.5000024]: 'OK'
                T5:1              <= [4.5000024]: 'OK'
                T5:1[    0-0    ] <= [4.500002384185791]
                T5:1              <= [-2.0996094e-06]: 'OK'
                T5:1[    0-0    ] <= [-2.0996094463043846e-06]
                T5:1              <= [-2.0996094e-06]: 'OK'
                T5:1[    0-0    ] <= [-2.0996094463043846e-06]
                T5:1              <= [-2.0996094e-06]: 'OK'
                T5:1[    0-0    ] <= [-2.0996094463043846e-06]
                T5:1              <= [-2.0996094e-06]: 'OK'
                T5:1[    0-0    ] <= [-2.0996094463043846e-06]
                T5:1              <= [4.5000024]: 'OK'
                T5:1[    0-0    ] <= [4.500002384185791]
                T5:1              <= [4.5000024]: 'OK'
                T5:1[    0-0    ] <= [4.500002384185791]
                T5:1              <= [4.5000024]: 'OK'
                T5:1[    0-0    ] <= [4.500002384185791]
                T5:1              <= [4.5000024]: 'OK'
                T5:1[    0-0    ] <= [4.500002384185791]
                T5:1              <= [4.5000024]: 'OK'
                T5:1[    0-0    ] <= [4.500002384185791]
                T5:1[    0-0    ] <= [4.500002384185791]
                T5:1              <= [4.5000024]: 'OK'
                T5:1              <= [4.5000024]: 'OK'
                T5:1[    0-0    ] <= [4.500002384185791]
                T5:1              <= [-2.0996094e-06]: 'OK'
                T5:1[    0-0    ] <= [-2.0996094463043846e-06]
                T5:1              <= [-2.0996094e-06]: 'OK'
                T5:1[    0-0    ] <= [-2.0996094463043846e-06]
                T5:1              <= [-2.0996094e-06]: 'OK'
                T5:1[    0-0    ] <= [-2.0996094463043846e-06]
                T5:1              <= [-2.0996094e-06]: 'OK'
                T5:1[    0-0    ] <= [-2.0996094463043846e-06]
                T5:1              <= [-2.0996094e-06]: 'OK'
                T5:1[    0-0    ] <= [-2.0996094463043846e-06]
                T5:1[    0-0    ] <= [4.500002384185791]
                T5:1              <= [4.5000024]: 'OK'
                T5:1              <= [4.5000024]: 'OK'
                T5:1[    0-0    ] <= [4.500002384185791]
                T5:1              <= [4.5000024]: 'OK'
                T5:1[    0-0    ] <= [4.500002384185791]
                T5:1              <= [4.5000024]: 'OK'
                T5:1[    0-0    ] <= [4.500002384185791]
                T5:1              <= [4.5000024]: 'OK'
                T5:1[    0-0    ] <= [4.500002384185791]
                T5:1[    0-0    ] <= [4.500002384185791]
                T5:1              <= [4.5000024]: 'OK'
                T5:1              <= [-2.0996094e-06]: 'OK'
                T5:1[    0-0    ] <= [-2.0996094463043846e-06]
                T5:1              <= [-2.0996094e-06]: 'OK'
                T5:1[    0-0    ] <= [-2.0996094463043846e-06]
                T5:1              <= [-2.0996094e-06]: 'OK'
                T5:1[    0-0    ] <= [-2.0996094463043846e-06]
                T5:1              <= [-2.0996094e-06]: 'OK'
                T5:1[    0-0    ] <= [-2.0996094463043846e-06]
                T5:1              <= [-2.0996094e-06]: 'OK'
                T5:1[    0-0    ] <= [-2.0996094463043846e-06]
                T5:1              <= [-2.0996094e-06]: 'OK'
                T5:1[    0-0    ] <= [-2.0996094463043846e-06]
                T5:1              <= [4.5000024]: 'OK'
                T5:1[    0-0    ] <= [4.500002384185791]
                T5:1              <= [4.5000024]: 'OK'
                T5:1[    0-0    ] <= [4.500002384185791]
                T5:1              <= [3.633311]: 'OK'
                T5:1[    0-0    ] <= [3.6333110332489014]
                T5:1[    0-0    ] <= [3.6333110332489014]
                T5:1              <= [3.633311]: 'OK'
                T5:1              <= [2.7694848]: 'OK'
                T5:1[    0-0    ] <= [2.769484758377075]
                T5:1[    0-0    ] <= [2.769484758377075]
                T5:1              <= [2.7694848]: 'OK'
                T5:1              <= [-2.0996094e-06]: 'OK'
                T5:1[    0-0    ] <= [-2.0996094463043846e-06]
                T5:1              <= [-2.0996094e-06]: 'OK'
                T5:1[    0-0    ] <= [-2.0996094463043846e-06]
                T5:1              <= [-2.0996094e-06]: 'OK'
                T5:1[    0-0    ] <= [-2.0996094463043846e-06]
                T5:1              <= [-2.0996094e-06]: 'OK'
                T5:1[    0-0    ] <= [-2.0996094463043846e-06]
                T5:1              <= [4.5000024]: 'OK'
                T5:1[    0-0    ] <= [4.500002384185791]
                T5:1              <= [4.5000024]: 'OK'
                T5:1[    0-0    ] <= [4.500002384185791]
                T5:1              <= [4.5000024]: 'OK'
                T5:1[    0-0    ] <= [4.500002384185791]
                T5:1              <= [4.5000024]: 'OK'
                T5:1[    0-0    ] <= [4.500002384185791]
                T5:1              <= [4.5000024]: 'OK'
                T5:1[    0-0    ] <= [4.500002384185791]
                T5:1              <= [4.5000024]: 'OK'
                T5:1[    0-0    ] <= [4.500002384185791]
                T5:1              <= [4.5000024]: 'OK'
                T5:1[    0-0    ] <= [4.500002384185791]
                T5:1              <= [-2.0996094e-06]: 'OK'
                T5:1[    0-0    ] <= [-2.0996094463043846e-06]
                T5:1              <= [-2.0996094e-06]: 'OK'
                T5:1[    0-0    ] <= [-2.0996094463043846e-06]
                T5:1              <= [-2.0996094e-06]: 'OK'
                T5:1[    0-0    ] <= [-2.0996094463043846e-06]
                T5:1              <= [-2.0996094e-06]: 'OK'
                T5:1[    0-0    ] <= [-2.0996094463043846e-06]
                T5:1              <= [-2.0996094e-06]: 'OK'
                T5:1[    0-0    ] <= [-2.0996094463043846e-06]
                T5:1              <= [-2.0996094e-06]: 'OK'
                T5:1[    0-0    ] <= [-2.0996094463043846e-06]
                T5:1[    0-0    ] <= [-2.0996094463043846e-06]
                T5:1              <= [-2.0996094e-06]: 'OK'
                T5:1              <= [-2.0996094e-06]: 'OK'
                T5:1[    0-0    ] <= [-2.0996094463043846e-06]
                T5:1              <= [4.486859]: 'OK'
                T5:1[    0-0    ] <= [4.48685884475708]
                T5:1              <= [4.486859]: 'OK'
                T5:1[    0-0    ] <= [4.48685884475708]
                T5:1              <= [4.486859]: 'OK'
                T5:1[    0-0    ] <= [4.48685884475708]
                T5:1              <= [0.6195973]: 'OK'
                T5:1[    0-0    ] <= [0.619597315788269]
                T5:1              <= [4.5000024]: 'OK'
                T5:1[    0-0    ] <= [4.500002384185791]
                T5:1              <= [4.5000024]: 'OK'
                T5:1[    0-0    ] <= [4.500002384185791]
                T5:1              <= [4.5000024]: 'OK'
                T5:1[    0-0    ] <= [4.500002384185791]
                T5:1              <= [4.5000024]: 'OK'
                T5:1[    0-0    ] <= [4.500002384185791]
                T5:1              <= [4.5000024]: 'OK'
                T5:1[    0-0    ] <= [4.500002384185791]
                T5:1              <= [4.5000024]: 'OK'
                T5:1[    0-0    ] <= [4.500002384185791]
                T5:1              <= [-2.0996094e-06]: 'OK'
                T5:1[    0-0    ] <= [-2.0996094463043846e-06]
                T5:1              <= [-2.0996094e-06]: 'OK'
                T5:1[    0-0    ] <= [-2.0996094463043846e-06]
                T5:1              <= [-2.0996094e-06]: 'OK'
                T5:1[    0-0    ] <= [-2.0996094463043846e-06]
                T5:1              <= [-2.0996094e-06]: 'OK'
                T5:1[    0-0    ] <= [-2.0996094463043846e-06]
                T5:1              <= [-2.0996094e-06]: 'OK'
                T5:1[    0-0    ] <= [-2.0996094463043846e-06]
                T5:1              <= [-2.0996094e-06]: 'OK'
                T5:1[    0-0    ] <= [-2.0996094463043846e-06]
                T5:1              <= [-2.0996094e-06]: 'OK'
                T5:1[    0-0    ] <= [-2.0996094463043846e-06]
                T5:1              <= [-2.0996094e-06]: 'OK'
                T5:1[    0-0    ] <= [-2.0996094463043846e-06]
                T5:1              <= [1.7719177]: 'OK'
                T5:1[    0-0    ] <= [1.771917700767517]
                T5:1              <= [1.7719177]: 'OK'
                T5:1[    0-0    ] <= [1.771917700767517]
                T5:1              <= [1.7719177]: 'OK'
                T5:1[    0-0    ] <= [1.771917700767517]
                T5:1              <= [1.732134]: 'OK'
                T5:1[    0-0    ] <= [1.7321339845657349]
                T5:1              <= [1.732134]: 'OK'
                T5:1[    0-0    ] <= [1.7321339845657349]
                T5:1              <= [1.732134]: 'OK'
                T5:1[    0-0    ] <= [1.7321339845657349]
                T5:1              <= [1.732134]: 'OK'
                T5:1[    0-0    ] <= [1.7321339845657349]
                T5:1              <= [4.5000024]: 'OK'
                T5:1[    0-0    ] <= [4.500002384185791]
                T5:1              <= [4.5000024]: 'OK'
                T5:1[    0-0    ] <= [4.500002384185791]
                T5:1              <= [4.5000024]: 'OK'
                T5:1[    0-0    ] <= [4.500002384185791]
                T5:1              <= [4.5000024]: 'OK'
                T5:1[    0-0    ] <= [4.500002384185791]
                T5:1              <= [4.5000024]: 'OK'
                T5:1[    0-0    ] <= [4.500002384185791]
                T5:1              <= [4.5000024]: 'OK'
                T5:1[    0-0    ] <= [4.500002384185791]
                T5:1              <= [-2.0996094e-06]: 'OK'
                T5:1[    0-0    ] <= [-2.0996094463043846e-06]
                T5:1              <= [-2.0996094e-06]: 'OK'
                T5:1[    0-0    ] <= [-2.0996094463043846e-06]
                T5:1              <= [-2.0996094e-06]: 'OK'
                T5:1[    0-0    ] <= [-2.0996094463043846e-06]
                T5:1              <= [-2.0996094e-06]: 'OK'
                T5:1[    0-0    ] <= [-2.0996094463043846e-06]
                T5:1              <= [-2.0996094e-06]: 'OK'
                T5:1[    0-0    ] <= [-2.0996094463043846e-06]
                T5:1[    0-0    ] <= [-2.0996094463043846e-06]
                T5:1              <= [-2.0996094e-06]: 'OK'
                T5:1              <= [-2.0996094e-06]: 'OK'
                T5:1[    0-0    ] <= [-2.0996094463043846e-06]
                T5:1              <= [2.5805664e-05]: 'OK'
                T5:1[    0-0    ] <= [2.5805664336076006e-05]
                T5:1              <= [2.5805664e-05]: 'OK'
                T5:1[    0-0    ] <= [2.5805664336076006e-05]
                T5:1              <= [2.5805664e-05]: 'OK'
                T5:1[    0-0    ] <= [2.5805664336076006e-05]
                T5:1              <= [4.5000024]: 'OK'
                T5:1[    0-0    ] <= [4.500002384185791]
                T5:1              <= [4.5000024]: 'OK'
                T5:1[    0-0    ] <= [4.500002384185791]
                T5:1              <= [4.5000024]: 'OK'
                T5:1[    0-0    ] <= [4.500002384185791]
                T5:1              <= [4.5000024]: 'OK'
                T5:1[    0-0    ] <= [4.500002384185791]
                T5:1              <= [4.5000024]: 'OK'
                T5:1[    0-0    ] <= [4.500002384185791]
                T5:1              <= [4.5000024]: 'OK'
                T5:1[    0-0    ] <= [4.500002384185791]
                T5:1              <= [4.5000024]: 'OK'
                T5:1[    0-0    ] <= [4.500002384185791]
                T5:1              <= [4.5000024]: 'OK'
                T5:1[    0-0    ] <= [4.500002384185791]
                T5:1              <= [-2.0996094e-06]: 'OK'
                T5:1[    0-0    ] <= [-2.0996094463043846e-06]
                T5:1              <= [-2.0996094e-06]: 'OK'
                T5:1[    0-0    ] <= [-2.0996094463043846e-06]
                T5:1              <= [-2.0996094e-06]: 'OK'
                T5:1[    0-0    ] <= [-2.0996094463043846e-06]
                T5:1              <= [-2.0996094e-06]: 'OK'
                T5:1[    0-0    ] <= [-2.0996094463043846e-06]
                T5:1              <= [-2.0996094e-06]: 'OK'
                T5:1[    0-0    ] <= [-2.0996094463043846e-06]
                T5:1              <= [-2.0996094e-06]: 'OK'
                T5:1[    0-0    ] <= [-2.0996094463043846e-06]
                T5:1              <= [-2.0996094e-06]: 'OK'
                T5:1[    0-0    ] <= [-2.0996094463043846e-06]
                T5:1              <= [-2.0996094e-06]: 'OK'
                T5:1[    0-0    ] <= [-2.0996094463043846e-06]
                T5:1              <= [-2.0996094e-06]: 'OK'
                T5:1[    0-0    ] <= [-2.0996094463043846e-06]
                T5:1              <= [4.5000024]: 'OK'
                T5:1[    0-0    ] <= [4.500002384185791]
                T5:1              <= [4.5000024]: 'OK'
                T5:1[    0-0    ] <= [4.500002384185791]
                T5:1              <= [4.5000024]: 'OK'
                T5:1[    0-0    ] <= [4.500002384185791]
                T5:1              <= [4.5000024]: 'OK'
                T5:1[    0-0    ] <= [4.500002384185791]
                T5:1              <= [4.5000024]: 'OK'
                T5:1[    0-0    ] <= [4.500002384185791]
                T5:1              <= [4.5000024]: 'OK'
                T5:1[    0-0    ] <= [4.500002384185791]
                T5:1              <= [4.5000024]: 'OK'
                T5:1[    0-0    ] <= [4.500002384185791]
                T5:1              <= [4.5000024]: 'OK'
                T5:1[    0-0    ] <= [4.500002384185791]
                T5:1              <= [-2.0996094e-06]: 'OK'
                T5:1[    0-0    ] <= [-2.0996094463043846e-06]
                T5:1[    0-0    ] <= [-2.0996094463043846e-06]
                T5:1              <= [-2.0996094e-06]: 'OK'
                T5:1              <= [-2.0996094e-06]: 'OK'
                T5:1[    0-0    ] <= [-2.0996094463043846e-06]
                T5:1              <= [-2.0996094e-06]: 'OK'
                T5:1[    0-0    ] <= [-2.0996094463043846e-06]
                T5:1              <= [-2.0996094e-06]: 'OK'
                T5:1[    0-0    ] <= [-2.0996094463043846e-06]
                T5:1              <= [-2.0996094e-06]: 'OK'
                T5:1[    0-0    ] <= [-2.0996094463043846e-06]
                T5:1              <= [-2.0996094e-06]: 'OK'
                T5:1[    0-0    ] <= [-2.0996094463043846e-06]
                T5:1              <= [-2.0996094e-06]: 'OK'
                T5:1[    0-0    ] <= [-2.0996094463043846e-06]
                T5:1              <= [2.5805664e-05]: 'OK'
                T5:1[    0-0    ] <= [2.5805664336076006e-05]
                T5:1              <= [2.5805664e-05]: 'OK'
                T5:1[    0-0    ] <= [2.5805664336076006e-05]
                T5:1              <= [2.5805664e-05]: 'OK'
                T5:1[    0-0    ] <= [2.5805664336076006e-05]
                T5:1              <= [1.4210925]: 'OK'
                T5:1[    0-0    ] <= [1.4210925102233887]
                T5:1              <= [1.4210925]: 'OK'
                T5:1[    0-0    ] <= [1.4210925102233887]
                T5:1              <= [1.4210925]: 'OK'
                T5:1[    0-0    ] <= [1.4210925102233887]
                T5:1              <= [4.5000024]: 'OK'
                T5:1[    0-0    ] <= [4.500002384185791]
                T5:1              <= [4.5000024]: 'OK'
                T5:1[    0-0    ] <= [4.500002384185791]
                T5:1              <= [4.5000024]: 'OK'
                T5:1[    0-0    ] <= [4.500002384185791]
                T5:1              <= [4.5000024]: 'OK'
                T5:1[    0-0    ] <= [4.500002384185791]
                T5:1              <= [4.5000024]: 'OK'
                T5:1[    0-0    ] <= [4.500002384185791]
                T5:1              <= [-2.0996094e-06]: 'OK'
                T5:1[    0-0    ] <= [-2.0996094463043846e-06]
                T5:1[    0-0    ] <= [-2.0996094463043846e-06]
                T5:1              <= [-2.0996094e-06]: 'OK'
                T5:1              <= [-2.0996094e-06]: 'OK'
                T5:1[    0-0    ] <= [-2.0996094463043846e-06]
                T5:1              <= [-2.0996094e-06]: 'OK'
                T5:1[    0-0    ] <= [-2.0996094463043846e-06]
                T5:1              <= [-2.0996094e-06]: 'OK'
                T5:1[    0-0    ] <= [-2.0996094463043846e-06]
                T5:1[    0-0    ] <= [-2.0996094463043846e-06]
                T5:1              <= [-2.0996094e-06]: 'OK'
                T5:1              <= [-2.0996094e-06]: 'OK'
                T5:1[    0-0    ] <= [-2.0996094463043846e-06]
                T5:1              <= [-2.0996094e-06]: 'OK'
                T5:1[    0-0    ] <= [-2.0996094463043846e-06]
                T5:1              <= [1.1381238]: 'OK'
                T5:1[    0-0    ] <= [1.1381237506866455]
                T5:1[    0-0    ] <= [1.1381237506866455]
                T5:1              <= [1.1381238]: 'OK'
                T5:1              <= [1.1381238]: 'OK'
                T5:1[    0-0    ] <= [1.1381237506866455]
                T5:1              <= [1.1381238]: 'OK'
                T5:1[    0-0    ] <= [1.1381237506866455]
                T5:1              <= [4.5000024]: 'OK'
                T5:1[    0-0    ] <= [4.500002384185791]
                T5:1              <= [4.5000024]: 'OK'
                T5:1[    0-0    ] <= [4.500002384185791]
                T5:1              <= [4.5000024]: 'OK'
                T5:1[    0-0    ] <= [4.500002384185791]
                T5:1              <= [2.5805664e-05]: 'OK'
                T5:1[    0-0    ] <= [2.5805664336076006e-05]
                T5:1              <= [4.5000024]: 'OK'
                T5:1[    0-0    ] <= [4.500002384185791]
                T5:1              <= [-2.0996094e-06]: 'OK'
                T5:1[    0-0    ] <= [-2.0996094463043846e-06]
                T5:1              <= [-2.0996094e-06]: 'OK'
                T5:1[    0-0    ] <= [-2.0996094463043846e-06]
                T5:1              <= [-2.0996094e-06]: 'OK'
                T5:1[    0-0    ] <= [-2.0996094463043846e-06]
                T5:1              <= [-2.0996094e-06]: 'OK'
                T5:1[    0-0    ] <= [-2.0996094463043846e-06]
                T5:1              <= [-2.0996094e-06]: 'OK'
                T5:1[    0-0    ] <= [-2.0996094463043846e-06]
                T5:1              <= [-2.0996094e-06]: 'OK'
                T5:1[    0-0    ] <= [-2.0996094463043846e-06]
                T5:1              <= [-2.0996094e-06]: 'OK'
                T5:1[    0-0    ] <= [-2.0996094463043846e-06]
                T5:1              <= [-2.0996094e-06]: 'OK'
                T5:1[    0-0    ] <= [-2.0996094463043846e-06]
                T5:1              <= [-2.0996094e-06]: 'OK'
                T5:1[    0-0    ] <= [-2.0996094463043846e-06]
                T5:1              <= [3.4572008]: 'OK'
                T5:1[    0-0    ] <= [3.457200765609741]
                T5:1[    0-0    ] <= [3.457200765609741]
                T5:1              <= [3.4572008]: 'OK'
                T5:1              <= [3.4572008]: 'OK'
                T5:1[    0-0    ] <= [3.457200765609741]
                T5:1              <= [3.4572008]: 'OK'
                T5:1[    0-0    ] <= [3.457200765609741]
                T5:1              <= [3.4572008]: 'OK'
                T5:1[    0-0    ] <= [3.457200765609741]
                T5:1              <= [4.5000024]: 'OK'
                T5:1[    0-0    ] <= [4.500002384185791]
                T5:1              <= [4.5000024]: 'OK'
                T5:1[    0-0    ] <= [4.500002384185791]
                T5:1              <= [4.5000024]: 'OK'
                T5:1[    0-0    ] <= [4.500002384185791]
                T5:1              <= [4.5000024]: 'OK'
                T5:1[    0-0    ] <= [4.500002384185791]
                T5:1              <= [4.5000024]: 'OK'
                T5:1[    0-0    ] <= [4.500002384185791]
                T5:1              <= [4.5000024]: 'OK'
                T5:1[    0-0    ] <= [4.500002384185791]
                T5:1              <= [4.5000024]: 'OK'
                T5:1[    0-0    ] <= [4.500002384185791]
                T5:1              <= [4.5000024]: 'OK'
                T5:1[    0-0    ] <= [4.500002384185791]
                T5:1              <= [-2.0996094e-06]: 'OK'
                T5:1[    0-0    ] <= [-2.0996094463043846e-06]
                T5:1              <= [-2.0996094e-06]: 'OK'
                T5:1[    0-0    ] <= [-2.0996094463043846e-06]
                T5:1              <= [-2.0996094e-06]: 'OK'
                T5:1[    0-0    ] <= [-2.0996094463043846e-06]
                T5:1              <= [-2.0996094e-06]: 'OK'
                T5:1[    0-0    ] <= [-2.0996094463043846e-06]
                T5:1              <= [-2.0996094e-06]: 'OK'
                T5:1[    0-0    ] <= [-2.0996094463043846e-06]
                T5:1              <= [-2.0996094e-06]: 'OK'
                T5:1[    0-0    ] <= [-2.0996094463043846e-06]
                T5:1              <= [-2.0996094e-06]: 'OK'
                T5:1[    0-0    ] <= [-2.0996094463043846e-06]
                T5:1              <= [-2.0996094e-06]: 'OK'
                T5:1[    0-0    ] <= [-2.0996094463043846e-06]
                T5:1              <= [-2.0996094e-06]: 'OK'
                T5:1[    0-0    ] <= [-2.0996094463043846e-06]
                T5:1              <= [-2.0996094e-06]: 'OK'
                T5:1[    0-0    ] <= [-2.0996094463043846e-06]
                T5:1              <= [2.118492]: 'OK'
                T5:1[    0-0    ] <= [2.1184918880462646]
                T5:1              <= [2.118492]: 'OK'
                T5:1[    0-0    ] <= [2.1184918880462646]
                T5:1              <= [2.118492]: 'OK'
                T5:1[    0-0    ] <= [2.1184918880462646]
                T5:1              <= [2.118492]: 'OK'
                T5:1[    0-0    ] <= [2.1184918880462646]
                T5:1              <= [2.0878425]: 'OK'
                T5:1[    0-0    ] <= [2.0878424644470215]
                T5:1              <= [2.0878425]: 'OK'
                T5:1[    0-0    ] <= [2.0878424644470215]
                T5:1              <= [2.0878425]: 'OK'
                T5:1[    0-0    ] <= [2.0878424644470215]
                T5:1              <= [2.0878425]: 'OK'
                T5:1[    0-0    ] <= [2.0878424644470215]
                T5:1              <= [2.0878425]: 'OK'
                T5:1[    0-0    ] <= [2.0878424644470215]
                T5:1              <= [4.5000024]: 'OK'
                T5:1[    0-0    ] <= [4.500002384185791]
                T5:1              <= [4.5000024]: 'OK'
                T5:1[    0-0    ] <= [4.500002384185791]
                T5:1              <= [4.5000024]: 'OK'
                T5:1[    0-0    ] <= [4.500002384185791]
                T5:1              <= [4.5000024]: 'OK'
                T5:1[    0-0    ] <= [4.500002384185791]
                T5:1              <= [4.5000024]: 'OK'
                T5:1[    0-0    ] <= [4.500002384185791]
                T5:1              <= [4.5000024]: 'OK'
                T5:1[    0-0    ] <= [4.500002384185791]
                T5:1              <= [4.5000024]: 'OK'
                T5:1[    0-0    ] <= [4.500002384185791]
                T5:1[    0-0    ] <= [-2.0996094463043846e-06]
                T5:1              <= [-2.0996094e-06]: 'OK'
                T5:1              <= [-2.0996094e-06]: 'OK'
                T5:1[    0-0    ] <= [-2.0996094463043846e-06]
                T5:1              <= [-2.0996094e-06]: 'OK'
                T5:1[    0-0    ] <= [-2.0996094463043846e-06]
                T5:1              <= [-2.0996094e-06]: 'OK'
                T5:1[    0-0    ] <= [-2.0996094463043846e-06]
                T5:1              <= [-2.0996094e-06]: 'OK'
                T5:1[    0-0    ] <= [-2.0996094463043846e-06]
                T5:1              <= [-2.0996094e-06]: 'OK'
                T5:1[    0-0    ] <= [-2.0996094463043846e-06]
                T5:1              <= [-2.0996094e-06]: 'OK'
                T5:1[    0-0    ] <= [-2.0996094463043846e-06]
                T5:1              <= [-2.0996094e-06]: 'OK'
                T5:1[    0-0    ] <= [-2.0996094463043846e-06]
                T5:1              <= [-2.0996094e-06]: 'OK'
                T5:1[    0-0    ] <= [-2.0996094463043846e-06]
                T5:1              <= [-2.0996094e-06]: 'OK'
                T5:1[    0-0    ] <= [-2.0996094463043846e-06]
                T5:1              <= [-2.0996094e-06]: 'OK'
                T5:1[    0-0    ] <= [-2.0996094463043846e-06]
                T5:1              <= [-2.0996094e-06]: 'OK'
                T5:1[    0-0    ] <= [-2.0996094463043846e-06]
                T5:1              <= [-2.0996094e-06]: 'OK'
                T5:1[    0-0    ] <= [-2.0996094463043846e-06]
                T5:1              <= [-2.0996094e-06]: 'OK'
                T5:1[    0-0    ] <= [-2.0996094463043846e-06]
                T5:1              <= [-2.0996094e-06]: 'OK'
                T5:1[    0-0    ] <= [-2.0996094463043846e-06]
                T5:1              <= [-2.0996094e-06]: 'OK'
                T5:1[    0-0    ] <= [-2.0996094463043846e-06]
                T5:1              <= [-2.0996094e-06]: 'OK'
                T5:1[    0-0    ] <= [-2.0996094463043846e-06]
                T5:1              <= [-2.0996094e-06]: 'OK'
                T5:1[    0-0    ] <= [-2.0996094463043846e-06]
                T5:1              <= [5.3710937e-05]: 'OK'
                T5:1[    0-0    ] <= [5.3710937208961695e-05]
                T5:1              <= [4.5000024]: 'OK'
                T5:1[    0-0    ] <= [4.500002384185791]
                T5:1              <= [4.5000024]: 'OK'
                T5:1[    0-0    ] <= [4.500002384185791]
                T5:1              <= [4.5000024]: 'OK'
                T5:1[    0-0    ] <= [4.500002384185791]
                T5:1              <= [4.5000024]: 'OK'
                T5:1[    0-0    ] <= [4.500002384185791]
                T5:1              <= [4.5000024]: 'OK'
                T5:1[    0-0    ] <= [4.500002384185791]
                T5:1              <= [4.5000024]: 'OK'
                T5:1[    0-0    ] <= [4.500002384185791]
                T5:1              <= [4.5000024]: 'OK'
                T5:1[    0-0    ] <= [4.500002384185791]
                T5:1              <= [4.5000024]: 'OK'
                T5:1[    0-0    ] <= [4.500002384185791]
                T5:1              <= [-2.0996094e-06]: 'OK'
                T5:1[    0-0    ] <= [-2.0996094463043846e-06]
                T5:1              <= [-2.0996094e-06]: 'OK'
                T5:1[    0-0    ] <= [-2.0996094463043846e-06]
                T5:1[    0-0    ] <= [-2.0996094463043846e-06]
                T5:1              <= [-2.0996094e-06]: 'OK'
                T5:1              <= [-2.0996094e-06]: 'OK'
                T5:1[    0-0    ] <= [-2.0996094463043846e-06]
                T5:1              <= [-2.0996094e-06]: 'OK'
                T5:1[    0-0    ] <= [-2.0996094463043846e-06]
                T5:1              <= [-2.0996094e-06]: 'OK'
                T5:1[    0-0    ] <= [-2.0996094463043846e-06]
                T5:1              <= [-2.0996094e-06]: 'OK'
                T5:1[    0-0    ] <= [-2.0996094463043846e-06]
                T5:1              <= [-2.0996094e-06]: 'OK'
                T5:1[    0-0    ] <= [-2.0996094463043846e-06]
                T5:1              <= [-2.0996094e-06]: 'OK'
                T5:1[    0-0    ] <= [-2.0996094463043846e-06]
                T5:1              <= [-2.0996094e-06]: 'OK'
                T5:1[    0-0    ] <= [-2.0996094463043846e-06]
                T5:1              <= [-2.0996094e-06]: 'OK'
                T5:1[    0-0    ] <= [-2.0996094463043846e-06]
                T5:1              <= [-2.0996094e-06]: 'OK'
                T5:1[    0-0    ] <= [-2.0996094463043846e-06]
                T5:1              <= [-2.0996094e-06]: 'OK'
                T5:1[    0-0    ] <= [-2.0996094463043846e-06]
                T5:1              <= [-2.0996094e-06]: 'OK'
                T5:1[    0-0    ] <= [-2.0996094463043846e-06]
                T5:1              <= [4.5000024]: 'OK'
                T5:1[    0-0    ] <= [4.500002384185791]
                T5:1              <= [4.5000024]: 'OK'
                T5:1[    0-0    ] <= [4.500002384185791]
                T5:1              <= [4.5000024]: 'OK'
                T5:1[    0-0    ] <= [4.500002384185791]
                T5:1              <= [4.5000024]: 'OK'
                T5:1[    0-0    ] <= [4.500002384185791]
                T5:1              <= [4.5000024]: 'OK'
                T5:1[    0-0    ] <= [4.500002384185791]
                T5:1              <= [4.5000024]: 'OK'
                T5:1[    0-0    ] <= [4.500002384185791]
                T5:1              <= [4.5000024]: 'OK'
                T5:1[    0-0    ] <= [4.500002384185791]
                T5:1              <= [4.5000024]: 'OK'
                T5:1[    0-0    ] <= [4.500002384185791]
                T5:1              <= [4.5000024]: 'OK'
                T5:1[    0-0    ] <= [4.500002384185791]
                T5:1              <= [-2.0996094e-06]: 'OK'
                T5:1[    0-0    ] <= [-2.0996094463043846e-06]
                T5:1[    0-0    ] <= [-2.0996094463043846e-06]
                T5:1              <= [-2.0996094e-06]: 'OK'
                T5:1              <= [-2.0996094e-06]: 'OK'
                T5:1[    0-0    ] <= [-2.0996094463043846e-06]
                T5:1              <= [-2.0996094e-06]: 'OK'
                T5:1[    0-0    ] <= [-2.0996094463043846e-06]
                T5:1              <= [-2.0996094e-06]: 'OK'
                T5:1[    0-0    ] <= [-2.0996094463043846e-06]
                T5:1              <= [-2.0996094e-06]: 'OK'
                T5:1[    0-0    ] <= [-2.0996094463043846e-06]
                T5:1              <= [-2.0996094e-06]: 'OK'
                T5:1[    0-0    ] <= [-2.0996094463043846e-06]
                T5:1              <= [-2.0996094e-06]: 'OK'
                T5:1[    0-0    ] <= [-2.0996094463043846e-06]
                T5:1              <= [-2.0996094e-06]: 'OK'
                T5:1[    0-0    ] <= [-2.0996094463043846e-06]
                T5:1              <= [2.5805664e-05]: 'OK'
                T5:1[    0-0    ] <= [2.5805664336076006e-05]
                T5:1              <= [4.5000024]: 'OK'
                T5:1[    0-0    ] <= [4.500002384185791]
                T5:1[    0-0    ] <= [4.500002384185791]
                T5:1              <= [4.5000024]: 'OK'
                T5:1              <= [4.5000024]: 'OK'
                T5:1[    0-0    ] <= [4.500002384185791]
                T5:1              <= [4.5000024]: 'OK'
                T5:1[    0-0    ] <= [4.500002384185791]
                T5:1              <= [4.5000024]: 'OK'
                T5:1[    0-0    ] <= [4.500002384185791]
                T5:1[    0-0    ] <= [4.500002384185791]
                T5:1              <= [4.5000024]: 'OK'
                T5:1              <= [2.5805664e-05]: 'OK'
                T5:1[    0-0    ] <= [2.5805664336076006e-05]
                T5:1              <= [2.5805664e-05]: 'OK'
                T5:1[    0-0    ] <= [2.5805664336076006e-05]
                T5:1              <= [2.5805664e-05]: 'OK'
                T5:1[    0-0    ] <= [2.5805664336076006e-05]
                T5:1              <= [2.5805664e-05]: 'OK'
                T5:1[    0-0    ] <= [2.5805664336076006e-05]
                T5:1[    0-0    ] <= [2.5805664336076006e-05]
                T5:1              <= [2.5805664e-05]: 'OK'
                T5:1              <= [-2.0996094e-06]: 'OK'
                T5:1[    0-0    ] <= [-2.0996094463043846e-06]
                T5:1              <= [-2.0996094e-06]: 'OK'
                T5:1[    0-0    ] <= [-2.0996094463043846e-06]
                T5:1              <= [-2.0996094e-06]: 'OK'
                T5:1[    0-0    ] <= [-2.0996094463043846e-06]
                T5:1              <= [-2.0996094e-06]: 'OK'
                T5:1[    0-0    ] <= [-2.0996094463043846e-06]
                T5:1              <= [-2.0996094e-06]: 'OK'
                T5:1[    0-0    ] <= [-2.0996094463043846e-06]
                T5:1              <= [6.3012696e-05]: 'OK'
                T5:1[    0-0    ] <= [6.301269604591653e-05]
                T5:1              <= [4.5000024]: 'OK'
                T5:1[    0-0    ] <= [4.500002384185791]
                T5:1              <= [4.5000024]: 'OK'
                T5:1[    0-0    ] <= [4.500002384185791]
                T5:1              <= [4.5000024]: 'OK'
                T5:1[    0-0    ] <= [4.500002384185791]
                T5:1              <= [4.5000024]: 'OK'
                T5:1[    0-0    ] <= [4.500002384185791]
                T5:1              <= [4.5000024]: 'OK'
                T5:1[    0-0    ] <= [4.500002384185791]
                T5:1              <= [4.5000024]: 'OK'
                T5:1[    0-0    ] <= [4.500002384185791]
                T5:1              <= [2.5805664e-05]: 'OK'
                T5:1[    0-0    ] <= [2.5805664336076006e-05]
                T5:1              <= [2.5805664e-05]: 'OK'
                T5:1[    0-0    ] <= [2.5805664336076006e-05]
                T5:1              <= [2.5805664e-05]: 'OK'
                T5:1[    0-0    ] <= [2.5805664336076006e-05]
                T5:1              <= [2.5805664e-05]: 'OK'
                T5:1[    0-0    ] <= [2.5805664336076006e-05]
                T5:1              <= [-2.0996094e-06]: 'OK'
                T5:1[    0-0    ] <= [-2.0996094463043846e-06]
                T5:1              <= [-2.0996094e-06]: 'OK'
                T5:1[    0-0    ] <= [-2.0996094463043846e-06]
                T5:1              <= [-2.0996094e-06]: 'OK'
                T5:1[    0-0    ] <= [-2.0996094463043846e-06]
                T5:1              <= [-2.0996094e-06]: 'OK'
                T5:1[    0-0    ] <= [-2.0996094463043846e-06]
                T5:1              <= [-2.0996094e-06]: 'OK'
                T5:1[    0-0    ] <= [-2.0996094463043846e-06]
                T5:1              <= [6.3012696e-05]: 'OK'
                T5:1[    0-0    ] <= [6.301269604591653e-05]
                T5:1              <= [4.5000024]: 'OK'
                T5:1[    0-0    ] <= [4.500002384185791]
                T5:1              <= [4.5000024]: 'OK'
                T5:1[    0-0    ] <= [4.500002384185791]
                T5:1[    0-0    ] <= [4.500002384185791]
                T5:1              <= [4.5000024]: 'OK'
                T5:1              <= [4.5000024]: 'OK'
                T5:1[    0-0    ] <= [4.500002384185791]
                T5:1              <= [4.5000024]: 'OK'
                T5:1[    0-0    ] <= [4.500002384185791]
                T5:1              <= [4.5000024]: 'OK'
                T5:1[    0-0    ] <= [4.500002384185791]
                T5:1              <= [4.5000024]: 'OK'
                T5:1[    0-0    ] <= [4.500002384185791]
                T5:1              <= [4.5000024]: 'OK'
                T5:1[    0-0    ] <= [4.500002384185791]
                T5:1              <= [4.5000024]: 'OK'
                T5:1[    0-0    ] <= [4.500002384185791]
                T5:1              <= [5.3710937e-05]: 'OK'
                T5:1[    0-0    ] <= [5.3710937208961695e-05]
                T5:1              <= [5.3710937e-05]: 'OK'
                T5:1[    0-0    ] <= [5.3710937208961695e-05]
                T5:1              <= [5.3710937e-05]: 'OK'
                T5:1[    0-0    ] <= [5.3710937208961695e-05]
                T5:1              <= [5.3710937e-05]: 'OK'
                T5:1[    0-0    ] <= [5.3710937208961695e-05]
                T5:1              <= [5.3710937e-05]: 'OK'
                T5:1[    0-0    ] <= [5.3710937208961695e-05]
                T5:1              <= [4.5000024]: 'OK'
                T5:1[    0-0    ] <= [4.500002384185791]
                T5:1              <= [4.5000024]: 'OK'
                T5:1[    0-0    ] <= [4.500002384185791]
                T5:1[    0-0    ] <= [4.500002384185791]
                T5:1              <= [4.5000024]: 'OK'
                T5:1              <= [4.5000024]: 'OK'
                T5:1[    0-0    ] <= [4.500002384185791]
                T5:1              <= [4.5000024]: 'OK'
                T5:1[    0-0    ] <= [4.500002384185791]
                T5:1              <= [4.5000024]: 'OK'
                T5:1[    0-0    ] <= [4.500002384185791]
                T5:1              <= [4.5000024]: 'OK'
                T5:1[    0-0    ] <= [4.500002384185791]
                T5:1              <= [4.5000024]: 'OK'
                T5:1[    0-0    ] <= [4.500002384185791]
                T5:1              <= [4.5000024]: 'OK'
                T5:1[    0-0    ] <= [4.500002384185791]
                T5:1              <= [6.3012696e-05]: 'OK'
                T5:1[    0-0    ] <= [6.301269604591653e-05]
                T5:1              <= [6.3012696e-05]: 'OK'
                T5:1[    0-0    ] <= [6.301269604591653e-05]
                T5:1              <= [6.3012696e-05]: 'OK'
                T5:1[    0-0    ] <= [6.301269604591653e-05]
                T5:1              <= [6.3012696e-05]: 'OK'
                T5:1[    0-0    ] <= [6.301269604591653e-05]
                T5:1              <= [-2.0996094e-06]: 'OK'
                T5:1[    0-0    ] <= [-2.0996094463043846e-06]
                T5:1              <= [-2.0996094e-06]: 'OK'
                T5:1[    0-0    ] <= [-2.0996094463043846e-06]
                T5:1              <= [-2.0996094e-06]: 'OK'
                T5:1[    0-0    ] <= [-2.0996094463043846e-06]
                T5:1              <= [-2.0996094e-06]: 'OK'
                T5:1[    0-0    ] <= [-2.0996094463043846e-06]
                T5:1              <= [-2.0996094e-06]: 'OK'
                T5:1[    0-0    ] <= [-2.0996094463043846e-06]
                T5:1              <= [-2.0996094e-06]: 'OK'
                T5:1[    0-0    ] <= [-2.0996094463043846e-06]
                T5:1              <= [2.5805664e-05]: 'OK'
                T5:1[    0-0    ] <= [2.5805664336076006e-05]
                T5:1              <= [4.5000024]: 'OK'
                T5:1[    0-0    ] <= [4.500002384185791]
                T5:1[    0-0    ] <= [4.500002384185791]
                T5:1              <= [4.5000024]: 'OK'
                T5:1              <= [4.5000024]: 'OK'
                T5:1[    0-0    ] <= [4.500002384185791]
                T5:1              <= [4.5000024]: 'OK'
                T5:1[    0-0    ] <= [4.500002384185791]
                T5:1              <= [4.5000024]: 'OK'
                T5:1[    0-0    ] <= [4.500002384185791]
                T5:1              <= [4.5000024]: 'OK'
                T5:1[    0-0    ] <= [4.500002384185791]
                T5:1              <= [4.5000024]: 'OK'
                T5:1[    0-0    ] <= [4.500002384185791]
                T5:1              <= [4.5000024]: 'OK'
                T5:1[    0-0    ] <= [4.500002384185791]
                T5:1              <= [4.5000024]: 'OK'
                T5:1[    0-0    ] <= [4.500002384185791]
                T5:1              <= [-2.0996094e-06]: 'OK'
                T5:1[    0-0    ] <= [-2.0996094463043846e-06]
                T5:1              <= [-2.0996094e-06]: 'OK'
                T5:1[    0-0    ] <= [-2.0996094463043846e-06]
                T5:1              <= [-2.0996094e-06]: 'OK'
                T5:1[    0-0    ] <= [-2.0996094463043846e-06]
                T5:1              <= [-2.0996094e-06]: 'OK'
                T5:1[    0-0    ] <= [-2.0996094463043846e-06]
                T5:1              <= [-2.0996094e-06]: 'OK'
                T5:1[    0-0    ] <= [-2.0996094463043846e-06]
                T5:1              <= [-2.0996094e-06]: 'OK'
                T5:1[    0-0    ] <= [-2.0996094463043846e-06]
                T5:1              <= [-2.0996094e-06]: 'OK'
                T5:1[    0-0    ] <= [-2.0996094463043846e-06]
                T5:1              <= [-2.0996094e-06]: 'OK'
                T5:1[    0-0    ] <= [-2.0996094463043846e-06]
                T5:1              <= [-2.0996094e-06]: 'OK'
                T5:1[    0-0    ] <= [-2.0996094463043846e-06]
                T5:1              <= [-2.0996094e-06]: 'OK'
                T5:1[    0-0    ] <= [-2.0996094463043846e-06]
                T5:1              <= [-2.0996094e-06]: 'OK'
                T5:1[    0-0    ] <= [-2.0996094463043846e-06]
                T5:1              <= [-2.0996094e-06]: 'OK'
                T5:1[    0-0    ] <= [-2.0996094463043846e-06]
                T5:1              <= [2.5805664e-05]: 'OK'
                T5:1[    0-0    ] <= [2.5805664336076006e-05]
                T5:1              <= [4.5000024]: 'OK'
                T5:1[    0-0    ] <= [4.500002384185791]
                T5:1              <= [4.5000024]: 'OK'
                T5:1[    0-0    ] <= [4.500002384185791]
                T5:1              <= [4.5000024]: 'OK'
                T5:1[    0-0    ] <= [4.500002384185791]
                T5:1              <= [4.5000024]: 'OK'
                T5:1[    0-0    ] <= [4.500002384185791]
                T5:1              <= [4.5000024]: 'OK'
                T5:1[    0-0    ] <= [4.500002384185791]
                T5:1              <= [4.5000024]: 'OK'
                T5:1[    0-0    ] <= [4.500002384185791]
                T5:1              <= [4.5000024]: 'OK'
                T5:1[    0-0    ] <= [4.500002384185791]
                T5:1              <= [4.5000024]: 'OK'
                T5:1[    0-0    ] <= [4.500002384185791]
                T5:1              <= [4.5000024]: 'OK'
                T5:1[    0-0    ] <= [4.500002384185791]
                T5:1              <= [-2.0996094e-06]: 'OK'
                T5:1[    0-0    ] <= [-2.0996094463043846e-06]
                T5:1              <= [-2.0996094e-06]: 'OK'
                T5:1[    0-0    ] <= [-2.0996094463043846e-06]
                T5:1              <= [-2.0996094e-06]: 'OK'
                T5:1[    0-0    ] <= [-2.0996094463043846e-06]
                T5:1              <= [-2.0996094e-06]: 'OK'
                T5:1[    0-0    ] <= [-2.0996094463043846e-06]
                T5:1              <= [-2.0996094e-06]: 'OK'
                T5:1[    0-0    ] <= [-2.0996094463043846e-06]
                T5:1              <= [-2.0996094e-06]: 'OK'
                T5:1[    0-0    ] <= [-2.0996094463043846e-06]
                T5:1              <= [-2.0996094e-06]: 'OK'
                T5:1[    0-0    ] <= [-2.0996094463043846e-06]
                T5:1              <= [-2.0996094e-06]: 'OK'
                T5:1[    0-0    ] <= [-2.0996094463043846e-06]
                T5:1              <= [-2.0996094e-06]: 'OK'
                T5:1[    0-0    ] <= [-2.0996094463043846e-06]
                T5:1              <= [-2.0996094e-06]: 'OK'
                T5:1[    0-0    ] <= [-2.0996094463043846e-06]
                T5:1              <= [6.3012696e-05]: 'OK'
                T5:1[    0-0    ] <= [6.301269604591653e-05]
                T5:1              <= [4.5000024]: 'OK'
                T5:1[    0-0    ] <= [4.500002384185791]
                T5:1              <= [4.5000024]: 'OK'
                T5:1[    0-0    ] <= [4.500002384185791]
                T5:1              <= [4.5000024]: 'OK'
                T5:1[    0-0    ] <= [4.500002384185791]
                T5:1              <= [4.5000024]: 'OK'
                T5:1[    0-0    ] <= [4.500002384185791]
                T5:1              <= [4.5000024]: 'OK'
                T5:1[    0-0    ] <= [4.500002384185791]
                T5:1              <= [4.5000024]: 'OK'
                T5:1[    0-0    ] <= [4.500002384185791]
                T5:1              <= [4.5000024]: 'OK'
                T5:1[    0-0    ] <= [4.500002384185791]
DEBUG get_query: SELECT value FROM ctown WHERE name = ? AND pid = ?
DEBUG set_query: UPDATE ctown SET value = ? WHERE name = ? AND pid = ?
DEBUG EnipProtocol server addr:  192.168.1.1
DEBUG: concatenating server address with default port.
DEBUG enip server tags_string:  T5:1=REAL CONTROL:1=REAL 
DEBUG enip _start_server cmd:  ['/usr/bin/python', '-m', 'cpppo.server.enip', '--print', '--log', 'logs/protocols_tests_enip_server', '--address', '192.168.1.1:44818', 'T5:1=REAL', 'CONTROL:1=REAL']
DEBUG: plc7 enters pre_loop
DEBUG plc shutdown
IF WE PRINT THIS, IT MEANS THE GENERIC PLC CODE WORKS! YASSSS!!!
                T5:1              <= [4.5000024]: 'OK'
                T5:1[    0-0    ] <= [4.500002384185791]
plc7
Stopping Tcp dump process on PLC...
Stopping PLC...
