                T7:1              <= [2.5]: 'OK'
                T7:1[    0-0    ] <= [2.5]
                T7:1              <= [2.5]: 'OK'
                T7:1[    0-0    ] <= [2.5]
                T7:1              <= [2.5]: 'OK'
                T7:1[    0-0    ] <= [2.5]
                T7:1              <= [2.5]: 'OK'
                T7:1[    0-0    ] <= [2.5]
                T7:1              <= [2.5]: 'OK'
                T7:1[    0-0    ] <= [2.5]
                T7:1              <= [2.5]: 'OK'
                T7:1[    0-0    ] <= [2.5]
                T7:1              <= [2.5]: 'OK'
                T7:1[    0-0    ] <= [2.5]
                T7:1              <= [2.5]: 'OK'
                T7:1[    0-0    ] <= [2.5]
                T7:1              <= [3.6466863]: 'OK'
                T7:1[    0-0    ] <= [3.646686315536499]
                T7:1              <= [3.2765043]: 'OK'
                T7:1[    0-0    ] <= [3.2765042781829834]
                T7:1              <= [2.9079592]: 'OK'
                T7:1[    0-0    ] <= [2.907959222793579]
                T7:1              <= [2.3581138]: 'OK'
                T7:1[    0-0    ] <= [2.3581137657165527]
                T7:1              <= [2.175604]: 'OK'
                T7:1[    0-0    ] <= [2.1756041049957275]
                T7:1              <= [1.6645747]: 'OK'
                T7:1[    0-0    ] <= [1.6645747423171997]
                T7:1              <= [3.8012164]: 'OK'
                T7:1[    0-0    ] <= [3.8012163639068604]
                T7:1              <= [3.8454556]: 'OK'
                T7:1[    0-0    ] <= [3.8454556465148926]
                T7:1              <= [3.8234942]: 'OK'
                T7:1[    0-0    ] <= [3.8234941959381104]
                T7:1              <= [3.8506274]: 'OK'
                T7:1[    0-0    ] <= [3.8506274223327637]
                T7:1              <= [3.8791559]: 'OK'
                T7:1[    0-0    ] <= [3.8791558742523193]
                T7:1              <= [3.9075913]: 'OK'
                T7:1[    0-0    ] <= [3.9075913429260254]
                T7:1              <= [3.9359245]: 'OK'
                T7:1[    0-0    ] <= [3.935924530029297]
                T7:1              <= [3.9641647]: 'OK'
                T7:1[    0-0    ] <= [3.9641647338867188]
                T7:1              <= [4.0063386]: 'OK'
                T7:1[    0-0    ] <= [4.006338596343994]
                T7:1              <= [4.0303373]: 'OK'
                T7:1[    0-0    ] <= [4.030337333679199]
                T7:1              <= [4.05028]: 'OK'
                T7:1[    0-0    ] <= [4.0502800941467285]
                T7:1              <= [4.070186]: 'OK'
                T7:1[    0-0    ] <= [4.070186138153076]
                T7:1              <= [4.090064]: 'OK'
                T7:1[    0-0    ] <= [4.09006404876709]
                T7:1              <= [4.109895]: 'OK'
                T7:1[    0-0    ] <= [4.1098952293396]
                T7:1              <= [4.1296988]: 'OK'
                T7:1[    0-0    ] <= [4.129698753356934]
                T7:1              <= [4.162376]: 'OK'
                T7:1[    0-0    ] <= [4.1623759269714355]
                T7:1              <= [4.2078056]: 'OK'
                T7:1[    0-0    ] <= [4.207805633544922]
                T7:1              <= [4.253031]: 'OK'
                T7:1[    0-0    ] <= [4.253030776977539]
                T7:1              <= [4.2962837]: 'OK'
                T7:1[    0-0    ] <= [4.296283721923828]
                T7:1              <= [4.337593]: 'OK'
                T7:1[    0-0    ] <= [4.337593078613281]
                T7:1              <= [4.378744]: 'OK'
                T7:1[    0-0    ] <= [4.378744125366211]
                T7:1              <= [4.4425077]: 'OK'
                T7:1[    0-0    ] <= [4.442507743835449]
                T7:1              <= [4.555384]: 'OK'
                T7:1[    0-0    ] <= [4.555384159088135]
                T7:1              <= [4.643658]: 'OK'
                T7:1[    0-0    ] <= [4.64365816116333]
                T7:1              <= [4.6876273]: 'OK'
                T7:1[    0-0    ] <= [4.68762731552124]
                T7:1              <= [4.6780653]: 'OK'
                T7:1[    0-0    ] <= [4.678065299987793]
                T7:1              <= [4.7631855]: 'OK'
                T7:1[    0-0    ] <= [4.763185501098633]
                T7:1              <= [4.805583]: 'OK'
                T7:1[    0-0    ] <= [4.8055830001831055]
                T7:1              <= [4.9493136]: 'OK'
                T7:1[    0-0    ] <= [4.949313640594482]
                T7:1              <= [4.992567]: 'OK'
                T7:1[    0-0    ] <= [4.99256706237793]
                T7:1              <= [4.999999]: 'OK'
                T7:1[    0-0    ] <= [4.999999046325684]
                T7:1              <= [-2.7099609e-06]: 'OK'
                T7:1[    0-0    ] <= [-2.7099608814751264e-06]
                T7:1              <= [-2.7099609e-06]: 'OK'
                T7:1[    0-0    ] <= [-2.7099608814751264e-06]
                T7:1              <= [-2.7099609e-06]: 'OK'
                T7:1[    0-0    ] <= [-2.7099608814751264e-06]
                T7:1              <= [-2.7099609e-06]: 'OK'
                T7:1[    0-0    ] <= [-2.7099608814751264e-06]
                T7:1              <= [4.999999]: 'OK'
                T7:1[    0-0    ] <= [4.999999046325684]
                T7:1              <= [4.999999]: 'OK'
                T7:1[    0-0    ] <= [4.999999046325684]
                T7:1              <= [4.999999]: 'OK'
                T7:1[    0-0    ] <= [4.999999046325684]
                T7:1              <= [4.999999]: 'OK'
                T7:1[    0-0    ] <= [4.999999046325684]
                T7:1              <= [4.999999]: 'OK'
                T7:1[    0-0    ] <= [4.999999046325684]
                T7:1              <= [-2.7099609e-06]: 'OK'
                T7:1[    0-0    ] <= [-2.7099608814751264e-06]
                T7:1              <= [0.00011821289]: 'OK'
                T7:1[    0-0    ] <= [0.00011821289081126451]
                T7:1              <= [0.00011821289]: 'OK'
                T7:1[    0-0    ] <= [0.00011821289081126451]
                T7:1              <= [0.00011821289]: 'OK'
                T7:1[    0-0    ] <= [0.00011821289081126451]
                T7:1[    0-0    ] <= [4.999999046325684]
                T7:1              <= [4.999999]: 'OK'
                T7:1              <= [4.999999]: 'OK'
                T7:1[    0-0    ] <= [4.999999046325684]
                T7:1              <= [4.999999]: 'OK'
                T7:1[    0-0    ] <= [4.999999046325684]
                T7:1              <= [4.999999]: 'OK'
                T7:1[    0-0    ] <= [4.999999046325684]
                T7:1              <= [-2.7099609e-06]: 'OK'
                T7:1[    0-0    ] <= [-2.7099608814751264e-06]
                T7:1              <= [-2.7099609e-06]: 'OK'
                T7:1[    0-0    ] <= [-2.7099608814751264e-06]
                T7:1              <= [-2.7099609e-06]: 'OK'
                T7:1[    0-0    ] <= [-2.7099608814751264e-06]
                T7:1              <= [4.999999]: 'OK'
                T7:1[    0-0    ] <= [4.999999046325684]
                T7:1              <= [4.999999]: 'OK'
                T7:1[    0-0    ] <= [4.999999046325684]
                T7:1              <= [4.999999]: 'OK'
                T7:1[    0-0    ] <= [4.999999046325684]
                T7:1              <= [4.999999]: 'OK'
                T7:1[    0-0    ] <= [4.999999046325684]
                T7:1              <= [9.0307614e-05]: 'OK'
                T7:1[    0-0    ] <= [9.030761430040002e-05]
                T7:1              <= [-2.7099609e-06]: 'OK'
                T7:1[    0-0    ] <= [-2.7099608814751264e-06]
                T7:1              <= [-2.7099609e-06]: 'OK'
                T7:1[    0-0    ] <= [-2.7099608814751264e-06]
                T7:1              <= [4.999999]: 'OK'
                T7:1[    0-0    ] <= [4.999999046325684]
                T7:1              <= [4.999999]: 'OK'
                T7:1[    0-0    ] <= [4.999999046325684]
                T7:1[    0-0    ] <= [4.999999046325684]
                T7:1              <= [4.999999]: 'OK'
                T7:1              <= [4.999999]: 'OK'
                T7:1[    0-0    ] <= [4.999999046325684]
                T7:1              <= [9.0307614e-05]: 'OK'
                T7:1[    0-0    ] <= [9.030761430040002e-05]
                T7:1              <= [9.0307614e-05]: 'OK'
                T7:1[    0-0    ] <= [9.030761430040002e-05]
                T7:1              <= [9.0307614e-05]: 'OK'
                T7:1[    0-0    ] <= [9.030761430040002e-05]
                T7:1              <= [9.0307614e-05]: 'OK'
                T7:1[    0-0    ] <= [9.030761430040002e-05]
                T7:1              <= [4.999999]: 'OK'
                T7:1[    0-0    ] <= [4.999999046325684]
                T7:1              <= [4.999999]: 'OK'
                T7:1[    0-0    ] <= [4.999999046325684]
                T7:1              <= [4.999999]: 'OK'
                T7:1[    0-0    ] <= [4.999999046325684]
                T7:1              <= [4.999999]: 'OK'
                T7:1[    0-0    ] <= [4.999999046325684]
                T7:1[    0-0    ] <= [-2.7099608814751264e-06]
                T7:1              <= [-2.7099609e-06]: 'OK'
                T7:1              <= [-2.7099609e-06]: 'OK'
                T7:1[    0-0    ] <= [-2.7099608814751264e-06]
                T7:1              <= [-2.7099609e-06]: 'OK'
                T7:1[    0-0    ] <= [-2.7099608814751264e-06]
                T7:1              <= [-2.7099609e-06]: 'OK'
                T7:1[    0-0    ] <= [-2.7099608814751264e-06]
                T7:1[    0-0    ] <= [4.999999046325684]
                T7:1              <= [4.999999]: 'OK'
                T7:1              <= [4.999999]: 'OK'
                T7:1[    0-0    ] <= [4.999999046325684]
                T7:1              <= [4.999999]: 'OK'
                T7:1[    0-0    ] <= [4.999999046325684]
                T7:1              <= [4.999999]: 'OK'
                T7:1[    0-0    ] <= [4.999999046325684]
                T7:1              <= [8.100586e-05]: 'OK'
                T7:1[    0-0    ] <= [8.10058627394028e-05]
                T7:1              <= [8.100586e-05]: 'OK'
                T7:1[    0-0    ] <= [8.10058627394028e-05]
                T7:1              <= [8.100586e-05]: 'OK'
                T7:1[    0-0    ] <= [8.10058627394028e-05]
                T7:1              <= [-2.7099609e-06]: 'OK'
                T7:1[    0-0    ] <= [-2.7099608814751264e-06]
                T7:1              <= [-2.7099609e-06]: 'OK'
                T7:1[    0-0    ] <= [-2.7099608814751264e-06]
                T7:1              <= [-2.7099609e-06]: 'OK'
                T7:1[    0-0    ] <= [-2.7099608814751264e-06]
                T7:1[    0-0    ] <= [-2.7099608814751264e-06]
                T7:1              <= [-2.7099609e-06]: 'OK'
                T7:1              <= [4.999999]: 'OK'
                T7:1[    0-0    ] <= [4.999999046325684]
                T7:1              <= [4.999999]: 'OK'
                T7:1[    0-0    ] <= [4.999999046325684]
                T7:1              <= [4.999999]: 'OK'
                T7:1[    0-0    ] <= [4.999999046325684]
                T7:1              <= [4.999999]: 'OK'
                T7:1[    0-0    ] <= [4.999999046325684]
                T7:1              <= [4.999999]: 'OK'
                T7:1[    0-0    ] <= [4.999999046325684]
                T7:1              <= [4.999999]: 'OK'
                T7:1[    0-0    ] <= [4.999999046325684]
                T7:1              <= [-2.7099609e-06]: 'OK'
                T7:1[    0-0    ] <= [-2.7099608814751264e-06]
                T7:1              <= [-2.7099609e-06]: 'OK'
                T7:1[    0-0    ] <= [-2.7099608814751264e-06]
                T7:1              <= [-2.7099609e-06]: 'OK'
                T7:1[    0-0    ] <= [-2.7099608814751264e-06]
                T7:1              <= [-2.7099609e-06]: 'OK'
                T7:1[    0-0    ] <= [-2.7099608814751264e-06]
                T7:1[    0-0    ] <= [4.999999046325684]
                T7:1              <= [4.999999]: 'OK'
                T7:1              <= [4.999999]: 'OK'
                T7:1[    0-0    ] <= [4.999999046325684]
                T7:1              <= [4.999999]: 'OK'
                T7:1[    0-0    ] <= [4.999999046325684]
                T7:1              <= [4.999999]: 'OK'
                T7:1[    0-0    ] <= [4.999999046325684]
                T7:1[    0-0    ] <= [4.999999046325684]
                T7:1              <= [4.999999]: 'OK'
                T7:1              <= [4.999999]: 'OK'
                T7:1[    0-0    ] <= [4.999999046325684]
                T7:1              <= [-2.7099609e-06]: 'OK'
                T7:1[    0-0    ] <= [-2.7099608814751264e-06]
                T7:1              <= [-2.7099609e-06]: 'OK'
                T7:1[    0-0    ] <= [-2.7099608814751264e-06]
                T7:1              <= [9.0307614e-05]: 'OK'
                T7:1[    0-0    ] <= [9.030761430040002e-05]
                T7:1              <= [9.0307614e-05]: 'OK'
                T7:1[    0-0    ] <= [9.030761430040002e-05]
                T7:1              <= [9.0307614e-05]: 'OK'
                T7:1[    0-0    ] <= [9.030761430040002e-05]
                T7:1              <= [4.999999]: 'OK'
                T7:1[    0-0    ] <= [4.999999046325684]
                T7:1              <= [4.999999]: 'OK'
                T7:1[    0-0    ] <= [4.999999046325684]
                T7:1              <= [4.999999]: 'OK'
                T7:1[    0-0    ] <= [4.999999046325684]
                T7:1[    0-0    ] <= [4.999999046325684]
                T7:1              <= [4.999999]: 'OK'
                T7:1              <= [4.999999]: 'OK'
                T7:1[    0-0    ] <= [4.999999046325684]
                T7:1              <= [-2.7099609e-06]: 'OK'
                T7:1[    0-0    ] <= [-2.7099608814751264e-06]
                T7:1              <= [-2.7099609e-06]: 'OK'
                T7:1[    0-0    ] <= [-2.7099608814751264e-06]
                T7:1              <= [8.100586e-05]: 'OK'
                T7:1[    0-0    ] <= [8.10058627394028e-05]
                T7:1              <= [8.100586e-05]: 'OK'
                T7:1[    0-0    ] <= [8.10058627394028e-05]
                T7:1              <= [-2.7099609e-06]: 'OK'
                T7:1[    0-0    ] <= [-2.7099608814751264e-06]
                T7:1              <= [-2.7099609e-06]: 'OK'
                T7:1[    0-0    ] <= [-2.7099608814751264e-06]
                T7:1              <= [4.999999]: 'OK'
                T7:1[    0-0    ] <= [4.999999046325684]
                T7:1              <= [4.999999]: 'OK'
                T7:1[    0-0    ] <= [4.999999046325684]
                T7:1              <= [3.016697]: 'OK'
                T7:1[    0-0    ] <= [3.0166969299316406]
                T7:1              <= [3.016697]: 'OK'
                T7:1[    0-0    ] <= [3.0166969299316406]
                T7:1[    0-0    ] <= [1.1453505754470825]
                T7:1              <= [1.1453506]: 'OK'
                T7:1[    0-0    ] <= [1.1453505754470825]
                T7:1              <= [1.1453506]: 'OK'
                T7:1              <= [-2.7099609e-06]: 'OK'
                T7:1[    0-0    ] <= [-2.7099608814751264e-06]
                T7:1              <= [-2.7099609e-06]: 'OK'
                T7:1[    0-0    ] <= [-2.7099608814751264e-06]
                T7:1              <= [8.100586e-05]: 'OK'
                T7:1[    0-0    ] <= [8.10058627394028e-05]
                T7:1              <= [4.999999]: 'OK'
                T7:1[    0-0    ] <= [4.999999046325684]
                T7:1              <= [4.999999]: 'OK'
                T7:1[    0-0    ] <= [4.999999046325684]
                T7:1              <= [4.999999]: 'OK'
                T7:1[    0-0    ] <= [4.999999046325684]
                T7:1              <= [4.999999]: 'OK'
                T7:1[    0-0    ] <= [4.999999046325684]
                T7:1              <= [4.999999]: 'OK'
                T7:1[    0-0    ] <= [4.999999046325684]
                T7:1              <= [4.999999]: 'OK'
                T7:1[    0-0    ] <= [4.999999046325684]
                T7:1[    0-0    ] <= [-2.7099608814751264e-06]
                T7:1              <= [-2.7099609e-06]: 'OK'
                T7:1              <= [-2.7099609e-06]: 'OK'
                T7:1[    0-0    ] <= [-2.7099608814751264e-06]
                T7:1              <= [-2.7099609e-06]: 'OK'
                T7:1[    0-0    ] <= [-2.7099608814751264e-06]
                T7:1              <= [-2.7099609e-06]: 'OK'
                T7:1[    0-0    ] <= [-2.7099608814751264e-06]
                T7:1              <= [-2.7099609e-06]: 'OK'
                T7:1[    0-0    ] <= [-2.7099608814751264e-06]
                T7:1              <= [4.999999]: 'OK'
                T7:1[    0-0    ] <= [4.999999046325684]
                T7:1[    0-0    ] <= [4.999999046325684]
                T7:1              <= [4.999999]: 'OK'
                T7:1              <= [4.913753]: 'OK'
                T7:1[    0-0    ] <= [4.913753032684326]
                T7:1              <= [4.913753]: 'OK'
                T7:1[    0-0    ] <= [4.913753032684326]
                T7:1              <= [4.913753]: 'OK'
                T7:1[    0-0    ] <= [4.913753032684326]
                T7:1[    0-0    ] <= [9.960937313735485e-05]
                T7:1              <= [9.960937e-05]: 'OK'
                T7:1              <= [9.960937e-05]: 'OK'
                T7:1[    0-0    ] <= [9.960937313735485e-05]
                T7:1              <= [9.960937e-05]: 'OK'
                T7:1[    0-0    ] <= [9.960937313735485e-05]
                T7:1              <= [-2.7099609e-06]: 'OK'
                T7:1[    0-0    ] <= [-2.7099608814751264e-06]
                T7:1              <= [-2.7099609e-06]: 'OK'
                T7:1[    0-0    ] <= [-2.7099608814751264e-06]
                T7:1              <= [4.999999]: 'OK'
                T7:1[    0-0    ] <= [4.999999046325684]
                T7:1              <= [4.999999]: 'OK'
                T7:1[    0-0    ] <= [4.999999046325684]
                T7:1              <= [4.999999]: 'OK'
                T7:1[    0-0    ] <= [4.999999046325684]
                T7:1              <= [4.999999]: 'OK'
                T7:1[    0-0    ] <= [4.999999046325684]
                T7:1              <= [4.999999]: 'OK'
                T7:1[    0-0    ] <= [4.999999046325684]
                T7:1              <= [-2.7099609e-06]: 'OK'
                T7:1[    0-0    ] <= [-2.7099608814751264e-06]
                T7:1              <= [-2.7099609e-06]: 'OK'
                T7:1[    0-0    ] <= [-2.7099608814751264e-06]
                T7:1              <= [-2.7099609e-06]: 'OK'
                T7:1[    0-0    ] <= [-2.7099608814751264e-06]
                T7:1              <= [-2.7099609e-06]: 'OK'
                T7:1[    0-0    ] <= [-2.7099608814751264e-06]
                T7:1              <= [-2.7099609e-06]: 'OK'
                T7:1[    0-0    ] <= [-2.7099608814751264e-06]
                T7:1              <= [-2.7099609e-06]: 'OK'
                T7:1[    0-0    ] <= [-2.7099608814751264e-06]
                T7:1              <= [-2.7099609e-06]: 'OK'
                T7:1[    0-0    ] <= [-2.7099608814751264e-06]
                T7:1              <= [-2.7099609e-06]: 'OK'
                T7:1[    0-0    ] <= [-2.7099608814751264e-06]
                T7:1              <= [0.00012751465]: 'OK'
                T7:1[    0-0    ] <= [0.00012751464964821935]
                T7:1              <= [0.00012751465]: 'OK'
                T7:1[    0-0    ] <= [0.00012751464964821935]
                T7:1              <= [0.00012751465]: 'OK'
                T7:1[    0-0    ] <= [0.00012751464964821935]
                T7:1              <= [0.00012751465]: 'OK'
                T7:1[    0-0    ] <= [0.00012751464964821935]
                T7:1              <= [0.00012751465]: 'OK'
                T7:1[    0-0    ] <= [0.00012751464964821935]
                T7:1              <= [0.00012751465]: 'OK'
                T7:1[    0-0    ] <= [0.00012751464964821935]
                T7:1              <= [0.00012751465]: 'OK'
                T7:1[    0-0    ] <= [0.00012751464964821935]
                T7:1              <= [4.999999]: 'OK'
                T7:1[    0-0    ] <= [4.999999046325684]
                T7:1              <= [4.999999]: 'OK'
                T7:1[    0-0    ] <= [4.999999046325684]
                T7:1              <= [4.999999]: 'OK'
                T7:1[    0-0    ] <= [4.999999046325684]
                T7:1              <= [4.999999]: 'OK'
                T7:1[    0-0    ] <= [4.999999046325684]
                T7:1              <= [-2.7099609e-06]: 'OK'
                T7:1[    0-0    ] <= [-2.7099608814751264e-06]
                T7:1              <= [-2.7099609e-06]: 'OK'
                T7:1[    0-0    ] <= [-2.7099608814751264e-06]
                T7:1              <= [-2.7099609e-06]: 'OK'
                T7:1[    0-0    ] <= [-2.7099608814751264e-06]
                T7:1              <= [-2.7099609e-06]: 'OK'
                T7:1[    0-0    ] <= [-2.7099608814751264e-06]
                T7:1              <= [-2.7099609e-06]: 'OK'
                T7:1[    0-0    ] <= [-2.7099608814751264e-06]
                T7:1              <= [4.999999]: 'OK'
                T7:1[    0-0    ] <= [4.999999046325684]
                T7:1              <= [4.999999]: 'OK'
                T7:1[    0-0    ] <= [4.999999046325684]
                T7:1              <= [4.999999]: 'OK'
                T7:1[    0-0    ] <= [4.999999046325684]
                T7:1              <= [4.999999]: 'OK'
                T7:1[    0-0    ] <= [4.999999046325684]
                T7:1              <= [-2.7099609e-06]: 'OK'
                T7:1[    0-0    ] <= [-2.7099608814751264e-06]
                T7:1              <= [-2.7099609e-06]: 'OK'
                T7:1[    0-0    ] <= [-2.7099608814751264e-06]
                T7:1              <= [-2.7099609e-06]: 'OK'
                T7:1[    0-0    ] <= [-2.7099608814751264e-06]
                T7:1              <= [-2.7099609e-06]: 'OK'
                T7:1[    0-0    ] <= [-2.7099608814751264e-06]
                T7:1              <= [-2.7099609e-06]: 'OK'
                T7:1[    0-0    ] <= [-2.7099608814751264e-06]
                T7:1              <= [4.999999]: 'OK'
                T7:1[    0-0    ] <= [4.999999046325684]
                T7:1              <= [4.999999]: 'OK'
                T7:1[    0-0    ] <= [4.999999046325684]
                T7:1              <= [4.999999]: 'OK'
                T7:1[    0-0    ] <= [4.999999046325684]
                T7:1              <= [4.999999]: 'OK'
                T7:1[    0-0    ] <= [4.999999046325684]
                T7:1              <= [4.999999]: 'OK'
                T7:1[    0-0    ] <= [4.999999046325684]
                T7:1[    0-0    ] <= [4.999999046325684]
                T7:1              <= [4.999999]: 'OK'
                T7:1              <= [4.999999]: 'OK'
                T7:1[    0-0    ] <= [4.999999046325684]
                T7:1              <= [-2.7099609e-06]: 'OK'
                T7:1[    0-0    ] <= [-2.7099608814751264e-06]
                T7:1              <= [-2.7099609e-06]: 'OK'
                T7:1[    0-0    ] <= [-2.7099608814751264e-06]
                T7:1              <= [-2.7099609e-06]: 'OK'
                T7:1[    0-0    ] <= [-2.7099608814751264e-06]
                T7:1              <= [-2.7099609e-06]: 'OK'
                T7:1[    0-0    ] <= [-2.7099608814751264e-06]
                T7:1              <= [-2.7099609e-06]: 'OK'
                T7:1[    0-0    ] <= [-2.7099608814751264e-06]
                T7:1              <= [-2.7099609e-06]: 'OK'
                T7:1[    0-0    ] <= [-2.7099608814751264e-06]
                T7:1              <= [0.00010891113]: 'OK'
                T7:1[    0-0    ] <= [0.00010891113197430968]
                T7:1              <= [0.00010891113]: 'OK'
                T7:1[    0-0    ] <= [0.00010891113197430968]
                T7:1[    0-0    ] <= [0.00010891113197430968]
                T7:1              <= [0.00010891113]: 'OK'
                T7:1              <= [4.999999]: 'OK'
                T7:1[    0-0    ] <= [4.999999046325684]
                T7:1              <= [4.999999]: 'OK'
                T7:1[    0-0    ] <= [4.999999046325684]
                T7:1              <= [4.999999]: 'OK'
                T7:1[    0-0    ] <= [4.999999046325684]
                T7:1              <= [4.999999]: 'OK'
                T7:1[    0-0    ] <= [4.999999046325684]
                T7:1              <= [4.999999]: 'OK'
                T7:1[    0-0    ] <= [4.999999046325684]
                T7:1              <= [4.999999]: 'OK'
                T7:1[    0-0    ] <= [4.999999046325684]
                T7:1              <= [4.999999]: 'OK'
                T7:1[    0-0    ] <= [4.999999046325684]
                T7:1              <= [4.999999]: 'OK'
                T7:1[    0-0    ] <= [4.999999046325684]
                T7:1              <= [-2.7099609e-06]: 'OK'
                T7:1[    0-0    ] <= [-2.7099608814751264e-06]
                T7:1              <= [-2.7099609e-06]: 'OK'
                T7:1[    0-0    ] <= [-2.7099608814751264e-06]
                T7:1[    0-0    ] <= [-2.7099608814751264e-06]
                T7:1              <= [-2.7099609e-06]: 'OK'
                T7:1              <= [-2.7099609e-06]: 'OK'
                T7:1[    0-0    ] <= [-2.7099608814751264e-06]
                T7:1              <= [-2.7099609e-06]: 'OK'
                T7:1[    0-0    ] <= [-2.7099608814751264e-06]
                T7:1              <= [-2.7099609e-06]: 'OK'
                T7:1[    0-0    ] <= [-2.7099608814751264e-06]
                T7:1              <= [-2.7099609e-06]: 'OK'
                T7:1[    0-0    ] <= [-2.7099608814751264e-06]
                T7:1              <= [-2.7099609e-06]: 'OK'
                T7:1[    0-0    ] <= [-2.7099608814751264e-06]
                T7:1              <= [-2.7099609e-06]: 'OK'
                T7:1[    0-0    ] <= [-2.7099608814751264e-06]
                T7:1              <= [-2.7099609e-06]: 'OK'
                T7:1[    0-0    ] <= [-2.7099608814751264e-06]
                T7:1              <= [-2.7099609e-06]: 'OK'
                T7:1[    0-0    ] <= [-2.7099608814751264e-06]
                T7:1              <= [-2.7099609e-06]: 'OK'
                T7:1[    0-0    ] <= [-2.7099608814751264e-06]
                T7:1              <= [-2.7099609e-06]: 'OK'
                T7:1[    0-0    ] <= [-2.7099608814751264e-06]
                T7:1              <= [4.999999]: 'OK'
                T7:1[    0-0    ] <= [4.999999046325684]
                T7:1              <= [4.999999]: 'OK'
                T7:1[    0-0    ] <= [4.999999046325684]
                T7:1              <= [4.999999]: 'OK'
                T7:1[    0-0    ] <= [4.999999046325684]
                T7:1[    0-0    ] <= [4.999999046325684]
                T7:1              <= [4.999999]: 'OK'
                T7:1              <= [8.100586e-05]: 'OK'
                T7:1[    0-0    ] <= [8.10058627394028e-05]
                T7:1              <= [8.100586e-05]: 'OK'
                T7:1[    0-0    ] <= [8.10058627394028e-05]
                T7:1              <= [-2.7099609e-06]: 'OK'
                T7:1[    0-0    ] <= [-2.7099608814751264e-06]
                T7:1              <= [-2.7099609e-06]: 'OK'
                T7:1[    0-0    ] <= [-2.7099608814751264e-06]
                T7:1              <= [-2.7099609e-06]: 'OK'
                T7:1[    0-0    ] <= [-2.7099608814751264e-06]
                T7:1              <= [4.999999]: 'OK'
                T7:1[    0-0    ] <= [4.999999046325684]
                T7:1              <= [4.999999]: 'OK'
                T7:1[    0-0    ] <= [4.999999046325684]
                T7:1              <= [4.999999]: 'OK'
                T7:1[    0-0    ] <= [4.999999046325684]
                T7:1              <= [-2.7099609e-06]: 'OK'
                T7:1[    0-0    ] <= [-2.7099608814751264e-06]
                T7:1              <= [-2.7099609e-06]: 'OK'
                T7:1[    0-0    ] <= [-2.7099608814751264e-06]
                T7:1              <= [-2.7099609e-06]: 'OK'
                T7:1[    0-0    ] <= [-2.7099608814751264e-06]
                T7:1              <= [-2.7099609e-06]: 'OK'
                T7:1[    0-0    ] <= [-2.7099608814751264e-06]
                T7:1              <= [0.00011821289]: 'OK'
                T7:1[    0-0    ] <= [0.00011821289081126451]
                T7:1              <= [0.00011821289]: 'OK'
                T7:1[    0-0    ] <= [0.00011821289081126451]
                T7:1              <= [0.00011821289]: 'OK'
                T7:1[    0-0    ] <= [0.00011821289081126451]
                T7:1[    0-0    ] <= [0.00011821289081126451]
                T7:1              <= [0.00011821289]: 'OK'
                T7:1              <= [4.999999]: 'OK'
                T7:1[    0-0    ] <= [4.999999046325684]
                T7:1[    0-0    ] <= [4.999999046325684]
                T7:1              <= [4.999999]: 'OK'
                T7:1              <= [4.999999]: 'OK'
                T7:1[    0-0    ] <= [4.999999046325684]
                T7:1              <= [4.999999]: 'OK'
                T7:1[    0-0    ] <= [4.999999046325684]
                T7:1              <= [4.999999]: 'OK'
                T7:1[    0-0    ] <= [4.999999046325684]
                T7:1              <= [4.999999]: 'OK'
                T7:1[    0-0    ] <= [4.999999046325684]
                T7:1              <= [4.999999]: 'OK'
                T7:1[    0-0    ] <= [4.999999046325684]
                T7:1              <= [0.00012751465]: 'OK'
                T7:1[    0-0    ] <= [0.00012751464964821935]
                T7:1              <= [0.00012751465]: 'OK'
                T7:1[    0-0    ] <= [0.00012751464964821935]
                T7:1              <= [0.00012751465]: 'OK'
                T7:1[    0-0    ] <= [0.00012751464964821935]
                T7:1              <= [-2.7099609e-06]: 'OK'
                T7:1[    0-0    ] <= [-2.7099608814751264e-06]
                T7:1              <= [-2.7099609e-06]: 'OK'
                T7:1[    0-0    ] <= [-2.7099608814751264e-06]
                T7:1              <= [-2.7099609e-06]: 'OK'
                T7:1[    0-0    ] <= [-2.7099608814751264e-06]
                T7:1              <= [-2.7099609e-06]: 'OK'
                T7:1[    0-0    ] <= [-2.7099608814751264e-06]
                T7:1              <= [-2.7099609e-06]: 'OK'
                T7:1[    0-0    ] <= [-2.7099608814751264e-06]
                T7:1              <= [6.591797e-06]: 'OK'
                T7:1[    0-0    ] <= [6.591797045985004e-06]
                T7:1              <= [4.999999]: 'OK'
                T7:1[    0-0    ] <= [4.999999046325684]
                T7:1              <= [4.999999]: 'OK'
                T7:1[    0-0    ] <= [4.999999046325684]
                T7:1              <= [4.999999]: 'OK'
                T7:1[    0-0    ] <= [4.999999046325684]
                T7:1              <= [4.999999]: 'OK'
                T7:1[    0-0    ] <= [4.999999046325684]
                T7:1              <= [-2.7099609e-06]: 'OK'
                T7:1[    0-0    ] <= [-2.7099608814751264e-06]
                T7:1              <= [-2.7099609e-06]: 'OK'
                T7:1[    0-0    ] <= [-2.7099608814751264e-06]
                T7:1              <= [-2.7099609e-06]: 'OK'
                T7:1[    0-0    ] <= [-2.7099608814751264e-06]
                T7:1              <= [-2.7099609e-06]: 'OK'
                T7:1[    0-0    ] <= [-2.7099608814751264e-06]
                T7:1              <= [-2.7099609e-06]: 'OK'
                T7:1[    0-0    ] <= [-2.7099608814751264e-06]
                T7:1              <= [-2.7099609e-06]: 'OK'
                T7:1[    0-0    ] <= [-2.7099608814751264e-06]
                T7:1              <= [4.999999]: 'OK'
                T7:1[    0-0    ] <= [4.999999046325684]
                T7:1              <= [4.999999]: 'OK'
                T7:1[    0-0    ] <= [4.999999046325684]
                T7:1              <= [4.999999]: 'OK'
                T7:1[    0-0    ] <= [4.999999046325684]
                T7:1              <= [4.999999]: 'OK'
                T7:1[    0-0    ] <= [4.999999046325684]
                T7:1              <= [4.999999]: 'OK'
                T7:1[    0-0    ] <= [4.999999046325684]
                T7:1              <= [4.999999]: 'OK'
                T7:1[    0-0    ] <= [4.999999046325684]
                T7:1              <= [4.999999]: 'OK'
                T7:1[    0-0    ] <= [4.999999046325684]
                T7:1              <= [4.999999]: 'OK'
                T7:1[    0-0    ] <= [4.999999046325684]
                T7:1              <= [9.960937e-05]: 'OK'
                T7:1[    0-0    ] <= [9.960937313735485e-05]
                T7:1              <= [9.960937e-05]: 'OK'
                T7:1[    0-0    ] <= [9.960937313735485e-05]
                T7:1              <= [9.960937e-05]: 'OK'
                T7:1[    0-0    ] <= [9.960937313735485e-05]
                T7:1              <= [9.960937e-05]: 'OK'
                T7:1[    0-0    ] <= [9.960937313735485e-05]
                T7:1              <= [9.960937e-05]: 'OK'
                T7:1[    0-0    ] <= [9.960937313735485e-05]
                T7:1              <= [9.960937e-05]: 'OK'
                T7:1[    0-0    ] <= [9.960937313735485e-05]
                T7:1              <= [9.960937e-05]: 'OK'
                T7:1[    0-0    ] <= [9.960937313735485e-05]
                T7:1              <= [9.960937e-05]: 'OK'
                T7:1[    0-0    ] <= [9.960937313735485e-05]
                T7:1              <= [9.960937e-05]: 'OK'
                T7:1[    0-0    ] <= [9.960937313735485e-05]
                T7:1              <= [9.960937e-05]: 'OK'
                T7:1[    0-0    ] <= [9.960937313735485e-05]
                T7:1              <= [4.999999]: 'OK'
                T7:1[    0-0    ] <= [4.999999046325684]
                T7:1              <= [4.999999]: 'OK'
                T7:1[    0-0    ] <= [4.999999046325684]
                T7:1              <= [4.999999]: 'OK'
                T7:1[    0-0    ] <= [4.999999046325684]
                T7:1              <= [4.999999]: 'OK'
                T7:1[    0-0    ] <= [4.999999046325684]
                T7:1[    0-0    ] <= [4.999999046325684]
                T7:1              <= [4.999999]: 'OK'
                T7:1[    0-0    ] <= [4.999999046325684]
                T7:1              <= [4.999999]: 'OK'
                T7:1              <= [4.999999]: 'OK'
                T7:1[    0-0    ] <= [4.999999046325684]
                T7:1              <= [-2.7099609e-06]: 'OK'
                T7:1[    0-0    ] <= [-2.7099608814751264e-06]
                T7:1              <= [-2.7099609e-06]: 'OK'
                T7:1[    0-0    ] <= [-2.7099608814751264e-06]
                T7:1              <= [-2.7099609e-06]: 'OK'
                T7:1[    0-0    ] <= [-2.7099608814751264e-06]
                T7:1              <= [-2.7099609e-06]: 'OK'
                T7:1[    0-0    ] <= [-2.7099608814751264e-06]
                T7:1              <= [-2.7099609e-06]: 'OK'
                T7:1[    0-0    ] <= [-2.7099608814751264e-06]
                T7:1              <= [-2.7099609e-06]: 'OK'
                T7:1[    0-0    ] <= [-2.7099608814751264e-06]
                T7:1              <= [-2.7099609e-06]: 'OK'
                T7:1[    0-0    ] <= [-2.7099608814751264e-06]
                T7:1              <= [4.999999]: 'OK'
                T7:1[    0-0    ] <= [4.999999046325684]
                T7:1              <= [4.999999]: 'OK'
                T7:1[    0-0    ] <= [4.999999046325684]
                T7:1              <= [4.999999]: 'OK'
                T7:1[    0-0    ] <= [4.999999046325684]
                T7:1              <= [4.999999]: 'OK'
                T7:1[    0-0    ] <= [4.999999046325684]
                T7:1              <= [4.999999]: 'OK'
                T7:1[    0-0    ] <= [4.999999046325684]
                T7:1              <= [4.999999]: 'OK'
                T7:1[    0-0    ] <= [4.999999046325684]
                T7:1              <= [0.00012751465]: 'OK'
                T7:1[    0-0    ] <= [0.00012751464964821935]
                T7:1              <= [0.00012751465]: 'OK'
                T7:1[    0-0    ] <= [0.00012751464964821935]
                T7:1              <= [0.00012751465]: 'OK'
                T7:1[    0-0    ] <= [0.00012751464964821935]
                T7:1              <= [0.00012751465]: 'OK'
                T7:1[    0-0    ] <= [0.00012751464964821935]
                T7:1              <= [0.00012751465]: 'OK'
                T7:1[    0-0    ] <= [0.00012751464964821935]
                T7:1              <= [0.00012751465]: 'OK'
                T7:1[    0-0    ] <= [0.00012751464964821935]
                T7:1              <= [4.999999]: 'OK'
                T7:1[    0-0    ] <= [4.999999046325684]
                T7:1              <= [4.999999]: 'OK'
                T7:1[    0-0    ] <= [4.999999046325684]
                T7:1              <= [4.999999]: 'OK'
                T7:1[    0-0    ] <= [4.999999046325684]
                T7:1              <= [4.999999]: 'OK'
                T7:1[    0-0    ] <= [4.999999046325684]
                T7:1              <= [4.999999]: 'OK'
                T7:1[    0-0    ] <= [4.999999046325684]
                T7:1              <= [4.999999]: 'OK'
                T7:1[    0-0    ] <= [4.999999046325684]
                T7:1              <= [4.999999]: 'OK'
                T7:1[    0-0    ] <= [4.999999046325684]
                T7:1              <= [4.999999]: 'OK'
                T7:1[    0-0    ] <= [4.999999046325684]
                T7:1              <= [4.999999]: 'OK'
                T7:1[    0-0    ] <= [4.999999046325684]
                T7:1              <= [-2.7099609e-06]: 'OK'
                T7:1[    0-0    ] <= [-2.7099608814751264e-06]
                T7:1              <= [-2.7099609e-06]: 'OK'
                T7:1[    0-0    ] <= [-2.7099608814751264e-06]
                T7:1              <= [-2.7099609e-06]: 'OK'
                T7:1[    0-0    ] <= [-2.7099608814751264e-06]
                T7:1              <= [4.999999]: 'OK'
                T7:1[    0-0    ] <= [4.999999046325684]
                T7:1              <= [4.999999]: 'OK'
                T7:1[    0-0    ] <= [4.999999046325684]
                T7:1              <= [4.999999]: 'OK'
                T7:1[    0-0    ] <= [4.999999046325684]
                T7:1[    0-0    ] <= [4.999999046325684]
                T7:1              <= [4.999999]: 'OK'
                T7:1[    0-0    ] <= [4.999999046325684]
                T7:1              <= [4.999999]: 'OK'
                T7:1              <= [4.999999]: 'OK'
                T7:1[    0-0    ] <= [4.999999046325684]
                T7:1              <= [4.999999]: 'OK'
                T7:1[    0-0    ] <= [4.999999046325684]
                T7:1              <= [0.00012751465]: 'OK'
                T7:1[    0-0    ] <= [0.00012751464964821935]
                T7:1              <= [0.00012751465]: 'OK'
                T7:1[    0-0    ] <= [0.00012751464964821935]
                T7:1              <= [0.00012751465]: 'OK'
                T7:1[    0-0    ] <= [0.00012751464964821935]
                T7:1              <= [-2.7099609e-06]: 'OK'
                T7:1[    0-0    ] <= [-2.7099608814751264e-06]
                T7:1              <= [-2.7099609e-06]: 'OK'
                T7:1[    0-0    ] <= [-2.7099608814751264e-06]
                T7:1              <= [-2.7099609e-06]: 'OK'
                T7:1[    0-0    ] <= [-2.7099608814751264e-06]
                T7:1              <= [4.999999]: 'OK'
                T7:1[    0-0    ] <= [4.999999046325684]
                T7:1              <= [4.999999]: 'OK'
                T7:1[    0-0    ] <= [4.999999046325684]
                T7:1              <= [4.999999]: 'OK'
                T7:1[    0-0    ] <= [4.999999046325684]
                T7:1              <= [4.999999]: 'OK'
                T7:1[    0-0    ] <= [4.999999046325684]
                T7:1              <= [4.999999]: 'OK'
                T7:1[    0-0    ] <= [4.999999046325684]
                T7:1              <= [4.999999]: 'OK'
                T7:1[    0-0    ] <= [4.999999046325684]
                T7:1              <= [4.999999]: 'OK'
                T7:1[    0-0    ] <= [4.999999046325684]
                T7:1              <= [-2.7099609e-06]: 'OK'
                T7:1[    0-0    ] <= [-2.7099608814751264e-06]
                T7:1              <= [-2.7099609e-06]: 'OK'
                T7:1[    0-0    ] <= [-2.7099608814751264e-06]
                T7:1              <= [-2.7099609e-06]: 'OK'
                T7:1[    0-0    ] <= [-2.7099608814751264e-06]
                T7:1              <= [-2.7099609e-06]: 'OK'
                T7:1[    0-0    ] <= [-2.7099608814751264e-06]
                T7:1              <= [-2.7099609e-06]: 'OK'
                T7:1[    0-0    ] <= [-2.7099608814751264e-06]
                T7:1              <= [-2.7099609e-06]: 'OK'
                T7:1[    0-0    ] <= [-2.7099608814751264e-06]
                T7:1              <= [-2.7099609e-06]: 'OK'
                T7:1[    0-0    ] <= [-2.7099608814751264e-06]
                T7:1[    0-0    ] <= [-2.7099608814751264e-06]
                T7:1              <= [-2.7099609e-06]: 'OK'
                T7:1              <= [-2.7099609e-06]: 'OK'
                T7:1[    0-0    ] <= [-2.7099608814751264e-06]
                T7:1              <= [4.999999]: 'OK'
                T7:1[    0-0    ] <= [4.999999046325684]
                T7:1              <= [4.999999]: 'OK'
                T7:1[    0-0    ] <= [4.999999046325684]
                T7:1              <= [4.999999]: 'OK'
                T7:1[    0-0    ] <= [4.999999046325684]
                T7:1              <= [4.999999]: 'OK'
                T7:1[    0-0    ] <= [4.999999046325684]
                T7:1              <= [4.999999]: 'OK'
                T7:1[    0-0    ] <= [4.999999046325684]
                T7:1              <= [4.999999]: 'OK'
                T7:1[    0-0    ] <= [4.999999046325684]
                T7:1              <= [4.999999]: 'OK'
                T7:1[    0-0    ] <= [4.999999046325684]
                T7:1              <= [-2.7099609e-06]: 'OK'
                T7:1[    0-0    ] <= [-2.7099608814751264e-06]
                T7:1              <= [-2.7099609e-06]: 'OK'
                T7:1[    0-0    ] <= [-2.7099608814751264e-06]
                T7:1              <= [-2.7099609e-06]: 'OK'
                T7:1[    0-0    ] <= [-2.7099608814751264e-06]
                T7:1[    0-0    ] <= [-2.7099608814751264e-06]
                T7:1              <= [-2.7099609e-06]: 'OK'
                T7:1              <= [-2.7099609e-06]: 'OK'
                T7:1[    0-0    ] <= [-2.7099608814751264e-06]
                T7:1[    0-0    ] <= [-2.7099608814751264e-06]
                T7:1              <= [-2.7099609e-06]: 'OK'
                T7:1              <= [-2.7099609e-06]: 'OK'
                T7:1[    0-0    ] <= [-2.7099608814751264e-06]
                T7:1              <= [-2.7099609e-06]: 'OK'
                T7:1[    0-0    ] <= [-2.7099608814751264e-06]
                T7:1              <= [-2.7099609e-06]: 'OK'
                T7:1[    0-0    ] <= [-2.7099608814751264e-06]
                T7:1              <= [-2.7099609e-06]: 'OK'
                T7:1[    0-0    ] <= [-2.7099608814751264e-06]
                T7:1              <= [4.999999]: 'OK'
                T7:1[    0-0    ] <= [4.999999046325684]
                T7:1[    0-0    ] <= [4.999999046325684]
                T7:1              <= [4.999999]: 'OK'
                T7:1              <= [4.999999]: 'OK'
                T7:1[    0-0    ] <= [4.999999046325684]
                T7:1              <= [4.999999]: 'OK'
                T7:1[    0-0    ] <= [4.999999046325684]
                T7:1              <= [4.999999]: 'OK'
                T7:1[    0-0    ] <= [4.999999046325684]
                T7:1[    0-0    ] <= [4.999999046325684]
                T7:1              <= [4.999999]: 'OK'
                T7:1              <= [-2.7099609e-06]: 'OK'
                T7:1[    0-0    ] <= [-2.7099608814751264e-06]
                T7:1              <= [-2.7099609e-06]: 'OK'
                T7:1[    0-0    ] <= [-2.7099608814751264e-06]
                T7:1              <= [-2.7099609e-06]: 'OK'
                T7:1[    0-0    ] <= [-2.7099608814751264e-06]
                T7:1              <= [-2.7099609e-06]: 'OK'
                T7:1[    0-0    ] <= [-2.7099608814751264e-06]
                T7:1              <= [-2.7099609e-06]: 'OK'
                T7:1[    0-0    ] <= [-2.7099608814751264e-06]
                T7:1              <= [-2.7099609e-06]: 'OK'
                T7:1[    0-0    ] <= [-2.7099608814751264e-06]
                T7:1              <= [-2.7099609e-06]: 'OK'
                T7:1[    0-0    ] <= [-2.7099608814751264e-06]
                T7:1              <= [-2.7099609e-06]: 'OK'
                T7:1[    0-0    ] <= [-2.7099608814751264e-06]
                T7:1              <= [-2.7099609e-06]: 'OK'
                T7:1[    0-0    ] <= [-2.7099608814751264e-06]
                T7:1              <= [-2.7099609e-06]: 'OK'
                T7:1[    0-0    ] <= [-2.7099608814751264e-06]
                T7:1              <= [4.999999]: 'OK'
                T7:1[    0-0    ] <= [4.999999046325684]
                T7:1              <= [4.999999]: 'OK'
                T7:1[    0-0    ] <= [4.999999046325684]
                T7:1              <= [4.999999]: 'OK'
                T7:1[    0-0    ] <= [4.999999046325684]
                T7:1              <= [4.999999]: 'OK'
                T7:1[    0-0    ] <= [4.999999046325684]
                T7:1              <= [4.999999]: 'OK'
                T7:1[    0-0    ] <= [4.999999046325684]
                T7:1              <= [4.999999]: 'OK'
                T7:1[    0-0    ] <= [4.999999046325684]
                T7:1              <= [4.999999]: 'OK'
                T7:1[    0-0    ] <= [4.999999046325684]
                T7:1              <= [4.999999]: 'OK'
                T7:1[    0-0    ] <= [4.999999046325684]
                T7:1              <= [4.999999]: 'OK'
                T7:1[    0-0    ] <= [4.999999046325684]
                T7:1              <= [4.999999]: 'OK'
                T7:1[    0-0    ] <= [4.999999046325684]
                T7:1              <= [-2.7099609e-06]: 'OK'
                T7:1[    0-0    ] <= [-2.7099608814751264e-06]
                T7:1              <= [-2.7099609e-06]: 'OK'
                T7:1[    0-0    ] <= [-2.7099608814751264e-06]
                T7:1              <= [-2.7099609e-06]: 'OK'
                T7:1[    0-0    ] <= [-2.7099608814751264e-06]
                T7:1              <= [-2.7099609e-06]: 'OK'
                T7:1[    0-0    ] <= [-2.7099608814751264e-06]
                T7:1              <= [-2.7099609e-06]: 'OK'
                T7:1[    0-0    ] <= [-2.7099608814751264e-06]
                T7:1              <= [4.999999]: 'OK'
                T7:1[    0-0    ] <= [4.999999046325684]
                T7:1              <= [4.999999]: 'OK'
                T7:1[    0-0    ] <= [4.999999046325684]
                T7:1              <= [4.999999]: 'OK'
                T7:1[    0-0    ] <= [4.999999046325684]
                T7:1              <= [4.999999]: 'OK'
                T7:1[    0-0    ] <= [4.999999046325684]
                T7:1[    0-0    ] <= [4.999999046325684]
                T7:1              <= [4.999999]: 'OK'
                T7:1              <= [4.999999]: 'OK'
                T7:1[    0-0    ] <= [4.999999046325684]
                T7:1              <= [4.999999]: 'OK'
                T7:1[    0-0    ] <= [4.999999046325684]
                T7:1              <= [4.999999]: 'OK'
                T7:1[    0-0    ] <= [4.999999046325684]
                T7:1[    0-0    ] <= [4.999999046325684]
                T7:1              <= [4.999999]: 'OK'
                T7:1              <= [-2.7099609e-06]: 'OK'
                T7:1[    0-0    ] <= [-2.7099608814751264e-06]
                T7:1              <= [-2.7099609e-06]: 'OK'
                T7:1[    0-0    ] <= [-2.7099608814751264e-06]
                T7:1              <= [-2.7099609e-06]: 'OK'
                T7:1[    0-0    ] <= [-2.7099608814751264e-06]
                T7:1              <= [-2.7099609e-06]: 'OK'
                T7:1[    0-0    ] <= [-2.7099608814751264e-06]
                T7:1              <= [-2.7099609e-06]: 'OK'
                T7:1[    0-0    ] <= [-2.7099608814751264e-06]
                T7:1              <= [-2.7099609e-06]: 'OK'
                T7:1[    0-0    ] <= [-2.7099608814751264e-06]
                T7:1              <= [-2.7099609e-06]: 'OK'
                T7:1[    0-0    ] <= [-2.7099608814751264e-06]
                T7:1              <= [-2.7099609e-06]: 'OK'
                T7:1[    0-0    ] <= [-2.7099608814751264e-06]
                T7:1[    0-0    ] <= [-2.7099608814751264e-06]
                T7:1              <= [-2.7099609e-06]: 'OK'
                T7:1[    0-0    ] <= [-2.7099608814751264e-06]
                T7:1              <= [-2.7099609e-06]: 'OK'
                T7:1              <= [-2.7099609e-06]: 'OK'
                T7:1[    0-0    ] <= [-2.7099608814751264e-06]
                T7:1              <= [4.999999]: 'OK'
                T7:1[    0-0    ] <= [4.999999046325684]
                T7:1[    0-0    ] <= [4.999999046325684]
                T7:1              <= [4.999999]: 'OK'
                T7:1              <= [4.999999]: 'OK'
                T7:1[    0-0    ] <= [4.999999046325684]
                T7:1              <= [4.999999]: 'OK'
                T7:1[    0-0    ] <= [4.999999046325684]
                T7:1              <= [4.999999]: 'OK'
                T7:1[    0-0    ] <= [4.999999046325684]
                T7:1              <= [4.999999]: 'OK'
                T7:1[    0-0    ] <= [4.999999046325684]
                T7:1              <= [4.999999]: 'OK'
                T7:1[    0-0    ] <= [4.999999046325684]
                T7:1              <= [4.999999]: 'OK'
                T7:1[    0-0    ] <= [4.999999046325684]
                T7:1[    0-0    ] <= [4.999999046325684]
                T7:1              <= [4.999999]: 'OK'
                T7:1              <= [-2.7099609e-06]: 'OK'
                T7:1[    0-0    ] <= [-2.7099608814751264e-06]
                T7:1              <= [-2.7099609e-06]: 'OK'
                T7:1[    0-0    ] <= [-2.7099608814751264e-06]
                T7:1              <= [-2.7099609e-06]: 'OK'
                T7:1[    0-0    ] <= [-2.7099608814751264e-06]
                T7:1              <= [-2.7099609e-06]: 'OK'
                T7:1[    0-0    ] <= [-2.7099608814751264e-06]
                T7:1              <= [-2.7099609e-06]: 'OK'
                T7:1[    0-0    ] <= [-2.7099608814751264e-06]
                T7:1              <= [-2.7099609e-06]: 'OK'
                T7:1[    0-0    ] <= [-2.7099608814751264e-06]
                T7:1              <= [7.1704104e-05]: 'OK'
                T7:1[    0-0    ] <= [7.170410390244797e-05]
                T7:1              <= [7.1704104e-05]: 'OK'
                T7:1[    0-0    ] <= [7.170410390244797e-05]
                T7:1              <= [7.1704104e-05]: 'OK'
                T7:1[    0-0    ] <= [7.170410390244797e-05]
                T7:1              <= [7.1704104e-05]: 'OK'
                T7:1[    0-0    ] <= [7.170410390244797e-05]
                T7:1              <= [7.1704104e-05]: 'OK'
                T7:1[    0-0    ] <= [7.170410390244797e-05]
                T7:1              <= [7.1704104e-05]: 'OK'
                T7:1[    0-0    ] <= [7.170410390244797e-05]
                T7:1              <= [-2.7099609e-06]: 'OK'
                T7:1[    0-0    ] <= [-2.7099608814751264e-06]
                T7:1              <= [4.999999]: 'OK'
                T7:1[    0-0    ] <= [4.999999046325684]
                T7:1              <= [4.999999]: 'OK'
                T7:1[    0-0    ] <= [4.999999046325684]
                T7:1              <= [4.999999]: 'OK'
                T7:1[    0-0    ] <= [4.999999046325684]
                T7:1              <= [4.999999]: 'OK'
                T7:1[    0-0    ] <= [4.999999046325684]
                T7:1              <= [4.999999]: 'OK'
                T7:1[    0-0    ] <= [4.999999046325684]
                T7:1              <= [4.999999]: 'OK'
                T7:1[    0-0    ] <= [4.999999046325684]
                T7:1              <= [4.999999]: 'OK'
                T7:1[    0-0    ] <= [4.999999046325684]
                T7:1              <= [4.999999]: 'OK'
                T7:1[    0-0    ] <= [4.999999046325684]
                T7:1              <= [-2.7099609e-06]: 'OK'
                T7:1[    0-0    ] <= [-2.7099608814751264e-06]
                T7:1[    0-0    ] <= [-2.7099608814751264e-06]
                T7:1              <= [-2.7099609e-06]: 'OK'
                T7:1              <= [-2.7099609e-06]: 'OK'
                T7:1[    0-0    ] <= [-2.7099608814751264e-06]
                T7:1              <= [-2.7099609e-06]: 'OK'
                T7:1[    0-0    ] <= [-2.7099608814751264e-06]
                T7:1              <= [-2.7099609e-06]: 'OK'
                T7:1[    0-0    ] <= [-2.7099608814751264e-06]
                T7:1              <= [-2.7099609e-06]: 'OK'
                T7:1[    0-0    ] <= [-2.7099608814751264e-06]
                T7:1              <= [-2.7099609e-06]: 'OK'
                T7:1[    0-0    ] <= [-2.7099608814751264e-06]
                T7:1              <= [-2.7099609e-06]: 'OK'
                T7:1[    0-0    ] <= [-2.7099608814751264e-06]
                T7:1              <= [-2.7099609e-06]: 'OK'
                T7:1[    0-0    ] <= [-2.7099608814751264e-06]
                T7:1              <= [-2.7099609e-06]: 'OK'
                T7:1[    0-0    ] <= [-2.7099608814751264e-06]
                T7:1              <= [-2.7099609e-06]: 'OK'
                T7:1[    0-0    ] <= [-2.7099608814751264e-06]
                T7:1              <= [-2.7099609e-06]: 'OK'
                T7:1[    0-0    ] <= [-2.7099608814751264e-06]
                T7:1              <= [4.999999]: 'OK'
                T7:1[    0-0    ] <= [4.999999046325684]
                T7:1              <= [4.999999]: 'OK'
                T7:1[    0-0    ] <= [4.999999046325684]
                T7:1              <= [4.999999]: 'OK'
                T7:1[    0-0    ] <= [4.999999046325684]
                T7:1              <= [4.999999]: 'OK'
                T7:1[    0-0    ] <= [4.999999046325684]
                T7:1[    0-0    ] <= [4.999999046325684]
                T7:1              <= [4.999999]: 'OK'
                T7:1              <= [4.999999]: 'OK'
                T7:1[    0-0    ] <= [4.999999046325684]
                T7:1              <= [4.999999]: 'OK'
                T7:1[    0-0    ] <= [4.999999046325684]
                T7:1              <= [4.999999]: 'OK'
                T7:1[    0-0    ] <= [4.999999046325684]
                T7:1              <= [4.999999]: 'OK'
                T7:1[    0-0    ] <= [4.999999046325684]
Copying to  week_0
