                T1:1              <= [3.0]: 'OK'
                T1:1[    0-0    ] <= [3.0]
                T1:1[    0-0    ] <= [3.0]
                T1:1              <= [3.0]: 'OK'
                T1:1              <= [3.0]: 'OK'
                T1:1[    0-0    ] <= [3.0]
                T1:1              <= [3.0]: 'OK'
                T1:1[    0-0    ] <= [3.0]
                T1:1              <= [3.0]: 'OK'
                T1:1[    0-0    ] <= [3.0]
                T1:1              <= [3.0]: 'OK'
                T1:1[    0-0    ] <= [3.0]
                T1:1              <= [3.0]: 'OK'
                T1:1[    0-0    ] <= [3.0]
                T1:1              <= [3.0]: 'OK'
                T1:1[    0-0    ] <= [3.0]
                T1:1              <= [3.0]: 'OK'
                T1:1[    0-0    ] <= [3.0]
                T1:1              <= [3.0]: 'OK'
                T1:1[    0-0    ] <= [3.0]
                T1:1              <= [3.0]: 'OK'
                T1:1[    0-0    ] <= [3.0]
                T1:1              <= [5.5729747]: 'OK'
                T1:1[    0-0    ] <= [5.572974681854248]
                T1:1              <= [5.4749155]: 'OK'
                T1:1[    0-0    ] <= [5.474915504455566]
                T1:1              <= [5.3769073]: 'OK'
                T1:1[    0-0    ] <= [5.3769073486328125]
                T1:1              <= [5.278932]: 'OK'
                T1:1[    0-0    ] <= [5.278932094573975]
                T1:1[    0-0    ] <= [5.172664165496826]
                T1:1              <= [5.172664]: 'OK'
                T1:1              <= [5.1128025]: 'OK'
                T1:1[    0-0    ] <= [5.112802505493164]
                T1:1[    0-0    ] <= [4.940948009490967]
                T1:1              <= [4.940948]: 'OK'
                T1:1              <= [4.8347826]: 'OK'
                T1:1[    0-0    ] <= [4.834782600402832]
                T1:1              <= [4.695135]: 'OK'
                T1:1[    0-0    ] <= [4.695135116577148]
                T1:1              <= [4.486292]: 'OK'
                T1:1[    0-0    ] <= [4.486291885375977]
                T1:1              <= [4.347445]: 'OK'
                T1:1[    0-0    ] <= [4.347445011138916]
                T1:1              <= [4.208895]: 'OK'
                T1:1[    0-0    ] <= [4.208895206451416]
                T1:1              <= [4.070736]: 'OK'
                T1:1[    0-0    ] <= [4.070735931396484]
                T1:1              <= [3.9587243]: 'OK'
                T1:1[    0-0    ] <= [3.9587242603302]
                T1:1              <= [3.8743806]: 'OK'
                T1:1[    0-0    ] <= [3.874380588531494]
                T1:1              <= [3.7904835]: 'OK'
                T1:1[    0-0    ] <= [3.7904834747314453]
                T1:1[    0-0    ] <= [3.7070326805114746]
                T1:1              <= [3.7070327]: 'OK'
                T1:1              <= [3.5826683]: 'OK'
                T1:1[    0-0    ] <= [3.5826683044433594]
                T1:1              <= [3.5002453]: 'OK'
                T1:1[    0-0    ] <= [3.5002453327178955]
                T1:1              <= [3.418255]: 'OK'
                T1:1[    0-0    ] <= [3.418255090713501]
                T1:1[    0-0    ] <= [3.3367111682891846]
                T1:1              <= [3.3367112]: 'OK'
                T1:1              <= [3.2555997]: 'OK'
                T1:1[    0-0    ] <= [3.2555997371673584]
                T1:1              <= [3.2152069]: 'OK'
                T1:1[    0-0    ] <= [3.2152068614959717]
                T1:1              <= [3.1347468]: 'OK'
                T1:1[    0-0    ] <= [3.134746789932251]
                T1:1              <= [3.0601792]: 'OK'
                T1:1[    0-0    ] <= [3.0601792335510254]
                T1:1              <= [2.9860442]: 'OK'
                T1:1[    0-0    ] <= [2.98604416847229]
                T1:1              <= [2.9491348]: 'OK'
                T1:1[    0-0    ] <= [2.9491348266601562]
                T1:1              <= [2.8756323]: 'OK'
                T1:1[    0-0    ] <= [2.8756322860717773]
                T1:1              <= [2.802553]: 'OK'
                T1:1[    0-0    ] <= [2.8025529384613037]
                T1:1              <= [2.729897]: 'OK'
                T1:1[    0-0    ] <= [2.7298970222473145]
                T1:1              <= [2.6590502]: 'OK'
                T1:1[    0-0    ] <= [2.659050226211548]
                T1:1              <= [2.590017]: 'OK'
                T1:1[    0-0    ] <= [2.590017080307007]
                T1:1              <= [2.5556564]: 'OK'
                T1:1[    0-0    ] <= [2.5556564331054688]
                T1:1              <= [2.4872513]: 'OK'
                T1:1[    0-0    ] <= [2.4872512817382812]
                T1:1              <= [2.41926]: 'OK'
                T1:1[    0-0    ] <= [2.419260025024414]
                T1:1              <= [2.3516874]: 'OK'
                T1:1[    0-0    ] <= [2.351687431335449]
                T1:1              <= [2.3180523]: 'OK'
                T1:1[    0-0    ] <= [2.318052291870117]
                T1:1              <= [2.2490938]: 'OK'
                T1:1[    0-0    ] <= [2.249093770980835]
                T1:1              <= [2.1785493]: 'OK'
                T1:1[    0-0    ] <= [2.178549289703369]
                T1:1              <= [2.1434305]: 'OK'
                T1:1[    0-0    ] <= [2.143430471420288]
                T1:1              <= [2.0735]: 'OK'
                T1:1[    0-0    ] <= [2.073499917984009]
                T1:1              <= [2.0386834]: 'OK'
                T1:1[    0-0    ] <= [2.0386834144592285]
                T1:1              <= [1.9759803]: 'OK'
                T1:1[    0-0    ] <= [1.975980281829834]
                T1:1              <= [1.9382988]: 'OK'
                T1:1[    0-0    ] <= [1.9382988214492798]
                T1:1              <= [1.9212952]: 'OK'
                T1:1[    0-0    ] <= [1.921295166015625]
                T1:1              <= [1.8882693]: 'OK'
                T1:1[    0-0    ] <= [1.888269305229187]
                T1:1              <= [1.8558154]: 'OK'
                T1:1[    0-0    ] <= [1.8558154106140137]
                T1:1              <= [1.8398025]: 'OK'
                T1:1[    0-0    ] <= [1.8398025035858154]
                T1:1              <= [1.8082044]: 'OK'
                T1:1[    0-0    ] <= [1.8082044124603271]
                T1:1              <= [1.7926193]: 'OK'
                T1:1[    0-0    ] <= [1.7926193475723267]
                T1:1              <= [1.7618724]: 'OK'
                T1:1[    0-0    ] <= [1.761872410774231]
                T1:1              <= [1.7467152]: 'OK'
                T1:1[    0-0    ] <= [1.7467151880264282]
                T1:1              <= [1.7069502]: 'OK'
                T1:1[    0-0    ] <= [1.7069501876831055]
                T1:1              <= [1.6869979]: 'OK'
                T1:1[    0-0    ] <= [1.686997890472412]
                T1:1              <= [1.6474096]: 'OK'
                T1:1[    0-0    ] <= [1.6474095582962036]
                T1:1              <= [1.6082445]: 'OK'
                T1:1[    0-0    ] <= [1.60824453830719]
                T1:1[    0-0    ] <= [1.588817834854126]
                T1:1              <= [1.5888178]: 'OK'
                T1:1[    0-0    ] <= [1.569498062133789]
                T1:1              <= [1.5694981]: 'OK'
                T1:1              <= [1.5522805]: 'OK'
                T1:1[    0-0    ] <= [1.5522805452346802]
                T1:1              <= [1.5438532]: 'OK'
                T1:1[    0-0    ] <= [1.5438531637191772]
                T1:1              <= [1.5248822]: 'OK'
                T1:1[    0-0    ] <= [1.524882197380066]
                T1:1              <= [1.5143433]: 'OK'
                T1:1[    0-0    ] <= [1.51434326171875]
                T1:1              <= [1.5038928]: 'OK'
                T1:1[    0-0    ] <= [1.5038927793502808]
                T1:1              <= [1.4832429]: 'OK'
                T1:1[    0-0    ] <= [1.4832428693771362]
                T1:1              <= [1.4730434]: 'OK'
                T1:1[    0-0    ] <= [1.473043441772461]
                T1:1              <= [1.4529052]: 'OK'
                T1:1[    0-0    ] <= [1.4529051780700684]
                T1:1              <= [1.4429569]: 'OK'
                T1:1[    0-0    ] <= [1.4429569244384766]
                T1:1              <= [1.4233209]: 'OK'
                T1:1[    0-0    ] <= [1.4233208894729614]
                T1:1              <= [1.4136238]: 'OK'
                T1:1[    0-0    ] <= [1.4136238098144531]
                T1:1              <= [1.4042569]: 'OK'
                T1:1[    0-0    ] <= [1.4042569398880005]
                T1:1              <= [1.3664314]: 'OK'
                T1:1[    0-0    ] <= [1.3664313554763794]
                T1:1[    0-0    ] <= [1.3476743698120117]
                T1:1              <= [1.3476744]: 'OK'
                T1:1              <= [1.329015]: 'OK'
                T1:1[    0-0    ] <= [1.3290150165557861]
                T1:1              <= [1.2919941]: 'OK'
                T1:1[    0-0    ] <= [1.2919940948486328]
                T1:1              <= [1.273637]: 'OK'
                T1:1[    0-0    ] <= [1.273637056350708]
                T1:1              <= [1.2553777]: 'OK'
                T1:1[    0-0    ] <= [1.2553776502609253]
                T1:1              <= [1.219152]: 'OK'
                T1:1[    0-0    ] <= [1.2191519737243652]
                T1:1[    0-0    ] <= [1.201185703277588]
                T1:1              <= [1.2011857]: 'OK'
                T1:1              <= [1.1850704]: 'OK'
                T1:1[    0-0    ] <= [1.1850703954696655]
                T1:1              <= [1.1690481]: 'OK'
                T1:1[    0-0    ] <= [1.1690480709075928]
                T1:1              <= [1.1372826]: 'OK'
                T1:1[    0-0    ] <= [1.1372826099395752]
                T1:1              <= [1.1215394]: 'OK'
                T1:1[    0-0    ] <= [1.1215393543243408]
                T1:1              <= [1.1058846]: 'OK'
                T1:1[    0-0    ] <= [1.1058845520019531]
                T1:1              <= [1.0600176]: 'OK'
                T1:1[    0-0    ] <= [1.0600175857543945]
                T1:1              <= [1.0393025]: 'OK'
                T1:1[    0-0    ] <= [1.0393024682998657]
                T1:1              <= [1.018741]: 'OK'
                T1:1[    0-0    ] <= [1.0187410116195679]
                T1:1              <= [1.0003747]: 'OK'
                T1:1[    0-0    ] <= [1.000374674797058]
                T1:1              <= [1.0045186]: 'OK'
                T1:1[    0-0    ] <= [1.0045186281204224]
                T1:1              <= [1.0083276]: 'OK'
                T1:1[    0-0    ] <= [1.008327603340149]
                T1:1              <= [1.0162156]: 'OK'
                T1:1[    0-0    ] <= [1.0162155628204346]
                T1:1[    0-0    ] <= [1.020303726196289]
                T1:1              <= [1.0203037]: 'OK'
                T1:1              <= [1.0244801]: 'OK'
                T1:1[    0-0    ] <= [1.0244801044464111]
                T1:1              <= [1.0287497]: 'OK'
                T1:1[    0-0    ] <= [1.028749704360962]
                T1:1              <= [1.0331122]: 'OK'
                T1:1[    0-0    ] <= [1.0331121683120728]
                T1:1[    0-0    ] <= [1.0421069860458374]
                T1:1              <= [1.042107]: 'OK'
                T1:1              <= [1.0462602]: 'OK'
                T1:1[    0-0    ] <= [1.0462602376937866]
                T1:1[    0-0    ] <= [1.0454230308532715]
                T1:1              <= [1.045423]: 'OK'
                T1:1              <= [1.0446417]: 'OK'
                T1:1[    0-0    ] <= [1.0446417331695557]
                T1:1              <= [1.044372]: 'OK'
                T1:1[    0-0    ] <= [1.0443719625473022]
                T1:1              <= [1.0441673]: 'OK'
                T1:1[    0-0    ] <= [1.0441672801971436]
                T1:1              <= [1.0439348]: 'OK'
                T1:1[    0-0    ] <= [1.0439348220825195]
                T1:1              <= [1.0439069]: 'OK'
                T1:1[    0-0    ] <= [1.0439069271087646]
                T1:1              <= [1.0439395]: 'OK'
                T1:1[    0-0    ] <= [1.043939471244812]
                T1:1              <= [1.0440325]: 'OK'
                T1:1[    0-0    ] <= [1.0440324544906616]
                T1:1              <= [1.0441812]: 'OK'
                T1:1[    0-0    ] <= [1.044181227684021]
                T1:1              <= [1.0443906]: 'OK'
                T1:1[    0-0    ] <= [1.0443905591964722]
                T1:1              <= [1.0446603]: 'OK'
                T1:1[    0-0    ] <= [1.0446603298187256]
                T1:1              <= [1.0449859]: 'OK'
                T1:1[    0-0    ] <= [1.0449858903884888]
                T1:1              <= [1.0501484]: 'OK'
                T1:1[    0-0    ] <= [1.050148367881775]
                T1:1[    0-0    ] <= [1.0635428428649902]
                T1:1              <= [1.0635428]: 'OK'
                T1:1[    0-0    ] <= [1.077937364578247]
                T1:1              <= [1.0779374]: 'OK'
                T1:1              <= [1.0923551]: 'OK'
                T1:1[    0-0    ] <= [1.0923551321029663]
                T1:1              <= [1.1067821]: 'OK'
                T1:1[    0-0    ] <= [1.106782078742981]
                T1:1              <= [1.1198883]: 'OK'
                T1:1[    0-0    ] <= [1.1198883056640625]
                T1:1              <= [1.1457286]: 'OK'
                T1:1[    0-0    ] <= [1.145728588104248]
                T1:1[    0-0    ] <= [1.1586068868637085]
                T1:1              <= [1.1586069]: 'OK'
                T1:1              <= [1.1714526]: 'OK'
                T1:1[    0-0    ] <= [1.1714526414871216]
                T1:1              <= [1.1842704]: 'OK'
                T1:1[    0-0    ] <= [1.1842703819274902]
                T1:1              <= [1.1982557]: 'OK'
                T1:1[    0-0    ] <= [1.1982556581497192]
                T1:1              <= [1.2106688]: 'OK'
                T1:1[    0-0    ] <= [1.2106688022613525]
                T1:1              <= [1.2231193]: 'OK'
                T1:1[    0-0    ] <= [1.2231192588806152]
                T1:1              <= [1.2355975]: 'OK'
                T1:1[    0-0    ] <= [1.2355974912643433]
                T1:1              <= [1.2606565]: 'OK'
                T1:1[    0-0    ] <= [1.260656476020813]
                T1:1[    0-0    ] <= [1.2732371091842651]
                T1:1              <= [1.2732371]: 'OK'
                T1:1              <= [1.2858456]: 'OK'
                T1:1[    0-0    ] <= [1.2858456373214722]
                T1:1              <= [1.2984867]: 'OK'
                T1:1[    0-0    ] <= [1.2984867095947266]
                T1:1              <= [1.3111603]: 'OK'
                T1:1[    0-0    ] <= [1.3111603260040283]
                T1:1              <= [1.3238665]: 'OK'
                T1:1[    0-0    ] <= [1.3238664865493774]
                T1:1              <= [1.332252]: 'OK'
                T1:1[    0-0    ] <= [1.332252025604248]
                T1:1[    0-0    ] <= [1.3351961374282837]
                T1:1              <= [1.3351961]: 'OK'
                T1:1              <= [1.3401493]: 'OK'
                T1:1[    0-0    ] <= [1.3401492834091187]
                T1:1              <= [1.3451582]: 'OK'
                T1:1[    0-0    ] <= [1.3451582193374634]
                T1:1              <= [1.3502184]: 'OK'
                T1:1[    0-0    ] <= [1.350218415260315]
                T1:1              <= [1.3540322]: 'OK'
                T1:1[    0-0    ] <= [1.3540321588516235]
                T1:1              <= [1.356646]: 'OK'
                T1:1[    0-0    ] <= [1.356645941734314]
                T1:1              <= [1.362055]: 'OK'
                T1:1[    0-0    ] <= [1.3620549440383911]
                T1:1              <= [1.3756309]: 'OK'
                T1:1[    0-0    ] <= [1.3756308555603027]
                T1:1              <= [1.3891649]: 'OK'
                T1:1[    0-0    ] <= [1.389164924621582]
                T1:1[    0-0    ] <= [1.402661681175232]
                T1:1              <= [1.4026617]: 'OK'
                T1:1              <= [1.4161214]: 'OK'
                T1:1[    0-0    ] <= [1.4161213636398315]
                T1:1              <= [1.4295392]: 'OK'
                T1:1[    0-0    ] <= [1.4295392036437988]
                T1:1[    0-0    ] <= [1.445091724395752]
                T1:1              <= [1.4450917]: 'OK'
                T1:1              <= [1.4606024]: 'OK'
                T1:1[    0-0    ] <= [1.4606024026870728]
                T1:1              <= [1.4760852]: 'OK'
                T1:1[    0-0    ] <= [1.4760851860046387]
                T1:1              <= [1.4915261]: 'OK'
                T1:1[    0-0    ] <= [1.4915261268615723]
                T1:1              <= [1.5069344]: 'OK'
                T1:1[    0-0    ] <= [1.506934404373169]
                T1:1              <= [1.5223103]: 'OK'
                T1:1[    0-0    ] <= [1.5223102569580078]
                T1:1              <= [1.5376534]: 'OK'
                T1:1[    0-0    ] <= [1.5376534461975098]
                T1:1[    0-0    ] <= [1.5529595613479614]
                T1:1              <= [1.5529596]: 'OK'
                T1:1              <= [1.568233]: 'OK'
                T1:1[    0-0    ] <= [1.5682330131530762]
                T1:1              <= [1.5834739]: 'OK'
                T1:1[    0-0    ] <= [1.5834739208221436]
                T1:1              <= [1.5986823]: 'OK'
                T1:1[    0-0    ] <= [1.5986822843551636]
                T1:1              <= [1.6296293]: 'OK'
                T1:1[    0-0    ] <= [1.6296292543411255]
                T1:1              <= [1.6453725]: 'OK'
                T1:1[    0-0    ] <= [1.6453725099563599]
                T1:1              <= [1.6611158]: 'OK'
                T1:1[    0-0    ] <= [1.6611157655715942]
                T1:1              <= [1.6796309]: 'OK'
                T1:1[    0-0    ] <= [1.6796308755874634]
                T1:1              <= [1.6796309]: 'OK'
                T1:1[    0-0    ] <= [1.6796308755874634]
                T1:1              <= [1.7002761]: 'OK'
                T1:1[    0-0    ] <= [1.7002761363983154]
                T1:1              <= [1.7224096]: 'OK'
                T1:1[    0-0    ] <= [1.7224096059799194]
                T1:1              <= [1.75218]: 'OK'
                T1:1[    0-0    ] <= [1.7521799802780151]
                T1:1              <= [1.784192]: 'OK'
                T1:1[    0-0    ] <= [1.7841919660568237]
                T1:1              <= [1.8162225]: 'OK'
                T1:1[    0-0    ] <= [1.8162225484848022]
                T1:1              <= [1.8482717]: 'OK'
                T1:1[    0-0    ] <= [1.8482717275619507]
                T1:1[    0-0    ] <= [1.8803441524505615]
                T1:1              <= [1.8803442]: 'OK'
                T1:1              <= [1.9124353]: 'OK'
                T1:1[    0-0    ] <= [1.9124352931976318]
                T1:1              <= [1.9427218]: 'OK'
                T1:1[    0-0    ] <= [1.9427218437194824]
                T1:1              <= [1.9730315]: 'OK'
                T1:1[    0-0    ] <= [1.9730315208435059]
                T1:1              <= [2.00336]: 'OK'
                T1:1[    0-0    ] <= [2.0033600330352783]
                T1:1              <= [2.0337117]: 'OK'
                T1:1[    0-0    ] <= [2.0337116718292236]
                T1:1              <= [2.09448]: 'OK'
                T1:1[    0-0    ] <= [2.094480037689209]
                T1:1              <= [2.09448]: 'OK'
                T1:1[    0-0    ] <= [2.094480037689209]
                T1:1              <= [2.1248968]: 'OK'
                T1:1[    0-0    ] <= [2.124896764755249]
                T1:1              <= [2.155332]: 'OK'
                T1:1[    0-0    ] <= [2.155332088470459]
                T1:1              <= [2.185786]: 'OK'
                T1:1[    0-0    ] <= [2.185786008834839]
                T1:1              <= [2.2162633]: 'OK'
                T1:1[    0-0    ] <= [2.2162632942199707]
                T1:1              <= [2.246759]: 'OK'
                T1:1[    0-0    ] <= [2.2467589378356934]
                T1:1              <= [2.2772782]: 'OK'
                T1:1[    0-0    ] <= [2.277278184890747]
                T1:1              <= [2.3087459]: 'OK'
                T1:1[    0-0    ] <= [2.308745861053467]
                T1:1              <= [2.3469064]: 'OK'
                T1:1[    0-0    ] <= [2.3469064235687256]
                T1:1[    0-0    ] <= [2.3995962142944336]
                T1:1              <= [2.3995962]: 'OK'
                T1:1              <= [2.4522443]: 'OK'
                T1:1[    0-0    ] <= [2.452244281768799]
                T1:1              <= [2.5048504]: 'OK'
                T1:1[    0-0    ] <= [2.504850387573242]
                T1:1              <= [2.557419]: 'OK'
                T1:1[    0-0    ] <= [2.5574190616607666]
                T1:1              <= [2.6099463]: 'OK'
                T1:1[    0-0    ] <= [2.6099462509155273]
                T1:1              <= [2.662436]: 'OK'
                T1:1[    0-0    ] <= [2.662436008453369]
                T1:1              <= [2.714884]: 'OK'
                T1:1[    0-0    ] <= [2.714884042739868]
                T1:1              <= [2.7657506]: 'OK'
                T1:1[    0-0    ] <= [2.7657506465911865]
                T1:1              <= [2.8068504]: 'OK'
                T1:1[    0-0    ] <= [2.8068504333496094]
                T1:1              <= [2.8479223]: 'OK'
                T1:1[    0-0    ] <= [2.8479223251342773]
                T1:1              <= [2.8479223]: 'OK'
                T1:1[    0-0    ] <= [2.8479223251342773]
                T1:1              <= [2.8800228]: 'OK'
                T1:1[    0-0    ] <= [2.8800227642059326]
                T1:1              <= [2.9120998]: 'OK'
                T1:1[    0-0    ] <= [2.912099838256836]
                T1:1              <= [2.9441538]: 'OK'
                T1:1[    0-0    ] <= [2.9441537857055664]
                T1:1              <= [2.9761796]: 'OK'
                T1:1[    0-0    ] <= [2.976179599761963]
                T1:1              <= [3.008187]: 'OK'
                T1:1[    0-0    ] <= [3.0081870555877686]
                T1:1              <= [3.0401711]: 'OK'
                T1:1[    0-0    ] <= [3.0401711463928223]
                T1:1              <= [3.0721273]: 'OK'
                T1:1[    0-0    ] <= [3.072127342224121]
                T1:1              <= [3.1040602]: 'OK'
                T1:1[    0-0    ] <= [3.104060173034668]
                T1:1[    0-0    ] <= [3.135969877243042]
                T1:1              <= [3.1359699]: 'OK'
                T1:1              <= [3.1678562]: 'OK'
                T1:1[    0-0    ] <= [3.167856216430664]
                T1:1              <= [3.1678562]: 'OK'
                T1:1[    0-0    ] <= [3.167856216430664]
                T1:1              <= [3.1997194]: 'OK'
                T1:1[    0-0    ] <= [3.1997194290161133]
                T1:1              <= [3.2315595]: 'OK'
                T1:1[    0-0    ] <= [3.2315595149993896]
                T1:1              <= [3.2609577]: 'OK'
                T1:1[    0-0    ] <= [3.260957717895508]
                T1:1              <= [3.2903326]: 'OK'
                T1:1[    0-0    ] <= [3.290332555770874]
                T1:1              <= [3.3196795]: 'OK'
                T1:1[    0-0    ] <= [3.3196794986724854]
                T1:1              <= [3.349008]: 'OK'
                T1:1[    0-0    ] <= [3.349008083343506]
                T1:1              <= [3.3783133]: 'OK'
                T1:1[    0-0    ] <= [3.3783133029937744]
                T1:1[    0-0    ] <= [3.407595157623291]
                T1:1              <= [3.4075952]: 'OK'
                T1:1              <= [3.436854]: 'OK'
                T1:1[    0-0    ] <= [3.4368538856506348]
                T1:1              <= [3.4661264]: 'OK'
                T1:1[    0-0    ] <= [3.4661264419555664]
                T1:1              <= [3.4956734]: 'OK'
                T1:1[    0-0    ] <= [3.495673418045044]
                T1:1              <= [3.4956734]: 'OK'
                T1:1[    0-0    ] <= [3.495673418045044]
                T1:1              <= [3.5205278]: 'OK'
                T1:1[    0-0    ] <= [3.5205278396606445]
                T1:1              <= [3.5375454]: 'OK'
                T1:1[    0-0    ] <= [3.5375454425811768]
                T1:1              <= [3.554549]: 'OK'
                T1:1[    0-0    ] <= [3.554548978805542]
                T1:1              <= [3.5730782]: 'OK'
                T1:1[    0-0    ] <= [3.573078155517578]
                T1:1              <= [3.5915933]: 'OK'
                T1:1[    0-0    ] <= [3.5915932655334473]
                T1:1              <= [3.6100945]: 'OK'
                T1:1[    0-0    ] <= [3.6100945472717285]
                T1:1              <= [3.6285818]: 'OK'
                T1:1[    0-0    ] <= [3.6285817623138428]
                T1:1              <= [3.6470597]: 'OK'
                T1:1[    0-0    ] <= [3.647059679031372]
                T1:1              <= [3.6470597]: 'OK'
                T1:1[    0-0    ] <= [3.647059679031372]
                T1:1              <= [3.6655235]: 'OK'
                T1:1[    0-0    ] <= [3.6655235290527344]
                T1:1              <= [3.6839736]: 'OK'
                T1:1[    0-0    ] <= [3.683973550796509]
                T1:1              <= [3.7024143]: 'OK'
                T1:1[    0-0    ] <= [3.7024142742156982]
                T1:1              <= [3.7208412]: 'OK'
                T1:1[    0-0    ] <= [3.7208411693573]
                T1:1[    0-0    ] <= [3.7392539978027344]
                T1:1              <= [3.739254]: 'OK'
                T1:1              <= [3.7576575]: 'OK'
                T1:1[    0-0    ] <= [3.757657527923584]
                T1:1              <= [3.7576575]: 'OK'
                T1:1[    0-0    ] <= [3.757657527923584]
                T1:1[    0-0    ] <= [3.7760469913482666]
                T1:1              <= [3.776047]: 'OK'
                T1:1              <= [3.7881021]: 'OK'
                T1:1[    0-0    ] <= [3.788102149963379]
                T1:1              <= [3.7881021]: 'OK'
                T1:1[    0-0    ] <= [3.788102149963379]
DEBUG get_query: SELECT value FROM ctown WHERE name = ? AND pid = ?
DEBUG set_query: UPDATE ctown SET value = ? WHERE name = ? AND pid = ?
DEBUG EnipProtocol server addr:  192.168.1.1
DEBUG: concatenating server address with default port.
DEBUG enip server tags_string:  T1:1=REAL CONTROL:1=REAL 
DEBUG enip _start_server cmd:  ['/usr/bin/python', '-m', 'cpppo.server.enip', '--print', '--log', 'logs/protocols_tests_enip_server', '--address', '192.168.1.1:44818', 'T1:1=REAL', 'CONTROL:1=REAL']
DEBUG: plc2 enters pre_loop
DEBUG plc shutdown
IF WE PRINT THIS, IT MEANS THE GENERIC PLC CODE WORKS! YASSSS!!!
                T1:1              <= [3.7881021]: 'OK'
                T1:1[    0-0    ] <= [3.788102149963379]
plc2
Stopping Tcp dump process on PLC...
Stopping PLC...
