                T3:1[    0-0    ] <= [3.0]
                T3:1              <= [3.0]: 'OK'
                T3:1[    0-0    ] <= [3.0]
                T3:1              <= [3.0]: 'OK'
                T3:1              <= [3.0]: 'OK'
                T3:1[    0-0    ] <= [3.0]
                T3:1              <= [3.0]: 'OK'
                T3:1[    0-0    ] <= [3.0]
                T3:1              <= [3.0]: 'OK'
                T3:1[    0-0    ] <= [3.0]
                T3:1              <= [3.0]: 'OK'
                T3:1[    0-0    ] <= [3.0]
                T3:1              <= [3.0]: 'OK'
                T3:1[    0-0    ] <= [3.0]
                T3:1              <= [3.0]: 'OK'
                T3:1[    0-0    ] <= [3.0]
                T3:1              <= [3.0]: 'OK'
                T3:1[    0-0    ] <= [3.0]
                T3:1              <= [3.0]: 'OK'
                T3:1[    0-0    ] <= [3.0]
                T3:1              <= [3.0]: 'OK'
                T3:1[    0-0    ] <= [3.0]
                T3:1              <= [2.193598]: 'OK'
                T3:1[    0-0    ] <= [2.1935980319976807]
                T3:1              <= [2.2771184]: 'OK'
                T3:1[    0-0    ] <= [2.277118444442749]
                T3:1              <= [2.3563602]: 'OK'
                T3:1[    0-0    ] <= [2.3563601970672607]
                T3:1              <= [2.3949625]: 'OK'
                T3:1[    0-0    ] <= [2.3949625492095947]
                T3:1              <= [2.4719253]: 'OK'
                T3:1[    0-0    ] <= [2.4719252586364746]
                T3:1              <= [2.5485811]: 'OK'
                T3:1[    0-0    ] <= [2.548581123352051]
                T3:1              <= [2.6226788]: 'OK'
                T3:1[    0-0    ] <= [2.622678756713867]
                T3:1              <= [2.7327652]: 'OK'
                T3:1[    0-0    ] <= [2.7327651977539062]
                T3:1              <= [2.8091233]: 'OK'
                T3:1[    0-0    ] <= [2.8091232776641846]
                T3:1              <= [2.8852582]: 'OK'
                T3:1[    0-0    ] <= [2.885258197784424]
                T3:1              <= [2.9611604]: 'OK'
                T3:1[    0-0    ] <= [2.96116042137146]
                T3:1[    0-0    ] <= [3.0767719745635986]
                T3:1              <= [3.076772]: 'OK'
                T3:1              <= [3.1564603]: 'OK'
                T3:1[    0-0    ] <= [3.1564602851867676]
                T3:1              <= [3.2375715]: 'OK'
                T3:1[    0-0    ] <= [3.2375714778900146]
                T3:1              <= [3.3186085]: 'OK'
                T3:1[    0-0    ] <= [3.318608522415161]
                T3:1              <= [3.3995337]: 'OK'
                T3:1[    0-0    ] <= [3.399533748626709]
                T3:1              <= [3.5207264]: 'OK'
                T3:1[    0-0    ] <= [3.520726442337036]
                T3:1              <= [3.5992796]: 'OK'
                T3:1[    0-0    ] <= [3.5992796421051025]
                T3:1              <= [3.6777308]: 'OK'
                T3:1[    0-0    ] <= [3.6777307987213135]
                T3:1              <= [3.7560794]: 'OK'
                T3:1[    0-0    ] <= [3.7560794353485107]
                T3:1              <= [3.8343258]: 'OK'
                T3:1[    0-0    ] <= [3.8343257904052734]
                T3:1              <= [3.8734026]: 'OK'
                T3:1[    0-0    ] <= [3.8734025955200195]
                T3:1              <= [3.9514909]: 'OK'
                T3:1[    0-0    ] <= [3.951490879058838]
                T3:1              <= [4.0314302]: 'OK'
                T3:1[    0-0    ] <= [4.031430244445801]
                T3:1              <= [4.0723486]: 'OK'
                T3:1[    0-0    ] <= [4.072348594665527]
                T3:1              <= [4.154111]: 'OK'
                T3:1[    0-0    ] <= [4.154110908508301]
                T3:1[    0-0    ] <= [4.235752582550049]
                T3:1              <= [4.2357526]: 'OK'
                T3:1              <= [4.3172917]: 'OK'
                T3:1[    0-0    ] <= [4.317291736602783]
                T3:1              <= [4.3987193]: 'OK'
                T3:1[    0-0    ] <= [4.398719310760498]
                T3:1              <= [4.439396]: 'OK'
                T3:1[    0-0    ] <= [4.439395904541016]
                T3:1              <= [4.564616]: 'OK'
                T3:1[    0-0    ] <= [4.5646162033081055]
                T3:1              <= [4.6068554]: 'OK'
                T3:1[    0-0    ] <= [4.606855392456055]
                T3:1              <= [4.6912594]: 'OK'
                T3:1[    0-0    ] <= [4.691259384155273]
                T3:1              <= [4.7755523]: 'OK'
                T3:1[    0-0    ] <= [4.775552272796631]
                T3:1              <= [4.859733]: 'OK'
                T3:1[    0-0    ] <= [4.8597331047058105]
                T3:1              <= [4.943793]: 'OK'
                T3:1[    0-0    ] <= [4.943792819976807]
                T3:1              <= [4.985781]: 'OK'
                T3:1[    0-0    ] <= [4.985781192779541]
                T3:1              <= [5.0686784]: 'OK'
                T3:1[    0-0    ] <= [5.068678379058838]
                T3:1              <= [5.151464]: 'OK'
                T3:1[    0-0    ] <= [5.151463985443115]
                T3:1              <= [5.1928105]: 'OK'
                T3:1[    0-0    ] <= [5.192810535430908]
                T3:1[    0-0    ] <= [5.275410175323486]
                T3:1              <= [5.27541]: 'OK'
                T3:1              <= [5.2645454]: 'OK'
                T3:1[    0-0    ] <= [5.264545440673828]
                T3:1              <= [5.2392635]: 'OK'
                T3:1[    0-0    ] <= [5.239263534545898]
                T3:1              <= [5.1886897]: 'OK'
                T3:1[    0-0    ] <= [5.188689708709717]
                T3:1              <= [5.143325]: 'OK'
                T3:1[    0-0    ] <= [5.143324851989746]
                T3:1              <= [5.1206474]: 'OK'
                T3:1[    0-0    ] <= [5.120647430419922]
                T3:1              <= [5.0752826]: 'OK'
                T3:1[    0-0    ] <= [5.075282573699951]
                T3:1              <= [5.052605]: 'OK'
                T3:1[    0-0    ] <= [5.052605152130127]
                T3:1              <= [5.0072403]: 'OK'
                T3:1[    0-0    ] <= [5.007240295410156]
                T3:1              <= [4.961885]: 'OK'
                T3:1[    0-0    ] <= [4.96188497543335]
                T3:1              <= [4.939207]: 'OK'
                T3:1[    0-0    ] <= [4.939207077026367]
                T3:1              <= [4.8900104]: 'OK'
                T3:1[    0-0    ] <= [4.890010356903076]
                T3:1              <= [4.8635]: 'OK'
                T3:1[    0-0    ] <= [4.863500118255615]
                T3:1              <= [4.810471]: 'OK'
                T3:1[    0-0    ] <= [4.810471057891846]
                T3:1              <= [4.783961]: 'OK'
                T3:1[    0-0    ] <= [4.783960819244385]
                T3:1[    0-0    ] <= [4.730940818786621]
                T3:1              <= [4.730941]: 'OK'
                T3:1              <= [4.704431]: 'OK'
                T3:1[    0-0    ] <= [4.704431056976318]
                T3:1              <= [4.6514015]: 'OK'
                T3:1[    0-0    ] <= [4.651401519775391]
                T3:1              <= [4.6248918]: 'OK'
                T3:1[    0-0    ] <= [4.624891757965088]
                T3:1              <= [4.5983815]: 'OK'
                T3:1[    0-0    ] <= [4.598381519317627]
                T3:1              <= [4.542078]: 'OK'
                T3:1[    0-0    ] <= [4.542078018188477]
                T3:1              <= [4.4857745]: 'OK'
                T3:1[    0-0    ] <= [4.485774517059326]
                T3:1              <= [4.4576273]: 'OK'
                T3:1[    0-0    ] <= [4.457627296447754]
                T3:1              <= [4.401324]: 'OK'
                T3:1[    0-0    ] <= [4.4013237953186035]
                T3:1              <= [4.3731675]: 'OK'
                T3:1[    0-0    ] <= [4.373167514801025]
                T3:1              <= [4.316873]: 'OK'
                T3:1[    0-0    ] <= [4.316873073577881]
                T3:1              <= [4.288717]: 'OK'
                T3:1[    0-0    ] <= [4.288716793060303]
                T3:1              <= [4.2358084]: 'OK'
                T3:1[    0-0    ] <= [4.235808372497559]
                T3:1              <= [4.211047]: 'OK'
                T3:1[    0-0    ] <= [4.211047172546387]
                T3:1              <= [4.1615243]: 'OK'
                T3:1[    0-0    ] <= [4.161524295806885]
                T3:1              <= [4.1367726]: 'OK'
                T3:1[    0-0    ] <= [4.136772632598877]
                T3:1              <= [4.0872498]: 'OK'
                T3:1[    0-0    ] <= [4.087249755859375]
                T3:1              <= [4.0624886]: 'OK'
                T3:1[    0-0    ] <= [4.062488555908203]
                T3:1              <= [4.012966]: 'OK'
                T3:1[    0-0    ] <= [4.012966156005859]
                T3:1              <= [3.988214]: 'OK'
                T3:1[    0-0    ] <= [3.9882140159606934]
                T3:1              <= [3.9634528]: 'OK'
                T3:1[    0-0    ] <= [3.9634528160095215]
                T3:1              <= [3.9088423]: 'OK'
                T3:1[    0-0    ] <= [3.9088423252105713]
                T3:1              <= [3.8815415]: 'OK'
                T3:1[    0-0    ] <= [3.8815414905548096]
                T3:1              <= [3.854241]: 'OK'
                T3:1[    0-0    ] <= [3.854240894317627]
                T3:1              <= [3.7996302]: 'OK'
                T3:1[    0-0    ] <= [3.7996301651000977]
                T3:1              <= [3.7723296]: 'OK'
                T3:1[    0-0    ] <= [3.772329568862915]
                T3:1              <= [3.745029]: 'OK'
                T3:1[    0-0    ] <= [3.7450289726257324]
                T3:1[    0-0    ] <= [3.690418243408203]
                T3:1              <= [3.6904182]: 'OK'
                T3:1              <= [3.6631176]: 'OK'
                T3:1[    0-0    ] <= [3.6631176471710205]
                T3:1              <= [3.635817]: 'OK'
                T3:1[    0-0    ] <= [3.635817050933838]
                T3:1              <= [3.6118371]: 'OK'
                T3:1[    0-0    ] <= [3.611837148666382]
                T3:1              <= [3.587848]: 'OK'
                T3:1[    0-0    ] <= [3.587847948074341]
                T3:1              <= [3.5638678]: 'OK'
                T3:1[    0-0    ] <= [3.5638678073883057]
                T3:1              <= [3.515908]: 'OK'
                T3:1[    0-0    ] <= [3.5159080028533936]
                T3:1              <= [3.491928]: 'OK'
                T3:1[    0-0    ] <= [3.4919281005859375]
                T3:1              <= [3.467939]: 'OK'
                T3:1[    0-0    ] <= [3.4679388999938965]
                T3:1              <= [3.443959]: 'OK'
                T3:1[    0-0    ] <= [3.4439589977264404]
                T3:1              <= [3.419979]: 'OK'
                T3:1[    0-0    ] <= [3.4199790954589844]
                T3:1              <= [3.3959992]: 'OK'
                T3:1[    0-0    ] <= [3.3959991931915283]
                T3:1              <= [3.3480392]: 'OK'
                T3:1[    0-0    ] <= [3.348039150238037]
                T3:1              <= [3.3268685]: 'OK'
                T3:1[    0-0    ] <= [3.3268685340881348]
                T3:1              <= [3.305707]: 'OK'
                T3:1[    0-0    ] <= [3.3057069778442383]
                T3:1              <= [3.2845454]: 'OK'
                T3:1[    0-0    ] <= [3.284545421600342]
                T3:1              <= [3.2633746]: 'OK'
                T3:1[    0-0    ] <= [3.2633745670318604]
                T3:1              <= [3.2210517]: 'OK'
                T3:1[    0-0    ] <= [3.2210516929626465]
                T3:1              <= [3.1998901]: 'OK'
                T3:1[    0-0    ] <= [3.19989013671875]
                T3:1              <= [3.1787193]: 'OK'
                T3:1[    0-0    ] <= [3.1787192821502686]
                T3:1              <= [3.1575577]: 'OK'
                T3:1[    0-0    ] <= [3.157557725906372]
                T3:1              <= [3.1363964]: 'OK'
                T3:1[    0-0    ] <= [3.1363964080810547]
                T3:1              <= [3.1152349]: 'OK'
                T3:1[    0-0    ] <= [3.115234851837158]
                T3:1[    0-0    ] <= [3.0940639972686768]
                T3:1              <= [3.094064]: 'OK'
                T3:1              <= [3.057136]: 'OK'
                T3:1[    0-0    ] <= [3.057136058807373]
                T3:1              <= [3.0386627]: 'OK'
                T3:1[    0-0    ] <= [3.0386626720428467]
                T3:1              <= [3.0201988]: 'OK'
                T3:1[    0-0    ] <= [3.0201988220214844]
                T3:1[    0-0    ] <= [3.001734733581543]
                T3:1              <= [3.0017347]: 'OK'
                T3:1              <= [3.0451832]: 'OK'
                T3:1[    0-0    ] <= [3.0451831817626953]
                T3:1[    0-0    ] <= [3.144749402999878]
                T3:1              <= [3.1447494]: 'OK'
                T3:1[    0-0    ] <= [3.194467306137085]
                T3:1              <= [3.1944673]: 'OK'
                T3:1[    0-0    ] <= [3.244166612625122]
                T3:1              <= [3.2441666]: 'OK'
                T3:1              <= [3.2938192]: 'OK'
                T3:1[    0-0    ] <= [3.2938191890716553]
                T3:1              <= [3.3439372]: 'OK'
                T3:1[    0-0    ] <= [3.3439371585845947]
                T3:1              <= [3.3906133]: 'OK'
                T3:1[    0-0    ] <= [3.390613317489624]
                T3:1              <= [3.4372804]: 'OK'
                T3:1[    0-0    ] <= [3.4372804164886475]
                T3:1              <= [3.4839287]: 'OK'
                T3:1[    0-0    ] <= [3.483928680419922]
                T3:1              <= [3.577188]: 'OK'
                T3:1[    0-0    ] <= [3.577188014984131]
                T3:1              <= [3.6237898]: 'OK'
                T3:1[    0-0    ] <= [3.6237897872924805]
                T3:1              <= [3.6703916]: 'OK'
                T3:1[    0-0    ] <= [3.67039155960083]
                T3:1              <= [3.7169747]: 'OK'
                T3:1[    0-0    ] <= [3.7169747352600098]
                T3:1              <= [3.8100948]: 'OK'
                T3:1[    0-0    ] <= [3.8100948333740234]
                T3:1[    0-0    ] <= [3.8566036224365234]
                T3:1              <= [3.8566036]: 'OK'
                T3:1              <= [3.9030473]: 'OK'
                T3:1[    0-0    ] <= [3.9030473232269287]
                T3:1              <= [3.952058]: 'OK'
                T3:1[    0-0    ] <= [3.9520580768585205]
                T3:1              <= [4.0010505]: 'OK'
                T3:1[    0-0    ] <= [4.0010504722595215]
                T3:1[    0-0    ] <= [4.050024509429932]
                T3:1              <= [4.0500245]: 'OK'
                T3:1              <= [4.098468]: 'OK'
                T3:1[    0-0    ] <= [4.098467826843262]
                T3:1              <= [4.1464186]: 'OK'
                T3:1[    0-0    ] <= [4.146418571472168]
                T3:1              <= [4.1943226]: 'OK'
                T3:1[    0-0    ] <= [4.19432258605957]
                T3:1              <= [4.2421985]: 'OK'
                T3:1[    0-0    ] <= [4.242198467254639]
                T3:1              <= [4.290056]: 'OK'
                T3:1[    0-0    ] <= [4.290056228637695]
                T3:1              <= [4.3378763]: 'OK'
                T3:1[    0-0    ] <= [4.337876319885254]
                T3:1[    0-0    ] <= [4.385659694671631]
                T3:1              <= [4.3856597]: 'OK'
                T3:1              <= [4.433415]: 'OK'
                T3:1[    0-0    ] <= [4.433414936065674]
                T3:1              <= [4.4811234]: 'OK'
                T3:1[    0-0    ] <= [4.481123447418213]
                T3:1              <= [4.530888]: 'OK'
                T3:1[    0-0    ] <= [4.530888080596924]
                T3:1              <= [4.5806246]: 'OK'
                T3:1[    0-0    ] <= [4.580624580383301]
                T3:1              <= [4.630324]: 'OK'
                T3:1[    0-0    ] <= [4.630323886871338]
                T3:1              <= [4.679986]: 'OK'
                T3:1[    0-0    ] <= [4.679986000061035]
                T3:1              <= [4.729611]: 'OK'
                T3:1[    0-0    ] <= [4.729610919952393]
                T3:1              <= [4.779198]: 'OK'
                T3:1[    0-0    ] <= [4.779198169708252]
                T3:1[    0-0    ] <= [4.828758239746094]
                T3:1              <= [4.8287582]: 'OK'
                T3:1              <= [4.8782806]: 'OK'
                T3:1[    0-0    ] <= [4.8782806396484375]
                T3:1              <= [4.9277754]: 'OK'
                T3:1[    0-0    ] <= [4.9277753829956055]
                T3:1              <= [5.0266533]: 'OK'
                T3:1[    0-0    ] <= [5.026653289794922]
                T3:1              <= [5.076036]: 'OK'
                T3:1[    0-0    ] <= [5.076035976409912]
                T3:1              <= [5.1264887]: 'OK'
                T3:1[    0-0    ] <= [5.12648868560791]
                T3:1[    0-0    ] <= [5.176904201507568]
                T3:1              <= [5.176904]: 'OK'
                T3:1              <= [5.227301]: 'OK'
                T3:1[    0-0    ] <= [5.227301120758057]
                T3:1              <= [5.2788796]: 'OK'
                T3:1[    0-0    ] <= [5.278879642486572]
                T3:1              <= [5.2907205]: 'OK'
                T3:1[    0-0    ] <= [5.290720462799072]
                T3:1              <= [5.274945]: 'OK'
                T3:1[    0-0    ] <= [5.27494478225708]
                T3:1              <= [5.259178]: 'OK'
                T3:1[    0-0    ] <= [5.259178161621094]
                T3:1              <= [5.2434025]: 'OK'
                T3:1[    0-0    ] <= [5.243402481079102]
                T3:1              <= [5.2276363]: 'OK'
                T3:1[    0-0    ] <= [5.227636337280273]
                T3:1              <= [5.2118697]: 'OK'
                T3:1[    0-0    ] <= [5.211869716644287]
                T3:1              <= [5.196094]: 'OK'
                T3:1[    0-0    ] <= [5.196094036102295]
                T3:1              <= [5.1803274]: 'OK'
                T3:1[    0-0    ] <= [5.180327415466309]
                T3:1              <= [5.1638446]: 'OK'
                T3:1[    0-0    ] <= [5.163844585418701]
                T3:1              <= [5.1473618]: 'OK'
                T3:1[    0-0    ] <= [5.147361755371094]
                T3:1[    0-0    ] <= [5.1308794021606445]
                T3:1              <= [5.1308794]: 'OK'
                T3:1              <= [5.1143966]: 'OK'
                T3:1[    0-0    ] <= [5.114396572113037]
                T3:1              <= [5.0979137]: 'OK'
                T3:1[    0-0    ] <= [5.09791374206543]
                T3:1              <= [5.081431]: 'OK'
                T3:1[    0-0    ] <= [5.081430912017822]
                T3:1              <= [5.0649486]: 'OK'
                T3:1[    0-0    ] <= [5.064948558807373]
                T3:1              <= [5.0484657]: 'OK'
                T3:1[    0-0    ] <= [5.048465728759766]
                T3:1              <= [5.031983]: 'OK'
                T3:1[    0-0    ] <= [5.031982898712158]
                T3:1              <= [5.0155]: 'OK'
                T3:1[    0-0    ] <= [5.015500068664551]
                T3:1              <= [4.9990177]: 'OK'
                T3:1[    0-0    ] <= [4.999017715454102]
                T3:1              <= [4.982535]: 'OK'
                T3:1[    0-0    ] <= [4.982534885406494]
                T3:1              <= [4.9657917]: 'OK'
                T3:1[    0-0    ] <= [4.965791702270508]
                T3:1[    0-0    ] <= [4.9490485191345215]
                T3:1              <= [4.9490485]: 'OK'
                T3:1              <= [4.932296]: 'OK'
                T3:1[    0-0    ] <= [4.932295799255371]
                T3:1              <= [4.915553]: 'OK'
                T3:1[    0-0    ] <= [4.915553092956543]
                T3:1              <= [4.89881]: 'OK'
                T3:1[    0-0    ] <= [4.898809909820557]
                T3:1[    0-0    ] <= [4.88206672668457]
                T3:1              <= [4.8820667]: 'OK'
                T3:1              <= [4.8653235]: 'OK'
                T3:1[    0-0    ] <= [4.865323543548584]
                T3:1              <= [4.8485804]: 'OK'
                T3:1[    0-0    ] <= [4.848580360412598]
                T3:1              <= [4.831837]: 'OK'
                T3:1[    0-0    ] <= [4.831837177276611]
                T3:1              <= [4.815094]: 'OK'
                T3:1[    0-0    ] <= [4.815093994140625]
                T3:1              <= [4.798351]: 'OK'
                T3:1[    0-0    ] <= [4.798350811004639]
                T3:1              <= [4.7816076]: 'OK'
                T3:1[    0-0    ] <= [4.781607627868652]
                T3:1              <= [4.75906]: 'OK'
                T3:1[    0-0    ] <= [4.759059906005859]
                T3:1[    0-0    ] <= [4.7365031242370605]
                T3:1              <= [4.736503]: 'OK'
                T3:1              <= [4.713956]: 'OK'
                T3:1[    0-0    ] <= [4.713955879211426]
                T3:1              <= [4.6914086]: 'OK'
                T3:1[    0-0    ] <= [4.691408634185791]
                T3:1              <= [4.668861]: 'OK'
                T3:1[    0-0    ] <= [4.668860912322998]
                T3:1              <= [4.646304]: 'OK'
                T3:1[    0-0    ] <= [4.646304130554199]
                T3:1              <= [4.623757]: 'OK'
                T3:1[    0-0    ] <= [4.6237568855285645]
                T3:1              <= [4.601209]: 'OK'
                T3:1[    0-0    ] <= [4.6012091636657715]
                T3:1              <= [4.601209]: 'OK'
                T3:1[    0-0    ] <= [4.6012091636657715]
                T3:1              <= [4.556105]: 'OK'
                T3:1[    0-0    ] <= [4.556105136871338]
                T3:1              <= [4.5335574]: 'OK'
                T3:1[    0-0    ] <= [4.533557415008545]
                T3:1              <= [4.51101]: 'OK'
                T3:1[    0-0    ] <= [4.51101016998291]
                T3:1              <= [4.4815607]: 'OK'
                T3:1[    0-0    ] <= [4.481560707092285]
                T3:1              <= [4.452102]: 'OK'
                T3:1[    0-0    ] <= [4.452102184295654]
                T3:1              <= [4.452102]: 'OK'
                T3:1[    0-0    ] <= [4.452102184295654]
                T3:1              <= [4.4226527]: 'OK'
                T3:1[    0-0    ] <= [4.422652721405029]
                T3:1              <= [4.393194]: 'OK'
                T3:1[    0-0    ] <= [4.393194198608398]
                T3:1[    0-0    ] <= [4.363744735717773]
                T3:1              <= [4.3637447]: 'OK'
                T3:1[    0-0    ] <= [4.334286212921143]
                T3:1              <= [4.334286]: 'OK'
                T3:1              <= [4.3048368]: 'OK'
                T3:1[    0-0    ] <= [4.304836750030518]
                T3:1              <= [4.2753873]: 'OK'
                T3:1[    0-0    ] <= [4.275387287139893]
                T3:1              <= [4.245929]: 'OK'
                T3:1[    0-0    ] <= [4.245928764343262]
                T3:1              <= [4.2164793]: 'OK'
                T3:1[    0-0    ] <= [4.216479301452637]
                T3:1              <= [4.187021]: 'OK'
                T3:1[    0-0    ] <= [4.187020778656006]
                T3:1              <= [4.1575713]: 'OK'
                T3:1[    0-0    ] <= [4.157571315765381]
                T3:1              <= [4.1265035]: 'OK'
                T3:1[    0-0    ] <= [4.1265034675598145]
                T3:1              <= [4.095426]: 'OK'
                T3:1[    0-0    ] <= [4.095426082611084]
                T3:1              <= [4.095426]: 'OK'
                T3:1[    0-0    ] <= [4.095426082611084]
                T3:1              <= [4.0332904]: 'OK'
                T3:1[    0-0    ] <= [4.033290386199951]
                T3:1              <= [4.0022135]: 'OK'
                T3:1[    0-0    ] <= [4.002213478088379]
                T3:1[    0-0    ] <= [3.9711453914642334]
                T3:1              <= [3.9711454]: 'OK'
                T3:1              <= [3.9400775]: 'OK'
                T3:1[    0-0    ] <= [3.940077543258667]
                T3:1              <= [3.9400775]: 'OK'
                T3:1[    0-0    ] <= [3.940077543258667]
                T3:1              <= [3.9090097]: 'OK'
                T3:1[    0-0    ] <= [3.9090096950531006]
                T3:1              <= [3.8779325]: 'OK'
                T3:1[    0-0    ] <= [3.877932548522949]
                T3:1              <= [3.8468647]: 'OK'
                T3:1[    0-0    ] <= [3.846864700317383]
                T3:1              <= [3.8157966]: 'OK'
                T3:1[    0-0    ] <= [3.8157966136932373]
                T3:1[    0-0    ] <= [3.784728765487671]
                T3:1              <= [3.7847288]: 'OK'
                T3:1              <= [3.756526]: 'OK'
                T3:1[    0-0    ] <= [3.756525993347168]
                T3:1              <= [3.756526]: 'OK'
                T3:1[    0-0    ] <= [3.756525993347168]
                T3:1              <= [3.756526]: 'OK'
                T3:1[    0-0    ] <= [3.756525993347168]
DEBUG get_query: SELECT value FROM ctown WHERE name = ? AND pid = ?
DEBUG set_query: UPDATE ctown SET value = ? WHERE name = ? AND pid = ?
DEBUG EnipProtocol server addr:  192.168.1.1
DEBUG: concatenating server address with default port.
DEBUG enip server tags_string:  T3:1=REAL CONTROL:1=REAL 
DEBUG enip _start_server cmd:  ['/usr/bin/python', '-m', 'cpppo.server.enip', '--print', '--log', 'logs/protocols_tests_enip_server', '--address', '192.168.1.1:44818', 'T3:1=REAL', 'CONTROL:1=REAL']
DEBUG: plc4 enters pre_loop
Starting main loop
DEBUG plc shutdown
IF WE PRINT THIS, IT MEANS THE GENERIC PLC CODE WORKS! YASSSS!!!
                T3:1              <= [3.756526]: 'OK'
                T3:1[    0-0    ] <= [3.756525993347168]
plc4
Stopping Tcp dump process on PLC...
Stopping PLC...
