                T4:1              <= [2.5]: 'OK'
                T4:1[    0-0    ] <= [2.5]
                T4:1              <= [2.5]: 'OK'
                T4:1[    0-0    ] <= [2.5]
                T4:1              <= [2.5]: 'OK'
                T4:1[    0-0    ] <= [2.5]
                T4:1              <= [2.5]: 'OK'
                T4:1[    0-0    ] <= [2.5]
                T4:1              <= [2.5]: 'OK'
                T4:1[    0-0    ] <= [2.5]
                T4:1              <= [2.5]: 'OK'
                T4:1[    0-0    ] <= [2.5]
                T4:1              <= [2.5]: 'OK'
                T4:1[    0-0    ] <= [2.5]
                T4:1              <= [2.5]: 'OK'
                T4:1[    0-0    ] <= [2.5]
                T4:1              <= [2.5]: 'OK'
                T4:1[    0-0    ] <= [2.5]
                T4:1              <= [3.5332966]: 'OK'
                T4:1[    0-0    ] <= [3.533296585083008]
                T4:1              <= [3.2382636]: 'OK'
                T4:1[    0-0    ] <= [3.2382636070251465]
                T4:1              <= [2.9949203]: 'OK'
                T4:1[    0-0    ] <= [2.994920253753662]
                T4:1              <= [2.9694893]: 'OK'
                T4:1[    0-0    ] <= [2.969489336013794]
                T4:1              <= [2.9437978]: 'OK'
                T4:1[    0-0    ] <= [2.9437978267669678]
                T4:1              <= [2.9308684]: 'OK'
                T4:1[    0-0    ] <= [2.93086838722229]
                T4:1              <= [2.9175668]: 'OK'
                T4:1[    0-0    ] <= [2.9175667762756348]
                T4:1              <= [2.9431746]: 'OK'
                T4:1[    0-0    ] <= [2.9431746006011963]
                T4:1              <= [2.9756656]: 'OK'
                T4:1[    0-0    ] <= [2.97566556930542]
                T4:1              <= [3.0239697]: 'OK'
                T4:1[    0-0    ] <= [3.0239696502685547]
                T4:1              <= [3.0558746]: 'OK'
                T4:1[    0-0    ] <= [3.0558745861053467]
                T4:1              <= [3.087547]: 'OK'
                T4:1[    0-0    ] <= [3.0875470638275146]
                T4:1              <= [3.1290703]: 'OK'
                T4:1[    0-0    ] <= [3.129070281982422]
                T4:1              <= [3.1715047]: 'OK'
                T4:1[    0-0    ] <= [3.1715047359466553]
                T4:1              <= [3.2150557]: 'OK'
                T4:1[    0-0    ] <= [3.2150557041168213]
                T4:1              <= [3.2585413]: 'OK'
                T4:1[    0-0    ] <= [3.2585413455963135]
                T4:1              <= [3.323635]: 'OK'
                T4:1[    0-0    ] <= [3.3236351013183594]
                T4:1              <= [3.3695672]: 'OK'
                T4:1[    0-0    ] <= [3.3695671558380127]
                T4:1              <= [3.4180386]: 'OK'
                T4:1[    0-0    ] <= [3.4180386066436768]
                T4:1[    0-0    ] <= [3.466426372528076]
                T4:1              <= [3.4664264]: 'OK'
                T4:1              <= [3.5147305]: 'OK'
                T4:1[    0-0    ] <= [3.514730453491211]
                T4:1[    0-0    ] <= [3.562941312789917]
                T4:1              <= [3.5629413]: 'OK'
                T4:1              <= [3.6110687]: 'OK'
                T4:1[    0-0    ] <= [3.6110687255859375]
                T4:1              <= [3.6565635]: 'OK'
                T4:1[    0-0    ] <= [3.6565635204315186]
                T4:1              <= [3.6780133]: 'OK'
                T4:1[    0-0    ] <= [3.678013324737549]
                T4:1              <= [3.7208574]: 'OK'
                T4:1[    0-0    ] <= [3.7208573818206787]
                T4:1              <= [3.7636268]: 'OK'
                T4:1[    0-0    ] <= [3.76362681388855]
                T4:1              <= [3.7849836]: 'OK'
                T4:1[    0-0    ] <= [3.7849836349487305]
                T4:1              <= [3.8276508]: 'OK'
                T4:1[    0-0    ] <= [3.827650785446167]
                T4:1              <= [3.8702435]: 'OK'
                T4:1[    0-0    ] <= [3.870243549346924]
                T4:1              <= [3.9237938]: 'OK'
                T4:1[    0-0    ] <= [3.9237937927246094]
                T4:1              <= [3.988283]: 'OK'
                T4:1[    0-0    ] <= [3.9882829189300537]
                T4:1              <= [4.0526605]: 'OK'
                T4:1[    0-0    ] <= [4.0526604652404785]
                T4:1              <= [4.084798]: 'OK'
                T4:1[    0-0    ] <= [4.0847978591918945]
                T4:1              <= [4.1489987]: 'OK'
                T4:1[    0-0    ] <= [4.148998737335205]
                T4:1              <= [4.213069]: 'OK'
                T4:1[    0-0    ] <= [4.213068962097168]
                T4:1              <= [4.277028]: 'OK'
                T4:1[    0-0    ] <= [4.2770280838012695]
                T4:1              <= [4.331555]: 'OK'
                T4:1[    0-0    ] <= [4.331554889678955]
                T4:1              <= [4.358772]: 'OK'
                T4:1[    0-0    ] <= [4.358771800994873]
                T4:1              <= [4.413131]: 'OK'
                T4:1[    0-0    ] <= [4.413131237030029]
                T4:1              <= [4.4673886]: 'OK'
                T4:1[    0-0    ] <= [4.46738862991333]
                T4:1              <= [4.41155]: 'OK'
                T4:1[    0-0    ] <= [4.411550045013428]
                T4:1              <= [4.3036776]: 'OK'
                T4:1[    0-0    ] <= [4.303677558898926]
                T4:1              <= [4.087942]: 'OK'
                T4:1[    0-0    ] <= [4.087942123413086]
                T4:1              <= [3.9907014]: 'OK'
                T4:1[    0-0    ] <= [3.99070143699646]
                T4:1              <= [3.79622]: 'OK'
                T4:1[    0-0    ] <= [3.796220064163208]
                T4:1              <= [3.6017482]: 'OK'
                T4:1[    0-0    ] <= [3.60174822807312]
                T4:1              <= [3.504517]: 'OK'
                T4:1[    0-0    ] <= [3.504517078399658]
                T4:1              <= [3.3100545]: 'OK'
                T4:1[    0-0    ] <= [3.3100545406341553]
                T4:1              <= [3.2128232]: 'OK'
                T4:1[    0-0    ] <= [3.2128231525421143]
                T4:1              <= [3.0183606]: 'OK'
                T4:1[    0-0    ] <= [3.0183606147766113]
                T4:1              <= [3.066553]: 'OK'
                T4:1[    0-0    ] <= [3.0665531158447266]
                T4:1              <= [3.1342235]: 'OK'
                T4:1[    0-0    ] <= [3.134223461151123]
                T4:1              <= [3.1680353]: 'OK'
                T4:1[    0-0    ] <= [3.1680352687835693]
                T4:1              <= [3.2356033]: 'OK'
                T4:1[    0-0    ] <= [3.2356033325195312]
                T4:1              <= [3.2693594]: 'OK'
                T4:1[    0-0    ] <= [3.2693593502044678]
                T4:1              <= [3.3369737]: 'OK'
                T4:1[    0-0    ] <= [3.3369736671447754]
                T4:1              <= [3.3708322]: 'OK'
                T4:1[    0-0    ] <= [3.3708322048187256]
                T4:1              <= [3.4385118]: 'OK'
                T4:1[    0-0    ] <= [3.438511848449707]
                T4:1              <= [3.4700074]: 'OK'
                T4:1[    0-0    ] <= [3.4700074195861816]
                T4:1              <= [3.5329618]: 'OK'
                T4:1[    0-0    ] <= [3.532961845397949]
                T4:1[    0-0    ] <= [3.564420461654663]
                T4:1              <= [3.5644205]: 'OK'
                T4:1              <= [3.6272817]: 'OK'
                T4:1[    0-0    ] <= [3.627281665802002]
                T4:1              <= [3.6586938]: 'OK'
                T4:1[    0-0    ] <= [3.658693790435791]
                T4:1              <= [3.7214806]: 'OK'
                T4:1[    0-0    ] <= [3.72148060798645]
                T4:1              <= [3.752846]: 'OK'
                T4:1[    0-0    ] <= [3.7528460025787354]
                T4:1              <= [3.8155398]: 'OK'
                T4:1[    0-0    ] <= [3.815539836883545]
                T4:1[    0-0    ] <= [3.854123592376709]
                T4:1              <= [3.8541236]: 'OK'
                T4:1              <= [3.9309561]: 'OK'
                T4:1[    0-0    ] <= [3.9309561252593994]
                T4:1              <= [3.969335]: 'OK'
                T4:1[    0-0    ] <= [3.9693350791931152]
                T4:1              <= [4.0460095]: 'OK'
                T4:1[    0-0    ] <= [4.046009540557861]
                T4:1              <= [4.0843143]: 'OK'
                T4:1[    0-0    ] <= [4.084314346313477]
                T4:1[    0-0    ] <= [4.122581481933594]
                T4:1              <= [4.1225815]: 'OK'
                T4:1              <= [4.1990514]: 'OK'
                T4:1[    0-0    ] <= [4.199051380157471]
                T4:1              <= [4.2372446]: 'OK'
                T4:1[    0-0    ] <= [4.237244606018066]
                T4:1              <= [4.2754188]: 'OK'
                T4:1[    0-0    ] <= [4.275418758392334]
                T4:1              <= [4.3325596]: 'OK'
                T4:1[    0-0    ] <= [4.332559585571289]
                T4:1              <= [4.361116]: 'OK'
                T4:1[    0-0    ] <= [4.3611159324646]
                T4:1              <= [4.418164]: 'OK'
                T4:1[    0-0    ] <= [4.418163776397705]
                T4:1              <= [4.4466643]: 'OK'
                T4:1[    0-0    ] <= [4.446664333343506]
                T4:1              <= [4.4750533]: 'OK'
                T4:1[    0-0    ] <= [4.475053310394287]
                T4:1              <= [4.3772917]: 'OK'
                T4:1[    0-0    ] <= [4.377291679382324]
                T4:1              <= [4.2677913]: 'OK'
                T4:1[    0-0    ] <= [4.267791271209717]
                T4:1              <= [4.1583004]: 'OK'
                T4:1[    0-0    ] <= [4.158300399780273]
                T4:1              <= [4.0487723]: 'OK'
                T4:1[    0-0    ] <= [4.04877233505249]
                T4:1              <= [3.8371758]: 'OK'
                T4:1[    0-0    ] <= [3.8371758460998535]
                T4:1              <= [3.7313776]: 'OK'
                T4:1[    0-0    ] <= [3.731377601623535]
                T4:1              <= [3.6255794]: 'OK'
                T4:1[    0-0    ] <= [3.625579357147217]
                T4:1              <= [3.519781]: 'OK'
                T4:1[    0-0    ] <= [3.5197811126708984]
                T4:1              <= [3.3081849]: 'OK'
                T4:1[    0-0    ] <= [3.308184862136841]
                T4:1              <= [3.202396]: 'OK'
                T4:1[    0-0    ] <= [3.2023959159851074]
                T4:1              <= [3.096607]: 'OK'
                T4:1[    0-0    ] <= [3.096606969833374]
                T4:1              <= [3.002929]: 'OK'
                T4:1[    0-0    ] <= [3.0029289722442627]
                T4:1              <= [3.0372713]: 'OK'
                T4:1[    0-0    ] <= [3.03727126121521]
                T4:1              <= [3.13187]: 'OK'
                T4:1[    0-0    ] <= [3.1318700313568115]
                T4:1[    0-0    ] <= [3.192089557647705]
                T4:1              <= [3.1920896]: 'OK'
                T4:1              <= [3.2522626]: 'OK'
                T4:1[    0-0    ] <= [3.252262592315674]
                T4:1              <= [3.3123984]: 'OK'
                T4:1[    0-0    ] <= [3.3123984336853027]
                T4:1              <= [3.3724878]: 'OK'
                T4:1[    0-0    ] <= [3.372487783432007]
                T4:1              <= [3.4325306]: 'OK'
                T4:1[    0-0    ] <= [3.432530641555786]
                T4:1              <= [3.5524862]: 'OK'
                T4:1[    0-0    ] <= [3.5524861812591553]
                T4:1              <= [3.6124082]: 'OK'
                T4:1[    0-0    ] <= [3.61240816116333]
                T4:1              <= [3.6722836]: 'OK'
                T4:1[    0-0    ] <= [3.67228364944458]
                T4:1              <= [3.732103]: 'OK'
                T4:1[    0-0    ] <= [3.732103109359741]
                T4:1              <= [3.791895]: 'OK'
                T4:1[    0-0    ] <= [3.7918949127197266]
                T4:1              <= [3.9159153]: 'OK'
                T4:1[    0-0    ] <= [3.9159152507781982]
                T4:1              <= [3.97793]: 'OK'
                T4:1[    0-0    ] <= [3.9779300689697266]
                T4:1              <= [4.0398984]: 'OK'
                T4:1[    0-0    ] <= [4.03989839553833]
                T4:1[    0-0    ] <= [4.1018385887146]
                T4:1              <= [4.1018386]: 'OK'
                T4:1              <= [4.1628118]: 'OK'
                T4:1[    0-0    ] <= [4.162811756134033]
                T4:1[    0-0    ] <= [4.223636150360107]
                T4:1              <= [4.223636]: 'OK'
                T4:1              <= [4.345089]: 'OK'
                T4:1[    0-0    ] <= [4.345088958740234]
                T4:1              <= [4.4057274]: 'OK'
                T4:1[    0-0    ] <= [4.405727386474609]
                T4:1              <= [4.4663]: 'OK'
                T4:1[    0-0    ] <= [4.466300010681152]
                T4:1              <= [4.466821]: 'OK'
                T4:1[    0-0    ] <= [4.466821193695068]
                T4:1              <= [4.3692455]: 'OK'
                T4:1[    0-0    ] <= [4.369245529174805]
                T4:1              <= [4.271661]: 'OK'
                T4:1[    0-0    ] <= [4.271660804748535]
                T4:1[    0-0    ] <= [4.174076080322266]
                T4:1              <= [4.174076]: 'OK'
                T4:1              <= [3.9788973]: 'OK'
                T4:1[    0-0    ] <= [3.9788973331451416]
                T4:1              <= [3.8813126]: 'OK'
                T4:1[    0-0    ] <= [3.881312608718872]
                T4:1              <= [3.783728]: 'OK'
                T4:1[    0-0    ] <= [3.7837278842926025]
                T4:1              <= [3.6861432]: 'OK'
                T4:1[    0-0    ] <= [3.686143159866333]
                T4:1              <= [3.4909644]: 'OK'
                T4:1[    0-0    ] <= [3.490964412689209]
                T4:1              <= [3.393389]: 'OK'
                T4:1[    0-0    ] <= [3.3933889865875244]
                T4:1              <= [3.2958043]: 'OK'
                T4:1[    0-0    ] <= [3.295804262161255]
                T4:1              <= [3.2107303]: 'OK'
                T4:1[    0-0    ] <= [3.2107303142547607]
                T4:1[    0-0    ] <= [3.1256563663482666]
                T4:1              <= [3.1256564]: 'OK'
                T4:1              <= [3.0405734]: 'OK'
                T4:1[    0-0    ] <= [3.0405733585357666]
                T4:1              <= [3.0279136]: 'OK'
                T4:1[    0-0    ] <= [3.0279135704040527]
                T4:1              <= [3.0812035]: 'OK'
                T4:1[    0-0    ] <= [3.0812034606933594]
                T4:1[    0-0    ] <= [3.1344187259674072]
                T4:1              <= [3.1344187]: 'OK'
                T4:1              <= [3.1875875]: 'OK'
                T4:1[    0-0    ] <= [3.1875874996185303]
                T4:1              <= [3.2407098]: 'OK'
                T4:1[    0-0    ] <= [3.2407097816467285]
                T4:1              <= [3.2937858]: 'OK'
                T4:1[    0-0    ] <= [3.293785810470581]
                T4:1[    0-0    ] <= [3.3468058109283447]
                T4:1              <= [3.3468058]: 'OK'
                T4:1              <= [3.39977]: 'OK'
                T4:1[    0-0    ] <= [3.3997700214385986]
                T4:1              <= [3.4526691]: 'OK'
                T4:1[    0-0    ] <= [3.452669143676758]
                T4:1              <= [3.5237067]: 'OK'
                T4:1[    0-0    ] <= [3.5237066745758057]
                T4:1              <= [3.5946603]: 'OK'
                T4:1[    0-0    ] <= [3.5946602821350098]
                T4:1              <= [3.665549]: 'OK'
                T4:1[    0-0    ] <= [3.6655490398406982]
                T4:1              <= [3.7363727]: 'OK'
                T4:1[    0-0    ] <= [3.736372709274292]
                T4:1              <= [3.8071125]: 'OK'
                T4:1[    0-0    ] <= [3.807112455368042]
                T4:1              <= [3.9483876]: 'OK'
                T4:1[    0-0    ] <= [3.948387622833252]
                T4:1              <= [4.0189137]: 'OK'
                T4:1[    0-0    ] <= [4.018913745880127]
                T4:1[    0-0    ] <= [4.089374542236328]
                T4:1              <= [4.0893745]: 'OK'
                T4:1              <= [4.159761]: 'OK'
                T4:1[    0-0    ] <= [4.15976095199585]
                T4:1              <= [4.230082]: 'OK'
                T4:1[    0-0    ] <= [4.230082035064697]
                T4:1              <= [4.3003197]: 'OK'
                T4:1[    0-0    ] <= [4.300319671630859]
                T4:1[    0-0    ] <= [4.367152690887451]
                T4:1              <= [4.3671527]: 'OK'
                T4:1              <= [4.4339113]: 'OK'
                T4:1[    0-0    ] <= [4.433911323547363]
                T4:1              <= [4.499247]: 'OK'
                T4:1[    0-0    ] <= [4.499247074127197]
                T4:1              <= [4.4307394]: 'OK'
                T4:1[    0-0    ] <= [4.430739402770996]
                T4:1              <= [4.3622227]: 'OK'
                T4:1[    0-0    ] <= [4.362222671508789]
                T4:1              <= [4.293706]: 'OK'
                T4:1[    0-0    ] <= [4.293705940246582]
                T4:1              <= [4.2251987]: 'OK'
                T4:1[    0-0    ] <= [4.225198745727539]
                T4:1              <= [4.156682]: 'OK'
                T4:1[    0-0    ] <= [4.156682014465332]
                T4:1              <= [4.0881653]: 'OK'
                T4:1[    0-0    ] <= [4.088165283203125]
                T4:1              <= [4.0196576]: 'OK'
                T4:1[    0-0    ] <= [4.019657611846924]
                T4:1              <= [3.9511409]: 'OK'
                T4:1[    0-0    ] <= [3.951140880584717]
                T4:1              <= [3.8826241]: 'OK'
                T4:1[    0-0    ] <= [3.8826241493225098]
                T4:1              <= [3.8180513]: 'OK'
                T4:1[    0-0    ] <= [3.818051338195801]
                T4:1              <= [3.7534692]: 'OK'
                T4:1[    0-0    ] <= [3.753469228744507]
                T4:1[    0-0    ] <= [3.688887119293213]
                T4:1              <= [3.6888871]: 'OK'
                T4:1              <= [3.6243143]: 'OK'
                T4:1[    0-0    ] <= [3.624314308166504]
                T4:1              <= [3.5597322]: 'OK'
                T4:1[    0-0    ] <= [3.55973219871521]
                T4:1              <= [3.4951594]: 'OK'
                T4:1[    0-0    ] <= [3.495159387588501]
                T4:1              <= [3.4305773]: 'OK'
                T4:1[    0-0    ] <= [3.430577278137207]
                T4:1              <= [3.3659952]: 'OK'
                T4:1[    0-0    ] <= [3.365995168685913]
                T4:1              <= [3.3014224]: 'OK'
                T4:1[    0-0    ] <= [3.301422357559204]
                T4:1              <= [3.2368402]: 'OK'
                T4:1[    0-0    ] <= [3.23684024810791]
                T4:1              <= [3.1722674]: 'OK'
                T4:1[    0-0    ] <= [3.172267436981201]
                T4:1              <= [3.1076856]: 'OK'
                T4:1[    0-0    ] <= [3.1076855659484863]
                T4:1              <= [3.031718]: 'OK'
                T4:1[    0-0    ] <= [3.0317180156707764]
                T4:1              <= [3.0364153]: 'OK'
                T4:1[    0-0    ] <= [3.0364153385162354]
                T4:1              <= [3.0977604]: 'OK'
                T4:1[    0-0    ] <= [3.0977604389190674]
                T4:1              <= [3.1590033]: 'OK'
                T4:1[    0-0    ] <= [3.159003257751465]
                T4:1              <= [3.2201345]: 'OK'
                T4:1[    0-0    ] <= [3.2201344966888428]
                T4:1[    0-0    ] <= [3.281153917312622]
                T4:1              <= [3.281154]: 'OK'
                T4:1              <= [3.3420804]: 'OK'
                T4:1[    0-0    ] <= [3.3420803546905518]
                T4:1              <= [3.4028955]: 'OK'
                T4:1[    0-0    ] <= [3.402895450592041]
                T4:1[    0-0    ] <= [3.402895450592041]
                T4:1              <= [3.4028955]: 'OK'
                T4:1              <= [3.4635985]: 'OK'
                T4:1[    0-0    ] <= [3.4635984897613525]
                T4:1              <= [3.5241902]: 'OK'
                T4:1[    0-0    ] <= [3.5241901874542236]
                T4:1              <= [3.584689]: 'OK'
                T4:1[    0-0    ] <= [3.584688901901245]
                T4:1              <= [3.6450758]: 'OK'
                T4:1[    0-0    ] <= [3.645075798034668]
                T4:1              <= [3.680739]: 'OK'
                T4:1[    0-0    ] <= [3.680738925933838]
                T4:1[    0-0    ] <= [3.716318130493164]
                T4:1              <= [3.7163181]: 'OK'
                T4:1              <= [3.7518137]: 'OK'
                T4:1[    0-0    ] <= [3.7518136501312256]
                T4:1              <= [3.7872255]: 'OK'
                T4:1[    0-0    ] <= [3.7872254848480225]
                T4:1              <= [3.8225534]: 'OK'
                T4:1[    0-0    ] <= [3.8225533962249756]
                T4:1              <= [3.8578072]: 'OK'
                T4:1[    0-0    ] <= [3.857807159423828]
                T4:1[    0-0    ] <= [3.892976999282837]
                T4:1              <= [3.892977]: 'OK'
                T4:1              <= [3.9280634]: 'OK'
                T4:1[    0-0    ] <= [3.92806339263916]
                T4:1              <= [3.9280634]: 'OK'
                T4:1[    0-0    ] <= [3.92806339263916]
                T4:1[    0-0    ] <= [3.9979939460754395]
                T4:1              <= [3.997994]: 'OK'
                T4:1              <= [4.0328383]: 'OK'
                T4:1[    0-0    ] <= [4.032838344573975]
                T4:1              <= [4.067599]: 'OK'
                T4:1[    0-0    ] <= [4.067598819732666]
                T4:1              <= [4.0830493]: 'OK'
                T4:1[    0-0    ] <= [4.083049297332764]
                T4:1              <= [4.0984344]: 'OK'
                T4:1[    0-0    ] <= [4.0984344482421875]
                T4:1              <= [4.1137543]: 'OK'
                T4:1[    0-0    ] <= [4.1137542724609375]
                T4:1              <= [4.1137543]: 'OK'
                T4:1[    0-0    ] <= [4.1137542724609375]
                T4:1              <= [4.1290092]: 'OK'
                T4:1[    0-0    ] <= [4.129009246826172]
                T4:1              <= [4.1442084]: 'OK'
                T4:1[    0-0    ] <= [4.1442084312438965]
                T4:1              <= [4.1593423]: 'OK'
                T4:1[    0-0    ] <= [4.159342288970947]
                T4:1              <= [4.174411]: 'OK'
                T4:1[    0-0    ] <= [4.174410820007324]
                T4:1[    0-0    ] <= [4.18942403793335]
                T4:1              <= [4.189424]: 'OK'
                T4:1              <= [4.204372]: 'OK'
                T4:1[    0-0    ] <= [4.204371929168701]
                T4:1              <= [4.2192454]: 'OK'
                T4:1[    0-0    ] <= [4.219245433807373]
                T4:1              <= [4.2340727]: 'OK'
                T4:1[    0-0    ] <= [4.234072685241699]
                T4:1              <= [4.2488346]: 'OK'
                T4:1[    0-0    ] <= [4.248834609985352]
                T4:1              <= [4.247504]: 'OK'
                T4:1[    0-0    ] <= [4.247504234313965]
                T4:1              <= [4.246118]: 'OK'
                T4:1[    0-0    ] <= [4.246118068695068]
                T4:1              <= [4.244695]: 'OK'
                T4:1[    0-0    ] <= [4.24469518661499]
                T4:1              <= [4.2432346]: 'OK'
                T4:1[    0-0    ] <= [4.243234634399414]
                T4:1[    0-0    ] <= [4.241718769073486]
                T4:1              <= [4.241719]: 'OK'
                T4:1              <= [4.2401557]: 'OK'
                T4:1[    0-0    ] <= [4.2401556968688965]
                T4:1              <= [4.238556]: 'OK'
                T4:1[    0-0    ] <= [4.238555908203125]
                T4:1              <= [4.238556]: 'OK'
                T4:1[    0-0    ] <= [4.238555908203125]
                T4:1              <= [4.2369003]: 'OK'
                T4:1[    0-0    ] <= [4.236900329589844]
                T4:1              <= [4.2352076]: 'OK'
                T4:1[    0-0    ] <= [4.235207557678223]
                T4:1              <= [4.233468]: 'OK'
                T4:1[    0-0    ] <= [4.233468055725098]
                T4:1              <= [4.231682]: 'OK'
                T4:1[    0-0    ] <= [4.231681823730469]
                T4:1              <= [4.2298493]: 'OK'
                T4:1[    0-0    ] <= [4.229849338531494]
                T4:1              <= [4.221664]: 'OK'
                T4:1[    0-0    ] <= [4.221663951873779]
                T4:1              <= [4.221664]: 'OK'
                T4:1[    0-0    ] <= [4.221663951873779]
                T4:1              <= [4.221664]: 'OK'
                T4:1[    0-0    ] <= [4.221663951873779]
                T4:1              <= [4.221664]: 'OK'
                T4:1[    0-0    ] <= [4.221663951873779]
DEBUG get_query: SELECT value FROM ctown WHERE name = ? AND pid = ?
DEBUG set_query: UPDATE ctown SET value = ? WHERE name = ? AND pid = ?
DEBUG EnipProtocol server addr:  192.168.1.1
DEBUG: concatenating server address with default port.
DEBUG enip server tags_string:  T4:1=REAL CONTROL:1=REAL 
DEBUG enip _start_server cmd:  ['/usr/bin/python', '-m', 'cpppo.server.enip', '--print', '--log', 'logs/protocols_tests_enip_server', '--address', '192.168.1.1:44818', 'T4:1=REAL', 'CONTROL:1=REAL']
DEBUG: plc6 enters pre_loop
DEBUG plc shutdown
IF WE PRINT THIS, IT MEANS THE GENERIC PLC CODE WORKS! YASSSS!!!
                T4:1[    0-0    ] <= [4.221663951873779]
                T4:1              <= [4.221664]: 'OK'
plc6
Stopping Tcp dump process on PLC...
Stopping PLC...
