                T5:1              <= [1.0]: 'OK'
                T5:1[    0-0    ] <= [1.0]
                T5:1              <= [1.0]: 'OK'
                T5:1[    0-0    ] <= [1.0]
                T5:1              <= [1.0]: 'OK'
                T5:1[    0-0    ] <= [1.0]
                T5:1              <= [1.0]: 'OK'
                T5:1[    0-0    ] <= [1.0]
                T5:1              <= [1.0]: 'OK'
                T5:1[    0-0    ] <= [1.0]
                T5:1[    0-0    ] <= [1.0]
                T5:1              <= [1.0]: 'OK'
                T5:1              <= [1.0]: 'OK'
                T5:1[    0-0    ] <= [1.0]
                T5:1              <= [1.0]: 'OK'
                T5:1[    0-0    ] <= [1.0]
                T5:1              <= [1.0]: 'OK'
                T5:1[    0-0    ] <= [1.0]
                T5:1              <= [1.5014225]: 'OK'
                T5:1[    0-0    ] <= [1.5014225244522095]
                T5:1              <= [1.5704323]: 'OK'
                T5:1[    0-0    ] <= [1.5704323053359985]
                T5:1              <= [1.6048301]: 'OK'
                T5:1[    0-0    ] <= [1.6048301458358765]
                T5:1              <= [1.6734121]: 'OK'
                T5:1[    0-0    ] <= [1.6734120845794678]
                T5:1              <= [1.7417241]: 'OK'
                T5:1[    0-0    ] <= [1.7417241334915161]
                T5:1[    0-0    ] <= [1.7973486185073853]
                T5:1              <= [1.7973486]: 'OK'
                T5:1              <= [1.8510385]: 'OK'
                T5:1[    0-0    ] <= [1.8510384559631348]
                T5:1              <= [1.9095744]: 'OK'
                T5:1[    0-0    ] <= [1.9095743894577026]
                T5:1              <= [1.9905927]: 'OK'
                T5:1[    0-0    ] <= [1.9905927181243896]
                T5:1              <= [2.042515]: 'OK'
                T5:1[    0-0    ] <= [2.0425150394439697]
                T5:1              <= [2.0941584]: 'OK'
                T5:1[    0-0    ] <= [2.094158411026001]
                T5:1              <= [2.1710932]: 'OK'
                T5:1[    0-0    ] <= [2.171093225479126]
                T5:1              <= [2.2536743]: 'OK'
                T5:1[    0-0    ] <= [2.253674268722534]
                T5:1              <= [2.3164797]: 'OK'
                T5:1[    0-0    ] <= [2.3164796829223633]
                T5:1              <= [2.3792107]: 'OK'
                T5:1[    0-0    ] <= [2.3792107105255127]
                T5:1              <= [2.4417372]: 'OK'
                T5:1[    0-0    ] <= [2.441737174987793]
                T5:1              <= [2.5040684]: 'OK'
                T5:1[    0-0    ] <= [2.504068374633789]
                T5:1              <= [2.6186008]: 'OK'
                T5:1[    0-0    ] <= [2.618600845336914]
                T5:1              <= [2.7018237]: 'OK'
                T5:1[    0-0    ] <= [2.7018237113952637]
                T5:1              <= [2.784814]: 'OK'
                T5:1[    0-0    ] <= [2.78481388092041]
                T5:1              <= [2.8675716]: 'OK'
                T5:1[    0-0    ] <= [2.8675715923309326]
                T5:1              <= [2.9500968]: 'OK'
                T5:1[    0-0    ] <= [2.950096845626831]
                T5:1              <= [2.9912758]: 'OK'
                T5:1[    0-0    ] <= [2.9912757873535156]
                T5:1              <= [3.074573]: 'OK'
                T5:1[    0-0    ] <= [3.074573040008545]
                T5:1              <= [3.1587725]: 'OK'
                T5:1[    0-0    ] <= [3.1587724685668945]
                T5:1              <= [3.2427394]: 'OK'
                T5:1[    0-0    ] <= [3.24273943901062]
                T5:1              <= [3.284644]: 'OK'
                T5:1[    0-0    ] <= [3.2846438884735107]
                T5:1              <= [3.3682761]: 'OK'
                T5:1[    0-0    ] <= [3.3682761192321777]
                T5:1              <= [3.4516943]: 'OK'
                T5:1[    0-0    ] <= [3.4516942501068115]
                T5:1              <= [3.53488]: 'OK'
                T5:1[    0-0    ] <= [3.5348799228668213]
                T5:1              <= [3.6226418]: 'OK'
                T5:1[    0-0    ] <= [3.6226418018341064]
                T5:1              <= [3.6664438]: 'OK'
                T5:1[    0-0    ] <= [3.6664438247680664]
                T5:1              <= [3.7538712]: 'OK'
                T5:1[    0-0    ] <= [3.753871202468872]
                T5:1              <= [3.8410752]: 'OK'
                T5:1[    0-0    ] <= [3.8410751819610596]
                T5:1              <= [3.928065]: 'OK'
                T5:1[    0-0    ] <= [3.928065061569214]
                T5:1              <= [4.0148225]: 'OK'
                T5:1[    0-0    ] <= [4.014822483062744]
                T5:1              <= [4.058122]: 'OK'
                T5:1[    0-0    ] <= [4.058122158050537]
                T5:1              <= [4.153242]: 'OK'
                T5:1[    0-0    ] <= [4.153242111206055]
                T5:1              <= [4.2481294]: 'OK'
                T5:1[    0-0    ] <= [4.248129367828369]
                T5:1              <= [4.3427653]: 'OK'
                T5:1[    0-0    ] <= [4.3427653312683105]
                T5:1              <= [4.39]: 'OK'
                T5:1[    0-0    ] <= [4.389999866485596]
                T5:1              <= [4.48485]: 'OK'
                T5:1[    0-0    ] <= [4.48484992980957]
                T5:1              <= [4.4279604]: 'OK'
                T5:1[    0-0    ] <= [4.427960395812988]
                T5:1              <= [4.385172]: 'OK'
                T5:1[    0-0    ] <= [4.385171890258789]
                T5:1              <= [4.2801833]: 'OK'
                T5:1[    0-0    ] <= [4.2801833152771]
                T5:1              <= [4.1751943]: 'OK'
                T5:1[    0-0    ] <= [4.175194263458252]
                T5:1              <= [4.1227045]: 'OK'
                T5:1[    0-0    ] <= [4.12270450592041]
                T5:1              <= [4.0177155]: 'OK'
                T5:1[    0-0    ] <= [4.0177154541015625]
                T5:1              <= [3.9127357]: 'OK'
                T5:1[    0-0    ] <= [3.9127357006073]
                T5:1              <= [3.8602366]: 'OK'
                T5:1[    0-0    ] <= [3.860236644744873]
                T5:1              <= [3.7552571]: 'OK'
                T5:1[    0-0    ] <= [3.7552571296691895]
                T5:1              <= [3.6991024]: 'OK'
                T5:1[    0-0    ] <= [3.6991024017333984]
                T5:1              <= [3.5868022]: 'OK'
                T5:1[    0-0    ] <= [3.5868022441864014]
                T5:1              <= [3.5306475]: 'OK'
                T5:1[    0-0    ] <= [3.5306475162506104]
                T5:1              <= [3.4183474]: 'OK'
                T5:1[    0-0    ] <= [3.4183473587036133]
                T5:1              <= [3.3621926]: 'OK'
                T5:1[    0-0    ] <= [3.3621926307678223]
                T5:1              <= [3.2498925]: 'OK'
                T5:1[    0-0    ] <= [3.249892473220825]
                T5:1              <= [3.1937377]: 'OK'
                T5:1[    0-0    ] <= [3.193737745285034]
                T5:1              <= [3.0814378]: 'OK'
                T5:1[    0-0    ] <= [3.081437826156616]
                T5:1              <= [3.0311618]: 'OK'
                T5:1[    0-0    ] <= [3.0311617851257324]
                T5:1              <= [2.9306097]: 'OK'
                T5:1[    0-0    ] <= [2.930609703063965]
                T5:1[    0-0    ] <= [2.880342960357666]
                T5:1              <= [2.880343]: 'OK'
                T5:1              <= [2.779791]: 'OK'
                T5:1[    0-0    ] <= [2.7797911167144775]
                T5:1              <= [2.729515]: 'OK'
                T5:1[    0-0    ] <= [2.7295150756835938]
                T5:1              <= [2.6289723]: 'OK'
                T5:1[    0-0    ] <= [2.628972291946411]
                T5:1              <= [2.5786963]: 'OK'
                T5:1[    0-0    ] <= [2.5786962509155273]
                T5:1[    0-0    ] <= [2.478153705596924]
                T5:1              <= [2.4781537]: 'OK'
                T5:1[    0-0    ] <= [2.4238407611846924]
                T5:1              <= [2.4238408]: 'OK'
                T5:1              <= [2.315224]: 'OK'
                T5:1[    0-0    ] <= [2.3152239322662354]
                T5:1              <= [2.260911]: 'OK'
                T5:1[    0-0    ] <= [2.260910987854004]
                T5:1              <= [2.206598]: 'OK'
                T5:1[    0-0    ] <= [2.2065980434417725]
                T5:1              <= [2.0979815]: 'OK'
                T5:1[    0-0    ] <= [2.0979814529418945]
                T5:1              <= [2.0436685]: 'OK'
                T5:1[    0-0    ] <= [2.043668508529663]
                T5:1              <= [1.9350519]: 'OK'
                T5:1[    0-0    ] <= [1.9350519180297852]
                T5:1              <= [1.880739]: 'OK'
                T5:1[    0-0    ] <= [1.8807389736175537]
                T5:1              <= [1.8264352]: 'OK'
                T5:1[    0-0    ] <= [1.8264352083206177]
                T5:1              <= [1.7259018]: 'OK'
                T5:1[    0-0    ] <= [1.7259018421173096]
                T5:1              <= [1.6756351]: 'OK'
                T5:1[    0-0    ] <= [1.6756350994110107]
                T5:1              <= [1.6253778]: 'OK'
                T5:1[    0-0    ] <= [1.6253777742385864]
                T5:1              <= [1.5248444]: 'OK'
                T5:1[    0-0    ] <= [1.5248444080352783]
                T5:1              <= [1.521877]: 'OK'
                T5:1[    0-0    ] <= [1.5218770503997803]
                T5:1              <= [1.5649536]: 'OK'
                T5:1[    0-0    ] <= [1.5649535655975342]
                T5:1              <= [1.6515622]: 'OK'
                T5:1[    0-0    ] <= [1.651562213897705]
                T5:1              <= [1.6948619]: 'OK'
                T5:1[    0-0    ] <= [1.694861888885498]
                T5:1              <= [1.7388313]: 'OK'
                T5:1[    0-0    ] <= [1.7388312816619873]
                T5:1              <= [1.7849494]: 'OK'
                T5:1[    0-0    ] <= [1.7849494218826294]
                T5:1              <= [1.8770833]: 'OK'
                T5:1[    0-0    ] <= [1.8770833015441895]
                T5:1              <= [1.9230992]: 'OK'
                T5:1[    0-0    ] <= [1.923099160194397]
                T5:1              <= [1.969087]: 'OK'
                T5:1[    0-0    ] <= [1.96908700466156]
                T5:1              <= [2.0150378]: 'OK'
                T5:1[    0-0    ] <= [2.015037775039673]
                T5:1              <= [2.0609605]: 'OK'
                T5:1[    0-0    ] <= [2.060960531234741]
                T5:1              <= [2.152713]: 'OK'
                T5:1[    0-0    ] <= [2.1527130603790283]
                T5:1              <= [2.1985242]: 'OK'
                T5:1[    0-0    ] <= [2.198524236679077]
                T5:1              <= [2.2442143]: 'OK'
                T5:1[    0-0    ] <= [2.2442142963409424]
                T5:1[    0-0    ] <= [2.289876699447632]
                T5:1              <= [2.2898767]: 'OK'
                T5:1              <= [2.3408039]: 'OK'
                T5:1[    0-0    ] <= [2.340803861618042]
                T5:1[    0-0    ] <= [2.4425370693206787]
                T5:1              <= [2.442537]: 'OK'
                T5:1              <= [2.493334]: 'OK'
                T5:1[    0-0    ] <= [2.4933340549468994]
                T5:1[    0-0    ] <= [2.5441031455993652]
                T5:1              <= [2.5441031]: 'OK'
                T5:1              <= [2.5948162]: 'OK'
                T5:1[    0-0    ] <= [2.594816207885742]
                T5:1              <= [2.6454923]: 'OK'
                T5:1[    0-0    ] <= [2.6454923152923584]
                T5:1              <= [2.696131]: 'OK'
                T5:1[    0-0    ] <= [2.6961309909820557]
                T5:1              <= [2.7467232]: 'OK'
                T5:1[    0-0    ] <= [2.746723175048828]
                T5:1              <= [2.847787]: 'OK'
                T5:1[    0-0    ] <= [2.8477869033813477]
                T5:1              <= [2.8982582]: 'OK'
                T5:1[    0-0    ] <= [2.8982582092285156]
                T5:1              <= [2.9508224]: 'OK'
                T5:1[    0-0    ] <= [2.950822353363037]
                T5:1              <= [3.008112]: 'OK'
                T5:1[    0-0    ] <= [3.0081119537353516]
                T5:1              <= [3.0659225]: 'OK'
                T5:1[    0-0    ] <= [3.065922498703003]
                T5:1[    0-0    ] <= [3.1236956119537354]
                T5:1              <= [3.1236956]: 'OK'
                T5:1[    0-0    ] <= [3.23905611038208]
                T5:1              <= [3.239056]: 'OK'
                T5:1              <= [3.296634]: 'OK'
                T5:1[    0-0    ] <= [3.2966339588165283]
                T5:1              <= [3.3541746]: 'OK'
                T5:1[    0-0    ] <= [3.3541746139526367]
                T5:1[    0-0    ] <= [3.4116780757904053]
                T5:1              <= [3.411678]: 'OK'
                T5:1              <= [3.469135]: 'OK'
                T5:1[    0-0    ] <= [3.469135046005249]
                T5:1              <= [3.5265548]: 'OK'
                T5:1[    0-0    ] <= [3.526554822921753]
                T5:1              <= [3.5839932]: 'OK'
                T5:1[    0-0    ] <= [3.5839931964874268]
                T5:1              <= [3.6325948]: 'OK'
                T5:1[    0-0    ] <= [3.6325948238372803]
                T5:1              <= [3.6811686]: 'OK'
                T5:1[    0-0    ] <= [3.681168556213379]
                T5:1              <= [3.7297144]: 'OK'
                T5:1[    0-0    ] <= [3.7297143936157227]
                T5:1              <= [3.8267038]: 'OK'
                T5:1[    0-0    ] <= [3.8267037868499756]
                T5:1              <= [3.8751566]: 'OK'
                T5:1[    0-0    ] <= [3.8751566410064697]
                T5:1              <= [3.9235816]: 'OK'
                T5:1[    0-0    ] <= [3.923581600189209]
                T5:1              <= [3.9719787]: 'OK'
                T5:1[    0-0    ] <= [3.9719786643981934]
                T5:1              <= [4.020348]: 'OK'
                T5:1[    0-0    ] <= [4.020348072052002]
                T5:1[    0-0    ] <= [4.0686798095703125]
                T5:1              <= [4.06868]: 'OK'
                T5:1              <= [4.114556]: 'OK'
                T5:1[    0-0    ] <= [4.114555835723877]
                T5:1              <= [4.157363]: 'OK'
                T5:1[    0-0    ] <= [4.157362937927246]
                T5:1              <= [4.255803]: 'OK'
                T5:1[    0-0    ] <= [4.255803108215332]
                T5:1[    0-0    ] <= [4.304963111877441]
                T5:1              <= [4.304963]: 'OK'
                T5:1              <= [4.3540483]: 'OK'
                T5:1[    0-0    ] <= [4.354048252105713]
                T5:1              <= [4.403078]: 'OK'
                T5:1[    0-0    ] <= [4.403078079223633]
                T5:1              <= [4.45207]: 'OK'
                T5:1[    0-0    ] <= [4.452070236206055]
                T5:1              <= [4.499156]: 'OK'
                T5:1[    0-0    ] <= [4.4991559982299805]
                T5:1[    0-0    ] <= [4.456730365753174]
                T5:1              <= [4.4567304]: 'OK'
                T5:1[    0-0    ] <= [4.414305210113525]
                T5:1              <= [4.414305]: 'OK'
                T5:1              <= [4.37188]: 'OK'
                T5:1[    0-0    ] <= [4.371880054473877]
                T5:1              <= [4.3294544]: 'OK'
                T5:1[    0-0    ] <= [4.32945442199707]
                T5:1              <= [4.2870293]: 'OK'
                T5:1[    0-0    ] <= [4.287029266357422]
                T5:1              <= [4.258612]: 'OK'
                T5:1[    0-0    ] <= [4.258612155914307]
                T5:1              <= [4.2301955]: 'OK'
                T5:1[    0-0    ] <= [4.23019552230835]
                T5:1              <= [4.2017784]: 'OK'
                T5:1[    0-0    ] <= [4.201778411865234]
                T5:1[    0-0    ] <= [4.173361778259277]
                T5:1              <= [4.173362]: 'OK'
                T5:1              <= [4.116528]: 'OK'
                T5:1[    0-0    ] <= [4.116528034210205]
                T5:1              <= [4.088111]: 'OK'
                T5:1[    0-0    ] <= [4.08811092376709]
                T5:1              <= [4.0596943]: 'OK'
                T5:1[    0-0    ] <= [4.059694290161133]
                T5:1[    0-0    ] <= [4.031277179718018]
                T5:1              <= [4.031277]: 'OK'
                T5:1              <= [4.0028605]: 'OK'
                T5:1[    0-0    ] <= [4.0028605461120605]
                T5:1[    0-0    ] <= [3.9744436740875244]
                T5:1              <= [3.9744437]: 'OK'
                T5:1              <= [3.9460268]: 'OK'
                T5:1[    0-0    ] <= [3.9460268020629883]
                T5:1[    0-0    ] <= [3.915377616882324]
                T5:1              <= [3.9153776]: 'OK'
                T5:1              <= [3.8847282]: 'OK'
                T5:1[    0-0    ] <= [3.884728193283081]
                T5:1              <= [3.854079]: 'OK'
                T5:1[    0-0    ] <= [3.854079008102417]
                T5:1              <= [3.8234296]: 'OK'
                T5:1[    0-0    ] <= [3.823429584503174]
                T5:1              <= [3.792771]: 'OK'
                T5:1[    0-0    ] <= [3.792771100997925]
                T5:1              <= [3.7621217]: 'OK'
                T5:1[    0-0    ] <= [3.7621216773986816]
                T5:1              <= [3.7314725]: 'OK'
                T5:1[    0-0    ] <= [3.7314724922180176]
                T5:1              <= [3.700823]: 'OK'
                T5:1[    0-0    ] <= [3.7008230686187744]
                T5:1              <= [3.670174]: 'OK'
                T5:1[    0-0    ] <= [3.6701738834381104]
                T5:1              <= [3.6395247]: 'OK'
                T5:1[    0-0    ] <= [3.6395246982574463]
                T5:1              <= [3.6088753]: 'OK'
                T5:1[    0-0    ] <= [3.608875274658203]
                T5:1              <= [3.578226]: 'OK'
                T5:1[    0-0    ] <= [3.578226089477539]
                T5:1[    0-0    ] <= [3.5447025299072266]
                T5:1              <= [3.5447025]: 'OK'
                T5:1              <= [3.511179]: 'OK'
                T5:1[    0-0    ] <= [3.511178970336914]
                T5:1              <= [3.4776554]: 'OK'
                T5:1[    0-0    ] <= [3.4776554107666016]
                T5:1              <= [3.4441319]: 'OK'
                T5:1[    0-0    ] <= [3.444131851196289]
                T5:1              <= [3.4106083]: 'OK'
                T5:1[    0-0    ] <= [3.4106082916259766]
                T5:1              <= [3.3770847]: 'OK'
                T5:1[    0-0    ] <= [3.377084732055664]
                T5:1              <= [3.3435612]: 'OK'
                T5:1[    0-0    ] <= [3.3435611724853516]
                T5:1              <= [3.3100376]: 'OK'
                T5:1[    0-0    ] <= [3.310037612915039]
                T5:1              <= [3.2765143]: 'OK'
                T5:1[    0-0    ] <= [3.2765142917633057]
                T5:1              <= [3.2429907]: 'OK'
                T5:1[    0-0    ] <= [3.242990732192993]
                T5:1              <= [3.2094765]: 'OK'
                T5:1[    0-0    ] <= [3.2094764709472656]
                T5:1              <= [3.175953]: 'OK'
                T5:1[    0-0    ] <= [3.175952911376953]
                T5:1              <= [3.1366994]: 'OK'
                T5:1[    0-0    ] <= [3.1366994380950928]
                T5:1              <= [3.0974367]: 'OK'
                T5:1[    0-0    ] <= [3.0974366664886475]
                T5:1              <= [3.0581834]: 'OK'
                T5:1[    0-0    ] <= [3.058183431625366]
                T5:1              <= [3.01893]: 'OK'
                T5:1[    0-0    ] <= [3.018929958343506]
                T5:1              <= [2.9796765]: 'OK'
                T5:1[    0-0    ] <= [2.9796764850616455]
                T5:1              <= [2.940423]: 'OK'
                T5:1[    0-0    ] <= [2.940423011779785]
                T5:1              <= [2.9011695]: 'OK'
                T5:1[    0-0    ] <= [2.901169538497925]
                T5:1              <= [2.8619163]: 'OK'
                T5:1[    0-0    ] <= [2.8619163036346436]
                T5:1              <= [2.8226628]: 'OK'
                T5:1[    0-0    ] <= [2.822662830352783]
                T5:1              <= [2.7834094]: 'OK'
                T5:1[    0-0    ] <= [2.783409357070923]
                T5:1              <= [2.744156]: 'OK'
                T5:1[    0-0    ] <= [2.7441558837890625]
                T5:1              <= [2.7049026]: 'OK'
                T5:1[    0-0    ] <= [2.7049026489257812]
                T5:1[    0-0    ] <= [2.656496286392212]
                T5:1              <= [2.6564963]: 'OK'
                T5:1              <= [2.60809]: 'OK'
                T5:1[    0-0    ] <= [2.6080899238586426]
                T5:1              <= [2.5596836]: 'OK'
                T5:1[    0-0    ] <= [2.5596835613250732]
                T5:1              <= [2.5596836]: 'OK'
                T5:1[    0-0    ] <= [2.5596835613250732]
                T5:1              <= [2.5112865]: 'OK'
                T5:1[    0-0    ] <= [2.511286497116089]
                T5:1              <= [2.4628801]: 'OK'
                T5:1[    0-0    ] <= [2.4628801345825195]
                T5:1              <= [2.4144738]: 'OK'
                T5:1[    0-0    ] <= [2.41447377204895]
                T5:1              <= [2.3660674]: 'OK'
                T5:1[    0-0    ] <= [2.366067409515381]
                T5:1              <= [2.3176703]: 'OK'
                T5:1[    0-0    ] <= [2.3176703453063965]
                T5:1              <= [2.269264]: 'OK'
                T5:1[    0-0    ] <= [2.269263982772827]
                T5:1[    0-0    ] <= [2.220857620239258]
                T5:1              <= [2.2208576]: 'OK'
                T5:1[    0-0    ] <= [2.1724512577056885]
                T5:1              <= [2.1724513]: 'OK'
                T5:1[    0-0    ] <= [2.124054193496704]
                T5:1              <= [2.1240542]: 'OK'
                T5:1              <= [2.0592303]: 'OK'
                T5:1[    0-0    ] <= [2.059230327606201]
                T5:1              <= [1.9944063]: 'OK'
                T5:1[    0-0    ] <= [1.9944063425064087]
                T5:1              <= [1.9295825]: 'OK'
                T5:1[    0-0    ] <= [1.9295824766159058]
                T5:1              <= [1.9295825]: 'OK'
                T5:1[    0-0    ] <= [1.9295824766159058]
                T5:1              <= [1.8647585]: 'OK'
                T5:1[    0-0    ] <= [1.8647584915161133]
                T5:1              <= [1.7999438]: 'OK'
                T5:1[    0-0    ] <= [1.7999438047409058]
                T5:1              <= [1.7351199]: 'OK'
                T5:1[    0-0    ] <= [1.7351199388504028]
                T5:1              <= [1.670296]: 'OK'
                T5:1[    0-0    ] <= [1.6702959537506104]
                T5:1              <= [1.605472]: 'OK'
                T5:1[    0-0    ] <= [1.6054719686508179]
                T5:1              <= [1.5406481]: 'OK'
                T5:1[    0-0    ] <= [1.540648102760315]
                T5:1              <= [1.5125568]: 'OK'
                T5:1[    0-0    ] <= [1.512556791305542]
                T5:1              <= [1.5125568]: 'OK'
                T5:1[    0-0    ] <= [1.512556791305542]
                T5:1              <= [1.5461081]: 'OK'
                T5:1[    0-0    ] <= [1.5461081266403198]
                T5:1              <= [1.5796503]: 'OK'
                T5:1[    0-0    ] <= [1.5796502828598022]
                T5:1              <= [1.6062813]: 'OK'
                T5:1[    0-0    ] <= [1.6062812805175781]
                T5:1              <= [1.6329122]: 'OK'
                T5:1[    0-0    ] <= [1.6329121589660645]
                T5:1[    0-0    ] <= [1.6595338582992554]
                T5:1              <= [1.6595339]: 'OK'
                T5:1              <= [1.6861461]: 'OK'
                T5:1[    0-0    ] <= [1.6861461400985718]
                T5:1[    0-0    ] <= [1.7127584218978882]
                T5:1              <= [1.7127584]: 'OK'
                T5:1              <= [1.7393615]: 'OK'
                T5:1[    0-0    ] <= [1.7393615245819092]
                T5:1              <= [1.7659552]: 'OK'
                T5:1[    0-0    ] <= [1.7659552097320557]
                T5:1              <= [1.7925396]: 'OK'
                T5:1[    0-0    ] <= [1.7925395965576172]
                T5:1              <= [1.8191148]: 'OK'
                T5:1[    0-0    ] <= [1.8191148042678833]
                T5:1              <= [1.8191148]: 'OK'
                T5:1[    0-0    ] <= [1.8191148042678833]
                T5:1[    0-0    ] <= [1.8456898927688599]
                T5:1              <= [1.8456899]: 'OK'
                T5:1              <= [1.8722557]: 'OK'
                T5:1[    0-0    ] <= [1.8722556829452515]
                T5:1              <= [1.8988122]: 'OK'
                T5:1[    0-0    ] <= [1.898812174797058]
                T5:1              <= [1.9301778]: 'OK'
                T5:1[    0-0    ] <= [1.9301778078079224]
                T5:1              <= [1.9301778]: 'OK'
                T5:1[    0-0    ] <= [1.9301778078079224]
                T5:1              <= [1.9301778]: 'OK'
                T5:1[    0-0    ] <= [1.9301778078079224]
                T5:1              <= [1.9301778]: 'OK'
                T5:1[    0-0    ] <= [1.9301778078079224]
DEBUG get_query: SELECT value FROM ctown WHERE name = ? AND pid = ?
DEBUG set_query: UPDATE ctown SET value = ? WHERE name = ? AND pid = ?
DEBUG EnipProtocol server addr:  192.168.1.1
DEBUG: concatenating server address with default port.
DEBUG enip server tags_string:  T5:1=REAL CONTROL:1=REAL 
DEBUG enip _start_server cmd:  ['/usr/bin/python', '-m', 'cpppo.server.enip', '--print', '--log', 'logs/protocols_tests_enip_server', '--address', '192.168.1.1:44818', 'T5:1=REAL', 'CONTROL:1=REAL']
DEBUG: plc7 enters pre_loop
DEBUG plc shutdown
IF WE PRINT THIS, IT MEANS THE GENERIC PLC CODE WORKS! YASSSS!!!
                T5:1              <= [1.9301778]: 'OK'
                T5:1[    0-0    ] <= [1.9301778078079224]
plc7
Stopping Tcp dump process on PLC...
Stopping PLC...
