DEBUG get_query: SELECT value FROM ctown WHERE name = ? AND pid = ?
DEBUG set_query: UPDATE ctown SET value = ? WHERE name = ? AND pid = ?
DEBUG EnipProtocol server addr:  192.168.1.1
DEBUG: concatenating server address with default port.
DEBUG enip server tags_string:  T5:1=REAL T7:1=REAL PU8:1=REAL PU10:1=REAL PU11:1=REAL ATT_1:1=REAL ATT_2:1=REAL 
DEBUG enip _start_server cmd:  ['/usr/bin/python', '-m', 'cpppo.server.enip', '--print', '--log', 'logs/protocols_tests_enip_server', '--address', '192.168.1.1:44818', 'T5:1=REAL', 'T7:1=REAL', 'PU8:1=REAL', 'PU10:1=REAL', 'PU11:1=REAL', 'ATT_1:1=REAL', 'ATT_2:1=REAL']
DEBUG: plc5 enters pre_loop
ITERATION 1 ------------- 
T5 Level 1.000000 
T7 Level 2.500000 
Opening PU8
ITERATION 2 ------------- 
T5 Level 1.000000 
T7 Level 2.500000 
Opening PU8
ITERATION 3 ------------- 
T5 Level 1.000000 
T7 Level 2.500000 
Opening PU8
ITERATION 4 ------------- 
T5 Level 1.000000 
T7 Level 2.500000 
Opening PU8
ITERATION 5 ------------- 
T5 Level 1.000000 
T7 Level 2.500000 
Opening PU8
ITERATION 6 ------------- 
T5 Level 1.658960 
T7 Level 1.316425 
Opening PU10
ITERATION 7 ------------- 
T5 Level 1.658960 
T7 Level 1.316425 
Opening PU10
ITERATION 8 ------------- 
T5 Level 1.658960 
T7 Level 1.145825 
Opening PU10
ITERATION 9 ------------- 
T5 Level 1.693061 
T7 Level 1.145825 
Opening PU10
ITERATION 10 ------------- 
T5 Level 1.693061 
T7 Level 1.145825 
Opening PU10
ITERATION 11 ------------- 
T5 Level 1.693061 
T7 Level 0.975634 
Opening PU10
Opening PU11
ITERATION 12 ------------- 
T5 Level 1.727155 
T7 Level 0.975634 
Opening PU10
Opening PU11
ITERATION 13 ------------- 
T5 Level 1.727155 
T7 Level 0.975634 
Opening PU10
Opening PU11
ITERATION 14 ------------- 
T5 Level 1.754979 
T7 Level 0.972152 
Opening PU10
Opening PU11
ITERATION 15 ------------- 
T5 Level 1.754979 
T7 Level 0.972152 
Opening PU10
Opening PU11
ITERATION 16 ------------- 
T5 Level 1.754979 
T7 Level 0.972152 
Opening PU10
Opening PU11
ITERATION 17 ------------- 
T5 Level 1.782792 
T7 Level 0.968749 
Opening PU10
Opening PU11
ITERATION 18 ------------- 
T5 Level 1.782792 
T7 Level 0.968749 
Opening PU10
Opening PU11
ITERATION 19 ------------- 
T5 Level 1.782792 
T7 Level 0.968749 
Opening PU10
Opening PU11
ITERATION 20 ------------- 
T5 Level 1.805868 
T7 Level 1.060033 
Opening PU10
ITERATION 21 ------------- 
T5 Level 1.805868 
T7 Level 1.060033 
Opening PU10
ITERATION 22 ------------- 
T5 Level 1.805868 
T7 Level 1.060033 
Opening PU10
ITERATION 23 ------------- 
T5 Level 1.828940 
T7 Level 1.151082 
Opening PU10
ITERATION 24 ------------- 
T5 Level 1.828940 
T7 Level 1.151082 
Opening PU10
ITERATION 25 ------------- 
T5 Level 1.828940 
T7 Level 1.151082 
Opening PU10
ITERATION 26 ------------- 
T5 Level 1.852006 
T7 Level 1.241897 
Opening PU10
ITERATION 27 ------------- 
T5 Level 1.852006 
T7 Level 1.241897 
Opening PU10
ITERATION 28 ------------- 
T5 Level 1.852006 
T7 Level 1.332480 
Opening PU10
ITERATION 29 ------------- 
T5 Level 1.875067 
T7 Level 1.332480 
Opening PU10
ITERATION 30 ------------- 
T5 Level 1.875067 
T7 Level 1.332480 
Opening PU10
ITERATION 31 ------------- 
T5 Level 1.875067 
T7 Level 1.332480 
Opening PU10
ITERATION 32 ------------- 
T5 Level 1.898123 
T7 Level 1.422830 
Opening PU10
ITERATION 33 ------------- 
T5 Level 1.898123 
T7 Level 1.422830 
Opening PU10
ITERATION 34 ------------- 
T5 Level 1.898123 
T7 Level 1.422830 
Opening PU10
ITERATION 35 ------------- 
T5 Level 1.921174 
T7 Level 1.512949 
Opening PU10
ITERATION 36 ------------- 
T5 Level 1.921174 
T7 Level 1.512949 
Opening PU10
ITERATION 37 ------------- 
T5 Level 1.921174 
T7 Level 1.602837 
Opening PU10
ITERATION 38 ------------- 
T5 Level 1.944221 
T7 Level 1.602837 
Opening PU10
ITERATION 39 ------------- 
T5 Level 1.944221 
T7 Level 1.602837 
Opening PU10
ITERATION 40 ------------- 
T5 Level 1.944221 
T7 Level 1.602837 
Opening PU10
ITERATION 41 ------------- 
T5 Level 1.975166 
T7 Level 1.694537 
Opening PU10
ITERATION 42 ------------- 
T5 Level 1.975166 
T7 Level 1.694537 
Opening PU10
ITERATION 43 ------------- 
T5 Level 1.975166 
T7 Level 1.694537 
Opening PU10
ITERATION 44 ------------- 
T5 Level 2.006101 
T7 Level 1.786008 
Opening PU10
ITERATION 45 ------------- 
T5 Level 2.006101 
T7 Level 1.786008 
Opening PU10
ITERATION 46 ------------- 
T5 Level 2.006101 
T7 Level 1.786008 
Opening PU10
ITERATION 47 ------------- 
T5 Level 2.037026 
T7 Level 1.877249 
Opening PU10
ITERATION 48 ------------- 
T5 Level 2.037026 
T7 Level 1.877249 
Opening PU10
ITERATION 49 ------------- 
T5 Level 2.037026 
T7 Level 1.877249 
Opening PU10
ITERATION 50 ------------- 
T5 Level 2.037026 
T7 Level 1.968264 
Opening PU10
ITERATION 51 ------------- 
T5 Level 2.067940 
T7 Level 1.968264 
Opening PU10
ITERATION 52 ------------- 
T5 Level 2.067940 
T7 Level 1.968264 
Opening PU10
ITERATION 53 ------------- 
T5 Level 2.067940 
T7 Level 2.059051 
Opening PU10
ITERATION 54 ------------- 
T5 Level 2.098842 
T7 Level 2.059051 
Opening PU10
ITERATION 55 ------------- 
T5 Level 2.098842 
T7 Level 2.059051 
Opening PU10
ITERATION 56 ------------- 
T5 Level 2.098842 
T7 Level 2.149611 
Opening PU10
ITERATION 57 ------------- 
T5 Level 2.129735 
T7 Level 2.149611 
Opening PU10
ITERATION 58 ------------- 
T5 Level 2.129735 
T7 Level 2.149611 
Opening PU10
ITERATION 59 ------------- 
T5 Level 2.129735 
T7 Level 2.239947 
Opening PU10
ITERATION 60 ------------- 
T5 Level 2.160616 
T7 Level 2.239947 
Opening PU10
ITERATION 61 ------------- 
T5 Level 2.160616 
T7 Level 2.239947 
Opening PU10
ITERATION 62 ------------- 
T5 Level 2.160616 
T7 Level 2.239947 
Opening PU10
ITERATION 63 ------------- 
T5 Level 2.191487 
T7 Level 2.330059 
Opening PU10
ITERATION 64 ------------- 
T5 Level 2.191487 
T7 Level 2.330059 
Opening PU10
ITERATION 65 ------------- 
T5 Level 2.191487 
T7 Level 2.330059 
Opening PU10
ITERATION 66 ------------- 
T5 Level 2.191487 
T7 Level 2.419946 
Opening PU10
ITERATION 67 ------------- 
T5 Level 2.222347 
T7 Level 2.419946 
Opening PU10
ITERATION 68 ------------- 
T5 Level 2.222347 
T7 Level 2.419946 
Opening PU10
ITERATION 69 ------------- 
T5 Level 2.253196 
T7 Level 2.509611 
ITERATION 70 ------------- 
T5 Level 2.253196 
T7 Level 2.509611 
ITERATION 71 ------------- 
T5 Level 2.253196 
T7 Level 2.509611 
ITERATION 72 ------------- 
T5 Level 2.253196 
T7 Level 2.599053 
ITERATION 73 ------------- 
T5 Level 2.284034 
T7 Level 2.599053 
ITERATION 74 ------------- 
T5 Level 2.284034 
T7 Level 2.599053 
ITERATION 75 ------------- 
T5 Level 2.284034 
T7 Level 2.599053 
ITERATION 76 ------------- 
T5 Level 2.314862 
T7 Level 2.688274 
ITERATION 77 ------------- 
T5 Level 2.314862 
T7 Level 2.688274 
ITERATION 78 ------------- 
T5 Level 2.314862 
T7 Level 2.688274 
ITERATION 79 ------------- 
T5 Level 2.314862 
T7 Level 2.774036 
ITERATION 80 ------------- 
T5 Level 2.343529 
T7 Level 2.774036 
ITERATION 81 ------------- 
T5 Level 2.343529 
T7 Level 2.774036 
ITERATION 82 ------------- 
T5 Level 2.343529 
T7 Level 2.859588 
ITERATION 83 ------------- 
T5 Level 2.372188 
T7 Level 2.859588 
ITERATION 84 ------------- 
T5 Level 2.372188 
T7 Level 2.859588 
ITERATION 85 ------------- 
T5 Level 2.372188 
T7 Level 2.859588 
ITERATION 86 ------------- 
T5 Level 2.400839 
T7 Level 2.944933 
ITERATION 87 ------------- 
T5 Level 2.400839 
T7 Level 2.944933 
ITERATION 88 ------------- 
T5 Level 2.400839 
T7 Level 2.944933 
ITERATION 89 ------------- 
T5 Level 2.400839 
T7 Level 2.944933 
ITERATION 90 ------------- 
T5 Level 2.429482 
T7 Level 3.030071 
Closing PU11
ITERATION 91 ------------- 
T5 Level 2.429482 
T7 Level 3.030071 
Closing PU11
ITERATION 92 ------------- 
T5 Level 2.429482 
T7 Level 3.030071 
Closing PU11
ITERATION 93 ------------- 
T5 Level 2.458117 
T7 Level 3.115002 
Closing PU11
ITERATION 94 ------------- 
T5 Level 2.458117 
T7 Level 3.115002 
Closing PU11
ITERATION 95 ------------- 
T5 Level 2.458117 
T7 Level 3.115002 
Closing PU11
ITERATION 96 ------------- 
T5 Level 2.458117 
T7 Level 3.199727 
Closing PU11
ITERATION 97 ------------- 
T5 Level 2.486744 
T7 Level 3.199727 
Closing PU11
ITERATION 98 ------------- 
T5 Level 2.486744 
T7 Level 3.199727 
Closing PU11
ITERATION 99 ------------- 
T5 Level 2.486744 
T7 Level 3.188715 
Closing PU11
ITERATION 100 ------------- 
T5 Level 2.520052 
T7 Level 3.188715 
Closing PU11
ITERATION 101 ------------- 
T5 Level 2.520052 
T7 Level 3.188715 
Closing PU11
ITERATION 102 ------------- 
T5 Level 2.520052 
T7 Level 3.188715 
Closing PU11
ITERATION 103 ------------- 
T5 Level 2.553345 
T7 Level 3.177821 
Closing PU11
ITERATION 104 ------------- 
T5 Level 2.553345 
T7 Level 3.177821 
Closing PU11
ITERATION 105 ------------- 
T5 Level 2.553345 
T7 Level 3.177821 
Closing PU11
ITERATION 106 ------------- 
T5 Level 2.586625 
T7 Level 3.167043 
Closing PU11
ITERATION 107 ------------- 
T5 Level 2.586625 
T7 Level 3.167043 
Closing PU11
ITERATION 108 ------------- 
T5 Level 2.586625 
T7 Level 3.167043 
Closing PU11
ITERATION 109 ------------- 
T5 Level 2.619889 
T7 Level 3.156380 
Closing PU11
ITERATION 110 ------------- 
T5 Level 2.619889 
T7 Level 3.156380 
Closing PU11
ITERATION 111 ------------- 
T5 Level 2.619889 
T7 Level 3.145833 
Closing PU11
ITERATION 112 ------------- 
T5 Level 2.653140 
T7 Level 3.145833 
Closing PU11
ITERATION 113 ------------- 
T5 Level 2.653140 
T7 Level 3.145833 
Closing PU11
ITERATION 114 ------------- 
T5 Level 2.653140 
T7 Level 3.135400 
Closing PU11
ITERATION 115 ------------- 
T5 Level 2.686376 
T7 Level 3.135400 
Closing PU11
ITERATION 116 ------------- 
T5 Level 2.686376 
T7 Level 3.135400 
Closing PU11
ITERATION 117 ------------- 
T5 Level 2.686376 
T7 Level 3.161888 
Closing PU11
ITERATION 118 ------------- 
T5 Level 2.724277 
T7 Level 3.161888 
Closing PU11
ITERATION 119 ------------- 
T5 Level 2.724277 
T7 Level 3.161888 
Closing PU11
ITERATION 120 ------------- 
T5 Level 2.724277 
T7 Level 3.161888 
Closing PU11
ITERATION 121 ------------- 
T5 Level 2.762161 
T7 Level 3.188356 
Closing PU11
ITERATION 122 ------------- 
T5 Level 2.762161 
T7 Level 3.188356 
Closing PU11
ITERATION 123 ------------- 
T5 Level 2.762161 
T7 Level 3.188356 
Closing PU11
ITERATION 124 ------------- 
T5 Level 2.800030 
T7 Level 3.214805 
Closing PU11
ITERATION 125 ------------- 
T5 Level 2.800030 
T7 Level 3.214805 
Closing PU11
ITERATION 126 ------------- 
T5 Level 2.800030 
T7 Level 3.214805 
Closing PU11
ITERATION 127 ------------- 
T5 Level 2.837882 
T7 Level 3.241234 
Closing PU11
ITERATION 128 ------------- 
T5 Level 2.837882 
T7 Level 3.241234 
Closing PU11
ITERATION 129 ------------- 
T5 Level 2.837882 
T7 Level 3.241234 
Closing PU11
ITERATION 130 ------------- 
T5 Level 2.875718 
T7 Level 3.267642 
Closing PU11
ITERATION 131 ------------- 
T5 Level 2.875718 
T7 Level 3.267642 
Closing PU11
ITERATION 132 ------------- 
T5 Level 2.875718 
T7 Level 3.267642 
Closing PU11
ITERATION 133 ------------- 
T5 Level 2.913538 
T7 Level 3.294032 
Closing PU11
ITERATION 134 ------------- 
T5 Level 2.913538 
T7 Level 3.294032 
Closing PU11
ITERATION 135 ------------- 
T5 Level 2.913538 
T7 Level 3.294032 
Closing PU11
ITERATION 136 ------------- 
T5 Level 2.951342 
T7 Level 3.320402 
Closing PU11
ITERATION 137 ------------- 
T5 Level 2.951342 
T7 Level 3.320402 
Closing PU11
ITERATION 138 ------------- 
T5 Level 2.951342 
T7 Level 3.320402 
Closing PU11
ITERATION 139 ------------- 
T5 Level 2.951342 
T7 Level 3.346752 
Closing PU11
ITERATION 140 ------------- 
T5 Level 2.989129 
T7 Level 3.346752 
Closing PU11
ITERATION 141 ------------- 
T5 Level 2.989129 
T7 Level 3.346752 
Closing PU11
ITERATION 142 ------------- 
T5 Level 3.026901 
T7 Level 3.373083 
Closing PU11
ITERATION 143 ------------- 
T5 Level 3.026901 
T7 Level 3.373083 
Closing PU11
ITERATION 144 ------------- 
T5 Level 3.026901 
T7 Level 3.373083 
Closing PU11
ITERATION 145 ------------- 
T5 Level 3.026901 
T7 Level 3.399394 
Closing PU11
ITERATION 146 ------------- 
T5 Level 3.064656 
T7 Level 3.399394 
Closing PU11
ITERATION 147 ------------- 
T5 Level 3.064656 
T7 Level 3.399394 
Closing PU11
ITERATION 148 ------------- 
T5 Level 3.064656 
T7 Level 3.425686 
Closing PU11
ITERATION 149 ------------- 
T5 Level 3.102394 
T7 Level 3.425686 
Closing PU11
ITERATION 150 ------------- 
T5 Level 3.102394 
T7 Level 3.425686 
Closing PU11
ITERATION 151 ------------- 
T5 Level 3.102394 
T7 Level 3.451959 
Closing PU11
ITERATION 152 ------------- 
T5 Level 3.140117 
T7 Level 3.451959 
Closing PU11
ITERATION 153 ------------- 
T5 Level 3.140117 
T7 Level 3.451959 
Closing PU11
ITERATION 154 ------------- 
T5 Level 3.140117 
T7 Level 3.451959 
Closing PU11
ITERATION 155 ------------- 
T5 Level 3.183298 
T7 Level 3.483865 
Closing PU11
ITERATION 156 ------------- 
T5 Level 3.183298 
T7 Level 3.483865 
Closing PU11
ITERATION 157 ------------- 
T5 Level 3.183298 
T7 Level 3.515735 
Closing PU11
ITERATION 158 ------------- 
T5 Level 3.226459 
T7 Level 3.515735 
Closing PU11
ITERATION 159 ------------- 
T5 Level 0.500000 
T7 Level 3.515735 
Opening PU8
Closing PU11
ITERATION 160 ------------- 
T5 Level 0.500000 
T7 Level 3.515735 
Opening PU8
Closing PU11
ITERATION 161 ------------- 
T5 Level 0.500000 
T7 Level 3.547570 
Opening PU8
Closing PU11
ITERATION 162 ------------- 
T5 Level 0.500000 
T7 Level 3.547570 
Opening PU8
Closing PU11
ITERATION 163 ------------- 
T5 Level 0.500000 
T7 Level 3.579370 
Opening PU8
Closing PU11
ITERATION 164 ------------- 
T5 Level 0.500000 
T7 Level 3.579370 
Opening PU8
Closing PU11
ITERATION 165 ------------- 
T5 Level 0.500000 
T7 Level 3.579370 
Opening PU8
Closing PU11
ITERATION 166 ------------- 
T5 Level 0.500000 
T7 Level 3.611136 
Opening PU8
Closing PU11
ITERATION 167 ------------- 
T5 Level 0.500000 
T7 Level 3.611136 
Opening PU8
Closing PU11
ITERATION 168 ------------- 
T5 Level 0.500000 
T7 Level 3.611136 
Opening PU8
Closing PU11
ITERATION 169 ------------- 
T5 Level 0.500000 
T7 Level 3.642867 
Opening PU8
Closing PU11
ITERATION 170 ------------- 
T5 Level 0.500000 
T7 Level 3.642867 
Opening PU8
Closing PU11
ITERATION 171 ------------- 
T5 Level 0.500000 
T7 Level 3.642867 
Opening PU8
Closing PU11
ITERATION 172 ------------- 
T5 Level 0.500000 
T7 Level 3.674563 
Opening PU8
Closing PU11
ITERATION 173 ------------- 
T5 Level 0.500000 
T7 Level 3.674563 
Opening PU8
Closing PU11
ITERATION 174 ------------- 
T5 Level 0.500000 
T7 Level 3.674563 
Opening PU8
Closing PU11
ITERATION 175 ------------- 
T5 Level 0.500000 
T7 Level 3.674563 
Opening PU8
Closing PU11
ITERATION 176 ------------- 
T5 Level 0.500000 
T7 Level 3.706224 
Opening PU8
Closing PU11
ITERATION 177 ------------- 
T5 Level 0.500000 
T7 Level 3.706224 
Opening PU8
Closing PU11
ITERATION 178 ------------- 
T5 Level 0.500000 
T7 Level 3.706224 
Opening PU8
Closing PU11
ITERATION 179 ------------- 
T5 Level 0.500000 
T7 Level 3.737852 
Opening PU8
Closing PU11
ITERATION 180 ------------- 
T5 Level 0.500000 
T7 Level 3.737852 
Opening PU8
Closing PU11
ITERATION 181 ------------- 
T5 Level 0.500000 
T7 Level 3.737852 
Opening PU8
Closing PU11
ITERATION 182 ------------- 
T5 Level 0.500000 
T7 Level 3.769445 
Opening PU8
Closing PU11
ITERATION 183 ------------- 
T5 Level 0.500000 
T7 Level 3.769445 
Opening PU8
Closing PU11
ITERATION 184 ------------- 
T5 Level 0.500000 
T7 Level 3.769445 
Opening PU8
Closing PU11
ITERATION 185 ------------- 
T5 Level 0.500000 
T7 Level 3.801005 
Opening PU8
Closing PU11
ITERATION 186 ------------- 
T5 Level 0.500000 
T7 Level 3.801005 
Opening PU8
Closing PU11
ITERATION 187 ------------- 
T5 Level 0.500000 
T7 Level 3.801005 
Opening PU8
Closing PU11
ITERATION 188 ------------- 
T5 Level 0.500000 
T7 Level 3.801005 
Opening PU8
Closing PU11
ITERATION 189 ------------- 
T5 Level 0.500000 
T7 Level 3.832530 
Opening PU8
Closing PU11
ITERATION 190 ------------- 
T5 Level 0.500000 
T7 Level 3.832530 
Opening PU8
Closing PU11
ITERATION 191 ------------- 
T5 Level 0.500000 
T7 Level 3.832530 
Opening PU8
Closing PU11
ITERATION 192 ------------- 
T5 Level 0.500000 
T7 Level 3.864321 
Opening PU8
Closing PU11
ITERATION 193 ------------- 
T5 Level 0.500000 
T7 Level 3.864321 
Opening PU8
Closing PU11
ITERATION 194 ------------- 
T5 Level 0.500000 
T7 Level 3.864321 
Opening PU8
Closing PU11
ITERATION 195 ------------- 
T5 Level 0.500000 
T7 Level 3.864321 
Opening PU8
Closing PU11
ITERATION 196 ------------- 
T5 Level 0.500000 
T7 Level 3.896042 
Opening PU8
Closing PU11
ITERATION 197 ------------- 
T5 Level 0.500000 
T7 Level 3.896042 
Opening PU8
Closing PU11
ITERATION 198 ------------- 
T5 Level 0.500000 
T7 Level 3.927695 
Opening PU8
Closing PU11
ITERATION 199 ------------- 
T5 Level 0.500000 
T7 Level 3.927695 
Opening PU8
Closing PU11
ITERATION 200 ------------- 
T5 Level 0.500000 
T7 Level 3.927695 
Opening PU8
Closing PU11
ITERATION 201 ------------- 
T5 Level 0.500000 
T7 Level 3.927695 
Opening PU8
Closing PU11
ITERATION 202 ------------- 
T5 Level 0.500000 
T7 Level 3.959279 
Opening PU8
Closing PU11
ITERATION 203 ------------- 
T5 Level 0.500000 
T7 Level 3.959279 
Opening PU8
Closing PU11
ITERATION 204 ------------- 
T5 Level 0.500000 
T7 Level 3.990795 
Opening PU8
Closing PU11
ITERATION 205 ------------- 
T5 Level 0.500000 
T7 Level 3.990795 
Opening PU8
Closing PU11
ITERATION 206 ------------- 
T5 Level 0.500000 
T7 Level 3.990795 
Opening PU8
Closing PU11
ITERATION 207 ------------- 
T5 Level 0.500000 
T7 Level 4.022244 
Opening PU8
Closing PU11
ITERATION 208 ------------- 
T5 Level 0.500000 
T7 Level 4.022244 
Opening PU8
Closing PU11
ITERATION 209 ------------- 
T5 Level 0.500000 
T7 Level 4.022244 
Opening PU8
Closing PU11
ITERATION 210 ------------- 
T5 Level 0.500000 
T7 Level 4.053625 
Opening PU8
Closing PU11
ITERATION 211 ------------- 
T5 Level 0.500000 
T7 Level 4.053625 
Opening PU8
Closing PU11
ITERATION 212 ------------- 
T5 Level 0.500000 
T7 Level 4.053625 
Opening PU8
Closing PU11
ITERATION 213 ------------- 
T5 Level 0.500000 
T7 Level 4.084939 
Opening PU8
Closing PU11
ITERATION 214 ------------- 
T5 Level 0.500000 
T7 Level 4.084939 
Opening PU8
Closing PU11
ITERATION 215 ------------- 
T5 Level 0.500000 
T7 Level 4.084939 
Opening PU8
Closing PU11
ITERATION 216 ------------- 
T5 Level 0.500000 
T7 Level 4.084939 
Opening PU8
Closing PU11
ITERATION 217 ------------- 
T5 Level 0.500000 
T7 Level 4.116186 
Opening PU8
Closing PU11
ITERATION 218 ------------- 
T5 Level 0.500000 
T7 Level 4.116186 
Opening PU8
Closing PU11
ITERATION 219 ------------- 
T5 Level 0.500000 
T7 Level 4.147366 
Opening PU8
Closing PU11
ITERATION 220 ------------- 
T5 Level 0.500000 
T7 Level 4.147366 
Opening PU8
Closing PU11
ITERATION 221 ------------- 
T5 Level 0.500000 
T7 Level 4.147366 
Opening PU8
Closing PU11
ITERATION 222 ------------- 
T5 Level 0.500000 
T7 Level 4.147366 
Opening PU8
Closing PU11
ITERATION 223 ------------- 
T5 Level 0.500000 
T7 Level 4.178480 
Opening PU8
Closing PU11
ITERATION 224 ------------- 
T5 Level 0.500000 
T7 Level 4.178480 
Opening PU8
Closing PU11
ITERATION 225 ------------- 
T5 Level 0.500000 
T7 Level 4.209528 
Opening PU8
Closing PU11
ITERATION 226 ------------- 
T5 Level 0.500000 
T7 Level 4.209528 
Opening PU8
Closing PU11
ITERATION 227 ------------- 
T5 Level 0.500000 
T7 Level 4.209528 
Opening PU8
Closing PU11
ITERATION 228 ------------- 
T5 Level 0.500000 
T7 Level 4.260690 
Opening PU8
Closing PU11
ITERATION 229 ------------- 
T5 Level 0.500000 
T7 Level 4.260690 
Opening PU8
Closing PU11
ITERATION 230 ------------- 
T5 Level 0.500000 
T7 Level 4.260690 
Opening PU8
Closing PU11
ITERATION 231 ------------- 
T5 Level 0.500000 
T7 Level 4.311730 
Opening PU8
Closing PU11
ITERATION 232 ------------- 
T5 Level 0.500000 
T7 Level 4.311730 
Opening PU8
Closing PU11
ITERATION 233 ------------- 
T5 Level 0.500000 
T7 Level 4.311730 
Opening PU8
Closing PU11
ITERATION 234 ------------- 
T5 Level 0.500000 
T7 Level 4.362648 
Opening PU8
Closing PU11
ITERATION 235 ------------- 
T5 Level 0.500000 
T7 Level 4.362648 
Opening PU8
Closing PU11
ITERATION 236 ------------- 
T5 Level 0.500000 
T7 Level 4.362648 
Opening PU8
Closing PU11
ITERATION 237 ------------- 
T5 Level 0.500000 
T7 Level 4.413445 
Opening PU8
Closing PU11
ITERATION 238 ------------- 
T5 Level 0.500000 
T7 Level 4.413445 
Opening PU8
Closing PU11
ITERATION 239 ------------- 
T5 Level 0.500000 
T7 Level 4.413445 
Opening PU8
Closing PU11
ITERATION 240 ------------- 
T5 Level 0.500000 
T7 Level 4.464121 
Opening PU8
Closing PU11
ITERATION 241 ------------- 
T5 Level 0.500000 
T7 Level 4.464121 
Opening PU8
Closing PU11
ITERATION 242 ------------- 
T5 Level 0.500000 
T7 Level 4.464121 
Opening PU8
Closing PU11
ITERATION 243 ------------- 
T5 Level 0.500000 
T7 Level 4.514678 
Opening PU8
Closing PU11
ITERATION 244 ------------- 
T5 Level 0.500000 
T7 Level 4.514678 
Opening PU8
Closing PU11
ITERATION 245 ------------- 
T5 Level 0.500000 
T7 Level 4.565328 
Opening PU8
Closing PU11
ITERATION 246 ------------- 
T5 Level 0.500000 
T7 Level 4.565328 
Opening PU8
Closing PU11
ITERATION 247 ------------- 
T5 Level 0.500000 
T7 Level 4.565328 
Opening PU8
Closing PU11
ITERATION 248 ------------- 
T5 Level 0.500000 
T7 Level 4.584699 
Opening PU8
Closing PU11
ITERATION 249 ------------- 
T5 Level 0.500000 
T7 Level 4.584699 
Opening PU8
Closing PU11
ITERATION 250 ------------- 
T5 Level 0.500000 
T7 Level 4.584699 
Opening PU8
Closing PU11
ITERATION 251 ------------- 
T5 Level 0.500000 
T7 Level 4.618654 
Opening PU8
Closing PU11
ITERATION 252 ------------- 
T5 Level 0.500000 
T7 Level 4.618654 
Opening PU8
Closing PU11
ITERATION 253 ------------- 
T5 Level 0.500000 
T7 Level 4.618654 
Opening PU8
Closing PU11
ITERATION 254 ------------- 
T5 Level 0.500000 
T7 Level 4.673639 
Opening PU8
Closing PU11
ITERATION 255 ------------- 
T5 Level 0.500000 
T7 Level 4.673639 
Opening PU8
Closing PU11
ITERATION 256 ------------- 
T5 Level 0.500000 
T7 Level 4.673639 
Opening PU8
Closing PU11
ITERATION 257 ------------- 
T5 Level 0.500000 
T7 Level 4.728500 
Opening PU8
Closing PU11
ITERATION 258 ------------- 
T5 Level 0.500000 
T7 Level 4.728500 
Opening PU8
Closing PU11
ITERATION 259 ------------- 
T5 Level 0.500000 
T7 Level 4.728500 
Opening PU8
Closing PU11
ITERATION 260 ------------- 
T5 Level 0.500000 
T7 Level 4.783239 
Opening PU8
Closing PU11
ITERATION 261 ------------- 
T5 Level 0.500000 
T7 Level 4.783239 
Opening PU8
Closing PU11
ITERATION 262 ------------- 
T5 Level 0.500000 
T7 Level 4.783239 
Opening PU8
Closing PU11
ITERATION 263 ------------- 
T5 Level 0.500000 
T7 Level 4.837856 
Opening PU8
Closing PU10
Closing PU11
ITERATION 264 ------------- 
T5 Level 0.500000 
T7 Level 4.837856 
Opening PU8
Closing PU10
Closing PU11
ITERATION 265 ------------- 
T5 Level 0.500000 
T7 Level 4.886358 
Opening PU8
Closing PU10
Closing PU11
ITERATION 266 ------------- 
T5 Level 0.500000 
T7 Level 4.886358 
Opening PU8
Closing PU10
Closing PU11
ITERATION 267 ------------- 
T5 Level 0.500000 
T7 Level 4.886358 
Opening PU8
Closing PU10
Closing PU11
ITERATION 268 ------------- 
T5 Level 0.500000 
T7 Level 4.886358 
Opening PU8
Closing PU10
Closing PU11
ITERATION 269 ------------- 
T5 Level 0.500000 
T7 Level 4.934755 
Opening PU8
Closing PU10
Closing PU11
ITERATION 270 ------------- 
T5 Level 0.500000 
T7 Level 4.934755 
Opening PU8
Closing PU10
Closing PU11
ITERATION 271 ------------- 
T5 Level 0.500000 
T7 Level 4.934755 
Opening PU8
Closing PU10
Closing PU11
ITERATION 272 ------------- 
T5 Level 0.500000 
T7 Level 4.818282 
Opening PU8
Closing PU10
Closing PU11
ITERATION 273 ------------- 
T5 Level 0.500000 
T7 Level 4.818282 
Opening PU8
Closing PU10
Closing PU11
ITERATION 274 ------------- 
T5 Level 0.500000 
T7 Level 4.818282 
Opening PU8
Closing PU10
Closing PU11
ITERATION 275 ------------- 
T5 Level 0.500000 
T7 Level 4.702182 
Opening PU8
Closing PU11
ITERATION 276 ------------- 
T5 Level 0.500000 
T7 Level 4.702182 
Opening PU8
Closing PU11
ITERATION 277 ------------- 
T5 Level 0.500000 
T7 Level 4.702182 
Opening PU8
Closing PU11
ITERATION 278 ------------- 
T5 Level 0.500000 
T7 Level 4.586451 
Opening PU8
Closing PU11
ITERATION 279 ------------- 
T5 Level 0.500000 
T7 Level 4.586451 
Opening PU8
Closing PU11
ITERATION 280 ------------- 
T5 Level 0.500000 
T7 Level 4.586451 
Opening PU8
Closing PU11
ITERATION 281 ------------- 
T5 Level 0.500000 
T7 Level 4.471084 
Opening PU8
Closing PU11
ITERATION 282 ------------- 
T5 Level 0.500000 
T7 Level 4.471084 
Opening PU8
Closing PU11
ITERATION 283 ------------- 
T5 Level 0.500000 
T7 Level 4.471084 
Opening PU8
Closing PU11
ITERATION 284 ------------- 
T5 Level 0.500000 
T7 Level 4.356077 
Opening PU8
Closing PU11
ITERATION 285 ------------- 
T5 Level 0.500000 
T7 Level 4.356077 
Opening PU8
Closing PU11
ITERATION 286 ------------- 
T5 Level 0.500000 
T7 Level 4.356077 
Opening PU8
Closing PU11
ITERATION 287 ------------- 
T5 Level 0.500000 
T7 Level 4.241426 
Opening PU8
Closing PU11
ITERATION 288 ------------- 
T5 Level 0.500000 
T7 Level 4.241426 
Opening PU8
Closing PU11
ITERATION 289 ------------- 
T5 Level 0.500000 
T7 Level 4.127126 
Opening PU8
Closing PU11
ITERATION 290 ------------- 
T5 Level 0.500000 
T7 Level 4.127126 
Opening PU8
Closing PU11
ITERATION 291 ------------- 
T5 Level 0.500000 
T7 Level 4.127126 
Opening PU8
Closing PU11
ITERATION 292 ------------- 
T5 Level 0.500000 
T7 Level 4.127126 
Opening PU8
Closing PU11
ITERATION 293 ------------- 
T5 Level 0.500000 
T7 Level 4.013173 
Opening PU8
Closing PU11
ITERATION 294 ------------- 
T5 Level 0.500000 
T7 Level 4.013173 
Opening PU8
Closing PU11
ITERATION 295 ------------- 
T5 Level 0.500000 
T7 Level 4.013173 
Opening PU8
Closing PU11
ITERATION 296 ------------- 
T5 Level 0.500000 
T7 Level 3.899564 
Opening PU8
Closing PU11
ITERATION 297 ------------- 
T5 Level 0.500000 
T7 Level 3.899564 
Opening PU8
Closing PU11
ITERATION 298 ------------- 
T5 Level 0.500000 
T7 Level 3.899564 
Opening PU8
Closing PU11
ITERATION 299 ------------- 
T5 Level 0.500000 
T7 Level 3.786295 
Opening PU8
Closing PU11
ITERATION 300 ------------- 
T5 Level 0.500000 
T7 Level 3.786295 
Opening PU8
Closing PU11
ITERATION 301 ------------- 
T5 Level 0.500000 
T7 Level 3.786295 
Opening PU8
Closing PU11
ITERATION 302 ------------- 
T5 Level 0.500000 
T7 Level 3.674315 
Opening PU8
Closing PU11
ITERATION 303 ------------- 
T5 Level 0.500000 
T7 Level 3.674315 
Opening PU8
Closing PU11
ITERATION 304 ------------- 
T5 Level 0.500000 
T7 Level 3.674315 
Opening PU8
Closing PU11
ITERATION 305 ------------- 
T5 Level 0.500000 
T7 Level 3.562667 
Opening PU8
Closing PU11
ITERATION 306 ------------- 
T5 Level 0.500000 
T7 Level 3.562667 
Opening PU8
Closing PU11
ITERATION 307 ------------- 
T5 Level 0.500000 
T7 Level 3.562667 
Opening PU8
Closing PU11
ITERATION 308 ------------- 
T5 Level 0.500000 
T7 Level 3.451347 
Opening PU8
Closing PU11
ITERATION 309 ------------- 
T5 Level 0.500000 
T7 Level 3.451347 
Opening PU8
Closing PU11
ITERATION 310 ------------- 
T5 Level 0.500000 
T7 Level 3.451347 
Opening PU8
Closing PU11
ITERATION 311 ------------- 
T5 Level 0.500000 
T7 Level 3.340352 
Opening PU8
Closing PU11
ITERATION 312 ------------- 
T5 Level 0.500000 
T7 Level 3.340352 
Opening PU8
Closing PU11
ITERATION 313 ------------- 
T5 Level 0.500000 
T7 Level 3.340352 
Opening PU8
Closing PU11
ITERATION 314 ------------- 
T5 Level 0.500000 
T7 Level 3.229679 
Opening PU8
Closing PU11
ITERATION 315 ------------- 
T5 Level 0.500000 
T7 Level 3.229679 
Opening PU8
Closing PU11
ITERATION 316 ------------- 
T5 Level 0.500000 
T7 Level 3.229679 
Opening PU8
Closing PU11
ITERATION 317 ------------- 
T5 Level 0.500000 
T7 Level 3.229679 
Opening PU8
Closing PU11
ITERATION 318 ------------- 
T5 Level 0.500000 
T7 Level 3.119324 
Opening PU8
Closing PU11
ITERATION 319 ------------- 
T5 Level 0.500000 
T7 Level 3.119324 
Opening PU8
Closing PU11
ITERATION 320 ------------- 
T5 Level 0.500000 
T7 Level 3.009285 
Opening PU8
Closing PU11
ITERATION 321 ------------- 
T5 Level 0.500000 
T7 Level 3.009285 
Opening PU8
Closing PU11
ITERATION 322 ------------- 
T5 Level 0.500000 
T7 Level 3.009285 
Opening PU8
Closing PU11
ITERATION 323 ------------- 
T5 Level 0.500000 
T7 Level 2.899559 
Opening PU8
ITERATION 324 ------------- 
T5 Level 0.500000 
T7 Level 2.899559 
Opening PU8
ITERATION 325 ------------- 
T5 Level 0.500000 
T7 Level 2.899559 
Opening PU8
ITERATION 326 ------------- 
T5 Level 0.500000 
T7 Level 2.790142 
Opening PU8
ITERATION 327 ------------- 
T5 Level 0.500000 
T7 Level 2.790142 
Opening PU8
ITERATION 328 ------------- 
T5 Level 0.500000 
T7 Level 2.790142 
Opening PU8
ITERATION 329 ------------- 
T5 Level 0.500000 
T7 Level 2.681032 
Opening PU8
ITERATION 330 ------------- 
T5 Level 0.500000 
T7 Level 2.681032 
Opening PU8
ITERATION 331 ------------- 
T5 Level 0.500000 
T7 Level 2.681032 
Opening PU8
ITERATION 332 ------------- 
T5 Level 0.500000 
T7 Level 2.572226 
Opening PU8
ITERATION 333 ------------- 
T5 Level 0.500000 
T7 Level 2.572226 
Opening PU8
ITERATION 334 ------------- 
T5 Level 0.500000 
T7 Level 2.572226 
Opening PU8
ITERATION 335 ------------- 
T5 Level 0.500000 
T7 Level 2.463721 
Opening PU8
Opening PU10
ITERATION 336 ------------- 
T5 Level 0.500000 
T7 Level 2.463721 
Opening PU8
Opening PU10
ITERATION 337 ------------- 
T5 Level 0.500000 
T7 Level 2.463721 
Opening PU8
Opening PU10
ITERATION 338 ------------- 
T5 Level 0.500000 
T7 Level 2.334170 
Opening PU8
Opening PU10
ITERATION 339 ------------- 
T5 Level 0.500000 
T7 Level 2.334170 
Opening PU8
Opening PU10
ITERATION 340 ------------- 
T5 Level 0.500000 
T7 Level 2.204946 
Opening PU8
Opening PU10
ITERATION 341 ------------- 
T5 Level 0.500000 
T7 Level 2.204946 
Opening PU8
Opening PU10
ITERATION 342 ------------- 
T5 Level 0.500000 
T7 Level 2.204946 
Opening PU8
Opening PU10
ITERATION 343 ------------- 
T5 Level 0.500000 
T7 Level 2.242191 
Opening PU8
Opening PU10
ITERATION 344 ------------- 
T5 Level 0.500000 
T7 Level 2.242191 
Opening PU8
Opening PU10
ITERATION 345 ------------- 
T5 Level 0.500000 
T7 Level 2.242191 
Opening PU8
Opening PU10
ITERATION 346 ------------- 
T5 Level 0.500000 
T7 Level 2.279347 
Opening PU8
Opening PU10
ITERATION 347 ------------- 
T5 Level 0.500000 
T7 Level 2.279347 
Opening PU8
Opening PU10
ITERATION 348 ------------- 
T5 Level 0.500000 
T7 Level 2.279347 
Opening PU8
Opening PU10
ITERATION 349 ------------- 
T5 Level 0.500000 
T7 Level 2.316416 
Opening PU8
Opening PU10
ITERATION 350 ------------- 
T5 Level 0.500000 
T7 Level 2.316416 
Opening PU8
Opening PU10
ITERATION 351 ------------- 
T5 Level 0.500000 
T7 Level 2.316416 
Opening PU8
Opening PU10
ITERATION 352 ------------- 
T5 Level 0.500000 
T7 Level 2.353396 
Opening PU8
Opening PU10
ITERATION 353 ------------- 
T5 Level 0.500000 
T7 Level 2.353396 
Opening PU8
Opening PU10
ITERATION 354 ------------- 
T5 Level 0.500000 
T7 Level 2.353396 
Opening PU8
Opening PU10
ITERATION 355 ------------- 
T5 Level 0.500000 
T7 Level 2.390290 
Opening PU8
Opening PU10
ITERATION 356 ------------- 
T5 Level 0.500000 
T7 Level 2.390290 
Opening PU8
Opening PU10
ITERATION 357 ------------- 
T5 Level 0.500000 
T7 Level 2.390290 
Opening PU8
Opening PU10
ITERATION 358 ------------- 
T5 Level 0.500000 
T7 Level 2.427097 
Opening PU8
Opening PU10
ITERATION 359 ------------- 
T5 Level 0.500000 
T7 Level 2.427097 
Opening PU8
Opening PU10
ITERATION 360 ------------- 
T5 Level 0.500000 
T7 Level 2.427097 
Opening PU8
Opening PU10
ITERATION 361 ------------- 
T5 Level 0.500000 
T7 Level 2.427097 
Opening PU8
Opening PU10
ITERATION 362 ------------- 
T5 Level 0.500000 
T7 Level 2.463817 
Opening PU8
Opening PU10
ITERATION 363 ------------- 
T5 Level 0.500000 
T7 Level 2.463817 
Opening PU8
Opening PU10
ITERATION 364 ------------- 
T5 Level 0.500000 
T7 Level 2.463817 
Opening PU8
Opening PU10
ITERATION 365 ------------- 
T5 Level 0.500000 
T7 Level 2.500451 
Opening PU8
ITERATION 366 ------------- 
T5 Level 0.500000 
T7 Level 2.500451 
Opening PU8
ITERATION 367 ------------- 
T5 Level 0.500000 
T7 Level 2.500451 
Opening PU8
ITERATION 368 ------------- 
T5 Level 0.500000 
T7 Level 2.537000 
Opening PU8
ITERATION 369 ------------- 
T5 Level 0.500000 
T7 Level 2.537000 
Opening PU8
ITERATION 370 ------------- 
T5 Level 0.500000 
T7 Level 2.537000 
Opening PU8
ITERATION 371 ------------- 
T5 Level 0.500000 
T7 Level 2.573463 
Opening PU8
ITERATION 372 ------------- 
T5 Level 0.500000 
T7 Level 2.573463 
Opening PU8
ITERATION 373 ------------- 
T5 Level 0.500000 
T7 Level 2.573463 
Opening PU8
ITERATION 374 ------------- 
T5 Level 0.500000 
T7 Level 2.622442 
Opening PU8
ITERATION 375 ------------- 
T5 Level 0.500000 
T7 Level 2.622442 
Opening PU8
ITERATION 376 ------------- 
T5 Level 0.500000 
T7 Level 2.622442 
Opening PU8
ITERATION 377 ------------- 
T5 Level 0.500000 
T7 Level 2.671302 
Opening PU8
ITERATION 378 ------------- 
T5 Level 0.500000 
T7 Level 2.671302 
Opening PU8
ITERATION 379 ------------- 
T5 Level 0.500000 
T7 Level 2.671302 
Opening PU8
ITERATION 380 ------------- 
T5 Level 0.500000 
T7 Level 2.720042 
Opening PU8
ITERATION 381 ------------- 
T5 Level 0.500000 
T7 Level 2.720042 
Opening PU8
ITERATION 382 ------------- 
T5 Level 0.500000 
T7 Level 2.720042 
Opening PU8
ITERATION 383 ------------- 
T5 Level 0.500000 
T7 Level 2.768663 
Opening PU8
ITERATION 384 ------------- 
T5 Level 0.500000 
T7 Level 2.768663 
Opening PU8
ITERATION 385 ------------- 
T5 Level 0.500000 
T7 Level 2.768663 
Opening PU8
ITERATION 386 ------------- 
T5 Level 0.500000 
T7 Level 2.768663 
Opening PU8
ITERATION 387 ------------- 
T5 Level 0.500000 
T7 Level 2.817165 
Opening PU8
ITERATION 388 ------------- 
T5 Level 0.500000 
T7 Level 2.817165 
Opening PU8
ITERATION 389 ------------- 
T5 Level 0.500000 
T7 Level 2.817165 
Opening PU8
ITERATION 390 ------------- 
T5 Level 0.500000 
T7 Level 2.865550 
Opening PU8
ITERATION 391 ------------- 
T5 Level 0.500000 
T7 Level 2.865550 
Opening PU8
ITERATION 392 ------------- 
T5 Level 0.500000 
T7 Level 2.865550 
Opening PU8
ITERATION 393 ------------- 
T5 Level 0.500000 
T7 Level 2.913817 
Opening PU8
ITERATION 394 ------------- 
T5 Level 0.500000 
T7 Level 2.913817 
Opening PU8
ITERATION 395 ------------- 
T5 Level 0.500000 
T7 Level 2.913817 
Opening PU8
ITERATION 396 ------------- 
T5 Level 0.500000 
T7 Level 2.961968 
Opening PU8
ITERATION 397 ------------- 
T5 Level 0.500000 
T7 Level 2.961968 
Opening PU8
ITERATION 398 ------------- 
T5 Level 0.500000 
T7 Level 3.010002 
Opening PU8
Closing PU11
ITERATION 399 ------------- 
T5 Level 0.500000 
T7 Level 3.010002 
Opening PU8
Closing PU11
ITERATION 400 ------------- 
T5 Level 0.500000 
T7 Level 3.010002 
Opening PU8
Closing PU11
ITERATION 401 ------------- 
T5 Level 0.500000 
T7 Level 3.057920 
Opening PU8
Closing PU11
ITERATION 402 ------------- 
T5 Level 0.500000 
T7 Level 3.057920 
Opening PU8
Closing PU11
ITERATION 403 ------------- 
T5 Level 0.500000 
T7 Level 3.057920 
Opening PU8
Closing PU11
ITERATION 404 ------------- 
T5 Level 0.500000 
T7 Level 3.057920 
Opening PU8
Closing PU11
ITERATION 405 ------------- 
T5 Level 0.500000 
T7 Level 3.105722 
Opening PU8
Closing PU11
ITERATION 406 ------------- 
T5 Level 0.500000 
T7 Level 3.105722 
Opening PU8
Closing PU11
ITERATION 407 ------------- 
T5 Level 0.500000 
T7 Level 3.105722 
Opening PU8
Closing PU11
ITERATION 408 ------------- 
T5 Level 0.500000 
T7 Level 3.153410 
Opening PU8
Closing PU11
ITERATION 409 ------------- 
T5 Level 0.500000 
T7 Level 3.153410 
Opening PU8
Closing PU11
ITERATION 410 ------------- 
T5 Level 0.500000 
T7 Level 3.187795 
Opening PU8
Closing PU11
ITERATION 411 ------------- 
T5 Level 0.500000 
T7 Level 3.187795 
Opening PU8
Closing PU11
ITERATION 412 ------------- 
T5 Level 0.500000 
T7 Level 3.187795 
Opening PU8
Closing PU11
ITERATION 413 ------------- 
T5 Level 0.500000 
T7 Level 3.222102 
Opening PU8
Closing PU11
ITERATION 414 ------------- 
T5 Level 0.500000 
T7 Level 3.222102 
Opening PU8
Closing PU11
ITERATION 415 ------------- 
T5 Level 0.500000 
T7 Level 3.222102 
Opening PU8
Closing PU11
ITERATION 416 ------------- 
T5 Level 0.500000 
T7 Level 3.256333 
Opening PU8
Closing PU11
ITERATION 417 ------------- 
T5 Level 0.500000 
T7 Level 3.256333 
Opening PU8
Closing PU11
ITERATION 418 ------------- 
T5 Level 0.500000 
T7 Level 3.256333 
Opening PU8
Closing PU11
ITERATION 419 ------------- 
T5 Level 0.500000 
T7 Level 3.290487 
Opening PU8
Closing PU11
ITERATION 420 ------------- 
T5 Level 0.500000 
T7 Level 3.290487 
Opening PU8
Closing PU11
ITERATION 421 ------------- 
T5 Level 0.500000 
T7 Level 3.290487 
Opening PU8
Closing PU11
ITERATION 422 ------------- 
T5 Level 0.500000 
T7 Level 3.290487 
Opening PU8
Closing PU11
ITERATION 423 ------------- 
T5 Level 0.500000 
T7 Level 3.324565 
Opening PU8
Closing PU11
ITERATION 424 ------------- 
T5 Level 0.500000 
T7 Level 3.324565 
Opening PU8
Closing PU11
ITERATION 425 ------------- 
T5 Level 0.500000 
T7 Level 3.324565 
Opening PU8
Closing PU11
ITERATION 426 ------------- 
T5 Level 0.500000 
T7 Level 3.358567 
Opening PU8
Closing PU11
ITERATION 427 ------------- 
T5 Level 0.500000 
T7 Level 3.358567 
Opening PU8
Closing PU11
ITERATION 428 ------------- 
T5 Level 0.500000 
T7 Level 3.358567 
Opening PU8
Closing PU11
ITERATION 429 ------------- 
T5 Level 0.500000 
T7 Level 3.392494 
Opening PU8
Closing PU11
ITERATION 430 ------------- 
T5 Level 0.500000 
T7 Level 3.392494 
Opening PU8
Closing PU11
ITERATION 431 ------------- 
T5 Level 0.500000 
T7 Level 3.392494 
Opening PU8
Closing PU11
ITERATION 432 ------------- 
T5 Level 0.500000 
T7 Level 3.426345 
Opening PU8
Closing PU11
ITERATION 433 ------------- 
T5 Level 0.500000 
T7 Level 3.426345 
Opening PU8
Closing PU11
ITERATION 434 ------------- 
T5 Level 0.500000 
T7 Level 3.426345 
Opening PU8
Closing PU11
ITERATION 435 ------------- 
T5 Level 0.500000 
T7 Level 3.460122 
Opening PU8
Closing PU11
ITERATION 436 ------------- 
T5 Level 0.500000 
T7 Level 3.460122 
Opening PU8
Closing PU11
ITERATION 437 ------------- 
T5 Level 0.500000 
T7 Level 3.460122 
Opening PU8
Closing PU11
ITERATION 438 ------------- 
T5 Level 0.500000 
T7 Level 3.493824 
Opening PU8
Closing PU11
ITERATION 439 ------------- 
T5 Level 0.500000 
T7 Level 3.493824 
Opening PU8
Closing PU11
ITERATION 440 ------------- 
T5 Level 0.500000 
T7 Level 3.493824 
Opening PU8
Closing PU11
ITERATION 441 ------------- 
T5 Level 0.500000 
T7 Level 3.527452 
Opening PU8
Closing PU11
ITERATION 442 ------------- 
T5 Level 0.500000 
T7 Level 3.527452 
Opening PU8
Closing PU11
ITERATION 443 ------------- 
T5 Level 0.500000 
T7 Level 3.527452 
Opening PU8
Closing PU11
ITERATION 444 ------------- 
T5 Level 0.500000 
T7 Level 3.561007 
Opening PU8
Closing PU11
ITERATION 445 ------------- 
T5 Level 0.500000 
T7 Level 3.561007 
Opening PU8
Closing PU11
ITERATION 446 ------------- 
T5 Level 0.500000 
T7 Level 3.561007 
Opening PU8
Closing PU11
ITERATION 447 ------------- 
T5 Level 0.500000 
T7 Level 3.605531 
Opening PU8
Closing PU11
ITERATION 448 ------------- 
T5 Level 0.500000 
T7 Level 3.605531 
Opening PU8
Closing PU11
ITERATION 449 ------------- 
T5 Level 0.500000 
T7 Level 3.605531 
Opening PU8
Closing PU11
ITERATION 450 ------------- 
T5 Level 0.500000 
T7 Level 3.605531 
Opening PU8
Closing PU11
ITERATION 451 ------------- 
T5 Level 0.500000 
T7 Level 3.649952 
Opening PU8
Closing PU11
ITERATION 452 ------------- 
T5 Level 0.500000 
T7 Level 3.649952 
Opening PU8
Closing PU11
ITERATION 453 ------------- 
T5 Level 0.500000 
T7 Level 3.694271 
Opening PU8
Closing PU11
ITERATION 454 ------------- 
T5 Level 0.500000 
T7 Level 3.694271 
Opening PU8
Closing PU11
ITERATION 455 ------------- 
T5 Level 0.500000 
T7 Level 3.694271 
Opening PU8
Closing PU11
ITERATION 456 ------------- 
T5 Level 0.500000 
T7 Level 3.738488 
Opening PU8
Closing PU11
ITERATION 457 ------------- 
T5 Level 0.500000 
T7 Level 3.738488 
Opening PU8
Closing PU11
ITERATION 458 ------------- 
T5 Level 0.500000 
T7 Level 3.738488 
Opening PU8
Closing PU11
ITERATION 459 ------------- 
T5 Level 0.500000 
T7 Level 3.738488 
Opening PU8
Closing PU11
ITERATION 460 ------------- 
T5 Level 0.500000 
T7 Level 3.782605 
Opening PU8
Closing PU11
ITERATION 461 ------------- 
T5 Level 0.500000 
T7 Level 3.782605 
Opening PU8
Closing PU11
ITERATION 462 ------------- 
T5 Level 0.500000 
T7 Level 3.782605 
Opening PU8
Closing PU11
ITERATION 463 ------------- 
T5 Level 0.500000 
T7 Level 3.826620 
Opening PU8
Closing PU11
ITERATION 464 ------------- 
T5 Level 0.500000 
T7 Level 3.826620 
Opening PU8
Closing PU11
ITERATION 465 ------------- 
T5 Level 0.500000 
T7 Level 3.826620 
Opening PU8
Closing PU11
ITERATION 466 ------------- 
T5 Level 0.500000 
T7 Level 3.870535 
Opening PU8
Closing PU11
ITERATION 467 ------------- 
T5 Level 0.500000 
T7 Level 3.870535 
Opening PU8
Closing PU11
ITERATION 468 ------------- 
T5 Level 0.500000 
T7 Level 3.870535 
Opening PU8
Closing PU11
ITERATION 469 ------------- 
T5 Level 0.500000 
T7 Level 3.914351 
Opening PU8
Closing PU11
ITERATION 470 ------------- 
T5 Level 0.500000 
T7 Level 3.914351 
Opening PU8
Closing PU11
ITERATION 471 ------------- 
T5 Level 0.500000 
T7 Level 3.914351 
Opening PU8
Closing PU11
ITERATION 472 ------------- 
T5 Level 0.500000 
T7 Level 3.958067 
Opening PU8
Closing PU11
ITERATION 473 ------------- 
T5 Level 0.500000 
T7 Level 3.958067 
Opening PU8
Closing PU11
ITERATION 474 ------------- 
T5 Level 0.500000 
T7 Level 3.958067 
Opening PU8
Closing PU11
ITERATION 475 ------------- 
T5 Level 0.500000 
T7 Level 4.001826 
Opening PU8
Closing PU11
ITERATION 476 ------------- 
T5 Level 0.500000 
T7 Level 4.001826 
Opening PU8
Closing PU11
ITERATION 477 ------------- 
T5 Level 0.500000 
T7 Level 4.001826 
Opening PU8
Closing PU11
ITERATION 478 ------------- 
T5 Level 0.500000 
T7 Level 4.045497 
Opening PU8
Closing PU11
ITERATION 479 ------------- 
T5 Level 0.500000 
T7 Level 4.045497 
Opening PU8
Closing PU11
ITERATION 480 ------------- 
T5 Level 0.500000 
T7 Level 4.045497 
Opening PU8
Closing PU11
ITERATION 481 ------------- 
T5 Level 0.500000 
T7 Level 4.045497 
Opening PU8
Closing PU11
ITERATION 482 ------------- 
T5 Level 0.500000 
T7 Level 4.089078 
Opening PU8
Closing PU11
ITERATION 483 ------------- 
T5 Level 0.500000 
T7 Level 4.089078 
Opening PU8
Closing PU11
ITERATION 484 ------------- 
T5 Level 0.500000 
T7 Level 4.089078 
Opening PU8
Closing PU11
ITERATION 485 ------------- 
T5 Level 0.500000 
T7 Level 4.089078 
Opening PU8
Closing PU11
ITERATION 486 ------------- 
T5 Level 0.500000 
T7 Level 4.141772 
Opening PU8
Closing PU11
ITERATION 487 ------------- 
T5 Level 0.500000 
T7 Level 4.141772 
Opening PU8
Closing PU11
ITERATION 488 ------------- 
T5 Level 0.500000 
T7 Level 4.194355 
Opening PU8
Closing PU11
ITERATION 489 ------------- 
T5 Level 0.500000 
T7 Level 4.194355 
Opening PU8
Closing PU11
ITERATION 490 ------------- 
T5 Level 0.500000 
T7 Level 4.194355 
Opening PU8
Closing PU11
ITERATION 491 ------------- 
T5 Level 0.500000 
T7 Level 4.194355 
Opening PU8
Closing PU11
ITERATION 492 ------------- 
T5 Level 0.500000 
T7 Level 4.205200 
Opening PU8
Closing PU11
ITERATION 493 ------------- 
T5 Level 0.500000 
T7 Level 4.205200 
Opening PU8
Closing PU11
ITERATION 494 ------------- 
T5 Level 0.500000 
T7 Level 4.205200 
Opening PU8
Closing PU11
ITERATION 495 ------------- 
T5 Level 0.500000 
T7 Level 4.269661 
Opening PU8
Closing PU11
ITERATION 496 ------------- 
T5 Level 0.500000 
T7 Level 4.269661 
Opening PU8
Closing PU11
ITERATION 497 ------------- 
T5 Level 0.500000 
T7 Level 4.269661 
Opening PU8
Closing PU11
ITERATION 498 ------------- 
T5 Level 0.500000 
T7 Level 4.350813 
Opening PU8
Closing PU11
ITERATION 499 ------------- 
T5 Level 0.500000 
T7 Level 4.350813 
Opening PU8
Closing PU11
ITERATION 500 ------------- 
T5 Level 0.500000 
T7 Level 4.350813 
Opening PU8
Closing PU11
ITERATION 501 ------------- 
T5 Level 0.500000 
T7 Level 4.350813 
Opening PU8
Closing PU11
ITERATION 502 ------------- 
T5 Level 0.500000 
T7 Level 4.431836 
Opening PU8
Closing PU11
ITERATION 503 ------------- 
T5 Level 0.500000 
T7 Level 4.431836 
Opening PU8
Closing PU11
ITERATION 504 ------------- 
T5 Level 0.500000 
T7 Level 4.431836 
Opening PU8
Closing PU11
ITERATION 505 ------------- 
T5 Level 0.500000 
T7 Level 4.512730 
Opening PU8
Closing PU11
ITERATION 506 ------------- 
T5 Level 0.500000 
T7 Level 4.512730 
Opening PU8
Closing PU11
ITERATION 507 ------------- 
T5 Level 0.500000 
T7 Level 4.512730 
Opening PU8
Closing PU11
ITERATION 508 ------------- 
T5 Level 0.500000 
T7 Level 4.593496 
Opening PU8
Closing PU11
ITERATION 509 ------------- 
T5 Level 0.500000 
T7 Level 4.593496 
Opening PU8
Closing PU11
ITERATION 510 ------------- 
T5 Level 0.500000 
T7 Level 4.593496 
Opening PU8
Closing PU11
ITERATION 511 ------------- 
T5 Level 0.500000 
T7 Level 4.674135 
Opening PU8
Closing PU11
ITERATION 512 ------------- 
T5 Level 0.500000 
T7 Level 4.674135 
Opening PU8
Closing PU11
ITERATION 513 ------------- 
T5 Level 0.500000 
T7 Level 4.674135 
Opening PU8
Closing PU11
ITERATION 514 ------------- 
T5 Level 0.500000 
T7 Level 4.754646 
Opening PU8
Closing PU11
ITERATION 515 ------------- 
T5 Level 0.500000 
T7 Level 4.754646 
Opening PU8
Closing PU11
ITERATION 516 ------------- 
T5 Level 0.500000 
T7 Level 4.754646 
Opening PU8
Closing PU11
ITERATION 517 ------------- 
T5 Level 0.500000 
T7 Level 4.835031 
Opening PU8
Closing PU10
Closing PU11
ITERATION 518 ------------- 
T5 Level 0.500000 
T7 Level 4.835031 
Opening PU8
Closing PU10
Closing PU11
ITERATION 519 ------------- 
T5 Level 0.500000 
T7 Level 4.835031 
Opening PU8
Closing PU10
Closing PU11
ITERATION 520 ------------- 
T5 Level 0.500000 
T7 Level 4.915288 
Opening PU8
Closing PU10
Closing PU11
ITERATION 521 ------------- 
T5 Level 0.500000 
T7 Level 4.915288 
Opening PU8
Closing PU10
Closing PU11
ITERATION 522 ------------- 
T5 Level 0.500000 
T7 Level 4.915288 
Opening PU8
Closing PU10
Closing PU11
ITERATION 523 ------------- 
T5 Level 0.500000 
T7 Level 4.995420 
Opening PU8
Closing PU10
Closing PU11
ITERATION 524 ------------- 
T5 Level 0.500000 
T7 Level 4.995420 
Opening PU8
Closing PU10
Closing PU11
ITERATION 525 ------------- 
T5 Level 0.500000 
T7 Level 4.995420 
Opening PU8
Closing PU10
Closing PU11
ITERATION 526 ------------- 
T5 Level 0.500000 
T7 Level 4.892891 
Opening PU8
Closing PU10
Closing PU11
ITERATION 527 ------------- 
T5 Level 0.500000 
T7 Level 4.892891 
Opening PU8
Closing PU10
Closing PU11
ITERATION 528 ------------- 
T5 Level 0.500000 
T7 Level 4.790701 
Opening PU8
Closing PU11
ITERATION 529 ------------- 
T5 Level 0.500000 
T7 Level 4.790701 
Opening PU8
Closing PU11
ITERATION 530 ------------- 
T5 Level 0.500000 
T7 Level 4.790701 
Opening PU8
Closing PU11
ITERATION 531 ------------- 
T5 Level 0.500000 
T7 Level 4.688845 
Opening PU8
Closing PU11
ITERATION 532 ------------- 
T5 Level 0.500000 
T7 Level 4.688845 
Opening PU8
Closing PU11
ITERATION 533 ------------- 
T5 Level 0.500000 
T7 Level 4.688845 
Opening PU8
Closing PU11
ITERATION 534 ------------- 
T5 Level 0.500000 
T7 Level 4.587318 
Opening PU8
Closing PU11
ITERATION 535 ------------- 
T5 Level 0.500000 
T7 Level 4.587318 
Opening PU8
Closing PU11
ITERATION 536 ------------- 
T5 Level 0.500000 
T7 Level 4.587318 
Opening PU8
Closing PU11
ITERATION 537 ------------- 
T5 Level 0.500000 
T7 Level 4.587318 
Opening PU8
Closing PU11
ITERATION 538 ------------- 
T5 Level 0.500000 
T7 Level 4.486117 
Opening PU8
Closing PU11
ITERATION 539 ------------- 
T5 Level 0.500000 
T7 Level 4.486117 
Opening PU8
Closing PU11
ITERATION 540 ------------- 
T5 Level 0.500000 
T7 Level 4.486117 
Opening PU8
Closing PU11
ITERATION 541 ------------- 
T5 Level 0.500000 
T7 Level 4.385238 
Opening PU8
Closing PU11
ITERATION 542 ------------- 
T5 Level 0.500000 
T7 Level 4.385238 
Opening PU8
Closing PU11
ITERATION 543 ------------- 
T5 Level 0.500000 
T7 Level 4.385238 
Opening PU8
Closing PU11
ITERATION 544 ------------- 
T5 Level 0.500000 
T7 Level 4.284677 
Opening PU8
Closing PU11
ITERATION 545 ------------- 
T5 Level 0.500000 
T7 Level 4.284677 
Opening PU8
Closing PU11
ITERATION 546 ------------- 
T5 Level 0.500000 
T7 Level 4.284677 
Opening PU8
Closing PU11
ITERATION 547 ------------- 
T5 Level 0.500000 
T7 Level 4.184430 
Opening PU8
Closing PU11
ITERATION 548 ------------- 
T5 Level 0.500000 
T7 Level 4.184430 
Opening PU8
Closing PU11
ITERATION 549 ------------- 
T5 Level 0.500000 
T7 Level 4.184430 
Opening PU8
Closing PU11
ITERATION 550 ------------- 
T5 Level 0.500000 
T7 Level 4.084495 
Opening PU8
Closing PU11
ITERATION 551 ------------- 
T5 Level 0.500000 
T7 Level 4.084495 
Opening PU8
Closing PU11
ITERATION 552 ------------- 
T5 Level 0.500000 
T7 Level 4.084495 
Opening PU8
Closing PU11
ITERATION 553 ------------- 
T5 Level 0.500000 
T7 Level 4.084495 
Opening PU8
Closing PU11
ITERATION 554 ------------- 
T5 Level 0.500000 
T7 Level 3.984867 
Opening PU8
Closing PU11
ITERATION 555 ------------- 
T5 Level 0.500000 
T7 Level 3.984867 
Opening PU8
Closing PU11
ITERATION 556 ------------- 
T5 Level 0.500000 
T7 Level 3.984867 
Opening PU8
Closing PU11
ITERATION 557 ------------- 
T5 Level 0.500000 
T7 Level 3.885544 
Opening PU8
Closing PU11
ITERATION 558 ------------- 
T5 Level 0.500000 
T7 Level 3.885544 
Opening PU8
Closing PU11
ITERATION 559 ------------- 
T5 Level 0.500000 
T7 Level 3.885544 
Opening PU8
Closing PU11
ITERATION 560 ------------- 
T5 Level 0.500000 
T7 Level 3.786521 
Opening PU8
Closing PU11
ITERATION 561 ------------- 
T5 Level 0.500000 
T7 Level 3.786521 
Opening PU8
Closing PU11
ITERATION 562 ------------- 
T5 Level 0.500000 
T7 Level 3.786521 
Opening PU8
Closing PU11
ITERATION 563 ------------- 
T5 Level 0.500000 
T7 Level 3.786521 
Opening PU8
Closing PU11
ITERATION 564 ------------- 
T5 Level 0.500000 
T7 Level 3.691633 
Opening PU8
Closing PU11
ITERATION 565 ------------- 
T5 Level 0.500000 
T7 Level 3.691633 
Opening PU8
Closing PU11
ITERATION 566 ------------- 
T5 Level 0.500000 
T7 Level 3.691633 
Opening PU8
Closing PU11
ITERATION 567 ------------- 
T5 Level 0.500000 
T7 Level 3.597035 
Opening PU8
Closing PU11
ITERATION 568 ------------- 
T5 Level 0.500000 
T7 Level 3.597035 
Opening PU8
Closing PU11
ITERATION 569 ------------- 
T5 Level 0.500000 
T7 Level 3.502723 
Opening PU8
Closing PU11
ITERATION 570 ------------- 
T5 Level 0.500000 
T7 Level 3.502723 
Opening PU8
Closing PU11
ITERATION 571 ------------- 
T5 Level 0.500000 
T7 Level 3.502723 
Opening PU8
Closing PU11
ITERATION 572 ------------- 
T5 Level 0.500000 
T7 Level 3.502723 
Opening PU8
Closing PU11
ITERATION 573 ------------- 
T5 Level 0.500000 
T7 Level 3.408693 
Opening PU8
Closing PU11
ITERATION 574 ------------- 
T5 Level 0.500000 
T7 Level 3.408693 
Opening PU8
Closing PU11
ITERATION 575 ------------- 
T5 Level 0.500000 
T7 Level 3.408693 
Opening PU8
Closing PU11
ITERATION 576 ------------- 
T5 Level 0.500000 
T7 Level 3.314944 
Opening PU8
Closing PU11
ITERATION 577 ------------- 
T5 Level 0.500000 
T7 Level 3.314944 
Opening PU8
Closing PU11
ITERATION 578 ------------- 
T5 Level 0.500000 
T7 Level 3.314944 
Opening PU8
Closing PU11
ITERATION 579 ------------- 
T5 Level 0.500000 
T7 Level 3.221472 
Opening PU8
Closing PU11
ITERATION 580 ------------- 
T5 Level 0.500000 
T7 Level 3.221472 
Opening PU8
Closing PU11
ITERATION 581 ------------- 
T5 Level 0.500000 
T7 Level 3.221472 
Opening PU8
Closing PU11
ITERATION 582 ------------- 
T5 Level 0.500000 
T7 Level 3.128275 
Opening PU8
Closing PU11
ITERATION 583 ------------- 
T5 Level 0.500000 
T7 Level 3.128275 
Opening PU8
Closing PU11
ITERATION 584 ------------- 
T5 Level 0.500000 
T7 Level 3.128275 
Opening PU8
Closing PU11
ITERATION 585 ------------- 
T5 Level 0.500000 
T7 Level 3.035349 
Opening PU8
Closing PU11
ITERATION 586 ------------- 
T5 Level 0.500000 
T7 Level 3.035349 
Opening PU8
Closing PU11
ITERATION 587 ------------- 
T5 Level 0.500000 
T7 Level 3.035349 
Opening PU8
Closing PU11
ITERATION 588 ------------- 
T5 Level 0.500000 
T7 Level 2.942693 
Opening PU8
ITERATION 589 ------------- 
T5 Level 0.500000 
T7 Level 2.942693 
Opening PU8
ITERATION 590 ------------- 
T5 Level 0.500000 
T7 Level 2.942693 
Opening PU8
ITERATION 591 ------------- 
T5 Level 0.500000 
T7 Level 2.942693 
Opening PU8
ITERATION 592 ------------- 
T5 Level 0.500000 
T7 Level 2.850304 
Opening PU8
ITERATION 593 ------------- 
T5 Level 0.500000 
T7 Level 2.850304 
Opening PU8
ITERATION 594 ------------- 
T5 Level 0.500000 
T7 Level 2.850304 
Opening PU8
ITERATION 595 ------------- 
T5 Level 0.500000 
T7 Level 2.758178 
Opening PU8
ITERATION 596 ------------- 
T5 Level 0.500000 
T7 Level 2.758178 
Opening PU8
ITERATION 597 ------------- 
T5 Level 0.500000 
T7 Level 2.758178 
Opening PU8
ITERATION 598 ------------- 
T5 Level 0.500000 
T7 Level 2.666314 
Opening PU8
ITERATION 599 ------------- 
T5 Level 0.500000 
T7 Level 2.666314 
Opening PU8
ITERATION 600 ------------- 
T5 Level 0.500000 
T7 Level 2.666314 
Opening PU8
ITERATION 601 ------------- 
T5 Level 0.500000 
T7 Level 2.522904 
Opening PU8
ITERATION 602 ------------- 
T5 Level 0.500000 
T7 Level 2.522904 
Opening PU8
ITERATION 603 ------------- 
T5 Level 0.500000 
T7 Level 2.522904 
Opening PU8
ITERATION 604 ------------- 
T5 Level 0.500000 
T7 Level 2.379833 
Opening PU8
Opening PU10
ITERATION 605 ------------- 
T5 Level 0.500000 
T7 Level 2.379833 
Opening PU8
Opening PU10
ITERATION 606 ------------- 
T5 Level 0.500000 
T7 Level 2.379833 
Opening PU8
Opening PU10
ITERATION 607 ------------- 
T5 Level 0.500000 
T7 Level 2.237097 
Opening PU8
Opening PU10
ITERATION 608 ------------- 
T5 Level 0.500000 
T7 Level 2.237097 
Opening PU8
Opening PU10
ITERATION 609 ------------- 
T5 Level 0.500000 
T7 Level 2.237097 
Opening PU8
Opening PU10
ITERATION 610 ------------- 
T5 Level 0.500000 
T7 Level 2.094697 
Opening PU8
Opening PU10
ITERATION 611 ------------- 
T5 Level 0.500000 
T7 Level 2.094697 
Opening PU8
Opening PU10
ITERATION 612 ------------- 
T5 Level 0.500000 
T7 Level 2.094697 
Opening PU8
Opening PU10
ITERATION 613 ------------- 
T5 Level 0.500000 
T7 Level 2.124269 
Opening PU8
Opening PU10
ITERATION 614 ------------- 
T5 Level 0.500000 
T7 Level 2.124269 
Opening PU8
Opening PU10
ITERATION 615 ------------- 
T5 Level 0.500000 
T7 Level 2.124269 
Opening PU8
Opening PU10
ITERATION 616 ------------- 
T5 Level 0.500000 
T7 Level 2.153807 
Opening PU8
Opening PU10
ITERATION 617 ------------- 
T5 Level 0.500000 
T7 Level 2.153807 
Opening PU8
Opening PU10
ITERATION 618 ------------- 
T5 Level 0.500000 
T7 Level 2.153807 
Opening PU8
Opening PU10
ITERATION 619 ------------- 
T5 Level 0.500000 
T7 Level 2.183312 
Opening PU8
Opening PU10
ITERATION 620 ------------- 
T5 Level 0.500000 
T7 Level 2.183312 
Opening PU8
Opening PU10
ITERATION 621 ------------- 
T5 Level 0.500000 
T7 Level 2.183312 
Opening PU8
Opening PU10
ITERATION 622 ------------- 
T5 Level 0.500000 
T7 Level 2.212783 
Opening PU8
Opening PU10
ITERATION 623 ------------- 
T5 Level 0.500000 
T7 Level 2.212783 
Opening PU8
Opening PU10
ITERATION 624 ------------- 
T5 Level 0.500000 
T7 Level 2.212783 
Opening PU8
Opening PU10
ITERATION 625 ------------- 
T5 Level 0.500000 
T7 Level 2.212783 
Opening PU8
Opening PU10
ITERATION 626 ------------- 
T5 Level 0.500000 
T7 Level 2.242221 
Opening PU8
Opening PU10
ITERATION 627 ------------- 
T5 Level 0.500000 
T7 Level 2.242221 
Opening PU8
Opening PU10
ITERATION 628 ------------- 
T5 Level 0.500000 
T7 Level 2.242221 
Opening PU8
Opening PU10
ITERATION 629 ------------- 
T5 Level 0.500000 
T7 Level 2.271626 
Opening PU8
Opening PU10
ITERATION 630 ------------- 
T5 Level 0.500000 
T7 Level 2.271626 
Opening PU8
Opening PU10
ITERATION 631 ------------- 
T5 Level 0.500000 
T7 Level 2.271626 
Opening PU8
Opening PU10
ITERATION 632 ------------- 
T5 Level 0.500000 
T7 Level 2.300997 
Opening PU8
Opening PU10
ITERATION 633 ------------- 
T5 Level 0.500000 
T7 Level 2.300997 
Opening PU8
Opening PU10
ITERATION 634 ------------- 
T5 Level 0.500000 
T7 Level 2.300997 
Opening PU8
Opening PU10
ITERATION 635 ------------- 
T5 Level 0.500000 
T7 Level 2.330337 
Opening PU8
Opening PU10
ITERATION 636 ------------- 
T5 Level 0.500000 
T7 Level 2.330337 
Opening PU8
Opening PU10
ITERATION 637 ------------- 
T5 Level 0.500000 
T7 Level 2.330337 
Opening PU8
Opening PU10
ITERATION 638 ------------- 
T5 Level 0.500000 
T7 Level 2.393560 
Opening PU8
Opening PU10
ITERATION 639 ------------- 
T5 Level 0.500000 
T7 Level 2.393560 
Opening PU8
Opening PU10
ITERATION 640 ------------- 
T5 Level 0.500000 
T7 Level 2.393560 
Opening PU8
Opening PU10
ITERATION 641 ------------- 
T5 Level 0.500000 
T7 Level 2.456662 
Opening PU8
Opening PU10
ITERATION 642 ------------- 
T5 Level 0.500000 
T7 Level 2.456662 
Opening PU8
Opening PU10
ITERATION 643 ------------- 
T5 Level 0.500000 
T7 Level 2.456662 
Opening PU8
Opening PU10
ITERATION 644 ------------- 
T5 Level 0.500000 
T7 Level 2.519644 
Opening PU8
ITERATION 645 ------------- 
T5 Level 0.500000 
T7 Level 2.519644 
Opening PU8
ITERATION 646 ------------- 
T5 Level 0.500000 
T7 Level 2.519644 
Opening PU8
ITERATION 647 ------------- 
T5 Level 0.500000 
T7 Level 2.582505 
Opening PU8
ITERATION 648 ------------- 
T5 Level 0.500000 
T7 Level 2.582505 
Opening PU8
ITERATION 649 ------------- 
T5 Level 0.500000 
T7 Level 2.582505 
Opening PU8
ITERATION 650 ------------- 
T5 Level 0.500000 
T7 Level 2.645247 
Opening PU8
ITERATION 651 ------------- 
T5 Level 0.500000 
T7 Level 2.645247 
Opening PU8
ITERATION 652 ------------- 
T5 Level 0.500000 
T7 Level 2.645247 
Opening PU8
ITERATION 653 ------------- 
T5 Level 0.500000 
T7 Level 2.707870 
Opening PU8
ITERATION 654 ------------- 
T5 Level 0.500000 
T7 Level 2.707870 
Opening PU8
ITERATION 655 ------------- 
T5 Level 0.500000 
T7 Level 2.707870 
Opening PU8
ITERATION 656 ------------- 
T5 Level 0.500000 
T7 Level 2.707870 
Opening PU8
ITERATION 657 ------------- 
T5 Level 0.500000 
T7 Level 2.770374 
Opening PU8
ITERATION 658 ------------- 
T5 Level 0.500000 
T7 Level 2.770374 
Opening PU8
ITERATION 659 ------------- 
T5 Level 0.500000 
T7 Level 2.770374 
Opening PU8
ITERATION 660 ------------- 
T5 Level 0.500000 
T7 Level 2.830528 
Opening PU8
ITERATION 661 ------------- 
T5 Level 0.500000 
T7 Level 2.830528 
Opening PU8
ITERATION 662 ------------- 
T5 Level 0.500000 
T7 Level 2.830528 
Opening PU8
ITERATION 663 ------------- 
T5 Level 0.500000 
T7 Level 2.890543 
Opening PU8
ITERATION 664 ------------- 
T5 Level 0.500000 
T7 Level 2.890543 
Opening PU8
ITERATION 665 ------------- 
T5 Level 0.500000 
T7 Level 2.890543 
Opening PU8
ITERATION 666 ------------- 
T5 Level 0.500000 
T7 Level 2.950419 
Opening PU8
ITERATION 667 ------------- 
T5 Level 0.500000 
T7 Level 2.950419 
Opening PU8
ITERATION 668 ------------- 
T5 Level 0.500000 
T7 Level 2.950419 
Opening PU8
ITERATION 669 ------------- 
T5 Level 0.500000 
T7 Level 3.010156 
Opening PU8
Closing PU11
ITERATION 670 ------------- 
T5 Level 0.500000 
T7 Level 3.010156 
Opening PU8
Closing PU11
ITERATION 671 ------------- 
T5 Level 0.500000 
T7 Level 3.010156 
Opening PU8
Closing PU11
ITERATION 672 ------------- 
T5 Level 0.500000 
T7 Level 3.010156 
Opening PU8
Closing PU11
ITERATION 673 ------------- 
T5 Level 0.500000 
T7 Level 3.069755 
Opening PU8
Closing PU11
ITERATION 674 ------------- 
T5 Level 0.500000 
T7 Level 3.069755 
Opening PU8
Closing PU11
ITERATION 675 ------------- 
T5 Level 0.500000 
T7 Level 3.069755 
Opening PU8
Closing PU11
ITERATION 676 ------------- 
T5 Level 0.500000 
T7 Level 3.146267 
Opening PU8
Closing PU11
ITERATION 677 ------------- 
T5 Level 0.500000 
T7 Level 3.146267 
Opening PU8
Closing PU11
ITERATION 678 ------------- 
T5 Level 0.500000 
T7 Level 3.146267 
Opening PU8
Closing PU11
ITERATION 679 ------------- 
T5 Level 0.500000 
T7 Level 3.222609 
Opening PU8
Closing PU11
ITERATION 680 ------------- 
T5 Level 0.500000 
T7 Level 3.222609 
Opening PU8
Closing PU11
ITERATION 681 ------------- 
T5 Level 0.500000 
T7 Level 3.222609 
Opening PU8
Closing PU11
ITERATION 682 ------------- 
T5 Level 0.500000 
T7 Level 3.298781 
Opening PU8
Closing PU11
ITERATION 683 ------------- 
T5 Level 0.500000 
T7 Level 3.298781 
Opening PU8
Closing PU11
ITERATION 684 ------------- 
T5 Level 0.500000 
T7 Level 3.374784 
Opening PU8
Closing PU11
ITERATION 685 ------------- 
T5 Level 0.500000 
T7 Level 3.374784 
Opening PU8
Closing PU11
ITERATION 686 ------------- 
T5 Level 0.500000 
T7 Level 3.374784 
Opening PU8
Closing PU11
ITERATION 687 ------------- 
T5 Level 0.500000 
T7 Level 3.450619 
Opening PU8
Closing PU11
ITERATION 688 ------------- 
T5 Level 0.500000 
T7 Level 3.450619 
Opening PU8
Closing PU11
ITERATION 689 ------------- 
T5 Level 0.500000 
T7 Level 3.450619 
Opening PU8
Closing PU11
ITERATION 690 ------------- 
T5 Level 0.500000 
T7 Level 3.526286 
Opening PU8
Closing PU11
ITERATION 691 ------------- 
T5 Level 0.500000 
T7 Level 3.526286 
Opening PU8
Closing PU11
ITERATION 692 ------------- 
T5 Level 0.500000 
T7 Level 3.526286 
Opening PU8
Closing PU11
ITERATION 693 ------------- 
T5 Level 0.500000 
T7 Level 3.540631 
Opening PU8
Closing PU11
ITERATION 694 ------------- 
T5 Level 0.500000 
T7 Level 3.540631 
Opening PU8
Closing PU11
ITERATION 695 ------------- 
T5 Level 0.500000 
T7 Level 3.540631 
Opening PU8
Closing PU11
ITERATION 696 ------------- 
T5 Level 0.500000 
T7 Level 3.627488 
Opening PU8
Closing PU11
ITERATION 697 ------------- 
T5 Level 0.500000 
T7 Level 3.627488 
Opening PU8
Closing PU11
ITERATION 698 ------------- 
T5 Level 0.500000 
T7 Level 3.627488 
Opening PU8
Closing PU11
ITERATION 699 ------------- 
T5 Level 0.500000 
T7 Level 3.734584 
Opening PU8
Closing PU11
ITERATION 700 ------------- 
T5 Level 0.500000 
T7 Level 3.734584 
Opening PU8
Closing PU11
ITERATION 701 ------------- 
T5 Level 0.500000 
T7 Level 3.734584 
Opening PU8
Closing PU11
ITERATION 702 ------------- 
T5 Level 0.500000 
T7 Level 3.841512 
Opening PU8
Closing PU11
ITERATION 703 ------------- 
T5 Level 0.500000 
T7 Level 3.841512 
Opening PU8
Closing PU11
ITERATION 704 ------------- 
T5 Level 0.500000 
T7 Level 3.841512 
Opening PU8
Closing PU11
ITERATION 705 ------------- 
T5 Level 0.500000 
T7 Level 3.948273 
Opening PU8
Closing PU11
ITERATION 706 ------------- 
T5 Level 0.500000 
T7 Level 3.948273 
Opening PU8
Closing PU11
ITERATION 707 ------------- 
T5 Level 0.500000 
T7 Level 3.948273 
Opening PU8
Closing PU11
ITERATION 708 ------------- 
T5 Level 0.500000 
T7 Level 4.054867 
Opening PU8
Closing PU11
ITERATION 709 ------------- 
T5 Level 0.500000 
T7 Level 4.054867 
Opening PU8
Closing PU11
ITERATION 710 ------------- 
T5 Level 0.500000 
T7 Level 4.054867 
Opening PU8
Closing PU11
ITERATION 711 ------------- 
T5 Level 0.500000 
T7 Level 4.161294 
Opening PU8
Closing PU11
ITERATION 712 ------------- 
T5 Level 0.500000 
T7 Level 4.161294 
Opening PU8
Closing PU11
ITERATION 713 ------------- 
T5 Level 0.500000 
T7 Level 4.161294 
Opening PU8
Closing PU11
ITERATION 714 ------------- 
T5 Level 0.500000 
T7 Level 4.279705 
Opening PU8
Closing PU11
ITERATION 715 ------------- 
T5 Level 0.500000 
T7 Level 4.279705 
Opening PU8
Closing PU11
ITERATION 716 ------------- 
T5 Level 0.500000 
T7 Level 4.279705 
Opening PU8
Closing PU11
ITERATION 717 ------------- 
T5 Level 0.500000 
T7 Level 4.397934 
Opening PU8
Closing PU11
ITERATION 718 ------------- 
T5 Level 0.500000 
T7 Level 4.397934 
Opening PU8
Closing PU11
ITERATION 719 ------------- 
T5 Level 0.500000 
T7 Level 4.397934 
Opening PU8
Closing PU11
ITERATION 720 ------------- 
T5 Level 0.500000 
T7 Level 4.515980 
Opening PU8
Closing PU11
ITERATION 721 ------------- 
T5 Level 0.500000 
T7 Level 4.515980 
Opening PU8
Closing PU11
ITERATION 722 ------------- 
T5 Level 0.500000 
T7 Level 4.515980 
Opening PU8
Closing PU11
ITERATION 723 ------------- 
T5 Level 0.500000 
T7 Level 4.633845 
Opening PU8
Closing PU11
ITERATION 724 ------------- 
T5 Level 0.500000 
T7 Level 4.633845 
Opening PU8
Closing PU11
ITERATION 725 ------------- 
T5 Level 0.500000 
T7 Level 4.633845 
Opening PU8
Closing PU11
ITERATION 726 ------------- 
T5 Level 0.500000 
T7 Level 4.633845 
Opening PU8
Closing PU11
ITERATION 727 ------------- 
T5 Level 0.500000 
T7 Level 4.751528 
Opening PU8
Closing PU11
ITERATION 728 ------------- 
T5 Level 0.500000 
T7 Level 4.751528 
Opening PU8
Closing PU11
ITERATION 729 ------------- 
T5 Level 0.500000 
T7 Level 4.751528 
Opening PU8
Closing PU11
ITERATION 730 ------------- 
T5 Level 0.500000 
T7 Level 4.869030 
Opening PU8
Closing PU10
Closing PU11
ITERATION 731 ------------- 
T5 Level 0.500000 
T7 Level 4.869030 
Opening PU8
Closing PU10
Closing PU11
ITERATION 732 ------------- 
T5 Level 0.500000 
T7 Level 4.869030 
Opening PU8
Closing PU10
Closing PU11
ITERATION 733 ------------- 
T5 Level 0.500000 
T7 Level 4.986351 
Opening PU8
Closing PU10
Closing PU11
ITERATION 734 ------------- 
T5 Level 0.500000 
T7 Level 4.986351 
Opening PU8
Closing PU10
Closing PU11
ITERATION 735 ------------- 
T5 Level 0.500000 
T7 Level 4.986351 
Opening PU8
Closing PU10
Closing PU11
ITERATION 736 ------------- 
T5 Level 0.500000 
T7 Level 5.000017 
Opening PU8
Closing PU10
Closing PU11
ITERATION 737 ------------- 
T5 Level 0.500000 
T7 Level 5.000017 
Opening PU8
Closing PU10
Closing PU11
ITERATION 738 ------------- 
T5 Level 0.500000 
T7 Level 5.000017 
Opening PU8
Closing PU10
Closing PU11
ITERATION 739 ------------- 
T5 Level 0.500000 
T7 Level 4.926288 
Opening PU8
Closing PU10
Closing PU11
ITERATION 740 ------------- 
T5 Level 0.500000 
T7 Level 4.926288 
Opening PU8
Closing PU10
Closing PU11
ITERATION 741 ------------- 
T5 Level 0.500000 
T7 Level 4.926288 
Opening PU8
Closing PU10
Closing PU11
ITERATION 742 ------------- 
T5 Level 0.500000 
T7 Level 4.926288 
Opening PU8
Closing PU10
Closing PU11
ITERATION 743 ------------- 
T5 Level 0.500000 
T7 Level 4.843106 
Opening PU8
Closing PU10
Closing PU11
ITERATION 744 ------------- 
T5 Level 0.500000 
T7 Level 4.843106 
Opening PU8
Closing PU10
Closing PU11
ITERATION 745 ------------- 
T5 Level 0.500000 
T7 Level 4.843106 
Opening PU8
Closing PU10
Closing PU11
ITERATION 746 ------------- 
T5 Level 0.500000 
T7 Level 4.760242 
Opening PU8
Closing PU11
ITERATION 747 ------------- 
T5 Level 0.500000 
T7 Level 4.760242 
Opening PU8
Closing PU11
ITERATION 748 ------------- 
T5 Level 0.500000 
T7 Level 4.760242 
Opening PU8
Closing PU11
ITERATION 749 ------------- 
T5 Level 0.500000 
T7 Level 4.677692 
Opening PU8
Closing PU11
ITERATION 750 ------------- 
T5 Level 0.500000 
T7 Level 4.677692 
Opening PU8
Closing PU11
ITERATION 751 ------------- 
T5 Level 0.500000 
T7 Level 4.677692 
Opening PU8
Closing PU11
ITERATION 752 ------------- 
T5 Level 0.500000 
T7 Level 4.595451 
Opening PU8
Closing PU11
ITERATION 753 ------------- 
T5 Level 0.500000 
T7 Level 4.595451 
Opening PU8
Closing PU11
ITERATION 754 ------------- 
T5 Level 0.500000 
T7 Level 4.595451 
Opening PU8
Closing PU11
ITERATION 755 ------------- 
T5 Level 0.500000 
T7 Level 4.595451 
Opening PU8
Closing PU11
ITERATION 756 ------------- 
T5 Level 0.500000 
T7 Level 4.509381 
Opening PU8
Closing PU11
ITERATION 757 ------------- 
T5 Level 0.500000 
T7 Level 4.509381 
Opening PU8
Closing PU11
ITERATION 758 ------------- 
T5 Level 0.500000 
T7 Level 4.509381 
Opening PU8
Closing PU11
ITERATION 759 ------------- 
T5 Level 0.500000 
T7 Level 4.423616 
Opening PU8
Closing PU11
ITERATION 760 ------------- 
T5 Level 0.500000 
T7 Level 4.423616 
Opening PU8
Closing PU11
ITERATION 761 ------------- 
T5 Level 0.500000 
T7 Level 4.423616 
Opening PU8
Closing PU11
ITERATION 762 ------------- 
T5 Level 0.500000 
T7 Level 4.338153 
Opening PU8
Closing PU11
ITERATION 763 ------------- 
T5 Level 0.500000 
T7 Level 4.338153 
Opening PU8
Closing PU11
ITERATION 764 ------------- 
T5 Level 0.500000 
T7 Level 4.338153 
Opening PU8
Closing PU11
ITERATION 765 ------------- 
T5 Level 0.500000 
T7 Level 4.338153 
Opening PU8
Closing PU11
ITERATION 766 ------------- 
T5 Level 0.500000 
T7 Level 4.252987 
Opening PU8
Closing PU11
ITERATION 767 ------------- 
T5 Level 0.500000 
T7 Level 4.252987 
Opening PU8
Closing PU11
ITERATION 768 ------------- 
T5 Level 0.500000 
T7 Level 4.252987 
Opening PU8
Closing PU11
ITERATION 769 ------------- 
T5 Level 0.500000 
T7 Level 4.168114 
Opening PU8
Closing PU11
ITERATION 770 ------------- 
T5 Level 0.500000 
T7 Level 4.168114 
Opening PU8
Closing PU11
ITERATION 771 ------------- 
T5 Level 0.500000 
T7 Level 4.168114 
Opening PU8
Closing PU11
ITERATION 772 ------------- 
T5 Level 0.500000 
T7 Level 4.083531 
Opening PU8
Closing PU11
ITERATION 773 ------------- 
T5 Level 0.500000 
T7 Level 4.083531 
Opening PU8
Closing PU11
ITERATION 774 ------------- 
T5 Level 0.500000 
T7 Level 3.999234 
Opening PU8
Closing PU11
ITERATION 775 ------------- 
T5 Level 0.500000 
T7 Level 3.999234 
Opening PU8
Closing PU11
ITERATION 776 ------------- 
T5 Level 0.500000 
T7 Level 3.999234 
Opening PU8
Closing PU11
ITERATION 777 ------------- 
T5 Level 0.500000 
T7 Level 3.999234 
Opening PU8
Closing PU11
ITERATION 778 ------------- 
T5 Level 0.500000 
T7 Level 3.915220 
Opening PU8
Closing PU11
ITERATION 779 ------------- 
T5 Level 0.500000 
T7 Level 3.915220 
Opening PU8
Closing PU11
ITERATION 780 ------------- 
T5 Level 0.500000 
T7 Level 3.915220 
Opening PU8
Closing PU11
ITERATION 781 ------------- 
T5 Level 0.500000 
T7 Level 3.831485 
Opening PU8
Closing PU11
ITERATION 782 ------------- 
T5 Level 0.500000 
T7 Level 3.831485 
Opening PU8
Closing PU11
ITERATION 783 ------------- 
T5 Level 0.500000 
T7 Level 3.831485 
Opening PU8
Closing PU11
ITERATION 784 ------------- 
T5 Level 0.500000 
T7 Level 3.748026 
Opening PU8
Closing PU11
ITERATION 785 ------------- 
T5 Level 0.500000 
T7 Level 3.748026 
Opening PU8
Closing PU11
ITERATION 786 ------------- 
T5 Level 0.500000 
T7 Level 3.748026 
Opening PU8
Closing PU11
ITERATION 787 ------------- 
T5 Level 0.500000 
T7 Level 3.748026 
Opening PU8
Closing PU11
ITERATION 788 ------------- 
T5 Level 0.500000 
T7 Level 3.664839 
Opening PU8
Closing PU11
ITERATION 789 ------------- 
T5 Level 0.500000 
T7 Level 3.664839 
Opening PU8
Closing PU11
ITERATION 790 ------------- 
T5 Level 0.500000 
T7 Level 3.664839 
Opening PU8
Closing PU11
ITERATION 791 ------------- 
T5 Level 0.500000 
T7 Level 3.581923 
Opening PU8
Closing PU11
ITERATION 792 ------------- 
T5 Level 0.500000 
T7 Level 3.581923 
Opening PU8
Closing PU11
ITERATION 793 ------------- 
T5 Level 0.500000 
T7 Level 3.581923 
Opening PU8
Closing PU11
ITERATION 794 ------------- 
T5 Level 0.500000 
T7 Level 3.491407 
Opening PU8
Closing PU11
ITERATION 795 ------------- 
T5 Level 0.500000 
T7 Level 3.491407 
Opening PU8
Closing PU11
ITERATION 796 ------------- 
T5 Level 0.500000 
T7 Level 3.491407 
Opening PU8
Closing PU11
ITERATION 797 ------------- 
T5 Level 0.500000 
T7 Level 3.401169 
Opening PU8
Closing PU11
ITERATION 798 ------------- 
T5 Level 0.500000 
T7 Level 3.401169 
Opening PU8
Closing PU11
ITERATION 799 ------------- 
T5 Level 0.500000 
T7 Level 3.401169 
Opening PU8
Closing PU11
ITERATION 800 ------------- 
T5 Level 0.500000 
T7 Level 3.401169 
Opening PU8
Closing PU11
ITERATION 801 ------------- 
T5 Level 0.500000 
T7 Level 3.311204 
Opening PU8
Closing PU11
ITERATION 802 ------------- 
T5 Level 0.500000 
T7 Level 3.311204 
Opening PU8
Closing PU11
ITERATION 803 ------------- 
T5 Level 0.500000 
T7 Level 3.221511 
Opening PU8
Closing PU11
ITERATION 804 ------------- 
T5 Level 0.500000 
T7 Level 3.221511 
Opening PU8
Closing PU11
ITERATION 805 ------------- 
T5 Level 0.500000 
T7 Level 3.221511 
Opening PU8
Closing PU11
ITERATION 806 ------------- 
T5 Level 0.500000 
T7 Level 3.221511 
Opening PU8
Closing PU11
ITERATION 807 ------------- 
T5 Level 0.500000 
T7 Level 3.132087 
Opening PU8
Closing PU11
ITERATION 808 ------------- 
T5 Level 0.500000 
T7 Level 3.132087 
Opening PU8
Closing PU11
ITERATION 809 ------------- 
T5 Level 0.500000 
T7 Level 3.132087 
Opening PU8
Closing PU11
ITERATION 810 ------------- 
T5 Level 0.500000 
T7 Level 3.042927 
Opening PU8
Closing PU11
ITERATION 811 ------------- 
T5 Level 0.500000 
T7 Level 3.042927 
Opening PU8
Closing PU11
ITERATION 812 ------------- 
T5 Level 0.500000 
T7 Level 2.954031 
Opening PU8
ITERATION 813 ------------- 
T5 Level 0.500000 
T7 Level 2.954031 
Opening PU8
ITERATION 814 ------------- 
T5 Level 0.500000 
T7 Level 2.954031 
Opening PU8
ITERATION 815 ------------- 
T5 Level 0.500000 
T7 Level 2.865396 
Opening PU8
ITERATION 816 ------------- 
T5 Level 0.500000 
T7 Level 2.865396 
Opening PU8
ITERATION 817 ------------- 
T5 Level 0.500000 
T7 Level 2.865396 
Opening PU8
ITERATION 818 ------------- 
T5 Level 0.500000 
T7 Level 2.865396 
Opening PU8
ITERATION 819 ------------- 
T5 Level 0.500000 
T7 Level 2.777018 
Opening PU8
ITERATION 820 ------------- 
T5 Level 0.500000 
T7 Level 2.777018 
Opening PU8
ITERATION 821 ------------- 
T5 Level 0.500000 
T7 Level 2.777018 
Opening PU8
ITERATION 822 ------------- 
T5 Level 0.500000 
T7 Level 2.688896 
Opening PU8
ITERATION 823 ------------- 
T5 Level 0.500000 
T7 Level 2.688896 
Opening PU8
ITERATION 824 ------------- 
T5 Level 0.500000 
T7 Level 2.688896 
Opening PU8
ITERATION 825 ------------- 
T5 Level 0.500000 
T7 Level 2.601027 
Opening PU8
ITERATION 826 ------------- 
T5 Level 0.500000 
T7 Level 2.601027 
Opening PU8
ITERATION 827 ------------- 
T5 Level 0.500000 
T7 Level 2.601027 
Opening PU8
ITERATION 828 ------------- 
T5 Level 0.500000 
T7 Level 2.513408 
Opening PU8
ITERATION 829 ------------- 
T5 Level 0.500000 
T7 Level 2.513408 
Opening PU8
ITERATION 830 ------------- 
T5 Level 0.500000 
T7 Level 2.397185 
Opening PU8
Opening PU10
ITERATION 831 ------------- 
T5 Level 0.500000 
T7 Level 2.397185 
Opening PU8
Opening PU10
ITERATION 832 ------------- 
T5 Level 0.500000 
T7 Level 2.397185 
Opening PU8
Opening PU10
ITERATION 833 ------------- 
T5 Level 0.500000 
T7 Level 2.397185 
Opening PU8
Opening PU10
ITERATION 834 ------------- 
T5 Level 0.500000 
T7 Level 2.281259 
Opening PU8
Opening PU10
ITERATION 835 ------------- 
T5 Level 0.500000 
T7 Level 2.281259 
Opening PU8
Opening PU10
ITERATION 836 ------------- 
T5 Level 0.500000 
T7 Level 2.281259 
Opening PU8
Opening PU10
ITERATION 837 ------------- 
T5 Level 0.500000 
T7 Level 2.165627 
Opening PU8
Opening PU10
ITERATION 838 ------------- 
T5 Level 0.500000 
T7 Level 2.165627 
Opening PU8
Opening PU10
ITERATION 839 ------------- 
T5 Level 0.500000 
T7 Level 2.165627 
Opening PU8
Opening PU10
ITERATION 840 ------------- 
T5 Level 0.500000 
T7 Level 2.217398 
Opening PU8
Opening PU10
ITERATION 841 ------------- 
T5 Level 0.500000 
T7 Level 2.217398 
Opening PU8
Opening PU10
ITERATION 842 ------------- 
T5 Level 0.500000 
T7 Level 2.217398 
Opening PU8
Opening PU10
ITERATION 843 ------------- 
T5 Level 0.500000 
T7 Level 2.269047 
Opening PU8
Opening PU10
ITERATION 844 ------------- 
T5 Level 0.500000 
T7 Level 2.269047 
Opening PU8
Opening PU10
ITERATION 845 ------------- 
T5 Level 0.500000 
T7 Level 2.269047 
Opening PU8
Opening PU10
ITERATION 846 ------------- 
T5 Level 0.500000 
T7 Level 2.320573 
Opening PU8
Opening PU10
ITERATION 847 ------------- 
T5 Level 0.500000 
T7 Level 2.320573 
Opening PU8
Opening PU10
ITERATION 848 ------------- 
T5 Level 0.500000 
T7 Level 2.371978 
Opening PU8
Opening PU10
ITERATION 849 ------------- 
T5 Level 0.500000 
T7 Level 2.371978 
Opening PU8
Opening PU10
ITERATION 850 ------------- 
T5 Level 0.500000 
T7 Level 2.371978 
Opening PU8
Opening PU10
ITERATION 851 ------------- 
T5 Level 0.500000 
T7 Level 2.423262 
Opening PU8
Opening PU10
ITERATION 852 ------------- 
T5 Level 0.500000 
T7 Level 2.423262 
Opening PU8
Opening PU10
ITERATION 853 ------------- 
T5 Level 0.500000 
T7 Level 2.423262 
Opening PU8
Opening PU10
ITERATION 854 ------------- 
T5 Level 0.500000 
T7 Level 2.474425 
Opening PU8
Opening PU10
ITERATION 855 ------------- 
T5 Level 0.500000 
T7 Level 2.474425 
Opening PU8
Opening PU10
ITERATION 856 ------------- 
T5 Level 0.500000 
T7 Level 2.474425 
Opening PU8
Opening PU10
ITERATION 857 ------------- 
T5 Level 0.500000 
T7 Level 2.474425 
Opening PU8
Opening PU10
ITERATION 858 ------------- 
T5 Level 0.500000 
T7 Level 2.525468 
Opening PU8
ITERATION 859 ------------- 
T5 Level 0.500000 
T7 Level 2.525468 
Opening PU8
ITERATION 860 ------------- 
T5 Level 0.500000 
T7 Level 2.525468 
Opening PU8
ITERATION 861 ------------- 
T5 Level 0.500000 
T7 Level 2.576391 
Opening PU8
ITERATION 862 ------------- 
T5 Level 0.500000 
T7 Level 2.576391 
Opening PU8
ITERATION 863 ------------- 
T5 Level 0.500000 
T7 Level 2.576391 
Opening PU8
ITERATION 864 ------------- 
T5 Level 0.500000 
T7 Level 2.627196 
Opening PU8
ITERATION 865 ------------- 
T5 Level 0.500000 
T7 Level 2.627196 
Opening PU8
ITERATION 866 ------------- 
T5 Level 0.500000 
T7 Level 2.627196 
Opening PU8
ITERATION 867 ------------- 
T5 Level 0.500000 
T7 Level 2.641957 
Opening PU8
ITERATION 868 ------------- 
T5 Level 0.500000 
T7 Level 2.641957 
Opening PU8
ITERATION 869 ------------- 
T5 Level 0.500000 
T7 Level 2.641957 
Opening PU8
ITERATION 870 ------------- 
T5 Level 0.500000 
T7 Level 2.656697 
Opening PU8
ITERATION 871 ------------- 
T5 Level 0.500000 
T7 Level 2.656697 
Opening PU8
ITERATION 872 ------------- 
T5 Level 0.500000 
T7 Level 2.656697 
Opening PU8
ITERATION 873 ------------- 
T5 Level 0.500000 
T7 Level 2.671415 
Opening PU8
ITERATION 874 ------------- 
T5 Level 0.500000 
T7 Level 2.671415 
Opening PU8
ITERATION 875 ------------- 
T5 Level 0.500000 
T7 Level 2.671415 
Opening PU8
ITERATION 876 ------------- 
T5 Level 0.500000 
T7 Level 2.686112 
Opening PU8
ITERATION 877 ------------- 
T5 Level 0.500000 
T7 Level 2.686112 
Opening PU8
ITERATION 878 ------------- 
T5 Level 0.500000 
T7 Level 2.686112 
Opening PU8
ITERATION 879 ------------- 
T5 Level 0.500000 
T7 Level 2.700788 
Opening PU8
ITERATION 880 ------------- 
T5 Level 0.500000 
T7 Level 2.700788 
Opening PU8
ITERATION 881 ------------- 
T5 Level 0.500000 
T7 Level 2.700788 
Opening PU8
ITERATION 882 ------------- 
T5 Level 0.500000 
T7 Level 2.715442 
Opening PU8
ITERATION 883 ------------- 
T5 Level 0.500000 
T7 Level 2.715442 
Opening PU8
ITERATION 884 ------------- 
T5 Level 0.500000 
T7 Level 2.715442 
Opening PU8
ITERATION 885 ------------- 
T5 Level 0.500000 
T7 Level 2.730074 
Opening PU8
ITERATION 886 ------------- 
T5 Level 0.500000 
T7 Level 2.730074 
Opening PU8
ITERATION 887 ------------- 
T5 Level 0.500000 
T7 Level 2.730074 
Opening PU8
ITERATION 888 ------------- 
T5 Level 0.500000 
T7 Level 2.730074 
Opening PU8
ITERATION 889 ------------- 
T5 Level 0.500000 
T7 Level 2.744686 
Opening PU8
ITERATION 890 ------------- 
T5 Level 0.500000 
T7 Level 2.744686 
Opening PU8
ITERATION 891 ------------- 
T5 Level 0.500000 
T7 Level 2.744686 
Opening PU8
ITERATION 892 ------------- 
T5 Level 0.500000 
T7 Level 2.759277 
Opening PU8
ITERATION 893 ------------- 
T5 Level 0.500000 
T7 Level 2.759277 
Opening PU8
DEBUG plc5 shutdown
plc5
Stopping Tcp dump process on PLC...
Stopping PLC...
