DEBUG get_query: SELECT value FROM ctown WHERE name = ? AND pid = ?
DEBUG set_query: UPDATE ctown SET value = ? WHERE name = ? AND pid = ?
DEBUG EnipProtocol server addr:  192.168.1.1
DEBUG: concatenating server address with default port.
DEBUG enip server tags_string:  T1:1=REAL PU1:1=REAL PU2:1=REAL ATT_1:1=REAL ATT_2:1=REAL 
DEBUG enip _start_server cmd:  ['/usr/bin/python', '-m', 'cpppo.server.enip', '--print', '--log', 'logs/protocols_tests_enip_server', '--address', '192.168.1.1:44818', 'T1:1=REAL', 'PU1:1=REAL', 'PU2:1=REAL', 'ATT_1:1=REAL', 'ATT_2:1=REAL']
DEBUG: plc1 enters pre_loop
ITERATION 1 ------------- 
Tank 1 Level 3.000000 
Opening P1
ITERATION 2 ------------- 
Tank 1 Level 3.000000 
Opening P1
ITERATION 3 ------------- 
Tank 1 Level 3.000000 
Opening P1
ITERATION 4 ------------- 
Tank 1 Level 3.000000 
Opening P1
ITERATION 5 ------------- 
Tank 1 Level 3.000000 
Opening P1
ITERATION 6 ------------- 
Tank 1 Level 3.000000 
Opening P1
ITERATION 7 ------------- 
Tank 1 Level 3.045248 
Opening P1
ITERATION 8 ------------- 
Tank 1 Level 3.045248 
Opening P1
ITERATION 9 ------------- 
Tank 1 Level 3.077113 
Opening P1
ITERATION 10 ------------- 
Tank 1 Level 3.077113 
Opening P1
ITERATION 11 ------------- 
Tank 1 Level 3.108957 
Opening P1
ITERATION 12 ------------- 
Tank 1 Level 3.108957 
Opening P1
ITERATION 13 ------------- 
Tank 1 Level 3.130464 
Opening P1
ITERATION 14 ------------- 
Tank 1 Level 3.130464 
Opening P1
ITERATION 15 ------------- 
Tank 1 Level 3.151959 
Opening P1
ITERATION 16 ------------- 
Tank 1 Level 3.151959 
Opening P1
ITERATION 17 ------------- 
Tank 1 Level 3.136113 
Opening P1
ITERATION 18 ------------- 
Tank 1 Level 3.136113 
Opening P1
ITERATION 19 ------------- 
Tank 1 Level 3.120349 
Opening P1
ITERATION 20 ------------- 
Tank 1 Level 3.120349 
Opening P1
ITERATION 21 ------------- 
Tank 1 Level 3.120349 
Opening P1
ITERATION 22 ------------- 
Tank 1 Level 3.104667 
Opening P1
ITERATION 23 ------------- 
Tank 1 Level 3.104667 
Opening P1
ITERATION 24 ------------- 
Tank 1 Level 3.089066 
Opening P1
ITERATION 25 ------------- 
Tank 1 Level 3.089066 
Opening P1
ITERATION 26 ------------- 
Tank 1 Level 3.073546 
Opening P1
ITERATION 27 ------------- 
Tank 1 Level 3.073546 
Opening P1
ITERATION 28 ------------- 
Tank 1 Level 3.058107 
Opening P1
ITERATION 29 ------------- 
Tank 1 Level 3.058107 
Opening P1
ITERATION 30 ------------- 
Tank 1 Level 3.058107 
Opening P1
ITERATION 31 ------------- 
Tank 1 Level 3.042748 
Opening P1
ITERATION 32 ------------- 
Tank 1 Level 3.042748 
Opening P1
ITERATION 33 ------------- 
Tank 1 Level 3.030962 
Opening P1
ITERATION 34 ------------- 
Tank 1 Level 3.030962 
Opening P1
ITERATION 35 ------------- 
Tank 1 Level 3.019253 
Opening P1
ITERATION 36 ------------- 
Tank 1 Level 3.019253 
Opening P1
ITERATION 37 ------------- 
Tank 1 Level 3.007623 
Opening P1
ITERATION 38 ------------- 
Tank 1 Level 3.007623 
Opening P1
ITERATION 39 ------------- 
Tank 1 Level 3.007623 
Opening P1
ITERATION 40 ------------- 
Tank 1 Level 2.996070 
Opening P1
ITERATION 41 ------------- 
Tank 1 Level 2.996070 
Opening P1
ITERATION 42 ------------- 
Tank 1 Level 2.984594 
Opening P1
ITERATION 43 ------------- 
Tank 1 Level 2.984594 
Opening P1
ITERATION 44 ------------- 
Tank 1 Level 2.973195 
Opening P1
ITERATION 45 ------------- 
Tank 1 Level 2.973195 
Opening P1
ITERATION 46 ------------- 
Tank 1 Level 2.973195 
Opening P1
ITERATION 47 ------------- 
Tank 1 Level 2.961873 
Opening P1
ITERATION 48 ------------- 
Tank 1 Level 2.961873 
Opening P1
ITERATION 49 ------------- 
Tank 1 Level 2.955388 
Opening P1
ITERATION 50 ------------- 
Tank 1 Level 2.955388 
Opening P1
ITERATION 51 ------------- 
Tank 1 Level 2.950800 
Opening P1
ITERATION 52 ------------- 
Tank 1 Level 2.950800 
Opening P1
ITERATION 53 ------------- 
Tank 1 Level 2.939996 
Opening P1
ITERATION 54 ------------- 
Tank 1 Level 2.939996 
Opening P1
ITERATION 55 ------------- 
Tank 1 Level 2.939996 
Opening P1
ITERATION 56 ------------- 
Tank 1 Level 2.929269 
Opening P1
ITERATION 57 ------------- 
Tank 1 Level 2.929269 
Opening P1
ITERATION 58 ------------- 
Tank 1 Level 2.929269 
Opening P1
ITERATION 59 ------------- 
Tank 1 Level 2.918620 
Opening P1
ITERATION 60 ------------- 
Tank 1 Level 2.908047 
Opening P1
ITERATION 61 ------------- 
Tank 1 Level 2.908047 
Opening P1
ITERATION 62 ------------- 
Tank 1 Level 2.908047 
Opening P1
ITERATION 63 ------------- 
Tank 1 Level 2.898472 
Opening P1
ITERATION 64 ------------- 
Tank 1 Level 2.898472 
Opening P1
ITERATION 65 ------------- 
Tank 1 Level 2.888974 
Opening P1
ITERATION 66 ------------- 
Tank 1 Level 2.888974 
Opening P1
ITERATION 67 ------------- 
Tank 1 Level 2.879551 
Opening P1
ITERATION 68 ------------- 
Tank 1 Level 2.879551 
Opening P1
ITERATION 69 ------------- 
Tank 1 Level 2.879551 
Opening P1
ITERATION 70 ------------- 
Tank 1 Level 2.870203 
Opening P1
ITERATION 71 ------------- 
Tank 1 Level 2.870203 
Opening P1
ITERATION 72 ------------- 
Tank 1 Level 2.860930 
Opening P1
ITERATION 73 ------------- 
Tank 1 Level 2.860930 
Opening P1
ITERATION 74 ------------- 
Tank 1 Level 2.860930 
Opening P1
ITERATION 75 ------------- 
Tank 1 Level 2.851733 
Opening P1
ITERATION 76 ------------- 
Tank 1 Level 2.851733 
Opening P1
ITERATION 77 ------------- 
Tank 1 Level 2.842609 
Opening P1
ITERATION 78 ------------- 
Tank 1 Level 2.842609 
Opening P1
ITERATION 79 ------------- 
Tank 1 Level 2.833560 
Opening P1
ITERATION 80 ------------- 
Tank 1 Level 2.833560 
Opening P1
ITERATION 81 ------------- 
Tank 1 Level 2.833560 
Opening P1
ITERATION 82 ------------- 
Tank 1 Level 2.824585 
Opening P1
ITERATION 83 ------------- 
Tank 1 Level 2.824585 
Opening P1
ITERATION 84 ------------- 
Tank 1 Level 2.815683 
Opening P1
ITERATION 85 ------------- 
Tank 1 Level 2.815683 
Opening P1
ITERATION 86 ------------- 
Tank 1 Level 2.815683 
Opening P1
ITERATION 87 ------------- 
Tank 1 Level 2.806855 
Opening P1
ITERATION 88 ------------- 
Tank 1 Level 2.806855 
Opening P1
ITERATION 89 ------------- 
Tank 1 Level 2.798100 
Opening P1
ITERATION 90 ------------- 
Tank 1 Level 2.798100 
Opening P1
ITERATION 91 ------------- 
Tank 1 Level 2.792440 
Opening P1
ITERATION 92 ------------- 
Tank 1 Level 2.792440 
Opening P1
ITERATION 93 ------------- 
Tank 1 Level 2.792440 
Opening P1
ITERATION 94 ------------- 
Tank 1 Level 2.786853 
Opening P1
ITERATION 95 ------------- 
Tank 1 Level 2.786853 
Opening P1
ITERATION 96 ------------- 
Tank 1 Level 2.781337 
Opening P1
ITERATION 97 ------------- 
Tank 1 Level 2.781337 
Opening P1
ITERATION 98 ------------- 
Tank 1 Level 2.775893 
Opening P1
ITERATION 99 ------------- 
Tank 1 Level 2.775893 
Opening P1
ITERATION 100 ------------- 
Tank 1 Level 2.775893 
Opening P1
ITERATION 101 ------------- 
Tank 1 Level 2.771453 
Opening P1
ITERATION 102 ------------- 
Tank 1 Level 2.771453 
Opening P1
ITERATION 103 ------------- 
Tank 1 Level 2.771453 
Opening P1
ITERATION 104 ------------- 
Tank 1 Level 2.771451 
Opening P1
ITERATION 105 ------------- 
Tank 1 Level 2.771451 
Opening P1
ITERATION 106 ------------- 
Tank 1 Level 2.775945 
Opening P1
ITERATION 107 ------------- 
Tank 1 Level 2.775945 
Opening P1
ITERATION 108 ------------- 
Tank 1 Level 2.780476 
Opening P1
ITERATION 109 ------------- 
Tank 1 Level 2.780476 
Opening P1
ITERATION 110 ------------- 
Tank 1 Level 2.780476 
Opening P1
ITERATION 111 ------------- 
Tank 1 Level 2.785045 
Opening P1
ITERATION 112 ------------- 
Tank 1 Level 2.785045 
Opening P1
ITERATION 113 ------------- 
Tank 1 Level 2.789652 
Opening P1
ITERATION 114 ------------- 
Tank 1 Level 2.789652 
Opening P1
ITERATION 115 ------------- 
Tank 1 Level 2.794295 
Opening P1
ITERATION 116 ------------- 
Tank 1 Level 2.794295 
Opening P1
ITERATION 117 ------------- 
Tank 1 Level 2.798976 
Opening P1
ITERATION 118 ------------- 
Tank 1 Level 2.798976 
Opening P1
ITERATION 119 ------------- 
Tank 1 Level 2.803693 
Opening P1
ITERATION 120 ------------- 
Tank 1 Level 2.803693 
Opening P1
ITERATION 121 ------------- 
Tank 1 Level 2.803693 
Opening P1
ITERATION 122 ------------- 
Tank 1 Level 2.803693 
Opening P1
ITERATION 123 ------------- 
Tank 1 Level 2.803693 
Opening P1
ITERATION 124 ------------- 
Tank 1 Level 2.803693 
Opening P1
ITERATION 125 ------------- 
Tank 1 Level 2.803693 
Opening P1
ITERATION 126 ------------- 
Tank 1 Level 2.803693 
Opening P1
ITERATION 127 ------------- 
Tank 1 Level 2.803693 
Opening P1
ITERATION 128 ------------- 
Tank 1 Level 2.803693 
Opening P1
ITERATION 129 ------------- 
Tank 1 Level 2.803693 
Opening P1
ITERATION 130 ------------- 
Tank 1 Level 2.803693 
Opening P1
ITERATION 131 ------------- 
Tank 1 Level 2.809881 
Opening P1
ITERATION 132 ------------- 
Tank 1 Level 2.809881 
Opening P1
ITERATION 133 ------------- 
Tank 1 Level 2.810199 
Opening P1
ITERATION 134 ------------- 
Tank 1 Level 2.810199 
Opening P1
ITERATION 135 ------------- 
Tank 1 Level 2.820794 
Opening P1
ITERATION 136 ------------- 
Tank 1 Level 2.820794 
Opening P1
ITERATION 137 ------------- 
Tank 1 Level 2.831450 
Opening P1
ITERATION 138 ------------- 
Tank 1 Level 2.831450 
Opening P1
ITERATION 139 ------------- 
Tank 1 Level 2.831450 
Opening P1
ITERATION 140 ------------- 
Tank 1 Level 2.842167 
Opening P1
ITERATION 141 ------------- 
Tank 1 Level 2.842167 
Opening P1
ITERATION 142 ------------- 
Tank 1 Level 2.852943 
Opening P1
ITERATION 143 ------------- 
Tank 1 Level 2.852943 
Opening P1
ITERATION 144 ------------- 
Tank 1 Level 2.863779 
Opening P1
ITERATION 145 ------------- 
Tank 1 Level 2.863779 
Opening P1
ITERATION 146 ------------- 
Tank 1 Level 2.863779 
Opening P1
ITERATION 147 ------------- 
Tank 1 Level 2.874675 
Opening P1
ITERATION 148 ------------- 
Tank 1 Level 2.874675 
Opening P1
ITERATION 149 ------------- 
Tank 1 Level 2.885630 
Opening P1
ITERATION 150 ------------- 
Tank 1 Level 2.885630 
Opening P1
ITERATION 151 ------------- 
Tank 1 Level 2.896643 
Opening P1
ITERATION 152 ------------- 
Tank 1 Level 2.896643 
Opening P1
ITERATION 153 ------------- 
Tank 1 Level 2.907716 
Opening P1
ITERATION 154 ------------- 
Tank 1 Level 2.907716 
Opening P1
ITERATION 155 ------------- 
Tank 1 Level 2.922850 
Opening P1
ITERATION 156 ------------- 
Tank 1 Level 2.922850 
Opening P1
ITERATION 157 ------------- 
Tank 1 Level 2.922850 
Opening P1
ITERATION 158 ------------- 
Tank 1 Level 2.938054 
Opening P1
ITERATION 159 ------------- 
Tank 1 Level 2.938054 
Opening P1
ITERATION 160 ------------- 
Tank 1 Level 2.948693 
Opening P1
ITERATION 161 ------------- 
Tank 1 Level 2.948693 
Opening P1
ITERATION 162 ------------- 
Tank 1 Level 2.954755 
Opening P1
ITERATION 163 ------------- 
Tank 1 Level 2.954755 
Opening P1
ITERATION 164 ------------- 
Tank 1 Level 2.954755 
Opening P1
ITERATION 165 ------------- 
Tank 1 Level 2.954755 
Opening P1
ITERATION 166 ------------- 
Tank 1 Level 2.977500 
Opening P1
ITERATION 167 ------------- 
Tank 1 Level 2.977500 
Opening P1
ITERATION 168 ------------- 
Tank 1 Level 3.003898 
Opening P1
ITERATION 169 ------------- 
Tank 1 Level 3.003898 
Opening P1
ITERATION 170 ------------- 
Tank 1 Level 3.003898 
Opening P1
ITERATION 171 ------------- 
Tank 1 Level 3.030337 
Opening P1
ITERATION 172 ------------- 
Tank 1 Level 3.030337 
Opening P1
ITERATION 173 ------------- 
Tank 1 Level 3.056816 
Opening P1
ITERATION 174 ------------- 
Tank 1 Level 3.056816 
Opening P1
ITERATION 175 ------------- 
Tank 1 Level 3.083335 
Opening P1
ITERATION 176 ------------- 
Tank 1 Level 3.083335 
Opening P1
ITERATION 177 ------------- 
Tank 1 Level 3.109895 
Opening P1
ITERATION 178 ------------- 
Tank 1 Level 3.109895 
Opening P1
ITERATION 179 ------------- 
Tank 1 Level 3.109895 
Opening P1
ITERATION 180 ------------- 
Tank 1 Level 3.136494 
Opening P1
ITERATION 181 ------------- 
Tank 1 Level 3.136494 
Opening P1
ITERATION 182 ------------- 
Tank 1 Level 3.136494 
Opening P1
ITERATION 183 ------------- 
Tank 1 Level 3.163133 
Opening P1
ITERATION 184 ------------- 
Tank 1 Level 3.163133 
Opening P1
ITERATION 185 ------------- 
Tank 1 Level 3.189812 
Opening P1
ITERATION 186 ------------- 
Tank 1 Level 3.189812 
Opening P1
ITERATION 187 ------------- 
Tank 1 Level 3.189812 
Opening P1
ITERATION 188 ------------- 
Tank 1 Level 3.216530 
Opening P1
ITERATION 189 ------------- 
Tank 1 Level 3.216530 
Opening P1
ITERATION 190 ------------- 
Tank 1 Level 3.243287 
Opening P1
ITERATION 191 ------------- 
Tank 1 Level 3.243287 
Opening P1
ITERATION 192 ------------- 
Tank 1 Level 3.268629 
Opening P1
ITERATION 193 ------------- 
Tank 1 Level 3.268629 
Opening P1
ITERATION 194 ------------- 
Tank 1 Level 3.268629 
Opening P1
ITERATION 195 ------------- 
Tank 1 Level 3.294013 
Opening P1
ITERATION 196 ------------- 
Tank 1 Level 3.294013 
Opening P1
ITERATION 197 ------------- 
Tank 1 Level 3.319438 
Opening P1
ITERATION 198 ------------- 
Tank 1 Level 3.319438 
Opening P1
ITERATION 199 ------------- 
Tank 1 Level 3.344904 
Opening P1
ITERATION 200 ------------- 
Tank 1 Level 3.344904 
Opening P1
ITERATION 201 ------------- 
Tank 1 Level 3.370410 
Opening P1
ITERATION 202 ------------- 
Tank 1 Level 3.370410 
Opening P1
ITERATION 203 ------------- 
Tank 1 Level 3.395957 
Opening P1
ITERATION 204 ------------- 
Tank 1 Level 3.395957 
Opening P1
ITERATION 205 ------------- 
Tank 1 Level 3.395957 
Opening P1
ITERATION 206 ------------- 
Tank 1 Level 3.410949 
Opening P1
ITERATION 207 ------------- 
Tank 1 Level 3.410949 
Opening P1
ITERATION 208 ------------- 
Tank 1 Level 3.420407 
Opening P1
ITERATION 209 ------------- 
Tank 1 Level 3.420407 
Opening P1
ITERATION 210 ------------- 
Tank 1 Level 3.420407 
Opening P1
ITERATION 211 ------------- 
Tank 1 Level 3.429906 
Opening P1
ITERATION 212 ------------- 
Tank 1 Level 3.429906 
Opening P1
ITERATION 213 ------------- 
Tank 1 Level 3.439448 
Opening P1
ITERATION 214 ------------- 
Tank 1 Level 3.439448 
Opening P1
ITERATION 215 ------------- 
Tank 1 Level 3.439448 
Opening P1
ITERATION 216 ------------- 
Tank 1 Level 3.449032 
Opening P1
ITERATION 217 ------------- 
Tank 1 Level 3.449032 
Opening P1
ITERATION 218 ------------- 
Tank 1 Level 3.458657 
Opening P1
ITERATION 219 ------------- 
Tank 1 Level 3.458657 
Opening P1
ITERATION 220 ------------- 
Tank 1 Level 3.465545 
Opening P1
ITERATION 221 ------------- 
Tank 1 Level 3.465545 
Opening P1
ITERATION 222 ------------- 
Tank 1 Level 3.465545 
Opening P1
ITERATION 223 ------------- 
Tank 1 Level 3.472481 
Opening P1
ITERATION 224 ------------- 
Tank 1 Level 3.472481 
Opening P1
ITERATION 225 ------------- 
Tank 1 Level 3.479464 
Opening P1
ITERATION 226 ------------- 
Tank 1 Level 3.479464 
Opening P1
ITERATION 227 ------------- 
Tank 1 Level 3.479464 
Opening P1
ITERATION 228 ------------- 
Tank 1 Level 3.486493 
Opening P1
ITERATION 229 ------------- 
Tank 1 Level 3.486493 
Opening P1
ITERATION 230 ------------- 
Tank 1 Level 3.493570 
Opening P1
ITERATION 231 ------------- 
Tank 1 Level 3.493570 
Opening P1
ITERATION 232 ------------- 
Tank 1 Level 3.500693 
Opening P1
ITERATION 233 ------------- 
Tank 1 Level 3.500693 
Opening P1
ITERATION 234 ------------- 
Tank 1 Level 3.507862 
Opening P1
ITERATION 235 ------------- 
Tank 1 Level 3.507862 
Opening P1
ITERATION 236 ------------- 
Tank 1 Level 3.507862 
Opening P1
ITERATION 237 ------------- 
Tank 1 Level 3.515076 
Opening P1
ITERATION 238 ------------- 
Tank 1 Level 3.515076 
Opening P1
ITERATION 239 ------------- 
Tank 1 Level 3.522337 
Opening P1
ITERATION 240 ------------- 
Tank 1 Level 3.522337 
Opening P1
ITERATION 241 ------------- 
Tank 1 Level 3.529642 
Opening P1
ITERATION 242 ------------- 
Tank 1 Level 3.529642 
Opening P1
ITERATION 243 ------------- 
Tank 1 Level 3.536993 
Opening P1
ITERATION 244 ------------- 
Tank 1 Level 3.536993 
Opening P1
ITERATION 245 ------------- 
Tank 1 Level 3.536993 
Opening P1
ITERATION 246 ------------- 
Tank 1 Level 3.544389 
Opening P1
ITERATION 247 ------------- 
Tank 1 Level 3.544389 
Opening P1
ITERATION 248 ------------- 
Tank 1 Level 3.549104 
Opening P1
ITERATION 249 ------------- 
Tank 1 Level 3.549104 
Opening P1
ITERATION 250 ------------- 
Tank 1 Level 3.553868 
Opening P1
ITERATION 251 ------------- 
Tank 1 Level 3.553868 
Opening P1
ITERATION 252 ------------- 
Tank 1 Level 3.553868 
Opening P1
ITERATION 253 ------------- 
Tank 1 Level 3.558681 
Opening P1
ITERATION 254 ------------- 
Tank 1 Level 3.558681 
Opening P1
ITERATION 255 ------------- 
Tank 1 Level 3.563543 
Opening P1
ITERATION 256 ------------- 
Tank 1 Level 3.563543 
Opening P1
ITERATION 257 ------------- 
Tank 1 Level 3.568452 
Opening P1
ITERATION 258 ------------- 
Tank 1 Level 3.568452 
Opening P1
ITERATION 259 ------------- 
Tank 1 Level 3.573410 
Opening P1
ITERATION 260 ------------- 
Tank 1 Level 3.573410 
Opening P1
ITERATION 261 ------------- 
Tank 1 Level 3.573410 
Opening P1
ITERATION 262 ------------- 
Tank 1 Level 3.577580 
Opening P1
ITERATION 263 ------------- 
Tank 1 Level 3.577580 
Opening P1
ITERATION 264 ------------- 
Tank 1 Level 3.578480 
Opening P1
ITERATION 265 ------------- 
Tank 1 Level 3.578480 
Opening P1
ITERATION 266 ------------- 
Tank 1 Level 3.578480 
Opening P1
ITERATION 267 ------------- 
Tank 1 Level 3.583890 
Opening P1
ITERATION 268 ------------- 
Tank 1 Level 3.583890 
Opening P1
ITERATION 269 ------------- 
Tank 1 Level 3.589349 
Opening P1
ITERATION 270 ------------- 
Tank 1 Level 3.589349 
Opening P1
ITERATION 271 ------------- 
Tank 1 Level 3.589349 
Opening P1
ITERATION 272 ------------- 
Tank 1 Level 3.594854 
Opening P1
ITERATION 273 ------------- 
Tank 1 Level 3.594854 
Opening P1
ITERATION 274 ------------- 
Tank 1 Level 3.600407 
Opening P1
ITERATION 275 ------------- 
Tank 1 Level 3.600407 
Opening P1
ITERATION 276 ------------- 
Tank 1 Level 3.600407 
Opening P1
ITERATION 277 ------------- 
Tank 1 Level 3.606008 
Opening P1
ITERATION 278 ------------- 
Tank 1 Level 3.606008 
Opening P1
ITERATION 279 ------------- 
Tank 1 Level 3.607100 
Opening P1
ITERATION 280 ------------- 
Tank 1 Level 3.607100 
Opening P1
ITERATION 281 ------------- 
Tank 1 Level 3.608249 
Opening P1
ITERATION 282 ------------- 
Tank 1 Level 3.608249 
Opening P1
ITERATION 283 ------------- 
Tank 1 Level 3.608249 
Opening P1
ITERATION 284 ------------- 
Tank 1 Level 3.609456 
Opening P1
ITERATION 285 ------------- 
Tank 1 Level 3.609456 
Opening P1
ITERATION 286 ------------- 
Tank 1 Level 3.610719 
Opening P1
ITERATION 287 ------------- 
Tank 1 Level 3.610719 
Opening P1
ITERATION 288 ------------- 
Tank 1 Level 3.612039 
Opening P1
ITERATION 289 ------------- 
Tank 1 Level 3.612039 
Opening P1
ITERATION 290 ------------- 
Tank 1 Level 3.613414 
Opening P1
ITERATION 291 ------------- 
Tank 1 Level 3.613414 
Opening P1
ITERATION 292 ------------- 
Tank 1 Level 3.613414 
Opening P1
ITERATION 293 ------------- 
Tank 1 Level 3.614845 
Opening P1
ITERATION 294 ------------- 
Tank 1 Level 3.614845 
Opening P1
ITERATION 295 ------------- 
Tank 1 Level 3.616331 
Opening P1
ITERATION 296 ------------- 
Tank 1 Level 3.616331 
Opening P1
ITERATION 297 ------------- 
Tank 1 Level 3.616331 
Opening P1
ITERATION 298 ------------- 
Tank 1 Level 3.617872 
Opening P1
ITERATION 299 ------------- 
Tank 1 Level 3.617872 
Opening P1
ITERATION 300 ------------- 
Tank 1 Level 3.619467 
Opening P1
ITERATION 301 ------------- 
Tank 1 Level 3.619467 
Opening P1
ITERATION 302 ------------- 
Tank 1 Level 3.626888 
Opening P1
ITERATION 303 ------------- 
Tank 1 Level 3.626888 
Opening P1
ITERATION 304 ------------- 
Tank 1 Level 3.634389 
Opening P1
ITERATION 305 ------------- 
Tank 1 Level 3.634389 
Opening P1
ITERATION 306 ------------- 
Tank 1 Level 3.641180 
Opening P1
ITERATION 307 ------------- 
Tank 1 Level 3.641180 
Opening P1
ITERATION 308 ------------- 
Tank 1 Level 3.648052 
Opening P1
ITERATION 309 ------------- 
Tank 1 Level 3.648052 
Opening P1
ITERATION 310 ------------- 
Tank 1 Level 3.648052 
Opening P1
ITERATION 311 ------------- 
Tank 1 Level 3.655005 
Opening P1
ITERATION 312 ------------- 
Tank 1 Level 3.655005 
Opening P1
ITERATION 313 ------------- 
Tank 1 Level 3.655005 
Opening P1
ITERATION 314 ------------- 
Tank 1 Level 3.662038 
Opening P1
ITERATION 315 ------------- 
Tank 1 Level 3.662038 
Opening P1
ITERATION 316 ------------- 
Tank 1 Level 3.669150 
Opening P1
ITERATION 317 ------------- 
Tank 1 Level 3.669150 
Opening P1
ITERATION 318 ------------- 
Tank 1 Level 3.669150 
Opening P1
ITERATION 319 ------------- 
Tank 1 Level 3.676343 
Opening P1
ITERATION 320 ------------- 
Tank 1 Level 3.676343 
Opening P1
ITERATION 321 ------------- 
Tank 1 Level 3.683614 
Opening P1
ITERATION 322 ------------- 
Tank 1 Level 3.683614 
Opening P1
ITERATION 323 ------------- 
Tank 1 Level 3.690964 
Opening P1
ITERATION 324 ------------- 
Tank 1 Level 3.690964 
Opening P1
ITERATION 325 ------------- 
Tank 1 Level 3.690964 
Opening P1
ITERATION 326 ------------- 
Tank 1 Level 3.709170 
Opening P1
ITERATION 327 ------------- 
Tank 1 Level 3.709170 
Opening P1
ITERATION 328 ------------- 
Tank 1 Level 3.727425 
Opening P1
ITERATION 329 ------------- 
Tank 1 Level 3.727425 
Opening P1
ITERATION 330 ------------- 
Tank 1 Level 3.727425 
Opening P1
ITERATION 331 ------------- 
Tank 1 Level 3.732657 
Opening P1
ITERATION 332 ------------- 
Tank 1 Level 3.732657 
Opening P1
ITERATION 333 ------------- 
Tank 1 Level 3.737975 
Opening P1
ITERATION 334 ------------- 
Tank 1 Level 3.737975 
Opening P1
ITERATION 335 ------------- 
Tank 1 Level 3.744422 
Opening P1
ITERATION 336 ------------- 
Tank 1 Level 3.744422 
Opening P1
ITERATION 337 ------------- 
Tank 1 Level 3.744422 
Opening P1
ITERATION 338 ------------- 
Tank 1 Level 3.745184 
Opening P1
ITERATION 339 ------------- 
Tank 1 Level 3.745184 
Opening P1
ITERATION 340 ------------- 
Tank 1 Level 3.745996 
Opening P1
ITERATION 341 ------------- 
Tank 1 Level 3.745996 
Opening P1
ITERATION 342 ------------- 
Tank 1 Level 3.746859 
Opening P1
ITERATION 343 ------------- 
Tank 1 Level 3.746859 
Opening P1
ITERATION 344 ------------- 
Tank 1 Level 3.746859 
Opening P1
ITERATION 345 ------------- 
Tank 1 Level 3.747771 
Opening P1
ITERATION 346 ------------- 
Tank 1 Level 3.747771 
Opening P1
ITERATION 347 ------------- 
Tank 1 Level 3.748732 
Opening P1
ITERATION 348 ------------- 
Tank 1 Level 3.748732 
Opening P1
ITERATION 349 ------------- 
Tank 1 Level 3.749742 
Opening P1
ITERATION 350 ------------- 
Tank 1 Level 3.749742 
Opening P1
ITERATION 351 ------------- 
Tank 1 Level 3.750801 
Opening P1
ITERATION 352 ------------- 
Tank 1 Level 3.750801 
Opening P1
ITERATION 353 ------------- 
Tank 1 Level 3.750801 
Opening P1
ITERATION 354 ------------- 
Tank 1 Level 3.751908 
Opening P1
ITERATION 355 ------------- 
Tank 1 Level 3.751908 
Opening P1
ITERATION 356 ------------- 
Tank 1 Level 3.751908 
Opening P1
ITERATION 357 ------------- 
Tank 1 Level 3.753062 
Opening P1
ITERATION 358 ------------- 
Tank 1 Level 3.753062 
Opening P1
ITERATION 359 ------------- 
Tank 1 Level 3.754265 
Opening P1
ITERATION 360 ------------- 
Tank 1 Level 3.754265 
Opening P1
ITERATION 361 ------------- 
Tank 1 Level 3.755515 
Opening P1
ITERATION 362 ------------- 
Tank 1 Level 3.755515 
Opening P1
ITERATION 363 ------------- 
Tank 1 Level 3.755515 
Opening P1
ITERATION 364 ------------- 
Tank 1 Level 3.752505 
Opening P1
ITERATION 365 ------------- 
Tank 1 Level 3.752505 
Opening P1
ITERATION 366 ------------- 
Tank 1 Level 3.765040 
Opening P1
ITERATION 367 ------------- 
Tank 1 Level 3.765040 
Opening P1
ITERATION 368 ------------- 
Tank 1 Level 3.765040 
Opening P1
ITERATION 369 ------------- 
Tank 1 Level 3.777565 
Opening P1
ITERATION 370 ------------- 
Tank 1 Level 3.777565 
Opening P1
ITERATION 371 ------------- 
Tank 1 Level 3.777565 
Opening P1
ITERATION 372 ------------- 
Tank 1 Level 3.790082 
Opening P1
ITERATION 373 ------------- 
Tank 1 Level 3.790082 
Opening P1
ITERATION 374 ------------- 
Tank 1 Level 3.802589 
Opening P1
ITERATION 375 ------------- 
Tank 1 Level 3.802589 
Opening P1
ITERATION 376 ------------- 
Tank 1 Level 3.815087 
Opening P1
ITERATION 377 ------------- 
Tank 1 Level 3.815087 
Opening P1
ITERATION 378 ------------- 
Tank 1 Level 3.827576 
Opening P1
ITERATION 379 ------------- 
Tank 1 Level 3.827576 
Opening P1
ITERATION 380 ------------- 
Tank 1 Level 3.827576 
Opening P1
ITERATION 381 ------------- 
Tank 1 Level 3.840055 
Opening P1
ITERATION 382 ------------- 
Tank 1 Level 3.840055 
Opening P1
ITERATION 383 ------------- 
Tank 1 Level 3.840055 
Opening P1
ITERATION 384 ------------- 
Tank 1 Level 3.852525 
Opening P1
ITERATION 385 ------------- 
Tank 1 Level 3.852525 
Opening P1
ITERATION 386 ------------- 
Tank 1 Level 3.864986 
Opening P1
ITERATION 387 ------------- 
Tank 1 Level 3.864986 
Opening P1
ITERATION 388 ------------- 
Tank 1 Level 3.877438 
Opening P1
ITERATION 389 ------------- 
Tank 1 Level 3.877438 
Opening P1
ITERATION 390 ------------- 
Tank 1 Level 3.877438 
Opening P1
ITERATION 391 ------------- 
Tank 1 Level 3.889880 
Opening P1
ITERATION 392 ------------- 
Tank 1 Level 3.889880 
Opening P1
ITERATION 393 ------------- 
Tank 1 Level 3.905119 
Opening P1
ITERATION 394 ------------- 
Tank 1 Level 3.905119 
Opening P1
ITERATION 395 ------------- 
Tank 1 Level 3.905119 
Opening P1
ITERATION 396 ------------- 
Tank 1 Level 3.920347 
Opening P1
ITERATION 397 ------------- 
Tank 1 Level 3.920347 
Opening P1
ITERATION 398 ------------- 
Tank 1 Level 3.935563 
Opening P1
ITERATION 399 ------------- 
Tank 1 Level 3.935563 
Opening P1
ITERATION 400 ------------- 
Tank 1 Level 3.950769 
Opening P1
ITERATION 401 ------------- 
Tank 1 Level 3.950769 
Opening P1
ITERATION 402 ------------- 
Tank 1 Level 3.950769 
Opening P1
ITERATION 403 ------------- 
Tank 1 Level 3.965963 
Opening P1
ITERATION 404 ------------- 
Tank 1 Level 3.965963 
Opening P1
ITERATION 405 ------------- 
Tank 1 Level 3.981146 
Opening P1
ITERATION 406 ------------- 
Tank 1 Level 3.981146 
Opening P1
ITERATION 407 ------------- 
Tank 1 Level 3.996318 
Opening P1
ITERATION 408 ------------- 
Tank 1 Level 3.996318 
Opening P1
ITERATION 409 ------------- 
Tank 1 Level 3.996318 
Opening P1
ITERATION 410 ------------- 
Tank 1 Level 4.011479 
ITERATION 411 ------------- 
Tank 1 Level 4.011479 
ITERATION 412 ------------- 
Tank 1 Level 4.026628 
ITERATION 413 ------------- 
Tank 1 Level 4.026628 
ITERATION 414 ------------- 
Tank 1 Level 4.041767 
ITERATION 415 ------------- 
Tank 1 Level 4.041767 
ITERATION 416 ------------- 
Tank 1 Level 4.041767 
ITERATION 417 ------------- 
Tank 1 Level 4.056895 
ITERATION 418 ------------- 
Tank 1 Level 4.056895 
ITERATION 419 ------------- 
Tank 1 Level 4.072011 
ITERATION 420 ------------- 
Tank 1 Level 4.072011 
ITERATION 421 ------------- 
Tank 1 Level 4.085350 
ITERATION 422 ------------- 
Tank 1 Level 4.085350 
ITERATION 423 ------------- 
Tank 1 Level 4.098680 
ITERATION 424 ------------- 
Tank 1 Level 4.098680 
ITERATION 425 ------------- 
Tank 1 Level 4.112000 
ITERATION 426 ------------- 
Tank 1 Level 4.112000 
ITERATION 427 ------------- 
Tank 1 Level 4.125312 
ITERATION 428 ------------- 
Tank 1 Level 4.125312 
ITERATION 429 ------------- 
Tank 1 Level 4.138615 
ITERATION 430 ------------- 
Tank 1 Level 4.138615 
ITERATION 431 ------------- 
Tank 1 Level 4.138615 
ITERATION 432 ------------- 
Tank 1 Level 4.151909 
ITERATION 433 ------------- 
Tank 1 Level 4.151909 
ITERATION 434 ------------- 
Tank 1 Level 4.165195 
ITERATION 435 ------------- 
Tank 1 Level 4.165195 
ITERATION 436 ------------- 
Tank 1 Level 4.178472 
ITERATION 437 ------------- 
Tank 1 Level 4.178472 
ITERATION 438 ------------- 
Tank 1 Level 4.178472 
ITERATION 439 ------------- 
Tank 1 Level 4.191739 
ITERATION 440 ------------- 
Tank 1 Level 4.191739 
ITERATION 441 ------------- 
Tank 1 Level 4.204998 
ITERATION 442 ------------- 
Tank 1 Level 4.204998 
ITERATION 443 ------------- 
Tank 1 Level 4.218248 
ITERATION 444 ------------- 
Tank 1 Level 4.218248 
ITERATION 445 ------------- 
Tank 1 Level 4.218248 
ITERATION 446 ------------- 
Tank 1 Level 4.231490 
ITERATION 447 ------------- 
Tank 1 Level 4.231490 
ITERATION 448 ------------- 
Tank 1 Level 4.245815 
ITERATION 449 ------------- 
Tank 1 Level 4.245815 
ITERATION 450 ------------- 
Tank 1 Level 4.260130 
ITERATION 451 ------------- 
Tank 1 Level 4.260130 
ITERATION 452 ------------- 
Tank 1 Level 4.260130 
ITERATION 453 ------------- 
Tank 1 Level 4.274436 
ITERATION 454 ------------- 
Tank 1 Level 4.274436 
ITERATION 455 ------------- 
Tank 1 Level 4.288731 
ITERATION 456 ------------- 
Tank 1 Level 4.288731 
ITERATION 457 ------------- 
Tank 1 Level 4.288731 
ITERATION 458 ------------- 
Tank 1 Level 4.303016 
ITERATION 459 ------------- 
Tank 1 Level 4.303016 
ITERATION 460 ------------- 
Tank 1 Level 4.317292 
ITERATION 461 ------------- 
Tank 1 Level 4.317292 
ITERATION 462 ------------- 
Tank 1 Level 4.331557 
ITERATION 463 ------------- 
Tank 1 Level 4.331557 
ITERATION 464 ------------- 
Tank 1 Level 4.331557 
ITERATION 465 ------------- 
Tank 1 Level 4.345812 
ITERATION 466 ------------- 
Tank 1 Level 4.345812 
ITERATION 467 ------------- 
Tank 1 Level 4.360058 
ITERATION 468 ------------- 
Tank 1 Level 4.360058 
ITERATION 469 ------------- 
Tank 1 Level 4.374293 
ITERATION 470 ------------- 
Tank 1 Level 4.374293 
ITERATION 471 ------------- 
Tank 1 Level 4.374293 
ITERATION 472 ------------- 
Tank 1 Level 4.388519 
ITERATION 473 ------------- 
Tank 1 Level 4.402734 
ITERATION 474 ------------- 
Tank 1 Level 4.402734 
ITERATION 475 ------------- 
Tank 1 Level 4.402734 
ITERATION 476 ------------- 
Tank 1 Level 4.414092 
ITERATION 477 ------------- 
Tank 1 Level 4.414092 
ITERATION 478 ------------- 
Tank 1 Level 4.425441 
ITERATION 479 ------------- 
Tank 1 Level 4.425441 
ITERATION 480 ------------- 
Tank 1 Level 4.436780 
ITERATION 481 ------------- 
Tank 1 Level 4.436780 
ITERATION 482 ------------- 
Tank 1 Level 4.436780 
ITERATION 483 ------------- 
Tank 1 Level 4.448110 
ITERATION 484 ------------- 
Tank 1 Level 4.448110 
ITERATION 485 ------------- 
Tank 1 Level 4.459431 
ITERATION 486 ------------- 
Tank 1 Level 4.459431 
ITERATION 487 ------------- 
Tank 1 Level 4.459431 
ITERATION 488 ------------- 
Tank 1 Level 4.470742 
ITERATION 489 ------------- 
Tank 1 Level 4.470742 
ITERATION 490 ------------- 
Tank 1 Level 4.482044 
ITERATION 491 ------------- 
Tank 1 Level 4.482044 
ITERATION 492 ------------- 
Tank 1 Level 4.493338 
ITERATION 493 ------------- 
Tank 1 Level 4.493338 
ITERATION 494 ------------- 
Tank 1 Level 4.493338 
ITERATION 495 ------------- 
Tank 1 Level 4.504621 
Closing P2
ITERATION 496 ------------- 
Tank 1 Level 4.504621 
Closing P2
ITERATION 497 ------------- 
Tank 1 Level 4.515896 
Closing P2
ITERATION 498 ------------- 
Tank 1 Level 4.515896 
Closing P2
ITERATION 499 ------------- 
Tank 1 Level 4.515896 
Closing P2
ITERATION 500 ------------- 
Tank 1 Level 4.527161 
Closing P2
ITERATION 501 ------------- 
Tank 1 Level 4.527161 
Closing P2
ITERATION 502 ------------- 
Tank 1 Level 4.510944 
Closing P2
ITERATION 503 ------------- 
Tank 1 Level 4.510944 
Closing P2
ITERATION 504 ------------- 
Tank 1 Level 4.498256 
ITERATION 505 ------------- 
Tank 1 Level 4.498256 
ITERATION 506 ------------- 
Tank 1 Level 4.485579 
ITERATION 507 ------------- 
Tank 1 Level 4.485579 
ITERATION 508 ------------- 
Tank 1 Level 4.485579 
ITERATION 509 ------------- 
Tank 1 Level 4.472914 
ITERATION 510 ------------- 
Tank 1 Level 4.472914 
ITERATION 511 ------------- 
Tank 1 Level 4.460261 
ITERATION 512 ------------- 
Tank 1 Level 4.460261 
ITERATION 513 ------------- 
Tank 1 Level 4.455204 
ITERATION 514 ------------- 
Tank 1 Level 4.455204 
ITERATION 515 ------------- 
Tank 1 Level 4.455204 
ITERATION 516 ------------- 
Tank 1 Level 4.447649 
ITERATION 517 ------------- 
Tank 1 Level 4.447649 
ITERATION 518 ------------- 
Tank 1 Level 4.435064 
ITERATION 519 ------------- 
Tank 1 Level 4.435064 
ITERATION 520 ------------- 
Tank 1 Level 4.422490 
ITERATION 521 ------------- 
Tank 1 Level 4.422490 
ITERATION 522 ------------- 
Tank 1 Level 4.422490 
ITERATION 523 ------------- 
Tank 1 Level 4.409927 
ITERATION 524 ------------- 
Tank 1 Level 4.409927 
ITERATION 525 ------------- 
Tank 1 Level 4.409927 
ITERATION 526 ------------- 
Tank 1 Level 4.397376 
ITERATION 527 ------------- 
Tank 1 Level 4.397376 
ITERATION 528 ------------- 
Tank 1 Level 4.384836 
ITERATION 529 ------------- 
Tank 1 Level 4.384836 
ITERATION 530 ------------- 
Tank 1 Level 4.372307 
ITERATION 531 ------------- 
Tank 1 Level 4.372307 
ITERATION 532 ------------- 
Tank 1 Level 4.359789 
ITERATION 533 ------------- 
Tank 1 Level 4.359789 
ITERATION 534 ------------- 
Tank 1 Level 4.344137 
ITERATION 535 ------------- 
Tank 1 Level 4.344137 
ITERATION 536 ------------- 
Tank 1 Level 4.344137 
ITERATION 537 ------------- 
Tank 1 Level 4.328499 
ITERATION 538 ------------- 
Tank 1 Level 4.328499 
ITERATION 539 ------------- 
Tank 1 Level 4.312876 
ITERATION 540 ------------- 
Tank 1 Level 4.312876 
ITERATION 541 ------------- 
Tank 1 Level 4.297268 
ITERATION 542 ------------- 
Tank 1 Level 4.297268 
ITERATION 543 ------------- 
Tank 1 Level 4.297268 
ITERATION 544 ------------- 
Tank 1 Level 4.250137 
ITERATION 545 ------------- 
Tank 1 Level 4.250137 
ITERATION 546 ------------- 
Tank 1 Level 4.250137 
ITERATION 547 ------------- 
Tank 1 Level 4.203117 
ITERATION 548 ------------- 
Tank 1 Level 4.203117 
ITERATION 549 ------------- 
Tank 1 Level 4.156208 
ITERATION 550 ------------- 
Tank 1 Level 4.156208 
ITERATION 551 ------------- 
Tank 1 Level 4.109410 
ITERATION 552 ------------- 
Tank 1 Level 4.109410 
ITERATION 553 ------------- 
Tank 1 Level 4.109410 
ITERATION 554 ------------- 
Tank 1 Level 4.062722 
ITERATION 555 ------------- 
Tank 1 Level 4.062722 
ITERATION 556 ------------- 
Tank 1 Level 4.017665 
ITERATION 557 ------------- 
Tank 1 Level 4.017665 
ITERATION 558 ------------- 
Tank 1 Level 3.972744 
Opening P1
ITERATION 559 ------------- 
Tank 1 Level 3.972744 
Opening P1
ITERATION 560 ------------- 
Tank 1 Level 3.972744 
Opening P1
ITERATION 561 ------------- 
Tank 1 Level 3.927959 
Opening P1
ITERATION 562 ------------- 
Tank 1 Level 3.927959 
Opening P1
ITERATION 563 ------------- 
Tank 1 Level 3.927959 
Opening P1
ITERATION 564 ------------- 
Tank 1 Level 3.884020 
Opening P1
ITERATION 565 ------------- 
Tank 1 Level 3.884020 
Opening P1
ITERATION 566 ------------- 
Tank 1 Level 3.840216 
Opening P1
ITERATION 567 ------------- 
Tank 1 Level 3.840216 
Opening P1
ITERATION 568 ------------- 
Tank 1 Level 3.796546 
Opening P1
ITERATION 569 ------------- 
Tank 1 Level 3.796546 
Opening P1
ITERATION 570 ------------- 
Tank 1 Level 3.796546 
Opening P1
ITERATION 571 ------------- 
Tank 1 Level 3.753010 
Opening P1
ITERATION 572 ------------- 
Tank 1 Level 3.753010 
Opening P1
ITERATION 573 ------------- 
Tank 1 Level 3.709608 
Opening P1
ITERATION 574 ------------- 
Tank 1 Level 3.709608 
Opening P1
ITERATION 575 ------------- 
Tank 1 Level 3.666339 
Opening P1
ITERATION 576 ------------- 
Tank 1 Level 3.666339 
Opening P1
ITERATION 577 ------------- 
Tank 1 Level 3.666339 
Opening P1
ITERATION 578 ------------- 
Tank 1 Level 3.623204 
Opening P1
ITERATION 579 ------------- 
Tank 1 Level 3.623204 
Opening P1
ITERATION 580 ------------- 
Tank 1 Level 3.580203 
Opening P1
ITERATION 581 ------------- 
Tank 1 Level 3.580203 
Opening P1
ITERATION 582 ------------- 
Tank 1 Level 3.537334 
Opening P1
ITERATION 583 ------------- 
Tank 1 Level 3.537334 
Opening P1
ITERATION 584 ------------- 
Tank 1 Level 3.494599 
Opening P1
ITERATION 585 ------------- 
Tank 1 Level 3.494599 
Opening P1
ITERATION 586 ------------- 
Tank 1 Level 3.451996 
Opening P1
ITERATION 587 ------------- 
Tank 1 Level 3.451996 
Opening P1
ITERATION 588 ------------- 
Tank 1 Level 3.409526 
Opening P1
ITERATION 589 ------------- 
Tank 1 Level 3.409526 
Opening P1
ITERATION 590 ------------- 
Tank 1 Level 3.409526 
Opening P1
ITERATION 591 ------------- 
Tank 1 Level 3.364873 
Opening P1
ITERATION 592 ------------- 
Tank 1 Level 3.364873 
Opening P1
ITERATION 593 ------------- 
Tank 1 Level 3.320354 
Opening P1
ITERATION 594 ------------- 
Tank 1 Level 3.320354 
Opening P1
ITERATION 595 ------------- 
Tank 1 Level 3.320354 
Opening P1
ITERATION 596 ------------- 
Tank 1 Level 3.275968 
Opening P1
ITERATION 597 ------------- 
Tank 1 Level 3.275968 
Opening P1
ITERATION 598 ------------- 
Tank 1 Level 3.231715 
Opening P1
ITERATION 599 ------------- 
Tank 1 Level 3.231715 
Opening P1
ITERATION 600 ------------- 
Tank 1 Level 3.231715 
Opening P1
ITERATION 601 ------------- 
Tank 1 Level 3.187595 
Opening P1
ITERATION 602 ------------- 
Tank 1 Level 3.187595 
Opening P1
ITERATION 603 ------------- 
Tank 1 Level 3.143608 
Opening P1
ITERATION 604 ------------- 
Tank 1 Level 3.143608 
Opening P1
ITERATION 605 ------------- 
Tank 1 Level 3.098800 
Opening P1
ITERATION 606 ------------- 
Tank 1 Level 3.098800 
Opening P1
ITERATION 607 ------------- 
Tank 1 Level 3.054106 
Opening P1
ITERATION 608 ------------- 
Tank 1 Level 3.054106 
Opening P1
ITERATION 609 ------------- 
Tank 1 Level 3.054106 
Opening P1
ITERATION 610 ------------- 
Tank 1 Level 3.009525 
Opening P1
ITERATION 611 ------------- 
Tank 1 Level 3.009525 
Opening P1
ITERATION 612 ------------- 
Tank 1 Level 2.965058 
Opening P1
ITERATION 613 ------------- 
Tank 1 Level 2.965058 
Opening P1
ITERATION 614 ------------- 
Tank 1 Level 2.965058 
Opening P1
ITERATION 615 ------------- 
Tank 1 Level 2.920704 
Opening P1
ITERATION 616 ------------- 
Tank 1 Level 2.920704 
Opening P1
ITERATION 617 ------------- 
Tank 1 Level 2.881183 
Opening P1
ITERATION 618 ------------- 
Tank 1 Level 2.881183 
Opening P1
ITERATION 619 ------------- 
Tank 1 Level 2.876680 
Opening P1
ITERATION 620 ------------- 
Tank 1 Level 2.876680 
Opening P1
ITERATION 621 ------------- 
Tank 1 Level 2.876680 
Opening P1
ITERATION 622 ------------- 
Tank 1 Level 2.876680 
Opening P1
ITERATION 623 ------------- 
Tank 1 Level 2.876680 
Opening P1
ITERATION 624 ------------- 
Tank 1 Level 2.876680 
Opening P1
ITERATION 625 ------------- 
Tank 1 Level 2.876680 
Opening P1
ITERATION 626 ------------- 
Tank 1 Level 2.876680 
Opening P1
ITERATION 627 ------------- 
Tank 1 Level 2.876680 
Opening P1
ITERATION 628 ------------- 
Tank 1 Level 2.876680 
Opening P1
ITERATION 629 ------------- 
Tank 1 Level 2.876680 
Opening P1
ITERATION 630 ------------- 
Tank 1 Level 2.873608 
Opening P1
ITERATION 631 ------------- 
Tank 1 Level 2.873608 
Opening P1
ITERATION 632 ------------- 
Tank 1 Level 2.844433 
Opening P1
ITERATION 633 ------------- 
Tank 1 Level 2.844433 
Opening P1
ITERATION 634 ------------- 
Tank 1 Level 2.844433 
Opening P1
ITERATION 635 ------------- 
Tank 1 Level 2.812810 
Opening P1
ITERATION 636 ------------- 
Tank 1 Level 2.812810 
Opening P1
ITERATION 637 ------------- 
Tank 1 Level 2.781284 
Opening P1
ITERATION 638 ------------- 
Tank 1 Level 2.781284 
Opening P1
ITERATION 639 ------------- 
Tank 1 Level 2.781284 
Opening P1
ITERATION 640 ------------- 
Tank 1 Level 2.749856 
Opening P1
ITERATION 641 ------------- 
Tank 1 Level 2.749856 
Opening P1
ITERATION 642 ------------- 
Tank 1 Level 2.718523 
Opening P1
ITERATION 643 ------------- 
Tank 1 Level 2.718523 
Opening P1
ITERATION 644 ------------- 
Tank 1 Level 2.687287 
Opening P1
ITERATION 645 ------------- 
Tank 1 Level 2.687287 
Opening P1
ITERATION 646 ------------- 
Tank 1 Level 2.687287 
Opening P1
ITERATION 647 ------------- 
Tank 1 Level 2.656147 
Opening P1
ITERATION 648 ------------- 
Tank 1 Level 2.656147 
Opening P1
ITERATION 649 ------------- 
Tank 1 Level 2.656147 
Opening P1
ITERATION 650 ------------- 
Tank 1 Level 2.625103 
Opening P1
ITERATION 651 ------------- 
Tank 1 Level 2.625103 
Opening P1
ITERATION 652 ------------- 
Tank 1 Level 2.594154 
Opening P1
ITERATION 653 ------------- 
Tank 1 Level 2.594154 
Opening P1
ITERATION 654 ------------- 
Tank 1 Level 2.563301 
Opening P1
ITERATION 655 ------------- 
Tank 1 Level 2.563301 
Opening P1
ITERATION 656 ------------- 
Tank 1 Level 2.532543 
Opening P1
ITERATION 657 ------------- 
Tank 1 Level 2.532543 
Opening P1
ITERATION 658 ------------- 
Tank 1 Level 2.532543 
Opening P1
ITERATION 659 ------------- 
Tank 1 Level 2.501879 
Opening P1
ITERATION 660 ------------- 
Tank 1 Level 2.501879 
Opening P1
ITERATION 661 ------------- 
Tank 1 Level 2.473347 
Opening P1
ITERATION 662 ------------- 
Tank 1 Level 2.473347 
Opening P1
ITERATION 663 ------------- 
Tank 1 Level 2.473347 
Opening P1
ITERATION 664 ------------- 
Tank 1 Level 2.444910 
Opening P1
ITERATION 665 ------------- 
Tank 1 Level 2.444910 
Opening P1
ITERATION 666 ------------- 
Tank 1 Level 2.416567 
Opening P1
ITERATION 667 ------------- 
Tank 1 Level 2.416567 
Opening P1
ITERATION 668 ------------- 
Tank 1 Level 2.388318 
Opening P1
ITERATION 669 ------------- 
Tank 1 Level 2.388318 
Opening P1
ITERATION 670 ------------- 
Tank 1 Level 2.388318 
Opening P1
ITERATION 671 ------------- 
Tank 1 Level 2.360163 
Opening P1
ITERATION 672 ------------- 
Tank 1 Level 2.360163 
Opening P1
ITERATION 673 ------------- 
Tank 1 Level 2.332102 
Opening P1
ITERATION 674 ------------- 
Tank 1 Level 2.332102 
Opening P1
ITERATION 675 ------------- 
Tank 1 Level 2.304134 
Opening P1
ITERATION 676 ------------- 
Tank 1 Level 2.304134 
Opening P1
ITERATION 677 ------------- 
Tank 1 Level 2.276259 
Opening P1
ITERATION 678 ------------- 
Tank 1 Level 2.276259 
Opening P1
ITERATION 679 ------------- 
Tank 1 Level 2.248478 
Opening P1
ITERATION 680 ------------- 
Tank 1 Level 2.248478 
Opening P1
ITERATION 681 ------------- 
Tank 1 Level 2.220789 
Opening P1
ITERATION 682 ------------- 
Tank 1 Level 2.220789 
Opening P1
ITERATION 683 ------------- 
Tank 1 Level 2.220789 
Opening P1
ITERATION 684 ------------- 
Tank 1 Level 2.193192 
Opening P1
ITERATION 685 ------------- 
Tank 1 Level 2.193192 
Opening P1
ITERATION 686 ------------- 
Tank 1 Level 2.167079 
Opening P1
ITERATION 687 ------------- 
Tank 1 Level 2.167079 
Opening P1
ITERATION 688 ------------- 
Tank 1 Level 2.142426 
Opening P1
ITERATION 689 ------------- 
Tank 1 Level 2.142426 
Opening P1
ITERATION 690 ------------- 
Tank 1 Level 2.142426 
Opening P1
ITERATION 691 ------------- 
Tank 1 Level 2.117884 
Opening P1
ITERATION 692 ------------- 
Tank 1 Level 2.117884 
Opening P1
ITERATION 693 ------------- 
Tank 1 Level 2.093454 
Opening P1
ITERATION 694 ------------- 
Tank 1 Level 2.093454 
Opening P1
ITERATION 695 ------------- 
Tank 1 Level 2.093454 
Opening P1
DEBUG plc1 shutdown
plc1
Stopping Tcp dump process on PLC...
Stopping PLC...
