DEBUG get_query: SELECT value FROM ctown WHERE name = ? AND pid = ?
DEBUG set_query: UPDATE ctown SET value = ? WHERE name = ? AND pid = ?
DEBUG EnipProtocol server addr:  192.168.1.1
DEBUG: concatenating server address with default port.
DEBUG enip server tags_string:  T5:1=REAL T7:1=REAL PU8:1=REAL PU10:1=REAL PU11:1=REAL ATT_1:1=REAL ATT_2:1=REAL 
DEBUG enip _start_server cmd:  ['/usr/bin/python', '-m', 'cpppo.server.enip', '--print', '--log', 'logs/protocols_tests_enip_server', '--address', '192.168.1.1:44818', 'T5:1=REAL', 'T7:1=REAL', 'PU8:1=REAL', 'PU10:1=REAL', 'PU11:1=REAL', 'ATT_1:1=REAL', 'ATT_2:1=REAL']
DEBUG: plc5 enters pre_loop
ITERATION 1 ------------- 
T5 Level 1.000000 
T7 Level 2.500000 
Opening PU8
ITERATION 2 ------------- 
T5 Level 1.000000 
T7 Level 2.500000 
Opening PU8
ITERATION 3 ------------- 
T5 Level 1.000000 
T7 Level 2.500000 
Opening PU8
ITERATION 4 ------------- 
T5 Level 0.951080 
T7 Level 2.385125 
Opening PU8
Opening PU10
ITERATION 5 ------------- 
T5 Level 0.951080 
T7 Level 2.270536 
Opening PU8
Opening PU10
ITERATION 6 ------------- 
T5 Level 1.005361 
T7 Level 2.156233 
Opening PU8
Opening PU10
ITERATION 7 ------------- 
T5 Level 1.059622 
T7 Level 2.203060 
Opening PU8
Opening PU10
ITERATION 8 ------------- 
T5 Level 1.107855 
T7 Level 2.203060 
Opening PU8
Opening PU10
ITERATION 9 ------------- 
T5 Level 1.156065 
T7 Level 2.249794 
Opening PU8
Opening PU10
ITERATION 10 ------------- 
T5 Level 1.156065 
T7 Level 2.294560 
Opening PU8
Opening PU10
ITERATION 11 ------------- 
T5 Level 1.202851 
T7 Level 2.339203 
Opening PU8
Opening PU10
ITERATION 12 ------------- 
T5 Level 1.249591 
T7 Level 2.383724 
Opening PU8
Opening PU10
ITERATION 13 ------------- 
T5 Level 1.296283 
T7 Level 2.383724 
Opening PU8
Opening PU10
ITERATION 14 ------------- 
T5 Level 1.342928 
T7 Level 2.428123 
Opening PU8
Opening PU10
ITERATION 15 ------------- 
T5 Level 1.389526 
T7 Level 2.472400 
Opening PU8
Opening PU10
ITERATION 16 ------------- 
T5 Level 1.389526 
T7 Level 2.516556 
Opening PU8
ITERATION 17 ------------- 
T5 Level 1.436077 
T7 Level 2.560592 
Opening PU8
ITERATION 18 ------------- 
T5 Level 1.482581 
T7 Level 2.560592 
Opening PU8
ITERATION 19 ------------- 
T5 Level 1.537070 
T7 Level 2.621093 
ITERATION 20 ------------- 
T5 Level 1.591507 
T7 Level 2.681434 
ITERATION 21 ------------- 
T5 Level 1.591507 
T7 Level 2.741616 
ITERATION 22 ------------- 
T5 Level 1.645894 
T7 Level 2.741616 
ITERATION 23 ------------- 
T5 Level 1.700230 
T7 Level 2.801640 
ITERATION 24 ------------- 
T5 Level 1.700230 
T7 Level 2.861507 
ITERATION 25 ------------- 
T5 Level 1.754515 
T7 Level 2.861507 
ITERATION 26 ------------- 
T5 Level 1.808750 
T7 Level 2.921217 
ITERATION 27 ------------- 
T5 Level 1.862934 
T7 Level 2.980771 
ITERATION 28 ------------- 
T5 Level 1.862934 
T7 Level 3.015024 
Closing PU11
ITERATION 29 ------------- 
T5 Level 1.894150 
T7 Level 3.015024 
Closing PU11
ITERATION 30 ------------- 
T5 Level 1.917159 
T7 Level 3.051326 
Closing PU11
ITERATION 31 ------------- 
T5 Level 1.971490 
T7 Level 3.137010 
Closing PU11
ITERATION 32 ------------- 
T5 Level 1.971490 
T7 Level 3.222531 
Closing PU11
ITERATION 33 ------------- 
T5 Level 2.025773 
T7 Level 3.222531 
Closing PU11
ITERATION 34 ------------- 
T5 Level 2.080006 
T7 Level 3.307892 
Closing PU11
ITERATION 35 ------------- 
T5 Level 2.134190 
T7 Level 3.393091 
Closing PU11
ITERATION 36 ------------- 
T5 Level 2.134190 
T7 Level 3.481276 
Closing PU11
ITERATION 37 ------------- 
T5 Level 2.191175 
T7 Level 3.481276 
Closing PU11
ITERATION 38 ------------- 
T5 Level 2.248110 
T7 Level 3.569297 
Closing PU11
ITERATION 39 ------------- 
T5 Level 2.304994 
T7 Level 3.657154 
Closing PU11
ITERATION 40 ------------- 
T5 Level 2.304994 
T7 Level 3.744848 
Closing PU11
ITERATION 41 ------------- 
T5 Level 2.361828 
T7 Level 3.744848 
Closing PU11
ITERATION 42 ------------- 
T5 Level 2.418612 
T7 Level 3.832378 
Closing PU11
ITERATION 43 ------------- 
T5 Level 2.418612 
T7 Level 3.919745 
Closing PU11
ITERATION 44 ------------- 
T5 Level 2.475345 
T7 Level 4.006949 
Closing PU11
ITERATION 45 ------------- 
T5 Level 2.532028 
T7 Level 4.006949 
Closing PU11
ITERATION 46 ------------- 
T5 Level 2.588661 
T7 Level 4.093991 
Closing PU11
ITERATION 47 ------------- 
T5 Level 2.588661 
T7 Level 4.180871 
Closing PU11
ITERATION 48 ------------- 
T5 Level 2.645244 
T7 Level 4.180871 
Closing PU11
ITERATION 49 ------------- 
T5 Level 2.701777 
T7 Level 4.267588 
Closing PU11
ITERATION 50 ------------- 
T5 Level 2.701777 
T7 Level 4.354145 
Closing PU11
ITERATION 51 ------------- 
T5 Level 2.758260 
T7 Level 4.440540 
Closing PU11
ITERATION 52 ------------- 
T5 Level 2.814692 
T7 Level 4.440540 
Closing PU11
ITERATION 53 ------------- 
T5 Level 2.881157 
T7 Level 4.556851 
Closing PU11
ITERATION 54 ------------- 
T5 Level 2.881157 
T7 Level 4.672958 
Closing PU11
ITERATION 55 ------------- 
T5 Level 2.947566 
T7 Level 4.672958 
Closing PU11
ITERATION 56 ------------- 
T5 Level 3.013919 
T7 Level 4.788861 
Closing PU11
ITERATION 57 ------------- 
T5 Level 3.080218 
T7 Level 4.904559 
Closing PU10
Closing PU11
ITERATION 58 ------------- 
T5 Level 3.080218 
T7 Level 5.000034 
Closing PU10
Closing PU11
ITERATION 59 ------------- 
T5 Level 3.134979 
T7 Level 5.000034 
Closing PU10
Closing PU11
ITERATION 60 ------------- 
T5 Level 3.134979 
T7 Level 5.000034 
Closing PU10
Closing PU11
ITERATION 61 ------------- 
T5 Level 3.146933 
T7 Level 4.925706 
Closing PU10
Closing PU11
ITERATION 62 ------------- 
T5 Level 3.217749 
T7 Level 4.851693 
Closing PU10
Closing PU11
ITERATION 63 ------------- 
T5 Level 3.288509 
T7 Level 4.851693 
Closing PU10
Closing PU11
ITERATION 64 ------------- 
T5 Level 3.359215 
T7 Level 4.777989 
Closing PU11
ITERATION 65 ------------- 
T5 Level 3.359215 
T7 Level 4.704590 
Closing PU11
ITERATION 66 ------------- 
T5 Level 3.429865 
T7 Level 4.631490 
Closing PU11
ITERATION 67 ------------- 
T5 Level 3.500461 
T7 Level 4.558684 
Closing PU11
ITERATION 68 ------------- 
T5 Level 3.571001 
T7 Level 4.558684 
Closing PU11
ITERATION 69 ------------- 
T5 Level 3.641487 
T7 Level 4.486169 
Closing PU11
ITERATION 70 ------------- 
T5 Level 3.641487 
T7 Level 4.486169 
Closing PU11
ITERATION 71 ------------- 
T5 Level 3.641487 
T7 Level 4.486169 
Closing PU11
ITERATION 72 ------------- 
T5 Level 3.641487 
T7 Level 4.486169 
Closing PU11
ITERATION 73 ------------- 
T5 Level 3.641487 
T7 Level 4.486169 
Closing PU11
ITERATION 74 ------------- 
T5 Level 3.641487 
T7 Level 4.486169 
Closing PU11
ITERATION 75 ------------- 
T5 Level 3.641487 
T7 Level 4.416106 
Closing PU11
ITERATION 76 ------------- 
T5 Level 3.707011 
T7 Level 4.413948 
Closing PU11
ITERATION 77 ------------- 
T5 Level 3.709040 
T7 Level 4.413948 
Closing PU11
ITERATION 78 ------------- 
T5 Level 3.776694 
T7 Level 4.342000 
Closing PU11
ITERATION 79 ------------- 
T5 Level 3.776694 
T7 Level 4.270329 
Closing PU11
ITERATION 80 ------------- 
T5 Level 3.844301 
T7 Level 4.198932 
Closing PU11
ITERATION 81 ------------- 
T5 Level 3.911863 
T7 Level 4.198932 
Closing PU11
ITERATION 82 ------------- 
T5 Level 3.979380 
T7 Level 4.127804 
Closing PU11
ITERATION 83 ------------- 
T5 Level 3.979380 
T7 Level 4.056942 
Closing PU11
ITERATION 84 ------------- 
T5 Level 4.046851 
T7 Level 3.986342 
Closing PU11
ITERATION 85 ------------- 
T5 Level 4.114276 
T7 Level 3.986342 
Closing PU11
ITERATION 86 ------------- 
T5 Level 4.181656 
T7 Level 3.916001 
Closing PU11
ITERATION 87 ------------- 
T5 Level 4.248991 
T7 Level 3.845915 
Closing PU11
ITERATION 88 ------------- 
T5 Level 4.248991 
T7 Level 3.776081 
Closing PU11
ITERATION 89 ------------- 
T5 Level 4.316280 
T7 Level 3.706496 
Closing PU11
ITERATION 90 ------------- 
T5 Level 4.383729 
T7 Level 3.706496 
Closing PU11
ITERATION 91 ------------- 
T5 Level 4.451136 
T7 Level 3.637156 
Closing PU11
ITERATION 92 ------------- 
T5 Level 4.500032 
T7 Level 3.584782 
Closing PU8
Closing PU11
ITERATION 93 ------------- 
T5 Level 4.500032 
T7 Level 3.565785 
Closing PU8
Closing PU11
ITERATION 94 ------------- 
T5 Level 4.500032 
T7 Level 3.565785 
Closing PU8
Closing PU11
ITERATION 95 ------------- 
T5 Level 4.500032 
T7 Level 3.565785 
Closing PU8
Closing PU11
ITERATION 96 ------------- 
T5 Level 4.500032 
T7 Level 3.494611 
Closing PU8
Closing PU11
ITERATION 97 ------------- 
T5 Level 4.469817 
T7 Level 3.423677 
Closing PU11
ITERATION 98 ------------- 
T5 Level 4.469817 
T7 Level 3.352982 
Closing PU11
ITERATION 99 ------------- 
T5 Level 4.439601 
T7 Level 3.352982 
Closing PU11
ITERATION 100 ------------- 
T5 Level 4.409386 
T7 Level 3.282523 
Closing PU11
ITERATION 101 ------------- 
T5 Level 4.409386 
T7 Level 3.212296 
Closing PU11
ITERATION 102 ------------- 
T5 Level 4.379171 
T7 Level 3.142300 
Closing PU11
ITERATION 103 ------------- 
T5 Level 4.348956 
T7 Level 3.142300 
Closing PU11
ITERATION 104 ------------- 
T5 Level 4.318740 
T7 Level 3.072532 
Closing PU11
ITERATION 105 ------------- 
T5 Level 4.318740 
T7 Level 3.002989 
Closing PU11
ITERATION 106 ------------- 
T5 Level 4.288525 
T7 Level 2.933668 
ITERATION 107 ------------- 
T5 Level 4.258309 
T7 Level 2.933668 
ITERATION 108 ------------- 
T5 Level 4.228094 
T7 Level 2.864567 
ITERATION 109 ------------- 
T5 Level 4.228094 
T7 Level 2.864567 
ITERATION 110 ------------- 
T5 Level 4.197879 
T7 Level 2.795684 
ITERATION 111 ------------- 
T5 Level 4.164306 
T7 Level 2.703087 
ITERATION 112 ------------- 
T5 Level 4.164306 
T7 Level 2.610753 
ITERATION 113 ------------- 
T5 Level 4.130734 
T7 Level 2.518678 
ITERATION 114 ------------- 
T5 Level 4.097161 
T7 Level 2.426862 
Opening PU10
ITERATION 115 ------------- 
T5 Level 4.063589 
T7 Level 2.426862 
Opening PU10
ITERATION 116 ------------- 
T5 Level 4.030016 
T7 Level 2.335302 
Opening PU10
ITERATION 117 ------------- 
T5 Level 4.030016 
T7 Level 2.243994 
Opening PU10
ITERATION 118 ------------- 
T5 Level 3.996444 
T7 Level 2.243994 
Opening PU10
ITERATION 119 ------------- 
T5 Level 3.962871 
T7 Level 2.318748 
Opening PU10
ITERATION 120 ------------- 
T5 Level 3.929298 
T7 Level 2.392983 
Opening PU10
ITERATION 121 ------------- 
T5 Level 3.929298 
T7 Level 2.467053 
Opening PU10
ITERATION 122 ------------- 
T5 Level 3.895726 
T7 Level 2.467053 
Opening PU10
ITERATION 123 ------------- 
T5 Level 3.862153 
T7 Level 2.540958 
ITERATION 124 ------------- 
T5 Level 3.828581 
T7 Level 2.614698 
ITERATION 125 ------------- 
T5 Level 3.828581 
T7 Level 2.688276 
ITERATION 126 ------------- 
T5 Level 3.795008 
T7 Level 2.688276 
ITERATION 127 ------------- 
T5 Level 3.748966 
T7 Level 2.759972 
ITERATION 128 ------------- 
T5 Level 3.748966 
T7 Level 2.831506 
ITERATION 129 ------------- 
T5 Level 3.702923 
T7 Level 2.831506 
ITERATION 130 ------------- 
T5 Level 3.656881 
T7 Level 2.902879 
ITERATION 131 ------------- 
T5 Level 3.656881 
T7 Level 2.974092 
ITERATION 132 ------------- 
T5 Level 3.610838 
T7 Level 3.045145 
Closing PU11
ITERATION 133 ------------- 
T5 Level 3.564796 
T7 Level 3.045145 
Closing PU11
ITERATION 134 ------------- 
T5 Level 3.518754 
T7 Level 3.116039 
Closing PU11
ITERATION 135 ------------- 
T5 Level 3.472711 
T7 Level 3.186775 
Closing PU11
ITERATION 136 ------------- 
T5 Level 3.472711 
T7 Level 3.257353 
Closing PU11
ITERATION 137 ------------- 
T5 Level 3.426669 
T7 Level 3.327774 
Closing PU11
ITERATION 138 ------------- 
T5 Level 3.380626 
T7 Level 3.327774 
Closing PU11
ITERATION 139 ------------- 
T5 Level 3.334584 
T7 Level 3.398039 
Closing PU11
ITERATION 140 ------------- 
T5 Level 3.334584 
T7 Level 3.468148 
Closing PU11
ITERATION 141 ------------- 
T5 Level 3.288542 
T7 Level 3.468148 
Closing PU11
ITERATION 142 ------------- 
T5 Level 3.242499 
T7 Level 3.538101 
Closing PU11
ITERATION 143 ------------- 
T5 Level 3.188783 
T7 Level 3.577034 
Closing PU11
ITERATION 144 ------------- 
T5 Level 3.188783 
T7 Level 3.615889 
Closing PU11
ITERATION 145 ------------- 
T5 Level 3.135067 
T7 Level 3.615889 
Closing PU11
ITERATION 146 ------------- 
T5 Level 3.081351 
T7 Level 3.654666 
Closing PU11
ITERATION 147 ------------- 
T5 Level 3.027635 
T7 Level 3.693365 
Closing PU11
ITERATION 148 ------------- 
T5 Level 3.027635 
T7 Level 3.731987 
Closing PU11
ITERATION 149 ------------- 
T5 Level 2.973919 
T7 Level 3.731987 
Closing PU11
ITERATION 150 ------------- 
T5 Level 2.920202 
T7 Level 3.770533 
Closing PU11
ITERATION 151 ------------- 
T5 Level 2.875439 
T7 Level 3.802590 
Closing PU11
ITERATION 152 ------------- 
T5 Level 2.875439 
T7 Level 3.813285 
Closing PU11
ITERATION 153 ------------- 
T5 Level 2.866486 
T7 Level 3.813285 
Closing PU11
ITERATION 154 ------------- 
T5 Level 2.812770 
T7 Level 3.877438 
Closing PU11
ITERATION 155 ------------- 
T5 Level 2.812770 
T7 Level 3.941484 
Closing PU11
ITERATION 156 ------------- 
T5 Level 2.759054 
T7 Level 3.941484 
Closing PU11
ITERATION 157 ------------- 
T5 Level 2.705338 
T7 Level 4.005426 
Closing PU11
ITERATION 158 ------------- 
T5 Level 2.705338 
T7 Level 4.069262 
Closing PU11
ITERATION 159 ------------- 
T5 Level 2.651622 
T7 Level 4.069262 
Closing PU11
ITERATION 160 ------------- 
T5 Level 2.597906 
T7 Level 4.132994 
Closing PU11
ITERATION 161 ------------- 
T5 Level 2.597906 
T7 Level 4.172888 
Closing PU11
ITERATION 162 ------------- 
T5 Level 2.541072 
T7 Level 4.172888 
Closing PU11
ITERATION 163 ------------- 
T5 Level 2.484239 
T7 Level 4.212711 
Closing PU11
ITERATION 164 ------------- 
T5 Level 2.427405 
T7 Level 4.252462 
Closing PU11
ITERATION 165 ------------- 
T5 Level 2.427405 
T7 Level 4.292143 
Closing PU11
ITERATION 166 ------------- 
T5 Level 2.370571 
T7 Level 4.331753 
Closing PU11
ITERATION 167 ------------- 
T5 Level 2.313738 
T7 Level 4.331753 
Closing PU11
ITERATION 168 ------------- 
T5 Level 2.256904 
T7 Level 4.371292 
Closing PU11
ITERATION 169 ------------- 
T5 Level 2.256904 
T7 Level 4.410761 
Closing PU11
ITERATION 170 ------------- 
T5 Level 2.200071 
T7 Level 4.450160 
Closing PU11
ITERATION 171 ------------- 
T5 Level 2.143237 
T7 Level 4.450160 
Closing PU11
ITERATION 172 ------------- 
T5 Level 2.143237 
T7 Level 4.489489 
Closing PU11
ITERATION 173 ------------- 
T5 Level 2.086404 
T7 Level 4.528748 
Closing PU11
ITERATION 174 ------------- 
T5 Level 2.029570 
T7 Level 4.568212 
Closing PU11
ITERATION 175 ------------- 
T5 Level 1.972736 
T7 Level 4.568212 
Closing PU11
ITERATION 176 ------------- 
T5 Level 1.915903 
T7 Level 4.607618 
Closing PU11
ITERATION 177 ------------- 
T5 Level 1.849717 
T7 Level 4.640034 
Closing PU11
ITERATION 178 ------------- 
T5 Level 1.783531 
T7 Level 4.672405 
Closing PU11
ITERATION 179 ------------- 
T5 Level 1.783531 
T7 Level 4.704731 
Closing PU11
ITERATION 180 ------------- 
T5 Level 1.717345 
T7 Level 4.704731 
Closing PU11
ITERATION 181 ------------- 
T5 Level 1.651159 
T7 Level 4.737013 
Closing PU11
ITERATION 182 ------------- 
T5 Level 1.651159 
T7 Level 4.769250 
Closing PU11
ITERATION 183 ------------- 
T5 Level 1.584973 
T7 Level 4.769250 
Closing PU11
ITERATION 184 ------------- 
T5 Level 1.518787 
T7 Level 4.801443 
Closing PU10
Closing PU11
ITERATION 185 ------------- 
T5 Level 1.518787 
T7 Level 4.833592 
Closing PU10
Closing PU11
ITERATION 186 ------------- 
T5 Level 1.452601 
T7 Level 4.833592 
Opening PU8
Closing PU10
Closing PU11
ITERATION 187 ------------- 
T5 Level 1.386415 
T7 Level 4.865697 
Opening PU8
Closing PU10
Closing PU11
ITERATION 188 ------------- 
T5 Level 1.320229 
T7 Level 4.704980 
Opening PU8
Closing PU11
ITERATION 189 ------------- 
T5 Level 1.320229 
T7 Level 4.544648 
Opening PU8
Closing PU11
ITERATION 190 ------------- 
T5 Level 1.254043 
T7 Level 4.544648 
Opening PU8
Closing PU11
ITERATION 191 ------------- 
T5 Level 1.291276 
T7 Level 4.384699 
Opening PU8
Closing PU11
ITERATION 192 ------------- 
T5 Level 1.291276 
T7 Level 4.225130 
Opening PU8
Closing PU11
ITERATION 193 ------------- 
T5 Level 1.328485 
T7 Level 4.054296 
Opening PU8
Closing PU11
ITERATION 194 ------------- 
T5 Level 1.364634 
T7 Level 4.054296 
Opening PU8
Closing PU11
ITERATION 195 ------------- 
T5 Level 1.400633 
T7 Level 3.883850 
Opening PU8
Closing PU11
ITERATION 196 ------------- 
T5 Level 1.436604 
T7 Level 3.713790 
Opening PU8
Closing PU11
ITERATION 197 ------------- 
T5 Level 1.436604 
T7 Level 3.544114 
Opening PU8
Closing PU11
ITERATION 198 ------------- 
T5 Level 1.472546 
T7 Level 3.544114 
Opening PU8
Closing PU11
ITERATION 199 ------------- 
T5 Level 1.508459 
T7 Level 3.374820 
Closing PU11
ITERATION 200 ------------- 
T5 Level 1.508459 
T7 Level 3.205905 
Closing PU11
ITERATION 201 ------------- 
T5 Level 1.544344 
T7 Level 3.037369 
Closing PU11
ITERATION 202 ------------- 
T5 Level 1.580201 
T7 Level 3.037369 
Closing PU11
ITERATION 203 ------------- 
T5 Level 1.616029 
T7 Level 2.869209 
ITERATION 204 ------------- 
T5 Level 1.616029 
T7 Level 2.701424 
ITERATION 205 ------------- 
T5 Level 1.651829 
T7 Level 2.701424 
ITERATION 206 ------------- 
T5 Level 1.687601 
T7 Level 2.534011 
ITERATION 207 ------------- 
T5 Level 1.687601 
T7 Level 2.366971 
Opening PU10
ITERATION 208 ------------- 
T5 Level 1.723344 
T7 Level 2.200300 
Opening PU10
ITERATION 209 ------------- 
T5 Level 1.759060 
T7 Level 2.200300 
Opening PU10
ITERATION 210 ------------- 
T5 Level 1.791995 
T7 Level 2.028958 
Opening PU10
ITERATION 211 ------------- 
T5 Level 1.791995 
T7 Level 2.025046 
Opening PU10
ITERATION 212 ------------- 
T5 Level 1.819873 
T7 Level 2.025046 
Opening PU10
ITERATION 213 ------------- 
T5 Level 1.847738 
T7 Level 2.021200 
Opening PU10
ITERATION 214 ------------- 
T5 Level 1.847738 
T7 Level 2.017420 
Opening PU10
ITERATION 215 ------------- 
T5 Level 1.875589 
T7 Level 2.017420 
Opening PU10
ITERATION 216 ------------- 
T5 Level 1.903425 
T7 Level 2.013706 
Opening PU10
ITERATION 217 ------------- 
T5 Level 1.931247 
T7 Level 2.010058 
Opening PU10
ITERATION 218 ------------- 
T5 Level 1.931247 
T7 Level 2.006475 
Opening PU10
ITERATION 219 ------------- 
T5 Level 1.959054 
T7 Level 2.002957 
Opening PU10
ITERATION 220 ------------- 
T5 Level 1.986848 
T7 Level 2.002957 
Opening PU10
ITERATION 221 ------------- 
T5 Level 2.014627 
T7 Level 1.999503 
Opening PU10
ITERATION 222 ------------- 
T5 Level 2.014627 
T7 Level 1.996113 
Opening PU10
ITERATION 223 ------------- 
T5 Level 2.042392 
T7 Level 1.992787 
Opening PU10
ITERATION 224 ------------- 
T5 Level 2.070143 
T7 Level 1.992787 
Opening PU10
ITERATION 225 ------------- 
T5 Level 2.097880 
T7 Level 1.989524 
Opening PU10
ITERATION 226 ------------- 
T5 Level 2.097880 
T7 Level 1.986172 
Opening PU10
ITERATION 227 ------------- 
T5 Level 2.132176 
T7 Level 1.986172 
Opening PU10
ITERATION 228 ------------- 
T5 Level 2.166455 
T7 Level 1.982886 
Opening PU10
ITERATION 229 ------------- 
T5 Level 2.166455 
T7 Level 1.979667 
Opening PU10
ITERATION 230 ------------- 
T5 Level 2.200716 
T7 Level 1.979667 
Opening PU10
ITERATION 231 ------------- 
T5 Level 2.234959 
T7 Level 1.976512 
Opening PU10
ITERATION 232 ------------- 
T5 Level 2.269185 
T7 Level 1.973423 
Opening PU10
ITERATION 233 ------------- 
T5 Level 2.269185 
T7 Level 1.970399 
Opening PU10
ITERATION 234 ------------- 
T5 Level 2.303393 
T7 Level 1.967438 
Opening PU10
ITERATION 235 ------------- 
T5 Level 2.337584 
T7 Level 1.967438 
Opening PU10
ITERATION 236 ------------- 
T5 Level 2.371757 
T7 Level 1.964541 
Opening PU10
ITERATION 237 ------------- 
T5 Level 2.371757 
T7 Level 1.961708 
Opening PU10
ITERATION 238 ------------- 
T5 Level 2.405912 
T7 Level 1.958938 
Opening PU10
ITERATION 239 ------------- 
T5 Level 2.440049 
T7 Level 1.958938 
Opening PU10
ITERATION 240 ------------- 
T5 Level 2.474169 
T7 Level 1.956231 
Opening PU10
ITERATION 241 ------------- 
T5 Level 2.474169 
T7 Level 1.953586 
Opening PU10
ITERATION 242 ------------- 
T5 Level 2.508272 
T7 Level 1.960220 
Opening PU10
ITERATION 243 ------------- 
T5 Level 2.542226 
T7 Level 1.966878 
Opening PU10
ITERATION 244 ------------- 
T5 Level 2.576161 
T7 Level 1.966878 
Opening PU10
ITERATION 245 ------------- 
T5 Level 2.610079 
T7 Level 1.973558 
Opening PU10
ITERATION 246 ------------- 
T5 Level 2.610079 
T7 Level 1.980261 
Opening PU10
ITERATION 247 ------------- 
T5 Level 2.643977 
T7 Level 1.986986 
Opening PU10
ITERATION 248 ------------- 
T5 Level 2.677857 
T7 Level 1.986986 
Opening PU10
ITERATION 249 ------------- 
T5 Level 2.711719 
T7 Level 1.993734 
Opening PU10
ITERATION 250 ------------- 
T5 Level 2.711719 
T7 Level 2.000504 
Opening PU10
ITERATION 251 ------------- 
T5 Level 2.745563 
T7 Level 2.007296 
Opening PU10
ITERATION 252 ------------- 
T5 Level 2.779388 
T7 Level 2.007296 
Opening PU10
ITERATION 253 ------------- 
T5 Level 2.813195 
T7 Level 2.014110 
Opening PU10
ITERATION 254 ------------- 
T5 Level 2.846983 
T7 Level 2.020945 
Opening PU10
ITERATION 255 ------------- 
T5 Level 2.846983 
T7 Level 2.027802 
Opening PU10
ITERATION 256 ------------- 
T5 Level 2.880753 
T7 Level 2.027802 
Opening PU10
ITERATION 257 ------------- 
T5 Level 2.914504 
T7 Level 2.034681 
Opening PU10
ITERATION 258 ------------- 
T5 Level 2.914504 
T7 Level 2.048598 
Opening PU10
ITERATION 259 ------------- 
T5 Level 2.942872 
T7 Level 2.062511 
Opening PU10
ITERATION 260 ------------- 
T5 Level 2.971227 
T7 Level 2.062511 
Opening PU10
ITERATION 261 ------------- 
T5 Level 2.999570 
T7 Level 2.076420 
Opening PU10
ITERATION 262 ------------- 
T5 Level 3.027900 
T7 Level 2.090325 
Opening PU10
ITERATION 263 ------------- 
T5 Level 3.027900 
T7 Level 2.104226 
Opening PU10
ITERATION 264 ------------- 
T5 Level 3.056217 
T7 Level 2.104226 
Opening PU10
ITERATION 265 ------------- 
T5 Level 3.084521 
T7 Level 2.118123 
Opening PU10
ITERATION 266 ------------- 
T5 Level 3.112813 
T7 Level 2.132017 
Opening PU10
ITERATION 267 ------------- 
T5 Level 3.112813 
T7 Level 2.145906 
Opening PU10
ITERATION 268 ------------- 
T5 Level 3.141092 
T7 Level 2.145906 
Opening PU10
ITERATION 269 ------------- 
T5 Level 3.169358 
T7 Level 2.159792 
Opening PU10
ITERATION 270 ------------- 
T5 Level 3.169358 
T7 Level 2.173674 
Opening PU10
ITERATION 271 ------------- 
T5 Level 3.197612 
T7 Level 2.187552 
Opening PU10
ITERATION 272 ------------- 
T5 Level 3.225852 
T7 Level 2.187552 
Opening PU10
ITERATION 273 ------------- 
T5 Level 3.254081 
T7 Level 2.201427 
Opening PU10
ITERATION 274 ------------- 
T5 Level 3.277404 
T7 Level 2.185739 
Opening PU10
ITERATION 275 ------------- 
T5 Level 3.277404 
T7 Level 2.170167 
Opening PU10
ITERATION 276 ------------- 
T5 Level 3.300715 
T7 Level 2.154711 
Opening PU10
ITERATION 277 ------------- 
T5 Level 3.324015 
T7 Level 2.154711 
Opening PU10
ITERATION 278 ------------- 
T5 Level 3.347303 
T7 Level 2.139369 
Opening PU10
ITERATION 279 ------------- 
T5 Level 3.347303 
T7 Level 2.124142 
Opening PU10
ITERATION 280 ------------- 
T5 Level 3.370579 
T7 Level 2.109028 
Opening PU10
ITERATION 281 ------------- 
T5 Level 3.393843 
T7 Level 2.109028 
Opening PU10
ITERATION 282 ------------- 
T5 Level 3.417096 
T7 Level 2.094027 
Opening PU10
ITERATION 283 ------------- 
T5 Level 3.417096 
T7 Level 2.079137 
Opening PU10
ITERATION 284 ------------- 
T5 Level 3.440336 
T7 Level 2.079137 
Opening PU10
ITERATION 285 ------------- 
T5 Level 3.463566 
T7 Level 2.064359 
Opening PU10
ITERATION 286 ------------- 
T5 Level 3.463566 
T7 Level 2.049691 
Opening PU10
ITERATION 287 ------------- 
T5 Level 3.486783 
T7 Level 2.035133 
Opening PU10
ITERATION 288 ------------- 
T5 Level 3.509989 
T7 Level 2.035133 
Opening PU10
ITERATION 289 ------------- 
T5 Level 3.532345 
T7 Level 2.019794 
Opening PU10
ITERATION 290 ------------- 
T5 Level 3.555588 
T7 Level 2.004822 
Opening PU10
ITERATION 291 ------------- 
T5 Level 3.555588 
T7 Level 1.989942 
Opening PU10
ITERATION 292 ------------- 
T5 Level 3.578801 
T7 Level 1.989942 
Opening PU10
ITERATION 293 ------------- 
T5 Level 3.601984 
T7 Level 1.975152 
Opening PU10
ITERATION 294 ------------- 
T5 Level 3.625135 
T7 Level 1.960453 
Opening PU10
ITERATION 295 ------------- 
T5 Level 3.625135 
T7 Level 1.954609 
Opening PU10
ITERATION 296 ------------- 
T5 Level 3.634384 
T7 Level 1.954609 
Opening PU10
ITERATION 297 ------------- 
T5 Level 3.648268 
T7 Level 1.948581 
Opening PU10
ITERATION 298 ------------- 
T5 Level 3.671389 
T7 Level 1.938538 
Opening PU10
ITERATION 299 ------------- 
T5 Level 3.671389 
T7 Level 1.928500 
Opening PU10
ITERATION 300 ------------- 
T5 Level 3.694479 
T7 Level 1.928500 
Opening PU10
ITERATION 301 ------------- 
T5 Level 3.717538 
T7 Level 1.918468 
Opening PU10
ITERATION 302 ------------- 
T5 Level 3.717538 
T7 Level 1.908442 
Opening PU10
ITERATION 303 ------------- 
T5 Level 3.740567 
T7 Level 1.908442 
Opening PU10
ITERATION 304 ------------- 
T5 Level 3.763565 
T7 Level 1.898421 
Opening PU10
ITERATION 305 ------------- 
T5 Level 3.786533 
T7 Level 1.888406 
Opening PU10
ITERATION 306 ------------- 
T5 Level 3.786533 
T7 Level 1.878396 
Opening PU10
ITERATION 307 ------------- 
T5 Level 3.809470 
T7 Level 1.878396 
Opening PU10
ITERATION 308 ------------- 
T5 Level 3.828456 
T7 Level 1.890260 
Opening PU10
ITERATION 309 ------------- 
T5 Level 3.828456 
T7 Level 1.902081 
Opening PU10
ITERATION 310 ------------- 
T5 Level 3.847414 
T7 Level 1.913857 
Opening PU10
ITERATION 311 ------------- 
T5 Level 3.866344 
T7 Level 1.913857 
Opening PU10
ITERATION 312 ------------- 
T5 Level 3.885245 
T7 Level 1.925590 
Opening PU10
ITERATION 313 ------------- 
T5 Level 3.885245 
T7 Level 1.932117 
Opening PU10
ITERATION 314 ------------- 
T5 Level 3.901277 
T7 Level 1.932117 
Opening PU10
ITERATION 315 ------------- 
T5 Level 3.917269 
T7 Level 1.938586 
Opening PU10
ITERATION 316 ------------- 
T5 Level 3.933220 
T7 Level 1.944996 
Opening PU10
ITERATION 317 ------------- 
T5 Level 3.933220 
T7 Level 1.951349 
Opening PU10
ITERATION 318 ------------- 
T5 Level 3.949132 
T7 Level 1.951349 
Opening PU10
ITERATION 319 ------------- 
T5 Level 3.965004 
T7 Level 1.957645 
Opening PU10
ITERATION 320 ------------- 
T5 Level 3.981034 
T7 Level 1.964241 
Opening PU10
ITERATION 321 ------------- 
T5 Level 3.981034 
T7 Level 1.970787 
Opening PU10
ITERATION 322 ------------- 
T5 Level 3.997027 
T7 Level 1.970787 
Opening PU10
ITERATION 323 ------------- 
T5 Level 4.012985 
T7 Level 1.977282 
Opening PU10
ITERATION 324 ------------- 
T5 Level 4.012985 
T7 Level 1.966729 
Opening PU10
ITERATION 325 ------------- 
T5 Level 4.032072 
T7 Level 1.956162 
Opening PU10
ITERATION 326 ------------- 
T5 Level 4.051120 
T7 Level 1.956162 
Opening PU10
ITERATION 327 ------------- 
T5 Level 4.070129 
T7 Level 1.945583 
Opening PU10
ITERATION 328 ------------- 
T5 Level 4.070129 
T7 Level 1.934990 
Opening PU10
ITERATION 329 ------------- 
T5 Level 4.089099 
T7 Level 1.924385 
Opening PU10
ITERATION 330 ------------- 
T5 Level 4.108030 
T7 Level 1.924385 
Opening PU10
ITERATION 331 ------------- 
T5 Level 4.108030 
T7 Level 1.913766 
Opening PU10
ITERATION 332 ------------- 
T5 Level 4.126923 
T7 Level 1.903135 
Opening PU10
ITERATION 333 ------------- 
T5 Level 4.145777 
T7 Level 1.903135 
Opening PU10
ITERATION 334 ------------- 
T5 Level 4.164593 
T7 Level 1.892492 
Opening PU10
ITERATION 335 ------------- 
T5 Level 4.183370 
T7 Level 1.881836 
Opening PU10
ITERATION 336 ------------- 
T5 Level 4.183370 
T7 Level 1.871168 
Opening PU10
ITERATION 337 ------------- 
T5 Level 4.202108 
T7 Level 1.860487 
Opening PU10
ITERATION 338 ------------- 
T5 Level 4.220809 
T7 Level 1.860487 
Opening PU10
ITERATION 339 ------------- 
T5 Level 4.239471 
T7 Level 1.849795 
Opening PU10
ITERATION 340 ------------- 
T5 Level 4.261675 
T7 Level 1.832688 
Opening PU10
ITERATION 341 ------------- 
T5 Level 4.261675 
T7 Level 1.832688 
Opening PU10
ITERATION 342 ------------- 
T5 Level 4.283836 
T7 Level 1.815581 
Opening PU10
ITERATION 343 ------------- 
T5 Level 4.305954 
T7 Level 1.798475 
Opening PU10
ITERATION 344 ------------- 
T5 Level 4.305954 
T7 Level 1.781370 
Opening PU10
ITERATION 345 ------------- 
T5 Level 4.328030 
T7 Level 1.781370 
Opening PU10
ITERATION 346 ------------- 
T5 Level 4.350063 
T7 Level 1.764266 
Opening PU10
ITERATION 347 ------------- 
T5 Level 4.372053 
T7 Level 1.747162 
Opening PU10
ITERATION 348 ------------- 
T5 Level 4.372053 
T7 Level 1.729840 
Opening PU10
ITERATION 349 ------------- 
T5 Level 4.393880 
T7 Level 1.729840 
Opening PU10
ITERATION 350 ------------- 
T5 Level 4.415662 
T7 Level 1.712540 
Opening PU10
ITERATION 351 ------------- 
T5 Level 4.437399 
T7 Level 1.695337 
Opening PU10
ITERATION 352 ------------- 
T5 Level 4.437399 
T7 Level 1.678229 
Opening PU10
ITERATION 353 ------------- 
T5 Level 4.459092 
T7 Level 1.661214 
Opening PU10
ITERATION 354 ------------- 
T5 Level 4.480740 
T7 Level 1.661214 
Opening PU10
ITERATION 355 ------------- 
T5 Level 4.500039 
T7 Level 1.646095 
Closing PU8
Opening PU10
ITERATION 356 ------------- 
T5 Level 4.500039 
T7 Level 1.644474 
Closing PU8
Opening PU10
ITERATION 357 ------------- 
T5 Level 4.500039 
T7 Level 1.644474 
Closing PU8
Opening PU10
ITERATION 358 ------------- 
T5 Level 4.500039 
T7 Level 1.644474 
Closing PU8
Opening PU10
ITERATION 359 ------------- 
T5 Level 4.500039 
T7 Level 1.644474 
Closing PU8
Opening PU10
ITERATION 360 ------------- 
T5 Level 4.500039 
T7 Level 1.644474 
Closing PU8
Opening PU10
ITERATION 361 ------------- 
T5 Level 4.500039 
T7 Level 1.644474 
Closing PU8
Opening PU10
ITERATION 362 ------------- 
T5 Level 4.500039 
T7 Level 1.645347 
Closing PU8
Opening PU10
ITERATION 363 ------------- 
T5 Level 4.500039 
T7 Level 1.645347 
Closing PU8
Opening PU10
ITERATION 364 ------------- 
T5 Level 4.440030 
T7 Level 1.673368 
Opening PU10
ITERATION 365 ------------- 
T5 Level 4.440030 
T7 Level 1.703739 
Opening PU10
ITERATION 366 ------------- 
T5 Level 4.374804 
T7 Level 1.734017 
Opening PU10
ITERATION 367 ------------- 
T5 Level 4.309577 
T7 Level 1.734017 
Opening PU10
ITERATION 368 ------------- 
T5 Level 4.244350 
T7 Level 1.764203 
Opening PU10
ITERATION 369 ------------- 
T5 Level 4.244350 
T7 Level 1.794296 
Opening PU10
ITERATION 370 ------------- 
T5 Level 4.179123 
T7 Level 1.824296 
Opening PU10
ITERATION 371 ------------- 
T5 Level 4.113896 
T7 Level 1.824296 
Opening PU10
ITERATION 372 ------------- 
T5 Level 4.048670 
T7 Level 1.854205 
Opening PU10
ITERATION 373 ------------- 
T5 Level 4.048670 
T7 Level 1.884022 
Opening PU10
ITERATION 374 ------------- 
T5 Level 3.983443 
T7 Level 1.884022 
Opening PU10
ITERATION 375 ------------- 
T5 Level 3.918216 
T7 Level 1.913747 
Opening PU10
ITERATION 376 ------------- 
T5 Level 3.852989 
T7 Level 1.943380 
Opening PU10
ITERATION 377 ------------- 
T5 Level 3.852989 
T7 Level 1.972923 
Opening PU10
ITERATION 378 ------------- 
T5 Level 3.787763 
T7 Level 1.972923 
Opening PU10
ITERATION 379 ------------- 
T5 Level 3.722536 
T7 Level 2.002374 
Opening PU10
ITERATION 380 ------------- 
T5 Level 3.722536 
T7 Level 2.013300 
Opening PU10
ITERATION 381 ------------- 
T5 Level 3.649636 
T7 Level 2.024173 
Opening PU10
ITERATION 382 ------------- 
T5 Level 3.576735 
T7 Level 2.024173 
Opening PU10
ITERATION 383 ------------- 
T5 Level 3.503835 
T7 Level 2.034992 
Opening PU10
ITERATION 384 ------------- 
T5 Level 3.503835 
T7 Level 2.045760 
Opening PU10
ITERATION 385 ------------- 
T5 Level 3.430934 
T7 Level 2.045760 
Opening PU10
ITERATION 386 ------------- 
T5 Level 3.358034 
T7 Level 2.056475 
Opening PU10
ITERATION 387 ------------- 
T5 Level 3.285133 
T7 Level 2.067139 
Opening PU10
ITERATION 388 ------------- 
T5 Level 3.285133 
T7 Level 2.077750 
Opening PU10
ITERATION 389 ------------- 
T5 Level 3.212233 
T7 Level 2.088309 
Opening PU10
ITERATION 390 ------------- 
T5 Level 3.139333 
T7 Level 2.088309 
Opening PU10
ITERATION 391 ------------- 
T5 Level 3.066432 
T7 Level 2.098817 
Opening PU10
ITERATION 392 ------------- 
T5 Level 2.993531 
T7 Level 2.109273 
Opening PU10
ITERATION 393 ------------- 
T5 Level 2.993531 
T7 Level 2.119678 
Opening PU10
ITERATION 394 ------------- 
T5 Level 2.920631 
T7 Level 2.119678 
Opening PU10
ITERATION 395 ------------- 
T5 Level 2.847731 
T7 Level 2.130247 
Opening PU10
ITERATION 396 ------------- 
T5 Level 2.789218 
T7 Level 2.173521 
Opening PU10
ITERATION 397 ------------- 
T5 Level 2.789218 
T7 Level 2.216688 
Opening PU10
ITERATION 398 ------------- 
T5 Level 2.730706 
T7 Level 2.216688 
Opening PU10
ITERATION 399 ------------- 
T5 Level 2.672194 
T7 Level 2.259749 
Opening PU10
DEBUG plc5 shutdown
plc5
Stopping Tcp dump process on PLC...
Stopping PLC...
